
Program started at 09:31:40
Operating System Name: Linux
Operating System Version: #14~24.04.1-Ubuntu SMP Thu Apr 24 17:41:03 UTC 2025
System Architecture: ('64bit', 'ELF')
Computer Type: x86_64
Computer Name: fv-az1391-839
Processor Type: x86_64
Python Version: 3.12.10
Python Interpreter Name: CPython
[09:31:40] Start geting CN Bing Wallpaper
[09:31:40] Successful get url: https://www.bing.com/th?id=OHR.ButterflyTurtle_ZH-CN5706515924_UHD.jpg
[09:31:40] Image saved to img/background.jpg
[09:31:40] Info saved to README.md
[09:31:40] Image saved to history/2025/05/23.md
[09:31:40] Start geting global Bing Wallpaper, region=en-US, local time is 2025-05-23 05:31:40.563596-04:00
[09:31:40] Successful get url: https://www.bing.com/th?id=OHR.ButterflyTurtle_EN-US4083359630_UHD.jpg
[09:31:40] Picture infomations saved to  global/en-US/README.md
[09:31:40] Picture infomations saved to global/en-US/history/2025/05/24_en-US.md
[09:31:40] Start geting global Bing Wallpaper, region=ja-JP, local time is 2025-05-23 18:31:40.651674+09:00
[09:31:40] Successful get url: https://www.bing.com/th?id=OHR.ButterflyTurtle_JA-JP8547745457_UHD.jpg
[09:31:40] Picture infomations saved to  global/ja-JP/README.md
[09:31:40] Picture infomations saved to global/ja-JP/history/2025/05/23_ja-JP.md
[09:31:40] Start geting global Bing Wallpaper, region=en-IN, local time is 2025-05-23 15:01:40.727256+05:30
[09:31:40] Successful get url: https://www.bing.com/th?id=OHR.ButterflyTurtle_EN-IN7378269591_UHD.jpg
[09:31:40] Picture infomations saved to  global/en-IN/README.md
[09:31:40] Picture infomations saved to global/en-IN/history/2025/05/23_en-IN.md
[09:31:40] Start geting global Bing Wallpaper, region=pt-BR, local time is 2025-05-23 06:31:40.801866-03:00
[09:31:40] Successful get url: https://www.bing.com/th?id=OHR.ButterflyTurtle_PT-BR4108571272_UHD.jpg
[09:31:40] Picture infomations saved to  global/pt-BR/README.md
[09:31:40] Picture infomations saved to global/pt-BR/history/2025/05/24_pt-BR.md
[09:31:40] Start geting global Bing Wallpaper, region=fr-FR, local time is 2025-05-23 11:31:40.871344+02:00
[09:31:40] Successful get url: https://www.bing.com/th?id=OHR.ButterflyTurtle_FR-FR7508748446_UHD.jpg
[09:31:40] Picture infomations saved to  global/fr-FR/README.md
[09:31:40] Picture infomations saved to global/fr-FR/history/2025/05/23_fr-FR.md
[09:31:40] Start geting global Bing Wallpaper, region=de-DE, local time is 2025-05-23 11:31:40.954601+02:00
[09:31:40] Successful get url: https://www.bing.com/th?id=OHR.ButterflyTurtle_DE-DE3016646216_UHD.jpg
[09:31:41] Picture infomations saved to  global/de-DE/README.md
[09:31:41] Picture infomations saved to global/de-DE/history/2025/05/23_de-DE.md
[09:31:41] Start geting global Bing Wallpaper, region=en-CA, local time is 2025-05-23 05:31:41.035088-04:00
[09:31:41] Successful get url: https://www.bing.com/th?id=OHR.ButterflyTurtle_EN-CA4244988896_UHD.jpg
[09:31:41] Picture infomations saved to  global/en-CA/README.md
[09:31:41] Picture infomations saved to global/en-CA/history/2025/05/24_en-CA.md
[09:31:41] Start geting global Bing Wallpaper, region=en-GB, local time is 2025-05-23 10:31:41.107484+01:00
[09:31:41] Successful get url: https://www.bing.com/th?id=OHR.ButterflyTurtle_EN-GB1506456980_UHD.jpg
[09:31:41] Picture infomations saved to  global/en-GB/README.md
[09:31:41] Picture infomations saved to global/en-GB/history/2025/05/23_en-GB.md
[09:31:41] Start geting global Bing Wallpaper, region=it-IT, local time is 2025-05-23 11:31:41.207069+02:00
[09:31:41] Successful get url: https://www.bing.com/th?id=OHR.ButterflyTurtle_IT-IT7843435777_UHD.jpg
[09:31:41] Picture infomations saved to  global/it-IT/README.md
[09:31:41] Picture infomations saved to global/it-IT/history/2025/05/23_it-IT.md
[09:31:41] Start geting global Bing Wallpaper, region=es-ES, local time is 2025-05-23 11:31:41.313896+02:00
[09:31:41] Successful get url: https://www.bing.com/th?id=OHR.ButterflyTurtle_ES-ES7080957238_UHD.jpg
[09:31:41] Picture infomations saved to  global/es-ES/README.md
[09:31:41] Picture infomations saved to global/es-ES/history/2025/05/23_es-ES.md
[09:31:41] Start geting global Bing Wallpaper, region=fr-CA, local time is 2025-05-23 05:31:41.400338-04:00
[09:31:41] Successful get url: https://www.bing.com/th?id=OHR.ButterflyTurtle_FR-CA3115454913_UHD.jpg
[09:31:41] Picture infomations saved to  global/fr-CA/README.md
[09:31:41] Picture infomations saved to global/fr-CA/history/2025/05/24_fr-CA.md
Program exit at 09:31:41
