
Program started at 09:27:24
Operating System Name: Linux
Operating System Version: #13~24.04.1-Ubuntu SMP Fri Mar 28 23:43:34 UTC 2025
System Architecture: ('64bit', 'ELF')
Computer Type: x86_64
Computer Name: fv-az1361-359
Processor Type: x86_64
Python Version: 3.12.10
Python Interpreter Name: CPython
[09:27:24] Start geting CN Bing Wallpaper
[09:27:24] Successful get url: https://www.bing.com/th?id=OHR.Castildetierra_ZH-CN6042529770_UHD.jpg
[09:27:24] Image saved to img/background.jpg
[09:27:24] Info saved to README.md
[09:27:24] Image saved to history/2025/05/10.md
[09:27:24] Start geting global Bing Wallpaper, region=en-US, local time is 2025-05-10 05:27:24.544278-04:00
[09:27:24] Successful get url: https://www.bing.com/th?id=OHR.MinnesotaRotunda_EN-US6605011856_UHD.jpg
[09:27:24] Picture infomations saved to  global/en-US/README.md
[09:27:24] Picture infomations saved to global/en-US/history/2025/05/11_en-US.md
[09:27:24] Start geting global Bing Wallpaper, region=ja-JP, local time is 2025-05-10 18:27:24.626403+09:00
[09:27:24] Successful get url: https://www.bing.com/th?id=OHR.MinnesotaRotunda_JA-JP1387558437_UHD.jpg
[09:27:24] Picture infomations saved to  global/ja-JP/README.md
[09:27:24] Picture infomations saved to global/ja-JP/history/2025/05/10_ja-JP.md
[09:27:24] Start geting global Bing Wallpaper, region=en-IN, local time is 2025-05-10 14:57:24.724988+05:30
[09:27:24] Successful get url: https://www.bing.com/th?id=OHR.MinnesotaRotunda_EN-IN5291862812_UHD.jpg
[09:27:24] Picture infomations saved to  global/en-IN/README.md
[09:27:24] Picture infomations saved to global/en-IN/history/2025/05/10_en-IN.md
[09:27:24] Start geting global Bing Wallpaper, region=pt-BR, local time is 2025-05-10 06:27:24.827966-03:00
[09:27:24] Successful get url: https://www.bing.com/th?id=OHR.MinnesotaRotunda_PT-BR2639700452_UHD.jpg
[09:27:24] Picture infomations saved to  global/pt-BR/README.md
[09:27:24] Picture infomations saved to global/pt-BR/history/2025/05/11_pt-BR.md
[09:27:24] Start geting global Bing Wallpaper, region=fr-FR, local time is 2025-05-10 11:27:24.903138+02:00
[09:27:24] Successful get url: https://www.bing.com/th?id=OHR.MinnesotaRotunda_FR-FR7400861841_UHD.jpg
[09:27:25] Picture infomations saved to  global/fr-FR/README.md
[09:27:25] Picture infomations saved to global/fr-FR/history/2025/05/10_fr-FR.md
[09:27:25] Start geting global Bing Wallpaper, region=de-DE, local time is 2025-05-10 11:27:25.039226+02:00
[09:27:25] Successful get url: https://www.bing.com/th?id=OHR.HeidelbergSpring_DE-DE1255336849_UHD.jpg
[09:27:25] Picture infomations saved to  global/de-DE/README.md
[09:27:25] Picture infomations saved to global/de-DE/history/2025/05/10_de-DE.md
[09:27:25] Start geting global Bing Wallpaper, region=en-CA, local time is 2025-05-10 05:27:25.127358-04:00
[09:27:25] Successful get url: https://www.bing.com/th?id=OHR.MinnesotaRotunda_EN-CA2092943439_UHD.jpg
[09:27:25] Picture infomations saved to  global/en-CA/README.md
[09:27:25] Picture infomations saved to global/en-CA/history/2025/05/11_en-CA.md
[09:27:25] Start geting global Bing Wallpaper, region=en-GB, local time is 2025-05-10 10:27:25.237489+01:00
[09:27:25] Successful get url: https://www.bing.com/th?id=OHR.MinnesotaRotunda_EN-GB8105337991_UHD.jpg
[09:27:25] Picture infomations saved to  global/en-GB/README.md
[09:27:25] Picture infomations saved to global/en-GB/history/2025/05/10_en-GB.md
[09:27:25] Start geting global Bing Wallpaper, region=it-IT, local time is 2025-05-10 11:27:25.321224+02:00
[09:27:25] Successful get url: https://www.bing.com/th?id=OHR.MinnesotaRotunda_IT-IT5434409102_UHD.jpg
[09:27:25] Picture infomations saved to  global/it-IT/README.md
[09:27:25] Picture infomations saved to global/it-IT/history/2025/05/10_it-IT.md
[09:27:25] Start geting global Bing Wallpaper, region=es-ES, local time is 2025-05-10 11:27:25.430342+02:00
[09:27:25] Successful get url: https://www.bing.com/th?id=OHR.MinnesotaRotunda_ES-ES1077273863_UHD.jpg
[09:27:25] Picture infomations saved to  global/es-ES/README.md
[09:27:25] Picture infomations saved to global/es-ES/history/2025/05/10_es-ES.md
[09:27:25] Start geting global Bing Wallpaper, region=fr-CA, local time is 2025-05-10 05:27:25.521847-04:00
[09:27:25] Successful get url: https://www.bing.com/th?id=OHR.MinnesotaRotunda_FR-CA0618783883_UHD.jpg
[09:27:25] Picture infomations saved to  global/fr-CA/README.md
[09:27:25] Picture infomations saved to global/fr-CA/history/2025/05/11_fr-CA.md
Program exit at 09:27:25
