
Program started at 09:31:40
Operating System Name: Linux
Operating System Version: #14~24.04.1-Ubuntu SMP Thu Apr 24 17:41:03 UTC 2025
System Architecture: ('64bit', 'ELF')
Computer Type: x86_64
Computer Name: fv-az1044-194
Processor Type: x86_64
Python Version: 3.12.10
Python Interpreter Name: CPython
[09:31:40] Start geting CN Bing Wallpaper
[09:31:40] Successful get url: https://www.bing.com/th?id=OHR.MiravetSpain_ZH-CN8584568741_UHD.jpg
[09:31:40] Image saved to img/background.jpg
[09:31:40] Info saved to README.md
[09:31:40] Image saved to history/2025/05/29.md
[09:31:40] Start geting global Bing Wallpaper, region=en-US, local time is 2025-05-29 05:31:40.193387-04:00
[09:31:40] Successful get url: https://www.bing.com/th?id=OHR.MiravetSpain_EN-US4967052818_UHD.jpg
[09:31:40] Picture infomations saved to  global/en-US/README.md
[09:31:40] Picture infomations saved to global/en-US/history/2025/05/30_en-US.md
[09:31:40] Start geting global Bing Wallpaper, region=ja-JP, local time is 2025-05-29 18:31:40.277886+09:00
[09:31:40] Successful get url: https://www.bing.com/th?id=OHR.MiravetSpain_JA-JP1110549507_UHD.jpg
[09:31:40] Picture infomations saved to  global/ja-JP/README.md
[09:31:40] Picture infomations saved to global/ja-JP/history/2025/05/29_ja-JP.md
[09:31:40] Start geting global Bing Wallpaper, region=en-IN, local time is 2025-05-29 15:01:40.359164+05:30
[09:31:40] Successful get url: https://www.bing.com/th?id=OHR.MiravetSpain_EN-IN8368542648_UHD.jpg
[09:31:40] Picture infomations saved to  global/en-IN/README.md
[09:31:40] Picture infomations saved to global/en-IN/history/2025/05/29_en-IN.md
[09:31:40] Start geting global Bing Wallpaper, region=pt-BR, local time is 2025-05-29 06:31:40.441201-03:00
[09:31:40] Successful get url: https://www.bing.com/th?id=OHR.MiravetSpain_PT-BR7483184425_UHD.jpg
[09:31:40] Picture infomations saved to  global/pt-BR/README.md
[09:31:40] Picture infomations saved to global/pt-BR/history/2025/05/30_pt-BR.md
[09:31:40] Start geting global Bing Wallpaper, region=fr-FR, local time is 2025-05-29 11:31:40.527443+02:00
[09:31:40] Successful get url: https://www.bing.com/th?id=OHR.MiravetSpain_FR-FR8451258933_UHD.jpg
[09:31:40] Picture infomations saved to  global/fr-FR/README.md
[09:31:40] Picture infomations saved to global/fr-FR/history/2025/05/29_fr-FR.md
[09:31:40] Start geting global Bing Wallpaper, region=de-DE, local time is 2025-05-29 11:31:40.605875+02:00
[09:31:40] Successful get url: https://www.bing.com/th?id=OHR.GoetheSchiller_DE-DE0833691040_UHD.jpg
[09:31:40] Picture infomations saved to  global/de-DE/README.md
[09:31:40] Picture infomations saved to global/de-DE/history/2025/05/29_de-DE.md
[09:31:40] Start geting global Bing Wallpaper, region=en-CA, local time is 2025-05-29 05:31:40.689159-04:00
[09:31:40] Successful get url: https://www.bing.com/th?id=OHR.MiravetSpain_EN-CA7106086168_UHD.jpg
[09:31:40] Picture infomations saved to  global/en-CA/README.md
[09:31:40] Picture infomations saved to global/en-CA/history/2025/05/30_en-CA.md
[09:31:40] Start geting global Bing Wallpaper, region=en-GB, local time is 2025-05-29 10:31:40.771135+01:00
[09:31:40] Successful get url: https://www.bing.com/th?id=OHR.MiravetSpain_EN-GB3438322242_UHD.jpg
[09:31:40] Picture infomations saved to  global/en-GB/README.md
[09:31:40] Picture infomations saved to global/en-GB/history/2025/05/29_en-GB.md
[09:31:40] Start geting global Bing Wallpaper, region=it-IT, local time is 2025-05-29 11:31:40.854793+02:00
[09:31:40] Successful get url: https://www.bing.com/th?id=OHR.MiravetSpain_IT-IT4503014691_UHD.jpg
[09:31:40] Picture infomations saved to  global/it-IT/README.md
[09:31:40] Picture infomations saved to global/it-IT/history/2025/05/29_it-IT.md
[09:31:40] Start geting global Bing Wallpaper, region=es-ES, local time is 2025-05-29 11:31:40.926909+02:00
[09:31:40] Successful get url: https://www.bing.com/th?id=OHR.MiravetSpain_ES-ES8030054546_UHD.jpg
[09:31:41] Picture infomations saved to  global/es-ES/README.md
[09:31:41] Picture infomations saved to global/es-ES/history/2025/05/29_es-ES.md
[09:31:41] Start geting global Bing Wallpaper, region=fr-CA, local time is 2025-05-29 05:31:41.005831-04:00
[09:31:41] Successful get url: https://www.bing.com/th?id=OHR.MiravetSpain_FR-CA4536791904_UHD.jpg
[09:31:41] Picture infomations saved to  global/fr-CA/README.md
[09:31:41] Picture infomations saved to global/fr-CA/history/2025/05/30_fr-CA.md
Program exit at 09:31:41

Program started at 16:16:38
Operating System Name: Linux
Operating System Version: #14~24.04.1-Ubuntu SMP Thu Apr 24 17:41:03 UTC 2025
System Architecture: ('64bit', 'ELF')
Computer Type: x86_64
Computer Name: fv-az1701-280
Processor Type: x86_64
Python Version: 3.12.10
Python Interpreter Name: CPython
[16:16:38] Start geting CN Bing Wallpaper
[16:16:39] Successful get url: https://www.bing.com/th?id=OHR.LittlePigeonRiver_ZH-CN6554251943_UHD.jpg
[16:16:39] Image saved to img/background.jpg
[16:16:39] Info saved to README.md
[16:16:39] Image saved to history/2025/05/30.md
[16:16:39] Start geting global Bing Wallpaper, region=en-US, local time is 2025-05-29 12:16:39.172390-04:00
[16:16:39] Successful get url: https://www.bing.com/th?id=OHR.MiravetSpain_EN-US4967052818_UHD.jpg
[16:16:39] Picture infomations saved to  global/en-US/README.md
[16:16:39] Picture infomations saved to global/en-US/history/2025/05/30_en-US.md
[16:16:39] Start geting global Bing Wallpaper, region=ja-JP, local time is 2025-05-30 01:16:39.283213+09:00
[16:16:39] Successful get url: https://www.bing.com/th?id=OHR.LittlePigeonRiver_JA-JP4939584633_UHD.jpg
[16:16:39] Picture infomations saved to  global/ja-JP/README.md
[16:16:39] Picture infomations saved to global/ja-JP/history/2025/05/30_ja-JP.md
[16:16:39] Start geting global Bing Wallpaper, region=en-IN, local time is 2025-05-29 21:46:39.369234+05:30
[16:16:39] Successful get url: https://www.bing.com/th?id=OHR.MiravetSpain_EN-IN8368542648_UHD.jpg
[16:16:39] Picture infomations saved to  global/en-IN/README.md
[16:16:39] Picture infomations saved to global/en-IN/history/2025/05/29_en-IN.md
[16:16:39] Start geting global Bing Wallpaper, region=pt-BR, local time is 2025-05-29 13:16:39.454845-03:00
[16:16:39] Successful get url: https://www.bing.com/th?id=OHR.MiravetSpain_PT-BR7483184425_UHD.jpg
[16:16:39] Picture infomations saved to  global/pt-BR/README.md
[16:16:39] Picture infomations saved to global/pt-BR/history/2025/05/30_pt-BR.md
[16:16:39] Start geting global Bing Wallpaper, region=fr-FR, local time is 2025-05-29 18:16:39.595261+02:00
[16:16:39] Successful get url: https://www.bing.com/th?id=OHR.MiravetSpain_FR-FR8451258933_UHD.jpg
[16:16:39] Picture infomations saved to  global/fr-FR/README.md
[16:16:39] Picture infomations saved to global/fr-FR/history/2025/05/29_fr-FR.md
[16:16:39] Start geting global Bing Wallpaper, region=de-DE, local time is 2025-05-29 18:16:39.698729+02:00
[16:16:39] Successful get url: https://www.bing.com/th?id=OHR.GoetheSchiller_DE-DE0833691040_UHD.jpg
[16:16:39] Picture infomations saved to  global/de-DE/README.md
[16:16:39] Picture infomations saved to global/de-DE/history/2025/05/29_de-DE.md
[16:16:39] Start geting global Bing Wallpaper, region=en-CA, local time is 2025-05-29 12:16:39.810044-04:00
[16:16:39] Successful get url: https://www.bing.com/th?id=OHR.MiravetSpain_EN-CA7106086168_UHD.jpg
[16:16:39] Picture infomations saved to  global/en-CA/README.md
[16:16:39] Picture infomations saved to global/en-CA/history/2025/05/30_en-CA.md
[16:16:39] Start geting global Bing Wallpaper, region=en-GB, local time is 2025-05-29 17:16:39.888748+01:00
[16:16:39] Successful get url: https://www.bing.com/th?id=OHR.MiravetSpain_EN-GB3438322242_UHD.jpg
[16:16:39] Picture infomations saved to  global/en-GB/README.md
[16:16:39] Picture infomations saved to global/en-GB/history/2025/05/29_en-GB.md
[16:16:39] Start geting global Bing Wallpaper, region=it-IT, local time is 2025-05-29 18:16:39.982600+02:00
[16:16:40] Successful get url: https://www.bing.com/th?id=OHR.MiravetSpain_IT-IT4503014691_UHD.jpg
[16:16:40] Picture infomations saved to  global/it-IT/README.md
[16:16:40] Picture infomations saved to global/it-IT/history/2025/05/29_it-IT.md
[16:16:40] Start geting global Bing Wallpaper, region=es-ES, local time is 2025-05-29 18:16:40.098045+02:00
[16:16:40] Successful get url: https://www.bing.com/th?id=OHR.MiravetSpain_ES-ES8030054546_UHD.jpg
[16:16:40] Picture infomations saved to  global/es-ES/README.md
[16:16:40] Picture infomations saved to global/es-ES/history/2025/05/29_es-ES.md
[16:16:40] Start geting global Bing Wallpaper, region=fr-CA, local time is 2025-05-29 12:16:40.186346-04:00
[16:16:40] Successful get url: https://www.bing.com/th?id=OHR.MiravetSpain_FR-CA4536791904_UHD.jpg
[16:16:40] Picture infomations saved to  global/fr-CA/README.md
[16:16:40] Picture infomations saved to global/fr-CA/history/2025/05/30_fr-CA.md
Program exit at 16:16:40
