
Program started at 09:27:51
Operating System Name: Linux
Operating System Version: #14~24.04.1-Ubuntu SMP Thu Apr 24 17:41:03 UTC 2025
System Architecture: ('64bit', 'ELF')
Computer Type: x86_64
Computer Name: fv-az1982-426
Processor Type: x86_64
Python Version: 3.12.10
Python Interpreter Name: CPython
[09:27:51] Start geting CN Bing Wallpaper
[09:27:51] Successful get url: https://www.bing.com/th?id=OHR.ToulouseBridge_ZH-CN3930246927_UHD.jpg
[09:27:51] Image saved to img/background.jpg
[09:27:51] Info saved to README.md
[09:27:51] Image saved to history/2025/05/18.md
[09:27:51] Start geting global Bing Wallpaper, region=en-US, local time is 2025-05-18 05:27:51.726658-04:00
[09:27:51] Successful get url: https://www.bing.com/th?id=OHR.DufyRoom_EN-US3759763345_UHD.jpg
[09:27:51] Picture infomations saved to  global/en-US/README.md
[09:27:51] Picture infomations saved to global/en-US/history/2025/05/19_en-US.md
[09:27:51] Start geting global Bing Wallpaper, region=ja-JP, local time is 2025-05-18 18:27:51.849909+09:00
[09:27:51] Successful get url: https://www.bing.com/th?id=OHR.DufyRoom_JA-JP7244878631_UHD.jpg
[09:27:52] Picture infomations saved to  global/ja-JP/README.md
[09:27:52] Picture infomations saved to global/ja-JP/history/2025/05/18_ja-JP.md
[09:27:52] Start geting global Bing Wallpaper, region=en-IN, local time is 2025-05-18 14:57:52.010088+05:30
[09:27:52] Successful get url: https://www.bing.com/th?id=OHR.DufyRoom_EN-IN8856962782_UHD.jpg
[09:27:52] Picture infomations saved to  global/en-IN/README.md
[09:27:52] Picture infomations saved to global/en-IN/history/2025/05/18_en-IN.md
[09:27:52] Start geting global Bing Wallpaper, region=pt-BR, local time is 2025-05-18 06:27:52.132323-03:00
[09:27:52] Successful get url: https://www.bing.com/th?id=OHR.DufyRoom_PT-BR8646491338_UHD.jpg
[09:27:52] Picture infomations saved to  global/pt-BR/README.md
[09:27:52] Picture infomations saved to global/pt-BR/history/2025/05/19_pt-BR.md
[09:27:52] Start geting global Bing Wallpaper, region=fr-FR, local time is 2025-05-18 11:27:52.273626+02:00
[09:27:52] Successful get url: https://www.bing.com/th?id=OHR.DufyRoom_FR-FR5402586518_UHD.jpg
[09:27:52] Picture infomations saved to  global/fr-FR/README.md
[09:27:52] Picture infomations saved to global/fr-FR/history/2025/05/18_fr-FR.md
[09:27:52] Start geting global Bing Wallpaper, region=de-DE, local time is 2025-05-18 11:27:52.402073+02:00
[09:27:52] Successful get url: https://www.bing.com/th?id=OHR.BerlinHistoryMuseum_DE-DE3052163032_UHD.jpg
[09:27:52] Picture infomations saved to  global/de-DE/README.md
[09:27:52] Picture infomations saved to global/de-DE/history/2025/05/18_de-DE.md
[09:27:52] Start geting global Bing Wallpaper, region=en-CA, local time is 2025-05-18 05:27:52.641633-04:00
[09:27:52] Successful get url: https://www.bing.com/th?id=OHR.DufyRoom_EN-CA3157009683_UHD.jpg
[09:27:52] Picture infomations saved to  global/en-CA/README.md
[09:27:52] Picture infomations saved to global/en-CA/history/2025/05/19_en-CA.md
[09:27:52] Start geting global Bing Wallpaper, region=en-GB, local time is 2025-05-18 10:27:52.827443+01:00
[09:27:52] Successful get url: https://www.bing.com/th?id=OHR.DufyRoom_EN-GB0919090410_UHD.jpg
[09:27:52] Picture infomations saved to  global/en-GB/README.md
[09:27:52] Picture infomations saved to global/en-GB/history/2025/05/18_en-GB.md
[09:27:52] Start geting global Bing Wallpaper, region=it-IT, local time is 2025-05-18 11:27:52.954739+02:00
[09:27:52] Successful get url: https://www.bing.com/th?id=OHR.DufyRoom_IT-IT9020627686_UHD.jpg
[09:27:53] Picture infomations saved to  global/it-IT/README.md
[09:27:53] Picture infomations saved to global/it-IT/history/2025/05/18_it-IT.md
[09:27:53] Start geting global Bing Wallpaper, region=es-ES, local time is 2025-05-18 11:27:53.069987+02:00
[09:27:53] Successful get url: https://www.bing.com/th?id=OHR.DufyRoom_ES-ES6280339322_UHD.jpg
[09:27:53] Picture infomations saved to  global/es-ES/README.md
[09:27:53] Picture infomations saved to global/es-ES/history/2025/05/18_es-ES.md
[09:27:53] Start geting global Bing Wallpaper, region=fr-CA, local time is 2025-05-18 05:27:53.195513-04:00
[09:27:53] Successful get url: https://www.bing.com/th?id=OHR.DufyRoom_FR-CA2079016869_UHD.jpg
[09:27:53] Picture infomations saved to  global/fr-CA/README.md
[09:27:53] Picture infomations saved to global/fr-CA/history/2025/05/19_fr-CA.md
Program exit at 09:27:53
