
Program started at 09:29:53
Operating System Name: Linux
Operating System Version: #12~24.04.1-Ubuntu SMP Mon Mar 10 19:00:39 UTC 2025
System Architecture: ('64bit', 'ELF')
Computer Type: x86_64
Computer Name: fv-az2211-270
Processor Type: x86_64
Python Version: 3.12.10
Python Interpreter Name: CPython
[09:29:54] Start geting CN Bing Wallpaper
[09:29:54] Successful get url: https://www.bing.com/th?id=OHR.BrazilHeron_ZH-CN7200229300_UHD.jpg
[09:29:54] Image saved to img/background.jpg
[09:29:54] Info saved to README.md
[09:29:54] Image saved to history/2025/05/02.md
[09:29:54] Start geting global Bing Wallpaper, region=en-US, local time is 2025-05-02 05:29:54.282300-04:00
[09:29:54] Successful get url: https://www.bing.com/th?id=OHR.BrazilHeron_EN-US5602369723_UHD.jpg
[09:29:54] Picture infomations saved to  global/en-US/README.md
[09:29:54] Picture infomations saved to global/en-US/history/2025/05/03_en-US.md
[09:29:54] Start geting global Bing Wallpaper, region=ja-JP, local time is 2025-05-02 18:29:54.403937+09:00
[09:29:54] Successful get url: https://www.bing.com/th?id=OHR.BrazilHeron_JA-JP6898901440_UHD.jpg
[09:29:54] Picture infomations saved to  global/ja-JP/README.md
[09:29:54] Picture infomations saved to global/ja-JP/history/2025/05/02_ja-JP.md
[09:29:54] Start geting global Bing Wallpaper, region=en-IN, local time is 2025-05-02 14:59:54.525346+05:30
[09:29:54] Successful get url: https://www.bing.com/th?id=OHR.BrazilHeron_EN-IN0370124301_UHD.jpg
[09:29:54] Picture infomations saved to  global/en-IN/README.md
[09:29:54] Picture infomations saved to global/en-IN/history/2025/05/02_en-IN.md
[09:29:54] Start geting global Bing Wallpaper, region=pt-BR, local time is 2025-05-02 06:29:54.644203-03:00
[09:29:54] Successful get url: https://www.bing.com/th?id=OHR.BrazilHeron_PT-BR4897621554_UHD.jpg
[09:29:54] Picture infomations saved to  global/pt-BR/README.md
[09:29:54] Picture infomations saved to global/pt-BR/history/2025/05/03_pt-BR.md
[09:29:54] Start geting global Bing Wallpaper, region=fr-FR, local time is 2025-05-02 11:29:54.782883+02:00
[09:29:54] Successful get url: https://www.bing.com/th?id=OHR.BrazilHeron_FR-FR2379480505_UHD.jpg
[09:29:54] Picture infomations saved to  global/fr-FR/README.md
[09:29:54] Picture infomations saved to global/fr-FR/history/2025/05/02_fr-FR.md
[09:29:54] Start geting global Bing Wallpaper, region=de-DE, local time is 2025-05-02 11:29:54.932201+02:00
[09:29:54] Successful get url: https://www.bing.com/th?id=OHR.BrazilHeron_DE-DE1974794289_UHD.jpg
[09:29:55] Picture infomations saved to  global/de-DE/README.md
[09:29:55] Picture infomations saved to global/de-DE/history/2025/05/02_de-DE.md
[09:29:55] Start geting global Bing Wallpaper, region=en-CA, local time is 2025-05-02 05:29:55.060931-04:00
[09:29:55] Successful get url: https://www.bing.com/th?id=OHR.BrazilHeron_EN-CA7612661930_UHD.jpg
[09:29:55] Picture infomations saved to  global/en-CA/README.md
[09:29:55] Picture infomations saved to global/en-CA/history/2025/05/03_en-CA.md
[09:29:55] Start geting global Bing Wallpaper, region=en-GB, local time is 2025-05-02 10:29:55.179929+01:00
[09:29:55] Successful get url: https://www.bing.com/th?id=OHR.BrazilHeron_EN-GB3243894936_UHD.jpg
[09:29:55] Picture infomations saved to  global/en-GB/README.md
[09:29:55] Picture infomations saved to global/en-GB/history/2025/05/02_en-GB.md
[09:29:55] Start geting global Bing Wallpaper, region=it-IT, local time is 2025-05-02 11:29:55.284849+02:00
[09:29:55] Successful get url: https://www.bing.com/th?id=OHR.BrazilHeron_IT-IT7849076526_UHD.jpg
[09:29:55] Picture infomations saved to  global/it-IT/README.md
[09:29:55] Picture infomations saved to global/it-IT/history/2025/05/02_it-IT.md
[09:29:55] Start geting global Bing Wallpaper, region=es-ES, local time is 2025-05-02 11:29:55.388410+02:00
[09:29:55] Successful get url: https://www.bing.com/th?id=OHR.BrazilHeron_ES-ES2902878903_UHD.jpg
[09:29:55] Picture infomations saved to  global/es-ES/README.md
[09:29:55] Picture infomations saved to global/es-ES/history/2025/05/02_es-ES.md
[09:29:55] Start geting global Bing Wallpaper, region=fr-CA, local time is 2025-05-02 05:29:55.496296-04:00
[09:29:55] Successful get url: https://www.bing.com/th?id=OHR.BrazilHeron_FR-CA6403400968_UHD.jpg
[09:29:55] Picture infomations saved to  global/fr-CA/README.md
[09:29:55] Picture infomations saved to global/fr-CA/history/2025/05/03_fr-CA.md
Program exit at 09:29:55
