
Program started at 09:31:56
Operating System Name: Linux
Operating System Version: #13~24.04.1-Ubuntu SMP Fri Mar 28 23:43:34 UTC 2025
System Architecture: ('64bit', 'ELF')
Computer Type: x86_64
Computer Name: fv-az1278-122
Processor Type: x86_64
Python Version: 3.12.10
Python Interpreter Name: CPython
[09:31:56] Start geting CN Bing Wallpaper
[09:31:56] Successful get url: https://www.bing.com/th?id=OHR.TorresChile_ZH-CN6319613148_UHD.jpg
[09:31:56] Image saved to img/background.jpg
[09:31:56] Info saved to README.md
[09:31:56] Image saved to history/2025/05/13.md
[09:31:56] Start geting global Bing Wallpaper, region=en-US, local time is 2025-05-13 05:31:56.338467-04:00
[09:31:56] Successful get url: https://www.bing.com/th?id=OHR.TorresChile_EN-US6814348961_UHD.jpg
[09:31:56] Picture infomations saved to  global/en-US/README.md
[09:31:56] Picture infomations saved to global/en-US/history/2025/05/14_en-US.md
[09:31:56] Start geting global Bing Wallpaper, region=ja-JP, local time is 2025-05-13 18:31:56.425581+09:00
[09:31:56] Successful get url: https://www.bing.com/th?id=OHR.TorresChile_JA-JP1840046415_UHD.jpg
[09:31:56] Picture infomations saved to  global/ja-JP/README.md
[09:31:56] Picture infomations saved to global/ja-JP/history/2025/05/13_ja-JP.md
[09:31:56] Start geting global Bing Wallpaper, region=en-IN, local time is 2025-05-13 15:01:56.517547+05:30
[09:31:56] Successful get url: https://www.bing.com/th?id=OHR.TorresChile_EN-IN5990989233_UHD.jpg
[09:31:56] Picture infomations saved to  global/en-IN/README.md
[09:31:56] Picture infomations saved to global/en-IN/history/2025/05/13_en-IN.md
[09:31:56] Start geting global Bing Wallpaper, region=pt-BR, local time is 2025-05-13 06:31:56.608130-03:00
[09:31:56] Successful get url: https://www.bing.com/th?id=OHR.TorresChile_PT-BR4534692189_UHD.jpg
[09:31:56] Picture infomations saved to  global/pt-BR/README.md
[09:31:56] Picture infomations saved to global/pt-BR/history/2025/05/14_pt-BR.md
[09:31:56] Start geting global Bing Wallpaper, region=fr-FR, local time is 2025-05-13 11:31:56.688089+02:00
[09:31:56] Successful get url: https://www.bing.com/th?id=OHR.CannesFilmFestival_FR-FR6520718255_UHD.jpg
[09:31:56] Picture infomations saved to  global/fr-FR/README.md
[09:31:56] Picture infomations saved to global/fr-FR/history/2025/05/13_fr-FR.md
[09:31:56] Start geting global Bing Wallpaper, region=de-DE, local time is 2025-05-13 11:31:56.763868+02:00
[09:31:56] Successful get url: https://www.bing.com/th?id=OHR.TorresChile_DE-DE8890780027_UHD.jpg
[09:31:56] Picture infomations saved to  global/de-DE/README.md
[09:31:56] Picture infomations saved to global/de-DE/history/2025/05/13_de-DE.md
[09:31:56] Start geting global Bing Wallpaper, region=en-CA, local time is 2025-05-13 05:31:56.844612-04:00
[09:31:56] Successful get url: https://www.bing.com/th?id=OHR.YohoNP_EN-CA4325092437_UHD.jpg
[09:31:56] Picture infomations saved to  global/en-CA/README.md
[09:31:56] Picture infomations saved to global/en-CA/history/2025/05/14_en-CA.md
[09:31:56] Start geting global Bing Wallpaper, region=en-GB, local time is 2025-05-13 10:31:56.922922+01:00
[09:31:56] Successful get url: https://www.bing.com/th?id=OHR.TorresChile_EN-GB5907633390_UHD.jpg
[09:31:57] Picture infomations saved to  global/en-GB/README.md
[09:31:57] Picture infomations saved to global/en-GB/history/2025/05/13_en-GB.md
[09:31:57] Start geting global Bing Wallpaper, region=it-IT, local time is 2025-05-13 11:31:57.001054+02:00
[09:31:57] Successful get url: https://www.bing.com/th?id=OHR.TorresChile_IT-IT3039649288_UHD.jpg
[09:31:57] Picture infomations saved to  global/it-IT/README.md
[09:31:57] Picture infomations saved to global/it-IT/history/2025/05/13_it-IT.md
[09:31:57] Start geting global Bing Wallpaper, region=es-ES, local time is 2025-05-13 11:31:57.116086+02:00
[09:31:57] Successful get url: https://www.bing.com/th?id=OHR.TorresChile_ES-ES1426138638_UHD.jpg
[09:31:57] Picture infomations saved to  global/es-ES/README.md
[09:31:57] Picture infomations saved to global/es-ES/history/2025/05/13_es-ES.md
[09:31:57] Start geting global Bing Wallpaper, region=fr-CA, local time is 2025-05-13 05:31:57.212246-04:00
[09:31:57] Successful get url: https://www.bing.com/th?id=OHR.YohoNP_FR-CA1947033491_UHD.jpg
[09:31:57] Picture infomations saved to  global/fr-CA/README.md
[09:31:57] Picture infomations saved to global/fr-CA/history/2025/05/14_fr-CA.md
Program exit at 09:31:57
