
Program started at 09:27:16
Operating System Name: Linux
Operating System Version: #12~24.04.1-Ubuntu SMP Mon Mar 10 19:00:39 UTC 2025
System Architecture: ('64bit', 'ELF')
Computer Type: x86_64
Computer Name: fv-az1333-540
Processor Type: x86_64
Python Version: 3.12.10
Python Interpreter Name: CPython
[09:27:16] Start geting CN Bing Wallpaper
[09:27:16] Successful get url: https://www.bing.com/th?id=OHR.ArchesGalaxy_ZH-CN0954505086_UHD.jpg
[09:27:17] Image saved to img/background.jpg
[09:27:17] Info saved to README.md
[09:27:17] Image saved to history/2025/05/03.md
[09:27:17] Start geting global Bing Wallpaper, region=en-US, local time is 2025-05-03 05:27:17.019606-04:00
[09:27:17] Successful get url: https://www.bing.com/th?id=OHR.ArchesGalaxy_EN-US5690613383_UHD.jpg
[09:27:17] Picture infomations saved to  global/en-US/README.md
[09:27:17] Picture infomations saved to global/en-US/history/2025/05/04_en-US.md
[09:27:17] Start geting global Bing Wallpaper, region=ja-JP, local time is 2025-05-03 18:27:17.128686+09:00
[09:27:17] Successful get url: https://www.bing.com/th?id=OHR.ArchesGalaxy_JA-JP7174638960_UHD.jpg
[09:27:17] Picture infomations saved to  global/ja-JP/README.md
[09:27:17] Picture infomations saved to global/ja-JP/history/2025/05/03_ja-JP.md
[09:27:17] Start geting global Bing Wallpaper, region=en-IN, local time is 2025-05-03 14:57:17.219249+05:30
[09:27:17] Successful get url: https://www.bing.com/th?id=OHR.ArchesGalaxy_EN-IN0648210386_UHD.jpg
[09:27:17] Picture infomations saved to  global/en-IN/README.md
[09:27:17] Picture infomations saved to global/en-IN/history/2025/05/03_en-IN.md
[09:27:17] Start geting global Bing Wallpaper, region=pt-BR, local time is 2025-05-03 06:27:17.294698-03:00
[09:27:17] Successful get url: https://www.bing.com/th?id=OHR.ArchesGalaxy_PT-BR5466273548_UHD.jpg
[09:27:17] Picture infomations saved to  global/pt-BR/README.md
[09:27:17] Picture infomations saved to global/pt-BR/history/2025/05/04_pt-BR.md
[09:27:17] Start geting global Bing Wallpaper, region=fr-FR, local time is 2025-05-03 11:27:17.376756+02:00
[09:27:17] Successful get url: https://www.bing.com/th?id=OHR.ArchesGalaxy_FR-FR2194406698_UHD.jpg
[09:27:17] Picture infomations saved to  global/fr-FR/README.md
[09:27:17] Picture infomations saved to global/fr-FR/history/2025/05/03_fr-FR.md
[09:27:17] Start geting global Bing Wallpaper, region=de-DE, local time is 2025-05-03 11:27:17.460158+02:00
[09:27:17] Successful get url: https://www.bing.com/th?id=OHR.SchlossMoritzburg_DE-DE9218601077_UHD.jpg
[09:27:17] Picture infomations saved to  global/de-DE/README.md
[09:27:17] Picture infomations saved to global/de-DE/history/2025/05/03_de-DE.md
[09:27:17] Start geting global Bing Wallpaper, region=en-CA, local time is 2025-05-03 05:27:17.566067-04:00
[09:27:17] Successful get url: https://www.bing.com/th?id=OHR.ArchesGalaxy_EN-CA8569224386_UHD.jpg
[09:27:18] Picture infomations saved to  global/en-CA/README.md
[09:27:18] Picture infomations saved to global/en-CA/history/2025/05/04_en-CA.md
[09:27:18] Start geting global Bing Wallpaper, region=en-GB, local time is 2025-05-03 10:27:18.012333+01:00
[09:27:18] Successful get url: https://www.bing.com/th?id=OHR.ArchesGalaxy_EN-GB3402491515_UHD.jpg
[09:27:18] Picture infomations saved to  global/en-GB/README.md
[09:27:18] Picture infomations saved to global/en-GB/history/2025/05/03_en-GB.md
[09:27:18] Start geting global Bing Wallpaper, region=it-IT, local time is 2025-05-03 11:27:18.082727+02:00
[09:27:18] Successful get url: https://www.bing.com/th?id=OHR.ArchesGalaxy_IT-IT2041220241_UHD.jpg
[09:27:18] Picture infomations saved to  global/it-IT/README.md
[09:27:18] Picture infomations saved to global/it-IT/history/2025/05/03_it-IT.md
[09:27:18] Start geting global Bing Wallpaper, region=es-ES, local time is 2025-05-03 11:27:18.157671+02:00
[09:27:18] Successful get url: https://www.bing.com/th?id=OHR.ArchesGalaxy_ES-ES4610522421_UHD.jpg
[09:27:18] Picture infomations saved to  global/es-ES/README.md
[09:27:18] Picture infomations saved to global/es-ES/history/2025/05/03_es-ES.md
[09:27:18] Start geting global Bing Wallpaper, region=fr-CA, local time is 2025-05-03 05:27:18.285498-04:00
[09:27:18] Successful get url: https://www.bing.com/th?id=OHR.ArchesGalaxy_FR-CA6355904701_UHD.jpg
[09:27:18] Picture infomations saved to  global/fr-CA/README.md
[09:27:18] Picture infomations saved to global/fr-CA/history/2025/05/04_fr-CA.md
Program exit at 09:27:18
