
Program started at 09:31:13
Operating System Name: Linux
Operating System Version: #12~24.04.1-Ubuntu SMP Mon Mar 10 19:00:39 UTC 2025
System Architecture: ('64bit', 'ELF')
Computer Type: x86_64
Computer Name: fv-az1283-859
Processor Type: x86_64
Python Version: 3.12.10
Python Interpreter Name: CPython
[09:31:13] Start geting CN Bing Wallpaper
[09:31:13] Successful get url: https://www.bing.com/th?id=OHR.FlyoverNamibia_ZH-CN2114171516_UHD.jpg
[09:31:13] Image saved to img/background.jpg
[09:31:13] Info saved to README.md
[09:31:13] Image saved to history/2025/05/06.md
[09:31:13] Start geting global Bing Wallpaper, region=en-US, local time is 2025-05-06 05:31:13.943790-04:00
[09:31:14] Successful get url: https://www.bing.com/th?id=OHR.FlyoverNamibia_EN-US6033011196_UHD.jpg
[09:31:14] Picture infomations saved to  global/en-US/README.md
[09:31:14] Picture infomations saved to global/en-US/history/2025/05/07_en-US.md
[09:31:14] Start geting global Bing Wallpaper, region=ja-JP, local time is 2025-05-06 18:31:14.140238+09:00
[09:31:14] Successful get url: https://www.bing.com/th?id=OHR.FlyoverNamibia_JA-JP8746385575_UHD.jpg
[09:31:14] Picture infomations saved to  global/ja-JP/README.md
[09:31:14] Picture infomations saved to global/ja-JP/history/2025/05/06_ja-JP.md
[09:31:14] Start geting global Bing Wallpaper, region=en-IN, local time is 2025-05-06 15:01:14.305339+05:30
[09:31:14] Successful get url: https://www.bing.com/th?id=OHR.FlyoverNamibia_EN-IN3642714628_UHD.jpg
[09:31:14] Picture infomations saved to  global/en-IN/README.md
[09:31:14] Picture infomations saved to global/en-IN/history/2025/05/06_en-IN.md
[09:31:14] Start geting global Bing Wallpaper, region=pt-BR, local time is 2025-05-06 06:31:14.482567-03:00
[09:31:14] Successful get url: https://www.bing.com/th?id=OHR.FlyoverNamibia_PT-BR8374548592_UHD.jpg
[09:31:14] Picture infomations saved to  global/pt-BR/README.md
[09:31:14] Picture infomations saved to global/pt-BR/history/2025/05/07_pt-BR.md
[09:31:14] Start geting global Bing Wallpaper, region=fr-FR, local time is 2025-05-06 11:31:14.644703+02:00
[09:31:14] Successful get url: https://www.bing.com/th?id=OHR.FlyoverNamibia_FR-FR8600226309_UHD.jpg
[09:31:14] Picture infomations saved to  global/fr-FR/README.md
[09:31:14] Picture infomations saved to global/fr-FR/history/2025/05/06_fr-FR.md
[09:31:14] Start geting global Bing Wallpaper, region=de-DE, local time is 2025-05-06 11:31:14.817784+02:00
[09:31:14] Successful get url: https://www.bing.com/th?id=OHR.FlyoverNamibia_DE-DE0196935378_UHD.jpg
[09:31:14] Picture infomations saved to  global/de-DE/README.md
[09:31:14] Picture infomations saved to global/de-DE/history/2025/05/06_de-DE.md
[09:31:14] Start geting global Bing Wallpaper, region=en-CA, local time is 2025-05-06 05:31:14.990665-04:00
[09:31:15] Successful get url: https://www.bing.com/th?id=OHR.FlyoverNamibia_EN-CA6702004315_UHD.jpg
[09:31:15] Picture infomations saved to  global/en-CA/README.md
[09:31:15] Picture infomations saved to global/en-CA/history/2025/05/07_en-CA.md
[09:31:15] Start geting global Bing Wallpaper, region=en-GB, local time is 2025-05-06 10:31:15.159270+01:00
[09:31:15] Successful get url: https://www.bing.com/th?id=OHR.FlyoverNamibia_EN-GB4652418118_UHD.jpg
[09:31:15] Picture infomations saved to  global/en-GB/README.md
[09:31:15] Picture infomations saved to global/en-GB/history/2025/05/06_en-GB.md
[09:31:15] Start geting global Bing Wallpaper, region=it-IT, local time is 2025-05-06 11:31:15.332669+02:00
[09:31:15] Successful get url: https://www.bing.com/th?id=OHR.FlyoverNamibia_IT-IT8197478549_UHD.jpg
[09:31:15] Picture infomations saved to  global/it-IT/README.md
[09:31:15] Picture infomations saved to global/it-IT/history/2025/05/06_it-IT.md
[09:31:15] Start geting global Bing Wallpaper, region=es-ES, local time is 2025-05-06 11:31:15.520077+02:00
[09:31:15] Successful get url: https://www.bing.com/th?id=OHR.SevillaFairMay_ES-ES5278862844_UHD.jpg
[09:31:15] Picture infomations saved to  global/es-ES/README.md
[09:31:15] Picture infomations saved to global/es-ES/history/2025/05/06_es-ES.md
[09:31:15] Start geting global Bing Wallpaper, region=fr-CA, local time is 2025-05-06 05:31:15.694283-04:00
[09:31:15] Successful get url: https://www.bing.com/th?id=OHR.FlyoverNamibia_FR-CA3457148210_UHD.jpg
[09:31:15] Picture infomations saved to  global/fr-CA/README.md
[09:31:15] Picture infomations saved to global/fr-CA/history/2025/05/07_fr-CA.md
Program exit at 09:31:15

Program started at 16:15:41
Operating System Name: Linux
Operating System Version: #13~24.04.1-Ubuntu SMP Fri Mar 28 23:43:34 UTC 2025
System Architecture: ('64bit', 'ELF')
Computer Type: x86_64
Computer Name: fv-az1371-844
Processor Type: x86_64
Python Version: 3.12.10
Python Interpreter Name: CPython
[16:15:41] Start geting CN Bing Wallpaper
[16:15:41] Successful get url: https://www.bing.com/th?id=OHR.DunluceIreland_ZH-CN2412229757_UHD.jpg
[16:15:41] Image saved to img/background.jpg
[16:15:41] Info saved to README.md
[16:15:41] Image saved to history/2025/05/07.md
[16:15:41] Start geting global Bing Wallpaper, region=en-US, local time is 2025-05-06 12:15:41.410018-04:00
[16:15:41] Successful get url: https://www.bing.com/th?id=OHR.FlyoverNamibia_EN-US6033011196_UHD.jpg
[16:15:41] Picture infomations saved to  global/en-US/README.md
[16:15:41] Picture infomations saved to global/en-US/history/2025/05/07_en-US.md
[16:15:41] Start geting global Bing Wallpaper, region=ja-JP, local time is 2025-05-07 01:15:41.552742+09:00
[16:15:41] Successful get url: https://www.bing.com/th?id=OHR.DunluceIreland_JA-JP8933138067_UHD.jpg
[16:15:41] Picture infomations saved to  global/ja-JP/README.md
[16:15:41] Picture infomations saved to global/ja-JP/history/2025/05/07_ja-JP.md
[16:15:41] Start geting global Bing Wallpaper, region=en-IN, local time is 2025-05-06 21:45:41.698834+05:30
[16:15:41] Successful get url: https://www.bing.com/th?id=OHR.FlyoverNamibia_EN-IN3642714628_UHD.jpg
[16:15:41] Picture infomations saved to  global/en-IN/README.md
[16:15:41] Picture infomations saved to global/en-IN/history/2025/05/06_en-IN.md
[16:15:41] Start geting global Bing Wallpaper, region=pt-BR, local time is 2025-05-06 13:15:41.791586-03:00
[16:15:41] Successful get url: https://www.bing.com/th?id=OHR.FlyoverNamibia_PT-BR8374548592_UHD.jpg
[16:15:41] Picture infomations saved to  global/pt-BR/README.md
[16:15:41] Picture infomations saved to global/pt-BR/history/2025/05/07_pt-BR.md
[16:15:41] Start geting global Bing Wallpaper, region=fr-FR, local time is 2025-05-06 18:15:41.901382+02:00
[16:15:41] Successful get url: https://www.bing.com/th?id=OHR.FlyoverNamibia_FR-FR8600226309_UHD.jpg
[16:15:41] Picture infomations saved to  global/fr-FR/README.md
[16:15:41] Picture infomations saved to global/fr-FR/history/2025/05/06_fr-FR.md
[16:15:41] Start geting global Bing Wallpaper, region=de-DE, local time is 2025-05-06 18:15:41.986903+02:00
[16:15:42] Successful get url: https://www.bing.com/th?id=OHR.FlyoverNamibia_DE-DE0196935378_UHD.jpg
[16:15:42] Picture infomations saved to  global/de-DE/README.md
[16:15:42] Picture infomations saved to global/de-DE/history/2025/05/06_de-DE.md
[16:15:42] Start geting global Bing Wallpaper, region=en-CA, local time is 2025-05-06 12:15:42.141506-04:00
[16:15:42] Successful get url: https://www.bing.com/th?id=OHR.FlyoverNamibia_EN-CA6702004315_UHD.jpg
[16:15:42] Picture infomations saved to  global/en-CA/README.md
[16:15:42] Picture infomations saved to global/en-CA/history/2025/05/07_en-CA.md
[16:15:42] Start geting global Bing Wallpaper, region=en-GB, local time is 2025-05-06 17:15:42.250528+01:00
[16:15:42] Successful get url: https://www.bing.com/th?id=OHR.FlyoverNamibia_EN-GB4652418118_UHD.jpg
[16:15:42] Picture infomations saved to  global/en-GB/README.md
[16:15:42] Picture infomations saved to global/en-GB/history/2025/05/06_en-GB.md
[16:15:42] Start geting global Bing Wallpaper, region=it-IT, local time is 2025-05-06 18:15:42.391027+02:00
[16:15:42] Successful get url: https://www.bing.com/th?id=OHR.FlyoverNamibia_IT-IT8197478549_UHD.jpg
[16:15:42] Picture infomations saved to  global/it-IT/README.md
[16:15:42] Picture infomations saved to global/it-IT/history/2025/05/06_it-IT.md
[16:15:42] Start geting global Bing Wallpaper, region=es-ES, local time is 2025-05-06 18:15:42.486588+02:00
[16:15:42] Successful get url: https://www.bing.com/th?id=OHR.SevillaFairMay_ES-ES5278862844_UHD.jpg
[16:15:42] Picture infomations saved to  global/es-ES/README.md
[16:15:42] Picture infomations saved to global/es-ES/history/2025/05/06_es-ES.md
[16:15:42] Start geting global Bing Wallpaper, region=fr-CA, local time is 2025-05-06 12:15:42.600158-04:00
[16:15:42] Successful get url: https://www.bing.com/th?id=OHR.FlyoverNamibia_FR-CA3457148210_UHD.jpg
[16:15:42] Picture infomations saved to  global/fr-CA/README.md
[16:15:42] Picture infomations saved to global/fr-CA/history/2025/05/07_fr-CA.md
Program exit at 16:15:42
