
Program started at 09:31:15
Operating System Name: Linux
Operating System Version: #14~24.04.1-Ubuntu SMP Thu Apr 24 17:41:03 UTC 2025
System Architecture: ('64bit', 'ELF')
Computer Type: x86_64
Computer Name: fv-az2246-331
Processor Type: x86_64
Python Version: 3.12.10
Python Interpreter Name: CPython
[09:31:15] Start geting CN Bing Wallpaper
[09:31:16] Successful get url: https://www.bing.com/th?id=OHR.MonaValePool_ZH-CN7968271596_UHD.jpg
[09:31:16] Image saved to img/background.jpg
[09:31:16] Info saved to README.md
[09:31:16] Image saved to history/2025/05/27.md
[09:31:16] Start geting global Bing Wallpaper, region=en-US, local time is 2025-05-27 05:31:16.086342-04:00
[09:31:16] Successful get url: https://www.bing.com/th?id=OHR.MonaValePool_EN-US4805820773_UHD.jpg
[09:31:16] Picture infomations saved to  global/en-US/README.md
[09:31:16] Picture infomations saved to global/en-US/history/2025/05/28_en-US.md
[09:31:16] Start geting global Bing Wallpaper, region=ja-JP, local time is 2025-05-27 18:31:16.218311+09:00
[09:31:16] Successful get url: https://www.bing.com/th?id=OHR.MonaValePool_JA-JP0665807696_UHD.jpg
[09:31:16] Picture infomations saved to  global/ja-JP/README.md
[09:31:16] Picture infomations saved to global/ja-JP/history/2025/05/27_ja-JP.md
[09:31:16] Start geting global Bing Wallpaper, region=en-IN, local time is 2025-05-27 15:01:16.319636+05:30
[09:31:16] Successful get url: https://www.bing.com/th?id=OHR.MonaValePool_EN-IN8062779367_UHD.jpg
[09:31:16] Picture infomations saved to  global/en-IN/README.md
[09:31:16] Picture infomations saved to global/en-IN/history/2025/05/27_en-IN.md
[09:31:16] Start geting global Bing Wallpaper, region=pt-BR, local time is 2025-05-27 06:31:16.427791-03:00
[09:31:16] Successful get url: https://www.bing.com/th?id=OHR.DiaMataAtlantica2025_PT-BR6905728982_UHD.jpg
[09:31:16] Picture infomations saved to  global/pt-BR/README.md
[09:31:16] Picture infomations saved to global/pt-BR/history/2025/05/28_pt-BR.md
[09:31:16] Start geting global Bing Wallpaper, region=fr-FR, local time is 2025-05-27 11:31:16.541390+02:00
[09:31:16] Successful get url: https://www.bing.com/th?id=OHR.MonaValePool_FR-FR8065557035_UHD.jpg
[09:31:16] Picture infomations saved to  global/fr-FR/README.md
[09:31:16] Picture infomations saved to global/fr-FR/history/2025/05/27_fr-FR.md
[09:31:16] Start geting global Bing Wallpaper, region=de-DE, local time is 2025-05-27 11:31:16.660875+02:00
[09:31:16] Successful get url: https://www.bing.com/th?id=OHR.MonaValePool_DE-DE2862421756_UHD.jpg
[09:31:16] Picture infomations saved to  global/de-DE/README.md
[09:31:16] Picture infomations saved to global/de-DE/history/2025/05/27_de-DE.md
[09:31:16] Start geting global Bing Wallpaper, region=en-CA, local time is 2025-05-27 05:31:16.781130-04:00
[09:31:16] Successful get url: https://www.bing.com/th?id=OHR.MonaValePool_EN-CA6791615646_UHD.jpg
[09:31:16] Picture infomations saved to  global/en-CA/README.md
[09:31:16] Picture infomations saved to global/en-CA/history/2025/05/28_en-CA.md
[09:31:16] Start geting global Bing Wallpaper, region=en-GB, local time is 2025-05-27 10:31:16.884481+01:00
[09:31:16] Successful get url: https://www.bing.com/th?id=OHR.MonaValePool_EN-GB2284881837_UHD.jpg
[09:31:17] Picture infomations saved to  global/en-GB/README.md
[09:31:17] Picture infomations saved to global/en-GB/history/2025/05/27_en-GB.md
[09:31:17] Start geting global Bing Wallpaper, region=it-IT, local time is 2025-05-27 11:31:17.019681+02:00
[09:31:17] Successful get url: https://www.bing.com/th?id=OHR.OmbrelliMassa_IT-IT4285785207_UHD.jpg
[09:31:17] Picture infomations saved to  global/it-IT/README.md
[09:31:17] Picture infomations saved to global/it-IT/history/2025/05/27_it-IT.md
[09:31:17] Start geting global Bing Wallpaper, region=es-ES, local time is 2025-05-27 11:31:17.142356+02:00
[09:31:17] Successful get url: https://www.bing.com/th?id=OHR.MonaValePool_ES-ES7840857605_UHD.jpg
[09:31:17] Picture infomations saved to  global/es-ES/README.md
[09:31:17] Picture infomations saved to global/es-ES/history/2025/05/27_es-ES.md
[09:31:17] Start geting global Bing Wallpaper, region=fr-CA, local time is 2025-05-27 05:31:17.257708-04:00
[09:31:17] Successful get url: https://www.bing.com/th?id=OHR.MonaValePool_FR-CA3964374381_UHD.jpg
[09:31:17] Picture infomations saved to  global/fr-CA/README.md
[09:31:17] Picture infomations saved to global/fr-CA/history/2025/05/28_fr-CA.md
Program exit at 09:31:17

Program started at 16:17:13
Operating System Name: Linux
Operating System Version: #14~24.04.1-Ubuntu SMP Thu Apr 24 17:41:03 UTC 2025
System Architecture: ('64bit', 'ELF')
Computer Type: x86_64
Computer Name: fv-az1314-298
Processor Type: x86_64
Python Version: 3.12.10
Python Interpreter Name: CPython
[16:17:13] Start geting CN Bing Wallpaper
[16:17:14] Successful get url: https://www.bing.com/th?id=OHR.KelpOtter_ZH-CN8297228161_UHD.jpg
[16:17:14] Image saved to img/background.jpg
[16:17:14] Info saved to README.md
[16:17:14] Image saved to history/2025/05/28.md
[16:17:14] Start geting global Bing Wallpaper, region=en-US, local time is 2025-05-27 12:17:14.158784-04:00
[16:17:14] Successful get url: https://www.bing.com/th?id=OHR.MonaValePool_EN-US4805820773_UHD.jpg
[16:17:14] Picture infomations saved to  global/en-US/README.md
[16:17:14] Picture infomations saved to global/en-US/history/2025/05/28_en-US.md
[16:17:14] Start geting global Bing Wallpaper, region=ja-JP, local time is 2025-05-28 01:17:14.304505+09:00
[16:17:14] Successful get url: https://www.bing.com/th?id=OHR.KelpOtter_JA-JP0838803999_UHD.jpg
[16:17:14] Picture infomations saved to  global/ja-JP/README.md
[16:17:14] Picture infomations saved to global/ja-JP/history/2025/05/28_ja-JP.md
[16:17:14] Start geting global Bing Wallpaper, region=en-IN, local time is 2025-05-27 21:47:14.585665+05:30
[16:17:14] Successful get url: https://www.bing.com/th?id=OHR.MonaValePool_EN-IN8062779367_UHD.jpg
[16:17:14] Picture infomations saved to  global/en-IN/README.md
[16:17:14] Picture infomations saved to global/en-IN/history/2025/05/27_en-IN.md
[16:17:14] Start geting global Bing Wallpaper, region=pt-BR, local time is 2025-05-27 13:17:14.694794-03:00
[16:17:14] Successful get url: https://www.bing.com/th?id=OHR.DiaMataAtlantica2025_PT-BR6905728982_UHD.jpg
[16:17:14] Picture infomations saved to  global/pt-BR/README.md
[16:17:14] Picture infomations saved to global/pt-BR/history/2025/05/28_pt-BR.md
[16:17:14] Start geting global Bing Wallpaper, region=fr-FR, local time is 2025-05-27 18:17:14.905608+02:00
[16:17:14] Successful get url: https://www.bing.com/th?id=OHR.MonaValePool_FR-FR8065557035_UHD.jpg
[16:17:15] Picture infomations saved to  global/fr-FR/README.md
[16:17:15] Picture infomations saved to global/fr-FR/history/2025/05/27_fr-FR.md
[16:17:15] Start geting global Bing Wallpaper, region=de-DE, local time is 2025-05-27 18:17:15.036266+02:00
[16:17:15] Successful get url: https://www.bing.com/th?id=OHR.MonaValePool_DE-DE2862421756_UHD.jpg
[16:17:15] Picture infomations saved to  global/de-DE/README.md
[16:17:15] Picture infomations saved to global/de-DE/history/2025/05/27_de-DE.md
[16:17:15] Start geting global Bing Wallpaper, region=en-CA, local time is 2025-05-27 12:17:15.270965-04:00
[16:17:15] Successful get url: https://www.bing.com/th?id=OHR.MonaValePool_EN-CA6791615646_UHD.jpg
[16:17:15] Picture infomations saved to  global/en-CA/README.md
[16:17:15] Picture infomations saved to global/en-CA/history/2025/05/28_en-CA.md
[16:17:15] Start geting global Bing Wallpaper, region=en-GB, local time is 2025-05-27 17:17:15.434286+01:00
[16:17:15] Successful get url: https://www.bing.com/th?id=OHR.MonaValePool_EN-GB2284881837_UHD.jpg
[16:17:15] Picture infomations saved to  global/en-GB/README.md
[16:17:15] Picture infomations saved to global/en-GB/history/2025/05/27_en-GB.md
[16:17:15] Start geting global Bing Wallpaper, region=it-IT, local time is 2025-05-27 18:17:15.703049+02:00
[16:17:15] Successful get url: https://www.bing.com/th?id=OHR.OmbrelliMassa_IT-IT4285785207_UHD.jpg
[16:17:15] Picture infomations saved to  global/it-IT/README.md
[16:17:15] Picture infomations saved to global/it-IT/history/2025/05/27_it-IT.md
[16:17:15] Start geting global Bing Wallpaper, region=es-ES, local time is 2025-05-27 18:17:15.852297+02:00
[16:17:15] Successful get url: https://www.bing.com/th?id=OHR.MonaValePool_ES-ES7840857605_UHD.jpg
[16:17:15] Picture infomations saved to  global/es-ES/README.md
[16:17:15] Picture infomations saved to global/es-ES/history/2025/05/27_es-ES.md
[16:17:15] Start geting global Bing Wallpaper, region=fr-CA, local time is 2025-05-27 12:17:15.970364-04:00
[16:17:16] Successful get url: https://www.bing.com/th?id=OHR.MonaValePool_FR-CA3964374381_UHD.jpg
[16:17:16] Picture infomations saved to  global/fr-CA/README.md
[16:17:16] Picture infomations saved to global/fr-CA/history/2025/05/28_fr-CA.md
Program exit at 16:17:16
