
Program started at 09:32:13
Operating System Name: Linux
Operating System Version: #14~24.04.1-Ubuntu SMP Thu Apr 24 17:41:03 UTC 2025
System Architecture: ('64bit', 'ELF')
Computer Type: x86_64
Computer Name: fv-az1308-193
Processor Type: x86_64
Python Version: 3.12.10
Python Interpreter Name: CPython
[09:32:13] Start geting CN Bing Wallpaper
[09:32:13] Successful get url: https://www.bing.com/th?id=OHR.KelpOtter_ZH-CN8297228161_UHD.jpg
[09:32:13] Image saved to img/background.jpg
[09:32:13] Info saved to README.md
[09:32:13] Image saved to history/2025/05/28.md
[09:32:13] Start geting global Bing Wallpaper, region=en-US, local time is 2025-05-28 05:32:13.140937-04:00
[09:32:13] Successful get url: https://www.bing.com/th?id=OHR.KelpOtter_EN-US4867923884_UHD.jpg
[09:32:13] Picture infomations saved to  global/en-US/README.md
[09:32:13] Picture infomations saved to global/en-US/history/2025/05/29_en-US.md
[09:32:13] Start geting global Bing Wallpaper, region=ja-JP, local time is 2025-05-28 18:32:13.235413+09:00
[09:32:13] Successful get url: https://www.bing.com/th?id=OHR.KelpOtter_JA-JP0838803999_UHD.jpg
[09:32:13] Picture infomations saved to  global/ja-JP/README.md
[09:32:13] Picture infomations saved to global/ja-JP/history/2025/05/28_ja-JP.md
[09:32:13] Start geting global Bing Wallpaper, region=en-IN, local time is 2025-05-28 15:02:13.376491+05:30
[09:32:13] Successful get url: https://www.bing.com/th?id=OHR.KelpOtter_EN-IN0989850469_UHD.jpg
[09:32:13] Picture infomations saved to  global/en-IN/README.md
[09:32:13] Picture infomations saved to global/en-IN/history/2025/05/28_en-IN.md
[09:32:13] Start geting global Bing Wallpaper, region=pt-BR, local time is 2025-05-28 06:32:13.460422-03:00
[09:32:13] Successful get url: https://www.bing.com/th?id=OHR.KelpOtter_PT-BR7205269839_UHD.jpg
[09:32:13] Picture infomations saved to  global/pt-BR/README.md
[09:32:13] Picture infomations saved to global/pt-BR/history/2025/05/29_pt-BR.md
[09:32:13] Start geting global Bing Wallpaper, region=fr-FR, local time is 2025-05-28 11:32:13.560192+02:00
[09:32:13] Successful get url: https://www.bing.com/th?id=OHR.KelpOtter_FR-FR8247286249_UHD.jpg
[09:32:13] Picture infomations saved to  global/fr-FR/README.md
[09:32:13] Picture infomations saved to global/fr-FR/history/2025/05/28_fr-FR.md
[09:32:13] Start geting global Bing Wallpaper, region=de-DE, local time is 2025-05-28 11:32:13.648525+02:00
[09:32:13] Successful get url: https://www.bing.com/th?id=OHR.KelpOtter_DE-DE1256617925_UHD.jpg
[09:32:13] Picture infomations saved to  global/de-DE/README.md
[09:32:13] Picture infomations saved to global/de-DE/history/2025/05/28_de-DE.md
[09:32:13] Start geting global Bing Wallpaper, region=en-CA, local time is 2025-05-28 05:32:13.742189-04:00
[09:32:13] Successful get url: https://www.bing.com/th?id=OHR.KelpOtter_EN-CA6928733968_UHD.jpg
[09:32:13] Picture infomations saved to  global/en-CA/README.md
[09:32:13] Picture infomations saved to global/en-CA/history/2025/05/29_en-CA.md
[09:32:13] Start geting global Bing Wallpaper, region=en-GB, local time is 2025-05-28 10:32:13.822264+01:00
[09:32:13] Successful get url: https://www.bing.com/th?id=OHR.KelpOtter_EN-GB3307429854_UHD.jpg
[09:32:13] Picture infomations saved to  global/en-GB/README.md
[09:32:13] Picture infomations saved to global/en-GB/history/2025/05/28_en-GB.md
[09:32:13] Start geting global Bing Wallpaper, region=it-IT, local time is 2025-05-28 11:32:13.912231+02:00
[09:32:13] Successful get url: https://www.bing.com/th?id=OHR.KelpOtter_IT-IT4372349313_UHD.jpg
[09:32:13] Picture infomations saved to  global/it-IT/README.md
[09:32:13] Picture infomations saved to global/it-IT/history/2025/05/28_it-IT.md
[09:32:13] Start geting global Bing Wallpaper, region=es-ES, local time is 2025-05-28 11:32:13.999436+02:00
[09:32:14] Successful get url: https://www.bing.com/th?id=OHR.KelpOtter_ES-ES7948164932_UHD.jpg
[09:32:14] Picture infomations saved to  global/es-ES/README.md
[09:32:14] Picture infomations saved to global/es-ES/history/2025/05/28_es-ES.md
[09:32:14] Start geting global Bing Wallpaper, region=fr-CA, local time is 2025-05-28 05:32:14.097681-04:00
[09:32:14] Successful get url: https://www.bing.com/th?id=OHR.KelpOtter_FR-CA4404074931_UHD.jpg
[09:32:14] Picture infomations saved to  global/fr-CA/README.md
[09:32:14] Picture infomations saved to global/fr-CA/history/2025/05/29_fr-CA.md
Program exit at 09:32:14

Program started at 16:15:52
Operating System Name: Linux
Operating System Version: #15~24.04.1-Ubuntu SMP Thu May  1 02:52:08 UTC 2025
System Architecture: ('64bit', 'ELF')
Computer Type: x86_64
Computer Name: fv-az1338-165
Processor Type: x86_64
Python Version: 3.12.10
Python Interpreter Name: CPython
[16:15:52] Start geting CN Bing Wallpaper
[16:15:52] Successful get url: https://www.bing.com/th?id=OHR.MiravetSpain_ZH-CN8584568741_UHD.jpg
[16:15:53] Image saved to img/background.jpg
[16:15:53] Info saved to README.md
[16:15:53] Image saved to history/2025/05/29.md
[16:15:53] Start geting global Bing Wallpaper, region=en-US, local time is 2025-05-28 12:15:53.041689-04:00
[16:15:53] Successful get url: https://www.bing.com/th?id=OHR.KelpOtter_EN-US4867923884_UHD.jpg
[16:15:53] Picture infomations saved to  global/en-US/README.md
[16:15:53] Picture infomations saved to global/en-US/history/2025/05/29_en-US.md
[16:15:53] Start geting global Bing Wallpaper, region=ja-JP, local time is 2025-05-29 01:15:53.194471+09:00
[16:15:53] Successful get url: https://www.bing.com/th?id=OHR.MiravetSpain_JA-JP1110549507_UHD.jpg
[16:15:53] Picture infomations saved to  global/ja-JP/README.md
[16:15:53] Picture infomations saved to global/ja-JP/history/2025/05/29_ja-JP.md
[16:15:53] Start geting global Bing Wallpaper, region=en-IN, local time is 2025-05-28 21:45:53.323645+05:30
[16:15:53] Successful get url: https://www.bing.com/th?id=OHR.KelpOtter_EN-IN0989850469_UHD.jpg
[16:15:53] Picture infomations saved to  global/en-IN/README.md
[16:15:53] Picture infomations saved to global/en-IN/history/2025/05/28_en-IN.md
[16:15:53] Start geting global Bing Wallpaper, region=pt-BR, local time is 2025-05-28 13:15:53.490863-03:00
[16:15:53] Successful get url: https://www.bing.com/th?id=OHR.KelpOtter_PT-BR7205269839_UHD.jpg
[16:15:53] Picture infomations saved to  global/pt-BR/README.md
[16:15:53] Picture infomations saved to global/pt-BR/history/2025/05/29_pt-BR.md
[16:15:53] Start geting global Bing Wallpaper, region=fr-FR, local time is 2025-05-28 18:15:53.627527+02:00
[16:15:53] Successful get url: https://www.bing.com/th?id=OHR.KelpOtter_FR-FR8247286249_UHD.jpg
[16:15:53] Picture infomations saved to  global/fr-FR/README.md
[16:15:53] Picture infomations saved to global/fr-FR/history/2025/05/28_fr-FR.md
[16:15:53] Start geting global Bing Wallpaper, region=de-DE, local time is 2025-05-28 18:15:53.757644+02:00
[16:15:53] Successful get url: https://www.bing.com/th?id=OHR.KelpOtter_DE-DE1256617925_UHD.jpg
[16:15:53] Picture infomations saved to  global/de-DE/README.md
[16:15:53] Picture infomations saved to global/de-DE/history/2025/05/28_de-DE.md
[16:15:53] Start geting global Bing Wallpaper, region=en-CA, local time is 2025-05-28 12:15:53.893830-04:00
[16:15:53] Successful get url: https://www.bing.com/th?id=OHR.KelpOtter_EN-CA6928733968_UHD.jpg
[16:15:54] Picture infomations saved to  global/en-CA/README.md
[16:15:54] Picture infomations saved to global/en-CA/history/2025/05/29_en-CA.md
[16:15:54] Start geting global Bing Wallpaper, region=en-GB, local time is 2025-05-28 17:15:54.006386+01:00
[16:15:54] Successful get url: https://www.bing.com/th?id=OHR.KelpOtter_EN-GB3307429854_UHD.jpg
[16:15:54] Picture infomations saved to  global/en-GB/README.md
[16:15:54] Picture infomations saved to global/en-GB/history/2025/05/28_en-GB.md
[16:15:54] Start geting global Bing Wallpaper, region=it-IT, local time is 2025-05-28 18:15:54.159972+02:00
[16:15:54] Successful get url: https://www.bing.com/th?id=OHR.KelpOtter_IT-IT4372349313_UHD.jpg
[16:15:54] Picture infomations saved to  global/it-IT/README.md
[16:15:54] Picture infomations saved to global/it-IT/history/2025/05/28_it-IT.md
[16:15:54] Start geting global Bing Wallpaper, region=es-ES, local time is 2025-05-28 18:15:54.273587+02:00
[16:15:54] Successful get url: https://www.bing.com/th?id=OHR.KelpOtter_ES-ES7948164932_UHD.jpg
[16:15:54] Picture infomations saved to  global/es-ES/README.md
[16:15:54] Picture infomations saved to global/es-ES/history/2025/05/28_es-ES.md
[16:15:54] Start geting global Bing Wallpaper, region=fr-CA, local time is 2025-05-28 12:15:54.379317-04:00
[16:15:54] Successful get url: https://www.bing.com/th?id=OHR.KelpOtter_FR-CA4404074931_UHD.jpg
[16:15:54] Picture infomations saved to  global/fr-CA/README.md
[16:15:54] Picture infomations saved to global/fr-CA/history/2025/05/29_fr-CA.md
Program exit at 16:15:54
