
Program started at 09:30:59
Operating System Name: Linux
Operating System Version: #14~24.04.1-Ubuntu SMP Thu Apr 24 17:41:03 UTC 2025
System Architecture: ('64bit', 'ELF')
Computer Type: x86_64
Computer Name: fv-az1945-872
Processor Type: x86_64
Python Version: 3.12.10
Python Interpreter Name: CPython
[09:30:59] Start geting CN Bing Wallpaper
[09:30:59] Successful get url: https://www.bing.com/th?id=OHR.GreenMacaw_ZH-CN3451340204_UHD.jpg
[09:30:59] Image saved to img/background.jpg
[09:30:59] Info saved to README.md
[09:30:59] Image saved to history/2025/05/16.md
[09:30:59] Start geting global Bing Wallpaper, region=en-US, local time is 2025-05-16 05:30:59.837011-04:00
[09:30:59] Successful get url: https://www.bing.com/th?id=OHR.GreenMacaw_EN-US1646325635_UHD.jpg
[09:30:59] Picture infomations saved to  global/en-US/README.md
[09:30:59] Picture infomations saved to global/en-US/history/2025/05/17_en-US.md
[09:30:59] Start geting global Bing Wallpaper, region=ja-JP, local time is 2025-05-16 18:30:59.963181+09:00
[09:30:59] Successful get url: https://www.bing.com/th?id=OHR.Arashiyama2025_JA-JP6326802936_UHD.jpg
[09:31:00] Picture infomations saved to  global/ja-JP/README.md
[09:31:00] Picture infomations saved to global/ja-JP/history/2025/05/16_ja-JP.md
[09:31:00] Start geting global Bing Wallpaper, region=en-IN, local time is 2025-05-16 15:01:00.091290+05:30
[09:31:00] Successful get url: https://www.bing.com/th?id=OHR.HawaMahalIN_EN-IN6116640436_UHD.jpg
[09:31:00] Picture infomations saved to  global/en-IN/README.md
[09:31:00] Picture infomations saved to global/en-IN/history/2025/05/16_en-IN.md
[09:31:00] Start geting global Bing Wallpaper, region=pt-BR, local time is 2025-05-16 06:31:00.203329-03:00
[09:31:00] Successful get url: https://www.bing.com/th?id=OHR.GreenMacaw_PT-BR8455225327_UHD.jpg
[09:31:00] Picture infomations saved to  global/pt-BR/README.md
[09:31:00] Picture infomations saved to global/pt-BR/history/2025/05/17_pt-BR.md
[09:31:00] Start geting global Bing Wallpaper, region=fr-FR, local time is 2025-05-16 11:31:00.332223+02:00
[09:31:00] Successful get url: https://www.bing.com/th?id=OHR.GreenMacaw_FR-FR5042488002_UHD.jpg
[09:31:00] Picture infomations saved to  global/fr-FR/README.md
[09:31:00] Picture infomations saved to global/fr-FR/history/2025/05/16_fr-FR.md
[09:31:00] Start geting global Bing Wallpaper, region=de-DE, local time is 2025-05-16 11:31:00.444817+02:00
[09:31:00] Successful get url: https://www.bing.com/th?id=OHR.GreenMacaw_DE-DE4297947779_UHD.jpg
[09:31:00] Picture infomations saved to  global/de-DE/README.md
[09:31:00] Picture infomations saved to global/de-DE/history/2025/05/16_de-DE.md
[09:31:00] Start geting global Bing Wallpaper, region=en-CA, local time is 2025-05-16 05:31:00.566314-04:00
[09:31:00] Successful get url: https://www.bing.com/th?id=OHR.GreenMacaw_EN-CA2859650234_UHD.jpg
[09:31:00] Picture infomations saved to  global/en-CA/README.md
[09:31:00] Picture infomations saved to global/en-CA/history/2025/05/17_en-CA.md
[09:31:00] Start geting global Bing Wallpaper, region=en-GB, local time is 2025-05-16 10:31:00.676494+01:00
[09:31:00] Successful get url: https://www.bing.com/th?id=OHR.GreenMacaw_EN-GB3705576652_UHD.jpg
[09:31:00] Picture infomations saved to  global/en-GB/README.md
[09:31:00] Picture infomations saved to global/en-GB/history/2025/05/16_en-GB.md
[09:31:00] Start geting global Bing Wallpaper, region=it-IT, local time is 2025-05-16 11:31:00.849927+02:00
[09:31:00] Successful get url: https://www.bing.com/th?id=OHR.Arashiyama2025_IT-IT8185963195_UHD.jpg
[09:31:00] Picture infomations saved to  global/it-IT/README.md
[09:31:00] Picture infomations saved to global/it-IT/history/2025/05/16_it-IT.md
[09:31:00] Start geting global Bing Wallpaper, region=es-ES, local time is 2025-05-16 11:31:00.961827+02:00
[09:31:00] Successful get url: https://www.bing.com/th?id=OHR.GreenMacaw_ES-ES6043560768_UHD.jpg
[09:31:01] Picture infomations saved to  global/es-ES/README.md
[09:31:01] Picture infomations saved to global/es-ES/history/2025/05/16_es-ES.md
[09:31:01] Start geting global Bing Wallpaper, region=fr-CA, local time is 2025-05-16 05:31:01.074155-04:00
[09:31:01] Successful get url: https://www.bing.com/th?id=OHR.GreenMacaw_FR-CA1774456551_UHD.jpg
[09:31:01] Picture infomations saved to  global/fr-CA/README.md
[09:31:01] Picture infomations saved to global/fr-CA/history/2025/05/17_fr-CA.md
Program exit at 09:31:01
