
Program started at 09:25:10
Operating System Name: Linux
Operating System Version: #23~22.04.1-Ubuntu SMP Thu May  9 17:59:24 UTC 2024
System Architecture: ('64bit', 'ELF')
Computer Type: x86_64
Computer Name: fv-az1435-766
Processor Type: x86_64
Python Version: 3.12.4
Python Interpreter Name: CPython
[09:25:10] Start geting CN Bing Wallpaper
[09:25:10] Successful get url: https://www.bing.com/th?id=OHR.FlorenceDuomo_ZH-CN7379412586_UHD.jpg
[09:25:10] Image saved to img/background.jpg
[09:25:10] Info saved to README.md
[09:25:10] Image saved to history/2024/06/27.md
[09:25:10] Start geting global Bing Wallpaper, region=en-US, local time is 2024-06-27 05:25:10.800557-04:00
[09:25:10] Successful get url: https://www.bing.com/th?id=OHR.FlorenceDuomo_EN-US1448955167_UHD.jpg
[09:25:11] Picture infomations saved to  global/en-US/README.md
[09:25:11] Picture infomations saved to global/en-US/history/2024/06/28_en-US.md
[09:25:11] Start geting global Bing Wallpaper, region=ja-JP, local time is 2024-06-27 18:25:11.050045+09:00
[09:25:11] Successful get url: https://www.bing.com/th?id=OHR.Ayame2024_JA-JP3356201078_UHD.jpg
[09:25:11] Picture infomations saved to  global/ja-JP/README.md
[09:25:11] Picture infomations saved to global/ja-JP/history/2024/06/27_ja-JP.md
[09:25:11] Start geting global Bing Wallpaper, region=en-IN, local time is 2024-06-27 14:55:11.199952+05:30
[09:25:11] Successful get url: https://www.bing.com/th?id=OHR.FlorenceDuomo_EN-IN0160356722_UHD.jpg
[09:25:11] Picture infomations saved to  global/en-IN/README.md
[09:25:11] Picture infomations saved to global/en-IN/history/2024/06/27_en-IN.md
[09:25:11] Start geting global Bing Wallpaper, region=pt-BR, local time is 2024-06-27 06:25:11.334746-03:00
[09:25:11] Successful get url: https://www.bing.com/th?id=OHR.FlorenceDuomo_PT-BR4528036954_UHD.jpg
[09:25:11] Picture infomations saved to  global/pt-BR/README.md
[09:25:11] Picture infomations saved to global/pt-BR/history/2024/06/28_pt-BR.md
[09:25:11] Start geting global Bing Wallpaper, region=fr-FR, local time is 2024-06-27 11:25:11.471750+02:00
[09:25:11] Successful get url: https://www.bing.com/th?id=OHR.FlorenceDuomo_FR-FR6562213181_UHD.jpg
[09:25:11] Picture infomations saved to  global/fr-FR/README.md
[09:25:11] Picture infomations saved to global/fr-FR/history/2024/06/27_fr-FR.md
[09:25:11] Start geting global Bing Wallpaper, region=de-DE, local time is 2024-06-27 11:25:11.592701+02:00
[09:25:11] Successful get url: https://www.bing.com/th?id=OHR.FlorenceDuomo_DE-DE5707653753_UHD.jpg
[09:25:11] Picture infomations saved to  global/de-DE/README.md
[09:25:11] Picture infomations saved to global/de-DE/history/2024/06/27_de-DE.md
[09:25:11] Start geting global Bing Wallpaper, region=en-CA, local time is 2024-06-27 05:25:11.733065-04:00
[09:25:11] Successful get url: https://www.bing.com/th?id=OHR.FlorenceDuomo_EN-CA9972074175_UHD.jpg
[09:25:11] Picture infomations saved to  global/en-CA/README.md
[09:25:11] Picture infomations saved to global/en-CA/history/2024/06/28_en-CA.md
[09:25:11] Start geting global Bing Wallpaper, region=en-GB, local time is 2024-06-27 10:25:11.875567+01:00
[09:25:11] Successful get url: https://www.bing.com/th?id=OHR.FlorenceDuomo_EN-GB0264090217_UHD.jpg
[09:25:12] Picture infomations saved to  global/en-GB/README.md
[09:25:12] Picture infomations saved to global/en-GB/history/2024/06/27_en-GB.md
[09:25:12] Start geting global Bing Wallpaper, region=it-IT, local time is 2024-06-27 11:25:12.015224+02:00
[09:25:12] Successful get url: https://www.bing.com/th?id=OHR.FlorenceDuomo_IT-IT5589174181_UHD.jpg
[09:25:12] Picture infomations saved to  global/it-IT/README.md
[09:25:12] Picture infomations saved to global/it-IT/history/2024/06/27_it-IT.md
[09:25:12] Start geting global Bing Wallpaper, region=es-ES, local time is 2024-06-27 11:25:12.174359+02:00
[09:25:12] Successful get url: https://www.bing.com/th?id=OHR.FlorenceDuomo_ES-ES9598633460_UHD.jpg
[09:25:12] Picture infomations saved to  global/es-ES/README.md
[09:25:12] Picture infomations saved to global/es-ES/history/2024/06/27_es-ES.md
[09:25:12] Start geting global Bing Wallpaper, region=fr-CA, local time is 2024-06-27 05:25:12.297970-04:00
[09:25:12] Successful get url: https://www.bing.com/th?id=OHR.FlorenceDuomo_FR-CA4457797022_UHD.jpg
[09:25:12] Picture infomations saved to  global/fr-CA/README.md
[09:25:12] Picture infomations saved to global/fr-CA/history/2024/06/28_fr-CA.md
Program exit at 09:25:12
