
Program started at 09:25:13
Operating System Name: Linux
Operating System Version: #23~22.04.1-Ubuntu SMP Thu May  9 17:59:24 UTC 2024
System Architecture: ('64bit', 'ELF')
Computer Type: x86_64
Computer Name: fv-az585-759
Processor Type: x86_64
Python Version: 3.12.4
Python Interpreter Name: CPython
[09:25:13] Start geting CN Bing Wallpaper
[09:25:13] Successful get url: https://www.bing.com/th?id=OHR.ChauseyIslands_ZH-CN4241103934_UHD.jpg
[09:25:14] Image saved to img/background.jpg
[09:25:14] Info saved to README.md
[09:25:14] Image saved to history/2024/06/28.md
[09:25:14] Start geting global Bing Wallpaper, region=en-US, local time is 2024-06-28 05:25:14.069600-04:00
[09:25:14] Successful get url: https://www.bing.com/th?id=OHR.ChristopherPark_EN-US9362447266_UHD.jpg
[09:25:14] Picture infomations saved to  global/en-US/README.md
[09:25:14] Picture infomations saved to global/en-US/history/2024/06/29_en-US.md
[09:25:14] Start geting global Bing Wallpaper, region=ja-JP, local time is 2024-06-28 18:25:14.329229+09:00
[09:25:14] Successful get url: https://www.bing.com/th?id=OHR.ChristopherPark_JA-JP8669771947_UHD.jpg
[09:25:14] Picture infomations saved to  global/ja-JP/README.md
[09:25:14] Picture infomations saved to global/ja-JP/history/2024/06/28_ja-JP.md
[09:25:14] Start geting global Bing Wallpaper, region=en-IN, local time is 2024-06-28 14:55:14.595073+05:30
[09:25:14] Successful get url: https://www.bing.com/th?id=OHR.ChristopherPark_EN-IN0638219094_UHD.jpg
[09:25:14] Picture infomations saved to  global/en-IN/README.md
[09:25:14] Picture infomations saved to global/en-IN/history/2024/06/28_en-IN.md
[09:25:14] Start geting global Bing Wallpaper, region=pt-BR, local time is 2024-06-28 06:25:14.887222-03:00
[09:25:14] Successful get url: https://www.bing.com/th?id=OHR.Pride2024_PT-BR0771293980_UHD.jpg
[09:25:15] Picture infomations saved to  global/pt-BR/README.md
[09:25:15] Picture infomations saved to global/pt-BR/history/2024/06/29_pt-BR.md
[09:25:15] Start geting global Bing Wallpaper, region=fr-FR, local time is 2024-06-28 11:25:15.175613+02:00
[09:25:15] Successful get url: https://www.bing.com/th?id=OHR.ParisPrideParade_FR-FR5537567713_UHD.jpg
[09:25:15] Picture infomations saved to  global/fr-FR/README.md
[09:25:15] Picture infomations saved to global/fr-FR/history/2024/06/28_fr-FR.md
[09:25:15] Start geting global Bing Wallpaper, region=de-DE, local time is 2024-06-28 11:25:15.448202+02:00
[09:25:15] Successful get url: https://www.bing.com/th?id=OHR.AllianzArena_DE-DE5063263728_UHD.jpg
[09:25:15] Picture infomations saved to  global/de-DE/README.md
[09:25:15] Picture infomations saved to global/de-DE/history/2024/06/28_de-DE.md
[09:25:15] Start geting global Bing Wallpaper, region=en-CA, local time is 2024-06-28 05:25:15.707248-04:00
[09:25:15] Successful get url: https://www.bing.com/th?id=OHR.ChristopherPark_EN-CA4001451105_UHD.jpg
[09:25:15] Picture infomations saved to  global/en-CA/README.md
[09:25:15] Picture infomations saved to global/en-CA/history/2024/06/29_en-CA.md
[09:25:15] Start geting global Bing Wallpaper, region=en-GB, local time is 2024-06-28 10:25:15.958700+01:00
[09:25:16] Successful get url: https://www.bing.com/th?id=OHR.ChristopherPark_EN-GB4906176732_UHD.jpg
[09:25:16] Picture infomations saved to  global/en-GB/README.md
[09:25:16] Picture infomations saved to global/en-GB/history/2024/06/28_en-GB.md
[09:25:16] Start geting global Bing Wallpaper, region=it-IT, local time is 2024-06-28 11:25:16.208127+02:00
[09:25:16] Successful get url: https://www.bing.com/th?id=OHR.ChristopherPark_IT-IT1992922645_UHD.jpg
[09:25:16] Picture infomations saved to  global/it-IT/README.md
[09:25:16] Picture infomations saved to global/it-IT/history/2024/06/28_it-IT.md
[09:25:16] Start geting global Bing Wallpaper, region=es-ES, local time is 2024-06-28 11:25:16.463427+02:00
[09:25:16] Successful get url: https://www.bing.com/th?id=OHR.PrideMadrid_ES-ES8204092682_UHD.jpg
[09:25:16] Picture infomations saved to  global/es-ES/README.md
[09:25:16] Picture infomations saved to global/es-ES/history/2024/06/28_es-ES.md
[09:25:16] Start geting global Bing Wallpaper, region=fr-CA, local time is 2024-06-28 05:25:16.743687-04:00
[09:25:16] Successful get url: https://www.bing.com/th?id=OHR.ChristopherPark_FR-CA0383341384_UHD.jpg
[09:25:17] Picture infomations saved to  global/fr-CA/README.md
[09:25:17] Picture infomations saved to global/fr-CA/history/2024/06/29_fr-CA.md
Program exit at 09:25:17

Program started at 16:12:26
Operating System Name: Linux
Operating System Version: #23~22.04.1-Ubuntu SMP Thu May  9 17:59:24 UTC 2024
System Architecture: ('64bit', 'ELF')
Computer Type: x86_64
Computer Name: fv-az700-247
Processor Type: x86_64
Python Version: 3.12.4
Python Interpreter Name: CPython
[16:12:26] Start geting CN Bing Wallpaper
[16:12:26] Successful get url: https://www.bing.com/th?id=OHR.NienhagenMecklenburg_ZH-CN4482269700_UHD.jpg
[16:12:26] Image saved to img/background.jpg
[16:12:26] Info saved to README.md
[16:12:26] Image saved to history/2024/06/29.md
[16:12:26] Start geting global Bing Wallpaper, region=en-US, local time is 2024-06-28 12:12:26.510007-04:00
[16:12:26] Successful get url: https://www.bing.com/th?id=OHR.ChristopherPark_EN-US9362447266_UHD.jpg
[16:12:26] Picture infomations saved to  global/en-US/README.md
[16:12:26] Picture infomations saved to global/en-US/history/2024/06/29_en-US.md
[16:12:26] Start geting global Bing Wallpaper, region=ja-JP, local time is 2024-06-29 01:12:26.630483+09:00
[16:12:26] Successful get url: https://www.bing.com/th?id=OHR.TourCorsica_JA-JP9224507458_UHD.jpg
[16:12:26] Picture infomations saved to  global/ja-JP/README.md
[16:12:26] Picture infomations saved to global/ja-JP/history/2024/06/29_ja-JP.md
[16:12:26] Start geting global Bing Wallpaper, region=en-IN, local time is 2024-06-28 21:42:26.811197+05:30
[16:12:26] Successful get url: https://www.bing.com/th?id=OHR.ChristopherPark_EN-IN0638219094_UHD.jpg
[16:12:26] Picture infomations saved to  global/en-IN/README.md
[16:12:26] Picture infomations saved to global/en-IN/history/2024/06/28_en-IN.md
[16:12:26] Start geting global Bing Wallpaper, region=pt-BR, local time is 2024-06-28 13:12:26.928273-03:00
[16:12:26] Successful get url: https://www.bing.com/th?id=OHR.Pride2024_PT-BR0771293980_UHD.jpg
[16:12:27] Picture infomations saved to  global/pt-BR/README.md
[16:12:27] Picture infomations saved to global/pt-BR/history/2024/06/29_pt-BR.md
[16:12:27] Start geting global Bing Wallpaper, region=fr-FR, local time is 2024-06-28 18:12:27.070147+02:00
[16:12:27] Successful get url: https://www.bing.com/th?id=OHR.ParisPrideParade_FR-FR5537567713_UHD.jpg
[16:12:27] Picture infomations saved to  global/fr-FR/README.md
[16:12:27] Picture infomations saved to global/fr-FR/history/2024/06/28_fr-FR.md
[16:12:27] Start geting global Bing Wallpaper, region=de-DE, local time is 2024-06-28 18:12:27.207219+02:00
[16:12:27] Successful get url: https://www.bing.com/th?id=OHR.AllianzArena_DE-DE5063263728_UHD.jpg
[16:12:27] Picture infomations saved to  global/de-DE/README.md
[16:12:27] Picture infomations saved to global/de-DE/history/2024/06/28_de-DE.md
[16:12:27] Start geting global Bing Wallpaper, region=en-CA, local time is 2024-06-28 12:12:27.348095-04:00
[16:12:27] Successful get url: https://www.bing.com/th?id=OHR.ChristopherPark_EN-CA4001451105_UHD.jpg
[16:12:27] Picture infomations saved to  global/en-CA/README.md
[16:12:27] Picture infomations saved to global/en-CA/history/2024/06/29_en-CA.md
[16:12:27] Start geting global Bing Wallpaper, region=en-GB, local time is 2024-06-28 17:12:27.452295+01:00
[16:12:27] Successful get url: https://www.bing.com/th?id=OHR.ChristopherPark_EN-GB4906176732_UHD.jpg
[16:12:27] Picture infomations saved to  global/en-GB/README.md
[16:12:27] Picture infomations saved to global/en-GB/history/2024/06/28_en-GB.md
[16:12:27] Start geting global Bing Wallpaper, region=it-IT, local time is 2024-06-28 18:12:27.573132+02:00
[16:12:27] Successful get url: https://www.bing.com/th?id=OHR.ChristopherPark_IT-IT1992922645_UHD.jpg
[16:12:27] Picture infomations saved to  global/it-IT/README.md
[16:12:27] Picture infomations saved to global/it-IT/history/2024/06/28_it-IT.md
[16:12:27] Start geting global Bing Wallpaper, region=es-ES, local time is 2024-06-28 18:12:27.676242+02:00
[16:12:27] Successful get url: https://www.bing.com/th?id=OHR.PrideMadrid_ES-ES8204092682_UHD.jpg
[16:12:27] Picture infomations saved to  global/es-ES/README.md
[16:12:27] Picture infomations saved to global/es-ES/history/2024/06/28_es-ES.md
[16:12:27] Start geting global Bing Wallpaper, region=fr-CA, local time is 2024-06-28 12:12:27.776456-04:00
[16:12:27] Successful get url: https://www.bing.com/th?id=OHR.ChristopherPark_FR-CA0383341384_UHD.jpg
[16:12:27] Picture infomations saved to  global/fr-CA/README.md
[16:12:27] Picture infomations saved to global/fr-CA/history/2024/06/29_fr-CA.md
Program exit at 16:12:27
