
Program started at 09:26:47
Operating System Name: Linux
Operating System Version: #23~22.04.1-Ubuntu SMP Thu May  9 17:59:24 UTC 2024
System Architecture: ('64bit', 'ELF')
Computer Type: x86_64
Computer Name: fv-az1118-736
Processor Type: x86_64
Python Version: 3.12.4
Python Interpreter Name: CPython
[09:26:47] Start geting CN Bing Wallpaper
[09:26:47] Successful get url: https://www.bing.com/th?id=OHR.FloresIsland_ZH-CN6930246149_UHD.jpg
[09:26:47] Image saved to img/background.jpg
[09:26:47] Info saved to README.md
[09:26:47] Image saved to history/2024/06/24.md
[09:26:47] Start geting global Bing Wallpaper, region=en-US, local time is 2024-06-24 05:26:47.374645-04:00
[09:26:47] Successful get url: https://www.bing.com/th?id=OHR.FloresIsland_EN-US1042279828_UHD.jpg
[09:26:47] Picture infomations saved to  global/en-US/README.md
[09:26:47] Picture infomations saved to global/en-US/history/2024/06/25_en-US.md
[09:26:47] Start geting global Bing Wallpaper, region=ja-JP, local time is 2024-06-24 18:26:47.522878+09:00
[09:26:47] Successful get url: https://www.bing.com/th?id=OHR.FloresIsland_JA-JP2788584919_UHD.jpg
[09:26:47] Picture infomations saved to  global/ja-JP/README.md
[09:26:47] Picture infomations saved to global/ja-JP/history/2024/06/24_ja-JP.md
[09:26:47] Start geting global Bing Wallpaper, region=en-IN, local time is 2024-06-24 14:56:47.665580+05:30
[09:26:47] Successful get url: https://www.bing.com/th?id=OHR.FloresIsland_EN-IN8603604106_UHD.jpg
[09:26:47] Picture infomations saved to  global/en-IN/README.md
[09:26:47] Picture infomations saved to global/en-IN/history/2024/06/24_en-IN.md
[09:26:47] Start geting global Bing Wallpaper, region=pt-BR, local time is 2024-06-24 06:26:47.802275-03:00
[09:26:47] Successful get url: https://www.bing.com/th?id=OHR.FestasJuninas_PT-BR2004376750_UHD.jpg
[09:26:47] Picture infomations saved to  global/pt-BR/README.md
[09:26:47] Picture infomations saved to global/pt-BR/history/2024/06/25_pt-BR.md
[09:26:47] Start geting global Bing Wallpaper, region=fr-FR, local time is 2024-06-24 11:26:47.963832+02:00
[09:26:48] Successful get url: https://www.bing.com/th?id=OHR.FloresIsland_FR-FR5999028657_UHD.jpg
[09:26:48] Picture infomations saved to  global/fr-FR/README.md
[09:26:48] Picture infomations saved to global/fr-FR/history/2024/06/24_fr-FR.md
[09:26:48] Start geting global Bing Wallpaper, region=de-DE, local time is 2024-06-24 11:26:48.136173+02:00
[09:26:48] Successful get url: https://www.bing.com/th?id=OHR.FloresIsland_DE-DE4765362804_UHD.jpg
[09:26:48] Picture infomations saved to  global/de-DE/README.md
[09:26:48] Picture infomations saved to global/de-DE/history/2024/06/24_de-DE.md
[09:26:48] Start geting global Bing Wallpaper, region=en-CA, local time is 2024-06-24 05:26:48.222726-04:00
[09:26:48] Successful get url: https://www.bing.com/th?id=OHR.FloresIsland_EN-CA9405786955_UHD.jpg
[09:26:48] Picture infomations saved to  global/en-CA/README.md
[09:26:48] Picture infomations saved to global/en-CA/history/2024/06/25_en-CA.md
[09:26:48] Start geting global Bing Wallpaper, region=en-GB, local time is 2024-06-24 10:26:48.372082+01:00
[09:26:48] Successful get url: https://www.bing.com/th?id=OHR.FloresIsland_EN-GB9368933126_UHD.jpg
[09:26:48] Picture infomations saved to  global/en-GB/README.md
[09:26:48] Picture infomations saved to global/en-GB/history/2024/06/24_en-GB.md
[09:26:48] Start geting global Bing Wallpaper, region=it-IT, local time is 2024-06-24 11:26:48.502591+02:00
[09:26:48] Successful get url: https://www.bing.com/th?id=OHR.FloresIsland_IT-IT4545607892_UHD.jpg
[09:26:48] Picture infomations saved to  global/it-IT/README.md
[09:26:48] Picture infomations saved to global/it-IT/history/2024/06/24_it-IT.md
[09:26:48] Start geting global Bing Wallpaper, region=es-ES, local time is 2024-06-24 11:26:48.639855+02:00
[09:26:48] Successful get url: https://www.bing.com/th?id=OHR.FloresIsland_ES-ES8971100389_UHD.jpg
[09:26:48] Picture infomations saved to  global/es-ES/README.md
[09:26:48] Picture infomations saved to global/es-ES/history/2024/06/24_es-ES.md
[09:26:48] Start geting global Bing Wallpaper, region=fr-CA, local time is 2024-06-24 05:26:48.785830-04:00
[09:26:48] Successful get url: https://www.bing.com/th?id=OHR.FloresIsland_FR-CA3777595077_UHD.jpg
[09:26:48] Picture infomations saved to  global/fr-CA/README.md
[09:26:48] Picture infomations saved to global/fr-CA/history/2024/06/25_fr-CA.md
Program exit at 09:26:48

Program started at 16:12:28
Operating System Name: Linux
Operating System Version: #23~22.04.1-Ubuntu SMP Thu May  9 17:59:24 UTC 2024
System Architecture: ('64bit', 'ELF')
Computer Type: x86_64
Computer Name: fv-az773-334
Processor Type: x86_64
Python Version: 3.12.4
Python Interpreter Name: CPython
[16:12:28] Start geting CN Bing Wallpaper
[16:12:28] Successful get url: https://www.bing.com/th?id=OHR.FireWave_ZH-CN7110736577_UHD.jpg
[16:12:28] Image saved to img/background.jpg
[16:12:28] Info saved to README.md
[16:12:28] Image saved to history/2024/06/25.md
[16:12:28] Start geting global Bing Wallpaper, region=en-US, local time is 2024-06-24 12:12:28.257471-04:00
[16:12:28] Successful get url: https://www.bing.com/th?id=OHR.FloresIsland_EN-US1042279828_UHD.jpg
[16:12:28] Picture infomations saved to  global/en-US/README.md
[16:12:28] Picture infomations saved to global/en-US/history/2024/06/25_en-US.md
[16:12:28] Start geting global Bing Wallpaper, region=ja-JP, local time is 2024-06-25 01:12:28.397323+09:00
[16:12:28] Successful get url: https://www.bing.com/th?id=OHR.FireWave_JA-JP3002445647_UHD.jpg
[16:12:28] Picture infomations saved to  global/ja-JP/README.md
[16:12:28] Picture infomations saved to global/ja-JP/history/2024/06/25_ja-JP.md
[16:12:28] Start geting global Bing Wallpaper, region=en-IN, local time is 2024-06-24 21:42:28.565033+05:30
[16:12:28] Successful get url: https://www.bing.com/th?id=OHR.FloresIsland_EN-IN8603604106_UHD.jpg
[16:12:28] Picture infomations saved to  global/en-IN/README.md
[16:12:28] Picture infomations saved to global/en-IN/history/2024/06/24_en-IN.md
[16:12:28] Start geting global Bing Wallpaper, region=pt-BR, local time is 2024-06-24 13:12:28.912011-03:00
[16:12:28] Successful get url: https://www.bing.com/th?id=OHR.FestasJuninas_PT-BR2004376750_UHD.jpg
[16:12:29] Picture infomations saved to  global/pt-BR/README.md
[16:12:29] Picture infomations saved to global/pt-BR/history/2024/06/25_pt-BR.md
[16:12:29] Start geting global Bing Wallpaper, region=fr-FR, local time is 2024-06-24 18:12:29.211199+02:00
[16:12:29] Successful get url: https://www.bing.com/th?id=OHR.FloresIsland_FR-FR5999028657_UHD.jpg
[16:12:29] Picture infomations saved to  global/fr-FR/README.md
[16:12:29] Picture infomations saved to global/fr-FR/history/2024/06/24_fr-FR.md
[16:12:29] Start geting global Bing Wallpaper, region=de-DE, local time is 2024-06-24 18:12:29.313681+02:00
[16:12:29] Successful get url: https://www.bing.com/th?id=OHR.FloresIsland_DE-DE4765362804_UHD.jpg
[16:12:29] Picture infomations saved to  global/de-DE/README.md
[16:12:29] Picture infomations saved to global/de-DE/history/2024/06/24_de-DE.md
[16:12:29] Start geting global Bing Wallpaper, region=en-CA, local time is 2024-06-24 12:12:29.446818-04:00
[16:12:29] Successful get url: https://www.bing.com/th?id=OHR.FloresIsland_EN-CA9405786955_UHD.jpg
[16:12:29] Picture infomations saved to  global/en-CA/README.md
[16:12:29] Picture infomations saved to global/en-CA/history/2024/06/25_en-CA.md
[16:12:29] Start geting global Bing Wallpaper, region=en-GB, local time is 2024-06-24 17:12:29.714414+01:00
[16:12:29] Successful get url: https://www.bing.com/th?id=OHR.FloresIsland_EN-GB9368933126_UHD.jpg
[16:12:29] Picture infomations saved to  global/en-GB/README.md
[16:12:29] Picture infomations saved to global/en-GB/history/2024/06/24_en-GB.md
[16:12:29] Start geting global Bing Wallpaper, region=it-IT, local time is 2024-06-24 18:12:29.836929+02:00
[16:12:29] Successful get url: https://www.bing.com/th?id=OHR.FloresIsland_IT-IT4545607892_UHD.jpg
[16:12:29] Picture infomations saved to  global/it-IT/README.md
[16:12:29] Picture infomations saved to global/it-IT/history/2024/06/24_it-IT.md
[16:12:29] Start geting global Bing Wallpaper, region=es-ES, local time is 2024-06-24 18:12:29.956301+02:00
[16:12:30] Successful get url: https://www.bing.com/th?id=OHR.FloresIsland_ES-ES8971100389_UHD.jpg
[16:12:30] Picture infomations saved to  global/es-ES/README.md
[16:12:30] Picture infomations saved to global/es-ES/history/2024/06/24_es-ES.md
[16:12:30] Start geting global Bing Wallpaper, region=fr-CA, local time is 2024-06-24 12:12:30.346506-04:00
[16:12:30] Successful get url: https://www.bing.com/th?id=OHR.FloresIsland_FR-CA3777595077_UHD.jpg
[16:12:30] Picture infomations saved to  global/fr-CA/README.md
[16:12:30] Picture infomations saved to global/fr-CA/history/2024/06/25_fr-CA.md
Program exit at 16:12:30
