
Program started at 09:25:58
Operating System Name: Linux
Operating System Version: #22~22.04.1-Ubuntu SMP Tue Apr 30 16:08:18 UTC 2024
System Architecture: ('64bit', 'ELF')
Computer Type: x86_64
Computer Name: fv-az891-287
Processor Type: x86_64
Python Version: 3.12.3
Python Interpreter Name: CPython
[09:25:58] Start geting CN Bing Wallpaper
[09:25:58] Successful get url: https://www.bing.com/th?id=OHR.ChestnutBeeEater_ZH-CN3514753872_UHD.jpg
[09:25:58] Image saved to img/background.jpg
[09:25:58] Info saved to README.md
[09:25:58] Image saved to history/2024/06/04.md
[09:25:58] Start geting global Bing Wallpaper, region=en-US, local time is 2024-06-04 05:25:58.738121-04:00
[09:25:58] Successful get url: https://www.bing.com/th?id=OHR.ChestnutBeeEater_EN-US6538566329_UHD.jpg
[09:25:58] Picture infomations saved to  global/en-US/README.md
[09:25:58] Picture infomations saved to global/en-US/history/2024/06/05_en-US.md
[09:25:58] Start geting global Bing Wallpaper, region=ja-JP, local time is 2024-06-04 18:25:58.909170+09:00
[09:25:58] Successful get url: https://www.bing.com/th?id=OHR.ChestnutBeeEater_JA-JP3019275557_UHD.jpg
[09:25:59] Picture infomations saved to  global/ja-JP/README.md
[09:25:59] Picture infomations saved to global/ja-JP/history/2024/06/04_ja-JP.md
[09:25:59] Start geting global Bing Wallpaper, region=en-IN, local time is 2024-06-04 14:55:59.020013+05:30
[09:25:59] Successful get url: https://www.bing.com/th?id=OHR.ChestnutBeeEater_EN-IN6283551210_UHD.jpg
[09:25:59] Picture infomations saved to  global/en-IN/README.md
[09:25:59] Picture infomations saved to global/en-IN/history/2024/06/04_en-IN.md
[09:25:59] Start geting global Bing Wallpaper, region=pt-BR, local time is 2024-06-04 06:25:59.128167-03:00
[09:25:59] Successful get url: https://www.bing.com/th?id=OHR.ChestnutBeeEater_PT-BR6524596779_UHD.jpg
[09:25:59] Picture infomations saved to  global/pt-BR/README.md
[09:25:59] Picture infomations saved to global/pt-BR/history/2024/06/05_pt-BR.md
[09:25:59] Start geting global Bing Wallpaper, region=fr-FR, local time is 2024-06-04 11:25:59.237173+02:00
[09:25:59] Successful get url: https://www.bing.com/th?id=OHR.ChestnutBeeEater_FR-FR2288715924_UHD.jpg
[09:25:59] Picture infomations saved to  global/fr-FR/README.md
[09:25:59] Picture infomations saved to global/fr-FR/history/2024/06/04_fr-FR.md
[09:25:59] Start geting global Bing Wallpaper, region=de-DE, local time is 2024-06-04 11:25:59.319463+02:00
[09:25:59] Successful get url: https://www.bing.com/th?id=OHR.ChestnutBeeEater_DE-DE7400779777_UHD.jpg
[09:25:59] Picture infomations saved to  global/de-DE/README.md
[09:25:59] Picture infomations saved to global/de-DE/history/2024/06/04_de-DE.md
[09:25:59] Start geting global Bing Wallpaper, region=en-CA, local time is 2024-06-04 05:25:59.419755-04:00
[09:25:59] Successful get url: https://www.bing.com/th?id=OHR.ChestnutBeeEater_EN-CA4730115773_UHD.jpg
[09:25:59] Picture infomations saved to  global/en-CA/README.md
[09:25:59] Picture infomations saved to global/en-CA/history/2024/06/05_en-CA.md
[09:25:59] Start geting global Bing Wallpaper, region=en-GB, local time is 2024-06-04 10:25:59.565931+01:00
[09:25:59] Successful get url: https://www.bing.com/th?id=OHR.ChestnutBeeEater_EN-GB4849522533_UHD.jpg
[09:25:59] Picture infomations saved to  global/en-GB/README.md
[09:25:59] Picture infomations saved to global/en-GB/history/2024/06/04_en-GB.md
[09:25:59] Start geting global Bing Wallpaper, region=it-IT, local time is 2024-06-04 11:25:59.659721+02:00
[09:25:59] Successful get url: https://www.bing.com/th?id=OHR.ChestnutBeeEater_IT-IT3152555866_UHD.jpg
[09:25:59] Picture infomations saved to  global/it-IT/README.md
[09:25:59] Picture infomations saved to global/it-IT/history/2024/06/04_it-IT.md
[09:25:59] Start geting global Bing Wallpaper, region=es-ES, local time is 2024-06-04 11:25:59.757538+02:00
[09:25:59] Successful get url: https://www.bing.com/th?id=OHR.ChestnutBeeEater_ES-ES4472834413_UHD.jpg
[09:25:59] Picture infomations saved to  global/es-ES/README.md
[09:25:59] Picture infomations saved to global/es-ES/history/2024/06/04_es-ES.md
[09:25:59] Start geting global Bing Wallpaper, region=fr-CA, local time is 2024-06-04 05:25:59.851762-04:00
[09:25:59] Successful get url: https://www.bing.com/th?id=OHR.ChestnutBeeEater_FR-CA1993337218_UHD.jpg
[09:26:00] Picture infomations saved to  global/fr-CA/README.md
[09:26:00] Picture infomations saved to global/fr-CA/history/2024/06/05_fr-CA.md
Program exit at 09:26:00
