
Program started at 09:24:36
Operating System Name: Linux
Operating System Version: #22~22.04.1-Ubuntu SMP Tue Apr 30 16:08:18 UTC 2024
System Architecture: ('64bit', 'ELF')
Computer Type: x86_64
Computer Name: fv-az711-773
Processor Type: x86_64
Python Version: 3.12.3
Python Interpreter Name: CPython
[09:24:36] Start geting CN Bing Wallpaper
[09:24:36] Successful get url: https://www.bing.com/th?id=OHR.HumpbackFamily_ZH-CN4336100531_UHD.jpg
[09:24:36] Image saved to img/background.jpg
[09:24:36] Info saved to README.md
[09:24:36] Image saved to history/2024/06/07.md
[09:24:36] Start geting global Bing Wallpaper, region=en-US, local time is 2024-06-07 05:24:36.967679-04:00
[09:24:37] Successful get url: https://www.bing.com/th?id=OHR.HumpbackFamily_EN-US6789097648_UHD.jpg
[09:24:37] Picture infomations saved to  global/en-US/README.md
[09:24:37] Picture infomations saved to global/en-US/history/2024/06/08_en-US.md
[09:24:37] Start geting global Bing Wallpaper, region=ja-JP, local time is 2024-06-07 18:24:37.223997+09:00
[09:24:37] Successful get url: https://www.bing.com/th?id=OHR.HumpbackFamily_JA-JP3134637599_UHD.jpg
[09:24:37] Picture infomations saved to  global/ja-JP/README.md
[09:24:37] Picture infomations saved to global/ja-JP/history/2024/06/07_ja-JP.md
[09:24:37] Start geting global Bing Wallpaper, region=en-IN, local time is 2024-06-07 14:54:37.395486+05:30
[09:24:37] Successful get url: https://www.bing.com/th?id=OHR.HumpbackFamily_EN-IN7046950046_UHD.jpg
[09:24:37] Picture infomations saved to  global/en-IN/README.md
[09:24:37] Picture infomations saved to global/en-IN/history/2024/06/07_en-IN.md
[09:24:37] Start geting global Bing Wallpaper, region=pt-BR, local time is 2024-06-07 06:24:37.750251-03:00
[09:24:37] Successful get url: https://www.bing.com/th?id=OHR.HumpbackFamily_PT-BR7707157719_UHD.jpg
[09:24:37] Picture infomations saved to  global/pt-BR/README.md
[09:24:37] Picture infomations saved to global/pt-BR/history/2024/06/08_pt-BR.md
[09:24:37] Start geting global Bing Wallpaper, region=fr-FR, local time is 2024-06-07 11:24:37.988329+02:00
[09:24:38] Successful get url: https://www.bing.com/th?id=OHR.HumpbackFamily_FR-FR3059562315_UHD.jpg
[09:24:38] Picture infomations saved to  global/fr-FR/README.md
[09:24:38] Picture infomations saved to global/fr-FR/history/2024/06/07_fr-FR.md
[09:24:38] Start geting global Bing Wallpaper, region=de-DE, local time is 2024-06-07 11:24:38.172010+02:00
[09:24:38] Successful get url: https://www.bing.com/th?id=OHR.HumpbackFamily_DE-DE8013802672_UHD.jpg
[09:24:38] Picture infomations saved to  global/de-DE/README.md
[09:24:38] Picture infomations saved to global/de-DE/history/2024/06/07_de-DE.md
[09:24:38] Start geting global Bing Wallpaper, region=en-CA, local time is 2024-06-07 05:24:38.332648-04:00
[09:24:38] Successful get url: https://www.bing.com/th?id=OHR.HumpbackFamily_EN-CA7093213035_UHD.jpg
[09:24:38] Picture infomations saved to  global/en-CA/README.md
[09:24:38] Picture infomations saved to global/en-CA/history/2024/06/08_en-CA.md
[09:24:38] Start geting global Bing Wallpaper, region=en-GB, local time is 2024-06-07 10:24:38.570654+01:00
[09:24:38] Successful get url: https://www.bing.com/th?id=OHR.HumpbackFamily_EN-GB1225853084_UHD.jpg
[09:24:38] Picture infomations saved to  global/en-GB/README.md
[09:24:38] Picture infomations saved to global/en-GB/history/2024/06/07_en-GB.md
[09:24:38] Start geting global Bing Wallpaper, region=it-IT, local time is 2024-06-07 11:24:38.788128+02:00
[09:24:38] Successful get url: https://www.bing.com/th?id=OHR.HumpbackFamily_IT-IT4429880425_UHD.jpg
[09:24:39] Picture infomations saved to  global/it-IT/README.md
[09:24:39] Picture infomations saved to global/it-IT/history/2024/06/07_it-IT.md
[09:24:39] Start geting global Bing Wallpaper, region=es-ES, local time is 2024-06-07 11:24:39.031984+02:00
[09:24:39] Successful get url: https://www.bing.com/th?id=OHR.HumpbackFamily_ES-ES5806856103_UHD.jpg
[09:24:39] Picture infomations saved to  global/es-ES/README.md
[09:24:39] Picture infomations saved to global/es-ES/history/2024/06/07_es-ES.md
[09:24:39] Start geting global Bing Wallpaper, region=fr-CA, local time is 2024-06-07 05:24:39.200855-04:00
[09:24:39] Successful get url: https://www.bing.com/th?id=OHR.HumpbackFamily_FR-CA2761557723_UHD.jpg
[09:24:39] Picture infomations saved to  global/fr-CA/README.md
[09:24:39] Picture infomations saved to global/fr-CA/history/2024/06/08_fr-CA.md
Program exit at 09:24:39

Program started at 16:12:15
Operating System Name: Linux
Operating System Version: #22~22.04.1-Ubuntu SMP Tue Apr 30 16:08:18 UTC 2024
System Architecture: ('64bit', 'ELF')
Computer Type: x86_64
Computer Name: fv-az973-470
Processor Type: x86_64
Python Version: 3.12.3
Python Interpreter Name: CPython
[16:12:15] Start geting CN Bing Wallpaper
[16:12:15] Successful get url: https://www.bing.com/th?id=OHR.KillikRiverAlaska_ZH-CN5736211272_UHD.jpg
[16:12:15] Image saved to img/background.jpg
[16:12:15] Info saved to README.md
[16:12:15] Image saved to history/2024/06/08.md
[16:12:15] Start geting global Bing Wallpaper, region=en-US, local time is 2024-06-07 12:12:15.388656-04:00
[16:12:15] Successful get url: https://www.bing.com/th?id=OHR.HumpbackFamily_EN-US6789097648_UHD.jpg
[16:12:15] Picture infomations saved to  global/en-US/README.md
[16:12:15] Picture infomations saved to global/en-US/history/2024/06/08_en-US.md
[16:12:15] Start geting global Bing Wallpaper, region=ja-JP, local time is 2024-06-08 01:12:15.546911+09:00
[16:12:15] Successful get url: https://www.bing.com/th?id=OHR.KillikRiverAlaska_JA-JP3191986449_UHD.jpg
[16:12:15] Picture infomations saved to  global/ja-JP/README.md
[16:12:15] Picture infomations saved to global/ja-JP/history/2024/06/08_ja-JP.md
[16:12:15] Start geting global Bing Wallpaper, region=en-IN, local time is 2024-06-07 21:42:15.741175+05:30
[16:12:15] Successful get url: https://www.bing.com/th?id=OHR.HumpbackFamily_EN-IN7046950046_UHD.jpg
[16:12:15] Picture infomations saved to  global/en-IN/README.md
[16:12:15] Picture infomations saved to global/en-IN/history/2024/06/07_en-IN.md
[16:12:15] Start geting global Bing Wallpaper, region=pt-BR, local time is 2024-06-07 13:12:15.931975-03:00
[16:12:15] Successful get url: https://www.bing.com/th?id=OHR.HumpbackFamily_PT-BR7707157719_UHD.jpg
[16:12:16] Picture infomations saved to  global/pt-BR/README.md
[16:12:16] Picture infomations saved to global/pt-BR/history/2024/06/08_pt-BR.md
[16:12:16] Start geting global Bing Wallpaper, region=fr-FR, local time is 2024-06-07 18:12:16.136218+02:00
[16:12:16] Successful get url: https://www.bing.com/th?id=OHR.HumpbackFamily_FR-FR3059562315_UHD.jpg
[16:12:16] Picture infomations saved to  global/fr-FR/README.md
[16:12:16] Picture infomations saved to global/fr-FR/history/2024/06/07_fr-FR.md
[16:12:16] Start geting global Bing Wallpaper, region=de-DE, local time is 2024-06-07 18:12:16.280822+02:00
[16:12:16] Successful get url: https://www.bing.com/th?id=OHR.HumpbackFamily_DE-DE8013802672_UHD.jpg
[16:12:16] Picture infomations saved to  global/de-DE/README.md
[16:12:16] Picture infomations saved to global/de-DE/history/2024/06/07_de-DE.md
[16:12:16] Start geting global Bing Wallpaper, region=en-CA, local time is 2024-06-07 12:12:16.384687-04:00
[16:12:16] Successful get url: https://www.bing.com/th?id=OHR.HumpbackFamily_EN-CA7093213035_UHD.jpg
[16:12:16] Picture infomations saved to  global/en-CA/README.md
[16:12:16] Picture infomations saved to global/en-CA/history/2024/06/08_en-CA.md
[16:12:16] Start geting global Bing Wallpaper, region=en-GB, local time is 2024-06-07 17:12:16.494058+01:00
[16:12:16] Successful get url: https://www.bing.com/th?id=OHR.HumpbackFamily_EN-GB1225853084_UHD.jpg
[16:12:16] Picture infomations saved to  global/en-GB/README.md
[16:12:16] Picture infomations saved to global/en-GB/history/2024/06/07_en-GB.md
[16:12:16] Start geting global Bing Wallpaper, region=it-IT, local time is 2024-06-07 18:12:16.575947+02:00
[16:12:16] Successful get url: https://www.bing.com/th?id=OHR.HumpbackFamily_IT-IT4429880425_UHD.jpg
[16:12:16] Picture infomations saved to  global/it-IT/README.md
[16:12:16] Picture infomations saved to global/it-IT/history/2024/06/07_it-IT.md
[16:12:16] Start geting global Bing Wallpaper, region=es-ES, local time is 2024-06-07 18:12:16.680875+02:00
[16:12:16] Successful get url: https://www.bing.com/th?id=OHR.HumpbackFamily_ES-ES5806856103_UHD.jpg
[16:12:16] Picture infomations saved to  global/es-ES/README.md
[16:12:16] Picture infomations saved to global/es-ES/history/2024/06/07_es-ES.md
[16:12:16] Start geting global Bing Wallpaper, region=fr-CA, local time is 2024-06-07 12:12:16.780968-04:00
[16:12:16] Successful get url: https://www.bing.com/th?id=OHR.HumpbackFamily_FR-CA2761557723_UHD.jpg
[16:12:16] Picture infomations saved to  global/fr-CA/README.md
[16:12:16] Picture infomations saved to global/fr-CA/history/2024/06/08_fr-CA.md
Program exit at 16:12:16
