
Program started at 09:25:11
Operating System Name: Linux
Operating System Version: #22~22.04.1-Ubuntu SMP Tue Apr 30 16:08:18 UTC 2024
System Architecture: ('64bit', 'ELF')
Computer Type: x86_64
Computer Name: fv-az1393-456
Processor Type: x86_64
Python Version: 3.12.3
Python Interpreter Name: CPython
[09:25:11] Start geting CN Bing Wallpaper
[09:25:11] Successful get url: https://www.bing.com/th?id=OHR.CancaoDoExilio_ZH-CN1012675104_UHD.jpg
[09:25:11] Image saved to img/background.jpg
[09:25:11] Info saved to README.md
[09:25:11] Image saved to history/2024/06/01.md
[09:25:11] Start geting global Bing Wallpaper, region=en-US, local time is 2024-06-01 05:25:11.992989-04:00
[09:25:12] Successful get url: https://www.bing.com/th?id=OHR.PrideMonthSF_EN-US6251373281_UHD.jpg
[09:25:12] Picture infomations saved to  global/en-US/README.md
[09:25:12] Picture infomations saved to global/en-US/history/2024/06/02_en-US.md
[09:25:12] Start geting global Bing Wallpaper, region=ja-JP, local time is 2024-06-01 18:25:12.092231+09:00
[09:25:12] Successful get url: https://www.bing.com/th?id=OHR.PrideMonthSF_JA-JP2832342132_UHD.jpg
[09:25:12] Picture infomations saved to  global/ja-JP/README.md
[09:25:12] Picture infomations saved to global/ja-JP/history/2024/06/01_ja-JP.md
[09:25:12] Start geting global Bing Wallpaper, region=en-IN, local time is 2024-06-01 14:55:12.186497+05:30
[09:25:12] Successful get url: https://www.bing.com/th?id=OHR.PrideMonthSF_EN-IN4842306720_UHD.jpg
[09:25:12] Picture infomations saved to  global/en-IN/README.md
[09:25:12] Picture infomations saved to global/en-IN/history/2024/06/01_en-IN.md
[09:25:12] Start geting global Bing Wallpaper, region=pt-BR, local time is 2024-06-01 06:25:12.301410-03:00
[09:25:12] Successful get url: https://www.bing.com/th?id=OHR.PrideMonthSF_PT-BR6281938141_UHD.jpg
[09:25:12] Picture infomations saved to  global/pt-BR/README.md
[09:25:12] Picture infomations saved to global/pt-BR/history/2024/06/02_pt-BR.md
[09:25:12] Start geting global Bing Wallpaper, region=fr-FR, local time is 2024-06-01 11:25:12.407374+02:00
[09:25:12] Successful get url: https://www.bing.com/th?id=OHR.PrideMonthSF_FR-FR1847983334_UHD.jpg
[09:25:12] Picture infomations saved to  global/fr-FR/README.md
[09:25:12] Picture infomations saved to global/fr-FR/history/2024/06/01_fr-FR.md
[09:25:12] Start geting global Bing Wallpaper, region=de-DE, local time is 2024-06-01 11:25:12.559634+02:00
[09:25:12] Successful get url: https://www.bing.com/th?id=OHR.PrideMonthSF_DE-DE2818464419_UHD.jpg
[09:25:12] Picture infomations saved to  global/de-DE/README.md
[09:25:12] Picture infomations saved to global/de-DE/history/2024/06/01_de-DE.md
[09:25:12] Start geting global Bing Wallpaper, region=en-CA, local time is 2024-06-01 05:25:12.675715-04:00
[09:25:12] Successful get url: https://www.bing.com/th?id=OHR.PrideMonthSF_EN-CA8827257205_UHD.jpg
[09:25:12] Picture infomations saved to  global/en-CA/README.md
[09:25:12] Picture infomations saved to global/en-CA/history/2024/06/02_en-CA.md
[09:25:12] Start geting global Bing Wallpaper, region=en-GB, local time is 2024-06-01 10:25:12.765186+01:00
[09:25:12] Successful get url: https://www.bing.com/th?id=OHR.PrideMonthSF_EN-GB6271318842_UHD.jpg
[09:25:12] Picture infomations saved to  global/en-GB/README.md
[09:25:12] Picture infomations saved to global/en-GB/history/2024/06/01_en-GB.md
[09:25:12] Start geting global Bing Wallpaper, region=it-IT, local time is 2024-06-01 11:25:12.852130+02:00
[09:25:12] Successful get url: https://www.bing.com/th?id=OHR.PrideMonthSF_IT-IT0189244856_UHD.jpg
[09:25:12] Picture infomations saved to  global/it-IT/README.md
[09:25:12] Picture infomations saved to global/it-IT/history/2024/06/01_it-IT.md
[09:25:12] Start geting global Bing Wallpaper, region=es-ES, local time is 2024-06-01 11:25:12.950999+02:00
[09:25:13] Successful get url: https://www.bing.com/th?id=OHR.PrideMonthSF_ES-ES3579859678_UHD.jpg
[09:25:13] Picture infomations saved to  global/es-ES/README.md
[09:25:13] Picture infomations saved to global/es-ES/history/2024/06/01_es-ES.md
[09:25:13] Start geting global Bing Wallpaper, region=fr-CA, local time is 2024-06-01 05:25:13.056829-04:00
[09:25:13] Successful get url: https://www.bing.com/th?id=OHR.PrideMonthSF_FR-CA1534901831_UHD.jpg
[09:25:13] Picture infomations saved to  global/fr-CA/README.md
[09:25:13] Picture infomations saved to global/fr-CA/history/2024/06/02_fr-CA.md
Program exit at 09:25:13
