
Program started at 09:24:45
Operating System Name: Linux
Operating System Version: #22~22.04.1-Ubuntu SMP Tue Apr 30 16:08:18 UTC 2024
System Architecture: ('64bit', 'ELF')
Computer Type: x86_64
Computer Name: fv-az661-624
Processor Type: x86_64
Python Version: 3.12.3
Python Interpreter Name: CPython
[09:24:45] Start geting CN Bing Wallpaper
[09:24:45] Successful get url: https://www.bing.com/th?id=OHR.CopenhagenBicycles_ZH-CN3047958346_UHD.jpg
[09:24:45] Image saved to img/background.jpg
[09:24:45] Info saved to README.md
[09:24:45] Image saved to history/2024/06/03.md
[09:24:45] Start geting global Bing Wallpaper, region=en-US, local time is 2024-06-03 05:24:45.849496-04:00
[09:24:45] Successful get url: https://www.bing.com/th?id=OHR.CopenhagenBicycles_EN-US6431027482_UHD.jpg
[09:24:45] Picture infomations saved to  global/en-US/README.md
[09:24:45] Picture infomations saved to global/en-US/history/2024/06/04_en-US.md
[09:24:45] Start geting global Bing Wallpaper, region=ja-JP, local time is 2024-06-03 18:24:45.994731+09:00
[09:24:46] Successful get url: https://www.bing.com/th?id=OHR.CopenhagenBicycles_JA-JP2959867214_UHD.jpg
[09:24:46] Picture infomations saved to  global/ja-JP/README.md
[09:24:46] Picture infomations saved to global/ja-JP/history/2024/06/03_ja-JP.md
[09:24:46] Start geting global Bing Wallpaper, region=en-IN, local time is 2024-06-03 14:54:46.138901+05:30
[09:24:46] Successful get url: https://www.bing.com/th?id=OHR.JaswantThadaIN_EN-IN5851391718_UHD.jpg
[09:24:46] Picture infomations saved to  global/en-IN/README.md
[09:24:46] Picture infomations saved to global/en-IN/history/2024/06/03_en-IN.md
[09:24:46] Start geting global Bing Wallpaper, region=pt-BR, local time is 2024-06-03 06:24:46.272559-03:00
[09:24:46] Successful get url: https://www.bing.com/th?id=OHR.CapybaraEducation_PT-BR9998060500_UHD.jpg
[09:24:46] Picture infomations saved to  global/pt-BR/README.md
[09:24:46] Picture infomations saved to global/pt-BR/history/2024/06/04_pt-BR.md
[09:24:46] Start geting global Bing Wallpaper, region=fr-FR, local time is 2024-06-03 11:24:46.427011+02:00
[09:24:46] Successful get url: https://www.bing.com/th?id=OHR.CopenhagenBicycles_FR-FR1244854988_UHD.jpg
[09:24:46] Picture infomations saved to  global/fr-FR/README.md
[09:24:46] Picture infomations saved to global/fr-FR/history/2024/06/03_fr-FR.md
[09:24:46] Start geting global Bing Wallpaper, region=de-DE, local time is 2024-06-03 11:24:46.590312+02:00
[09:24:46] Successful get url: https://www.bing.com/th?id=OHR.CopenhagenBicycles_DE-DE6785283446_UHD.jpg
[09:24:46] Picture infomations saved to  global/de-DE/README.md
[09:24:46] Picture infomations saved to global/de-DE/history/2024/06/03_de-DE.md
[09:24:46] Start geting global Bing Wallpaper, region=en-CA, local time is 2024-06-03 05:24:46.739294-04:00
[09:24:46] Successful get url: https://www.bing.com/th?id=OHR.CopenhagenBicycles_EN-CA1742529177_UHD.jpg
[09:24:46] Picture infomations saved to  global/en-CA/README.md
[09:24:46] Picture infomations saved to global/en-CA/history/2024/06/04_en-CA.md
[09:24:46] Start geting global Bing Wallpaper, region=en-GB, local time is 2024-06-03 10:24:46.919623+01:00
[09:24:46] Successful get url: https://www.bing.com/th?id=OHR.CopenhagenBicycles_EN-GB4395240180_UHD.jpg
[09:24:47] Picture infomations saved to  global/en-GB/README.md
[09:24:47] Picture infomations saved to global/en-GB/history/2024/06/03_en-GB.md
[09:24:47] Start geting global Bing Wallpaper, region=it-IT, local time is 2024-06-03 11:24:47.069284+02:00
[09:24:47] Successful get url: https://www.bing.com/th?id=OHR.CopenhagenBicycles_IT-IT2125819648_UHD.jpg
[09:24:47] Picture infomations saved to  global/it-IT/README.md
[09:24:47] Picture infomations saved to global/it-IT/history/2024/06/03_it-IT.md
[09:24:47] Start geting global Bing Wallpaper, region=es-ES, local time is 2024-06-03 11:24:47.207555+02:00
[09:24:47] Successful get url: https://www.bing.com/th?id=OHR.CopenhagenBicycles_ES-ES4229368591_UHD.jpg
[09:24:47] Picture infomations saved to  global/es-ES/README.md
[09:24:47] Picture infomations saved to global/es-ES/history/2024/06/03_es-ES.md
[09:24:47] Start geting global Bing Wallpaper, region=fr-CA, local time is 2024-06-03 05:24:47.416040-04:00
[09:24:47] Successful get url: https://www.bing.com/th?id=OHR.CopenhagenBicycles_FR-CA1813399714_UHD.jpg
[09:24:47] Picture infomations saved to  global/fr-CA/README.md
[09:24:47] Picture infomations saved to global/fr-CA/history/2024/06/04_fr-CA.md
Program exit at 09:24:47

Program started at 16:13:23
Operating System Name: Linux
Operating System Version: #22~22.04.1-Ubuntu SMP Tue Apr 30 16:08:18 UTC 2024
System Architecture: ('64bit', 'ELF')
Computer Type: x86_64
Computer Name: fv-az1249-866
Processor Type: x86_64
Python Version: 3.12.3
Python Interpreter Name: CPython
[16:13:23] Start geting CN Bing Wallpaper
[16:13:23] Successful get url: https://www.bing.com/th?id=OHR.ChestnutBeeEater_ZH-CN3514753872_UHD.jpg
[16:13:23] Image saved to img/background.jpg
[16:13:23] Info saved to README.md
[16:13:23] Image saved to history/2024/06/04.md
[16:13:23] Start geting global Bing Wallpaper, region=en-US, local time is 2024-06-03 12:13:23.403361-04:00
[16:13:23] Successful get url: https://www.bing.com/th?id=OHR.CopenhagenBicycles_EN-US6431027482_UHD.jpg
[16:13:23] Picture infomations saved to  global/en-US/README.md
[16:13:23] Picture infomations saved to global/en-US/history/2024/06/04_en-US.md
[16:13:23] Start geting global Bing Wallpaper, region=ja-JP, local time is 2024-06-04 01:13:23.543441+09:00
[16:13:23] Successful get url: https://www.bing.com/th?id=OHR.ChestnutBeeEater_JA-JP3019275557_UHD.jpg
[16:13:23] Picture infomations saved to  global/ja-JP/README.md
[16:13:23] Picture infomations saved to global/ja-JP/history/2024/06/04_ja-JP.md
[16:13:23] Start geting global Bing Wallpaper, region=en-IN, local time is 2024-06-03 21:43:23.712993+05:30
[16:13:23] Successful get url: https://www.bing.com/th?id=OHR.JaswantThadaIN_EN-IN5851391718_UHD.jpg
[16:13:23] Picture infomations saved to  global/en-IN/README.md
[16:13:23] Picture infomations saved to global/en-IN/history/2024/06/03_en-IN.md
[16:13:23] Start geting global Bing Wallpaper, region=pt-BR, local time is 2024-06-03 13:13:23.880688-03:00
[16:13:23] Successful get url: https://www.bing.com/th?id=OHR.CapybaraEducation_PT-BR9998060500_UHD.jpg
[16:13:24] Picture infomations saved to  global/pt-BR/README.md
[16:13:24] Picture infomations saved to global/pt-BR/history/2024/06/04_pt-BR.md
[16:13:24] Start geting global Bing Wallpaper, region=fr-FR, local time is 2024-06-03 18:13:24.063923+02:00
[16:13:24] Successful get url: https://www.bing.com/th?id=OHR.CopenhagenBicycles_FR-FR1244854988_UHD.jpg
[16:13:24] Picture infomations saved to  global/fr-FR/README.md
[16:13:24] Picture infomations saved to global/fr-FR/history/2024/06/03_fr-FR.md
[16:13:24] Start geting global Bing Wallpaper, region=de-DE, local time is 2024-06-03 18:13:24.184645+02:00
[16:13:24] Successful get url: https://www.bing.com/th?id=OHR.CopenhagenBicycles_DE-DE6785283446_UHD.jpg
[16:13:24] Picture infomations saved to  global/de-DE/README.md
[16:13:24] Picture infomations saved to global/de-DE/history/2024/06/03_de-DE.md
[16:13:24] Start geting global Bing Wallpaper, region=en-CA, local time is 2024-06-03 12:13:24.311741-04:00
[16:13:24] Successful get url: https://www.bing.com/th?id=OHR.CopenhagenBicycles_EN-CA1742529177_UHD.jpg
[16:13:24] Picture infomations saved to  global/en-CA/README.md
[16:13:24] Picture infomations saved to global/en-CA/history/2024/06/04_en-CA.md
[16:13:24] Start geting global Bing Wallpaper, region=en-GB, local time is 2024-06-03 17:13:24.479312+01:00
[16:13:24] Successful get url: https://www.bing.com/th?id=OHR.CopenhagenBicycles_EN-GB4395240180_UHD.jpg
[16:13:24] Picture infomations saved to  global/en-GB/README.md
[16:13:24] Picture infomations saved to global/en-GB/history/2024/06/03_en-GB.md
[16:13:24] Start geting global Bing Wallpaper, region=it-IT, local time is 2024-06-03 18:13:24.596177+02:00
[16:13:24] Successful get url: https://www.bing.com/th?id=OHR.CopenhagenBicycles_IT-IT2125819648_UHD.jpg
[16:13:24] Picture infomations saved to  global/it-IT/README.md
[16:13:24] Picture infomations saved to global/it-IT/history/2024/06/03_it-IT.md
[16:13:24] Start geting global Bing Wallpaper, region=es-ES, local time is 2024-06-03 18:13:24.803468+02:00
[16:13:24] Successful get url: https://www.bing.com/th?id=OHR.CopenhagenBicycles_ES-ES4229368591_UHD.jpg
[16:13:24] Picture infomations saved to  global/es-ES/README.md
[16:13:24] Picture infomations saved to global/es-ES/history/2024/06/03_es-ES.md
[16:13:24] Start geting global Bing Wallpaper, region=fr-CA, local time is 2024-06-03 12:13:24.927392-04:00
[16:13:24] Successful get url: https://www.bing.com/th?id=OHR.CopenhagenBicycles_FR-CA1813399714_UHD.jpg
[16:13:25] Picture infomations saved to  global/fr-CA/README.md
[16:13:25] Picture infomations saved to global/fr-CA/history/2024/06/04_fr-CA.md
Program exit at 16:13:25
