
Program started at 09:25:32
Operating System Name: Linux
Operating System Version: #22~22.04.1-Ubuntu SMP Tue Apr 30 16:08:18 UTC 2024
System Architecture: ('64bit', 'ELF')
Computer Type: x86_64
Computer Name: fv-az1535-106
Processor Type: x86_64
Python Version: 3.12.3
Python Interpreter Name: CPython
[09:25:32] Start geting CN Bing Wallpaper
[09:25:32] Successful get url: https://www.bing.com/th?id=OHR.CamargueFlamingos_ZH-CN4176922228_UHD.jpg
[09:25:32] Image saved to img/background.jpg
[09:25:32] Info saved to README.md
[09:25:32] Image saved to history/2024/06/06.md
[09:25:32] Start geting global Bing Wallpaper, region=en-US, local time is 2024-06-06 05:25:32.561765-04:00
[09:25:32] Successful get url: https://www.bing.com/th?id=OHR.LesBravesNormandy_EN-US6707866678_UHD.jpg
[09:25:32] Picture infomations saved to  global/en-US/README.md
[09:25:32] Picture infomations saved to global/en-US/history/2024/06/07_en-US.md
[09:25:32] Start geting global Bing Wallpaper, region=ja-JP, local time is 2024-06-06 18:25:32.722981+09:00
[09:25:32] Successful get url: https://www.bing.com/th?id=OHR.GemsbokBotswana_JA-JP2673483195_UHD.jpg
[09:25:32] Picture infomations saved to  global/ja-JP/README.md
[09:25:32] Picture infomations saved to global/ja-JP/history/2024/06/06_ja-JP.md
[09:25:32] Start geting global Bing Wallpaper, region=en-IN, local time is 2024-06-06 14:55:32.873707+05:30
[09:25:32] Successful get url: https://www.bing.com/th?id=OHR.LesBravesNormandy_EN-IN6765304384_UHD.jpg
[09:25:33] Picture infomations saved to  global/en-IN/README.md
[09:25:33] Picture infomations saved to global/en-IN/history/2024/06/06_en-IN.md
[09:25:33] Start geting global Bing Wallpaper, region=pt-BR, local time is 2024-06-06 06:25:33.016616-03:00
[09:25:33] Successful get url: https://www.bing.com/th?id=OHR.LesBravesNormandy_PT-BR7484983029_UHD.jpg
[09:25:33] Picture infomations saved to  global/pt-BR/README.md
[09:25:33] Picture infomations saved to global/pt-BR/history/2024/06/07_pt-BR.md
[09:25:33] Start geting global Bing Wallpaper, region=fr-FR, local time is 2024-06-06 11:25:33.145045+02:00
[09:25:33] Successful get url: https://www.bing.com/th?id=OHR.LesBravesNormandy_FR-FR2799777837_UHD.jpg
[09:25:33] Picture infomations saved to  global/fr-FR/README.md
[09:25:33] Picture infomations saved to global/fr-FR/history/2024/06/06_fr-FR.md
[09:25:33] Start geting global Bing Wallpaper, region=de-DE, local time is 2024-06-06 11:25:33.309849+02:00
[09:25:33] Successful get url: https://www.bing.com/th?id=OHR.RossfeldRoad_DE-DE6613150514_UHD.jpg
[09:25:33] Picture infomations saved to  global/de-DE/README.md
[09:25:33] Picture infomations saved to global/de-DE/history/2024/06/06_de-DE.md
[09:25:33] Start geting global Bing Wallpaper, region=en-CA, local time is 2024-06-06 05:25:33.423578-04:00
[09:25:33] Successful get url: https://www.bing.com/th?id=OHR.LesBravesNormandy_EN-CA6288296004_UHD.jpg
[09:25:33] Picture infomations saved to  global/en-CA/README.md
[09:25:33] Picture infomations saved to global/en-CA/history/2024/06/07_en-CA.md
[09:25:33] Start geting global Bing Wallpaper, region=en-GB, local time is 2024-06-06 10:25:33.555140+01:00
[09:25:33] Successful get url: https://www.bing.com/th?id=OHR.LesBravesNormandy_EN-GB6170955707_UHD.jpg
[09:25:33] Picture infomations saved to  global/en-GB/README.md
[09:25:33] Picture infomations saved to global/en-GB/history/2024/06/06_en-GB.md
[09:25:33] Start geting global Bing Wallpaper, region=it-IT, local time is 2024-06-06 11:25:33.665022+02:00
[09:25:33] Successful get url: https://www.bing.com/th?id=OHR.LesBravesNormandy_IT-IT3884856406_UHD.jpg
[09:25:33] Picture infomations saved to  global/it-IT/README.md
[09:25:33] Picture infomations saved to global/it-IT/history/2024/06/06_it-IT.md
[09:25:33] Start geting global Bing Wallpaper, region=es-ES, local time is 2024-06-06 11:25:33.813458+02:00
[09:25:33] Successful get url: https://www.bing.com/th?id=OHR.TenerifeBluetrail_ES-ES5009256833_UHD.jpg
[09:25:33] Picture infomations saved to  global/es-ES/README.md
[09:25:33] Picture infomations saved to global/es-ES/history/2024/06/06_es-ES.md
[09:25:33] Start geting global Bing Wallpaper, region=fr-CA, local time is 2024-06-06 05:25:33.969190-04:00
[09:25:34] Successful get url: https://www.bing.com/th?id=OHR.LesBravesNormandy_FR-CA2574694176_UHD.jpg
[09:25:34] Picture infomations saved to  global/fr-CA/README.md
[09:25:34] Picture infomations saved to global/fr-CA/history/2024/06/07_fr-CA.md
Program exit at 09:25:34

Program started at 16:12:47
Operating System Name: Linux
Operating System Version: #22~22.04.1-Ubuntu SMP Tue Apr 30 16:08:18 UTC 2024
System Architecture: ('64bit', 'ELF')
Computer Type: x86_64
Computer Name: fv-az1019-324
Processor Type: x86_64
Python Version: 3.12.3
Python Interpreter Name: CPython
[16:12:47] Start geting CN Bing Wallpaper
[16:12:47] Successful get url: https://www.bing.com/th?id=OHR.HumpbackFamily_ZH-CN4336100531_UHD.jpg
[16:12:47] Image saved to img/background.jpg
[16:12:47] Info saved to README.md
[16:12:47] Image saved to history/2024/06/07.md
[16:12:47] Start geting global Bing Wallpaper, region=en-US, local time is 2024-06-06 12:12:47.556128-04:00
[16:12:47] Successful get url: https://www.bing.com/th?id=OHR.LesBravesNormandy_EN-US6707866678_UHD.jpg
[16:12:48] Picture infomations saved to  global/en-US/README.md
[16:12:48] Picture infomations saved to global/en-US/history/2024/06/07_en-US.md
[16:12:48] Start geting global Bing Wallpaper, region=ja-JP, local time is 2024-06-07 01:12:48.001641+09:00
[16:12:48] Successful get url: https://www.bing.com/th?id=OHR.HumpbackFamily_JA-JP3134637599_UHD.jpg
[16:12:48] Picture infomations saved to  global/ja-JP/README.md
[16:12:48] Picture infomations saved to global/ja-JP/history/2024/06/07_ja-JP.md
[16:12:48] Start geting global Bing Wallpaper, region=en-IN, local time is 2024-06-06 21:42:48.442829+05:30
[16:12:48] Successful get url: https://www.bing.com/th?id=OHR.LesBravesNormandy_EN-IN6765304384_UHD.jpg
[16:12:48] Picture infomations saved to  global/en-IN/README.md
[16:12:48] Picture infomations saved to global/en-IN/history/2024/06/06_en-IN.md
[16:12:48] Start geting global Bing Wallpaper, region=pt-BR, local time is 2024-06-06 13:12:48.933148-03:00
[16:12:48] Successful get url: https://www.bing.com/th?id=OHR.LesBravesNormandy_PT-BR7484983029_UHD.jpg
[16:12:49] Picture infomations saved to  global/pt-BR/README.md
[16:12:49] Picture infomations saved to global/pt-BR/history/2024/06/07_pt-BR.md
[16:12:49] Start geting global Bing Wallpaper, region=fr-FR, local time is 2024-06-06 18:12:49.380162+02:00
[16:12:49] Successful get url: https://www.bing.com/th?id=OHR.LesBravesNormandy_FR-FR2799777837_UHD.jpg
[16:12:49] Picture infomations saved to  global/fr-FR/README.md
[16:12:49] Picture infomations saved to global/fr-FR/history/2024/06/06_fr-FR.md
[16:12:49] Start geting global Bing Wallpaper, region=de-DE, local time is 2024-06-06 18:12:49.802717+02:00
[16:12:49] Successful get url: https://www.bing.com/th?id=OHR.RossfeldRoad_DE-DE6613150514_UHD.jpg
[16:12:50] Picture infomations saved to  global/de-DE/README.md
[16:12:50] Picture infomations saved to global/de-DE/history/2024/06/06_de-DE.md
[16:12:50] Start geting global Bing Wallpaper, region=en-CA, local time is 2024-06-06 12:12:50.315182-04:00
[16:12:50] Successful get url: https://www.bing.com/th?id=OHR.LesBravesNormandy_EN-CA6288296004_UHD.jpg
[16:12:50] Picture infomations saved to  global/en-CA/README.md
[16:12:50] Picture infomations saved to global/en-CA/history/2024/06/07_en-CA.md
[16:12:50] Start geting global Bing Wallpaper, region=en-GB, local time is 2024-06-06 17:12:50.833450+01:00
[16:12:50] Successful get url: https://www.bing.com/th?id=OHR.LesBravesNormandy_EN-GB6170955707_UHD.jpg
[16:12:51] Picture infomations saved to  global/en-GB/README.md
[16:12:51] Picture infomations saved to global/en-GB/history/2024/06/06_en-GB.md
[16:12:51] Start geting global Bing Wallpaper, region=it-IT, local time is 2024-06-06 18:12:51.323206+02:00
[16:12:51] Successful get url: https://www.bing.com/th?id=OHR.LesBravesNormandy_IT-IT3884856406_UHD.jpg
[16:12:51] Picture infomations saved to  global/it-IT/README.md
[16:12:51] Picture infomations saved to global/it-IT/history/2024/06/06_it-IT.md
[16:12:51] Start geting global Bing Wallpaper, region=es-ES, local time is 2024-06-06 18:12:51.771851+02:00
[16:12:51] Successful get url: https://www.bing.com/th?id=OHR.TenerifeBluetrail_ES-ES5009256833_UHD.jpg
[16:12:53] Picture infomations saved to  global/es-ES/README.md
[16:12:53] Picture infomations saved to global/es-ES/history/2024/06/06_es-ES.md
[16:12:53] Start geting global Bing Wallpaper, region=fr-CA, local time is 2024-06-06 12:12:53.258894-04:00
[16:12:53] Successful get url: https://www.bing.com/th?id=OHR.LesBravesNormandy_FR-CA2574694176_UHD.jpg
[16:12:53] Picture infomations saved to  global/fr-CA/README.md
[16:12:53] Picture infomations saved to global/fr-CA/history/2024/06/07_fr-CA.md
Program exit at 16:12:53
