
Program started at 09:23:49
Operating System Name: Linux
Operating System Version: #22~22.04.1-Ubuntu SMP Tue Apr 30 16:08:18 UTC 2024
System Architecture: ('64bit', 'ELF')
Computer Type: x86_64
Computer Name: fv-az575-401
Processor Type: x86_64
Python Version: 3.12.3
Python Interpreter Name: CPython
[09:23:49] Start geting CN Bing Wallpaper
[09:23:49] Successful get url: https://www.bing.com/th?id=OHR.BardenasBiosphere_ZH-CN6198033700_UHD.jpg
[09:23:50] Image saved to img/background.jpg
[09:23:50] Info saved to README.md
[09:23:50] Image saved to history/2024/06/09.md
[09:23:50] Start geting global Bing Wallpaper, region=en-US, local time is 2024-06-09 05:23:50.012218-04:00
[09:23:50] Successful get url: https://www.bing.com/th?id=OHR.BardenasBiosphere_EN-US6936891495_UHD.jpg
[09:23:50] Picture infomations saved to  global/en-US/README.md
[09:23:50] Picture infomations saved to global/en-US/history/2024/06/10_en-US.md
[09:23:50] Start geting global Bing Wallpaper, region=ja-JP, local time is 2024-06-09 18:23:50.249528+09:00
[09:23:50] Successful get url: https://www.bing.com/th?id=OHR.BardenasBiosphere_JA-JP3263055841_UHD.jpg
[09:23:50] Picture infomations saved to  global/ja-JP/README.md
[09:23:50] Picture infomations saved to global/ja-JP/history/2024/06/09_ja-JP.md
[09:23:50] Start geting global Bing Wallpaper, region=en-IN, local time is 2024-06-09 14:53:50.418152+05:30
[09:23:50] Successful get url: https://www.bing.com/th?id=OHR.BardenasBiosphere_EN-IN8176973788_UHD.jpg
[09:23:50] Picture infomations saved to  global/en-IN/README.md
[09:23:50] Picture infomations saved to global/en-IN/history/2024/06/09_en-IN.md
[09:23:50] Start geting global Bing Wallpaper, region=pt-BR, local time is 2024-06-09 06:23:50.565492-03:00
[09:23:50] Successful get url: https://www.bing.com/th?id=OHR.BardenasBiosphere_PT-BR8155922865_UHD.jpg
[09:23:50] Picture infomations saved to  global/pt-BR/README.md
[09:23:50] Picture infomations saved to global/pt-BR/history/2024/06/10_pt-BR.md
[09:23:50] Start geting global Bing Wallpaper, region=fr-FR, local time is 2024-06-09 11:23:50.703175+02:00
[09:23:50] Successful get url: https://www.bing.com/th?id=OHR.BardenasBiosphere_FR-FR3427127743_UHD.jpg
[09:23:50] Picture infomations saved to  global/fr-FR/README.md
[09:23:50] Picture infomations saved to global/fr-FR/history/2024/06/09_fr-FR.md
[09:23:50] Start geting global Bing Wallpaper, region=de-DE, local time is 2024-06-09 11:23:50.859722+02:00
[09:23:50] Successful get url: https://www.bing.com/th?id=OHR.KlosterKamp_DE-DE6407205141_UHD.jpg
[09:23:51] Picture infomations saved to  global/de-DE/README.md
[09:23:51] Picture infomations saved to global/de-DE/history/2024/06/09_de-DE.md
[09:23:51] Start geting global Bing Wallpaper, region=en-CA, local time is 2024-06-09 05:23:51.023279-04:00
[09:23:51] Successful get url: https://www.bing.com/th?id=OHR.BardenasBiosphere_EN-CA9390385116_UHD.jpg
[09:23:51] Picture infomations saved to  global/en-CA/README.md
[09:23:51] Picture infomations saved to global/en-CA/history/2024/06/10_en-CA.md
[09:23:51] Start geting global Bing Wallpaper, region=en-GB, local time is 2024-06-09 10:23:51.176056+01:00
[09:23:51] Successful get url: https://www.bing.com/th?id=OHR.BardenasBiosphere_EN-GB7353700362_UHD.jpg
[09:23:51] Picture infomations saved to  global/en-GB/README.md
[09:23:51] Picture infomations saved to global/en-GB/history/2024/06/09_en-GB.md
[09:23:51] Start geting global Bing Wallpaper, region=it-IT, local time is 2024-06-09 11:23:51.322515+02:00
[09:23:51] Successful get url: https://www.bing.com/th?id=OHR.BardenasBiosphere_IT-IT6167554797_UHD.jpg
[09:23:51] Picture infomations saved to  global/it-IT/README.md
[09:23:51] Picture infomations saved to global/it-IT/history/2024/06/09_it-IT.md
[09:23:51] Start geting global Bing Wallpaper, region=es-ES, local time is 2024-06-09 11:23:51.449848+02:00
[09:23:51] Successful get url: https://www.bing.com/th?id=OHR.RegionMurciaDay_ES-ES1540507455_UHD.jpg
[09:23:51] Picture infomations saved to  global/es-ES/README.md
[09:23:51] Picture infomations saved to global/es-ES/history/2024/06/09_es-ES.md
[09:23:51] Start geting global Bing Wallpaper, region=fr-CA, local time is 2024-06-09 05:23:51.599713-04:00
[09:23:51] Successful get url: https://www.bing.com/th?id=OHR.BardenasBiosphere_FR-CA2924681615_UHD.jpg
[09:23:51] Picture infomations saved to  global/fr-CA/README.md
[09:23:51] Picture infomations saved to global/fr-CA/history/2024/06/10_fr-CA.md
Program exit at 09:23:51

Program started at 16:11:30
Operating System Name: Linux
Operating System Version: #22~22.04.1-Ubuntu SMP Tue Apr 30 16:08:18 UTC 2024
System Architecture: ('64bit', 'ELF')
Computer Type: x86_64
Computer Name: fv-az1109-843
Processor Type: x86_64
Python Version: 3.12.3
Python Interpreter Name: CPython
[16:11:30] Start geting CN Bing Wallpaper
[16:11:30] Successful get url: https://www.bing.com/th?id=OHR.DragonBoatFestival2024_ZH-CN6619827853_UHD.jpg
[16:11:30] Image saved to img/background.jpg
[16:11:30] Info saved to README.md
[16:11:30] Image saved to history/2024/06/10.md
[16:11:30] Start geting global Bing Wallpaper, region=en-US, local time is 2024-06-09 12:11:30.417368-04:00
[16:11:30] Successful get url: https://www.bing.com/th?id=OHR.BardenasBiosphere_EN-US6936891495_UHD.jpg
[16:11:30] Picture infomations saved to  global/en-US/README.md
[16:11:30] Picture infomations saved to global/en-US/history/2024/06/10_en-US.md
[16:11:30] Start geting global Bing Wallpaper, region=ja-JP, local time is 2024-06-10 01:11:30.547503+09:00
[16:11:30] Successful get url: https://www.bing.com/th?id=OHR.OsakaNight_JA-JP3335717675_UHD.jpg
[16:11:30] Picture infomations saved to  global/ja-JP/README.md
[16:11:30] Picture infomations saved to global/ja-JP/history/2024/06/10_ja-JP.md
[16:11:30] Start geting global Bing Wallpaper, region=en-IN, local time is 2024-06-09 21:41:30.740219+05:30
[16:11:30] Successful get url: https://www.bing.com/th?id=OHR.BardenasBiosphere_EN-IN8176973788_UHD.jpg
[16:11:30] Picture infomations saved to  global/en-IN/README.md
[16:11:30] Picture infomations saved to global/en-IN/history/2024/06/09_en-IN.md
[16:11:30] Start geting global Bing Wallpaper, region=pt-BR, local time is 2024-06-09 13:11:30.856713-03:00
[16:11:30] Successful get url: https://www.bing.com/th?id=OHR.BardenasBiosphere_PT-BR8155922865_UHD.jpg
[16:11:30] Picture infomations saved to  global/pt-BR/README.md
[16:11:30] Picture infomations saved to global/pt-BR/history/2024/06/10_pt-BR.md
[16:11:30] Start geting global Bing Wallpaper, region=fr-FR, local time is 2024-06-09 18:11:30.956431+02:00
[16:11:31] Successful get url: https://www.bing.com/th?id=OHR.BardenasBiosphere_FR-FR3427127743_UHD.jpg
[16:11:31] Picture infomations saved to  global/fr-FR/README.md
[16:11:31] Picture infomations saved to global/fr-FR/history/2024/06/09_fr-FR.md
[16:11:31] Start geting global Bing Wallpaper, region=de-DE, local time is 2024-06-09 18:11:31.058620+02:00
[16:11:31] Successful get url: https://www.bing.com/th?id=OHR.KlosterKamp_DE-DE6407205141_UHD.jpg
[16:11:31] Picture infomations saved to  global/de-DE/README.md
[16:11:31] Picture infomations saved to global/de-DE/history/2024/06/09_de-DE.md
[16:11:31] Start geting global Bing Wallpaper, region=en-CA, local time is 2024-06-09 12:11:31.235201-04:00
[16:11:31] Successful get url: https://www.bing.com/th?id=OHR.BardenasBiosphere_EN-CA9390385116_UHD.jpg
[16:11:31] Picture infomations saved to  global/en-CA/README.md
[16:11:31] Picture infomations saved to global/en-CA/history/2024/06/10_en-CA.md
[16:11:31] Start geting global Bing Wallpaper, region=en-GB, local time is 2024-06-09 17:11:31.383646+01:00
[16:11:31] Successful get url: https://www.bing.com/th?id=OHR.BardenasBiosphere_EN-GB7353700362_UHD.jpg
[16:11:31] Picture infomations saved to  global/en-GB/README.md
[16:11:31] Picture infomations saved to global/en-GB/history/2024/06/09_en-GB.md
[16:11:31] Start geting global Bing Wallpaper, region=it-IT, local time is 2024-06-09 18:11:31.564774+02:00
[16:11:31] Successful get url: https://www.bing.com/th?id=OHR.BardenasBiosphere_IT-IT6167554797_UHD.jpg
[16:11:31] Picture infomations saved to  global/it-IT/README.md
[16:11:31] Picture infomations saved to global/it-IT/history/2024/06/09_it-IT.md
[16:11:31] Start geting global Bing Wallpaper, region=es-ES, local time is 2024-06-09 18:11:31.706231+02:00
[16:11:31] Successful get url: https://www.bing.com/th?id=OHR.RegionMurciaDay_ES-ES1540507455_UHD.jpg
[16:11:31] Picture infomations saved to  global/es-ES/README.md
[16:11:31] Picture infomations saved to global/es-ES/history/2024/06/09_es-ES.md
[16:11:31] Start geting global Bing Wallpaper, region=fr-CA, local time is 2024-06-09 12:11:31.805527-04:00
[16:11:31] Successful get url: https://www.bing.com/th?id=OHR.BardenasBiosphere_FR-CA2924681615_UHD.jpg
[16:11:32] Picture infomations saved to  global/fr-CA/README.md
[16:11:32] Picture infomations saved to global/fr-CA/history/2024/06/10_fr-CA.md
Program exit at 16:11:32
