
Program started at 09:24:26
Operating System Name: Linux
Operating System Version: #22~22.04.1-Ubuntu SMP Tue Apr 30 16:08:18 UTC 2024
System Architecture: ('64bit', 'ELF')
Computer Type: x86_64
Computer Name: fv-az698-572
Processor Type: x86_64
Python Version: 3.12.3
Python Interpreter Name: CPython
[09:24:26] Start geting CN Bing Wallpaper
[09:24:26] Successful get url: https://www.bing.com/th?id=OHR.KillikRiverAlaska_ZH-CN5736211272_UHD.jpg
[09:24:27] Image saved to img/background.jpg
[09:24:27] Info saved to README.md
[09:24:27] Image saved to history/2024/06/08.md
[09:24:27] Start geting global Bing Wallpaper, region=en-US, local time is 2024-06-08 05:24:27.070452-04:00
[09:24:27] Successful get url: https://www.bing.com/th?id=OHR.KillikRiverAlaska_EN-US6860539516_UHD.jpg
[09:24:27] Picture infomations saved to  global/en-US/README.md
[09:24:27] Picture infomations saved to global/en-US/history/2024/06/09_en-US.md
[09:24:27] Start geting global Bing Wallpaper, region=ja-JP, local time is 2024-06-08 18:24:27.194061+09:00
[09:24:27] Successful get url: https://www.bing.com/th?id=OHR.KillikRiverAlaska_JA-JP3191986449_UHD.jpg
[09:24:27] Picture infomations saved to  global/ja-JP/README.md
[09:24:27] Picture infomations saved to global/ja-JP/history/2024/06/08_ja-JP.md
[09:24:27] Start geting global Bing Wallpaper, region=en-IN, local time is 2024-06-08 14:54:27.333419+05:30
[09:24:27] Successful get url: https://www.bing.com/th?id=OHR.KillikRiverAlaska_EN-IN7273907470_UHD.jpg
[09:24:27] Picture infomations saved to  global/en-IN/README.md
[09:24:27] Picture infomations saved to global/en-IN/history/2024/06/08_en-IN.md
[09:24:27] Start geting global Bing Wallpaper, region=pt-BR, local time is 2024-06-08 06:24:27.441894-03:00
[09:24:27] Successful get url: https://www.bing.com/th?id=OHR.KillikRiverAlaska_PT-BR9004579454_UHD.jpg
[09:24:27] Picture infomations saved to  global/pt-BR/README.md
[09:24:27] Picture infomations saved to global/pt-BR/history/2024/06/09_pt-BR.md
[09:24:27] Start geting global Bing Wallpaper, region=fr-FR, local time is 2024-06-08 11:24:27.577691+02:00
[09:24:27] Successful get url: https://www.bing.com/th?id=OHR.KillikRiverAlaska_FR-FR3251837973_UHD.jpg
[09:24:27] Picture infomations saved to  global/fr-FR/README.md
[09:24:27] Picture infomations saved to global/fr-FR/history/2024/06/08_fr-FR.md
[09:24:27] Start geting global Bing Wallpaper, region=de-DE, local time is 2024-06-08 11:24:27.687812+02:00
[09:24:27] Successful get url: https://www.bing.com/th?id=OHR.KillikRiverAlaska_DE-DE8386979162_UHD.jpg
[09:24:27] Picture infomations saved to  global/de-DE/README.md
[09:24:27] Picture infomations saved to global/de-DE/history/2024/06/08_de-DE.md
[09:24:27] Start geting global Bing Wallpaper, region=en-CA, local time is 2024-06-08 05:24:27.805285-04:00
[09:24:27] Successful get url: https://www.bing.com/th?id=OHR.CanadianGP_EN-CA8496728904_UHD.jpg
[09:24:27] Picture infomations saved to  global/en-CA/README.md
[09:24:27] Picture infomations saved to global/en-CA/history/2024/06/09_en-CA.md
[09:24:27] Start geting global Bing Wallpaper, region=en-GB, local time is 2024-06-08 10:24:27.960007+01:00
[09:24:28] Successful get url: https://www.bing.com/th?id=OHR.SummerJuneHare_EN-GB7076303066_UHD.jpg
[09:24:28] Picture infomations saved to  global/en-GB/README.md
[09:24:28] Picture infomations saved to global/en-GB/history/2024/06/08_en-GB.md
[09:24:28] Start geting global Bing Wallpaper, region=it-IT, local time is 2024-06-08 11:24:28.128916+02:00
[09:24:28] Successful get url: https://www.bing.com/th?id=OHR.KillikRiverAlaska_IT-IT4840241449_UHD.jpg
[09:24:28] Picture infomations saved to  global/it-IT/README.md
[09:24:28] Picture infomations saved to global/it-IT/history/2024/06/08_it-IT.md
[09:24:28] Start geting global Bing Wallpaper, region=es-ES, local time is 2024-06-08 11:24:28.265783+02:00
[09:24:28] Successful get url: https://www.bing.com/th?id=OHR.BardenasBiosphere_ES-ES5583013155_UHD.jpg
[09:24:28] Picture infomations saved to  global/es-ES/README.md
[09:24:28] Picture infomations saved to global/es-ES/history/2024/06/08_es-ES.md
[09:24:28] Start geting global Bing Wallpaper, region=fr-CA, local time is 2024-06-08 05:24:28.361325-04:00
[09:24:28] Successful get url: https://www.bing.com/th?id=OHR.CanadianGP_FR-CA8468216905_UHD.jpg
[09:24:28] Picture infomations saved to  global/fr-CA/README.md
[09:24:28] Picture infomations saved to global/fr-CA/history/2024/06/09_fr-CA.md
Program exit at 09:24:28

Program started at 16:13:15
Operating System Name: Linux
Operating System Version: #22~22.04.1-Ubuntu SMP Tue Apr 30 16:08:18 UTC 2024
System Architecture: ('64bit', 'ELF')
Computer Type: x86_64
Computer Name: fv-az1542-853
Processor Type: x86_64
Python Version: 3.12.3
Python Interpreter Name: CPython
[16:13:15] Start geting CN Bing Wallpaper
[16:13:15] Successful get url: https://www.bing.com/th?id=OHR.BardenasBiosphere_ZH-CN6198033700_UHD.jpg
[16:13:16] Image saved to img/background.jpg
[16:13:16] Info saved to README.md
[16:13:16] Image saved to history/2024/06/09.md
[16:13:16] Start geting global Bing Wallpaper, region=en-US, local time is 2024-06-08 12:13:16.060595-04:00
[16:13:16] Successful get url: https://www.bing.com/th?id=OHR.KillikRiverAlaska_EN-US6860539516_UHD.jpg
[16:13:16] Picture infomations saved to  global/en-US/README.md
[16:13:16] Picture infomations saved to global/en-US/history/2024/06/09_en-US.md
[16:13:16] Start geting global Bing Wallpaper, region=ja-JP, local time is 2024-06-09 01:13:16.168844+09:00
[16:13:16] Successful get url: https://www.bing.com/th?id=OHR.BardenasBiosphere_JA-JP3263055841_UHD.jpg
[16:13:16] Picture infomations saved to  global/ja-JP/README.md
[16:13:16] Picture infomations saved to global/ja-JP/history/2024/06/09_ja-JP.md
[16:13:16] Start geting global Bing Wallpaper, region=en-IN, local time is 2024-06-08 21:43:16.278032+05:30
[16:13:16] Successful get url: https://www.bing.com/th?id=OHR.KillikRiverAlaska_EN-IN7273907470_UHD.jpg
[16:13:16] Picture infomations saved to  global/en-IN/README.md
[16:13:16] Picture infomations saved to global/en-IN/history/2024/06/08_en-IN.md
[16:13:16] Start geting global Bing Wallpaper, region=pt-BR, local time is 2024-06-08 13:13:16.449855-03:00
[16:13:16] Successful get url: https://www.bing.com/th?id=OHR.KillikRiverAlaska_PT-BR9004579454_UHD.jpg
[16:13:16] Picture infomations saved to  global/pt-BR/README.md
[16:13:16] Picture infomations saved to global/pt-BR/history/2024/06/09_pt-BR.md
[16:13:16] Start geting global Bing Wallpaper, region=fr-FR, local time is 2024-06-08 18:13:16.543409+02:00
[16:13:16] Successful get url: https://www.bing.com/th?id=OHR.KillikRiverAlaska_FR-FR3251837973_UHD.jpg
[16:13:16] Picture infomations saved to  global/fr-FR/README.md
[16:13:16] Picture infomations saved to global/fr-FR/history/2024/06/08_fr-FR.md
[16:13:16] Start geting global Bing Wallpaper, region=de-DE, local time is 2024-06-08 18:13:16.640984+02:00
[16:13:16] Successful get url: https://www.bing.com/th?id=OHR.KillikRiverAlaska_DE-DE8386979162_UHD.jpg
[16:13:16] Picture infomations saved to  global/de-DE/README.md
[16:13:16] Picture infomations saved to global/de-DE/history/2024/06/08_de-DE.md
[16:13:16] Start geting global Bing Wallpaper, region=en-CA, local time is 2024-06-08 12:13:16.743677-04:00
[16:13:16] Successful get url: https://www.bing.com/th?id=OHR.CanadianGP_EN-CA8496728904_UHD.jpg
[16:13:16] Picture infomations saved to  global/en-CA/README.md
[16:13:16] Picture infomations saved to global/en-CA/history/2024/06/09_en-CA.md
[16:13:16] Start geting global Bing Wallpaper, region=en-GB, local time is 2024-06-08 17:13:16.882343+01:00
[16:13:16] Successful get url: https://www.bing.com/th?id=OHR.SummerJuneHare_EN-GB7076303066_UHD.jpg
[16:13:16] Picture infomations saved to  global/en-GB/README.md
[16:13:16] Picture infomations saved to global/en-GB/history/2024/06/08_en-GB.md
[16:13:16] Start geting global Bing Wallpaper, region=it-IT, local time is 2024-06-08 18:13:16.983489+02:00
[16:13:17] Successful get url: https://www.bing.com/th?id=OHR.KillikRiverAlaska_IT-IT4840241449_UHD.jpg
[16:13:17] Picture infomations saved to  global/it-IT/README.md
[16:13:17] Picture infomations saved to global/it-IT/history/2024/06/08_it-IT.md
[16:13:17] Start geting global Bing Wallpaper, region=es-ES, local time is 2024-06-08 18:13:17.104253+02:00
[16:13:17] Successful get url: https://www.bing.com/th?id=OHR.BardenasBiosphere_ES-ES5583013155_UHD.jpg
[16:13:17] Picture infomations saved to  global/es-ES/README.md
[16:13:17] Picture infomations saved to global/es-ES/history/2024/06/08_es-ES.md
[16:13:17] Start geting global Bing Wallpaper, region=fr-CA, local time is 2024-06-08 12:13:17.214941-04:00
[16:13:17] Successful get url: https://www.bing.com/th?id=OHR.CanadianGP_FR-CA8468216905_UHD.jpg
[16:13:17] Picture infomations saved to  global/fr-CA/README.md
[16:13:17] Picture infomations saved to global/fr-CA/history/2024/06/09_fr-CA.md
Program exit at 16:13:17
