
Program started at 09:25:00
Operating System Name: Linux
Operating System Version: #22~22.04.1-Ubuntu SMP Tue Apr 30 16:08:18 UTC 2024
System Architecture: ('64bit', 'ELF')
Computer Type: x86_64
Computer Name: fv-az736-826
Processor Type: x86_64
Python Version: 3.12.3
Python Interpreter Name: CPython
[09:25:00] Start geting CN Bing Wallpaper
[09:25:00] Successful get url: https://www.bing.com/th?id=OHR.RedFoxDad_ZH-CN4894022141_UHD.jpg
[09:25:00] Image saved to img/background.jpg
[09:25:00] Info saved to README.md
[09:25:00] Image saved to history/2024/06/16.md
[09:25:00] Start geting global Bing Wallpaper, region=en-US, local time is 2024-06-16 05:25:00.794274-04:00
[09:25:00] Successful get url: https://www.bing.com/th?id=OHR.RedFoxDad_EN-US9773161483_UHD.jpg
[09:25:00] Picture infomations saved to  global/en-US/README.md
[09:25:00] Picture infomations saved to global/en-US/history/2024/06/17_en-US.md
[09:25:00] Start geting global Bing Wallpaper, region=ja-JP, local time is 2024-06-16 18:25:00.954675+09:00
[09:25:00] Successful get url: https://www.bing.com/th?id=OHR.RedFoxDad_JA-JP0937901099_UHD.jpg
[09:25:01] Picture infomations saved to  global/ja-JP/README.md
[09:25:01] Picture infomations saved to global/ja-JP/history/2024/06/16_ja-JP.md
[09:25:01] Start geting global Bing Wallpaper, region=en-IN, local time is 2024-06-16 14:55:01.109051+05:30
[09:25:01] Successful get url: https://www.bing.com/th?id=OHR.RedFoxDad_EN-IN5300607847_UHD.jpg
[09:25:01] Picture infomations saved to  global/en-IN/README.md
[09:25:01] Picture infomations saved to global/en-IN/history/2024/06/16_en-IN.md
[09:25:01] Start geting global Bing Wallpaper, region=pt-BR, local time is 2024-06-16 06:25:01.254760-03:00
[09:25:01] Successful get url: https://www.bing.com/th?id=OHR.FloresIsland_PT-BR1096612620_UHD.jpg
[09:25:01] Picture infomations saved to  global/pt-BR/README.md
[09:25:01] Picture infomations saved to global/pt-BR/history/2024/06/17_pt-BR.md
[09:25:01] Start geting global Bing Wallpaper, region=fr-FR, local time is 2024-06-16 11:25:01.402945+02:00
[09:25:01] Successful get url: https://www.bing.com/th?id=OHR.RedFoxDad_FR-FR3371995571_UHD.jpg
[09:25:01] Picture infomations saved to  global/fr-FR/README.md
[09:25:01] Picture infomations saved to global/fr-FR/history/2024/06/16_fr-FR.md
[09:25:01] Start geting global Bing Wallpaper, region=de-DE, local time is 2024-06-16 11:25:01.577456+02:00
[09:25:01] Successful get url: https://www.bing.com/th?id=OHR.Ruinenberg_DE-DE5900996291_UHD.jpg
[09:25:01] Picture infomations saved to  global/de-DE/README.md
[09:25:01] Picture infomations saved to global/de-DE/history/2024/06/16_de-DE.md
[09:25:01] Start geting global Bing Wallpaper, region=en-CA, local time is 2024-06-16 05:25:01.724484-04:00
[09:25:01] Successful get url: https://www.bing.com/th?id=OHR.RedFoxDad_EN-CA5585165755_UHD.jpg
[09:25:01] Picture infomations saved to  global/en-CA/README.md
[09:25:01] Picture infomations saved to global/en-CA/history/2024/06/17_en-CA.md
[09:25:01] Start geting global Bing Wallpaper, region=en-GB, local time is 2024-06-16 10:25:01.879179+01:00
[09:25:01] Successful get url: https://www.bing.com/th?id=OHR.RedFoxDad_EN-GB2072246945_UHD.jpg
[09:25:02] Picture infomations saved to  global/en-GB/README.md
[09:25:02] Picture infomations saved to global/en-GB/history/2024/06/16_en-GB.md
[09:25:02] Start geting global Bing Wallpaper, region=it-IT, local time is 2024-06-16 11:25:02.023774+02:00
[09:25:02] Successful get url: https://www.bing.com/th?id=OHR.TodiView_IT-IT4184020567_UHD.jpg
[09:25:02] Picture infomations saved to  global/it-IT/README.md
[09:25:02] Picture infomations saved to global/it-IT/history/2024/06/16_it-IT.md
[09:25:02] Start geting global Bing Wallpaper, region=es-ES, local time is 2024-06-16 11:25:02.176874+02:00
[09:25:02] Successful get url: https://www.bing.com/th?id=OHR.KillikRiverAlaska_ES-ES6266165210_UHD.jpg
[09:25:02] Picture infomations saved to  global/es-ES/README.md
[09:25:02] Picture infomations saved to global/es-ES/history/2024/06/16_es-ES.md
[09:25:02] Start geting global Bing Wallpaper, region=fr-CA, local time is 2024-06-16 05:25:02.342622-04:00
[09:25:02] Successful get url: https://www.bing.com/th?id=OHR.RedFoxDad_FR-CA8573396547_UHD.jpg
[09:25:02] Picture infomations saved to  global/fr-CA/README.md
[09:25:02] Picture infomations saved to global/fr-CA/history/2024/06/17_fr-CA.md
Program exit at 09:25:02

Program started at 16:11:28
Operating System Name: Linux
Operating System Version: #22~22.04.1-Ubuntu SMP Tue Apr 30 16:08:18 UTC 2024
System Architecture: ('64bit', 'ELF')
Computer Type: x86_64
Computer Name: fv-az883-240
Processor Type: x86_64
Python Version: 3.12.3
Python Interpreter Name: CPython
[16:11:28] Start geting CN Bing Wallpaper
[16:11:28] Successful get url: https://www.bing.com/th?id=OHR.HummingThistle_ZH-CN5057539905_UHD.jpg
[16:11:28] Image saved to img/background.jpg
[16:11:28] Info saved to README.md
[16:11:28] Image saved to history/2024/06/17.md
[16:11:28] Start geting global Bing Wallpaper, region=en-US, local time is 2024-06-16 12:11:28.423459-04:00
[16:11:28] Successful get url: https://www.bing.com/th?id=OHR.RedFoxDad_EN-US9773161483_UHD.jpg
[16:11:28] Picture infomations saved to  global/en-US/README.md
[16:11:28] Picture infomations saved to global/en-US/history/2024/06/17_en-US.md
[16:11:28] Start geting global Bing Wallpaper, region=ja-JP, local time is 2024-06-17 01:11:28.547640+09:00
[16:11:28] Successful get url: https://www.bing.com/th?id=OHR.HummingThistle_JA-JP1170638705_UHD.jpg
[16:11:28] Picture infomations saved to  global/ja-JP/README.md
[16:11:28] Picture infomations saved to global/ja-JP/history/2024/06/17_ja-JP.md
[16:11:28] Start geting global Bing Wallpaper, region=en-IN, local time is 2024-06-16 21:41:28.694522+05:30
[16:11:28] Successful get url: https://www.bing.com/th?id=OHR.RedFoxDad_EN-IN5300607847_UHD.jpg
[16:11:28] Picture infomations saved to  global/en-IN/README.md
[16:11:28] Picture infomations saved to global/en-IN/history/2024/06/16_en-IN.md
[16:11:28] Start geting global Bing Wallpaper, region=pt-BR, local time is 2024-06-16 13:11:28.778830-03:00
[16:11:28] Successful get url: https://www.bing.com/th?id=OHR.FloresIsland_PT-BR1096612620_UHD.jpg
[16:11:28] Picture infomations saved to  global/pt-BR/README.md
[16:11:28] Picture infomations saved to global/pt-BR/history/2024/06/17_pt-BR.md
[16:11:28] Start geting global Bing Wallpaper, region=fr-FR, local time is 2024-06-16 18:11:28.930731+02:00
[16:11:28] Successful get url: https://www.bing.com/th?id=OHR.RedFoxDad_FR-FR3371995571_UHD.jpg
[16:11:29] Picture infomations saved to  global/fr-FR/README.md
[16:11:29] Picture infomations saved to global/fr-FR/history/2024/06/16_fr-FR.md
[16:11:29] Start geting global Bing Wallpaper, region=de-DE, local time is 2024-06-16 18:11:29.103351+02:00
[16:11:29] Successful get url: https://www.bing.com/th?id=OHR.Ruinenberg_DE-DE5900996291_UHD.jpg
[16:11:29] Picture infomations saved to  global/de-DE/README.md
[16:11:29] Picture infomations saved to global/de-DE/history/2024/06/16_de-DE.md
[16:11:29] Start geting global Bing Wallpaper, region=en-CA, local time is 2024-06-16 12:11:29.255509-04:00
[16:11:29] Successful get url: https://www.bing.com/th?id=OHR.RedFoxDad_EN-CA5585165755_UHD.jpg
[16:11:29] Picture infomations saved to  global/en-CA/README.md
[16:11:29] Picture infomations saved to global/en-CA/history/2024/06/17_en-CA.md
[16:11:29] Start geting global Bing Wallpaper, region=en-GB, local time is 2024-06-16 17:11:29.393181+01:00
[16:11:29] Successful get url: https://www.bing.com/th?id=OHR.RedFoxDad_EN-GB2072246945_UHD.jpg
[16:11:29] Picture infomations saved to  global/en-GB/README.md
[16:11:29] Picture infomations saved to global/en-GB/history/2024/06/16_en-GB.md
[16:11:29] Start geting global Bing Wallpaper, region=it-IT, local time is 2024-06-16 18:11:29.485730+02:00
[16:11:29] Successful get url: https://www.bing.com/th?id=OHR.TodiView_IT-IT4184020567_UHD.jpg
[16:11:29] Picture infomations saved to  global/it-IT/README.md
[16:11:29] Picture infomations saved to global/it-IT/history/2024/06/16_it-IT.md
[16:11:29] Start geting global Bing Wallpaper, region=es-ES, local time is 2024-06-16 18:11:29.590875+02:00
[16:11:29] Successful get url: https://www.bing.com/th?id=OHR.KillikRiverAlaska_ES-ES6266165210_UHD.jpg
[16:11:29] Picture infomations saved to  global/es-ES/README.md
[16:11:29] Picture infomations saved to global/es-ES/history/2024/06/16_es-ES.md
[16:11:29] Start geting global Bing Wallpaper, region=fr-CA, local time is 2024-06-16 12:11:29.683699-04:00
[16:11:29] Successful get url: https://www.bing.com/th?id=OHR.RedFoxDad_FR-CA8573396547_UHD.jpg
[16:11:29] Picture infomations saved to  global/fr-CA/README.md
[16:11:29] Picture infomations saved to global/fr-CA/history/2024/06/17_fr-CA.md
Program exit at 16:11:29
