
Program started at 09:26:28
Operating System Name: Linux
Operating System Version: #23~22.04.1-Ubuntu SMP Thu May  9 17:59:24 UTC 2024
System Architecture: ('64bit', 'ELF')
Computer Type: x86_64
Computer Name: fv-az523-996
Processor Type: x86_64
Python Version: 3.12.4
Python Interpreter Name: CPython
[09:26:28] Start geting CN Bing Wallpaper
[09:26:28] Successful get url: https://www.bing.com/th?id=OHR.KokinoMacedonia_ZH-CN6029529601_UHD.jpg
[09:26:29] Image saved to img/background.jpg
[09:26:29] Info saved to README.md
[09:26:29] Image saved to history/2024/06/20.md
[09:26:29] Start geting global Bing Wallpaper, region=en-US, local time is 2024-06-20 05:26:29.079300-04:00
[09:26:29] Successful get url: https://www.bing.com/th?id=OHR.KokinoMacedonia_EN-US0466604378_UHD.jpg
[09:26:29] Picture infomations saved to  global/en-US/README.md
[09:26:29] Picture infomations saved to global/en-US/history/2024/06/21_en-US.md
[09:26:29] Start geting global Bing Wallpaper, region=ja-JP, local time is 2024-06-20 18:26:29.180945+09:00
[09:26:29] Successful get url: https://www.bing.com/th?id=OHR.KokinoMacedonia_JA-JP1713805484_UHD.jpg
[09:26:29] Picture infomations saved to  global/ja-JP/README.md
[09:26:29] Picture infomations saved to global/ja-JP/history/2024/06/20_ja-JP.md
[09:26:29] Start geting global Bing Wallpaper, region=en-IN, local time is 2024-06-20 14:56:29.320197+05:30
[09:26:29] Successful get url: https://www.bing.com/th?id=OHR.KokinoMacedonia_EN-IN6950788998_UHD.jpg
[09:26:29] Picture infomations saved to  global/en-IN/README.md
[09:26:29] Picture infomations saved to global/en-IN/history/2024/06/20_en-IN.md
[09:26:29] Start geting global Bing Wallpaper, region=pt-BR, local time is 2024-06-20 06:26:29.450012-03:00
[09:26:29] Successful get url: https://www.bing.com/th?id=OHR.KokinoMacedonia_PT-BR2816851215_UHD.jpg
[09:26:29] Picture infomations saved to  global/pt-BR/README.md
[09:26:29] Picture infomations saved to global/pt-BR/history/2024/06/21_pt-BR.md
[09:26:29] Start geting global Bing Wallpaper, region=fr-FR, local time is 2024-06-20 11:26:29.600132+02:00
[09:26:29] Successful get url: https://www.bing.com/th?id=OHR.KokinoMacedonia_FR-FR5105619878_UHD.jpg
[09:26:29] Picture infomations saved to  global/fr-FR/README.md
[09:26:29] Picture infomations saved to global/fr-FR/history/2024/06/20_fr-FR.md
[09:26:29] Start geting global Bing Wallpaper, region=de-DE, local time is 2024-06-20 11:26:29.717292+02:00
[09:26:29] Successful get url: https://www.bing.com/th?id=OHR.KokinoMacedonia_DE-DE0078075426_UHD.jpg
[09:26:29] Picture infomations saved to  global/de-DE/README.md
[09:26:29] Picture infomations saved to global/de-DE/history/2024/06/20_de-DE.md
[09:26:29] Start geting global Bing Wallpaper, region=en-CA, local time is 2024-06-20 05:26:29.857772-04:00
[09:26:29] Successful get url: https://www.bing.com/th?id=OHR.KokinoMacedonia_EN-CA8649662259_UHD.jpg
[09:26:29] Picture infomations saved to  global/en-CA/README.md
[09:26:29] Picture infomations saved to global/en-CA/history/2024/06/21_en-CA.md
[09:26:29] Start geting global Bing Wallpaper, region=en-GB, local time is 2024-06-20 10:26:29.964709+01:00
[09:26:30] Successful get url: https://www.bing.com/th?id=OHR.KokinoMacedonia_EN-GB4480367698_UHD.jpg
[09:26:30] Picture infomations saved to  global/en-GB/README.md
[09:26:30] Picture infomations saved to global/en-GB/history/2024/06/20_en-GB.md
[09:26:30] Start geting global Bing Wallpaper, region=it-IT, local time is 2024-06-20 11:26:30.046594+02:00
[09:26:30] Successful get url: https://www.bing.com/th?id=OHR.SummerTree_IT-IT6031529080_UHD.jpg
[09:26:30] Picture infomations saved to  global/it-IT/README.md
[09:26:30] Picture infomations saved to global/it-IT/history/2024/06/20_it-IT.md
[09:26:30] Start geting global Bing Wallpaper, region=es-ES, local time is 2024-06-20 11:26:30.275340+02:00
[09:26:30] Successful get url: https://www.bing.com/th?id=OHR.KokinoMacedonia_ES-ES7264523423_UHD.jpg
[09:26:30] Picture infomations saved to  global/es-ES/README.md
[09:26:30] Picture infomations saved to global/es-ES/history/2024/06/20_es-ES.md
[09:26:30] Start geting global Bing Wallpaper, region=fr-CA, local time is 2024-06-20 05:26:30.394843-04:00
[09:26:30] Successful get url: https://www.bing.com/th?id=OHR.KokinoMacedonia_FR-CA9739761147_UHD.jpg
[09:26:30] Picture infomations saved to  global/fr-CA/README.md
[09:26:30] Picture infomations saved to global/fr-CA/history/2024/06/21_fr-CA.md
Program exit at 09:26:30

Program started at 16:13:35
Operating System Name: Linux
Operating System Version: #23~22.04.1-Ubuntu SMP Thu May  9 17:59:24 UTC 2024
System Architecture: ('64bit', 'ELF')
Computer Type: x86_64
Computer Name: fv-az1986-419
Processor Type: x86_64
Python Version: 3.12.4
Python Interpreter Name: CPython
[16:13:35] Start geting CN Bing Wallpaper
[16:13:35] Successful get url: https://www.bing.com/th?id=OHR.SummerSolstice2024_ZH-CN6141918663_UHD.jpg
[16:13:35] Image saved to img/background.jpg
[16:13:35] Info saved to README.md
[16:13:35] Image saved to history/2024/06/21.md
[16:13:35] Start geting global Bing Wallpaper, region=en-US, local time is 2024-06-20 12:13:35.885709-04:00
[16:13:35] Successful get url: https://www.bing.com/th?id=OHR.KokinoMacedonia_EN-US0466604378_UHD.jpg
[16:13:35] Picture infomations saved to  global/en-US/README.md
[16:13:35] Picture infomations saved to global/en-US/history/2024/06/21_en-US.md
[16:13:35] Start geting global Bing Wallpaper, region=ja-JP, local time is 2024-06-21 01:13:35.998008+09:00
[16:13:36] Successful get url: https://www.bing.com/th?id=OHR.LewaGiraffe_JA-JP1858057864_UHD.jpg
[16:13:36] Picture infomations saved to  global/ja-JP/README.md
[16:13:36] Picture infomations saved to global/ja-JP/history/2024/06/21_ja-JP.md
[16:13:36] Start geting global Bing Wallpaper, region=en-IN, local time is 2024-06-20 21:43:36.154100+05:30
[16:13:36] Successful get url: https://www.bing.com/th?id=OHR.KokinoMacedonia_EN-IN6950788998_UHD.jpg
[16:13:36] Picture infomations saved to  global/en-IN/README.md
[16:13:36] Picture infomations saved to global/en-IN/history/2024/06/20_en-IN.md
[16:13:36] Start geting global Bing Wallpaper, region=pt-BR, local time is 2024-06-20 13:13:36.315731-03:00
[16:13:36] Successful get url: https://www.bing.com/th?id=OHR.KokinoMacedonia_PT-BR2816851215_UHD.jpg
[16:13:36] Picture infomations saved to  global/pt-BR/README.md
[16:13:36] Picture infomations saved to global/pt-BR/history/2024/06/21_pt-BR.md
[16:13:36] Start geting global Bing Wallpaper, region=fr-FR, local time is 2024-06-20 18:13:36.424406+02:00
[16:13:36] Successful get url: https://www.bing.com/th?id=OHR.KokinoMacedonia_FR-FR5105619878_UHD.jpg
[16:13:36] Picture infomations saved to  global/fr-FR/README.md
[16:13:36] Picture infomations saved to global/fr-FR/history/2024/06/20_fr-FR.md
[16:13:36] Start geting global Bing Wallpaper, region=de-DE, local time is 2024-06-20 18:13:36.524975+02:00
[16:13:36] Successful get url: https://www.bing.com/th?id=OHR.KokinoMacedonia_DE-DE0078075426_UHD.jpg
[16:13:36] Picture infomations saved to  global/de-DE/README.md
[16:13:36] Picture infomations saved to global/de-DE/history/2024/06/20_de-DE.md
[16:13:36] Start geting global Bing Wallpaper, region=en-CA, local time is 2024-06-20 12:13:36.694318-04:00
[16:13:36] Successful get url: https://www.bing.com/th?id=OHR.KokinoMacedonia_EN-CA8649662259_UHD.jpg
[16:13:36] Picture infomations saved to  global/en-CA/README.md
[16:13:36] Picture infomations saved to global/en-CA/history/2024/06/21_en-CA.md
[16:13:36] Start geting global Bing Wallpaper, region=en-GB, local time is 2024-06-20 17:13:36.851654+01:00
[16:13:36] Successful get url: https://www.bing.com/th?id=OHR.KokinoMacedonia_EN-GB4480367698_UHD.jpg
[16:13:36] Picture infomations saved to  global/en-GB/README.md
[16:13:36] Picture infomations saved to global/en-GB/history/2024/06/20_en-GB.md
[16:13:36] Start geting global Bing Wallpaper, region=it-IT, local time is 2024-06-20 18:13:36.945588+02:00
[16:13:37] Successful get url: https://www.bing.com/th?id=OHR.SummerTree_IT-IT6031529080_UHD.jpg
[16:13:37] Picture infomations saved to  global/it-IT/README.md
[16:13:37] Picture infomations saved to global/it-IT/history/2024/06/20_it-IT.md
[16:13:37] Start geting global Bing Wallpaper, region=es-ES, local time is 2024-06-20 18:13:37.065555+02:00
[16:13:37] Successful get url: https://www.bing.com/th?id=OHR.KokinoMacedonia_ES-ES7264523423_UHD.jpg
[16:13:37] Picture infomations saved to  global/es-ES/README.md
[16:13:37] Picture infomations saved to global/es-ES/history/2024/06/20_es-ES.md
[16:13:37] Start geting global Bing Wallpaper, region=fr-CA, local time is 2024-06-20 12:13:37.189489-04:00
[16:13:37] Successful get url: https://www.bing.com/th?id=OHR.KokinoMacedonia_FR-CA9739761147_UHD.jpg
[16:13:37] Picture infomations saved to  global/fr-CA/README.md
[16:13:37] Picture infomations saved to global/fr-CA/history/2024/06/21_fr-CA.md
Program exit at 16:13:37
