
Program started at 09:28:05
Operating System Name: Linux
Operating System Version: #22~22.04.1-Ubuntu SMP Tue Apr 30 16:08:18 UTC 2024
System Architecture: ('64bit', 'ELF')
Computer Type: x86_64
Computer Name: fv-az692-439
Processor Type: x86_64
Python Version: 3.12.3
Python Interpreter Name: CPython
[09:28:05] Start geting CN Bing Wallpaper
[09:28:05] Successful get url: https://www.bing.com/th?id=OHR.CuxhavenTower_ZH-CN5580118944_UHD.jpg
[09:28:05] Image saved to img/background.jpg
[09:28:05] Info saved to README.md
[09:28:05] Image saved to history/2024/06/19.md
[09:28:05] Start geting global Bing Wallpaper, region=en-US, local time is 2024-06-19 05:28:05.411699-04:00
[09:28:05] Successful get url: https://www.bing.com/th?id=OHR.LawrenceMosaic_EN-US0314379909_UHD.jpg
[09:28:05] Picture infomations saved to  global/en-US/README.md
[09:28:05] Picture infomations saved to global/en-US/history/2024/06/20_en-US.md
[09:28:05] Start geting global Bing Wallpaper, region=ja-JP, local time is 2024-06-19 18:28:05.547965+09:00
[09:28:05] Successful get url: https://www.bing.com/th?id=OHR.FlorenceDuomo_JA-JP1549442901_UHD.jpg
[09:28:05] Picture infomations saved to  global/ja-JP/README.md
[09:28:05] Picture infomations saved to global/ja-JP/history/2024/06/19_ja-JP.md
[09:28:05] Start geting global Bing Wallpaper, region=en-IN, local time is 2024-06-19 14:58:05.807658+05:30
[09:28:05] Successful get url: https://www.bing.com/th?id=OHR.LewaGiraffe_EN-IN6464213350_UHD.jpg
[09:28:05] Picture infomations saved to  global/en-IN/README.md
[09:28:05] Picture infomations saved to global/en-IN/history/2024/06/19_en-IN.md
[09:28:05] Start geting global Bing Wallpaper, region=pt-BR, local time is 2024-06-19 06:28:05.919143-03:00
[09:28:05] Successful get url: https://www.bing.com/th?id=OHR.CuxhavenTower_PT-BR2536351203_UHD.jpg
[09:28:06] Picture infomations saved to  global/pt-BR/README.md
[09:28:06] Picture infomations saved to global/pt-BR/history/2024/06/20_pt-BR.md
[09:28:06] Start geting global Bing Wallpaper, region=fr-FR, local time is 2024-06-19 11:28:06.077888+02:00
[09:28:06] Successful get url: https://www.bing.com/th?id=OHR.CuxhavenTower_FR-FR4564976759_UHD.jpg
[09:28:06] Picture infomations saved to  global/fr-FR/README.md
[09:28:06] Picture infomations saved to global/fr-FR/history/2024/06/19_fr-FR.md
[09:28:06] Start geting global Bing Wallpaper, region=de-DE, local time is 2024-06-19 11:28:06.234213+02:00
[09:28:06] Successful get url: https://www.bing.com/th?id=OHR.CuxhavenTower_DE-DE4991048453_UHD.jpg
[09:28:06] Picture infomations saved to  global/de-DE/README.md
[09:28:06] Picture infomations saved to global/de-DE/history/2024/06/19_de-DE.md
[09:28:06] Start geting global Bing Wallpaper, region=en-CA, local time is 2024-06-19 05:28:06.364632-04:00
[09:28:06] Successful get url: https://www.bing.com/th?id=OHR.LewaGiraffe_EN-CA8570636554_UHD.jpg
[09:28:06] Picture infomations saved to  global/en-CA/README.md
[09:28:06] Picture infomations saved to global/en-CA/history/2024/06/20_en-CA.md
[09:28:06] Start geting global Bing Wallpaper, region=en-GB, local time is 2024-06-19 10:28:06.454551+01:00
[09:28:06] Successful get url: https://www.bing.com/th?id=OHR.CadesCove_EN-GB3888481980_UHD.jpg
[09:28:06] Picture infomations saved to  global/en-GB/README.md
[09:28:06] Picture infomations saved to global/en-GB/history/2024/06/19_en-GB.md
[09:28:06] Start geting global Bing Wallpaper, region=it-IT, local time is 2024-06-19 11:28:06.620133+02:00
[09:28:06] Successful get url: https://www.bing.com/th?id=OHR.CuxhavenTower_IT-IT3147341965_UHD.jpg
[09:28:06] Picture infomations saved to  global/it-IT/README.md
[09:28:06] Picture infomations saved to global/it-IT/history/2024/06/19_it-IT.md
[09:28:06] Start geting global Bing Wallpaper, region=es-ES, local time is 2024-06-19 11:28:06.718066+02:00
[09:28:06] Successful get url: https://www.bing.com/th?id=OHR.SuperyachtCupPalma_ES-ES7519747010_UHD.jpg
[09:28:06] Picture infomations saved to  global/es-ES/README.md
[09:28:06] Picture infomations saved to global/es-ES/history/2024/06/19_es-ES.md
[09:28:06] Start geting global Bing Wallpaper, region=fr-CA, local time is 2024-06-19 05:28:06.821203-04:00
[09:28:06] Successful get url: https://www.bing.com/th?id=OHR.CuxhavenTower_FR-CA9531347179_UHD.jpg
[09:28:06] Picture infomations saved to  global/fr-CA/README.md
[09:28:06] Picture infomations saved to global/fr-CA/history/2024/06/20_fr-CA.md
Program exit at 09:28:06

Program started at 16:12:42
Operating System Name: Linux
Operating System Version: #23~22.04.1-Ubuntu SMP Thu May  9 17:59:24 UTC 2024
System Architecture: ('64bit', 'ELF')
Computer Type: x86_64
Computer Name: fv-az1446-401
Processor Type: x86_64
Python Version: 3.12.4
Python Interpreter Name: CPython
[16:12:42] Start geting CN Bing Wallpaper
[16:12:42] Successful get url: https://www.bing.com/th?id=OHR.KokinoMacedonia_ZH-CN6029529601_UHD.jpg
[16:12:43] Image saved to img/background.jpg
[16:12:43] Info saved to README.md
[16:12:43] Image saved to history/2024/06/20.md
[16:12:43] Start geting global Bing Wallpaper, region=en-US, local time is 2024-06-19 12:12:43.055473-04:00
[16:12:43] Successful get url: https://www.bing.com/th?id=OHR.LawrenceMosaic_EN-US0314379909_UHD.jpg
[16:12:43] Picture infomations saved to  global/en-US/README.md
[16:12:43] Picture infomations saved to global/en-US/history/2024/06/20_en-US.md
[16:12:43] Start geting global Bing Wallpaper, region=ja-JP, local time is 2024-06-20 01:12:43.165532+09:00
[16:12:43] Successful get url: https://www.bing.com/th?id=OHR.KokinoMacedonia_JA-JP1713805484_UHD.jpg
[16:12:43] Picture infomations saved to  global/ja-JP/README.md
[16:12:43] Picture infomations saved to global/ja-JP/history/2024/06/20_ja-JP.md
[16:12:43] Start geting global Bing Wallpaper, region=en-IN, local time is 2024-06-19 21:42:43.327727+05:30
[16:12:43] Successful get url: https://www.bing.com/th?id=OHR.LewaGiraffe_EN-IN6464213350_UHD.jpg
[16:12:43] Picture infomations saved to  global/en-IN/README.md
[16:12:43] Picture infomations saved to global/en-IN/history/2024/06/19_en-IN.md
[16:12:43] Start geting global Bing Wallpaper, region=pt-BR, local time is 2024-06-19 13:12:43.475085-03:00
[16:12:43] Successful get url: https://www.bing.com/th?id=OHR.CuxhavenTower_PT-BR2536351203_UHD.jpg
[16:12:43] Picture infomations saved to  global/pt-BR/README.md
[16:12:43] Picture infomations saved to global/pt-BR/history/2024/06/20_pt-BR.md
[16:12:43] Start geting global Bing Wallpaper, region=fr-FR, local time is 2024-06-19 18:12:43.592580+02:00
[16:12:43] Successful get url: https://www.bing.com/th?id=OHR.CuxhavenTower_FR-FR4564976759_UHD.jpg
[16:12:43] Picture infomations saved to  global/fr-FR/README.md
[16:12:43] Picture infomations saved to global/fr-FR/history/2024/06/19_fr-FR.md
[16:12:43] Start geting global Bing Wallpaper, region=de-DE, local time is 2024-06-19 18:12:43.703998+02:00
[16:12:43] Successful get url: https://www.bing.com/th?id=OHR.CuxhavenTower_DE-DE4991048453_UHD.jpg
[16:12:43] Picture infomations saved to  global/de-DE/README.md
[16:12:43] Picture infomations saved to global/de-DE/history/2024/06/19_de-DE.md
[16:12:43] Start geting global Bing Wallpaper, region=en-CA, local time is 2024-06-19 12:12:43.888295-04:00
[16:12:43] Successful get url: https://www.bing.com/th?id=OHR.LewaGiraffe_EN-CA8570636554_UHD.jpg
[16:12:44] Picture infomations saved to  global/en-CA/README.md
[16:12:44] Picture infomations saved to global/en-CA/history/2024/06/20_en-CA.md
[16:12:44] Start geting global Bing Wallpaper, region=en-GB, local time is 2024-06-19 17:12:44.024102+01:00
[16:12:44] Successful get url: https://www.bing.com/th?id=OHR.CadesCove_EN-GB3888481980_UHD.jpg
[16:12:44] Picture infomations saved to  global/en-GB/README.md
[16:12:44] Picture infomations saved to global/en-GB/history/2024/06/19_en-GB.md
[16:12:44] Start geting global Bing Wallpaper, region=it-IT, local time is 2024-06-19 18:12:44.129793+02:00
[16:12:44] Successful get url: https://www.bing.com/th?id=OHR.CuxhavenTower_IT-IT3147341965_UHD.jpg
[16:12:44] Picture infomations saved to  global/it-IT/README.md
[16:12:44] Picture infomations saved to global/it-IT/history/2024/06/19_it-IT.md
[16:12:44] Start geting global Bing Wallpaper, region=es-ES, local time is 2024-06-19 18:12:44.318188+02:00
[16:12:44] Successful get url: https://www.bing.com/th?id=OHR.SuperyachtCupPalma_ES-ES7519747010_UHD.jpg
[16:12:44] Picture infomations saved to  global/es-ES/README.md
[16:12:44] Picture infomations saved to global/es-ES/history/2024/06/19_es-ES.md
[16:12:44] Start geting global Bing Wallpaper, region=fr-CA, local time is 2024-06-19 12:12:44.421101-04:00
[16:12:44] Successful get url: https://www.bing.com/th?id=OHR.CuxhavenTower_FR-CA9531347179_UHD.jpg
[16:12:44] Picture infomations saved to  global/fr-CA/README.md
[16:12:44] Picture infomations saved to global/fr-CA/history/2024/06/20_fr-CA.md
Program exit at 16:12:44
