
Program started at 09:26:15
Operating System Name: Linux
Operating System Version: #22~22.04.1-Ubuntu SMP Tue Apr 30 16:08:18 UTC 2024
System Architecture: ('64bit', 'ELF')
Computer Type: x86_64
Computer Name: fv-az888-311
Processor Type: x86_64
Python Version: 3.12.3
Python Interpreter Name: CPython
[09:26:15] Start geting CN Bing Wallpaper
[09:26:15] Successful get url: https://www.bing.com/th?id=OHR.DragonBoatFestival2024_ZH-CN6619827853_UHD.jpg
[09:26:15] Image saved to img/background.jpg
[09:26:15] Info saved to README.md
[09:26:15] Image saved to history/2024/06/10.md
[09:26:15] Start geting global Bing Wallpaper, region=en-US, local time is 2024-06-10 05:26:15.788868-04:00
[09:26:15] Successful get url: https://www.bing.com/th?id=OHR.OsakaNight_EN-US7022302235_UHD.jpg
[09:26:15] Picture infomations saved to  global/en-US/README.md
[09:26:15] Picture infomations saved to global/en-US/history/2024/06/11_en-US.md
[09:26:15] Start geting global Bing Wallpaper, region=ja-JP, local time is 2024-06-10 18:26:15.947301+09:00
[09:26:15] Successful get url: https://www.bing.com/th?id=OHR.OsakaNight_JA-JP3335717675_UHD.jpg
[09:26:16] Picture infomations saved to  global/ja-JP/README.md
[09:26:16] Picture infomations saved to global/ja-JP/history/2024/06/10_ja-JP.md
[09:26:16] Start geting global Bing Wallpaper, region=en-IN, local time is 2024-06-10 14:56:16.098061+05:30
[09:26:16] Successful get url: https://www.bing.com/th?id=OHR.OsakaNight_EN-IN8651020175_UHD.jpg
[09:26:16] Picture infomations saved to  global/en-IN/README.md
[09:26:16] Picture infomations saved to global/en-IN/history/2024/06/10_en-IN.md
[09:26:16] Start geting global Bing Wallpaper, region=pt-BR, local time is 2024-06-10 06:26:16.286303-03:00
[09:26:16] Successful get url: https://www.bing.com/th?id=OHR.OsakaNight_PT-BR8462311640_UHD.jpg
[09:26:16] Picture infomations saved to  global/pt-BR/README.md
[09:26:16] Picture infomations saved to global/pt-BR/history/2024/06/11_pt-BR.md
[09:26:16] Start geting global Bing Wallpaper, region=fr-FR, local time is 2024-06-10 11:26:16.436538+02:00
[09:26:16] Successful get url: https://www.bing.com/th?id=OHR.OsakaNight_FR-FR3842044387_UHD.jpg
[09:26:16] Picture infomations saved to  global/fr-FR/README.md
[09:26:16] Picture infomations saved to global/fr-FR/history/2024/06/10_fr-FR.md
[09:26:16] Start geting global Bing Wallpaper, region=de-DE, local time is 2024-06-10 11:26:16.575244+02:00
[09:26:16] Successful get url: https://www.bing.com/th?id=OHR.OsakaNight_DE-DE9198520321_UHD.jpg
[09:26:16] Picture infomations saved to  global/de-DE/README.md
[09:26:16] Picture infomations saved to global/de-DE/history/2024/06/10_de-DE.md
[09:26:16] Start geting global Bing Wallpaper, region=en-CA, local time is 2024-06-10 05:26:16.716682-04:00
[09:26:16] Successful get url: https://www.bing.com/th?id=OHR.OsakaNight_EN-CA0467122795_UHD.jpg
[09:26:16] Picture infomations saved to  global/en-CA/README.md
[09:26:16] Picture infomations saved to global/en-CA/history/2024/06/11_en-CA.md
[09:26:16] Start geting global Bing Wallpaper, region=en-GB, local time is 2024-06-10 10:26:16.844312+01:00
[09:26:16] Successful get url: https://www.bing.com/th?id=OHR.OsakaNight_EN-GB7737792955_UHD.jpg
[09:26:16] Picture infomations saved to  global/en-GB/README.md
[09:26:16] Picture infomations saved to global/en-GB/history/2024/06/10_en-GB.md
[09:26:16] Start geting global Bing Wallpaper, region=it-IT, local time is 2024-06-10 11:26:16.989370+02:00
[09:26:17] Successful get url: https://www.bing.com/th?id=OHR.OsakaNight_IT-IT6949418703_UHD.jpg
[09:26:17] Picture infomations saved to  global/it-IT/README.md
[09:26:17] Picture infomations saved to global/it-IT/history/2024/06/10_it-IT.md
[09:26:17] Start geting global Bing Wallpaper, region=es-ES, local time is 2024-06-10 11:26:17.391021+02:00
[09:26:17] Successful get url: https://www.bing.com/th?id=OHR.OsakaNight_ES-ES1885531150_UHD.jpg
[09:26:17] Picture infomations saved to  global/es-ES/README.md
[09:26:17] Picture infomations saved to global/es-ES/history/2024/06/10_es-ES.md
[09:26:17] Start geting global Bing Wallpaper, region=fr-CA, local time is 2024-06-10 05:26:17.541679-04:00
[09:26:17] Successful get url: https://www.bing.com/th?id=OHR.OsakaNight_FR-CA3393571963_UHD.jpg
[09:26:17] Picture infomations saved to  global/fr-CA/README.md
[09:26:17] Picture infomations saved to global/fr-CA/history/2024/06/11_fr-CA.md
Program exit at 09:26:17

Program started at 16:13:15
Operating System Name: Linux
Operating System Version: #22~22.04.1-Ubuntu SMP Tue Apr 30 16:08:18 UTC 2024
System Architecture: ('64bit', 'ELF')
Computer Type: x86_64
Computer Name: fv-az985-987
Processor Type: x86_64
Python Version: 3.12.3
Python Interpreter Name: CPython
[16:13:15] Start geting CN Bing Wallpaper
[16:13:15] Successful get url: https://www.bing.com/th?id=OHR.GemsbokBotswana_ZH-CN7507199339_UHD.jpg
[16:13:16] Image saved to img/background.jpg
[16:13:16] Info saved to README.md
[16:13:16] Image saved to history/2024/06/11.md
[16:13:16] Start geting global Bing Wallpaper, region=en-US, local time is 2024-06-10 12:13:16.081458-04:00
[16:13:16] Successful get url: https://www.bing.com/th?id=OHR.OsakaNight_EN-US7022302235_UHD.jpg
[16:13:16] Picture infomations saved to  global/en-US/README.md
[16:13:16] Picture infomations saved to global/en-US/history/2024/06/11_en-US.md
[16:13:16] Start geting global Bing Wallpaper, region=ja-JP, local time is 2024-06-11 01:13:16.238905+09:00
[16:13:16] Successful get url: https://www.bing.com/th?id=OHR.Ajisai2024_JA-JP3414608133_UHD.jpg
[16:13:16] Picture infomations saved to  global/ja-JP/README.md
[16:13:16] Picture infomations saved to global/ja-JP/history/2024/06/11_ja-JP.md
[16:13:16] Start geting global Bing Wallpaper, region=en-IN, local time is 2024-06-10 21:43:16.433780+05:30
[16:13:16] Successful get url: https://www.bing.com/th?id=OHR.OsakaNight_EN-IN8651020175_UHD.jpg
[16:13:16] Picture infomations saved to  global/en-IN/README.md
[16:13:16] Picture infomations saved to global/en-IN/history/2024/06/10_en-IN.md
[16:13:16] Start geting global Bing Wallpaper, region=pt-BR, local time is 2024-06-10 13:13:16.630133-03:00
[16:13:16] Successful get url: https://www.bing.com/th?id=OHR.OsakaNight_PT-BR8462311640_UHD.jpg
[16:13:16] Picture infomations saved to  global/pt-BR/README.md
[16:13:16] Picture infomations saved to global/pt-BR/history/2024/06/11_pt-BR.md
[16:13:16] Start geting global Bing Wallpaper, region=fr-FR, local time is 2024-06-10 18:13:16.768376+02:00
[16:13:16] Successful get url: https://www.bing.com/th?id=OHR.OsakaNight_FR-FR3842044387_UHD.jpg
[16:13:16] Picture infomations saved to  global/fr-FR/README.md
[16:13:16] Picture infomations saved to global/fr-FR/history/2024/06/10_fr-FR.md
[16:13:16] Start geting global Bing Wallpaper, region=de-DE, local time is 2024-06-10 18:13:16.908975+02:00
[16:13:16] Successful get url: https://www.bing.com/th?id=OHR.OsakaNight_DE-DE9198520321_UHD.jpg
[16:13:17] Picture infomations saved to  global/de-DE/README.md
[16:13:17] Picture infomations saved to global/de-DE/history/2024/06/10_de-DE.md
[16:13:17] Start geting global Bing Wallpaper, region=en-CA, local time is 2024-06-10 12:13:17.107286-04:00
[16:13:17] Successful get url: https://www.bing.com/th?id=OHR.OsakaNight_EN-CA0467122795_UHD.jpg
[16:13:17] Picture infomations saved to  global/en-CA/README.md
[16:13:17] Picture infomations saved to global/en-CA/history/2024/06/11_en-CA.md
[16:13:17] Start geting global Bing Wallpaper, region=en-GB, local time is 2024-06-10 17:13:17.241995+01:00
[16:13:17] Successful get url: https://www.bing.com/th?id=OHR.OsakaNight_EN-GB7737792955_UHD.jpg
[16:13:17] Picture infomations saved to  global/en-GB/README.md
[16:13:17] Picture infomations saved to global/en-GB/history/2024/06/10_en-GB.md
[16:13:17] Start geting global Bing Wallpaper, region=it-IT, local time is 2024-06-10 18:13:17.444170+02:00
[16:13:17] Successful get url: https://www.bing.com/th?id=OHR.OsakaNight_IT-IT6949418703_UHD.jpg
[16:13:17] Picture infomations saved to  global/it-IT/README.md
[16:13:17] Picture infomations saved to global/it-IT/history/2024/06/10_it-IT.md
[16:13:17] Start geting global Bing Wallpaper, region=es-ES, local time is 2024-06-10 18:13:17.634066+02:00
[16:13:17] Successful get url: https://www.bing.com/th?id=OHR.OsakaNight_ES-ES1885531150_UHD.jpg
[16:13:17] Picture infomations saved to  global/es-ES/README.md
[16:13:17] Picture infomations saved to global/es-ES/history/2024/06/10_es-ES.md
[16:13:17] Start geting global Bing Wallpaper, region=fr-CA, local time is 2024-06-10 12:13:17.814129-04:00
[16:13:17] Successful get url: https://www.bing.com/th?id=OHR.OsakaNight_FR-CA3393571963_UHD.jpg
[16:13:18] Picture infomations saved to  global/fr-CA/README.md
[16:13:18] Picture infomations saved to global/fr-CA/history/2024/06/11_fr-CA.md
Program exit at 16:13:18
