
Program started at 09:24:32
Operating System Name: Linux
Operating System Version: #23~22.04.1-Ubuntu SMP Thu May  9 17:59:24 UTC 2024
System Architecture: ('64bit', 'ELF')
Computer Type: x86_64
Computer Name: fv-az702-315
Processor Type: x86_64
Python Version: 3.12.4
Python Interpreter Name: CPython
[09:24:32] Start geting CN Bing Wallpaper
[09:24:32] Successful get url: https://www.bing.com/th?id=OHR.SummerSolstice2024_ZH-CN6141918663_UHD.jpg
[09:24:32] Image saved to img/background.jpg
[09:24:32] Info saved to README.md
[09:24:32] Image saved to history/2024/06/21.md
[09:24:32] Start geting global Bing Wallpaper, region=en-US, local time is 2024-06-21 05:24:32.510494-04:00
[09:24:32] Successful get url: https://www.bing.com/th?id=OHR.LewaGiraffe_EN-US0571205457_UHD.jpg
[09:24:32] Picture infomations saved to  global/en-US/README.md
[09:24:32] Picture infomations saved to global/en-US/history/2024/06/22_en-US.md
[09:24:32] Start geting global Bing Wallpaper, region=ja-JP, local time is 2024-06-21 18:24:32.895176+09:00
[09:24:32] Successful get url: https://www.bing.com/th?id=OHR.LewaGiraffe_JA-JP1858057864_UHD.jpg
[09:24:33] Picture infomations saved to  global/ja-JP/README.md
[09:24:33] Picture infomations saved to global/ja-JP/history/2024/06/21_ja-JP.md
[09:24:33] Start geting global Bing Wallpaper, region=en-IN, local time is 2024-06-21 14:54:33.046138+05:30
[09:24:33] Successful get url: https://www.bing.com/th?id=OHR.RishikeshYoga_EN-IN7223104789_UHD.jpg
[09:24:33] Picture infomations saved to  global/en-IN/README.md
[09:24:33] Picture infomations saved to global/en-IN/history/2024/06/21_en-IN.md
[09:24:33] Start geting global Bing Wallpaper, region=pt-BR, local time is 2024-06-21 06:24:33.203858-03:00
[09:24:33] Successful get url: https://www.bing.com/th?id=OHR.IniciodoInverno_PT-BR1929239619_UHD.jpg
[09:24:33] Picture infomations saved to  global/pt-BR/README.md
[09:24:33] Picture infomations saved to global/pt-BR/history/2024/06/22_pt-BR.md
[09:24:33] Start geting global Bing Wallpaper, region=fr-FR, local time is 2024-06-21 11:24:33.356109+02:00
[09:24:33] Successful get url: https://www.bing.com/th?id=OHR.MusicDayToulouse_FR-FR5434347440_UHD.jpg
[09:24:33] Picture infomations saved to  global/fr-FR/README.md
[09:24:33] Picture infomations saved to global/fr-FR/history/2024/06/21_fr-FR.md
[09:24:33] Start geting global Bing Wallpaper, region=de-DE, local time is 2024-06-21 11:24:33.510793+02:00
[09:24:33] Successful get url: https://www.bing.com/th?id=OHR.LewaGiraffe_DE-DE0857828620_UHD.jpg
[09:24:33] Picture infomations saved to  global/de-DE/README.md
[09:24:33] Picture infomations saved to global/de-DE/history/2024/06/21_de-DE.md
[09:24:33] Start geting global Bing Wallpaper, region=en-CA, local time is 2024-06-21 05:24:33.660998-04:00
[09:24:33] Successful get url: https://www.bing.com/th?id=OHR.IndPeopleDay_EN-CA8734922275_UHD.jpg
[09:24:33] Picture infomations saved to  global/en-CA/README.md
[09:24:33] Picture infomations saved to global/en-CA/history/2024/06/22_en-CA.md
[09:24:33] Start geting global Bing Wallpaper, region=en-GB, local time is 2024-06-21 10:24:33.801628+01:00
[09:24:33] Successful get url: https://www.bing.com/th?id=OHR.LewaGiraffe_EN-GB5426424156_UHD.jpg
[09:24:33] Picture infomations saved to  global/en-GB/README.md
[09:24:33] Picture infomations saved to global/en-GB/history/2024/06/21_en-GB.md
[09:24:33] Start geting global Bing Wallpaper, region=it-IT, local time is 2024-06-21 11:24:33.950839+02:00
[09:24:33] Successful get url: https://www.bing.com/th?id=OHR.LewaGiraffe_IT-IT6350350663_UHD.jpg
[09:24:34] Picture infomations saved to  global/it-IT/README.md
[09:24:34] Picture infomations saved to global/it-IT/history/2024/06/21_it-IT.md
[09:24:34] Start geting global Bing Wallpaper, region=es-ES, local time is 2024-06-21 11:24:34.081017+02:00
[09:24:34] Successful get url: https://www.bing.com/th?id=OHR.LewaGiraffe_ES-ES7726305144_UHD.jpg
[09:24:34] Picture infomations saved to  global/es-ES/README.md
[09:24:34] Picture infomations saved to global/es-ES/history/2024/06/21_es-ES.md
[09:24:34] Start geting global Bing Wallpaper, region=fr-CA, local time is 2024-06-21 05:24:34.268331-04:00
[09:24:34] Successful get url: https://www.bing.com/th?id=OHR.IndPeopleDay_FR-CA3161711334_UHD.jpg
[09:24:34] Picture infomations saved to  global/fr-CA/README.md
[09:24:34] Picture infomations saved to global/fr-CA/history/2024/06/22_fr-CA.md
Program exit at 09:24:34

Program started at 16:12:03
Operating System Name: Linux
Operating System Version: #23~22.04.1-Ubuntu SMP Thu May  9 17:59:24 UTC 2024
System Architecture: ('64bit', 'ELF')
Computer Type: x86_64
Computer Name: fv-az740-901
Processor Type: x86_64
Python Version: 3.12.4
Python Interpreter Name: CPython
[16:12:03] Start geting CN Bing Wallpaper
[16:12:03] Successful get url: https://www.bing.com/th?id=OHR.BrazilRainforest_ZH-CN6432366530_UHD.jpg
[16:12:03] Image saved to img/background.jpg
[16:12:03] Info saved to README.md
[16:12:03] Image saved to history/2024/06/22.md
[16:12:03] Start geting global Bing Wallpaper, region=en-US, local time is 2024-06-21 12:12:03.223398-04:00
[16:12:03] Successful get url: https://www.bing.com/th?id=OHR.LewaGiraffe_EN-US0571205457_UHD.jpg
[16:12:03] Picture infomations saved to  global/en-US/README.md
[16:12:03] Picture infomations saved to global/en-US/history/2024/06/22_en-US.md
[16:12:03] Start geting global Bing Wallpaper, region=ja-JP, local time is 2024-06-22 01:12:03.405965+09:00
[16:12:03] Successful get url: https://www.bing.com/th?id=OHR.BrazilRainforest_JA-JP2489498028_UHD.jpg
[16:12:03] Picture infomations saved to  global/ja-JP/README.md
[16:12:03] Picture infomations saved to global/ja-JP/history/2024/06/22_ja-JP.md
[16:12:03] Start geting global Bing Wallpaper, region=en-IN, local time is 2024-06-21 21:42:03.571046+05:30
[16:12:03] Successful get url: https://www.bing.com/th?id=OHR.RishikeshYoga_EN-IN7223104789_UHD.jpg
[16:12:03] Picture infomations saved to  global/en-IN/README.md
[16:12:03] Picture infomations saved to global/en-IN/history/2024/06/21_en-IN.md
[16:12:03] Start geting global Bing Wallpaper, region=pt-BR, local time is 2024-06-21 13:12:03.739708-03:00
[16:12:03] Successful get url: https://www.bing.com/th?id=OHR.IniciodoInverno_PT-BR1929239619_UHD.jpg
[16:12:03] Picture infomations saved to  global/pt-BR/README.md
[16:12:03] Picture infomations saved to global/pt-BR/history/2024/06/22_pt-BR.md
[16:12:03] Start geting global Bing Wallpaper, region=fr-FR, local time is 2024-06-21 18:12:03.917137+02:00
[16:12:03] Successful get url: https://www.bing.com/th?id=OHR.MusicDayToulouse_FR-FR5434347440_UHD.jpg
[16:12:04] Picture infomations saved to  global/fr-FR/README.md
[16:12:04] Picture infomations saved to global/fr-FR/history/2024/06/21_fr-FR.md
[16:12:04] Start geting global Bing Wallpaper, region=de-DE, local time is 2024-06-21 18:12:04.046506+02:00
[16:12:04] Successful get url: https://www.bing.com/th?id=OHR.LewaGiraffe_DE-DE0857828620_UHD.jpg
[16:12:04] Picture infomations saved to  global/de-DE/README.md
[16:12:04] Picture infomations saved to global/de-DE/history/2024/06/21_de-DE.md
[16:12:04] Start geting global Bing Wallpaper, region=en-CA, local time is 2024-06-21 12:12:04.162228-04:00
[16:12:04] Successful get url: https://www.bing.com/th?id=OHR.IndPeopleDay_EN-CA8734922275_UHD.jpg
[16:12:04] Picture infomations saved to  global/en-CA/README.md
[16:12:04] Picture infomations saved to global/en-CA/history/2024/06/22_en-CA.md
[16:12:04] Start geting global Bing Wallpaper, region=en-GB, local time is 2024-06-21 17:12:04.263337+01:00
[16:12:04] Successful get url: https://www.bing.com/th?id=OHR.LewaGiraffe_EN-GB5426424156_UHD.jpg
[16:12:04] Picture infomations saved to  global/en-GB/README.md
[16:12:04] Picture infomations saved to global/en-GB/history/2024/06/21_en-GB.md
[16:12:04] Start geting global Bing Wallpaper, region=it-IT, local time is 2024-06-21 18:12:04.403245+02:00
[16:12:04] Successful get url: https://www.bing.com/th?id=OHR.LewaGiraffe_IT-IT6350350663_UHD.jpg
[16:12:04] Picture infomations saved to  global/it-IT/README.md
[16:12:04] Picture infomations saved to global/it-IT/history/2024/06/21_it-IT.md
[16:12:04] Start geting global Bing Wallpaper, region=es-ES, local time is 2024-06-21 18:12:04.505895+02:00
[16:12:04] Successful get url: https://www.bing.com/th?id=OHR.LewaGiraffe_ES-ES7726305144_UHD.jpg
[16:12:04] Picture infomations saved to  global/es-ES/README.md
[16:12:04] Picture infomations saved to global/es-ES/history/2024/06/21_es-ES.md
[16:12:04] Start geting global Bing Wallpaper, region=fr-CA, local time is 2024-06-21 12:12:04.613581-04:00
[16:12:04] Successful get url: https://www.bing.com/th?id=OHR.IndPeopleDay_FR-CA3161711334_UHD.jpg
[16:12:04] Picture infomations saved to  global/fr-CA/README.md
[16:12:04] Picture infomations saved to global/fr-CA/history/2024/06/22_fr-CA.md
Program exit at 16:12:04
