
Program started at 09:23:15
Operating System Name: Linux
Operating System Version: #22~22.04.1-Ubuntu SMP Tue Apr 30 16:08:18 UTC 2024
System Architecture: ('64bit', 'ELF')
Computer Type: x86_64
Computer Name: fv-az1776-993
Processor Type: x86_64
Python Version: 3.12.3
Python Interpreter Name: CPython
[09:23:15] Start geting CN Bing Wallpaper
[09:23:15] Successful get url: https://www.bing.com/th?id=OHR.MenRuz_ZH-CN2021725181_UHD.jpg
[09:23:15] Image saved to img/background.jpg
[09:23:15] Info saved to README.md
[09:23:15] Image saved to history/2024/06/02.md
[09:23:15] Start geting global Bing Wallpaper, region=en-US, local time is 2024-06-02 05:23:15.547482-04:00
[09:23:15] Successful get url: https://www.bing.com/th?id=OHR.GardenWeek_EN-US6333815527_UHD.jpg
[09:23:15] Picture infomations saved to  global/en-US/README.md
[09:23:15] Picture infomations saved to global/en-US/history/2024/06/03_en-US.md
[09:23:15] Start geting global Bing Wallpaper, region=ja-JP, local time is 2024-06-02 18:23:15.707902+09:00
[09:23:15] Successful get url: https://www.bing.com/th?id=OHR.YokohamaPort2024_JA-JP2888889928_UHD.jpg
[09:23:15] Picture infomations saved to  global/ja-JP/README.md
[09:23:15] Picture infomations saved to global/ja-JP/history/2024/06/02_ja-JP.md
[09:23:15] Start geting global Bing Wallpaper, region=en-IN, local time is 2024-06-02 14:53:15.875172+05:30
[09:23:15] Successful get url: https://www.bing.com/th?id=OHR.IndiaHampi_EN-IN5466875133_UHD.jpg
[09:23:16] Picture infomations saved to  global/en-IN/README.md
[09:23:16] Picture infomations saved to global/en-IN/history/2024/06/02_en-IN.md
[09:23:16] Start geting global Bing Wallpaper, region=pt-BR, local time is 2024-06-02 06:23:16.015346-03:00
[09:23:16] Successful get url: https://www.bing.com/th?id=OHR.CopenhagenBicycles_PT-BR5476760078_UHD.jpg
[09:23:16] Picture infomations saved to  global/pt-BR/README.md
[09:23:16] Picture infomations saved to global/pt-BR/history/2024/06/03_pt-BR.md
[09:23:16] Start geting global Bing Wallpaper, region=fr-FR, local time is 2024-06-02 11:23:16.215359+02:00
[09:23:16] Successful get url: https://www.bing.com/th?id=OHR.MenRuz_FR-FR1588544538_UHD.jpg
[09:23:16] Picture infomations saved to  global/fr-FR/README.md
[09:23:16] Picture infomations saved to global/fr-FR/history/2024/06/02_fr-FR.md
[09:23:16] Start geting global Bing Wallpaper, region=de-DE, local time is 2024-06-02 11:23:16.413008+02:00
[09:23:16] Successful get url: https://www.bing.com/th?id=OHR.MenRuz_DE-DE4765276671_UHD.jpg
[09:23:16] Picture infomations saved to  global/de-DE/README.md
[09:23:16] Picture infomations saved to global/de-DE/history/2024/06/02_de-DE.md
[09:23:16] Start geting global Bing Wallpaper, region=en-CA, local time is 2024-06-02 05:23:16.562602-04:00
[09:23:16] Successful get url: https://www.bing.com/th?id=OHR.Annahummingbird_EN-CA0660927808_UHD.jpg
[09:23:16] Picture infomations saved to  global/en-CA/README.md
[09:23:16] Picture infomations saved to global/en-CA/history/2024/06/03_en-CA.md
[09:23:16] Start geting global Bing Wallpaper, region=en-GB, local time is 2024-06-02 10:23:16.702942+01:00
[09:23:16] Successful get url: https://www.bing.com/th?id=OHR.SestriLevante_EN-GB3931672297_UHD.jpg
[09:23:16] Picture infomations saved to  global/en-GB/README.md
[09:23:16] Picture infomations saved to global/en-GB/history/2024/06/02_en-GB.md
[09:23:16] Start geting global Bing Wallpaper, region=it-IT, local time is 2024-06-02 11:23:16.826125+02:00
[09:23:16] Successful get url: https://www.bing.com/th?id=OHR.ItalyFlag_IT-IT1674511086_UHD.jpg
[09:23:17] Picture infomations saved to  global/it-IT/README.md
[09:23:17] Picture infomations saved to global/it-IT/history/2024/06/02_it-IT.md
[09:23:17] Start geting global Bing Wallpaper, region=es-ES, local time is 2024-06-02 11:23:17.000649+02:00
[09:23:17] Successful get url: https://www.bing.com/th?id=OHR.MenRuz_ES-ES3990544497_UHD.jpg
[09:23:17] Picture infomations saved to  global/es-ES/README.md
[09:23:17] Picture infomations saved to global/es-ES/history/2024/06/02_es-ES.md
[09:23:17] Start geting global Bing Wallpaper, region=fr-CA, local time is 2024-06-02 05:23:17.691120-04:00
[09:23:17] Successful get url: https://www.bing.com/th?id=OHR.Annahummingbird_FR-CA8241563855_UHD.jpg
[09:23:17] Picture infomations saved to  global/fr-CA/README.md
[09:23:17] Picture infomations saved to global/fr-CA/history/2024/06/03_fr-CA.md
Program exit at 09:23:17

Program started at 16:11:53
Operating System Name: Linux
Operating System Version: #22~22.04.1-Ubuntu SMP Tue Apr 30 16:08:18 UTC 2024
System Architecture: ('64bit', 'ELF')
Computer Type: x86_64
Computer Name: fv-az1022-402
Processor Type: x86_64
Python Version: 3.12.3
Python Interpreter Name: CPython
[16:11:54] Start geting CN Bing Wallpaper
[16:11:54] Successful get url: https://www.bing.com/th?id=OHR.CopenhagenBicycles_ZH-CN3047958346_UHD.jpg
[16:11:54] Image saved to img/background.jpg
[16:11:54] Info saved to README.md
[16:11:54] Image saved to history/2024/06/03.md
[16:11:54] Start geting global Bing Wallpaper, region=en-US, local time is 2024-06-02 12:11:54.220195-04:00
[16:11:54] Successful get url: https://www.bing.com/th?id=OHR.GardenWeek_EN-US6333815527_UHD.jpg
[16:11:54] Picture infomations saved to  global/en-US/README.md
[16:11:54] Picture infomations saved to global/en-US/history/2024/06/03_en-US.md
[16:11:54] Start geting global Bing Wallpaper, region=ja-JP, local time is 2024-06-03 01:11:54.438486+09:00
[16:11:54] Successful get url: https://www.bing.com/th?id=OHR.CopenhagenBicycles_JA-JP2959867214_UHD.jpg
[16:11:54] Picture infomations saved to  global/ja-JP/README.md
[16:11:54] Picture infomations saved to global/ja-JP/history/2024/06/03_ja-JP.md
[16:11:54] Start geting global Bing Wallpaper, region=en-IN, local time is 2024-06-02 21:41:54.591245+05:30
[16:11:54] Successful get url: https://www.bing.com/th?id=OHR.IndiaHampi_EN-IN5466875133_UHD.jpg
[16:11:54] Picture infomations saved to  global/en-IN/README.md
[16:11:54] Picture infomations saved to global/en-IN/history/2024/06/02_en-IN.md
[16:11:54] Start geting global Bing Wallpaper, region=pt-BR, local time is 2024-06-02 13:11:54.725723-03:00
[16:11:54] Successful get url: https://www.bing.com/th?id=OHR.CopenhagenBicycles_PT-BR5476760078_UHD.jpg
[16:11:54] Picture infomations saved to  global/pt-BR/README.md
[16:11:54] Picture infomations saved to global/pt-BR/history/2024/06/03_pt-BR.md
[16:11:54] Start geting global Bing Wallpaper, region=fr-FR, local time is 2024-06-02 18:11:54.896088+02:00
[16:11:54] Successful get url: https://www.bing.com/th?id=OHR.MenRuz_FR-FR1588544538_UHD.jpg
[16:11:55] Picture infomations saved to  global/fr-FR/README.md
[16:11:55] Picture infomations saved to global/fr-FR/history/2024/06/02_fr-FR.md
[16:11:55] Start geting global Bing Wallpaper, region=de-DE, local time is 2024-06-02 18:11:55.003567+02:00
[16:11:55] Successful get url: https://www.bing.com/th?id=OHR.MenRuz_DE-DE4765276671_UHD.jpg
[16:11:55] Picture infomations saved to  global/de-DE/README.md
[16:11:55] Picture infomations saved to global/de-DE/history/2024/06/02_de-DE.md
[16:11:55] Start geting global Bing Wallpaper, region=en-CA, local time is 2024-06-02 12:11:55.107860-04:00
[16:11:55] Successful get url: https://www.bing.com/th?id=OHR.Annahummingbird_EN-CA0660927808_UHD.jpg
[16:11:55] Picture infomations saved to  global/en-CA/README.md
[16:11:55] Picture infomations saved to global/en-CA/history/2024/06/03_en-CA.md
[16:11:55] Start geting global Bing Wallpaper, region=en-GB, local time is 2024-06-02 17:11:55.235132+01:00
[16:11:55] Successful get url: https://www.bing.com/th?id=OHR.SestriLevante_EN-GB3931672297_UHD.jpg
[16:11:55] Picture infomations saved to  global/en-GB/README.md
[16:11:55] Picture infomations saved to global/en-GB/history/2024/06/02_en-GB.md
[16:11:55] Start geting global Bing Wallpaper, region=it-IT, local time is 2024-06-02 18:11:55.381255+02:00
[16:11:55] Successful get url: https://www.bing.com/th?id=OHR.ItalyFlag_IT-IT1674511086_UHD.jpg
[16:11:55] Picture infomations saved to  global/it-IT/README.md
[16:11:55] Picture infomations saved to global/it-IT/history/2024/06/02_it-IT.md
[16:11:55] Start geting global Bing Wallpaper, region=es-ES, local time is 2024-06-02 18:11:55.512723+02:00
[16:11:55] Successful get url: https://www.bing.com/th?id=OHR.MenRuz_ES-ES3990544497_UHD.jpg
[16:11:55] Picture infomations saved to  global/es-ES/README.md
[16:11:55] Picture infomations saved to global/es-ES/history/2024/06/02_es-ES.md
[16:11:55] Start geting global Bing Wallpaper, region=fr-CA, local time is 2024-06-02 12:11:55.778045-04:00
[16:11:55] Successful get url: https://www.bing.com/th?id=OHR.Annahummingbird_FR-CA8241563855_UHD.jpg
[16:11:56] Picture infomations saved to  global/fr-CA/README.md
[16:11:56] Picture infomations saved to global/fr-CA/history/2024/06/03_fr-CA.md
Program exit at 16:11:56
