
Program started at 09:24:47
Operating System Name: Linux
Operating System Version: #23~22.04.1-Ubuntu SMP Thu May  9 17:59:24 UTC 2024
System Architecture: ('64bit', 'ELF')
Computer Type: x86_64
Computer Name: fv-az1113-365
Processor Type: x86_64
Python Version: 3.12.4
Python Interpreter Name: CPython
[09:24:47] Start geting CN Bing Wallpaper
[09:24:47] Successful get url: https://www.bing.com/th?id=OHR.NienhagenMecklenburg_ZH-CN4482269700_UHD.jpg
[09:24:47] Image saved to img/background.jpg
[09:24:47] Info saved to README.md
[09:24:47] Image saved to history/2024/06/29.md
[09:24:47] Start geting global Bing Wallpaper, region=en-US, local time is 2024-06-29 05:24:47.295811-04:00
[09:24:47] Successful get url: https://www.bing.com/th?id=OHR.TourCorsica_EN-US3437831281_UHD.jpg
[09:24:47] Picture infomations saved to  global/en-US/README.md
[09:24:47] Picture infomations saved to global/en-US/history/2024/06/30_en-US.md
[09:24:47] Start geting global Bing Wallpaper, region=ja-JP, local time is 2024-06-29 18:24:47.409614+09:00
[09:24:47] Successful get url: https://www.bing.com/th?id=OHR.TourCorsica_JA-JP9224507458_UHD.jpg
[09:24:47] Picture infomations saved to  global/ja-JP/README.md
[09:24:47] Picture infomations saved to global/ja-JP/history/2024/06/29_ja-JP.md
[09:24:47] Start geting global Bing Wallpaper, region=en-IN, local time is 2024-06-29 14:54:47.549625+05:30
[09:24:47] Successful get url: https://www.bing.com/th?id=OHR.TourCorsica_EN-IN1515947386_UHD.jpg
[09:24:47] Picture infomations saved to  global/en-IN/README.md
[09:24:47] Picture infomations saved to global/en-IN/history/2024/06/29_en-IN.md
[09:24:47] Start geting global Bing Wallpaper, region=pt-BR, local time is 2024-06-29 06:24:47.690552-03:00
[09:24:47] Successful get url: https://www.bing.com/th?id=OHR.TourCorsica_PT-BR5751262525_UHD.jpg
[09:24:47] Picture infomations saved to  global/pt-BR/README.md
[09:24:47] Picture infomations saved to global/pt-BR/history/2024/06/30_pt-BR.md
[09:24:47] Start geting global Bing Wallpaper, region=fr-FR, local time is 2024-06-29 11:24:47.796937+02:00
[09:24:47] Successful get url: https://www.bing.com/th?id=OHR.TourCorsica_FR-FR6133264090_UHD.jpg
[09:24:47] Picture infomations saved to  global/fr-FR/README.md
[09:24:47] Picture infomations saved to global/fr-FR/history/2024/06/29_fr-FR.md
[09:24:47] Start geting global Bing Wallpaper, region=de-DE, local time is 2024-06-29 11:24:47.920554+02:00
[09:24:47] Successful get url: https://www.bing.com/th?id=OHR.TourCorsica_DE-DE8597193744_UHD.jpg
[09:24:48] Picture infomations saved to  global/de-DE/README.md
[09:24:48] Picture infomations saved to global/de-DE/history/2024/06/29_de-DE.md
[09:24:48] Start geting global Bing Wallpaper, region=en-CA, local time is 2024-06-29 05:24:48.070150-04:00
[09:24:48] Successful get url: https://www.bing.com/th?id=OHR.TourCorsica_EN-CA6661370949_UHD.jpg
[09:24:48] Picture infomations saved to  global/en-CA/README.md
[09:24:48] Picture infomations saved to global/en-CA/history/2024/06/30_en-CA.md
[09:24:48] Start geting global Bing Wallpaper, region=en-GB, local time is 2024-06-29 10:24:48.214826+01:00
[09:24:48] Successful get url: https://www.bing.com/th?id=OHR.LondonPride2024_EN-GB1799367171_UHD.jpg
[09:24:48] Picture infomations saved to  global/en-GB/README.md
[09:24:48] Picture infomations saved to global/en-GB/history/2024/06/29_en-GB.md
[09:24:48] Start geting global Bing Wallpaper, region=it-IT, local time is 2024-06-29 11:24:48.339833+02:00
[09:24:48] Successful get url: https://www.bing.com/th?id=OHR.TourCorsica_IT-IT2275929155_UHD.jpg
[09:24:48] Picture infomations saved to  global/it-IT/README.md
[09:24:48] Picture infomations saved to global/it-IT/history/2024/06/29_it-IT.md
[09:24:48] Start geting global Bing Wallpaper, region=es-ES, local time is 2024-06-29 11:24:48.482564+02:00
[09:24:48] Successful get url: https://www.bing.com/th?id=OHR.TourCorsica_ES-ES5232054569_UHD.jpg
[09:24:48] Picture infomations saved to  global/es-ES/README.md
[09:24:48] Picture infomations saved to global/es-ES/history/2024/06/29_es-ES.md
[09:24:48] Start geting global Bing Wallpaper, region=fr-CA, local time is 2024-06-29 05:24:48.597378-04:00
[09:24:48] Successful get url: https://www.bing.com/th?id=OHR.TourCorsica_FR-CA4580963850_UHD.jpg
[09:24:48] Picture infomations saved to  global/fr-CA/README.md
[09:24:48] Picture infomations saved to global/fr-CA/history/2024/06/30_fr-CA.md
Program exit at 09:24:48

Program started at 16:12:21
Operating System Name: Linux
Operating System Version: #23~22.04.1-Ubuntu SMP Thu May  9 17:59:24 UTC 2024
System Architecture: ('64bit', 'ELF')
Computer Type: x86_64
Computer Name: fv-az1110-732
Processor Type: x86_64
Python Version: 3.12.4
Python Interpreter Name: CPython
[16:12:21] Start geting CN Bing Wallpaper
[16:12:21] Successful get url: https://www.bing.com/th?id=OHR.UbudBali_ZH-CN4891348277_UHD.jpg
[16:12:21] Image saved to img/background.jpg
[16:12:21] Info saved to README.md
[16:12:21] Image saved to history/2024/06/30.md
[16:12:21] Start geting global Bing Wallpaper, region=en-US, local time is 2024-06-29 12:12:21.952608-04:00
[16:12:22] Successful get url: https://www.bing.com/th?id=OHR.TourCorsica_EN-US3437831281_UHD.jpg
[16:12:22] Picture infomations saved to  global/en-US/README.md
[16:12:22] Picture infomations saved to global/en-US/history/2024/06/30_en-US.md
[16:12:22] Start geting global Bing Wallpaper, region=ja-JP, local time is 2024-06-30 01:12:22.058723+09:00
[16:12:22] Successful get url: https://www.bing.com/th?id=OHR.UbudBali_JA-JP9425870638_UHD.jpg
[16:12:22] Picture infomations saved to  global/ja-JP/README.md
[16:12:22] Picture infomations saved to global/ja-JP/history/2024/06/30_ja-JP.md
[16:12:22] Start geting global Bing Wallpaper, region=en-IN, local time is 2024-06-29 21:42:22.174730+05:30
[16:12:22] Successful get url: https://www.bing.com/th?id=OHR.TourCorsica_EN-IN1515947386_UHD.jpg
[16:12:22] Picture infomations saved to  global/en-IN/README.md
[16:12:22] Picture infomations saved to global/en-IN/history/2024/06/29_en-IN.md
[16:12:22] Start geting global Bing Wallpaper, region=pt-BR, local time is 2024-06-29 13:12:22.285968-03:00
[16:12:22] Successful get url: https://www.bing.com/th?id=OHR.TourCorsica_PT-BR5751262525_UHD.jpg
[16:12:22] Picture infomations saved to  global/pt-BR/README.md
[16:12:22] Picture infomations saved to global/pt-BR/history/2024/06/30_pt-BR.md
[16:12:22] Start geting global Bing Wallpaper, region=fr-FR, local time is 2024-06-29 18:12:22.389016+02:00
[16:12:22] Successful get url: https://www.bing.com/th?id=OHR.TourCorsica_FR-FR6133264090_UHD.jpg
[16:12:22] Picture infomations saved to  global/fr-FR/README.md
[16:12:22] Picture infomations saved to global/fr-FR/history/2024/06/29_fr-FR.md
[16:12:22] Start geting global Bing Wallpaper, region=de-DE, local time is 2024-06-29 18:12:22.488539+02:00
[16:12:22] Successful get url: https://www.bing.com/th?id=OHR.TourCorsica_DE-DE8597193744_UHD.jpg
[16:12:22] Picture infomations saved to  global/de-DE/README.md
[16:12:22] Picture infomations saved to global/de-DE/history/2024/06/29_de-DE.md
[16:12:22] Start geting global Bing Wallpaper, region=en-CA, local time is 2024-06-29 12:12:22.628893-04:00
[16:12:22] Successful get url: https://www.bing.com/th?id=OHR.TourCorsica_EN-CA6661370949_UHD.jpg
[16:12:22] Picture infomations saved to  global/en-CA/README.md
[16:12:22] Picture infomations saved to global/en-CA/history/2024/06/30_en-CA.md
[16:12:22] Start geting global Bing Wallpaper, region=en-GB, local time is 2024-06-29 17:12:22.727436+01:00
[16:12:22] Successful get url: https://www.bing.com/th?id=OHR.LondonPride2024_EN-GB1799367171_UHD.jpg
[16:12:22] Picture infomations saved to  global/en-GB/README.md
[16:12:22] Picture infomations saved to global/en-GB/history/2024/06/29_en-GB.md
[16:12:22] Start geting global Bing Wallpaper, region=it-IT, local time is 2024-06-29 18:12:22.825079+02:00
[16:12:22] Successful get url: https://www.bing.com/th?id=OHR.TourCorsica_IT-IT2275929155_UHD.jpg
[16:12:22] Picture infomations saved to  global/it-IT/README.md
[16:12:22] Picture infomations saved to global/it-IT/history/2024/06/29_it-IT.md
[16:12:22] Start geting global Bing Wallpaper, region=es-ES, local time is 2024-06-29 18:12:22.942112+02:00
[16:12:23] Successful get url: https://www.bing.com/th?id=OHR.TourCorsica_ES-ES5232054569_UHD.jpg
[16:12:23] Picture infomations saved to  global/es-ES/README.md
[16:12:23] Picture infomations saved to global/es-ES/history/2024/06/29_es-ES.md
[16:12:23] Start geting global Bing Wallpaper, region=fr-CA, local time is 2024-06-29 12:12:23.056445-04:00
[16:12:23] Successful get url: https://www.bing.com/th?id=OHR.TourCorsica_FR-CA4580963850_UHD.jpg
[16:12:23] Picture infomations saved to  global/fr-CA/README.md
[16:12:23] Picture infomations saved to global/fr-CA/history/2024/06/30_fr-CA.md
Program exit at 16:12:23
