
Program started at 09:28:36
Operating System Name: Linux
Operating System Version: #20-Ubuntu SMP Tue Oct 22 03:43:13 UTC 2024
System Architecture: ('64bit', 'ELF')
Computer Type: x86_64
Computer Name: fv-az1913-682
Processor Type: x86_64
Python Version: 3.12.8
Python Interpreter Name: CPython
[09:28:36] Start geting CN Bing Wallpaper
[09:28:37] Successful get url: https://www.bing.com/th?id=OHR.RavennaBasilica_ZH-CN1406474730_UHD.jpg
[09:28:37] Image saved to img/background.jpg
[09:28:37] Info saved to README.md
[09:28:37] Image saved to history/2025/01/06.md
[09:28:37] Start geting global Bing Wallpaper, region=en-US, local time is 2025-01-06 04:28:37.044562-05:00
[09:28:37] Successful get url: https://www.bing.com/th?id=OHR.RavennaBasilica_EN-US9585765715_UHD.jpg
[09:28:37] Picture infomations saved to  global/en-US/README.md
[09:28:37] Picture infomations saved to global/en-US/history/2025/01/07_en-US.md
[09:28:37] Start geting global Bing Wallpaper, region=ja-JP, local time is 2025-01-06 18:28:37.193141+09:00
[09:28:37] Successful get url: https://www.bing.com/th?id=OHR.RavennaBasilica_JA-JP8188667597_UHD.jpg
[09:28:37] Picture infomations saved to  global/ja-JP/README.md
[09:28:37] Picture infomations saved to global/ja-JP/history/2025/01/06_ja-JP.md
[09:28:37] Start geting global Bing Wallpaper, region=en-IN, local time is 2025-01-06 14:58:37.312511+05:30
[09:28:37] Successful get url: https://www.bing.com/th?id=OHR.RavennaBasilica_EN-IN9380198974_UHD.jpg
[09:28:37] Picture infomations saved to  global/en-IN/README.md
[09:28:37] Picture infomations saved to global/en-IN/history/2025/01/06_en-IN.md
[09:28:37] Start geting global Bing Wallpaper, region=pt-BR, local time is 2025-01-06 06:28:37.417438-03:00
[09:28:37] Successful get url: https://www.bing.com/th?id=OHR.RavennaBasilica_PT-BR5657717935_UHD.jpg
[09:28:37] Picture infomations saved to  global/pt-BR/README.md
[09:28:37] Picture infomations saved to global/pt-BR/history/2025/01/07_pt-BR.md
[09:28:37] Start geting global Bing Wallpaper, region=fr-FR, local time is 2025-01-06 10:28:37.565042+01:00
[09:28:37] Successful get url: https://www.bing.com/th?id=OHR.RavennaBasilica_FR-FR1984355211_UHD.jpg
[09:28:37] Picture infomations saved to  global/fr-FR/README.md
[09:28:37] Picture infomations saved to global/fr-FR/history/2025/01/06_fr-FR.md
[09:28:37] Start geting global Bing Wallpaper, region=de-DE, local time is 2025-01-06 10:28:37.663692+01:00
[09:28:37] Successful get url: https://www.bing.com/th?id=OHR.RavennaBasilica_DE-DE6763936064_UHD.jpg
[09:28:37] Picture infomations saved to  global/de-DE/README.md
[09:28:37] Picture infomations saved to global/de-DE/history/2025/01/06_de-DE.md
[09:28:37] Start geting global Bing Wallpaper, region=en-CA, local time is 2025-01-06 04:28:37.805169-05:00
[09:28:37] Successful get url: https://www.bing.com/th?id=OHR.RavennaBasilica_EN-CA7555362704_UHD.jpg
[09:28:37] Picture infomations saved to  global/en-CA/README.md
[09:28:37] Picture infomations saved to global/en-CA/history/2025/01/07_en-CA.md
[09:28:37] Start geting global Bing Wallpaper, region=en-GB, local time is 2025-01-06 09:28:37.940985+00:00
[09:28:38] Successful get url: https://www.bing.com/th?id=OHR.RavennaBasilica_EN-GB7069955288_UHD.jpg
[09:28:38] Picture infomations saved to  global/en-GB/README.md
[09:28:38] Picture infomations saved to global/en-GB/history/2025/01/07_en-GB.md
[09:28:38] Start geting global Bing Wallpaper, region=it-IT, local time is 2025-01-06 10:28:38.107034+01:00
[09:28:38] Successful get url: https://www.bing.com/th?id=OHR.RavennaBasilica_IT-IT9888465442_UHD.jpg
[09:28:38] Picture infomations saved to  global/it-IT/README.md
[09:28:38] Picture infomations saved to global/it-IT/history/2025/01/06_it-IT.md
[09:28:38] Start geting global Bing Wallpaper, region=es-ES, local time is 2025-01-06 10:28:38.221123+01:00
[09:28:38] Successful get url: https://www.bing.com/th?id=OHR.NamibiaDunes_ES-ES5811843699_UHD.jpg
[09:28:38] Picture infomations saved to  global/es-ES/README.md
[09:28:38] Picture infomations saved to global/es-ES/history/2025/01/06_es-ES.md
[09:28:38] Start geting global Bing Wallpaper, region=fr-CA, local time is 2025-01-06 04:28:38.343200-05:00
[09:28:38] Successful get url: https://www.bing.com/th?id=OHR.RavennaBasilica_FR-CA6339830538_UHD.jpg
[09:28:38] Picture infomations saved to  global/fr-CA/README.md
[09:28:38] Picture infomations saved to global/fr-CA/history/2025/01/07_fr-CA.md
Program exit at 09:28:38
