
Program started at 09:29:00
Operating System Name: Linux
Operating System Version: #20-Ubuntu SMP Tue Oct 22 03:43:13 UTC 2024
System Architecture: ('64bit', 'ELF')
Computer Type: x86_64
Computer Name: fv-az1940-69
Processor Type: x86_64
Python Version: 3.12.8
Python Interpreter Name: CPython
[09:29:01] Start geting CN Bing Wallpaper
[09:29:01] Successful get url: https://www.bing.com/th?id=OHR.CoastalWales_ZH-CN9113929287_UHD.jpg
[09:29:01] Image saved to img/background.jpg
[09:29:01] Info saved to README.md
[09:29:01] Image saved to history/2025/01/13.md
[09:29:01] Start geting global Bing Wallpaper, region=en-US, local time is 2025-01-13 04:29:01.152880-05:00
[09:29:01] Successful get url: https://www.bing.com/th?id=OHR.CoastalWales_EN-US9397534673_UHD.jpg
[09:29:01] Picture infomations saved to  global/en-US/README.md
[09:29:01] Picture infomations saved to global/en-US/history/2025/01/14_en-US.md
[09:29:01] Start geting global Bing Wallpaper, region=ja-JP, local time is 2025-01-13 18:29:01.325535+09:00
[09:29:01] Successful get url: https://www.bing.com/th?id=OHR.CoastalWales_JA-JP4408975920_UHD.jpg
[09:29:01] Picture infomations saved to  global/ja-JP/README.md
[09:29:01] Picture infomations saved to global/ja-JP/history/2025/01/13_ja-JP.md
[09:29:01] Start geting global Bing Wallpaper, region=en-IN, local time is 2025-01-13 14:59:01.419479+05:30
[09:29:01] Successful get url: https://www.bing.com/th?id=OHR.CoastalWales_EN-IN7925850635_UHD.jpg
[09:29:01] Picture infomations saved to  global/en-IN/README.md
[09:29:01] Picture infomations saved to global/en-IN/history/2025/01/13_en-IN.md
[09:29:01] Start geting global Bing Wallpaper, region=pt-BR, local time is 2025-01-13 06:29:01.526527-03:00
[09:29:01] Successful get url: https://www.bing.com/th?id=OHR.CoastalWales_PT-BR5316082485_UHD.jpg
[09:29:01] Picture infomations saved to  global/pt-BR/README.md
[09:29:01] Picture infomations saved to global/pt-BR/history/2025/01/14_pt-BR.md
[09:29:01] Start geting global Bing Wallpaper, region=fr-FR, local time is 2025-01-13 10:29:01.612982+01:00
[09:29:01] Successful get url: https://www.bing.com/th?id=OHR.CoastalWales_FR-FR2215820217_UHD.jpg
[09:29:01] Picture infomations saved to  global/fr-FR/README.md
[09:29:01] Picture infomations saved to global/fr-FR/history/2025/01/13_fr-FR.md
[09:29:01] Start geting global Bing Wallpaper, region=de-DE, local time is 2025-01-13 10:29:01.739836+01:00
[09:29:01] Successful get url: https://www.bing.com/th?id=OHR.CoastalWales_DE-DE5918144653_UHD.jpg
[09:29:01] Picture infomations saved to  global/de-DE/README.md
[09:29:01] Picture infomations saved to global/de-DE/history/2025/01/13_de-DE.md
[09:29:01] Start geting global Bing Wallpaper, region=en-CA, local time is 2025-01-13 04:29:01.842871-05:00
[09:29:01] Successful get url: https://www.bing.com/th?id=OHR.CoastalWales_EN-CA1350466031_UHD.jpg
[09:29:01] Picture infomations saved to  global/en-CA/README.md
[09:29:01] Picture infomations saved to global/en-CA/history/2025/01/14_en-CA.md
[09:29:01] Start geting global Bing Wallpaper, region=en-GB, local time is 2025-01-13 09:29:01.956932+00:00
[09:29:02] Successful get url: https://www.bing.com/th?id=OHR.CoastalWales_EN-GB8139675046_UHD.jpg
[09:29:02] Picture infomations saved to  global/en-GB/README.md
[09:29:02] Picture infomations saved to global/en-GB/history/2025/01/14_en-GB.md
[09:29:02] Start geting global Bing Wallpaper, region=it-IT, local time is 2025-01-13 10:29:02.048207+01:00
[09:29:02] Successful get url: https://www.bing.com/th?id=OHR.CoastalWales_IT-IT6663007380_UHD.jpg
[09:29:02] Picture infomations saved to  global/it-IT/README.md
[09:29:02] Picture infomations saved to global/it-IT/history/2025/01/13_it-IT.md
[09:29:02] Start geting global Bing Wallpaper, region=es-ES, local time is 2025-01-13 10:29:02.141037+01:00
[09:29:02] Successful get url: https://www.bing.com/th?id=OHR.CoastalWales_ES-ES0632862256_UHD.jpg
[09:29:02] Picture infomations saved to  global/es-ES/README.md
[09:29:02] Picture infomations saved to global/es-ES/history/2025/01/13_es-ES.md
[09:29:02] Start geting global Bing Wallpaper, region=fr-CA, local time is 2025-01-13 04:29:02.349782-05:00
[09:29:02] Successful get url: https://www.bing.com/th?id=OHR.CoastalWales_FR-CA2076537409_UHD.jpg
[09:29:02] Picture infomations saved to  global/fr-CA/README.md
[09:29:02] Picture infomations saved to global/fr-CA/history/2025/01/14_fr-CA.md
Program exit at 09:29:02
