
Program started at 09:26:29
Operating System Name: Linux
Operating System Version: #20-Ubuntu SMP Tue Oct 22 03:43:13 UTC 2024
System Architecture: ('64bit', 'ELF')
Computer Type: x86_64
Computer Name: fv-az1074-909
Processor Type: x86_64
Python Version: 3.12.8
Python Interpreter Name: CPython
[09:26:29] Start geting CN Bing Wallpaper
[09:26:29] Successful get url: https://www.bing.com/th?id=OHR.PelicanPortrait_ZH-CN1928504597_UHD.jpg
[09:26:30] Image saved to img/background.jpg
[09:26:30] Info saved to README.md
[09:26:30] Image saved to history/2025/01/17.md
[09:26:30] Start geting global Bing Wallpaper, region=en-US, local time is 2025-01-17 04:26:30.128253-05:00
[09:26:30] Successful get url: https://www.bing.com/th?id=OHR.PelicanPortrait_EN-US0510978735_UHD.jpg
[09:26:30] Picture infomations saved to  global/en-US/README.md
[09:26:30] Picture infomations saved to global/en-US/history/2025/01/18_en-US.md
[09:26:30] Start geting global Bing Wallpaper, region=ja-JP, local time is 2025-01-17 18:26:30.345188+09:00
[09:26:30] Successful get url: https://www.bing.com/th?id=OHR.AssiniboineTS_JA-JP8766031351_UHD.jpg
[09:26:30] Picture infomations saved to  global/ja-JP/README.md
[09:26:30] Picture infomations saved to global/ja-JP/history/2025/01/17_ja-JP.md
[09:26:30] Start geting global Bing Wallpaper, region=en-IN, local time is 2025-01-17 14:56:30.502785+05:30
[09:26:30] Successful get url: https://www.bing.com/th?id=OHR.PelicanPortrait_EN-IN4347458454_UHD.jpg
[09:26:30] Picture infomations saved to  global/en-IN/README.md
[09:26:30] Picture infomations saved to global/en-IN/history/2025/01/17_en-IN.md
[09:26:30] Start geting global Bing Wallpaper, region=pt-BR, local time is 2025-01-17 06:26:30.672562-03:00
[09:26:30] Successful get url: https://www.bing.com/th?id=OHR.PelicanPortrait_PT-BR0622364718_UHD.jpg
[09:26:30] Picture infomations saved to  global/pt-BR/README.md
[09:26:30] Picture infomations saved to global/pt-BR/history/2025/01/18_pt-BR.md
[09:26:30] Start geting global Bing Wallpaper, region=fr-FR, local time is 2025-01-17 10:26:30.871306+01:00
[09:26:30] Successful get url: https://www.bing.com/th?id=OHR.PelicanPortrait_FR-FR5861205489_UHD.jpg
[09:26:31] Picture infomations saved to  global/fr-FR/README.md
[09:26:31] Picture infomations saved to global/fr-FR/history/2025/01/17_fr-FR.md
[09:26:31] Start geting global Bing Wallpaper, region=de-DE, local time is 2025-01-17 10:26:31.017046+01:00
[09:26:31] Successful get url: https://www.bing.com/th?id=OHR.NapoliPizza_DE-DE7177948363_UHD.jpg
[09:26:31] Picture infomations saved to  global/de-DE/README.md
[09:26:31] Picture infomations saved to global/de-DE/history/2025/01/17_de-DE.md
[09:26:31] Start geting global Bing Wallpaper, region=en-CA, local time is 2025-01-17 04:26:31.165456-05:00
[09:26:31] Successful get url: https://www.bing.com/th?id=OHR.NapoliPizza_EN-CA6013158057_UHD.jpg
[09:26:31] Picture infomations saved to  global/en-CA/README.md
[09:26:31] Picture infomations saved to global/en-CA/history/2025/01/18_en-CA.md
[09:26:31] Start geting global Bing Wallpaper, region=en-GB, local time is 2025-01-17 09:26:31.437190+00:00
[09:26:31] Successful get url: https://www.bing.com/th?id=OHR.PelicanPortrait_EN-GB7053317345_UHD.jpg
[09:26:31] Picture infomations saved to  global/en-GB/README.md
[09:26:31] Picture infomations saved to global/en-GB/history/2025/01/18_en-GB.md
[09:26:31] Start geting global Bing Wallpaper, region=it-IT, local time is 2025-01-17 10:26:31.572816+01:00
[09:26:31] Successful get url: https://www.bing.com/th?id=OHR.NapoliPizza_IT-IT7432865458_UHD.jpg
[09:26:31] Picture infomations saved to  global/it-IT/README.md
[09:26:31] Picture infomations saved to global/it-IT/history/2025/01/17_it-IT.md
[09:26:31] Start geting global Bing Wallpaper, region=es-ES, local time is 2025-01-17 10:26:31.715725+01:00
[09:26:31] Successful get url: https://www.bing.com/th?id=OHR.PelicanPortrait_ES-ES5278780301_UHD.jpg
[09:26:31] Picture infomations saved to  global/es-ES/README.md
[09:26:31] Picture infomations saved to global/es-ES/history/2025/01/17_es-ES.md
[09:26:31] Start geting global Bing Wallpaper, region=fr-CA, local time is 2025-01-17 04:26:31.866103-05:00
[09:26:31] Successful get url: https://www.bing.com/th?id=OHR.PelicanPortrait_FR-CA3168945368_UHD.jpg
[09:26:32] Picture infomations saved to  global/fr-CA/README.md
[09:26:32] Picture infomations saved to global/fr-CA/history/2025/01/18_fr-CA.md
Program exit at 09:26:32
