
Program started at 09:24:54
Operating System Name: Linux
Operating System Version: #20-Ubuntu SMP Tue Oct 22 03:43:13 UTC 2024
System Architecture: ('64bit', 'ELF')
Computer Type: x86_64
Computer Name: fv-az1319-794
Processor Type: x86_64
Python Version: 3.12.8
Python Interpreter Name: CPython
[09:24:54] Start geting CN Bing Wallpaper
[09:24:54] Successful get url: https://www.bing.com/th?id=OHR.PlumParakeet_ZH-CN0311942558_UHD.jpg
[09:24:54] Image saved to img/background.jpg
[09:24:54] Info saved to README.md
[09:24:54] Image saved to history/2025/01/05.md
[09:24:54] Start geting global Bing Wallpaper, region=en-US, local time is 2025-01-05 04:24:54.517614-05:00
[09:24:54] Successful get url: https://www.bing.com/th?id=OHR.PlumParakeet_EN-US9359235355_UHD.jpg
[09:24:54] Picture infomations saved to  global/en-US/README.md
[09:24:54] Picture infomations saved to global/en-US/history/2025/01/06_en-US.md
[09:24:54] Start geting global Bing Wallpaper, region=ja-JP, local time is 2025-01-05 18:24:54.698956+09:00
[09:24:54] Successful get url: https://www.bing.com/th?id=OHR.ArdezSwitzerland_JA-JP7833129331_UHD.jpg
[09:24:54] Picture infomations saved to  global/ja-JP/README.md
[09:24:54] Picture infomations saved to global/ja-JP/history/2025/01/05_ja-JP.md
[09:24:54] Start geting global Bing Wallpaper, region=en-IN, local time is 2025-01-05 14:54:54.838044+05:30
[09:24:54] Successful get url: https://www.bing.com/th?id=OHR.PushkarniTank_EN-IN9828404964_UHD.jpg
[09:24:54] Picture infomations saved to  global/en-IN/README.md
[09:24:54] Picture infomations saved to global/en-IN/history/2025/01/05_en-IN.md
[09:24:54] Start geting global Bing Wallpaper, region=pt-BR, local time is 2025-01-05 06:24:54.940310-03:00
[09:24:54] Successful get url: https://www.bing.com/th?id=OHR.PlumParakeet_PT-BR4715109832_UHD.jpg
[09:24:55] Picture infomations saved to  global/pt-BR/README.md
[09:24:55] Picture infomations saved to global/pt-BR/history/2025/01/06_pt-BR.md
[09:24:55] Start geting global Bing Wallpaper, region=fr-FR, local time is 2025-01-05 10:24:55.053368+01:00
[09:24:55] Successful get url: https://www.bing.com/th?id=OHR.PlumParakeet_FR-FR1766885015_UHD.jpg
[09:24:55] Picture infomations saved to  global/fr-FR/README.md
[09:24:55] Picture infomations saved to global/fr-FR/history/2025/01/05_fr-FR.md
[09:24:55] Start geting global Bing Wallpaper, region=de-DE, local time is 2025-01-05 10:24:55.177195+01:00
[09:24:55] Successful get url: https://www.bing.com/th?id=OHR.WinterLandscapeBavaria_DE-DE6496709723_UHD.jpg
[09:24:55] Picture infomations saved to  global/de-DE/README.md
[09:24:55] Picture infomations saved to global/de-DE/history/2025/01/05_de-DE.md
[09:24:55] Start geting global Bing Wallpaper, region=en-CA, local time is 2025-01-05 04:24:55.315131-05:00
[09:24:55] Successful get url: https://www.bing.com/th?id=OHR.PlumParakeet_EN-CA7233766984_UHD.jpg
[09:24:55] Picture infomations saved to  global/en-CA/README.md
[09:24:55] Picture infomations saved to global/en-CA/history/2025/01/06_en-CA.md
[09:24:55] Start geting global Bing Wallpaper, region=en-GB, local time is 2025-01-05 09:24:55.495114+00:00
[09:24:55] Successful get url: https://www.bing.com/th?id=OHR.PlumParakeet_EN-GB3398674878_UHD.jpg
[09:24:55] Picture infomations saved to  global/en-GB/README.md
[09:24:55] Picture infomations saved to global/en-GB/history/2025/01/06_en-GB.md
[09:24:55] Start geting global Bing Wallpaper, region=it-IT, local time is 2025-01-05 10:24:55.620355+01:00
[09:24:55] Successful get url: https://www.bing.com/th?id=OHR.BouldersNZ_IT-IT9574087004_UHD.jpg
[09:24:55] Picture infomations saved to  global/it-IT/README.md
[09:24:55] Picture infomations saved to global/it-IT/history/2025/01/05_it-IT.md
[09:24:55] Start geting global Bing Wallpaper, region=es-ES, local time is 2025-01-05 10:24:55.745176+01:00
[09:24:55] Successful get url: https://www.bing.com/th?id=OHR.GeneralWinterNavarre_ES-ES5527142777_UHD.jpg
[09:24:55] Picture infomations saved to  global/es-ES/README.md
[09:24:55] Picture infomations saved to global/es-ES/history/2025/01/05_es-ES.md
[09:24:55] Start geting global Bing Wallpaper, region=fr-CA, local time is 2025-01-05 04:24:55.854861-05:00
[09:24:55] Successful get url: https://www.bing.com/th?id=OHR.PlumParakeet_FR-CA9102129073_UHD.jpg
[09:24:56] Picture infomations saved to  global/fr-CA/README.md
[09:24:56] Picture infomations saved to global/fr-CA/history/2025/01/06_fr-CA.md
Program exit at 09:24:56
