
Program started at 09:23:52
Operating System Name: Linux
Operating System Version: #20-Ubuntu SMP Tue Oct 22 03:43:13 UTC 2024
System Architecture: ('64bit', 'ELF')
Computer Type: x86_64
Computer Name: fv-az1390-642
Processor Type: x86_64
Python Version: 3.12.8
Python Interpreter Name: CPython
[09:23:52] Start geting CN Bing Wallpaper
[09:23:52] Successful get url: https://www.bing.com/th?id=OHR.NeptunesGrotto_ZH-CN3092540170_UHD.jpg
[09:23:52] Image saved to img/background.jpg
[09:23:52] Info saved to README.md
[09:23:52] Image saved to history/2025/01/19.md
[09:23:52] Start geting global Bing Wallpaper, region=en-US, local time is 2025-01-19 04:23:52.398093-05:00
[09:23:52] Successful get url: https://www.bing.com/th?id=OHR.NeptunesGrotto_EN-US1020342235_UHD.jpg
[09:23:52] Picture infomations saved to  global/en-US/README.md
[09:23:52] Picture infomations saved to global/en-US/history/2025/01/20_en-US.md
[09:23:52] Start geting global Bing Wallpaper, region=ja-JP, local time is 2025-01-19 18:23:52.509930+09:00
[09:23:52] Successful get url: https://www.bing.com/th?id=OHR.NeptunesGrotto_JA-JP9457027054_UHD.jpg
[09:23:52] Picture infomations saved to  global/ja-JP/README.md
[09:23:52] Picture infomations saved to global/ja-JP/history/2025/01/19_ja-JP.md
[09:23:52] Start geting global Bing Wallpaper, region=en-IN, local time is 2025-01-19 14:53:52.624191+05:30
[09:23:52] Successful get url: https://www.bing.com/th?id=OHR.NeptunesGrotto_EN-IN4839715567_UHD.jpg
[09:23:52] Picture infomations saved to  global/en-IN/README.md
[09:23:52] Picture infomations saved to global/en-IN/history/2025/01/19_en-IN.md
[09:23:52] Start geting global Bing Wallpaper, region=pt-BR, local time is 2025-01-19 06:23:52.772053-03:00
[09:23:52] Successful get url: https://www.bing.com/th?id=OHR.NeptunesGrotto_PT-BR9754491184_UHD.jpg
[09:23:52] Picture infomations saved to  global/pt-BR/README.md
[09:23:52] Picture infomations saved to global/pt-BR/history/2025/01/20_pt-BR.md
[09:23:52] Start geting global Bing Wallpaper, region=fr-FR, local time is 2025-01-19 10:23:52.911361+01:00
[09:23:52] Successful get url: https://www.bing.com/th?id=OHR.NeptunesGrotto_FR-FR0309930376_UHD.jpg
[09:23:53] Picture infomations saved to  global/fr-FR/README.md
[09:23:53] Picture infomations saved to global/fr-FR/history/2025/01/19_fr-FR.md
[09:23:53] Start geting global Bing Wallpaper, region=de-DE, local time is 2025-01-19 10:23:53.055065+01:00
[09:23:53] Successful get url: https://www.bing.com/th?id=OHR.NeptunesGrotto_DE-DE3937457490_UHD.jpg
[09:23:53] Picture infomations saved to  global/de-DE/README.md
[09:23:53] Picture infomations saved to global/de-DE/history/2025/01/19_de-DE.md
[09:23:53] Start geting global Bing Wallpaper, region=en-CA, local time is 2025-01-19 04:23:53.194764-05:00
[09:23:53] Successful get url: https://www.bing.com/th?id=OHR.NeptunesGrotto_EN-CA9827251114_UHD.jpg
[09:23:53] Picture infomations saved to  global/en-CA/README.md
[09:23:53] Picture infomations saved to global/en-CA/history/2025/01/20_en-CA.md
[09:23:53] Start geting global Bing Wallpaper, region=en-GB, local time is 2025-01-19 09:23:53.349124+00:00
[09:23:53] Successful get url: https://www.bing.com/th?id=OHR.NeptunesGrotto_EN-GB6545750765_UHD.jpg
[09:23:53] Picture infomations saved to  global/en-GB/README.md
[09:23:53] Picture infomations saved to global/en-GB/history/2025/01/20_en-GB.md
[09:23:53] Start geting global Bing Wallpaper, region=it-IT, local time is 2025-01-19 10:23:53.572630+01:00
[09:23:53] Successful get url: https://www.bing.com/th?id=OHR.CortinaAmpezzo_IT-IT8151089763_UHD.jpg
[09:23:53] Picture infomations saved to  global/it-IT/README.md
[09:23:53] Picture infomations saved to global/it-IT/history/2025/01/19_it-IT.md
[09:23:53] Start geting global Bing Wallpaper, region=es-ES, local time is 2025-01-19 10:23:53.809629+01:00
[09:23:53] Successful get url: https://www.bing.com/th?id=OHR.NeptunesGrotto_ES-ES8086917702_UHD.jpg
[09:23:53] Picture infomations saved to  global/es-ES/README.md
[09:23:53] Picture infomations saved to global/es-ES/history/2025/01/19_es-ES.md
[09:23:53] Start geting global Bing Wallpaper, region=fr-CA, local time is 2025-01-19 04:23:53.965808-05:00
[09:23:54] Successful get url: https://www.bing.com/th?id=OHR.NeptunesGrotto_FR-CA3779857016_UHD.jpg
[09:23:54] Picture infomations saved to  global/fr-CA/README.md
[09:23:54] Picture infomations saved to global/fr-CA/history/2025/01/20_fr-CA.md
Program exit at 09:23:54

Program started at 16:12:26
Operating System Name: Linux
Operating System Version: #20-Ubuntu SMP Tue Oct 22 03:43:13 UTC 2024
System Architecture: ('64bit', 'ELF')
Computer Type: x86_64
Computer Name: fv-az1782-345
Processor Type: x86_64
Python Version: 3.12.8
Python Interpreter Name: CPython
[16:12:26] Start geting CN Bing Wallpaper
[16:12:26] Successful get url: https://www.bing.com/th?id=OHR.DutchSquirrel_ZH-CN3896893818_UHD.jpg
[16:12:26] Image saved to img/background.jpg
[16:12:26] Info saved to README.md
[16:12:26] Image saved to history/2025/01/20.md
[16:12:26] Start geting global Bing Wallpaper, region=en-US, local time is 2025-01-19 11:12:26.606374-05:00
[16:12:26] Successful get url: https://www.bing.com/th?id=OHR.NeptunesGrotto_EN-US1020342235_UHD.jpg
[16:12:26] Picture infomations saved to  global/en-US/README.md
[16:12:26] Picture infomations saved to global/en-US/history/2025/01/20_en-US.md
[16:12:26] Start geting global Bing Wallpaper, region=ja-JP, local time is 2025-01-20 01:12:26.725960+09:00
[16:12:26] Successful get url: https://www.bing.com/th?id=OHR.Daikan2025_JA-JP9667984098_UHD.jpg
[16:12:26] Picture infomations saved to  global/ja-JP/README.md
[16:12:26] Picture infomations saved to global/ja-JP/history/2025/01/20_ja-JP.md
[16:12:26] Start geting global Bing Wallpaper, region=en-IN, local time is 2025-01-19 21:42:26.864487+05:30
[16:12:26] Successful get url: https://www.bing.com/th?id=OHR.NeptunesGrotto_EN-IN4839715567_UHD.jpg
[16:12:27] Picture infomations saved to  global/en-IN/README.md
[16:12:27] Picture infomations saved to global/en-IN/history/2025/01/19_en-IN.md
[16:12:27] Start geting global Bing Wallpaper, region=pt-BR, local time is 2025-01-19 13:12:27.016632-03:00
[16:12:27] Successful get url: https://www.bing.com/th?id=OHR.NeptunesGrotto_PT-BR9754491184_UHD.jpg
[16:12:27] Picture infomations saved to  global/pt-BR/README.md
[16:12:27] Picture infomations saved to global/pt-BR/history/2025/01/20_pt-BR.md
[16:12:27] Start geting global Bing Wallpaper, region=fr-FR, local time is 2025-01-19 17:12:27.158348+01:00
[16:12:27] Successful get url: https://www.bing.com/th?id=OHR.NeptunesGrotto_FR-FR0309930376_UHD.jpg
[16:12:27] Picture infomations saved to  global/fr-FR/README.md
[16:12:27] Picture infomations saved to global/fr-FR/history/2025/01/19_fr-FR.md
[16:12:27] Start geting global Bing Wallpaper, region=de-DE, local time is 2025-01-19 17:12:27.508998+01:00
[16:12:27] Successful get url: https://www.bing.com/th?id=OHR.NeptunesGrotto_DE-DE3937457490_UHD.jpg
[16:12:27] Picture infomations saved to  global/de-DE/README.md
[16:12:27] Picture infomations saved to global/de-DE/history/2025/01/19_de-DE.md
[16:12:27] Start geting global Bing Wallpaper, region=en-CA, local time is 2025-01-19 11:12:27.643405-05:00
[16:12:27] Successful get url: https://www.bing.com/th?id=OHR.NeptunesGrotto_EN-CA9827251114_UHD.jpg
[16:12:27] Picture infomations saved to  global/en-CA/README.md
[16:12:27] Picture infomations saved to global/en-CA/history/2025/01/20_en-CA.md
[16:12:27] Start geting global Bing Wallpaper, region=en-GB, local time is 2025-01-19 16:12:27.792777+00:00
[16:12:27] Successful get url: https://www.bing.com/th?id=OHR.NeptunesGrotto_EN-GB6545750765_UHD.jpg
[16:12:27] Picture infomations saved to  global/en-GB/README.md
[16:12:27] Picture infomations saved to global/en-GB/history/2025/01/20_en-GB.md
[16:12:27] Start geting global Bing Wallpaper, region=it-IT, local time is 2025-01-19 17:12:27.953407+01:00
[16:12:27] Successful get url: https://www.bing.com/th?id=OHR.CortinaAmpezzo_IT-IT8151089763_UHD.jpg
[16:12:28] Picture infomations saved to  global/it-IT/README.md
[16:12:28] Picture infomations saved to global/it-IT/history/2025/01/19_it-IT.md
[16:12:28] Start geting global Bing Wallpaper, region=es-ES, local time is 2025-01-19 17:12:28.106256+01:00
[16:12:28] Successful get url: https://www.bing.com/th?id=OHR.NeptunesGrotto_ES-ES8086917702_UHD.jpg
[16:12:28] Picture infomations saved to  global/es-ES/README.md
[16:12:28] Picture infomations saved to global/es-ES/history/2025/01/19_es-ES.md
[16:12:28] Start geting global Bing Wallpaper, region=fr-CA, local time is 2025-01-19 11:12:28.277074-05:00
[16:12:28] Successful get url: https://www.bing.com/th?id=OHR.NeptunesGrotto_FR-CA3779857016_UHD.jpg
[16:12:28] Picture infomations saved to  global/fr-CA/README.md
[16:12:28] Picture infomations saved to global/fr-CA/history/2025/01/20_fr-CA.md
Program exit at 16:12:28
