
Program started at 09:24:59
Operating System Name: Linux
Operating System Version: #23-Ubuntu SMP Mon Dec  9 16:58:58 UTC 2024
System Architecture: ('64bit', 'ELF')
Computer Type: x86_64
Computer Name: fv-az1276-356
Processor Type: x86_64
Python Version: 3.12.8
Python Interpreter Name: CPython
[09:24:59] Start geting CN Bing Wallpaper
[09:24:59] Successful get url: https://www.bing.com/th?id=OHR.PortoSunset_ZH-CN2388246668_UHD.jpg
[09:24:59] Image saved to img/background.jpg
[09:24:59] Info saved to README.md
[09:24:59] Image saved to history/2025/01/25.md
[09:24:59] Start geting global Bing Wallpaper, region=en-US, local time is 2025-01-25 04:24:59.869549-05:00
[09:24:59] Successful get url: https://www.bing.com/th?id=OHR.PortoSunset_EN-US7987153816_UHD.jpg
[09:24:59] Picture infomations saved to  global/en-US/README.md
[09:24:59] Picture infomations saved to global/en-US/history/2025/01/26_en-US.md
[09:24:59] Start geting global Bing Wallpaper, region=ja-JP, local time is 2025-01-25 18:24:59.984918+09:00
[09:25:00] Successful get url: https://www.bing.com/th?id=OHR.PortoSunset_JA-JP4070269520_UHD.jpg
[09:25:00] Picture infomations saved to  global/ja-JP/README.md
[09:25:00] Picture infomations saved to global/ja-JP/history/2025/01/25_ja-JP.md
[09:25:00] Start geting global Bing Wallpaper, region=en-IN, local time is 2025-01-25 14:55:00.076964+05:30
[09:25:00] Successful get url: https://www.bing.com/th?id=OHR.PortoSunset_EN-IN1245971448_UHD.jpg
[09:25:00] Picture infomations saved to  global/en-IN/README.md
[09:25:00] Picture infomations saved to global/en-IN/history/2025/01/25_en-IN.md
[09:25:00] Start geting global Bing Wallpaper, region=pt-BR, local time is 2025-01-25 06:25:00.164046-03:00
[09:25:00] Successful get url: https://www.bing.com/th?id=OHR.DiaBossaNova_PT-BR0445068072_UHD.jpg
[09:25:00] Picture infomations saved to  global/pt-BR/README.md
[09:25:00] Picture infomations saved to global/pt-BR/history/2025/01/26_pt-BR.md
[09:25:00] Start geting global Bing Wallpaper, region=fr-FR, local time is 2025-01-25 10:25:00.323033+01:00
[09:25:00] Successful get url: https://www.bing.com/th?id=OHR.PortoSunset_FR-FR7243507947_UHD.jpg
[09:25:00] Picture infomations saved to  global/fr-FR/README.md
[09:25:00] Picture infomations saved to global/fr-FR/history/2025/01/25_fr-FR.md
[09:25:00] Start geting global Bing Wallpaper, region=de-DE, local time is 2025-01-25 10:25:00.418616+01:00
[09:25:00] Successful get url: https://www.bing.com/th?id=OHR.PortoSunset_DE-DE2650196473_UHD.jpg
[09:25:00] Picture infomations saved to  global/de-DE/README.md
[09:25:00] Picture infomations saved to global/de-DE/history/2025/01/25_de-DE.md
[09:25:00] Start geting global Bing Wallpaper, region=en-CA, local time is 2025-01-25 04:25:00.501436-05:00
[09:25:00] Successful get url: https://www.bing.com/th?id=OHR.PortoSunset_EN-CA0543189674_UHD.jpg
[09:25:00] Picture infomations saved to  global/en-CA/README.md
[09:25:00] Picture infomations saved to global/en-CA/history/2025/01/26_en-CA.md
[09:25:00] Start geting global Bing Wallpaper, region=en-GB, local time is 2025-01-25 09:25:00.593863+00:00
[09:25:00] Successful get url: https://www.bing.com/th?id=OHR.BurnsNight2025_EN-GB6468698638_UHD.jpg
[09:25:00] Picture infomations saved to  global/en-GB/README.md
[09:25:00] Picture infomations saved to global/en-GB/history/2025/01/26_en-GB.md
[09:25:00] Start geting global Bing Wallpaper, region=it-IT, local time is 2025-01-25 10:25:00.663307+01:00
[09:25:00] Successful get url: https://www.bing.com/th?id=OHR.PortoSunset_IT-IT1632622830_UHD.jpg
[09:25:00] Picture infomations saved to  global/it-IT/README.md
[09:25:00] Picture infomations saved to global/it-IT/history/2025/01/25_it-IT.md
[09:25:00] Start geting global Bing Wallpaper, region=es-ES, local time is 2025-01-25 10:25:00.755447+01:00
[09:25:00] Successful get url: https://www.bing.com/th?id=OHR.PortoSunset_ES-ES3099666552_UHD.jpg
[09:25:00] Picture infomations saved to  global/es-ES/README.md
[09:25:00] Picture infomations saved to global/es-ES/history/2025/01/25_es-ES.md
[09:25:00] Start geting global Bing Wallpaper, region=fr-CA, local time is 2025-01-25 04:25:00.846126-05:00
[09:25:00] Successful get url: https://www.bing.com/th?id=OHR.PortoSunset_FR-CA8246410939_UHD.jpg
[09:25:00] Picture infomations saved to  global/fr-CA/README.md
[09:25:00] Picture infomations saved to global/fr-CA/history/2025/01/26_fr-CA.md
Program exit at 09:25:00
