
Program started at 09:27:29
Operating System Name: Linux
Operating System Version: #20-Ubuntu SMP Tue Oct 22 03:43:13 UTC 2024
System Architecture: ('64bit', 'ELF')
Computer Type: x86_64
Computer Name: fv-az1315-321
Processor Type: x86_64
Python Version: 3.12.8
Python Interpreter Name: CPython
[09:27:29] Start geting CN Bing Wallpaper
[09:27:29] Successful get url: https://www.bing.com/th?id=OHR.PetraMonastery_ZH-CN5091189333_UHD.jpg
[09:27:29] Image saved to img/background.jpg
[09:27:29] Info saved to README.md
[09:27:29] Image saved to history/2025/01/22.md
[09:27:29] Start geting global Bing Wallpaper, region=en-US, local time is 2025-01-22 04:27:29.852656-05:00
[09:27:29] Successful get url: https://www.bing.com/th?id=OHR.PetraMonastery_EN-US1834130511_UHD.jpg
[09:27:30] Picture infomations saved to  global/en-US/README.md
[09:27:30] Picture infomations saved to global/en-US/history/2025/01/23_en-US.md
[09:27:30] Start geting global Bing Wallpaper, region=ja-JP, local time is 2025-01-22 18:27:30.000901+09:00
[09:27:30] Successful get url: https://www.bing.com/th?id=OHR.PetraMonastery_JA-JP0333984762_UHD.jpg
[09:27:30] Picture infomations saved to  global/ja-JP/README.md
[09:27:30] Picture infomations saved to global/ja-JP/history/2025/01/22_ja-JP.md
[09:27:30] Start geting global Bing Wallpaper, region=en-IN, local time is 2025-01-22 14:57:30.136328+05:30
[09:27:30] Successful get url: https://www.bing.com/th?id=OHR.PetraMonastery_EN-IN5783567233_UHD.jpg
[09:27:30] Picture infomations saved to  global/en-IN/README.md
[09:27:30] Picture infomations saved to global/en-IN/history/2025/01/22_en-IN.md
[09:27:30] Start geting global Bing Wallpaper, region=pt-BR, local time is 2025-01-22 06:27:30.270308-03:00
[09:27:30] Successful get url: https://www.bing.com/th?id=OHR.PetraMonastery_PT-BR6925888778_UHD.jpg
[09:27:30] Picture infomations saved to  global/pt-BR/README.md
[09:27:30] Picture infomations saved to global/pt-BR/history/2025/01/23_pt-BR.md
[09:27:30] Start geting global Bing Wallpaper, region=fr-FR, local time is 2025-01-22 10:27:30.408491+01:00
[09:27:30] Successful get url: https://www.bing.com/th?id=OHR.PetraMonastery_FR-FR1072501086_UHD.jpg
[09:27:30] Picture infomations saved to  global/fr-FR/README.md
[09:27:30] Picture infomations saved to global/fr-FR/history/2025/01/22_fr-FR.md
[09:27:30] Start geting global Bing Wallpaper, region=de-DE, local time is 2025-01-22 10:27:30.556606+01:00
[09:27:30] Successful get url: https://www.bing.com/th?id=OHR.PetraMonastery_DE-DE5253716041_UHD.jpg
[09:27:30] Picture infomations saved to  global/de-DE/README.md
[09:27:30] Picture infomations saved to global/de-DE/history/2025/01/22_de-DE.md
[09:27:30] Start geting global Bing Wallpaper, region=en-CA, local time is 2025-01-22 04:27:30.692668-05:00
[09:27:30] Successful get url: https://www.bing.com/th?id=OHR.PetraMonastery_EN-CA7784198857_UHD.jpg
[09:27:30] Picture infomations saved to  global/en-CA/README.md
[09:27:30] Picture infomations saved to global/en-CA/history/2025/01/23_en-CA.md
[09:27:30] Start geting global Bing Wallpaper, region=en-GB, local time is 2025-01-22 09:27:30.833011+00:00
[09:27:30] Successful get url: https://www.bing.com/th?id=OHR.PetraMonastery_EN-GB4623557481_UHD.jpg
[09:27:30] Picture infomations saved to  global/en-GB/README.md
[09:27:30] Picture infomations saved to global/en-GB/history/2025/01/23_en-GB.md
[09:27:30] Start geting global Bing Wallpaper, region=it-IT, local time is 2025-01-22 10:27:30.976500+01:00
[09:27:31] Successful get url: https://www.bing.com/th?id=OHR.PetraMonastery_IT-IT8921152499_UHD.jpg
[09:27:31] Picture infomations saved to  global/it-IT/README.md
[09:27:31] Picture infomations saved to global/it-IT/history/2025/01/22_it-IT.md
[09:27:31] Start geting global Bing Wallpaper, region=es-ES, local time is 2025-01-22 10:27:31.134021+01:00
[09:27:31] Successful get url: https://www.bing.com/th?id=OHR.PetraMonastery_ES-ES6740525723_UHD.jpg
[09:27:31] Picture infomations saved to  global/es-ES/README.md
[09:27:31] Picture infomations saved to global/es-ES/history/2025/01/22_es-ES.md
[09:27:31] Start geting global Bing Wallpaper, region=fr-CA, local time is 2025-01-22 04:27:31.273437-05:00
[09:27:31] Successful get url: https://www.bing.com/th?id=OHR.PetraMonastery_FR-CA4480470167_UHD.jpg
[09:27:31] Picture infomations saved to  global/fr-CA/README.md
[09:27:31] Picture infomations saved to global/fr-CA/history/2025/01/23_fr-CA.md
Program exit at 09:27:31
