
Program started at 09:27:01
Operating System Name: Linux
Operating System Version: #26~22.04.1-Ubuntu SMP Thu Jul 11 22:33:04 UTC 2024
System Architecture: ('64bit', 'ELF')
Computer Type: x86_64
Computer Name: fv-az520-772
Processor Type: x86_64
Python Version: 3.12.8
Python Interpreter Name: CPython
[09:27:02] Start geting CN Bing Wallpaper
[09:27:02] Successful get url: https://www.bing.com/th?id=OHR.ArdezSwitzerland_ZH-CN5605305240_UHD.jpg
[09:27:02] Image saved to img/background.jpg
[09:27:02] Info saved to README.md
[09:27:02] Image saved to history/2025/01/02.md
[09:27:02] Start geting global Bing Wallpaper, region=en-US, local time is 2025-01-02 04:27:02.233603-05:00
[09:27:02] Successful get url: https://www.bing.com/th?id=OHR.ArdezSwitzerland_EN-US8405268165_UHD.jpg
[09:27:02] Picture infomations saved to  global/en-US/README.md
[09:27:02] Picture infomations saved to global/en-US/history/2025/01/03_en-US.md
[09:27:02] Start geting global Bing Wallpaper, region=ja-JP, local time is 2025-01-02 18:27:02.455785+09:00
[09:27:02] Successful get url: https://www.bing.com/th?id=OHR.PlumParakeet_JA-JP6915629740_UHD.jpg
[09:27:02] Picture infomations saved to  global/ja-JP/README.md
[09:27:02] Picture infomations saved to global/ja-JP/history/2025/01/02_ja-JP.md
[09:27:02] Start geting global Bing Wallpaper, region=en-IN, local time is 2025-01-02 14:57:02.566412+05:30
[09:27:02] Successful get url: https://www.bing.com/th?id=OHR.ArdezSwitzerland_EN-IN7123035732_UHD.jpg
[09:27:02] Picture infomations saved to  global/en-IN/README.md
[09:27:02] Picture infomations saved to global/en-IN/history/2025/01/02_en-IN.md
[09:27:02] Start geting global Bing Wallpaper, region=pt-BR, local time is 2025-01-02 06:27:02.686653-03:00
[09:27:02] Successful get url: https://www.bing.com/th?id=OHR.ArdezSwitzerland_PT-BR2038942515_UHD.jpg
[09:27:02] Picture infomations saved to  global/pt-BR/README.md
[09:27:02] Picture infomations saved to global/pt-BR/history/2025/01/03_pt-BR.md
[09:27:02] Start geting global Bing Wallpaper, region=fr-FR, local time is 2025-01-02 10:27:02.778058+01:00
[09:27:02] Successful get url: https://www.bing.com/th?id=OHR.AlpsSunset_FR-FR0523137668_UHD.jpg
[09:27:02] Picture infomations saved to  global/fr-FR/README.md
[09:27:02] Picture infomations saved to global/fr-FR/history/2025/01/02_fr-FR.md
[09:27:02] Start geting global Bing Wallpaper, region=de-DE, local time is 2025-01-02 10:27:02.908135+01:00
[09:27:02] Successful get url: https://www.bing.com/th?id=OHR.ArdezSwitzerland_DE-DE7533597545_UHD.jpg
[09:27:03] Picture infomations saved to  global/de-DE/README.md
[09:27:03] Picture infomations saved to global/de-DE/history/2025/01/02_de-DE.md
[09:27:03] Start geting global Bing Wallpaper, region=en-CA, local time is 2025-01-02 04:27:03.019028-05:00
[09:27:03] Successful get url: https://www.bing.com/th?id=OHR.ArdezSwitzerland_EN-CA6090409096_UHD.jpg
[09:27:03] Picture infomations saved to  global/en-CA/README.md
[09:27:03] Picture infomations saved to global/en-CA/history/2025/01/03_en-CA.md
[09:27:03] Start geting global Bing Wallpaper, region=en-GB, local time is 2025-01-02 09:27:03.112370+00:00
[09:27:03] Successful get url: https://www.bing.com/th?id=OHR.ArdezSwitzerland_EN-GB7554817854_UHD.jpg
[09:27:03] Picture infomations saved to  global/en-GB/README.md
[09:27:03] Picture infomations saved to global/en-GB/history/2025/01/03_en-GB.md
[09:27:03] Start geting global Bing Wallpaper, region=it-IT, local time is 2025-01-02 10:27:03.253893+01:00
[09:27:03] Successful get url: https://www.bing.com/th?id=OHR.ArdezSwitzerland_IT-IT8831023098_UHD.jpg
[09:27:03] Picture infomations saved to  global/it-IT/README.md
[09:27:03] Picture infomations saved to global/it-IT/history/2025/01/02_it-IT.md
[09:27:03] Start geting global Bing Wallpaper, region=es-ES, local time is 2025-01-02 10:27:03.419747+01:00
[09:27:03] Successful get url: https://www.bing.com/th?id=OHR.ArdezSwitzerland_ES-ES4481408701_UHD.jpg
[09:27:03] Picture infomations saved to  global/es-ES/README.md
[09:27:03] Picture infomations saved to global/es-ES/history/2025/01/02_es-ES.md
[09:27:03] Start geting global Bing Wallpaper, region=fr-CA, local time is 2025-01-02 04:27:03.565457-05:00
[09:27:03] Successful get url: https://www.bing.com/th?id=OHR.ArdezSwitzerland_FR-CA8314617577_UHD.jpg
[09:27:03] Picture infomations saved to  global/fr-CA/README.md
[09:27:03] Picture infomations saved to global/fr-CA/history/2025/01/03_fr-CA.md
Program exit at 09:27:03

Program started at 16:14:18
Operating System Name: Linux
Operating System Version: #26~22.04.1-Ubuntu SMP Thu Jul 11 22:33:04 UTC 2024
System Architecture: ('64bit', 'ELF')
Computer Type: x86_64
Computer Name: fv-az1117-366
Processor Type: x86_64
Python Version: 3.12.8
Python Interpreter Name: CPython
[16:14:18] Start geting CN Bing Wallpaper
[16:14:18] Successful get url: https://www.bing.com/th?id=OHR.TolkienOxford_ZH-CN6331694590_UHD.jpg
[16:14:18] Image saved to img/background.jpg
[16:14:18] Info saved to README.md
[16:14:18] Image saved to history/2025/01/03.md
[16:14:18] Start geting global Bing Wallpaper, region=en-US, local time is 2025-01-02 11:14:18.733679-05:00
[16:14:18] Successful get url: https://www.bing.com/th?id=OHR.ArdezSwitzerland_EN-US8405268165_UHD.jpg
[16:14:18] Picture infomations saved to  global/en-US/README.md
[16:14:18] Picture infomations saved to global/en-US/history/2025/01/03_en-US.md
[16:14:18] Start geting global Bing Wallpaper, region=ja-JP, local time is 2025-01-03 01:14:18.854875+09:00
[16:14:18] Successful get url: https://www.bing.com/th?id=OHR.TolkienOxford_JA-JP7219183666_UHD.jpg
[16:14:19] Picture infomations saved to  global/ja-JP/README.md
[16:14:19] Picture infomations saved to global/ja-JP/history/2025/01/03_ja-JP.md
[16:14:19] Start geting global Bing Wallpaper, region=en-IN, local time is 2025-01-02 21:44:19.170485+05:30
[16:14:19] Successful get url: https://www.bing.com/th?id=OHR.ArdezSwitzerland_EN-IN7123035732_UHD.jpg
[16:14:19] Picture infomations saved to  global/en-IN/README.md
[16:14:19] Picture infomations saved to global/en-IN/history/2025/01/02_en-IN.md
[16:14:19] Start geting global Bing Wallpaper, region=pt-BR, local time is 2025-01-02 13:14:19.348270-03:00
[16:14:19] Successful get url: https://www.bing.com/th?id=OHR.ArdezSwitzerland_PT-BR2038942515_UHD.jpg
[16:14:19] Picture infomations saved to  global/pt-BR/README.md
[16:14:19] Picture infomations saved to global/pt-BR/history/2025/01/03_pt-BR.md
[16:14:19] Start geting global Bing Wallpaper, region=fr-FR, local time is 2025-01-02 17:14:19.498593+01:00
[16:14:19] Successful get url: https://www.bing.com/th?id=OHR.AlpsSunset_FR-FR0523137668_UHD.jpg
[16:14:19] Picture infomations saved to  global/fr-FR/README.md
[16:14:19] Picture infomations saved to global/fr-FR/history/2025/01/02_fr-FR.md
[16:14:19] Start geting global Bing Wallpaper, region=de-DE, local time is 2025-01-02 17:14:19.666076+01:00
[16:14:19] Successful get url: https://www.bing.com/th?id=OHR.ArdezSwitzerland_DE-DE7533597545_UHD.jpg
[16:14:19] Picture infomations saved to  global/de-DE/README.md
[16:14:19] Picture infomations saved to global/de-DE/history/2025/01/02_de-DE.md
[16:14:19] Start geting global Bing Wallpaper, region=en-CA, local time is 2025-01-02 11:14:19.820026-05:00
[16:14:19] Successful get url: https://www.bing.com/th?id=OHR.ArdezSwitzerland_EN-CA6090409096_UHD.jpg
[16:14:19] Picture infomations saved to  global/en-CA/README.md
[16:14:19] Picture infomations saved to global/en-CA/history/2025/01/03_en-CA.md
[16:14:19] Start geting global Bing Wallpaper, region=en-GB, local time is 2025-01-02 16:14:19.974585+00:00
[16:14:20] Successful get url: https://www.bing.com/th?id=OHR.ArdezSwitzerland_EN-GB7554817854_UHD.jpg
[16:14:20] Picture infomations saved to  global/en-GB/README.md
[16:14:20] Picture infomations saved to global/en-GB/history/2025/01/03_en-GB.md
[16:14:20] Start geting global Bing Wallpaper, region=it-IT, local time is 2025-01-02 17:14:20.124168+01:00
[16:14:20] Successful get url: https://www.bing.com/th?id=OHR.ArdezSwitzerland_IT-IT8831023098_UHD.jpg
[16:14:20] Picture infomations saved to  global/it-IT/README.md
[16:14:20] Picture infomations saved to global/it-IT/history/2025/01/02_it-IT.md
[16:14:20] Start geting global Bing Wallpaper, region=es-ES, local time is 2025-01-02 17:14:20.272511+01:00
[16:14:20] Successful get url: https://www.bing.com/th?id=OHR.ArdezSwitzerland_ES-ES4481408701_UHD.jpg
[16:14:20] Picture infomations saved to  global/es-ES/README.md
[16:14:20] Picture infomations saved to global/es-ES/history/2025/01/02_es-ES.md
[16:14:20] Start geting global Bing Wallpaper, region=fr-CA, local time is 2025-01-02 11:14:20.419759-05:00
[16:14:20] Successful get url: https://www.bing.com/th?id=OHR.ArdezSwitzerland_FR-CA8314617577_UHD.jpg
[16:14:20] Picture infomations saved to  global/fr-CA/README.md
[16:14:20] Picture infomations saved to global/fr-CA/history/2025/01/03_fr-CA.md
Program exit at 16:14:20
