
Program started at 09:27:44
Operating System Name: Linux
Operating System Version: #20-Ubuntu SMP Tue Oct 22 03:43:13 UTC 2024
System Architecture: ('64bit', 'ELF')
Computer Type: x86_64
Computer Name: fv-az1042-323
Processor Type: x86_64
Python Version: 3.12.8
Python Interpreter Name: CPython
[09:27:44] Start geting CN Bing Wallpaper
[09:27:44] Successful get url: https://www.bing.com/th?id=OHR.DeerValley_ZH-CN6029262704_UHD.jpg
[09:27:44] Image saved to img/background.jpg
[09:27:44] Info saved to README.md
[09:27:44] Image saved to history/2025/01/23.md
[09:27:44] Start geting global Bing Wallpaper, region=en-US, local time is 2025-01-23 04:27:44.211357-05:00
[09:27:44] Successful get url: https://www.bing.com/th?id=OHR.DeerValley_EN-US2128104711_UHD.jpg
[09:27:44] Picture infomations saved to  global/en-US/README.md
[09:27:44] Picture infomations saved to global/en-US/history/2025/01/24_en-US.md
[09:27:44] Start geting global Bing Wallpaper, region=ja-JP, local time is 2025-01-23 18:27:44.330443+09:00
[09:27:44] Successful get url: https://www.bing.com/th?id=OHR.DeerValley_JA-JP0604255662_UHD.jpg
[09:27:44] Picture infomations saved to  global/ja-JP/README.md
[09:27:44] Picture infomations saved to global/ja-JP/history/2025/01/23_ja-JP.md
[09:27:44] Start geting global Bing Wallpaper, region=en-IN, local time is 2025-01-23 14:57:44.422014+05:30
[09:27:44] Successful get url: https://www.bing.com/th?id=OHR.DeerValley_EN-IN5983015603_UHD.jpg
[09:27:44] Picture infomations saved to  global/en-IN/README.md
[09:27:44] Picture infomations saved to global/en-IN/history/2025/01/23_en-IN.md
[09:27:44] Start geting global Bing Wallpaper, region=pt-BR, local time is 2025-01-23 06:27:44.543102-03:00
[09:27:44] Successful get url: https://www.bing.com/th?id=OHR.DeerValley_PT-BR5923655325_UHD.jpg
[09:27:44] Picture infomations saved to  global/pt-BR/README.md
[09:27:44] Picture infomations saved to global/pt-BR/history/2025/01/24_pt-BR.md
[09:27:44] Start geting global Bing Wallpaper, region=fr-FR, local time is 2025-01-23 10:27:44.635257+01:00
[09:27:44] Successful get url: https://www.bing.com/th?id=OHR.DeerValley_FR-FR5592642570_UHD.jpg
[09:27:44] Picture infomations saved to  global/fr-FR/README.md
[09:27:44] Picture infomations saved to global/fr-FR/history/2025/01/23_fr-FR.md
[09:27:44] Start geting global Bing Wallpaper, region=de-DE, local time is 2025-01-23 10:27:44.712571+01:00
[09:27:44] Successful get url: https://www.bing.com/th?id=OHR.DeerValley_DE-DE5666572987_UHD.jpg
[09:27:44] Picture infomations saved to  global/de-DE/README.md
[09:27:44] Picture infomations saved to global/de-DE/history/2025/01/23_de-DE.md
[09:27:44] Start geting global Bing Wallpaper, region=en-CA, local time is 2025-01-23 04:27:44.811621-05:00
[09:27:44] Successful get url: https://www.bing.com/th?id=OHR.DeerValley_EN-CA0676675342_UHD.jpg
[09:27:44] Picture infomations saved to  global/en-CA/README.md
[09:27:44] Picture infomations saved to global/en-CA/history/2025/01/24_en-CA.md
[09:27:44] Start geting global Bing Wallpaper, region=en-GB, local time is 2025-01-23 09:27:44.902478+00:00
[09:27:44] Successful get url: https://www.bing.com/th?id=OHR.DeerValley_EN-GB0738627342_UHD.jpg
[09:27:44] Picture infomations saved to  global/en-GB/README.md
[09:27:44] Picture infomations saved to global/en-GB/history/2025/01/24_en-GB.md
[09:27:44] Start geting global Bing Wallpaper, region=it-IT, local time is 2025-01-23 10:27:44.987925+01:00
[09:27:45] Successful get url: https://www.bing.com/th?id=OHR.DeerValley_IT-IT9318398790_UHD.jpg
[09:27:45] Picture infomations saved to  global/it-IT/README.md
[09:27:45] Picture infomations saved to global/it-IT/history/2025/01/23_it-IT.md
[09:27:45] Start geting global Bing Wallpaper, region=es-ES, local time is 2025-01-23 10:27:45.074830+01:00
[09:27:45] Successful get url: https://www.bing.com/th?id=OHR.DeerValley_ES-ES7003891910_UHD.jpg
[09:27:45] Picture infomations saved to  global/es-ES/README.md
[09:27:45] Picture infomations saved to global/es-ES/history/2025/01/23_es-ES.md
[09:27:45] Start geting global Bing Wallpaper, region=fr-CA, local time is 2025-01-23 04:27:45.156661-05:00
[09:27:45] Successful get url: https://www.bing.com/th?id=OHR.DeerValley_FR-CA1426119767_UHD.jpg
[09:27:45] Picture infomations saved to  global/fr-CA/README.md
[09:27:45] Picture infomations saved to global/fr-CA/history/2025/01/24_fr-CA.md
Program exit at 09:27:45
