
Program started at 09:24:58
Operating System Name: Linux
Operating System Version: #20-Ubuntu SMP Tue Oct 22 03:43:13 UTC 2024
System Architecture: ('64bit', 'ELF')
Computer Type: x86_64
Computer Name: fv-az788-354
Processor Type: x86_64
Python Version: 3.12.8
Python Interpreter Name: CPython
[09:24:58] Start geting CN Bing Wallpaper
[09:24:59] Successful get url: https://www.bing.com/th?id=OHR.MeknesMorocco_ZH-CN7953910585_UHD.jpg
[09:24:59] Image saved to img/background.jpg
[09:24:59] Info saved to README.md
[09:24:59] Image saved to history/2025/01/11.md
[09:24:59] Start geting global Bing Wallpaper, region=en-US, local time is 2025-01-11 04:24:59.141353-05:00
[09:24:59] Successful get url: https://www.bing.com/th?id=OHR.MeknesMorocco_EN-US6991915839_UHD.jpg
[09:24:59] Picture infomations saved to  global/en-US/README.md
[09:24:59] Picture infomations saved to global/en-US/history/2025/01/12_en-US.md
[09:24:59] Start geting global Bing Wallpaper, region=ja-JP, local time is 2025-01-11 18:24:59.294330+09:00
[09:24:59] Successful get url: https://www.bing.com/th?id=OHR.MeknesMorocco_JA-JP3587132795_UHD.jpg
[09:24:59] Picture infomations saved to  global/ja-JP/README.md
[09:24:59] Picture infomations saved to global/ja-JP/history/2025/01/11_ja-JP.md
[09:24:59] Start geting global Bing Wallpaper, region=en-IN, local time is 2025-01-11 14:54:59.450433+05:30
[09:24:59] Successful get url: https://www.bing.com/th?id=OHR.MeknesMorocco_EN-IN5856859042_UHD.jpg
[09:24:59] Picture infomations saved to  global/en-IN/README.md
[09:24:59] Picture infomations saved to global/en-IN/history/2025/01/11_en-IN.md
[09:24:59] Start geting global Bing Wallpaper, region=pt-BR, local time is 2025-01-11 06:24:59.595267-03:00
[09:24:59] Successful get url: https://www.bing.com/th?id=OHR.MeknesMorocco_PT-BR7456607348_UHD.jpg
[09:24:59] Picture infomations saved to  global/pt-BR/README.md
[09:24:59] Picture infomations saved to global/pt-BR/history/2025/01/12_pt-BR.md
[09:24:59] Start geting global Bing Wallpaper, region=fr-FR, local time is 2025-01-11 10:24:59.691458+01:00
[09:24:59] Successful get url: https://www.bing.com/th?id=OHR.MeknesMorocco_FR-FR1385030402_UHD.jpg
[09:24:59] Picture infomations saved to  global/fr-FR/README.md
[09:24:59] Picture infomations saved to global/fr-FR/history/2025/01/11_fr-FR.md
[09:24:59] Start geting global Bing Wallpaper, region=de-DE, local time is 2025-01-11 10:24:59.782832+01:00
[09:24:59] Successful get url: https://www.bing.com/th?id=OHR.GermanyAppleOnWinterTree_DE-DE6727700722_UHD.jpg
[09:24:59] Picture infomations saved to  global/de-DE/README.md
[09:24:59] Picture infomations saved to global/de-DE/history/2025/01/11_de-DE.md
[09:24:59] Start geting global Bing Wallpaper, region=en-CA, local time is 2025-01-11 04:24:59.890596-05:00
[09:24:59] Successful get url: https://www.bing.com/th?id=OHR.MeknesMorocco_EN-CA1168151057_UHD.jpg
[09:25:00] Picture infomations saved to  global/en-CA/README.md
[09:25:00] Picture infomations saved to global/en-CA/history/2025/01/12_en-CA.md
[09:25:00] Start geting global Bing Wallpaper, region=en-GB, local time is 2025-01-11 09:25:00.019244+00:00
[09:25:00] Successful get url: https://www.bing.com/th?id=OHR.MeknesMorocco_EN-GB8766579158_UHD.jpg
[09:25:00] Picture infomations saved to  global/en-GB/README.md
[09:25:00] Picture infomations saved to global/en-GB/history/2025/01/12_en-GB.md
[09:25:00] Start geting global Bing Wallpaper, region=it-IT, local time is 2025-01-11 10:25:00.114720+01:00
[09:25:00] Successful get url: https://www.bing.com/th?id=OHR.MeknesMorocco_IT-IT5907061739_UHD.jpg
[09:25:00] Picture infomations saved to  global/it-IT/README.md
[09:25:00] Picture infomations saved to global/it-IT/history/2025/01/11_it-IT.md
[09:25:00] Start geting global Bing Wallpaper, region=es-ES, local time is 2025-01-11 10:25:00.215867+01:00
[09:25:00] Successful get url: https://www.bing.com/th?id=OHR.MeknesMorocco_ES-ES8743532455_UHD.jpg
[09:25:00] Picture infomations saved to  global/es-ES/README.md
[09:25:00] Picture infomations saved to global/es-ES/history/2025/01/11_es-ES.md
[09:25:00] Start geting global Bing Wallpaper, region=fr-CA, local time is 2025-01-11 04:25:00.359939-05:00
[09:25:00] Successful get url: https://www.bing.com/th?id=OHR.MeknesMorocco_FR-CA1624434417_UHD.jpg
[09:25:00] Picture infomations saved to  global/fr-CA/README.md
[09:25:00] Picture infomations saved to global/fr-CA/history/2025/01/12_fr-CA.md
Program exit at 09:25:00

Program started at 16:12:54
Operating System Name: Linux
Operating System Version: #20-Ubuntu SMP Tue Oct 22 03:43:13 UTC 2024
System Architecture: ('64bit', 'ELF')
Computer Type: x86_64
Computer Name: fv-az1982-862
Processor Type: x86_64
Python Version: 3.12.8
Python Interpreter Name: CPython
[16:12:54] Start geting CN Bing Wallpaper
[16:12:54] Successful get url: https://www.bing.com/th?id=OHR.CrescentTail_ZH-CN8283248964_UHD.jpg
[16:12:54] Image saved to img/background.jpg
[16:12:54] Info saved to README.md
[16:12:54] Image saved to history/2025/01/12.md
[16:12:54] Start geting global Bing Wallpaper, region=en-US, local time is 2025-01-11 11:12:54.427215-05:00
[16:12:54] Successful get url: https://www.bing.com/th?id=OHR.MeknesMorocco_EN-US6991915839_UHD.jpg
[16:12:54] Picture infomations saved to  global/en-US/README.md
[16:12:54] Picture infomations saved to global/en-US/history/2025/01/12_en-US.md
[16:12:54] Start geting global Bing Wallpaper, region=ja-JP, local time is 2025-01-12 01:12:54.610547+09:00
[16:12:54] Successful get url: https://www.bing.com/th?id=OHR.CadizSpain_JA-JP3855173491_UHD.jpg
[16:12:54] Picture infomations saved to  global/ja-JP/README.md
[16:12:54] Picture infomations saved to global/ja-JP/history/2025/01/12_ja-JP.md
[16:12:54] Start geting global Bing Wallpaper, region=en-IN, local time is 2025-01-11 21:42:54.767363+05:30
[16:12:54] Successful get url: https://www.bing.com/th?id=OHR.MeknesMorocco_EN-IN5856859042_UHD.jpg
[16:12:54] Picture infomations saved to  global/en-IN/README.md
[16:12:54] Picture infomations saved to global/en-IN/history/2025/01/11_en-IN.md
[16:12:54] Start geting global Bing Wallpaper, region=pt-BR, local time is 2025-01-11 13:12:54.927426-03:00
[16:12:54] Successful get url: https://www.bing.com/th?id=OHR.MeknesMorocco_PT-BR7456607348_UHD.jpg
[16:12:55] Picture infomations saved to  global/pt-BR/README.md
[16:12:55] Picture infomations saved to global/pt-BR/history/2025/01/12_pt-BR.md
[16:12:55] Start geting global Bing Wallpaper, region=fr-FR, local time is 2025-01-11 17:12:55.092235+01:00
[16:12:55] Successful get url: https://www.bing.com/th?id=OHR.MeknesMorocco_FR-FR1385030402_UHD.jpg
[16:12:55] Picture infomations saved to  global/fr-FR/README.md
[16:12:55] Picture infomations saved to global/fr-FR/history/2025/01/11_fr-FR.md
[16:12:55] Start geting global Bing Wallpaper, region=de-DE, local time is 2025-01-11 17:12:55.245907+01:00
[16:12:55] Successful get url: https://www.bing.com/th?id=OHR.GermanyAppleOnWinterTree_DE-DE6727700722_UHD.jpg
[16:12:55] Picture infomations saved to  global/de-DE/README.md
[16:12:55] Picture infomations saved to global/de-DE/history/2025/01/11_de-DE.md
[16:12:55] Start geting global Bing Wallpaper, region=en-CA, local time is 2025-01-11 11:12:55.395338-05:00
[16:12:55] Successful get url: https://www.bing.com/th?id=OHR.MeknesMorocco_EN-CA1168151057_UHD.jpg
[16:12:55] Picture infomations saved to  global/en-CA/README.md
[16:12:55] Picture infomations saved to global/en-CA/history/2025/01/12_en-CA.md
[16:12:55] Start geting global Bing Wallpaper, region=en-GB, local time is 2025-01-11 16:12:55.562362+00:00
[16:12:55] Successful get url: https://www.bing.com/th?id=OHR.MeknesMorocco_EN-GB8766579158_UHD.jpg
[16:12:55] Picture infomations saved to  global/en-GB/README.md
[16:12:55] Picture infomations saved to global/en-GB/history/2025/01/12_en-GB.md
[16:12:55] Start geting global Bing Wallpaper, region=it-IT, local time is 2025-01-11 17:12:55.818178+01:00
[16:12:55] Successful get url: https://www.bing.com/th?id=OHR.MeknesMorocco_IT-IT5907061739_UHD.jpg
[16:12:56] Picture infomations saved to  global/it-IT/README.md
[16:12:56] Picture infomations saved to global/it-IT/history/2025/01/11_it-IT.md
[16:12:56] Start geting global Bing Wallpaper, region=es-ES, local time is 2025-01-11 17:12:56.001160+01:00
[16:12:56] Successful get url: https://www.bing.com/th?id=OHR.MeknesMorocco_ES-ES8743532455_UHD.jpg
[16:12:58] Picture infomations saved to  global/es-ES/README.md
[16:12:58] Picture infomations saved to global/es-ES/history/2025/01/11_es-ES.md
[16:12:58] Start geting global Bing Wallpaper, region=fr-CA, local time is 2025-01-11 11:12:58.569587-05:00
[16:12:58] Successful get url: https://www.bing.com/th?id=OHR.MeknesMorocco_FR-CA1624434417_UHD.jpg
[16:12:58] Picture infomations saved to  global/fr-CA/README.md
[16:12:58] Picture infomations saved to global/fr-CA/history/2025/01/12_fr-CA.md
Program exit at 16:12:58
