
Program started at 09:25:15
Operating System Name: Linux
Operating System Version: #20-Ubuntu SMP Tue Oct 22 03:43:13 UTC 2024
System Architecture: ('64bit', 'ELF')
Computer Type: x86_64
Computer Name: fv-az1660-675
Processor Type: x86_64
Python Version: 3.12.8
Python Interpreter Name: CPython
[09:25:15] Start geting CN Bing Wallpaper
[09:25:15] Successful get url: https://www.bing.com/th?id=OHR.VietnamFalls_ZH-CN9659529108_UHD.jpg
[09:25:15] Image saved to img/background.jpg
[09:25:15] Info saved to README.md
[09:25:15] Image saved to history/2025/01/04.md
[09:25:15] Start geting global Bing Wallpaper, region=en-US, local time is 2025-01-04 04:25:15.868091-05:00
[09:25:15] Successful get url: https://www.bing.com/th?id=OHR.VietnamFalls_EN-US9133406245_UHD.jpg
[09:25:16] Picture infomations saved to  global/en-US/README.md
[09:25:16] Picture infomations saved to global/en-US/history/2025/01/05_en-US.md
[09:25:16] Start geting global Bing Wallpaper, region=ja-JP, local time is 2025-01-04 18:25:16.030324+09:00
[09:25:16] Successful get url: https://www.bing.com/th?id=OHR.BouldersNZ_JA-JP7494581439_UHD.jpg
[09:25:16] Picture infomations saved to  global/ja-JP/README.md
[09:25:16] Picture infomations saved to global/ja-JP/history/2025/01/04_ja-JP.md
[09:25:16] Start geting global Bing Wallpaper, region=en-IN, local time is 2025-01-04 14:55:16.160049+05:30
[09:25:16] Successful get url: https://www.bing.com/th?id=OHR.VietnamFalls_EN-IN7892338335_UHD.jpg
[09:25:16] Picture infomations saved to  global/en-IN/README.md
[09:25:16] Picture infomations saved to global/en-IN/history/2025/01/04_en-IN.md
[09:25:16] Start geting global Bing Wallpaper, region=pt-BR, local time is 2025-01-04 06:25:16.265739-03:00
[09:25:16] Successful get url: https://www.bing.com/th?id=OHR.VietnamFalls_PT-BR3430655242_UHD.jpg
[09:25:16] Picture infomations saved to  global/pt-BR/README.md
[09:25:16] Picture infomations saved to global/pt-BR/history/2025/01/05_pt-BR.md
[09:25:16] Start geting global Bing Wallpaper, region=fr-FR, local time is 2025-01-04 10:25:16.361752+01:00
[09:25:16] Successful get url: https://www.bing.com/th?id=OHR.VietnamFalls_FR-FR1506770845_UHD.jpg
[09:25:16] Picture infomations saved to  global/fr-FR/README.md
[09:25:16] Picture infomations saved to global/fr-FR/history/2025/01/04_fr-FR.md
[09:25:16] Start geting global Bing Wallpaper, region=de-DE, local time is 2025-01-04 10:25:16.464328+01:00
[09:25:16] Successful get url: https://www.bing.com/th?id=OHR.VietnamFalls_DE-DE6165029954_UHD.jpg
[09:25:16] Picture infomations saved to  global/de-DE/README.md
[09:25:16] Picture infomations saved to global/de-DE/history/2025/01/04_de-DE.md
[09:25:16] Start geting global Bing Wallpaper, region=en-CA, local time is 2025-01-04 04:25:16.551404-05:00
[09:25:16] Successful get url: https://www.bing.com/th?id=OHR.VietnamFalls_EN-CA6990371995_UHD.jpg
[09:25:16] Picture infomations saved to  global/en-CA/README.md
[09:25:16] Picture infomations saved to global/en-CA/history/2025/01/05_en-CA.md
[09:25:16] Start geting global Bing Wallpaper, region=en-GB, local time is 2025-01-04 09:25:16.646003+00:00
[09:25:16] Successful get url: https://www.bing.com/th?id=OHR.VietnamFalls_EN-GB3020680221_UHD.jpg
[09:25:16] Picture infomations saved to  global/en-GB/README.md
[09:25:16] Picture infomations saved to global/en-GB/history/2025/01/05_en-GB.md
[09:25:16] Start geting global Bing Wallpaper, region=it-IT, local time is 2025-01-04 10:25:16.799732+01:00
[09:25:16] Successful get url: https://www.bing.com/th?id=OHR.VietnamFalls_IT-IT3525554686_UHD.jpg
[09:25:16] Picture infomations saved to  global/it-IT/README.md
[09:25:16] Picture infomations saved to global/it-IT/history/2025/01/04_it-IT.md
[09:25:16] Start geting global Bing Wallpaper, region=es-ES, local time is 2025-01-04 10:25:16.897195+01:00
[09:25:16] Successful get url: https://www.bing.com/th?id=OHR.VietnamFalls_ES-ES5222423755_UHD.jpg
[09:25:16] Picture infomations saved to  global/es-ES/README.md
[09:25:16] Picture infomations saved to global/es-ES/history/2025/01/04_es-ES.md
[09:25:16] Start geting global Bing Wallpaper, region=fr-CA, local time is 2025-01-04 04:25:16.986385-05:00
[09:25:17] Successful get url: https://www.bing.com/th?id=OHR.VietnamFalls_FR-CA8861500399_UHD.jpg
[09:25:17] Picture infomations saved to  global/fr-CA/README.md
[09:25:17] Picture infomations saved to global/fr-CA/history/2025/01/05_fr-CA.md
Program exit at 09:25:17

Program started at 16:13:07
Operating System Name: Linux
Operating System Version: #20-Ubuntu SMP Tue Oct 22 03:43:13 UTC 2024
System Architecture: ('64bit', 'ELF')
Computer Type: x86_64
Computer Name: fv-az1436-322
Processor Type: x86_64
Python Version: 3.12.8
Python Interpreter Name: CPython
[16:13:07] Start geting CN Bing Wallpaper
[16:13:07] Successful get url: https://www.bing.com/th?id=OHR.PlumParakeet_ZH-CN0311942558_UHD.jpg
[16:13:07] Image saved to img/background.jpg
[16:13:07] Info saved to README.md
[16:13:07] Image saved to history/2025/01/05.md
[16:13:07] Start geting global Bing Wallpaper, region=en-US, local time is 2025-01-04 11:13:07.801508-05:00
[16:13:07] Successful get url: https://www.bing.com/th?id=OHR.VietnamFalls_EN-US9133406245_UHD.jpg
[16:13:07] Picture infomations saved to  global/en-US/README.md
[16:13:07] Picture infomations saved to global/en-US/history/2025/01/05_en-US.md
[16:13:07] Start geting global Bing Wallpaper, region=ja-JP, local time is 2025-01-05 01:13:07.904749+09:00
[16:13:07] Successful get url: https://www.bing.com/th?id=OHR.ArdezSwitzerland_JA-JP7833129331_UHD.jpg
[16:13:08] Picture infomations saved to  global/ja-JP/README.md
[16:13:08] Picture infomations saved to global/ja-JP/history/2025/01/05_ja-JP.md
[16:13:08] Start geting global Bing Wallpaper, region=en-IN, local time is 2025-01-04 21:43:08.008449+05:30
[16:13:08] Successful get url: https://www.bing.com/th?id=OHR.VietnamFalls_EN-IN7892338335_UHD.jpg
[16:13:08] Picture infomations saved to  global/en-IN/README.md
[16:13:08] Picture infomations saved to global/en-IN/history/2025/01/04_en-IN.md
[16:13:08] Start geting global Bing Wallpaper, region=pt-BR, local time is 2025-01-04 13:13:08.124047-03:00
[16:13:08] Successful get url: https://www.bing.com/th?id=OHR.VietnamFalls_PT-BR3430655242_UHD.jpg
[16:13:08] Picture infomations saved to  global/pt-BR/README.md
[16:13:08] Picture infomations saved to global/pt-BR/history/2025/01/05_pt-BR.md
[16:13:08] Start geting global Bing Wallpaper, region=fr-FR, local time is 2025-01-04 17:13:08.228725+01:00
[16:13:08] Successful get url: https://www.bing.com/th?id=OHR.VietnamFalls_FR-FR1506770845_UHD.jpg
[16:13:08] Picture infomations saved to  global/fr-FR/README.md
[16:13:08] Picture infomations saved to global/fr-FR/history/2025/01/04_fr-FR.md
[16:13:08] Start geting global Bing Wallpaper, region=de-DE, local time is 2025-01-04 17:13:08.333284+01:00
[16:13:08] Successful get url: https://www.bing.com/th?id=OHR.VietnamFalls_DE-DE6165029954_UHD.jpg
[16:13:08] Picture infomations saved to  global/de-DE/README.md
[16:13:08] Picture infomations saved to global/de-DE/history/2025/01/04_de-DE.md
[16:13:08] Start geting global Bing Wallpaper, region=en-CA, local time is 2025-01-04 11:13:08.432250-05:00
[16:13:08] Successful get url: https://www.bing.com/th?id=OHR.VietnamFalls_EN-CA6990371995_UHD.jpg
[16:13:08] Picture infomations saved to  global/en-CA/README.md
[16:13:08] Picture infomations saved to global/en-CA/history/2025/01/05_en-CA.md
[16:13:08] Start geting global Bing Wallpaper, region=en-GB, local time is 2025-01-04 16:13:08.526043+00:00
[16:13:08] Successful get url: https://www.bing.com/th?id=OHR.VietnamFalls_EN-GB3020680221_UHD.jpg
[16:13:08] Picture infomations saved to  global/en-GB/README.md
[16:13:08] Picture infomations saved to global/en-GB/history/2025/01/05_en-GB.md
[16:13:08] Start geting global Bing Wallpaper, region=it-IT, local time is 2025-01-04 17:13:08.616264+01:00
[16:13:08] Successful get url: https://www.bing.com/th?id=OHR.VietnamFalls_IT-IT3525554686_UHD.jpg
[16:13:08] Picture infomations saved to  global/it-IT/README.md
[16:13:08] Picture infomations saved to global/it-IT/history/2025/01/04_it-IT.md
[16:13:08] Start geting global Bing Wallpaper, region=es-ES, local time is 2025-01-04 17:13:08.722309+01:00
[16:13:08] Successful get url: https://www.bing.com/th?id=OHR.VietnamFalls_ES-ES5222423755_UHD.jpg
[16:13:08] Picture infomations saved to  global/es-ES/README.md
[16:13:08] Picture infomations saved to global/es-ES/history/2025/01/04_es-ES.md
[16:13:08] Start geting global Bing Wallpaper, region=fr-CA, local time is 2025-01-04 11:13:08.813463-05:00
[16:13:08] Successful get url: https://www.bing.com/th?id=OHR.VietnamFalls_FR-CA8861500399_UHD.jpg
[16:13:08] Picture infomations saved to  global/fr-CA/README.md
[16:13:08] Picture infomations saved to global/fr-CA/history/2025/01/05_fr-CA.md
Program exit at 16:13:08
