
Program started at 09:26:50
Operating System Name: Linux
Operating System Version: #20-Ubuntu SMP Tue Oct 22 03:43:13 UTC 2024
System Architecture: ('64bit', 'ELF')
Computer Type: x86_64
Computer Name: fv-az1044-993
Processor Type: x86_64
Python Version: 3.12.8
Python Interpreter Name: CPython
[09:26:50] Start geting CN Bing Wallpaper
[09:26:50] Successful get url: https://www.bing.com/th?id=OHR.CadizSpain_ZH-CN0032172399_UHD.jpg
[09:26:51] Image saved to img/background.jpg
[09:26:51] Info saved to README.md
[09:26:51] Image saved to history/2025/01/14.md
[09:26:51] Start geting global Bing Wallpaper, region=en-US, local time is 2025-01-14 04:26:51.131954-05:00
[09:26:51] Successful get url: https://www.bing.com/th?id=OHR.CadizSpain_EN-US9699586606_UHD.jpg
[09:26:51] Picture infomations saved to  global/en-US/README.md
[09:26:51] Picture infomations saved to global/en-US/history/2025/01/15_en-US.md
[09:26:51] Start geting global Bing Wallpaper, region=ja-JP, local time is 2025-01-14 18:26:51.454918+09:00
[09:26:51] Successful get url: https://www.bing.com/th?id=OHR.MuseumCourt_JA-JP4665250059_UHD.jpg
[09:26:51] Picture infomations saved to  global/ja-JP/README.md
[09:26:51] Picture infomations saved to global/ja-JP/history/2025/01/14_ja-JP.md
[09:26:51] Start geting global Bing Wallpaper, region=en-IN, local time is 2025-01-14 14:56:51.734769+05:30
[09:26:51] Successful get url: https://www.bing.com/th?id=OHR.SkyKites_EN-IN7504370489_UHD.jpg
[09:26:52] Picture infomations saved to  global/en-IN/README.md
[09:26:52] Picture infomations saved to global/en-IN/history/2025/01/14_en-IN.md
[09:26:52] Start geting global Bing Wallpaper, region=pt-BR, local time is 2025-01-14 06:26:52.025126-03:00
[09:26:52] Successful get url: https://www.bing.com/th?id=OHR.CadizSpain_PT-BR3104311078_UHD.jpg
[09:26:52] Picture infomations saved to  global/pt-BR/README.md
[09:26:52] Picture infomations saved to global/pt-BR/history/2025/01/15_pt-BR.md
[09:26:52] Start geting global Bing Wallpaper, region=fr-FR, local time is 2025-01-14 10:26:52.307944+01:00
[09:26:52] Successful get url: https://www.bing.com/th?id=OHR.CadizSpain_FR-FR2616000691_UHD.jpg
[09:26:52] Picture infomations saved to  global/fr-FR/README.md
[09:26:52] Picture infomations saved to global/fr-FR/history/2025/01/14_fr-FR.md
[09:26:52] Start geting global Bing Wallpaper, region=de-DE, local time is 2025-01-14 10:26:52.604750+01:00
[09:26:52] Successful get url: https://www.bing.com/th?id=OHR.CadizSpain_DE-DE6446198457_UHD.jpg
[09:26:52] Picture infomations saved to  global/de-DE/README.md
[09:26:52] Picture infomations saved to global/de-DE/history/2025/01/14_de-DE.md
[09:26:52] Start geting global Bing Wallpaper, region=en-CA, local time is 2025-01-14 04:26:52.896802-05:00
[09:26:52] Successful get url: https://www.bing.com/th?id=OHR.CadizSpain_EN-CA1050667038_UHD.jpg
[09:26:53] Picture infomations saved to  global/en-CA/README.md
[09:26:53] Picture infomations saved to global/en-CA/history/2025/01/15_en-CA.md
[09:26:53] Start geting global Bing Wallpaper, region=en-GB, local time is 2025-01-14 09:26:53.220832+00:00
[09:26:53] Successful get url: https://www.bing.com/th?id=OHR.CadizSpain_EN-GB7941823974_UHD.jpg
[09:26:53] Picture infomations saved to  global/en-GB/README.md
[09:26:53] Picture infomations saved to global/en-GB/history/2025/01/15_en-GB.md
[09:26:53] Start geting global Bing Wallpaper, region=it-IT, local time is 2025-01-14 10:26:53.513747+01:00
[09:26:53] Successful get url: https://www.bing.com/th?id=OHR.NeptunesGrotto_IT-IT6948130051_UHD.jpg
[09:26:53] Picture infomations saved to  global/it-IT/README.md
[09:26:53] Picture infomations saved to global/it-IT/history/2025/01/14_it-IT.md
[09:26:53] Start geting global Bing Wallpaper, region=es-ES, local time is 2025-01-14 10:26:53.843000+01:00
[09:26:53] Successful get url: https://www.bing.com/th?id=OHR.CadizSpain_ES-ES9539607355_UHD.jpg
[09:26:54] Picture infomations saved to  global/es-ES/README.md
[09:26:54] Picture infomations saved to global/es-ES/history/2025/01/14_es-ES.md
[09:26:54] Start geting global Bing Wallpaper, region=fr-CA, local time is 2025-01-14 04:26:54.151038-05:00
[09:26:54] Successful get url: https://www.bing.com/th?id=OHR.CadizSpain_FR-CA2371424829_UHD.jpg
[09:26:54] Picture infomations saved to  global/fr-CA/README.md
[09:26:54] Picture infomations saved to global/fr-CA/history/2025/01/15_fr-CA.md
Program exit at 09:26:54
