
Program started at 09:27:50
Operating System Name: Linux
Operating System Version: #20-Ubuntu SMP Tue Oct 22 03:43:13 UTC 2024
System Architecture: ('64bit', 'ELF')
Computer Type: x86_64
Computer Name: fv-az1118-779
Processor Type: x86_64
Python Version: 3.12.8
Python Interpreter Name: CPython
[09:27:50] Start geting CN Bing Wallpaper
[09:27:50] Successful get url: https://www.bing.com/th?id=OHR.DutchSquirrel_ZH-CN3896893818_UHD.jpg
[09:27:51] Image saved to img/background.jpg
[09:27:51] Info saved to README.md
[09:27:51] Image saved to history/2025/01/20.md
[09:27:51] Start geting global Bing Wallpaper, region=en-US, local time is 2025-01-20 04:27:51.023020-05:00
[09:27:51] Successful get url: https://www.bing.com/th?id=OHR.KingMemorial_EN-US1319830882_UHD.jpg
[09:27:51] Picture infomations saved to  global/en-US/README.md
[09:27:51] Picture infomations saved to global/en-US/history/2025/01/21_en-US.md
[09:27:51] Start geting global Bing Wallpaper, region=ja-JP, local time is 2025-01-20 18:27:51.128782+09:00
[09:27:51] Successful get url: https://www.bing.com/th?id=OHR.Daikan2025_JA-JP9667984098_UHD.jpg
[09:27:51] Picture infomations saved to  global/ja-JP/README.md
[09:27:51] Picture infomations saved to global/ja-JP/history/2025/01/20_ja-JP.md
[09:27:51] Start geting global Bing Wallpaper, region=en-IN, local time is 2025-01-20 14:57:51.222287+05:30
[09:27:51] Successful get url: https://www.bing.com/th?id=OHR.CadizSpain_EN-IN5354642054_UHD.jpg
[09:27:51] Picture infomations saved to  global/en-IN/README.md
[09:27:51] Picture infomations saved to global/en-IN/history/2025/01/20_en-IN.md
[09:27:51] Start geting global Bing Wallpaper, region=pt-BR, local time is 2025-01-20 06:27:51.417211-03:00
[09:27:51] Successful get url: https://www.bing.com/th?id=OHR.NapoliPizza_PT-BR8534903906_UHD.jpg
[09:27:51] Picture infomations saved to  global/pt-BR/README.md
[09:27:51] Picture infomations saved to global/pt-BR/history/2025/01/21_pt-BR.md
[09:27:51] Start geting global Bing Wallpaper, region=fr-FR, local time is 2025-01-20 10:27:51.515208+01:00
[09:27:51] Successful get url: https://www.bing.com/th?id=OHR.BubbleLake_FR-FR0545944347_UHD.jpg
[09:27:51] Picture infomations saved to  global/fr-FR/README.md
[09:27:51] Picture infomations saved to global/fr-FR/history/2025/01/20_fr-FR.md
[09:27:51] Start geting global Bing Wallpaper, region=de-DE, local time is 2025-01-20 10:27:51.613249+01:00
[09:27:51] Successful get url: https://www.bing.com/th?id=OHR.PelicanPortrait_DE-DE4317425167_UHD.jpg
[09:27:51] Picture infomations saved to  global/de-DE/README.md
[09:27:51] Picture infomations saved to global/de-DE/history/2025/01/20_de-DE.md
[09:27:51] Start geting global Bing Wallpaper, region=en-CA, local time is 2025-01-20 04:27:51.707974-05:00
[09:27:51] Successful get url: https://www.bing.com/th?id=OHR.PelicanPortrait_EN-CA2220060113_UHD.jpg
[09:27:51] Picture infomations saved to  global/en-CA/README.md
[09:27:51] Picture infomations saved to global/en-CA/history/2025/01/21_en-CA.md
[09:27:51] Start geting global Bing Wallpaper, region=en-GB, local time is 2025-01-20 09:27:51.820088+00:00
[09:27:51] Successful get url: https://www.bing.com/th?id=OHR.WhiteSandsNP_EN-GB6124824986_UHD.jpg
[09:27:51] Picture infomations saved to  global/en-GB/README.md
[09:27:51] Picture infomations saved to global/en-GB/history/2025/01/21_en-GB.md
[09:27:51] Start geting global Bing Wallpaper, region=it-IT, local time is 2025-01-20 10:27:51.919505+01:00
[09:27:51] Successful get url: https://www.bing.com/th?id=OHR.CadizSpain_IT-IT4747642623_UHD.jpg
[09:27:52] Picture infomations saved to  global/it-IT/README.md
[09:27:52] Picture infomations saved to global/it-IT/history/2025/01/20_it-IT.md
[09:27:52] Start geting global Bing Wallpaper, region=es-ES, local time is 2025-01-20 10:27:52.012669+01:00
[09:27:52] Successful get url: https://www.bing.com/th?id=OHR.LasCarantonas_ES-ES8729775352_UHD.jpg
[09:27:52] Picture infomations saved to  global/es-ES/README.md
[09:27:52] Picture infomations saved to global/es-ES/history/2025/01/20_es-ES.md
[09:27:52] Start geting global Bing Wallpaper, region=fr-CA, local time is 2025-01-20 04:27:52.107032-05:00
[09:27:52] Successful get url: https://www.bing.com/th?id=OHR.MuseumCourt_FR-CA4038187736_UHD.jpg
[09:27:52] Picture infomations saved to  global/fr-CA/README.md
[09:27:52] Picture infomations saved to global/fr-CA/history/2025/01/21_fr-CA.md
Program exit at 09:27:52
