
Program started at 11:40:14
Operating System Name: Linux
Operating System Version: #18~24.04.1-Ubuntu SMP Thu May 28 16:39:11 UTC 2026
System Architecture: ('64bit', 'ELF')
Computer Type: x86_64
Computer Name: runnervmkkn4f
Processor Type: x86_64
Python Version: 3.12.13
Python Interpreter Name: CPython
[11:40:14] Start geting CN Bing Wallpaper
[11:40:14] Successful get url: https://www.bing.com/th?id=OHR.FirefliesJapan_ZH-CN0071253415_UHD.jpg
[11:40:14] Image saved to img/background.jpg
[11:40:14] Info saved to README.md
[11:40:14] Image saved to history/2026/07/03.md
[11:40:14] Start geting global Bing Wallpaper, region=en-US, local time is 2026-07-03 07:40:14.973689-04:00
[11:40:15] Successful get url: https://www.bing.com/th?id=OHR.FirefliesJapan_EN-US2315956275_UHD.jpg
[11:40:15] Picture infomations saved to  global/en-US/README.md
[11:40:15] Picture infomations saved to global/en-US/history/2026/07/04_en-US.md
[11:40:15] Start geting global Bing Wallpaper, region=ja-JP, local time is 2026-07-03 20:40:15.191280+09:00
[11:40:15] Successful get url: https://www.bing.com/th?id=OHR.BoneyardBeach_JA-JP3339035555_UHD.jpg
[11:40:15] Picture infomations saved to  global/ja-JP/README.md
[11:40:15] Picture infomations saved to global/ja-JP/history/2026/07/03_ja-JP.md
[11:40:15] Start geting global Bing Wallpaper, region=en-IN, local time is 2026-07-03 17:10:15.338174+05:30
[11:40:15] Successful get url: https://www.bing.com/th?id=OHR.FirefliesJapan_EN-IN4315418814_UHD.jpg
[11:40:15] Picture infomations saved to  global/en-IN/README.md
[11:40:15] Picture infomations saved to global/en-IN/history/2026/07/03_en-IN.md
[11:40:15] Start geting global Bing Wallpaper, region=pt-BR, local time is 2026-07-03 08:40:15.474257-03:00
[11:40:15] Successful get url: https://www.bing.com/th?id=OHR.FirefliesJapan_PT-BR7106842411_UHD.jpg
[11:40:15] Picture infomations saved to  global/pt-BR/README.md
[11:40:15] Picture infomations saved to global/pt-BR/history/2026/07/04_pt-BR.md
[11:40:15] Start geting global Bing Wallpaper, region=fr-FR, local time is 2026-07-03 13:40:15.770182+02:00
[11:40:15] Successful get url: https://www.bing.com/th?id=OHR.FirefliesJapan_FR-FR8593158782_UHD.jpg
[11:40:16] Picture infomations saved to  global/fr-FR/README.md
[11:40:16] Picture infomations saved to global/fr-FR/history/2026/07/03_fr-FR.md
[11:40:16] Start geting global Bing Wallpaper, region=de-DE, local time is 2026-07-03 13:40:16.041276+02:00
[11:40:16] Successful get url: https://www.bing.com/th?id=OHR.FirefliesJapan_DE-DE4398668270_UHD.jpg
[11:40:16] Picture infomations saved to  global/de-DE/README.md
[11:40:16] Picture infomations saved to global/de-DE/history/2026/07/03_de-DE.md
[11:40:16] Start geting global Bing Wallpaper, region=en-CA, local time is 2026-07-03 07:40:16.165877-04:00
[11:40:16] Successful get url: https://www.bing.com/th?id=OHR.FirefliesJapan_EN-CA2012875414_UHD.jpg
[11:40:16] Picture infomations saved to  global/en-CA/README.md
[11:40:16] Picture infomations saved to global/en-CA/history/2026/07/04_en-CA.md
[11:40:16] Start geting global Bing Wallpaper, region=en-GB, local time is 2026-07-03 12:40:16.302873+01:00
[11:40:16] Successful get url: https://www.bing.com/th?id=OHR.FirefliesJapan_EN-GB8401520779_UHD.jpg
[11:40:16] Picture infomations saved to  global/en-GB/README.md
[11:40:16] Picture infomations saved to global/en-GB/history/2026/07/03_en-GB.md
[11:40:16] Start geting global Bing Wallpaper, region=it-IT, local time is 2026-07-03 13:40:16.452211+02:00
[11:40:16] Successful get url: https://www.bing.com/th?id=OHR.FirefliesJapan_IT-IT1298859269_UHD.jpg
[11:40:16] Picture infomations saved to  global/it-IT/README.md
[11:40:16] Picture infomations saved to global/it-IT/history/2026/07/03_it-IT.md
[11:40:16] Start geting global Bing Wallpaper, region=es-ES, local time is 2026-07-03 13:40:16.577675+02:00
[11:40:16] Successful get url: https://www.bing.com/th?id=OHR.FirefliesJapan_ES-ES5556389569_UHD.jpg
[11:40:16] Picture infomations saved to  global/es-ES/README.md
[11:40:16] Picture infomations saved to global/es-ES/history/2026/07/03_es-ES.md
[11:40:16] Start geting global Bing Wallpaper, region=fr-CA, local time is 2026-07-03 07:40:16.715790-04:00
[11:40:16] Successful get url: https://www.bing.com/th?id=OHR.FirefliesJapan_FR-CA0747909662_UHD.jpg
[11:40:17] Picture infomations saved to  global/fr-CA/README.md
[11:40:17] Picture infomations saved to global/fr-CA/history/2026/07/04_fr-CA.md
Program exit at 11:40:17

Program started at 17:16:56
Operating System Name: Linux
Operating System Version: #18~24.04.1-Ubuntu SMP Thu May 28 16:39:11 UTC 2026
System Architecture: ('64bit', 'ELF')
Computer Type: x86_64
Computer Name: runnervmkkn4f
Processor Type: x86_64
Python Version: 3.12.13
Python Interpreter Name: CPython
[17:16:56] Start geting CN Bing Wallpaper
[17:16:56] Successful get url: https://www.bing.com/th?id=OHR.KaysersbergVillage_ZH-CN0445080679_UHD.jpg
[17:16:57] Image saved to img/background.jpg
[17:16:57] Info saved to README.md
[17:16:57] Image saved to history/2026/07/04.md
[17:16:57] Start geting global Bing Wallpaper, region=en-US, local time is 2026-07-03 13:16:57.009204-04:00
[17:16:57] Successful get url: https://www.bing.com/th?id=OHR.FirefliesJapan_EN-US2315956275_UHD.jpg
[17:16:57] Picture infomations saved to  global/en-US/README.md
[17:16:57] Picture infomations saved to global/en-US/history/2026/07/04_en-US.md
[17:16:57] Start geting global Bing Wallpaper, region=ja-JP, local time is 2026-07-04 02:16:57.164100+09:00
[17:16:57] Successful get url: https://www.bing.com/th?id=OHR.MountainToucanOrchids_JA-JP8375436996_UHD.jpg
[17:16:57] Picture infomations saved to  global/ja-JP/README.md
[17:16:57] Picture infomations saved to global/ja-JP/history/2026/07/04_ja-JP.md
[17:16:57] Start geting global Bing Wallpaper, region=en-IN, local time is 2026-07-03 22:46:57.297377+05:30
[17:16:57] Successful get url: https://www.bing.com/th?id=OHR.FirefliesJapan_EN-IN4315418814_UHD.jpg
[17:16:57] Picture infomations saved to  global/en-IN/README.md
[17:16:57] Picture infomations saved to global/en-IN/history/2026/07/03_en-IN.md
[17:16:57] Start geting global Bing Wallpaper, region=pt-BR, local time is 2026-07-03 14:16:57.435277-03:00
[17:16:57] Successful get url: https://www.bing.com/th?id=OHR.FirefliesJapan_PT-BR7106842411_UHD.jpg
[17:16:57] Picture infomations saved to  global/pt-BR/README.md
[17:16:57] Picture infomations saved to global/pt-BR/history/2026/07/04_pt-BR.md
[17:16:57] Start geting global Bing Wallpaper, region=fr-FR, local time is 2026-07-03 19:16:57.605659+02:00
[17:16:57] Successful get url: https://www.bing.com/th?id=OHR.FirefliesJapan_FR-FR8593158782_UHD.jpg
[17:16:57] Picture infomations saved to  global/fr-FR/README.md
[17:16:57] Picture infomations saved to global/fr-FR/history/2026/07/03_fr-FR.md
[17:16:57] Start geting global Bing Wallpaper, region=de-DE, local time is 2026-07-03 19:16:57.810970+02:00
[17:16:57] Successful get url: https://www.bing.com/th?id=OHR.FirefliesJapan_DE-DE4398668270_UHD.jpg
[17:16:57] Picture infomations saved to  global/de-DE/README.md
[17:16:57] Picture infomations saved to global/de-DE/history/2026/07/03_de-DE.md
[17:16:57] Start geting global Bing Wallpaper, region=en-CA, local time is 2026-07-03 13:16:57.946484-04:00
[17:16:57] Successful get url: https://www.bing.com/th?id=OHR.FirefliesJapan_EN-CA2012875414_UHD.jpg
[17:16:58] Picture infomations saved to  global/en-CA/README.md
[17:16:58] Picture infomations saved to global/en-CA/history/2026/07/04_en-CA.md
[17:16:58] Start geting global Bing Wallpaper, region=en-GB, local time is 2026-07-03 18:16:58.079326+01:00
[17:16:58] Successful get url: https://www.bing.com/th?id=OHR.FirefliesJapan_EN-GB8401520779_UHD.jpg
[17:16:58] Picture infomations saved to  global/en-GB/README.md
[17:16:58] Picture infomations saved to global/en-GB/history/2026/07/03_en-GB.md
[17:16:58] Start geting global Bing Wallpaper, region=it-IT, local time is 2026-07-03 19:16:58.227715+02:00
[17:16:58] Successful get url: https://www.bing.com/th?id=OHR.FirefliesJapan_IT-IT1298859269_UHD.jpg
[17:16:58] Picture infomations saved to  global/it-IT/README.md
[17:16:58] Picture infomations saved to global/it-IT/history/2026/07/03_it-IT.md
[17:16:58] Start geting global Bing Wallpaper, region=es-ES, local time is 2026-07-03 19:16:58.353272+02:00
[17:16:58] Successful get url: https://www.bing.com/th?id=OHR.FirefliesJapan_ES-ES5556389569_UHD.jpg
[17:16:58] Picture infomations saved to  global/es-ES/README.md
[17:16:58] Picture infomations saved to global/es-ES/history/2026/07/03_es-ES.md
[17:16:58] Start geting global Bing Wallpaper, region=fr-CA, local time is 2026-07-03 13:16:58.496395-04:00
[17:16:58] Successful get url: https://www.bing.com/th?id=OHR.FirefliesJapan_FR-CA0747909662_UHD.jpg
[17:16:58] Picture infomations saved to  global/fr-CA/README.md
[17:16:58] Picture infomations saved to global/fr-CA/history/2026/07/04_fr-CA.md
Program exit at 17:16:58
