
Program started at 10:42:37
Operating System Name: Linux
Operating System Version: #18~24.04.1-Ubuntu SMP Thu May 28 16:39:11 UTC 2026
System Architecture: ('64bit', 'ELF')
Computer Type: x86_64
Computer Name: runnervm5mmn9
Processor Type: x86_64
Python Version: 3.12.13
Python Interpreter Name: CPython
[10:42:37] Start geting CN Bing Wallpaper
[10:42:37] Successful get url: https://www.bing.com/th?id=OHR.KatahdinWWNM_ZH-CN5496444375_UHD.jpg
[10:42:37] Image saved to img/background.jpg
[10:42:37] Info saved to README.md
[10:42:37] Image saved to history/2026/07/12.md
[10:42:37] Start geting global Bing Wallpaper, region=en-US, local time is 2026-07-12 06:42:37.679825-04:00
[10:42:37] Successful get url: https://www.bing.com/th?id=OHR.KatahdinWWNM_EN-US8982810797_UHD.jpg
[10:42:37] Picture infomations saved to  global/en-US/README.md
[10:42:37] Picture infomations saved to global/en-US/history/2026/07/13_en-US.md
[10:42:37] Start geting global Bing Wallpaper, region=ja-JP, local time is 2026-07-12 19:42:37.884505+09:00
[10:42:37] Successful get url: https://www.bing.com/th?id=OHR.KatahdinWWNM_JA-JP6177719073_UHD.jpg
[10:42:38] Picture infomations saved to  global/ja-JP/README.md
[10:42:38] Picture infomations saved to global/ja-JP/history/2026/07/12_ja-JP.md
[10:42:38] Start geting global Bing Wallpaper, region=en-IN, local time is 2026-07-12 16:12:38.018512+05:30
[10:42:38] Successful get url: https://www.bing.com/th?id=OHR.KatahdinWWNM_EN-IN8091413320_UHD.jpg
[10:42:38] Picture infomations saved to  global/en-IN/README.md
[10:42:38] Picture infomations saved to global/en-IN/history/2026/07/12_en-IN.md
[10:42:38] Start geting global Bing Wallpaper, region=pt-BR, local time is 2026-07-12 07:42:38.163473-03:00
[10:42:38] Successful get url: https://www.bing.com/th?id=OHR.KatahdinWWNM_PT-BR2485169040_UHD.jpg
[10:42:38] Picture infomations saved to  global/pt-BR/README.md
[10:42:38] Picture infomations saved to global/pt-BR/history/2026/07/13_pt-BR.md
[10:42:38] Start geting global Bing Wallpaper, region=fr-FR, local time is 2026-07-12 12:42:38.299225+02:00
[10:42:38] Successful get url: https://www.bing.com/th?id=OHR.KatahdinWWNM_FR-FR2337328139_UHD.jpg
[10:42:38] Picture infomations saved to  global/fr-FR/README.md
[10:42:38] Picture infomations saved to global/fr-FR/history/2026/07/12_fr-FR.md
[10:42:38] Start geting global Bing Wallpaper, region=de-DE, local time is 2026-07-12 12:42:38.445374+02:00
[10:42:38] Successful get url: https://www.bing.com/th?id=OHR.KatahdinWWNM_DE-DE4221964213_UHD.jpg
[10:42:38] Picture infomations saved to  global/de-DE/README.md
[10:42:38] Picture infomations saved to global/de-DE/history/2026/07/12_de-DE.md
[10:42:38] Start geting global Bing Wallpaper, region=en-CA, local time is 2026-07-12 06:42:38.572552-04:00
[10:42:38] Successful get url: https://www.bing.com/th?id=OHR.KatahdinWWNM_EN-CA7288146923_UHD.jpg
[10:42:38] Picture infomations saved to  global/en-CA/README.md
[10:42:38] Picture infomations saved to global/en-CA/history/2026/07/13_en-CA.md
[10:42:38] Start geting global Bing Wallpaper, region=en-GB, local time is 2026-07-12 11:42:38.718938+01:00
[10:42:38] Successful get url: https://www.bing.com/th?id=OHR.KatahdinWWNM_EN-GB4389807993_UHD.jpg
[10:42:39] Picture infomations saved to  global/en-GB/README.md
[10:42:39] Picture infomations saved to global/en-GB/history/2026/07/12_en-GB.md
[10:42:39] Start geting global Bing Wallpaper, region=it-IT, local time is 2026-07-12 12:42:39.131056+02:00
[10:42:39] Successful get url: https://www.bing.com/th?id=OHR.KatahdinWWNM_IT-IT7750657395_UHD.jpg
[10:42:39] Picture infomations saved to  global/it-IT/README.md
[10:42:39] Picture infomations saved to global/it-IT/history/2026/07/12_it-IT.md
[10:42:39] Start geting global Bing Wallpaper, region=es-ES, local time is 2026-07-12 12:42:39.332261+02:00
[10:42:39] Successful get url: https://www.bing.com/th?id=OHR.KatahdinWWNM_ES-ES0827560100_UHD.jpg
[10:42:39] Picture infomations saved to  global/es-ES/README.md
[10:42:39] Picture infomations saved to global/es-ES/history/2026/07/12_es-ES.md
[10:42:39] Start geting global Bing Wallpaper, region=fr-CA, local time is 2026-07-12 06:42:39.488459-04:00
[10:42:39] Successful get url: https://www.bing.com/th?id=OHR.VictoriaBeach_FR-CA4399261354_UHD.jpg
[10:42:39] Picture infomations saved to  global/fr-CA/README.md
[10:42:39] Picture infomations saved to global/fr-CA/history/2026/07/13_fr-CA.md
Program exit at 10:42:39
