
Program started at 10:41:40
Operating System Name: Linux
Operating System Version: #20~24.04.1-Ubuntu SMP Fri Jun 19 20:09:14 UTC 2026
System Architecture: ('64bit', 'ELF')
Computer Type: x86_64
Computer Name: runnervm3jd5f
Processor Type: x86_64
Python Version: 3.12.13
Python Interpreter Name: CPython
[10:41:40] Start geting CN Bing Wallpaper
[10:41:40] Successful get url: https://www.bing.com/th?id=OHR.HirundoRustica_ZH-CN2798518247_UHD.jpg
[10:41:40] Image saved to img/background.jpg
[10:41:40] Info saved to README.md
[10:41:40] Image saved to history/2026/07/19.md
[10:41:40] Start geting global Bing Wallpaper, region=en-US, local time is 2026-07-19 06:41:40.731216-04:00
[10:41:40] Successful get url: https://www.bing.com/th?id=OHR.HirundoRustica_EN-US3193611104_UHD.jpg
[10:41:40] Picture infomations saved to  global/en-US/README.md
[10:41:40] Picture infomations saved to global/en-US/history/2026/07/20_en-US.md
[10:41:40] Start geting global Bing Wallpaper, region=ja-JP, local time is 2026-07-19 19:41:40.871299+09:00
[10:41:40] Successful get url: https://www.bing.com/th?id=OHR.HirundoRustica_JA-JP1327555795_UHD.jpg
[10:41:40] Picture infomations saved to  global/ja-JP/README.md
[10:41:40] Picture infomations saved to global/ja-JP/history/2026/07/19_ja-JP.md
[10:41:40] Start geting global Bing Wallpaper, region=en-IN, local time is 2026-07-19 16:11:41.002152+05:30
[10:41:41] Successful get url: https://www.bing.com/th?id=OHR.HirundoRustica_EN-IN8751353148_UHD.jpg
[10:41:41] Picture infomations saved to  global/en-IN/README.md
[10:41:41] Picture infomations saved to global/en-IN/history/2026/07/19_en-IN.md
[10:41:41] Start geting global Bing Wallpaper, region=pt-BR, local time is 2026-07-19 07:41:41.145464-03:00
[10:41:41] Successful get url: https://www.bing.com/th?id=OHR.SoccerDay_PT-BR5859476382_UHD.jpg
[10:41:41] Picture infomations saved to  global/pt-BR/README.md
[10:41:41] Picture infomations saved to global/pt-BR/history/2026/07/20_pt-BR.md
[10:41:41] Start geting global Bing Wallpaper, region=fr-FR, local time is 2026-07-19 12:41:41.376962+02:00
[10:41:41] Successful get url: https://www.bing.com/th?id=OHR.HirundoRustica_FR-FR5403619513_UHD.jpg
[10:41:41] Picture infomations saved to  global/fr-FR/README.md
[10:41:41] Picture infomations saved to global/fr-FR/history/2026/07/19_fr-FR.md
[10:41:41] Start geting global Bing Wallpaper, region=de-DE, local time is 2026-07-19 12:41:41.496037+02:00
[10:41:41] Successful get url: https://www.bing.com/th?id=OHR.HirundoRustica_DE-DE7127271974_UHD.jpg
[10:41:41] Picture infomations saved to  global/de-DE/README.md
[10:41:41] Picture infomations saved to global/de-DE/history/2026/07/19_de-DE.md
[10:41:41] Start geting global Bing Wallpaper, region=en-CA, local time is 2026-07-19 06:41:41.624036-04:00
[10:41:41] Successful get url: https://www.bing.com/th?id=OHR.HirundoRustica_EN-CA9613012856_UHD.jpg
[10:41:41] Picture infomations saved to  global/en-CA/README.md
[10:41:41] Picture infomations saved to global/en-CA/history/2026/07/20_en-CA.md
[10:41:41] Start geting global Bing Wallpaper, region=en-GB, local time is 2026-07-19 11:41:41.760447+01:00
[10:41:41] Successful get url: https://www.bing.com/th?id=OHR.HirundoRustica_EN-GB4164429315_UHD.jpg
[10:41:41] Picture infomations saved to  global/en-GB/README.md
[10:41:41] Picture infomations saved to global/en-GB/history/2026/07/19_en-GB.md
[10:41:41] Start geting global Bing Wallpaper, region=it-IT, local time is 2026-07-19 12:41:41.927227+02:00
[10:41:41] Successful get url: https://www.bing.com/th?id=OHR.HirundoRustica_IT-IT8852691530_UHD.jpg
[10:41:42] Picture infomations saved to  global/it-IT/README.md
[10:41:42] Picture infomations saved to global/it-IT/history/2026/07/19_it-IT.md
[10:41:42] Start geting global Bing Wallpaper, region=es-ES, local time is 2026-07-19 12:41:42.102623+02:00
[10:41:42] Successful get url: https://www.bing.com/th?id=OHR.HirundoRustica_ES-ES1865458756_UHD.jpg
[10:41:42] Picture infomations saved to  global/es-ES/README.md
[10:41:42] Picture infomations saved to global/es-ES/history/2026/07/19_es-ES.md
[10:41:42] Start geting global Bing Wallpaper, region=fr-CA, local time is 2026-07-19 06:41:42.221435-04:00
[10:41:42] Successful get url: https://www.bing.com/th?id=OHR.HirundoRustica_FR-CA6948278300_UHD.jpg
[10:41:42] Picture infomations saved to  global/fr-CA/README.md
[10:41:42] Picture infomations saved to global/fr-CA/history/2026/07/20_fr-CA.md
Program exit at 10:41:42

Program started at 16:50:01
Operating System Name: Linux
Operating System Version: #20~24.04.1-Ubuntu SMP Fri Jun 19 20:09:14 UTC 2026
System Architecture: ('64bit', 'ELF')
Computer Type: x86_64
Computer Name: runnervm3jd5f
Processor Type: x86_64
Python Version: 3.12.13
Python Interpreter Name: CPython
[16:50:01] Start geting CN Bing Wallpaper
[16:50:02] Successful get url: https://www.bing.com/th?id=OHR.Artemis_ZH-CN3540365575_UHD.jpg
[16:50:02] Image saved to img/background.jpg
[16:50:02] Info saved to README.md
[16:50:02] Image saved to history/2026/07/20.md
[16:50:02] Start geting global Bing Wallpaper, region=en-US, local time is 2026-07-19 12:50:02.100942-04:00
[16:50:02] Successful get url: https://www.bing.com/th?id=OHR.HirundoRustica_EN-US3193611104_UHD.jpg
[16:50:02] Picture infomations saved to  global/en-US/README.md
[16:50:02] Picture infomations saved to global/en-US/history/2026/07/20_en-US.md
[16:50:02] Start geting global Bing Wallpaper, region=ja-JP, local time is 2026-07-20 01:50:02.231706+09:00
[16:50:02] Successful get url: https://www.bing.com/th?id=OHR.Artemis_JA-JP1736021856_UHD.jpg
[16:50:02] Picture infomations saved to  global/ja-JP/README.md
[16:50:02] Picture infomations saved to global/ja-JP/history/2026/07/20_ja-JP.md
[16:50:02] Start geting global Bing Wallpaper, region=en-IN, local time is 2026-07-19 22:20:02.363548+05:30
[16:50:02] Successful get url: https://www.bing.com/th?id=OHR.HirundoRustica_EN-IN8751353148_UHD.jpg
[16:50:02] Picture infomations saved to  global/en-IN/README.md
[16:50:02] Picture infomations saved to global/en-IN/history/2026/07/19_en-IN.md
[16:50:02] Start geting global Bing Wallpaper, region=pt-BR, local time is 2026-07-19 13:50:02.501511-03:00
[16:50:02] Successful get url: https://www.bing.com/th?id=OHR.SoccerDay_PT-BR5859476382_UHD.jpg
[16:50:02] Picture infomations saved to  global/pt-BR/README.md
[16:50:02] Picture infomations saved to global/pt-BR/history/2026/07/20_pt-BR.md
[16:50:02] Start geting global Bing Wallpaper, region=fr-FR, local time is 2026-07-19 18:50:02.619473+02:00
[16:50:02] Successful get url: https://www.bing.com/th?id=OHR.HirundoRustica_FR-FR5403619513_UHD.jpg
[16:50:02] Picture infomations saved to  global/fr-FR/README.md
[16:50:02] Picture infomations saved to global/fr-FR/history/2026/07/19_fr-FR.md
[16:50:02] Start geting global Bing Wallpaper, region=de-DE, local time is 2026-07-19 18:50:02.745270+02:00
[16:50:02] Successful get url: https://www.bing.com/th?id=OHR.HirundoRustica_DE-DE7127271974_UHD.jpg
[16:50:02] Picture infomations saved to  global/de-DE/README.md
[16:50:02] Picture infomations saved to global/de-DE/history/2026/07/19_de-DE.md
[16:50:02] Start geting global Bing Wallpaper, region=en-CA, local time is 2026-07-19 12:50:02.869125-04:00
[16:50:02] Successful get url: https://www.bing.com/th?id=OHR.HirundoRustica_EN-CA9613012856_UHD.jpg
[16:50:03] Picture infomations saved to  global/en-CA/README.md
[16:50:03] Picture infomations saved to global/en-CA/history/2026/07/20_en-CA.md
[16:50:03] Start geting global Bing Wallpaper, region=en-GB, local time is 2026-07-19 17:50:03.017989+01:00
[16:50:03] Successful get url: https://www.bing.com/th?id=OHR.HirundoRustica_EN-GB4164429315_UHD.jpg
[16:50:03] Picture infomations saved to  global/en-GB/README.md
[16:50:03] Picture infomations saved to global/en-GB/history/2026/07/19_en-GB.md
[16:50:03] Start geting global Bing Wallpaper, region=it-IT, local time is 2026-07-19 18:50:03.193186+02:00
[16:50:03] Successful get url: https://www.bing.com/th?id=OHR.HirundoRustica_IT-IT8852691530_UHD.jpg
[16:50:03] Picture infomations saved to  global/it-IT/README.md
[16:50:03] Picture infomations saved to global/it-IT/history/2026/07/19_it-IT.md
[16:50:03] Start geting global Bing Wallpaper, region=es-ES, local time is 2026-07-19 18:50:03.305313+02:00
[16:50:03] Successful get url: https://www.bing.com/th?id=OHR.HirundoRustica_ES-ES1865458756_UHD.jpg
[16:50:03] Picture infomations saved to  global/es-ES/README.md
[16:50:03] Picture infomations saved to global/es-ES/history/2026/07/19_es-ES.md
[16:50:03] Start geting global Bing Wallpaper, region=fr-CA, local time is 2026-07-19 12:50:03.418222-04:00
[16:50:03] Successful get url: https://www.bing.com/th?id=OHR.HirundoRustica_FR-CA6948278300_UHD.jpg
[16:50:03] Picture infomations saved to  global/fr-CA/README.md
[16:50:03] Picture infomations saved to global/fr-CA/history/2026/07/20_fr-CA.md
Program exit at 16:50:03
