
Program started at 11:12:33
Operating System Name: Linux
Operating System Version: #18~24.04.1-Ubuntu SMP Thu May 28 16:39:11 UTC 2026
System Architecture: ('64bit', 'ELF')
Computer Type: x86_64
Computer Name: runnervmkkn4f
Processor Type: x86_64
Python Version: 3.12.13
Python Interpreter Name: CPython
[11:12:33] Start geting CN Bing Wallpaper
[11:12:33] Successful get url: https://www.bing.com/th?id=OHR.LavenderRows_ZH-CN0676810895_UHD.jpg
[11:12:33] Image saved to img/background.jpg
[11:12:33] Info saved to README.md
[11:12:33] Image saved to history/2026/07/05.md
[11:12:33] Start geting global Bing Wallpaper, region=en-US, local time is 2026-07-05 07:12:33.940339-04:00
[11:12:34] Successful get url: https://www.bing.com/th?id=OHR.LavenderRows_EN-US2831933520_UHD.jpg
[11:12:34] Picture infomations saved to  global/en-US/README.md
[11:12:34] Picture infomations saved to global/en-US/history/2026/07/06_en-US.md
[11:12:34] Start geting global Bing Wallpaper, region=ja-JP, local time is 2026-07-05 20:12:34.322567+09:00
[11:12:34] Successful get url: https://www.bing.com/th?id=OHR.LavenderRows_JA-JP9275300496_UHD.jpg
[11:12:34] Picture infomations saved to  global/ja-JP/README.md
[11:12:34] Picture infomations saved to global/ja-JP/history/2026/07/05_ja-JP.md
[11:12:34] Start geting global Bing Wallpaper, region=en-IN, local time is 2026-07-05 16:42:34.709250+05:30
[11:12:34] Successful get url: https://www.bing.com/th?id=OHR.LavenderRows_EN-IN4483122586_UHD.jpg
[11:12:35] Picture infomations saved to  global/en-IN/README.md
[11:12:35] Picture infomations saved to global/en-IN/history/2026/07/05_en-IN.md
[11:12:35] Start geting global Bing Wallpaper, region=pt-BR, local time is 2026-07-05 08:12:35.095714-03:00
[11:12:35] Successful get url: https://www.bing.com/th?id=OHR.LavenderRows_PT-BR5358719596_UHD.jpg
[11:12:35] Picture infomations saved to  global/pt-BR/README.md
[11:12:35] Picture infomations saved to global/pt-BR/history/2026/07/06_pt-BR.md
[11:12:35] Start geting global Bing Wallpaper, region=fr-FR, local time is 2026-07-05 13:12:35.493323+02:00
[11:12:35] Successful get url: https://www.bing.com/th?id=OHR.LavenderRows_FR-FR9535531184_UHD.jpg
[11:12:35] Picture infomations saved to  global/fr-FR/README.md
[11:12:35] Picture infomations saved to global/fr-FR/history/2026/07/05_fr-FR.md
[11:12:35] Start geting global Bing Wallpaper, region=de-DE, local time is 2026-07-05 13:12:35.846124+02:00
[11:12:35] Successful get url: https://www.bing.com/th?id=OHR.LavenderRows_DE-DE5950929230_UHD.jpg
[11:12:36] Picture infomations saved to  global/de-DE/README.md
[11:12:36] Picture infomations saved to global/de-DE/history/2026/07/05_de-DE.md
[11:12:36] Start geting global Bing Wallpaper, region=en-CA, local time is 2026-07-05 07:12:36.235469-04:00
[11:12:36] Successful get url: https://www.bing.com/th?id=OHR.LavenderRows_EN-CA8245005019_UHD.jpg
[11:12:36] Picture infomations saved to  global/en-CA/README.md
[11:12:36] Picture infomations saved to global/en-CA/history/2026/07/06_en-CA.md
[11:12:36] Start geting global Bing Wallpaper, region=en-GB, local time is 2026-07-05 12:12:36.610973+01:00
[11:12:36] Successful get url: https://www.bing.com/th?id=OHR.LavenderRows_EN-GB8618053489_UHD.jpg
[11:12:37] Picture infomations saved to  global/en-GB/README.md
[11:12:37] Picture infomations saved to global/en-GB/history/2026/07/05_en-GB.md
[11:12:37] Start geting global Bing Wallpaper, region=it-IT, local time is 2026-07-05 13:12:37.090312+02:00
[11:12:37] Successful get url: https://www.bing.com/th?id=OHR.LavenderRows_IT-IT7009632566_UHD.jpg
[11:12:37] Picture infomations saved to  global/it-IT/README.md
[11:12:37] Picture infomations saved to global/it-IT/history/2026/07/05_it-IT.md
[11:12:37] Start geting global Bing Wallpaper, region=es-ES, local time is 2026-07-05 13:12:37.457989+02:00
[11:12:37] Successful get url: https://www.bing.com/th?id=OHR.LavenderRows_ES-ES6518419327_UHD.jpg
[11:12:37] Picture infomations saved to  global/es-ES/README.md
[11:12:37] Picture infomations saved to global/es-ES/history/2026/07/05_es-ES.md
[11:12:37] Start geting global Bing Wallpaper, region=fr-CA, local time is 2026-07-05 07:12:37.823331-04:00
[11:12:37] Successful get url: https://www.bing.com/th?id=OHR.LavenderRows_FR-CA1074632710_UHD.jpg
[11:12:38] Picture infomations saved to  global/fr-CA/README.md
[11:12:38] Picture infomations saved to global/fr-CA/history/2026/07/06_fr-CA.md
Program exit at 11:12:38
