
Program started at 09:28:07
Operating System Name: Linux
Operating System Version: #26~22.04.1-Ubuntu SMP Thu Jul 11 22:33:04 UTC 2024
System Architecture: ('64bit', 'ELF')
Computer Type: x86_64
Computer Name: fv-az849-670
Processor Type: x86_64
Python Version: 3.12.7
Python Interpreter Name: CPython
[09:28:07] Start geting CN Bing Wallpaper
[09:28:11] Successful get url: https://www.bing.com/th?id=OHR.ManarolaItaly_ZH-CN2837915120_UHD.jpg
[09:28:11] Image saved to img/background.jpg
[09:28:11] Info saved to README.md
[09:28:11] Image saved to history/2024/11/14.md
[09:28:11] Start geting global Bing Wallpaper, region=en-US, local time is 2024-11-14 04:28:11.593944-05:00
[09:28:11] Successful get url: https://www.bing.com/th?id=OHR.ManarolaItaly_EN-US4826543395_UHD.jpg
[09:28:11] Picture infomations saved to  global/en-US/README.md
[09:28:11] Picture infomations saved to global/en-US/history/2024/11/15_en-US.md
[09:28:11] Start geting global Bing Wallpaper, region=ja-JP, local time is 2024-11-14 18:28:11.700696+09:00
[09:28:11] Successful get url: https://www.bing.com/th?id=OHR.ManarolaItaly_JA-JP2558854780_UHD.jpg
[09:28:11] Picture infomations saved to  global/ja-JP/README.md
[09:28:11] Picture infomations saved to global/ja-JP/history/2024/11/14_ja-JP.md
[09:28:11] Start geting global Bing Wallpaper, region=en-IN, local time is 2024-11-14 14:58:11.811078+05:30
[09:28:11] Successful get url: https://www.bing.com/th?id=OHR.ManarolaItaly_EN-IN1899501021_UHD.jpg
[09:28:11] Picture infomations saved to  global/en-IN/README.md
[09:28:11] Picture infomations saved to global/en-IN/history/2024/11/14_en-IN.md
[09:28:11] Start geting global Bing Wallpaper, region=pt-BR, local time is 2024-11-14 06:28:11.918859-03:00
[09:28:11] Successful get url: https://www.bing.com/th?id=OHR.ManarolaItaly_PT-BR4966210433_UHD.jpg
[09:28:12] Picture infomations saved to  global/pt-BR/README.md
[09:28:12] Picture infomations saved to global/pt-BR/history/2024/11/15_pt-BR.md
[09:28:12] Start geting global Bing Wallpaper, region=fr-FR, local time is 2024-11-14 10:28:12.043072+01:00
[09:28:12] Successful get url: https://www.bing.com/th?id=OHR.ManarolaItaly_FR-FR8734568638_UHD.jpg
[09:28:12] Picture infomations saved to  global/fr-FR/README.md
[09:28:12] Picture infomations saved to global/fr-FR/history/2024/11/14_fr-FR.md
[09:28:12] Start geting global Bing Wallpaper, region=de-DE, local time is 2024-11-14 10:28:12.161315+01:00
[09:28:12] Successful get url: https://www.bing.com/th?id=OHR.ManarolaItaly_DE-DE4688511663_UHD.jpg
[09:28:12] Picture infomations saved to  global/de-DE/README.md
[09:28:12] Picture infomations saved to global/de-DE/history/2024/11/14_de-DE.md
[09:28:12] Start geting global Bing Wallpaper, region=en-CA, local time is 2024-11-14 04:28:12.267344-05:00
[09:28:12] Successful get url: https://www.bing.com/th?id=OHR.ManarolaItaly_EN-CA5208658549_UHD.jpg
[09:28:12] Picture infomations saved to  global/en-CA/README.md
[09:28:12] Picture infomations saved to global/en-CA/history/2024/11/15_en-CA.md
[09:28:12] Start geting global Bing Wallpaper, region=en-GB, local time is 2024-11-14 09:28:12.452614+00:00
[09:28:12] Successful get url: https://www.bing.com/th?id=OHR.ManarolaItaly_EN-GB7223949605_UHD.jpg
[09:28:12] Picture infomations saved to  global/en-GB/README.md
[09:28:12] Picture infomations saved to global/en-GB/history/2024/11/15_en-GB.md
[09:28:12] Start geting global Bing Wallpaper, region=it-IT, local time is 2024-11-14 10:28:12.550737+01:00
[09:28:12] Successful get url: https://www.bing.com/th?id=OHR.ManarolaItaly_IT-IT6200614457_UHD.jpg
[09:28:12] Picture infomations saved to  global/it-IT/README.md
[09:28:12] Picture infomations saved to global/it-IT/history/2024/11/14_it-IT.md
[09:28:12] Start geting global Bing Wallpaper, region=es-ES, local time is 2024-11-14 10:28:12.644999+01:00
[09:28:12] Successful get url: https://www.bing.com/th?id=OHR.ManarolaItaly_ES-ES4041010969_UHD.jpg
[09:28:12] Picture infomations saved to  global/es-ES/README.md
[09:28:12] Picture infomations saved to global/es-ES/history/2024/11/14_es-ES.md
[09:28:12] Start geting global Bing Wallpaper, region=fr-CA, local time is 2024-11-14 04:28:12.842150-05:00
[09:28:12] Successful get url: https://www.bing.com/th?id=OHR.ManarolaItaly_FR-CA2770338170_UHD.jpg
[09:28:12] Picture infomations saved to  global/fr-CA/README.md
[09:28:12] Picture infomations saved to global/fr-CA/history/2024/11/15_fr-CA.md
Program exit at 09:28:12

Program started at 16:15:07
Operating System Name: Linux
Operating System Version: #26~22.04.1-Ubuntu SMP Thu Jul 11 22:33:04 UTC 2024
System Architecture: ('64bit', 'ELF')
Computer Type: x86_64
Computer Name: fv-az1543-307
Processor Type: x86_64
Python Version: 3.12.7
Python Interpreter Name: CPython
[16:15:07] Start geting CN Bing Wallpaper
[16:15:07] Successful get url: https://www.bing.com/th?id=OHR.YiPengLanterns_ZH-CN5613043353_UHD.jpg
[16:15:08] Image saved to img/background.jpg
[16:15:08] Info saved to README.md
[16:15:08] Image saved to history/2024/11/15.md
[16:15:08] Start geting global Bing Wallpaper, region=en-US, local time is 2024-11-14 11:15:08.054576-05:00
[16:15:08] Successful get url: https://www.bing.com/th?id=OHR.ManarolaItaly_EN-US4826543395_UHD.jpg
[16:15:08] Picture infomations saved to  global/en-US/README.md
[16:15:08] Picture infomations saved to global/en-US/history/2024/11/15_en-US.md
[16:15:08] Start geting global Bing Wallpaper, region=ja-JP, local time is 2024-11-15 01:15:08.237626+09:00
[16:15:08] Successful get url: https://www.bing.com/th?id=OHR.YiPengLanterns_JA-JP3002354354_UHD.jpg
[16:15:08] Picture infomations saved to  global/ja-JP/README.md
[16:15:08] Picture infomations saved to global/ja-JP/history/2024/11/15_ja-JP.md
[16:15:08] Start geting global Bing Wallpaper, region=en-IN, local time is 2024-11-14 21:45:08.395870+05:30
[16:15:08] Successful get url: https://www.bing.com/th?id=OHR.ManarolaItaly_EN-IN1899501021_UHD.jpg
[16:15:08] Picture infomations saved to  global/en-IN/README.md
[16:15:08] Picture infomations saved to global/en-IN/history/2024/11/14_en-IN.md
[16:15:08] Start geting global Bing Wallpaper, region=pt-BR, local time is 2024-11-14 13:15:08.570315-03:00
[16:15:08] Successful get url: https://www.bing.com/th?id=OHR.ManarolaItaly_PT-BR4966210433_UHD.jpg
[16:15:08] Picture infomations saved to  global/pt-BR/README.md
[16:15:08] Picture infomations saved to global/pt-BR/history/2024/11/15_pt-BR.md
[16:15:08] Start geting global Bing Wallpaper, region=fr-FR, local time is 2024-11-14 17:15:08.716359+01:00
[16:15:08] Successful get url: https://www.bing.com/th?id=OHR.ManarolaItaly_FR-FR8734568638_UHD.jpg
[16:15:08] Picture infomations saved to  global/fr-FR/README.md
[16:15:08] Picture infomations saved to global/fr-FR/history/2024/11/14_fr-FR.md
[16:15:08] Start geting global Bing Wallpaper, region=de-DE, local time is 2024-11-14 17:15:08.895556+01:00
[16:15:08] Successful get url: https://www.bing.com/th?id=OHR.ManarolaItaly_DE-DE4688511663_UHD.jpg
[16:15:09] Picture infomations saved to  global/de-DE/README.md
[16:15:09] Picture infomations saved to global/de-DE/history/2024/11/14_de-DE.md
[16:15:09] Start geting global Bing Wallpaper, region=en-CA, local time is 2024-11-14 11:15:09.053662-05:00
[16:15:09] Successful get url: https://www.bing.com/th?id=OHR.ManarolaItaly_EN-CA5208658549_UHD.jpg
[16:15:09] Picture infomations saved to  global/en-CA/README.md
[16:15:09] Picture infomations saved to global/en-CA/history/2024/11/15_en-CA.md
[16:15:09] Start geting global Bing Wallpaper, region=en-GB, local time is 2024-11-14 16:15:09.217680+00:00
[16:15:09] Successful get url: https://www.bing.com/th?id=OHR.ManarolaItaly_EN-GB7223949605_UHD.jpg
[16:15:09] Picture infomations saved to  global/en-GB/README.md
[16:15:09] Picture infomations saved to global/en-GB/history/2024/11/15_en-GB.md
[16:15:09] Start geting global Bing Wallpaper, region=it-IT, local time is 2024-11-14 17:15:09.360754+01:00
[16:15:09] Successful get url: https://www.bing.com/th?id=OHR.ManarolaItaly_IT-IT6200614457_UHD.jpg
[16:15:09] Picture infomations saved to  global/it-IT/README.md
[16:15:09] Picture infomations saved to global/it-IT/history/2024/11/14_it-IT.md
[16:15:09] Start geting global Bing Wallpaper, region=es-ES, local time is 2024-11-14 17:15:09.497256+01:00
[16:15:09] Successful get url: https://www.bing.com/th?id=OHR.ManarolaItaly_ES-ES4041010969_UHD.jpg
[16:15:09] Picture infomations saved to  global/es-ES/README.md
[16:15:09] Picture infomations saved to global/es-ES/history/2024/11/14_es-ES.md
[16:15:09] Start geting global Bing Wallpaper, region=fr-CA, local time is 2024-11-14 11:15:09.645180-05:00
[16:15:09] Successful get url: https://www.bing.com/th?id=OHR.ManarolaItaly_FR-CA2770338170_UHD.jpg
[16:15:09] Picture infomations saved to  global/fr-CA/README.md
[16:15:09] Picture infomations saved to global/fr-CA/history/2024/11/15_fr-CA.md
Program exit at 16:15:09
