
Program started at 09:30:03
Operating System Name: Linux
Operating System Version: #26~22.04.1-Ubuntu SMP Thu Jul 11 22:33:04 UTC 2024
System Architecture: ('64bit', 'ELF')
Computer Type: x86_64
Computer Name: fv-az523-946
Processor Type: x86_64
Python Version: 3.12.7
Python Interpreter Name: CPython
[09:30:03] Start geting CN Bing Wallpaper
[09:30:03] Successful get url: https://www.bing.com/th?id=OHR.AssiniboineTS_ZH-CN9936042562_UHD.jpg
[09:30:03] Image saved to img/background.jpg
[09:30:03] Info saved to README.md
[09:30:03] Image saved to history/2024/11/28.md
[09:30:03] Start geting global Bing Wallpaper, region=en-US, local time is 2024-11-28 04:30:03.729756-05:00
[09:30:03] Successful get url: https://www.bing.com/th?id=OHR.TomTurkeys_EN-US6212893518_UHD.jpg
[09:30:03] Picture infomations saved to  global/en-US/README.md
[09:30:03] Picture infomations saved to global/en-US/history/2024/11/29_en-US.md
[09:30:03] Start geting global Bing Wallpaper, region=ja-JP, local time is 2024-11-28 18:30:03.873035+09:00
[09:30:03] Successful get url: https://www.bing.com/th?id=OHR.ZafraCastle_JA-JP6761146829_UHD.jpg
[09:30:04] Picture infomations saved to  global/ja-JP/README.md
[09:30:04] Picture infomations saved to global/ja-JP/history/2024/11/28_ja-JP.md
[09:30:04] Start geting global Bing Wallpaper, region=en-IN, local time is 2024-11-28 15:00:04.031598+05:30
[09:30:04] Successful get url: https://www.bing.com/th?id=OHR.MurdeshwarTemple_EN-IN3830652229_UHD.jpg
[09:30:04] Picture infomations saved to  global/en-IN/README.md
[09:30:04] Picture infomations saved to global/en-IN/history/2024/11/28_en-IN.md
[09:30:04] Start geting global Bing Wallpaper, region=pt-BR, local time is 2024-11-28 06:30:04.154950-03:00
[09:30:04] Successful get url: https://www.bing.com/th?id=OHR.AssiniboineTS_PT-BR1279222621_UHD.jpg
[09:30:04] Picture infomations saved to  global/pt-BR/README.md
[09:30:04] Picture infomations saved to global/pt-BR/history/2024/11/29_pt-BR.md
[09:30:04] Start geting global Bing Wallpaper, region=fr-FR, local time is 2024-11-28 10:30:04.258060+01:00
[09:30:04] Successful get url: https://www.bing.com/th?id=OHR.SemoisRiver_FR-FR4323889306_UHD.jpg
[09:30:04] Picture infomations saved to  global/fr-FR/README.md
[09:30:04] Picture infomations saved to global/fr-FR/history/2024/11/28_fr-FR.md
[09:30:04] Start geting global Bing Wallpaper, region=de-DE, local time is 2024-11-28 10:30:04.410547+01:00
[09:30:04] Successful get url: https://www.bing.com/th?id=OHR.AssiniboineTS_DE-DE6120366928_UHD.jpg
[09:30:04] Picture infomations saved to  global/de-DE/README.md
[09:30:04] Picture infomations saved to global/de-DE/history/2024/11/28_de-DE.md
[09:30:04] Start geting global Bing Wallpaper, region=en-CA, local time is 2024-11-28 04:30:04.499802-05:00
[09:30:04] Successful get url: https://www.bing.com/th?id=OHR.AssiniboineTS_EN-CA8487090970_UHD.jpg
[09:30:04] Picture infomations saved to  global/en-CA/README.md
[09:30:04] Picture infomations saved to global/en-CA/history/2024/11/29_en-CA.md
[09:30:04] Start geting global Bing Wallpaper, region=en-GB, local time is 2024-11-28 09:30:04.620176+00:00
[09:30:04] Successful get url: https://www.bing.com/th?id=OHR.CityHall2024_EN-GB2172832238_UHD.jpg
[09:30:04] Picture infomations saved to  global/en-GB/README.md
[09:30:04] Picture infomations saved to global/en-GB/history/2024/11/29_en-GB.md
[09:30:04] Start geting global Bing Wallpaper, region=it-IT, local time is 2024-11-28 10:30:04.749527+01:00
[09:30:04] Successful get url: https://www.bing.com/th?id=OHR.AssiniboineTS_IT-IT8882599718_UHD.jpg
[09:30:04] Picture infomations saved to  global/it-IT/README.md
[09:30:04] Picture infomations saved to global/it-IT/history/2024/11/28_it-IT.md
[09:30:04] Start geting global Bing Wallpaper, region=es-ES, local time is 2024-11-28 10:30:04.900021+01:00
[09:30:04] Successful get url: https://www.bing.com/th?id=OHR.AssiniboineTS_ES-ES3697439529_UHD.jpg
[09:30:04] Picture infomations saved to  global/es-ES/README.md
[09:30:04] Picture infomations saved to global/es-ES/history/2024/11/28_es-ES.md
[09:30:04] Start geting global Bing Wallpaper, region=fr-CA, local time is 2024-11-28 04:30:04.995892-05:00
[09:30:05] Successful get url: https://www.bing.com/th?id=OHR.AssiniboineTS_FR-CA9587536433_UHD.jpg
[09:30:05] Picture infomations saved to  global/fr-CA/README.md
[09:30:05] Picture infomations saved to global/fr-CA/history/2024/11/29_fr-CA.md
Program exit at 09:30:05
