
Program started at 09:28:57
Operating System Name: Linux
Operating System Version: #26~22.04.1-Ubuntu SMP Thu Jul 11 22:33:04 UTC 2024
System Architecture: ('64bit', 'ELF')
Computer Type: x86_64
Computer Name: fv-az736-365
Processor Type: x86_64
Python Version: 3.12.7
Python Interpreter Name: CPython
[09:28:57] Start geting CN Bing Wallpaper
[09:28:57] Successful get url: https://www.bing.com/th?id=OHR.PontBordeaux_ZH-CN7656263575_UHD.jpg
[09:28:57] Image saved to img/background.jpg
[09:28:57] Info saved to README.md
[09:28:57] Image saved to history/2024/11/20.md
[09:28:57] Start geting global Bing Wallpaper, region=en-US, local time is 2024-11-20 04:28:57.906524-05:00
[09:28:58] Successful get url: https://www.bing.com/th?id=OHR.BeyondSaype_EN-US4398054405_UHD.jpg
[09:28:58] Picture infomations saved to  global/en-US/README.md
[09:28:58] Picture infomations saved to global/en-US/history/2024/11/21_en-US.md
[09:28:58] Start geting global Bing Wallpaper, region=ja-JP, local time is 2024-11-20 18:28:58.208926+09:00
[09:28:58] Successful get url: https://www.bing.com/th?id=OHR.BeyondSaype_JA-JP4402963918_UHD.jpg
[09:28:58] Picture infomations saved to  global/ja-JP/README.md
[09:28:58] Picture infomations saved to global/ja-JP/history/2024/11/20_ja-JP.md
[09:28:58] Start geting global Bing Wallpaper, region=en-IN, local time is 2024-11-20 14:58:58.396872+05:30
[09:28:58] Successful get url: https://www.bing.com/th?id=OHR.TrulliGrove_EN-IN6379040036_UHD.jpg
[09:28:58] Picture infomations saved to  global/en-IN/README.md
[09:28:58] Picture infomations saved to global/en-IN/history/2024/11/20_en-IN.md
[09:28:58] Start geting global Bing Wallpaper, region=pt-BR, local time is 2024-11-20 06:28:58.542778-03:00
[09:28:58] Successful get url: https://www.bing.com/th?id=OHR.ConscienciaNegraCamelia_PT-BR9267638631_UHD.jpg
[09:28:58] Picture infomations saved to  global/pt-BR/README.md
[09:28:58] Picture infomations saved to global/pt-BR/history/2024/11/21_pt-BR.md
[09:28:58] Start geting global Bing Wallpaper, region=fr-FR, local time is 2024-11-20 10:28:58.687672+01:00
[09:28:58] Successful get url: https://www.bing.com/th?id=OHR.BeyondSaype_FR-FR1795905140_UHD.jpg
[09:28:58] Picture infomations saved to  global/fr-FR/README.md
[09:28:58] Picture infomations saved to global/fr-FR/history/2024/11/20_fr-FR.md
[09:28:58] Start geting global Bing Wallpaper, region=de-DE, local time is 2024-11-20 10:28:58.836334+01:00
[09:28:58] Successful get url: https://www.bing.com/th?id=OHR.BeyondSaype_DE-DE4165904776_UHD.jpg
[09:28:58] Picture infomations saved to  global/de-DE/README.md
[09:28:58] Picture infomations saved to global/de-DE/history/2024/11/20_de-DE.md
[09:28:58] Start geting global Bing Wallpaper, region=en-CA, local time is 2024-11-20 04:28:58.987948-05:00
[09:28:59] Successful get url: https://www.bing.com/th?id=OHR.BeyondSaype_EN-CA2766246320_UHD.jpg
[09:28:59] Picture infomations saved to  global/en-CA/README.md
[09:28:59] Picture infomations saved to global/en-CA/history/2024/11/21_en-CA.md
[09:28:59] Start geting global Bing Wallpaper, region=en-GB, local time is 2024-11-20 09:28:59.132866+00:00
[09:28:59] Successful get url: https://www.bing.com/th?id=OHR.AssiniboineTS_EN-GB3913113807_UHD.jpg
[09:28:59] Picture infomations saved to  global/en-GB/README.md
[09:28:59] Picture infomations saved to global/en-GB/history/2024/11/21_en-GB.md
[09:28:59] Start geting global Bing Wallpaper, region=it-IT, local time is 2024-11-20 10:28:59.272735+01:00
[09:28:59] Successful get url: https://www.bing.com/th?id=OHR.BeyondSaype_IT-IT7130879307_UHD.jpg
[09:28:59] Picture infomations saved to  global/it-IT/README.md
[09:28:59] Picture infomations saved to global/it-IT/history/2024/11/20_it-IT.md
[09:28:59] Start geting global Bing Wallpaper, region=es-ES, local time is 2024-11-20 10:28:59.410685+01:00
[09:28:59] Successful get url: https://www.bing.com/th?id=OHR.BeyondSaype_ES-ES2146271758_UHD.jpg
[09:28:59] Picture infomations saved to  global/es-ES/README.md
[09:28:59] Picture infomations saved to global/es-ES/history/2024/11/20_es-ES.md
[09:28:59] Start geting global Bing Wallpaper, region=fr-CA, local time is 2024-11-20 04:28:59.556369-05:00
[09:28:59] Successful get url: https://www.bing.com/th?id=OHR.BeyondSaype_FR-CA5362056492_UHD.jpg
[09:28:59] Picture infomations saved to  global/fr-CA/README.md
[09:28:59] Picture infomations saved to global/fr-CA/history/2024/11/21_fr-CA.md
Program exit at 09:28:59
