
Program started at 09:30:20
Operating System Name: Linux
Operating System Version: #26~22.04.1-Ubuntu SMP Thu Jul 11 22:33:04 UTC 2024
System Architecture: ('64bit', 'ELF')
Computer Type: x86_64
Computer Name: fv-az738-498
Processor Type: x86_64
Python Version: 3.12.7
Python Interpreter Name: CPython
[09:30:20] Start geting CN Bing Wallpaper
[09:30:20] Successful get url: https://www.bing.com/th?id=OHR.ShiShiBeach_ZH-CN8685799566_UHD.jpg
[09:30:20] Image saved to img/background.jpg
[09:30:20] Info saved to README.md
[09:30:20] Image saved to history/2024/11/06.md
[09:30:20] Start geting global Bing Wallpaper, region=en-US, local time is 2024-11-06 04:30:20.828804-05:00
[09:30:20] Successful get url: https://www.bing.com/th?id=OHR.ShiShiBeach_EN-US4231457607_UHD.jpg
[09:30:20] Picture infomations saved to  global/en-US/README.md
[09:30:20] Picture infomations saved to global/en-US/history/2024/11/07_en-US.md
[09:30:20] Start geting global Bing Wallpaper, region=ja-JP, local time is 2024-11-06 18:30:20.957657+09:00
[09:30:21] Successful get url: https://www.bing.com/th?id=OHR.ShiShiBeach_JA-JP1245886715_UHD.jpg
[09:30:21] Picture infomations saved to  global/ja-JP/README.md
[09:30:21] Picture infomations saved to global/ja-JP/history/2024/11/06_ja-JP.md
[09:30:21] Start geting global Bing Wallpaper, region=en-IN, local time is 2024-11-06 15:00:21.119285+05:30
[09:30:21] Successful get url: https://www.bing.com/th?id=OHR.ShiShiBeach_EN-IN6380183906_UHD.jpg
[09:30:21] Picture infomations saved to  global/en-IN/README.md
[09:30:21] Picture infomations saved to global/en-IN/history/2024/11/06_en-IN.md
[09:30:21] Start geting global Bing Wallpaper, region=pt-BR, local time is 2024-11-06 06:30:21.256694-03:00
[09:30:21] Successful get url: https://www.bing.com/th?id=OHR.ShiShiBeach_PT-BR2103643981_UHD.jpg
[09:30:21] Picture infomations saved to  global/pt-BR/README.md
[09:30:21] Picture infomations saved to global/pt-BR/history/2024/11/07_pt-BR.md
[09:30:21] Start geting global Bing Wallpaper, region=fr-FR, local time is 2024-11-06 10:30:21.378455+01:00
[09:30:21] Successful get url: https://www.bing.com/th?id=OHR.ShiShiBeach_FR-FR6500831097_UHD.jpg
[09:30:21] Picture infomations saved to  global/fr-FR/README.md
[09:30:21] Picture infomations saved to global/fr-FR/history/2024/11/06_fr-FR.md
[09:30:21] Start geting global Bing Wallpaper, region=de-DE, local time is 2024-11-06 10:30:21.538339+01:00
[09:30:21] Successful get url: https://www.bing.com/th?id=OHR.ShiShiBeach_DE-DE0173093107_UHD.jpg
[09:30:21] Picture infomations saved to  global/de-DE/README.md
[09:30:21] Picture infomations saved to global/de-DE/history/2024/11/06_de-DE.md
[09:30:21] Start geting global Bing Wallpaper, region=en-CA, local time is 2024-11-06 04:30:21.662693-05:00
[09:30:21] Successful get url: https://www.bing.com/th?id=OHR.ShiShiBeach_EN-CA3486295094_UHD.jpg
[09:30:21] Picture infomations saved to  global/en-CA/README.md
[09:30:21] Picture infomations saved to global/en-CA/history/2024/11/07_en-CA.md
[09:30:21] Start geting global Bing Wallpaper, region=en-GB, local time is 2024-11-06 09:30:21.777437+00:00
[09:30:21] Successful get url: https://www.bing.com/th?id=OHR.ShiShiBeach_EN-GB4724156220_UHD.jpg
[09:30:21] Picture infomations saved to  global/en-GB/README.md
[09:30:21] Picture infomations saved to global/en-GB/history/2024/11/07_en-GB.md
[09:30:21] Start geting global Bing Wallpaper, region=it-IT, local time is 2024-11-06 10:30:21.901204+01:00
[09:30:21] Successful get url: https://www.bing.com/th?id=OHR.ShiShiBeach_IT-IT3649802386_UHD.jpg
[09:30:22] Picture infomations saved to  global/it-IT/README.md
[09:30:22] Picture infomations saved to global/it-IT/history/2024/11/06_it-IT.md
[09:30:22] Start geting global Bing Wallpaper, region=es-ES, local time is 2024-11-06 10:30:22.022076+01:00
[09:30:22] Successful get url: https://www.bing.com/th?id=OHR.ShiShiBeach_ES-ES1047893586_UHD.jpg
[09:30:22] Picture infomations saved to  global/es-ES/README.md
[09:30:22] Picture infomations saved to global/es-ES/history/2024/11/06_es-ES.md
[09:30:22] Start geting global Bing Wallpaper, region=fr-CA, local time is 2024-11-06 04:30:22.133678-05:00
[09:30:22] Successful get url: https://www.bing.com/th?id=OHR.ShiShiBeach_FR-CA9456455618_UHD.jpg
[09:30:22] Picture infomations saved to  global/fr-CA/README.md
[09:30:22] Picture infomations saved to global/fr-CA/history/2024/11/07_fr-CA.md
Program exit at 09:30:22

Program started at 16:15:53
Operating System Name: Linux
Operating System Version: #26~22.04.1-Ubuntu SMP Thu Jul 11 22:33:04 UTC 2024
System Architecture: ('64bit', 'ELF')
Computer Type: x86_64
Computer Name: fv-az1345-120
Processor Type: x86_64
Python Version: 3.12.7
Python Interpreter Name: CPython
[16:15:53] Start geting CN Bing Wallpaper
[16:15:53] Successful get url: https://www.bing.com/th?id=OHR.LiDong2024_ZH-CN9944723194_UHD.jpg
[16:15:53] Image saved to img/background.jpg
[16:15:53] Info saved to README.md
[16:15:53] Image saved to history/2024/11/07.md
[16:15:53] Start geting global Bing Wallpaper, region=en-US, local time is 2024-11-06 11:15:53.526331-05:00
[16:15:53] Successful get url: https://www.bing.com/th?id=OHR.ShiShiBeach_EN-US4231457607_UHD.jpg
[16:15:53] Picture infomations saved to  global/en-US/README.md
[16:15:53] Picture infomations saved to global/en-US/history/2024/11/07_en-US.md
[16:15:53] Start geting global Bing Wallpaper, region=ja-JP, local time is 2024-11-07 01:15:53.633157+09:00
[16:15:53] Successful get url: https://www.bing.com/th?id=OHR.AnserAlbifrons2024_JA-JP4172907824_UHD.jpg
[16:15:53] Picture infomations saved to  global/ja-JP/README.md
[16:15:53] Picture infomations saved to global/ja-JP/history/2024/11/07_ja-JP.md
[16:15:53] Start geting global Bing Wallpaper, region=en-IN, local time is 2024-11-06 21:45:53.779269+05:30
[16:15:53] Successful get url: https://www.bing.com/th?id=OHR.ShiShiBeach_EN-IN6380183906_UHD.jpg
[16:15:53] Picture infomations saved to  global/en-IN/README.md
[16:15:53] Picture infomations saved to global/en-IN/history/2024/11/06_en-IN.md
[16:15:53] Start geting global Bing Wallpaper, region=pt-BR, local time is 2024-11-06 13:15:53.921576-03:00
[16:15:53] Successful get url: https://www.bing.com/th?id=OHR.ShiShiBeach_PT-BR2103643981_UHD.jpg
[16:15:54] Picture infomations saved to  global/pt-BR/README.md
[16:15:54] Picture infomations saved to global/pt-BR/history/2024/11/07_pt-BR.md
[16:15:54] Start geting global Bing Wallpaper, region=fr-FR, local time is 2024-11-06 17:15:54.083717+01:00
[16:15:54] Successful get url: https://www.bing.com/th?id=OHR.ShiShiBeach_FR-FR6500831097_UHD.jpg
[16:15:54] Picture infomations saved to  global/fr-FR/README.md
[16:15:54] Picture infomations saved to global/fr-FR/history/2024/11/06_fr-FR.md
[16:15:54] Start geting global Bing Wallpaper, region=de-DE, local time is 2024-11-06 17:15:54.186142+01:00
[16:15:54] Successful get url: https://www.bing.com/th?id=OHR.ShiShiBeach_DE-DE0173093107_UHD.jpg
[16:15:54] Picture infomations saved to  global/de-DE/README.md
[16:15:54] Picture infomations saved to global/de-DE/history/2024/11/06_de-DE.md
[16:15:54] Start geting global Bing Wallpaper, region=en-CA, local time is 2024-11-06 11:15:54.314878-05:00
[16:15:54] Successful get url: https://www.bing.com/th?id=OHR.ShiShiBeach_EN-CA3486295094_UHD.jpg
[16:15:54] Picture infomations saved to  global/en-CA/README.md
[16:15:54] Picture infomations saved to global/en-CA/history/2024/11/07_en-CA.md
[16:15:54] Start geting global Bing Wallpaper, region=en-GB, local time is 2024-11-06 16:15:54.406925+00:00
[16:15:54] Successful get url: https://www.bing.com/th?id=OHR.ShiShiBeach_EN-GB4724156220_UHD.jpg
[16:15:54] Picture infomations saved to  global/en-GB/README.md
[16:15:54] Picture infomations saved to global/en-GB/history/2024/11/07_en-GB.md
[16:15:54] Start geting global Bing Wallpaper, region=it-IT, local time is 2024-11-06 17:15:54.536919+01:00
[16:15:54] Successful get url: https://www.bing.com/th?id=OHR.ShiShiBeach_IT-IT3649802386_UHD.jpg
[16:15:54] Picture infomations saved to  global/it-IT/README.md
[16:15:54] Picture infomations saved to global/it-IT/history/2024/11/06_it-IT.md
[16:15:54] Start geting global Bing Wallpaper, region=es-ES, local time is 2024-11-06 17:15:54.668366+01:00
[16:15:54] Successful get url: https://www.bing.com/th?id=OHR.ShiShiBeach_ES-ES1047893586_UHD.jpg
[16:15:54] Picture infomations saved to  global/es-ES/README.md
[16:15:54] Picture infomations saved to global/es-ES/history/2024/11/06_es-ES.md
[16:15:54] Start geting global Bing Wallpaper, region=fr-CA, local time is 2024-11-06 11:15:54.877303-05:00
[16:15:54] Successful get url: https://www.bing.com/th?id=OHR.ShiShiBeach_FR-CA9456455618_UHD.jpg
[16:15:55] Picture infomations saved to  global/fr-CA/README.md
[16:15:55] Picture infomations saved to global/fr-CA/history/2024/11/07_fr-CA.md
Program exit at 16:15:55
