
Program started at 09:27:10
Operating System Name: Linux
Operating System Version: #26~22.04.1-Ubuntu SMP Thu Jul 11 22:33:04 UTC 2024
System Architecture: ('64bit', 'ELF')
Computer Type: x86_64
Computer Name: fv-az1435-534
Processor Type: x86_64
Python Version: 3.12.7
Python Interpreter Name: CPython
[09:27:10] Start geting CN Bing Wallpaper
[09:27:10] Successful get url: https://www.bing.com/th?id=OHR.YucatanBiosphere_ZH-CN7442392453_UHD.jpg
[09:27:10] Image saved to img/background.jpg
[09:27:10] Info saved to README.md
[09:27:10] Image saved to history/2024/11/03.md
[09:27:10] Start geting global Bing Wallpaper, region=en-US, local time is 2024-11-03 04:27:10.899932-05:00
[09:27:10] Successful get url: https://www.bing.com/th?id=OHR.YucatanBiosphere_EN-US4019968428_UHD.jpg
[09:27:11] Picture infomations saved to  global/en-US/README.md
[09:27:11] Picture infomations saved to global/en-US/history/2024/11/04_en-US.md
[09:27:11] Start geting global Bing Wallpaper, region=ja-JP, local time is 2024-11-03 18:27:11.050445+09:00
[09:27:11] Successful get url: https://www.bing.com/th?id=OHR.YucatanBiosphere_JA-JP2886303469_UHD.jpg
[09:27:11] Picture infomations saved to  global/ja-JP/README.md
[09:27:11] Picture infomations saved to global/ja-JP/history/2024/11/03_ja-JP.md
[09:27:11] Start geting global Bing Wallpaper, region=en-IN, local time is 2024-11-03 14:57:11.183663+05:30
[09:27:11] Successful get url: https://www.bing.com/th?id=OHR.YucatanBiosphere_EN-IN2120875248_UHD.jpg
[09:27:11] Picture infomations saved to  global/en-IN/README.md
[09:27:11] Picture infomations saved to global/en-IN/history/2024/11/03_en-IN.md
[09:27:11] Start geting global Bing Wallpaper, region=pt-BR, local time is 2024-11-03 06:27:11.329674-03:00
[09:27:11] Successful get url: https://www.bing.com/th?id=OHR.YucatanBiosphere_PT-BR0460941860_UHD.jpg
[09:27:11] Picture infomations saved to  global/pt-BR/README.md
[09:27:11] Picture infomations saved to global/pt-BR/history/2024/11/04_pt-BR.md
[09:27:11] Start geting global Bing Wallpaper, region=fr-FR, local time is 2024-11-03 10:27:11.463296+01:00
[09:27:11] Successful get url: https://www.bing.com/th?id=OHR.YucatanBiosphere_FR-FR6083251753_UHD.jpg
[09:27:11] Picture infomations saved to  global/fr-FR/README.md
[09:27:11] Picture infomations saved to global/fr-FR/history/2024/11/03_fr-FR.md
[09:27:11] Start geting global Bing Wallpaper, region=de-DE, local time is 2024-11-03 10:27:11.594389+01:00
[09:27:11] Successful get url: https://www.bing.com/th?id=OHR.YucatanBiosphere_DE-DE7980917018_UHD.jpg
[09:27:11] Picture infomations saved to  global/de-DE/README.md
[09:27:11] Picture infomations saved to global/de-DE/history/2024/11/03_de-DE.md
[09:27:11] Start geting global Bing Wallpaper, region=en-CA, local time is 2024-11-03 04:27:11.742006-05:00
[09:27:11] Successful get url: https://www.bing.com/th?id=OHR.YucatanBiosphere_EN-CA2792700444_UHD.jpg
[09:27:11] Picture infomations saved to  global/en-CA/README.md
[09:27:11] Picture infomations saved to global/en-CA/history/2024/11/04_en-CA.md
[09:27:11] Start geting global Bing Wallpaper, region=en-GB, local time is 2024-11-03 09:27:11.902793+00:00
[09:27:11] Successful get url: https://www.bing.com/th?id=OHR.YucatanBiosphere_EN-GB6477525030_UHD.jpg
[09:27:12] Picture infomations saved to  global/en-GB/README.md
[09:27:12] Picture infomations saved to global/en-GB/history/2024/11/04_en-GB.md
[09:27:12] Start geting global Bing Wallpaper, region=it-IT, local time is 2024-11-03 10:27:12.045878+01:00
[09:27:12] Successful get url: https://www.bing.com/th?id=OHR.YucatanBiosphere_IT-IT6604296714_UHD.jpg
[09:27:12] Picture infomations saved to  global/it-IT/README.md
[09:27:12] Picture infomations saved to global/it-IT/history/2024/11/03_it-IT.md
[09:27:12] Start geting global Bing Wallpaper, region=es-ES, local time is 2024-11-03 10:27:12.183022+01:00
[09:27:12] Successful get url: https://www.bing.com/th?id=OHR.YucatanBiosphere_ES-ES9709656302_UHD.jpg
[09:27:12] Picture infomations saved to  global/es-ES/README.md
[09:27:12] Picture infomations saved to global/es-ES/history/2024/11/03_es-ES.md
[09:27:12] Start geting global Bing Wallpaper, region=fr-CA, local time is 2024-11-03 04:27:12.307801-05:00
[09:27:12] Successful get url: https://www.bing.com/th?id=OHR.YucatanBiosphere_FR-CA7861757179_UHD.jpg
[09:27:12] Picture infomations saved to  global/fr-CA/README.md
[09:27:12] Picture infomations saved to global/fr-CA/history/2024/11/04_fr-CA.md
Program exit at 09:27:12
