
Program started at 09:25:52
Operating System Name: Linux
Operating System Version: #26~22.04.1-Ubuntu SMP Thu Jul 11 22:33:04 UTC 2024
System Architecture: ('64bit', 'ELF')
Computer Type: x86_64
Computer Name: fv-az1437-604
Processor Type: x86_64
Python Version: 3.12.7
Python Interpreter Name: CPython
[09:25:52] Start geting CN Bing Wallpaper
[09:25:52] Successful get url: https://www.bing.com/th?id=OHR.SonomaCoast_ZH-CN9187330701_UHD.jpg
[09:25:53] Image saved to img/background.jpg
[09:25:53] Info saved to README.md
[09:25:53] Image saved to history/2024/11/24.md
[09:25:53] Start geting global Bing Wallpaper, region=en-US, local time is 2024-11-24 04:25:53.009649-05:00
[09:25:53] Successful get url: https://www.bing.com/th?id=OHR.SonomaCoast_EN-US5218026576_UHD.jpg
[09:25:53] Picture infomations saved to  global/en-US/README.md
[09:25:53] Picture infomations saved to global/en-US/history/2024/11/25_en-US.md
[09:25:53] Start geting global Bing Wallpaper, region=ja-JP, local time is 2024-11-24 18:25:53.108587+09:00
[09:25:53] Successful get url: https://www.bing.com/th?id=OHR.SonomaCoast_JA-JP5834035051_UHD.jpg
[09:25:53] Picture infomations saved to  global/ja-JP/README.md
[09:25:53] Picture infomations saved to global/ja-JP/history/2024/11/24_ja-JP.md
[09:25:53] Start geting global Bing Wallpaper, region=en-IN, local time is 2024-11-24 14:55:53.199012+05:30
[09:25:53] Successful get url: https://www.bing.com/th?id=OHR.SonomaCoast_EN-IN1867491074_UHD.jpg
[09:25:53] Picture infomations saved to  global/en-IN/README.md
[09:25:53] Picture infomations saved to global/en-IN/history/2024/11/24_en-IN.md
[09:25:53] Start geting global Bing Wallpaper, region=pt-BR, local time is 2024-11-24 06:25:53.354717-03:00
[09:25:53] Successful get url: https://www.bing.com/th?id=OHR.SonomaCoast_PT-BR0576687853_UHD.jpg
[09:25:53] Picture infomations saved to  global/pt-BR/README.md
[09:25:53] Picture infomations saved to global/pt-BR/history/2024/11/25_pt-BR.md
[09:25:53] Start geting global Bing Wallpaper, region=fr-FR, local time is 2024-11-24 10:25:53.448463+01:00
[09:25:53] Successful get url: https://www.bing.com/th?id=OHR.ParisAutumn_FR-FR3278291664_UHD.jpg
[09:25:53] Picture infomations saved to  global/fr-FR/README.md
[09:25:53] Picture infomations saved to global/fr-FR/history/2024/11/24_fr-FR.md
[09:25:53] Start geting global Bing Wallpaper, region=de-DE, local time is 2024-11-24 10:25:53.545860+01:00
[09:25:53] Successful get url: https://www.bing.com/th?id=OHR.SonomaCoast_DE-DE6907667505_UHD.jpg
[09:25:53] Picture infomations saved to  global/de-DE/README.md
[09:25:53] Picture infomations saved to global/de-DE/history/2024/11/24_de-DE.md
[09:25:53] Start geting global Bing Wallpaper, region=en-CA, local time is 2024-11-24 04:25:53.644503-05:00
[09:25:53] Successful get url: https://www.bing.com/th?id=OHR.SonomaCoast_EN-CA2154911568_UHD.jpg
[09:25:53] Picture infomations saved to  global/en-CA/README.md
[09:25:53] Picture infomations saved to global/en-CA/history/2024/11/25_en-CA.md
[09:25:53] Start geting global Bing Wallpaper, region=en-GB, local time is 2024-11-24 09:25:53.747000+00:00
[09:25:53] Successful get url: https://www.bing.com/th?id=OHR.SonomaCoast_EN-GB8716025465_UHD.jpg
[09:25:53] Picture infomations saved to  global/en-GB/README.md
[09:25:53] Picture infomations saved to global/en-GB/history/2024/11/25_en-GB.md
[09:25:53] Start geting global Bing Wallpaper, region=it-IT, local time is 2024-11-24 10:25:53.850883+01:00
[09:25:53] Successful get url: https://www.bing.com/th?id=OHR.SonomaCoast_IT-IT7979490899_UHD.jpg
[09:25:53] Picture infomations saved to  global/it-IT/README.md
[09:25:53] Picture infomations saved to global/it-IT/history/2024/11/24_it-IT.md
[09:25:53] Start geting global Bing Wallpaper, region=es-ES, local time is 2024-11-24 10:25:53.957923+01:00
[09:25:54] Successful get url: https://www.bing.com/th?id=OHR.DavisCupFinalsMalaga_ES-ES2847450969_UHD.jpg
[09:25:54] Picture infomations saved to  global/es-ES/README.md
[09:25:54] Picture infomations saved to global/es-ES/history/2024/11/24_es-ES.md
[09:25:54] Start geting global Bing Wallpaper, region=fr-CA, local time is 2024-11-24 04:25:54.067480-05:00
[09:25:54] Successful get url: https://www.bing.com/th?id=OHR.SonomaCoast_FR-CA8588689365_UHD.jpg
[09:25:54] Picture infomations saved to  global/fr-CA/README.md
[09:25:54] Picture infomations saved to global/fr-CA/history/2024/11/25_fr-CA.md
Program exit at 09:25:54
