
Program started at 09:29:13
Operating System Name: Linux
Operating System Version: #26~22.04.1-Ubuntu SMP Thu Jul 11 22:33:04 UTC 2024
System Architecture: ('64bit', 'ELF')
Computer Type: x86_64
Computer Name: fv-az665-524
Processor Type: x86_64
Python Version: 3.12.7
Python Interpreter Name: CPython
[09:29:13] Start geting CN Bing Wallpaper
[09:29:13] Successful get url: https://www.bing.com/th?id=OHR.TasmansArch_ZH-CN7062784426_UHD.jpg
[09:29:13] Image saved to img/background.jpg
[09:29:13] Info saved to README.md
[09:29:13] Image saved to history/2024/11/19.md
[09:29:13] Start geting global Bing Wallpaper, region=en-US, local time is 2024-11-19 04:29:13.211790-05:00
[09:29:13] Successful get url: https://www.bing.com/th?id=OHR.TasmansArch_EN-US4274981499_UHD.jpg
[09:29:13] Picture infomations saved to  global/en-US/README.md
[09:29:13] Picture infomations saved to global/en-US/history/2024/11/20_en-US.md
[09:29:13] Start geting global Bing Wallpaper, region=ja-JP, local time is 2024-11-19 18:29:13.315519+09:00
[09:29:13] Successful get url: https://www.bing.com/th?id=OHR.TasmansArch_JA-JP4122919606_UHD.jpg
[09:29:13] Picture infomations saved to  global/ja-JP/README.md
[09:29:13] Picture infomations saved to global/ja-JP/history/2024/11/19_ja-JP.md
[09:29:13] Start geting global Bing Wallpaper, region=en-IN, local time is 2024-11-19 14:59:13.434628+05:30
[09:29:13] Successful get url: https://www.bing.com/th?id=OHR.TasmansArch_EN-IN6029485722_UHD.jpg
[09:29:13] Picture infomations saved to  global/en-IN/README.md
[09:29:13] Picture infomations saved to global/en-IN/history/2024/11/19_en-IN.md
[09:29:13] Start geting global Bing Wallpaper, region=pt-BR, local time is 2024-11-19 06:29:13.549881-03:00
[09:29:13] Successful get url: https://www.bing.com/th?id=OHR.TasmansArch_PT-BR8823523988_UHD.jpg
[09:29:13] Picture infomations saved to  global/pt-BR/README.md
[09:29:13] Picture infomations saved to global/pt-BR/history/2024/11/20_pt-BR.md
[09:29:13] Start geting global Bing Wallpaper, region=fr-FR, local time is 2024-11-19 10:29:13.649826+01:00
[09:29:13] Successful get url: https://www.bing.com/th?id=OHR.TasmansArch_FR-FR3887612340_UHD.jpg
[09:29:13] Picture infomations saved to  global/fr-FR/README.md
[09:29:13] Picture infomations saved to global/fr-FR/history/2024/11/19_fr-FR.md
[09:29:13] Start geting global Bing Wallpaper, region=de-DE, local time is 2024-11-19 10:29:13.740616+01:00
[09:29:13] Successful get url: https://www.bing.com/th?id=OHR.GermanyEuropeanWhiteBirchAutumn_DE-DE4170358667_UHD.jpg
[09:29:13] Picture infomations saved to  global/de-DE/README.md
[09:29:13] Picture infomations saved to global/de-DE/history/2024/11/19_de-DE.md
[09:29:13] Start geting global Bing Wallpaper, region=en-CA, local time is 2024-11-19 04:29:13.860163-05:00
[09:29:13] Successful get url: https://www.bing.com/th?id=OHR.TasmansArch_EN-CA9582409540_UHD.jpg
[09:29:13] Picture infomations saved to  global/en-CA/README.md
[09:29:13] Picture infomations saved to global/en-CA/history/2024/11/20_en-CA.md
[09:29:13] Start geting global Bing Wallpaper, region=en-GB, local time is 2024-11-19 09:29:13.965888+00:00
[09:29:14] Successful get url: https://www.bing.com/th?id=OHR.TasmansArch_EN-GB6702107567_UHD.jpg
[09:29:14] Picture infomations saved to  global/en-GB/README.md
[09:29:14] Picture infomations saved to global/en-GB/history/2024/11/20_en-GB.md
[09:29:14] Start geting global Bing Wallpaper, region=it-IT, local time is 2024-11-19 10:29:14.054284+01:00
[09:29:14] Successful get url: https://www.bing.com/th?id=OHR.TasmansArch_IT-IT6908661148_UHD.jpg
[09:29:14] Picture infomations saved to  global/it-IT/README.md
[09:29:14] Picture infomations saved to global/it-IT/history/2024/11/19_it-IT.md
[09:29:14] Start geting global Bing Wallpaper, region=es-ES, local time is 2024-11-19 10:29:14.151131+01:00
[09:29:14] Successful get url: https://www.bing.com/th?id=OHR.TasmansArch_ES-ES1772649926_UHD.jpg
[09:29:14] Picture infomations saved to  global/es-ES/README.md
[09:29:14] Picture infomations saved to global/es-ES/history/2024/11/19_es-ES.md
[09:29:14] Start geting global Bing Wallpaper, region=fr-CA, local time is 2024-11-19 04:29:14.264360-05:00
[09:29:14] Successful get url: https://www.bing.com/th?id=OHR.TasmansArch_FR-CA4703673291_UHD.jpg
[09:29:14] Picture infomations saved to  global/fr-CA/README.md
[09:29:14] Picture infomations saved to global/fr-CA/history/2024/11/20_fr-CA.md
Program exit at 09:29:14
