
Program started at 09:28:53
Operating System Name: Linux
Operating System Version: #26~22.04.1-Ubuntu SMP Thu Jul 11 22:33:04 UTC 2024
System Architecture: ('64bit', 'ELF')
Computer Type: x86_64
Computer Name: fv-az1778-679
Processor Type: x86_64
Python Version: 3.12.7
Python Interpreter Name: CPython
[09:28:53] Start geting CN Bing Wallpaper
[09:28:53] Successful get url: https://www.bing.com/th?id=OHR.ZafraCastle_ZH-CN8791148758_UHD.jpg
[09:28:53] Image saved to img/background.jpg
[09:28:53] Info saved to README.md
[09:28:53] Image saved to history/2024/11/22.md
[09:28:53] Start geting global Bing Wallpaper, region=en-US, local time is 2024-11-22 04:28:53.825485-05:00
[09:28:53] Successful get url: https://www.bing.com/th?id=OHR.ZafraCastle_EN-US5032917939_UHD.jpg
[09:28:53] Picture infomations saved to  global/en-US/README.md
[09:28:53] Picture infomations saved to global/en-US/history/2024/11/23_en-US.md
[09:28:53] Start geting global Bing Wallpaper, region=ja-JP, local time is 2024-11-22 18:28:53.987019+09:00
[09:28:54] Successful get url: https://www.bing.com/th?id=OHR.Xiaoxue2024_JA-JP4930643570_UHD.jpg
[09:28:54] Picture infomations saved to  global/ja-JP/README.md
[09:28:54] Picture infomations saved to global/ja-JP/history/2024/11/22_ja-JP.md
[09:28:54] Start geting global Bing Wallpaper, region=en-IN, local time is 2024-11-22 14:58:54.145080+05:30
[09:28:54] Successful get url: https://www.bing.com/th?id=OHR.ZafraCastle_EN-IN7242103758_UHD.jpg
[09:28:54] Picture infomations saved to  global/en-IN/README.md
[09:28:54] Picture infomations saved to global/en-IN/history/2024/11/22_en-IN.md
[09:28:54] Start geting global Bing Wallpaper, region=pt-BR, local time is 2024-11-22 06:28:54.309980-03:00
[09:28:54] Successful get url: https://www.bing.com/th?id=OHR.ZafraCastle_PT-BR0233064740_UHD.jpg
[09:28:54] Picture infomations saved to  global/pt-BR/README.md
[09:28:54] Picture infomations saved to global/pt-BR/history/2024/11/23_pt-BR.md
[09:28:54] Start geting global Bing Wallpaper, region=fr-FR, local time is 2024-11-22 10:28:54.456018+01:00
[09:28:54] Successful get url: https://www.bing.com/th?id=OHR.ZafraCastle_FR-FR2717876307_UHD.jpg
[09:28:54] Picture infomations saved to  global/fr-FR/README.md
[09:28:54] Picture infomations saved to global/fr-FR/history/2024/11/22_fr-FR.md
[09:28:54] Start geting global Bing Wallpaper, region=de-DE, local time is 2024-11-22 10:28:54.600994+01:00
[09:28:54] Successful get url: https://www.bing.com/th?id=OHR.ZafraCastle_DE-DE3961546434_UHD.jpg
[09:28:54] Picture infomations saved to  global/de-DE/README.md
[09:28:54] Picture infomations saved to global/de-DE/history/2024/11/22_de-DE.md
[09:28:54] Start geting global Bing Wallpaper, region=en-CA, local time is 2024-11-22 04:28:54.781978-05:00
[09:28:54] Successful get url: https://www.bing.com/th?id=OHR.ZafraCastle_EN-CA3608705054_UHD.jpg
[09:28:54] Picture infomations saved to  global/en-CA/README.md
[09:28:54] Picture infomations saved to global/en-CA/history/2024/11/23_en-CA.md
[09:28:54] Start geting global Bing Wallpaper, region=en-GB, local time is 2024-11-22 09:28:54.917615+00:00
[09:28:54] Successful get url: https://www.bing.com/th?id=OHR.ZafraCastle_EN-GB7885196184_UHD.jpg
[09:28:55] Picture infomations saved to  global/en-GB/README.md
[09:28:55] Picture infomations saved to global/en-GB/history/2024/11/23_en-GB.md
[09:28:55] Start geting global Bing Wallpaper, region=it-IT, local time is 2024-11-22 10:28:55.065523+01:00
[09:28:55] Successful get url: https://www.bing.com/th?id=OHR.ZafraCastle_IT-IT7473974060_UHD.jpg
[09:28:55] Picture infomations saved to  global/it-IT/README.md
[09:28:55] Picture infomations saved to global/it-IT/history/2024/11/22_it-IT.md
[09:28:55] Start geting global Bing Wallpaper, region=es-ES, local time is 2024-11-22 10:28:55.208697+01:00
[09:28:55] Successful get url: https://www.bing.com/th?id=OHR.ZafraCastle_ES-ES2585214053_UHD.jpg
[09:28:55] Picture infomations saved to  global/es-ES/README.md
[09:28:55] Picture infomations saved to global/es-ES/history/2024/11/22_es-ES.md
[09:28:55] Start geting global Bing Wallpaper, region=fr-CA, local time is 2024-11-22 04:28:55.375885-05:00
[09:28:55] Successful get url: https://www.bing.com/th?id=OHR.ZafraCastle_FR-CA7635985017_UHD.jpg
[09:28:55] Picture infomations saved to  global/fr-CA/README.md
[09:28:55] Picture infomations saved to global/fr-CA/history/2024/11/23_fr-CA.md
Program exit at 09:28:55
