
Program started at 09:29:41
Operating System Name: Linux
Operating System Version: #26~22.04.1-Ubuntu SMP Thu Jul 11 22:33:04 UTC 2024
System Architecture: ('64bit', 'ELF')
Computer Type: x86_64
Computer Name: fv-az1435-33
Processor Type: x86_64
Python Version: 3.12.7
Python Interpreter Name: CPython
[09:29:41] Start geting CN Bing Wallpaper
[09:29:41] Successful get url: https://www.bing.com/th?id=OHR.MtStMichel_ZH-CN1232662142_UHD.jpg
[09:29:41] Image saved to img/background.jpg
[09:29:41] Info saved to README.md
[09:29:41] Image saved to history/2024/11/29.md
[09:29:41] Start geting global Bing Wallpaper, region=en-US, local time is 2024-11-29 04:29:41.252039-05:00
[09:29:41] Successful get url: https://www.bing.com/th?id=OHR.MtStMichel_EN-US6641012356_UHD.jpg
[09:29:41] Picture infomations saved to  global/en-US/README.md
[09:29:41] Picture infomations saved to global/en-US/history/2024/11/30_en-US.md
[09:29:41] Start geting global Bing Wallpaper, region=ja-JP, local time is 2024-11-29 18:29:41.413014+09:00
[09:29:41] Successful get url: https://www.bing.com/th?id=OHR.MtStMichel_JA-JP4975687728_UHD.jpg
[09:29:41] Picture infomations saved to  global/ja-JP/README.md
[09:29:41] Picture infomations saved to global/ja-JP/history/2024/11/29_ja-JP.md
[09:29:41] Start geting global Bing Wallpaper, region=en-IN, local time is 2024-11-29 14:59:41.548425+05:30
[09:29:41] Successful get url: https://www.bing.com/th?id=OHR.MtStMichel_EN-IN3221435828_UHD.jpg
[09:29:41] Picture infomations saved to  global/en-IN/README.md
[09:29:41] Picture infomations saved to global/en-IN/history/2024/11/29_en-IN.md
[09:29:41] Start geting global Bing Wallpaper, region=pt-BR, local time is 2024-11-29 06:29:41.687735-03:00
[09:29:41] Successful get url: https://www.bing.com/th?id=OHR.MtStMichel_PT-BR7244299173_UHD.jpg
[09:29:41] Picture infomations saved to  global/pt-BR/README.md
[09:29:41] Picture infomations saved to global/pt-BR/history/2024/11/30_pt-BR.md
[09:29:41] Start geting global Bing Wallpaper, region=fr-FR, local time is 2024-11-29 10:29:41.815910+01:00
[09:29:41] Successful get url: https://www.bing.com/th?id=OHR.MtStMichel_FR-FR7113909915_UHD.jpg
[09:29:41] Picture infomations saved to  global/fr-FR/README.md
[09:29:41] Picture infomations saved to global/fr-FR/history/2024/11/29_fr-FR.md
[09:29:41] Start geting global Bing Wallpaper, region=de-DE, local time is 2024-11-29 10:29:41.943532+01:00
[09:29:41] Successful get url: https://www.bing.com/th?id=OHR.MtStMichel_DE-DE3578803710_UHD.jpg
[09:29:42] Picture infomations saved to  global/de-DE/README.md
[09:29:42] Picture infomations saved to global/de-DE/history/2024/11/29_de-DE.md
[09:29:42] Start geting global Bing Wallpaper, region=en-CA, local time is 2024-11-29 04:29:42.084930-05:00
[09:29:42] Successful get url: https://www.bing.com/th?id=OHR.MtStMichel_EN-CA3538100784_UHD.jpg
[09:29:42] Picture infomations saved to  global/en-CA/README.md
[09:29:42] Picture infomations saved to global/en-CA/history/2024/11/30_en-CA.md
[09:29:42] Start geting global Bing Wallpaper, region=en-GB, local time is 2024-11-29 09:29:42.288616+00:00
[09:29:42] Successful get url: https://www.bing.com/th?id=OHR.MtStMichel_EN-GB8923576020_UHD.jpg
[09:29:42] Picture infomations saved to  global/en-GB/README.md
[09:29:42] Picture infomations saved to global/en-GB/history/2024/11/30_en-GB.md
[09:29:42] Start geting global Bing Wallpaper, region=it-IT, local time is 2024-11-29 10:29:42.424845+01:00
[09:29:42] Successful get url: https://www.bing.com/th?id=OHR.MtStMichel_IT-IT5961115578_UHD.jpg
[09:29:42] Picture infomations saved to  global/it-IT/README.md
[09:29:42] Picture infomations saved to global/it-IT/history/2024/11/29_it-IT.md
[09:29:42] Start geting global Bing Wallpaper, region=es-ES, local time is 2024-11-29 10:29:42.562635+01:00
[09:29:42] Successful get url: https://www.bing.com/th?id=OHR.MtStMichel_ES-ES3063344602_UHD.jpg
[09:29:42] Picture infomations saved to  global/es-ES/README.md
[09:29:42] Picture infomations saved to global/es-ES/history/2024/11/29_es-ES.md
[09:29:42] Start geting global Bing Wallpaper, region=fr-CA, local time is 2024-11-29 04:29:42.692687-05:00
[09:29:42] Successful get url: https://www.bing.com/th?id=OHR.MtStMichel_FR-CA3710121218_UHD.jpg
[09:29:42] Picture infomations saved to  global/fr-CA/README.md
[09:29:42] Picture infomations saved to global/fr-CA/history/2024/11/30_fr-CA.md
Program exit at 09:29:42

Program started at 16:15:26
Operating System Name: Linux
Operating System Version: #26~22.04.1-Ubuntu SMP Thu Jul 11 22:33:04 UTC 2024
System Architecture: ('64bit', 'ELF')
Computer Type: x86_64
Computer Name: fv-az1426-366
Processor Type: x86_64
Python Version: 3.12.7
Python Interpreter Name: CPython
[16:15:26] Start geting CN Bing Wallpaper
[16:15:26] Successful get url: https://www.bing.com/th?id=OHR.KilchurnAutumn_ZH-CN2547959725_UHD.jpg
[16:15:26] Image saved to img/background.jpg
[16:15:26] Info saved to README.md
[16:15:26] Image saved to history/2024/11/30.md
[16:15:26] Start geting global Bing Wallpaper, region=en-US, local time is 2024-11-29 11:15:26.812837-05:00
[16:15:26] Successful get url: https://www.bing.com/th?id=OHR.MtStMichel_EN-US6641012356_UHD.jpg
[16:15:26] Picture infomations saved to  global/en-US/README.md
[16:15:26] Picture infomations saved to global/en-US/history/2024/11/30_en-US.md
[16:15:26] Start geting global Bing Wallpaper, region=ja-JP, local time is 2024-11-30 01:15:26.934820+09:00
[16:15:27] Successful get url: https://www.bing.com/th?id=OHR.KilchurnAutumn_JA-JP5172394807_UHD.jpg
[16:15:27] Picture infomations saved to  global/ja-JP/README.md
[16:15:27] Picture infomations saved to global/ja-JP/history/2024/11/30_ja-JP.md
[16:15:27] Start geting global Bing Wallpaper, region=en-IN, local time is 2024-11-29 21:45:27.042042+05:30
[16:15:27] Successful get url: https://www.bing.com/th?id=OHR.MtStMichel_EN-IN3221435828_UHD.jpg
[16:15:27] Picture infomations saved to  global/en-IN/README.md
[16:15:27] Picture infomations saved to global/en-IN/history/2024/11/29_en-IN.md
[16:15:27] Start geting global Bing Wallpaper, region=pt-BR, local time is 2024-11-29 13:15:27.260633-03:00
[16:15:27] Successful get url: https://www.bing.com/th?id=OHR.MtStMichel_PT-BR7244299173_UHD.jpg
[16:15:27] Picture infomations saved to  global/pt-BR/README.md
[16:15:27] Picture infomations saved to global/pt-BR/history/2024/11/30_pt-BR.md
[16:15:27] Start geting global Bing Wallpaper, region=fr-FR, local time is 2024-11-29 17:15:27.405152+01:00
[16:15:27] Successful get url: https://www.bing.com/th?id=OHR.MtStMichel_FR-FR7113909915_UHD.jpg
[16:15:27] Picture infomations saved to  global/fr-FR/README.md
[16:15:27] Picture infomations saved to global/fr-FR/history/2024/11/29_fr-FR.md
[16:15:27] Start geting global Bing Wallpaper, region=de-DE, local time is 2024-11-29 17:15:27.530699+01:00
[16:15:27] Successful get url: https://www.bing.com/th?id=OHR.MtStMichel_DE-DE3578803710_UHD.jpg
[16:15:27] Picture infomations saved to  global/de-DE/README.md
[16:15:27] Picture infomations saved to global/de-DE/history/2024/11/29_de-DE.md
[16:15:27] Start geting global Bing Wallpaper, region=en-CA, local time is 2024-11-29 11:15:27.623126-05:00
[16:15:27] Successful get url: https://www.bing.com/th?id=OHR.MtStMichel_EN-CA3538100784_UHD.jpg
[16:15:27] Picture infomations saved to  global/en-CA/README.md
[16:15:27] Picture infomations saved to global/en-CA/history/2024/11/30_en-CA.md
[16:15:27] Start geting global Bing Wallpaper, region=en-GB, local time is 2024-11-29 16:15:27.730309+00:00
[16:15:27] Successful get url: https://www.bing.com/th?id=OHR.MtStMichel_EN-GB8923576020_UHD.jpg
[16:15:27] Picture infomations saved to  global/en-GB/README.md
[16:15:27] Picture infomations saved to global/en-GB/history/2024/11/30_en-GB.md
[16:15:27] Start geting global Bing Wallpaper, region=it-IT, local time is 2024-11-29 17:15:27.883923+01:00
[16:15:27] Successful get url: https://www.bing.com/th?id=OHR.MtStMichel_IT-IT5961115578_UHD.jpg
[16:15:27] Picture infomations saved to  global/it-IT/README.md
[16:15:27] Picture infomations saved to global/it-IT/history/2024/11/29_it-IT.md
[16:15:27] Start geting global Bing Wallpaper, region=es-ES, local time is 2024-11-29 17:15:27.979032+01:00
[16:15:28] Successful get url: https://www.bing.com/th?id=OHR.MtStMichel_ES-ES3063344602_UHD.jpg
[16:15:28] Picture infomations saved to  global/es-ES/README.md
[16:15:28] Picture infomations saved to global/es-ES/history/2024/11/29_es-ES.md
[16:15:28] Start geting global Bing Wallpaper, region=fr-CA, local time is 2024-11-29 11:15:28.097686-05:00
[16:15:28] Successful get url: https://www.bing.com/th?id=OHR.MtStMichel_FR-CA3710121218_UHD.jpg
[16:15:28] Picture infomations saved to  global/fr-CA/README.md
[16:15:28] Picture infomations saved to global/fr-CA/history/2024/11/30_fr-CA.md
Program exit at 16:15:28
