
Program started at 09:24:38
Operating System Name: Linux
Operating System Version: #26~22.04.1-Ubuntu SMP Thu Jul 11 22:33:04 UTC 2024
System Architecture: ('64bit', 'ELF')
Computer Type: x86_64
Computer Name: fv-az1427-726
Processor Type: x86_64
Python Version: 3.12.7
Python Interpreter Name: CPython
[09:24:38] Start geting CN Bing Wallpaper
[09:24:38] Successful get url: https://www.bing.com/th?id=OHR.YucatanFlamingos_ZH-CN0721673752_UHD.jpg
[09:24:38] Image saved to img/background.jpg
[09:24:38] Info saved to README.md
[09:24:38] Image saved to history/2024/11/10.md
[09:24:38] Start geting global Bing Wallpaper, region=en-US, local time is 2024-11-10 04:24:38.875893-05:00
[09:24:38] Successful get url: https://www.bing.com/th?id=OHR.YucatanFlamingos_EN-US4470232432_UHD.jpg
[09:24:38] Picture infomations saved to  global/en-US/README.md
[09:24:38] Picture infomations saved to global/en-US/history/2024/11/11_en-US.md
[09:24:38] Start geting global Bing Wallpaper, region=ja-JP, local time is 2024-11-10 18:24:38.989373+09:00
[09:24:39] Successful get url: https://www.bing.com/th?id=OHR.YucatanFlamingos_JA-JP2002783035_UHD.jpg
[09:24:39] Picture infomations saved to  global/ja-JP/README.md
[09:24:39] Picture infomations saved to global/ja-JP/history/2024/11/10_ja-JP.md
[09:24:39] Start geting global Bing Wallpaper, region=en-IN, local time is 2024-11-10 14:54:39.082689+05:30
[09:24:39] Successful get url: https://www.bing.com/th?id=OHR.YucatanFlamingos_EN-IN8899301061_UHD.jpg
[09:24:39] Picture infomations saved to  global/en-IN/README.md
[09:24:39] Picture infomations saved to global/en-IN/history/2024/11/10_en-IN.md
[09:24:39] Start geting global Bing Wallpaper, region=pt-BR, local time is 2024-11-10 06:24:39.171530-03:00
[09:24:39] Successful get url: https://www.bing.com/th?id=OHR.YucatanFlamingos_PT-BR2968915702_UHD.jpg
[09:24:39] Picture infomations saved to  global/pt-BR/README.md
[09:24:39] Picture infomations saved to global/pt-BR/history/2024/11/11_pt-BR.md
[09:24:39] Start geting global Bing Wallpaper, region=fr-FR, local time is 2024-11-10 10:24:39.320610+01:00
[09:24:39] Successful get url: https://www.bing.com/th?id=OHR.VendeeGlobe_FR-FR8019139667_UHD.jpg
[09:24:39] Picture infomations saved to  global/fr-FR/README.md
[09:24:39] Picture infomations saved to global/fr-FR/history/2024/11/10_fr-FR.md
[09:24:39] Start geting global Bing Wallpaper, region=de-DE, local time is 2024-11-10 10:24:39.412231+01:00
[09:24:39] Successful get url: https://www.bing.com/th?id=OHR.YucatanFlamingos_DE-DE2009828774_UHD.jpg
[09:24:39] Picture infomations saved to  global/de-DE/README.md
[09:24:39] Picture infomations saved to global/de-DE/history/2024/11/10_de-DE.md
[09:24:39] Start geting global Bing Wallpaper, region=en-CA, local time is 2024-11-10 04:24:39.552601-05:00
[09:24:39] Successful get url: https://www.bing.com/th?id=OHR.YucatanFlamingos_EN-CA4668702589_UHD.jpg
[09:24:39] Picture infomations saved to  global/en-CA/README.md
[09:24:39] Picture infomations saved to global/en-CA/history/2024/11/11_en-CA.md
[09:24:39] Start geting global Bing Wallpaper, region=en-GB, local time is 2024-11-10 09:24:39.680354+00:00
[09:24:39] Successful get url: https://www.bing.com/th?id=OHR.RemembranceSunday2024_EN-GB5545006303_UHD.jpg
[09:24:39] Picture infomations saved to  global/en-GB/README.md
[09:24:39] Picture infomations saved to global/en-GB/history/2024/11/11_en-GB.md
[09:24:39] Start geting global Bing Wallpaper, region=it-IT, local time is 2024-11-10 10:24:39.772993+01:00
[09:24:39] Successful get url: https://www.bing.com/th?id=OHR.YucatanFlamingos_IT-IT6590871746_UHD.jpg
[09:24:39] Picture infomations saved to  global/it-IT/README.md
[09:24:39] Picture infomations saved to global/it-IT/history/2024/11/10_it-IT.md
[09:24:39] Start geting global Bing Wallpaper, region=es-ES, local time is 2024-11-10 10:24:39.871412+01:00
[09:24:39] Successful get url: https://www.bing.com/th?id=OHR.YucatanFlamingos_ES-ES2437405213_UHD.jpg
[09:24:40] Picture infomations saved to  global/es-ES/README.md
[09:24:40] Picture infomations saved to global/es-ES/history/2024/11/10_es-ES.md
[09:24:40] Start geting global Bing Wallpaper, region=fr-CA, local time is 2024-11-10 04:24:40.011417-05:00
[09:24:40] Successful get url: https://www.bing.com/th?id=OHR.YucatanFlamingos_FR-CA1216205304_UHD.jpg
[09:24:40] Picture infomations saved to  global/fr-CA/README.md
[09:24:40] Picture infomations saved to global/fr-CA/history/2024/11/11_fr-CA.md
Program exit at 09:24:40

Program started at 16:12:18
Operating System Name: Linux
Operating System Version: #26~22.04.1-Ubuntu SMP Thu Jul 11 22:33:04 UTC 2024
System Architecture: ('64bit', 'ELF')
Computer Type: x86_64
Computer Name: fv-az1445-324
Processor Type: x86_64
Python Version: 3.12.7
Python Interpreter Name: CPython
[16:12:18] Start geting CN Bing Wallpaper
[16:12:18] Successful get url: https://www.bing.com/th?id=OHR.Banff24_ZH-CN1156176817_UHD.jpg
[16:12:18] Image saved to img/background.jpg
[16:12:18] Info saved to README.md
[16:12:18] Image saved to history/2024/11/11.md
[16:12:18] Start geting global Bing Wallpaper, region=en-US, local time is 2024-11-10 11:12:18.321176-05:00
[16:12:18] Successful get url: https://www.bing.com/th?id=OHR.YucatanFlamingos_EN-US4470232432_UHD.jpg
[16:12:18] Picture infomations saved to  global/en-US/README.md
[16:12:18] Picture infomations saved to global/en-US/history/2024/11/11_en-US.md
[16:12:18] Start geting global Bing Wallpaper, region=ja-JP, local time is 2024-11-11 01:12:18.427230+09:00
[16:12:18] Successful get url: https://www.bing.com/th?id=OHR.Banff24_JA-JP2138489803_UHD.jpg
[16:12:18] Picture infomations saved to  global/ja-JP/README.md
[16:12:18] Picture infomations saved to global/ja-JP/history/2024/11/11_ja-JP.md
[16:12:18] Start geting global Bing Wallpaper, region=en-IN, local time is 2024-11-10 21:42:18.574922+05:30
[16:12:18] Successful get url: https://www.bing.com/th?id=OHR.YucatanFlamingos_EN-IN8899301061_UHD.jpg
[16:12:18] Picture infomations saved to  global/en-IN/README.md
[16:12:18] Picture infomations saved to global/en-IN/history/2024/11/10_en-IN.md
[16:12:18] Start geting global Bing Wallpaper, region=pt-BR, local time is 2024-11-10 13:12:18.683052-03:00
[16:12:18] Successful get url: https://www.bing.com/th?id=OHR.YucatanFlamingos_PT-BR2968915702_UHD.jpg
[16:12:18] Picture infomations saved to  global/pt-BR/README.md
[16:12:18] Picture infomations saved to global/pt-BR/history/2024/11/11_pt-BR.md
[16:12:18] Start geting global Bing Wallpaper, region=fr-FR, local time is 2024-11-10 17:12:18.775874+01:00
[16:12:18] Successful get url: https://www.bing.com/th?id=OHR.VendeeGlobe_FR-FR8019139667_UHD.jpg
[16:12:18] Picture infomations saved to  global/fr-FR/README.md
[16:12:18] Picture infomations saved to global/fr-FR/history/2024/11/10_fr-FR.md
[16:12:18] Start geting global Bing Wallpaper, region=de-DE, local time is 2024-11-10 17:12:18.876474+01:00
[16:12:18] Successful get url: https://www.bing.com/th?id=OHR.YucatanFlamingos_DE-DE2009828774_UHD.jpg
[16:12:18] Picture infomations saved to  global/de-DE/README.md
[16:12:18] Picture infomations saved to global/de-DE/history/2024/11/10_de-DE.md
[16:12:18] Start geting global Bing Wallpaper, region=en-CA, local time is 2024-11-10 11:12:18.989312-05:00
[16:12:19] Successful get url: https://www.bing.com/th?id=OHR.YucatanFlamingos_EN-CA4668702589_UHD.jpg
[16:12:19] Picture infomations saved to  global/en-CA/README.md
[16:12:19] Picture infomations saved to global/en-CA/history/2024/11/11_en-CA.md
[16:12:19] Start geting global Bing Wallpaper, region=en-GB, local time is 2024-11-10 16:12:19.090695+00:00
[16:12:19] Successful get url: https://www.bing.com/th?id=OHR.RemembranceSunday2024_EN-GB5545006303_UHD.jpg
[16:12:19] Picture infomations saved to  global/en-GB/README.md
[16:12:19] Picture infomations saved to global/en-GB/history/2024/11/11_en-GB.md
[16:12:19] Start geting global Bing Wallpaper, region=it-IT, local time is 2024-11-10 17:12:19.260607+01:00
[16:12:19] Successful get url: https://www.bing.com/th?id=OHR.YucatanFlamingos_IT-IT6590871746_UHD.jpg
[16:12:19] Picture infomations saved to  global/it-IT/README.md
[16:12:19] Picture infomations saved to global/it-IT/history/2024/11/10_it-IT.md
[16:12:19] Start geting global Bing Wallpaper, region=es-ES, local time is 2024-11-10 17:12:19.363495+01:00
[16:12:19] Successful get url: https://www.bing.com/th?id=OHR.YucatanFlamingos_ES-ES2437405213_UHD.jpg
[16:12:19] Picture infomations saved to  global/es-ES/README.md
[16:12:19] Picture infomations saved to global/es-ES/history/2024/11/10_es-ES.md
[16:12:19] Start geting global Bing Wallpaper, region=fr-CA, local time is 2024-11-10 11:12:19.467018-05:00
[16:12:19] Successful get url: https://www.bing.com/th?id=OHR.YucatanFlamingos_FR-CA1216205304_UHD.jpg
[16:12:19] Picture infomations saved to  global/fr-CA/README.md
[16:12:19] Picture infomations saved to global/fr-CA/history/2024/11/11_fr-CA.md
Program exit at 16:12:19
