
Program started at 09:26:06
Operating System Name: Linux
Operating System Version: #26~22.04.1-Ubuntu SMP Thu Jul 11 22:33:04 UTC 2024
System Architecture: ('64bit', 'ELF')
Computer Type: x86_64
Computer Name: fv-az1773-135
Processor Type: x86_64
Python Version: 3.12.7
Python Interpreter Name: CPython
[09:26:06] Start geting CN Bing Wallpaper
[09:26:06] Successful get url: https://www.bing.com/th?id=OHR.FibonacciAloe_ZH-CN8974137481_UHD.jpg
[09:26:06] Image saved to img/background.jpg
[09:26:06] Info saved to README.md
[09:26:06] Image saved to history/2024/11/23.md
[09:26:06] Start geting global Bing Wallpaper, region=en-US, local time is 2024-11-23 04:26:06.467482-05:00
[09:26:06] Successful get url: https://www.bing.com/th?id=OHR.FibonacciAloe_EN-US5137471725_UHD.jpg
[09:26:06] Picture infomations saved to  global/en-US/README.md
[09:26:06] Picture infomations saved to global/en-US/history/2024/11/24_en-US.md
[09:26:06] Start geting global Bing Wallpaper, region=ja-JP, local time is 2024-11-23 18:26:06.609073+09:00
[09:26:06] Successful get url: https://www.bing.com/th?id=OHR.FibonacciAloe_JA-JP5597690966_UHD.jpg
[09:26:06] Picture infomations saved to  global/ja-JP/README.md
[09:26:06] Picture infomations saved to global/ja-JP/history/2024/11/23_ja-JP.md
[09:26:06] Start geting global Bing Wallpaper, region=en-IN, local time is 2024-11-23 14:56:06.724583+05:30
[09:26:06] Successful get url: https://www.bing.com/th?id=OHR.FibonacciAloe_EN-IN9508407386_UHD.jpg
[09:26:06] Picture infomations saved to  global/en-IN/README.md
[09:26:06] Picture infomations saved to global/en-IN/history/2024/11/23_en-IN.md
[09:26:06] Start geting global Bing Wallpaper, region=pt-BR, local time is 2024-11-23 06:26:06.840826-03:00
[09:26:06] Successful get url: https://www.bing.com/th?id=OHR.FibonacciAloe_PT-BR0422432793_UHD.jpg
[09:26:06] Picture infomations saved to  global/pt-BR/README.md
[09:26:06] Picture infomations saved to global/pt-BR/history/2024/11/24_pt-BR.md
[09:26:06] Start geting global Bing Wallpaper, region=fr-FR, local time is 2024-11-23 10:26:06.938142+01:00
[09:26:07] Successful get url: https://www.bing.com/th?id=OHR.FibonacciAloe_FR-FR2896003531_UHD.jpg
[09:26:07] Picture infomations saved to  global/fr-FR/README.md
[09:26:07] Picture infomations saved to global/fr-FR/history/2024/11/23_fr-FR.md
[09:26:07] Start geting global Bing Wallpaper, region=de-DE, local time is 2024-11-23 10:26:07.037114+01:00
[09:26:07] Successful get url: https://www.bing.com/th?id=OHR.FibonacciAloe_DE-DE3602004497_UHD.jpg
[09:26:07] Picture infomations saved to  global/de-DE/README.md
[09:26:07] Picture infomations saved to global/de-DE/history/2024/11/23_de-DE.md
[09:26:07] Start geting global Bing Wallpaper, region=en-CA, local time is 2024-11-23 04:26:07.151346-05:00
[09:26:07] Successful get url: https://www.bing.com/th?id=OHR.FibonacciAloe_EN-CA1929331075_UHD.jpg
[09:26:07] Picture infomations saved to  global/en-CA/README.md
[09:26:07] Picture infomations saved to global/en-CA/history/2024/11/24_en-CA.md
[09:26:07] Start geting global Bing Wallpaper, region=en-GB, local time is 2024-11-23 09:26:07.350713+00:00
[09:26:07] Successful get url: https://www.bing.com/th?id=OHR.FibonacciAloe_EN-GB8183049694_UHD.jpg
[09:26:07] Picture infomations saved to  global/en-GB/README.md
[09:26:07] Picture infomations saved to global/en-GB/history/2024/11/24_en-GB.md
[09:26:07] Start geting global Bing Wallpaper, region=it-IT, local time is 2024-11-23 10:26:07.486833+01:00
[09:26:07] Successful get url: https://www.bing.com/th?id=OHR.FibonacciAloe_IT-IT7618166733_UHD.jpg
[09:26:07] Picture infomations saved to  global/it-IT/README.md
[09:26:07] Picture infomations saved to global/it-IT/history/2024/11/23_it-IT.md
[09:26:07] Start geting global Bing Wallpaper, region=es-ES, local time is 2024-11-23 10:26:07.593246+01:00
[09:26:07] Successful get url: https://www.bing.com/th?id=OHR.FibonacciAloe_ES-ES2796098950_UHD.jpg
[09:26:07] Picture infomations saved to  global/es-ES/README.md
[09:26:07] Picture infomations saved to global/es-ES/history/2024/11/23_es-ES.md
[09:26:07] Start geting global Bing Wallpaper, region=fr-CA, local time is 2024-11-23 04:26:07.718032-05:00
[09:26:07] Successful get url: https://www.bing.com/th?id=OHR.FibonacciAloe_FR-CA8173645848_UHD.jpg
[09:26:07] Picture infomations saved to  global/fr-CA/README.md
[09:26:07] Picture infomations saved to global/fr-CA/history/2024/11/24_fr-CA.md
Program exit at 09:26:07
