
Program started at 09:28:13
Operating System Name: Linux
Operating System Version: #26~22.04.1-Ubuntu SMP Thu Jul 11 22:33:04 UTC 2024
System Architecture: ('64bit', 'ELF')
Computer Type: x86_64
Computer Name: fv-az1272-19
Processor Type: x86_64
Python Version: 3.12.7
Python Interpreter Name: CPython
[09:28:13] Start geting CN Bing Wallpaper
[09:28:13] Successful get url: https://www.bing.com/th?id=OHR.RedStag_ZH-CN6403546321_UHD.jpg
[09:28:13] Image saved to img/background.jpg
[09:28:13] Info saved to README.md
[09:28:13] Image saved to history/2024/11/17.md
[09:28:13] Start geting global Bing Wallpaper, region=en-US, local time is 2024-11-17 04:28:13.497079-05:00
[09:28:13] Successful get url: https://www.bing.com/th?id=OHR.RedStag_EN-US3910525623_UHD.jpg
[09:28:13] Picture infomations saved to  global/en-US/README.md
[09:28:13] Picture infomations saved to global/en-US/history/2024/11/18_en-US.md
[09:28:13] Start geting global Bing Wallpaper, region=ja-JP, local time is 2024-11-17 18:28:13.769429+09:00
[09:28:13] Successful get url: https://www.bing.com/th?id=OHR.RedStag_JA-JP3676294833_UHD.jpg
[09:28:14] Picture infomations saved to  global/ja-JP/README.md
[09:28:14] Picture infomations saved to global/ja-JP/history/2024/11/17_ja-JP.md
[09:28:14] Start geting global Bing Wallpaper, region=en-IN, local time is 2024-11-17 14:58:14.040090+05:30
[09:28:14] Successful get url: https://www.bing.com/th?id=OHR.RedStag_EN-IN5545228267_UHD.jpg
[09:28:14] Picture infomations saved to  global/en-IN/README.md
[09:28:14] Picture infomations saved to global/en-IN/history/2024/11/17_en-IN.md
[09:28:14] Start geting global Bing Wallpaper, region=pt-BR, local time is 2024-11-17 06:28:14.303718-03:00
[09:28:14] Successful get url: https://www.bing.com/th?id=OHR.RedStag_PT-BR8362159412_UHD.jpg
[09:28:14] Picture infomations saved to  global/pt-BR/README.md
[09:28:14] Picture infomations saved to global/pt-BR/history/2024/11/18_pt-BR.md
[09:28:14] Start geting global Bing Wallpaper, region=fr-FR, local time is 2024-11-17 10:28:14.559867+01:00
[09:28:14] Successful get url: https://www.bing.com/th?id=OHR.RedStag_FR-FR3460398465_UHD.jpg
[09:28:14] Picture infomations saved to  global/fr-FR/README.md
[09:28:14] Picture infomations saved to global/fr-FR/history/2024/11/17_fr-FR.md
[09:28:14] Start geting global Bing Wallpaper, region=de-DE, local time is 2024-11-17 10:28:14.813840+01:00
[09:28:14] Successful get url: https://www.bing.com/th?id=OHR.RedStag_DE-DE2144943138_UHD.jpg
[09:28:15] Picture infomations saved to  global/de-DE/README.md
[09:28:15] Picture infomations saved to global/de-DE/history/2024/11/17_de-DE.md
[09:28:15] Start geting global Bing Wallpaper, region=en-CA, local time is 2024-11-17 04:28:15.073953-05:00
[09:28:15] Successful get url: https://www.bing.com/th?id=OHR.RedStag_EN-CA7140488734_UHD.jpg
[09:28:15] Picture infomations saved to  global/en-CA/README.md
[09:28:15] Picture infomations saved to global/en-CA/history/2024/11/18_en-CA.md
[09:28:15] Start geting global Bing Wallpaper, region=en-GB, local time is 2024-11-17 09:28:15.342759+00:00
[09:28:15] Successful get url: https://www.bing.com/th?id=OHR.RedStag_EN-GB6258351570_UHD.jpg
[09:28:15] Picture infomations saved to  global/en-GB/README.md
[09:28:15] Picture infomations saved to global/en-GB/history/2024/11/18_en-GB.md
[09:28:15] Start geting global Bing Wallpaper, region=it-IT, local time is 2024-11-17 10:28:15.601130+01:00
[09:28:15] Successful get url: https://www.bing.com/th?id=OHR.RedStag_IT-IT8661593020_UHD.jpg
[09:28:15] Picture infomations saved to  global/it-IT/README.md
[09:28:15] Picture infomations saved to global/it-IT/history/2024/11/17_it-IT.md
[09:28:15] Start geting global Bing Wallpaper, region=es-ES, local time is 2024-11-17 10:28:15.854252+01:00
[09:28:15] Successful get url: https://www.bing.com/th?id=OHR.RedStag_ES-ES1306068439_UHD.jpg
[09:28:16] Picture infomations saved to  global/es-ES/README.md
[09:28:16] Picture infomations saved to global/es-ES/history/2024/11/17_es-ES.md
[09:28:16] Start geting global Bing Wallpaper, region=fr-CA, local time is 2024-11-17 04:28:16.120258-05:00
[09:28:16] Successful get url: https://www.bing.com/th?id=OHR.RedStag_FR-CA2767952011_UHD.jpg
[09:28:16] Picture infomations saved to  global/fr-CA/README.md
[09:28:16] Picture infomations saved to global/fr-CA/history/2024/11/18_fr-CA.md
Program exit at 09:28:16
