
Program started at 09:28:26
Operating System Name: Linux
Operating System Version: #26~22.04.1-Ubuntu SMP Thu Jul 11 22:33:04 UTC 2024
System Architecture: ('64bit', 'ELF')
Computer Type: x86_64
Computer Name: fv-az1205-760
Processor Type: x86_64
Python Version: 3.12.7
Python Interpreter Name: CPython
[09:28:26] Start geting CN Bing Wallpaper
[09:28:26] Successful get url: https://www.bing.com/th?id=OHR.Banff24_ZH-CN1156176817_UHD.jpg
[09:28:26] Image saved to img/background.jpg
[09:28:26] Info saved to README.md
[09:28:26] Image saved to history/2024/11/11.md
[09:28:26] Start geting global Bing Wallpaper, region=en-US, local time is 2024-11-11 04:28:26.613748-05:00
[09:28:26] Successful get url: https://www.bing.com/th?id=OHR.VeteranReflections_EN-US4567357121_UHD.jpg
[09:28:26] Picture infomations saved to  global/en-US/README.md
[09:28:26] Picture infomations saved to global/en-US/history/2024/11/12_en-US.md
[09:28:26] Start geting global Bing Wallpaper, region=ja-JP, local time is 2024-11-11 18:28:26.749799+09:00
[09:28:26] Successful get url: https://www.bing.com/th?id=OHR.Banff24_JA-JP2138489803_UHD.jpg
[09:28:26] Picture infomations saved to  global/ja-JP/README.md
[09:28:26] Picture infomations saved to global/ja-JP/history/2024/11/11_ja-JP.md
[09:28:26] Start geting global Bing Wallpaper, region=en-IN, local time is 2024-11-11 14:58:26.862876+05:30
[09:28:26] Successful get url: https://www.bing.com/th?id=OHR.Banff24_EN-IN9205670476_UHD.jpg
[09:28:27] Picture infomations saved to  global/en-IN/README.md
[09:28:27] Picture infomations saved to global/en-IN/history/2024/11/11_en-IN.md
[09:28:27] Start geting global Bing Wallpaper, region=pt-BR, local time is 2024-11-11 06:28:27.067966-03:00
[09:28:27] Successful get url: https://www.bing.com/th?id=OHR.Banff24_PT-BR3167336781_UHD.jpg
[09:28:27] Picture infomations saved to  global/pt-BR/README.md
[09:28:27] Picture infomations saved to global/pt-BR/history/2024/11/12_pt-BR.md
[09:28:27] Start geting global Bing Wallpaper, region=fr-FR, local time is 2024-11-11 10:28:27.167778+01:00
[09:28:27] Successful get url: https://www.bing.com/th?id=OHR.Banff24_FR-FR8236269164_UHD.jpg
[09:28:27] Picture infomations saved to  global/fr-FR/README.md
[09:28:27] Picture infomations saved to global/fr-FR/history/2024/11/11_fr-FR.md
[09:28:27] Start geting global Bing Wallpaper, region=de-DE, local time is 2024-11-11 10:28:27.259498+01:00
[09:28:27] Successful get url: https://www.bing.com/th?id=OHR.Banff24_DE-DE3210390625_UHD.jpg
[09:28:27] Picture infomations saved to  global/de-DE/README.md
[09:28:27] Picture infomations saved to global/de-DE/history/2024/11/11_de-DE.md
[09:28:27] Start geting global Bing Wallpaper, region=en-CA, local time is 2024-11-11 04:28:27.361406-05:00
[09:28:27] Successful get url: https://www.bing.com/th?id=OHR.Banff24_EN-CA4781010771_UHD.jpg
[09:28:27] Picture infomations saved to  global/en-CA/README.md
[09:28:27] Picture infomations saved to global/en-CA/history/2024/11/12_en-CA.md
[09:28:27] Start geting global Bing Wallpaper, region=en-GB, local time is 2024-11-11 09:28:27.463431+00:00
[09:28:27] Successful get url: https://www.bing.com/th?id=OHR.Banff24_EN-GB6552811708_UHD.jpg
[09:28:27] Picture infomations saved to  global/en-GB/README.md
[09:28:27] Picture infomations saved to global/en-GB/history/2024/11/12_en-GB.md
[09:28:27] Start geting global Bing Wallpaper, region=it-IT, local time is 2024-11-11 10:28:27.594990+01:00
[09:28:27] Successful get url: https://www.bing.com/th?id=OHR.Banff24_IT-IT4414822450_UHD.jpg
[09:28:27] Picture infomations saved to  global/it-IT/README.md
[09:28:27] Picture infomations saved to global/it-IT/history/2024/11/11_it-IT.md
[09:28:27] Start geting global Bing Wallpaper, region=es-ES, local time is 2024-11-11 10:28:27.692242+01:00
[09:28:27] Successful get url: https://www.bing.com/th?id=OHR.Banff24_ES-ES2715898472_UHD.jpg
[09:28:27] Picture infomations saved to  global/es-ES/README.md
[09:28:27] Picture infomations saved to global/es-ES/history/2024/11/11_es-ES.md
[09:28:27] Start geting global Bing Wallpaper, region=fr-CA, local time is 2024-11-11 04:28:27.802644-05:00
[09:28:27] Successful get url: https://www.bing.com/th?id=OHR.Banff24_FR-CA1813240291_UHD.jpg
[09:28:27] Picture infomations saved to  global/fr-CA/README.md
[09:28:27] Picture infomations saved to global/fr-CA/history/2024/11/12_fr-CA.md
Program exit at 09:28:27
