
Program started at 09:30:08
Operating System Name: Linux
Operating System Version: #26~22.04.1-Ubuntu SMP Thu Jul 11 22:33:04 UTC 2024
System Architecture: ('64bit', 'ELF')
Computer Type: x86_64
Computer Name: fv-az568-604
Processor Type: x86_64
Python Version: 3.12.7
Python Interpreter Name: CPython
[09:30:08] Start geting CN Bing Wallpaper
[09:30:08] Successful get url: https://www.bing.com/th?id=OHR.AmboseliGiraffes_ZH-CN9276085602_UHD.jpg
[09:30:08] Image saved to img/background.jpg
[09:30:08] Info saved to README.md
[09:30:08] Image saved to history/2024/11/25.md
[09:30:08] Start geting global Bing Wallpaper, region=en-US, local time is 2024-11-25 04:30:08.425930-05:00
[09:30:08] Successful get url: https://www.bing.com/th?id=OHR.AmboseliGiraffes_EN-US9072366924_UHD.jpg
[09:30:08] Picture infomations saved to  global/en-US/README.md
[09:30:08] Picture infomations saved to global/en-US/history/2024/11/26_en-US.md
[09:30:08] Start geting global Bing Wallpaper, region=ja-JP, local time is 2024-11-25 18:30:08.579381+09:00
[09:30:08] Successful get url: https://www.bing.com/th?id=OHR.AmboseliGiraffes_JA-JP2992203136_UHD.jpg
[09:30:08] Picture infomations saved to  global/ja-JP/README.md
[09:30:08] Picture infomations saved to global/ja-JP/history/2024/11/25_ja-JP.md
[09:30:08] Start geting global Bing Wallpaper, region=en-IN, local time is 2024-11-25 15:00:08.790754+05:30
[09:30:08] Successful get url: https://www.bing.com/th?id=OHR.AmboseliGiraffes_EN-IN4832251197_UHD.jpg
[09:30:08] Picture infomations saved to  global/en-IN/README.md
[09:30:08] Picture infomations saved to global/en-IN/history/2024/11/25_en-IN.md
[09:30:08] Start geting global Bing Wallpaper, region=pt-BR, local time is 2024-11-25 06:30:08.893220-03:00
[09:30:08] Successful get url: https://www.bing.com/th?id=OHR.AmboseliGiraffes_PT-BR7213408743_UHD.jpg
[09:30:09] Picture infomations saved to  global/pt-BR/README.md
[09:30:09] Picture infomations saved to global/pt-BR/history/2024/11/26_pt-BR.md
[09:30:09] Start geting global Bing Wallpaper, region=fr-FR, local time is 2024-11-25 10:30:09.063605+01:00
[09:30:09] Successful get url: https://www.bing.com/th?id=OHR.AmboseliGiraffes_FR-FR8363811171_UHD.jpg
[09:30:09] Picture infomations saved to  global/fr-FR/README.md
[09:30:09] Picture infomations saved to global/fr-FR/history/2024/11/25_fr-FR.md
[09:30:09] Start geting global Bing Wallpaper, region=de-DE, local time is 2024-11-25 10:30:09.267560+01:00
[09:30:09] Successful get url: https://www.bing.com/th?id=OHR.RegensburgChristmasMarket_DE-DE8576246094_UHD.jpg
[09:30:09] Picture infomations saved to  global/de-DE/README.md
[09:30:09] Picture infomations saved to global/de-DE/history/2024/11/25_de-DE.md
[09:30:09] Start geting global Bing Wallpaper, region=en-CA, local time is 2024-11-25 04:30:09.409817-05:00
[09:30:09] Successful get url: https://www.bing.com/th?id=OHR.AmboseliGiraffes_EN-CA6129428319_UHD.jpg
[09:30:09] Picture infomations saved to  global/en-CA/README.md
[09:30:09] Picture infomations saved to global/en-CA/history/2024/11/26_en-CA.md
[09:30:09] Start geting global Bing Wallpaper, region=en-GB, local time is 2024-11-25 09:30:09.526505+00:00
[09:30:09] Successful get url: https://www.bing.com/th?id=OHR.AmboseliGiraffes_EN-GB4842022174_UHD.jpg
[09:30:09] Picture infomations saved to  global/en-GB/README.md
[09:30:09] Picture infomations saved to global/en-GB/history/2024/11/26_en-GB.md
[09:30:09] Start geting global Bing Wallpaper, region=it-IT, local time is 2024-11-25 10:30:09.804098+01:00
[09:30:09] Successful get url: https://www.bing.com/th?id=OHR.CowsInAlpineValley_IT-IT8150386866_UHD.jpg
[09:30:09] Picture infomations saved to  global/it-IT/README.md
[09:30:09] Picture infomations saved to global/it-IT/history/2024/11/25_it-IT.md
[09:30:09] Start geting global Bing Wallpaper, region=es-ES, local time is 2024-11-25 10:30:09.957854+01:00
[09:30:10] Successful get url: https://www.bing.com/th?id=OHR.AmboseliGiraffes_ES-ES5878697343_UHD.jpg
[09:30:10] Picture infomations saved to  global/es-ES/README.md
[09:30:10] Picture infomations saved to global/es-ES/history/2024/11/25_es-ES.md
[09:30:10] Start geting global Bing Wallpaper, region=fr-CA, local time is 2024-11-25 04:30:10.132679-05:00
[09:30:10] Successful get url: https://www.bing.com/th?id=OHR.AmboseliGiraffes_FR-CA7584281914_UHD.jpg
[09:30:10] Picture infomations saved to  global/fr-CA/README.md
[09:30:10] Picture infomations saved to global/fr-CA/history/2024/11/26_fr-CA.md
Program exit at 09:30:10

Program started at 16:15:28
Operating System Name: Linux
Operating System Version: #26~22.04.1-Ubuntu SMP Thu Jul 11 22:33:04 UTC 2024
System Architecture: ('64bit', 'ELF')
Computer Type: x86_64
Computer Name: fv-az532-134
Processor Type: x86_64
Python Version: 3.12.7
Python Interpreter Name: CPython
[16:15:28] Start geting CN Bing Wallpaper
[16:15:28] Successful get url: https://www.bing.com/th?id=OHR.TrulliGrove_ZH-CN9519400567_UHD.jpg
[16:15:28] Image saved to img/background.jpg
[16:15:28] Info saved to README.md
[16:15:28] Image saved to history/2024/11/26.md
[16:15:28] Start geting global Bing Wallpaper, region=en-US, local time is 2024-11-25 11:15:28.460926-05:00
[16:15:28] Successful get url: https://www.bing.com/th?id=OHR.AmboseliGiraffes_EN-US9072366924_UHD.jpg
[16:15:28] Picture infomations saved to  global/en-US/README.md
[16:15:28] Picture infomations saved to global/en-US/history/2024/11/26_en-US.md
[16:15:28] Start geting global Bing Wallpaper, region=ja-JP, local time is 2024-11-26 01:15:28.623155+09:00
[16:15:28] Successful get url: https://www.bing.com/th?id=OHR.HotBathDay2024_JA-JP6338825094_UHD.jpg
[16:15:28] Picture infomations saved to  global/ja-JP/README.md
[16:15:28] Picture infomations saved to global/ja-JP/history/2024/11/26_ja-JP.md
[16:15:28] Start geting global Bing Wallpaper, region=en-IN, local time is 2024-11-25 21:45:28.834850+05:30
[16:15:28] Successful get url: https://www.bing.com/th?id=OHR.AmboseliGiraffes_EN-IN4832251197_UHD.jpg
[16:15:29] Picture infomations saved to  global/en-IN/README.md
[16:15:29] Picture infomations saved to global/en-IN/history/2024/11/25_en-IN.md
[16:15:29] Start geting global Bing Wallpaper, region=pt-BR, local time is 2024-11-25 13:15:29.681687-03:00
[16:15:29] Successful get url: https://www.bing.com/th?id=OHR.AmboseliGiraffes_PT-BR7213408743_UHD.jpg
[16:15:29] Picture infomations saved to  global/pt-BR/README.md
[16:15:29] Picture infomations saved to global/pt-BR/history/2024/11/26_pt-BR.md
[16:15:29] Start geting global Bing Wallpaper, region=fr-FR, local time is 2024-11-25 17:15:29.829518+01:00
[16:15:29] Successful get url: https://www.bing.com/th?id=OHR.AmboseliGiraffes_FR-FR8363811171_UHD.jpg
[16:15:29] Picture infomations saved to  global/fr-FR/README.md
[16:15:29] Picture infomations saved to global/fr-FR/history/2024/11/25_fr-FR.md
[16:15:29] Start geting global Bing Wallpaper, region=de-DE, local time is 2024-11-25 17:15:29.988231+01:00
[16:15:30] Successful get url: https://www.bing.com/th?id=OHR.RegensburgChristmasMarket_DE-DE8576246094_UHD.jpg
[16:15:30] Picture infomations saved to  global/de-DE/README.md
[16:15:30] Picture infomations saved to global/de-DE/history/2024/11/25_de-DE.md
[16:15:30] Start geting global Bing Wallpaper, region=en-CA, local time is 2024-11-25 11:15:30.155408-05:00
[16:15:30] Successful get url: https://www.bing.com/th?id=OHR.AmboseliGiraffes_EN-CA6129428319_UHD.jpg
[16:15:30] Picture infomations saved to  global/en-CA/README.md
[16:15:30] Picture infomations saved to global/en-CA/history/2024/11/26_en-CA.md
[16:15:30] Start geting global Bing Wallpaper, region=en-GB, local time is 2024-11-25 16:15:30.340368+00:00
[16:15:30] Successful get url: https://www.bing.com/th?id=OHR.AmboseliGiraffes_EN-GB4842022174_UHD.jpg
[16:15:30] Picture infomations saved to  global/en-GB/README.md
[16:15:30] Picture infomations saved to global/en-GB/history/2024/11/26_en-GB.md
[16:15:30] Start geting global Bing Wallpaper, region=it-IT, local time is 2024-11-25 17:15:30.490458+01:00
[16:15:30] Successful get url: https://www.bing.com/th?id=OHR.CowsInAlpineValley_IT-IT8150386866_UHD.jpg
[16:15:30] Picture infomations saved to  global/it-IT/README.md
[16:15:30] Picture infomations saved to global/it-IT/history/2024/11/25_it-IT.md
[16:15:30] Start geting global Bing Wallpaper, region=es-ES, local time is 2024-11-25 17:15:30.660677+01:00
[16:15:30] Successful get url: https://www.bing.com/th?id=OHR.AmboseliGiraffes_ES-ES5878697343_UHD.jpg
[16:15:30] Picture infomations saved to  global/es-ES/README.md
[16:15:30] Picture infomations saved to global/es-ES/history/2024/11/25_es-ES.md
[16:15:30] Start geting global Bing Wallpaper, region=fr-CA, local time is 2024-11-25 11:15:30.865440-05:00
[16:15:30] Successful get url: https://www.bing.com/th?id=OHR.AmboseliGiraffes_FR-CA7584281914_UHD.jpg
[16:15:31] Picture infomations saved to  global/fr-CA/README.md
[16:15:31] Picture infomations saved to global/fr-CA/history/2024/11/26_fr-CA.md
Program exit at 16:15:31
