
Program started at 09:27:52
Operating System Name: Linux
Operating System Version: #26~22.04.1-Ubuntu SMP Thu Jul 11 22:33:04 UTC 2024
System Architecture: ('64bit', 'ELF')
Computer Type: x86_64
Computer Name: fv-az1383-5
Processor Type: x86_64
Python Version: 3.12.7
Python Interpreter Name: CPython
[09:27:52] Start geting CN Bing Wallpaper
[09:27:52] Successful get url: https://www.bing.com/th?id=OHR.CoveArch_ZH-CN1281140578_UHD.jpg
[09:27:52] Image saved to img/background.jpg
[09:27:52] Info saved to README.md
[09:27:52] Image saved to history/2024/11/12.md
[09:27:52] Start geting global Bing Wallpaper, region=en-US, local time is 2024-11-12 04:27:52.688848-05:00
[09:27:52] Successful get url: https://www.bing.com/th?id=OHR.CoveArch_EN-US4653050772_UHD.jpg
[09:27:52] Picture infomations saved to  global/en-US/README.md
[09:27:52] Picture infomations saved to global/en-US/history/2024/11/13_en-US.md
[09:27:52] Start geting global Bing Wallpaper, region=ja-JP, local time is 2024-11-12 18:27:52.811596+09:00
[09:27:52] Successful get url: https://www.bing.com/th?id=OHR.CoveArch_JA-JP2301146228_UHD.jpg
[09:27:52] Picture infomations saved to  global/ja-JP/README.md
[09:27:52] Picture infomations saved to global/ja-JP/history/2024/11/12_ja-JP.md
[09:27:52] Start geting global Bing Wallpaper, region=en-IN, local time is 2024-11-12 14:57:52.918592+05:30
[09:27:52] Successful get url: https://www.bing.com/th?id=OHR.VineyardsBlackForestFall_EN-IN7604889650_UHD.jpg
[09:27:53] Picture infomations saved to  global/en-IN/README.md
[09:27:53] Picture infomations saved to global/en-IN/history/2024/11/12_en-IN.md
[09:27:53] Start geting global Bing Wallpaper, region=pt-BR, local time is 2024-11-12 06:27:53.039884-03:00
[09:27:53] Successful get url: https://www.bing.com/th?id=OHR.CoveArch_PT-BR3365210428_UHD.jpg
[09:27:53] Picture infomations saved to  global/pt-BR/README.md
[09:27:53] Picture infomations saved to global/pt-BR/history/2024/11/13_pt-BR.md
[09:27:53] Start geting global Bing Wallpaper, region=fr-FR, local time is 2024-11-12 10:27:53.157963+01:00
[09:27:53] Successful get url: https://www.bing.com/th?id=OHR.Moorea_FR-FR8377929183_UHD.jpg
[09:27:53] Picture infomations saved to  global/fr-FR/README.md
[09:27:53] Picture infomations saved to global/fr-FR/history/2024/11/12_fr-FR.md
[09:27:53] Start geting global Bing Wallpaper, region=de-DE, local time is 2024-11-12 10:27:53.254194+01:00
[09:27:53] Successful get url: https://www.bing.com/th?id=OHR.MoselleValleyChurchTowerFall_DE-DE0272111000_UHD.jpg
[09:27:53] Picture infomations saved to  global/de-DE/README.md
[09:27:53] Picture infomations saved to global/de-DE/history/2024/11/12_de-DE.md
[09:27:53] Start geting global Bing Wallpaper, region=en-CA, local time is 2024-11-12 04:27:53.360373-05:00
[09:27:53] Successful get url: https://www.bing.com/th?id=OHR.CoveArch_EN-CA4941949574_UHD.jpg
[09:27:53] Picture infomations saved to  global/en-CA/README.md
[09:27:53] Picture infomations saved to global/en-CA/history/2024/11/13_en-CA.md
[09:27:53] Start geting global Bing Wallpaper, region=en-GB, local time is 2024-11-12 09:27:53.467113+00:00
[09:27:53] Successful get url: https://www.bing.com/th?id=OHR.CoveArch_EN-GB6800987516_UHD.jpg
[09:27:53] Picture infomations saved to  global/en-GB/README.md
[09:27:53] Picture infomations saved to global/en-GB/history/2024/11/13_en-GB.md
[09:27:53] Start geting global Bing Wallpaper, region=it-IT, local time is 2024-11-12 10:27:53.567301+01:00
[09:27:53] Successful get url: https://www.bing.com/th?id=OHR.CoveArch_IT-IT5409061813_UHD.jpg
[09:27:53] Picture infomations saved to  global/it-IT/README.md
[09:27:53] Picture infomations saved to global/it-IT/history/2024/11/12_it-IT.md
[09:27:53] Start geting global Bing Wallpaper, region=es-ES, local time is 2024-11-12 10:27:53.662106+01:00
[09:27:53] Successful get url: https://www.bing.com/th?id=OHR.CoveArch_ES-ES3565340403_UHD.jpg
[09:27:53] Picture infomations saved to  global/es-ES/README.md
[09:27:53] Picture infomations saved to global/es-ES/history/2024/11/12_es-ES.md
[09:27:53] Start geting global Bing Wallpaper, region=fr-CA, local time is 2024-11-12 04:27:53.758760-05:00
[09:27:53] Successful get url: https://www.bing.com/th?id=OHR.CoveArch_FR-CA2004655005_UHD.jpg
[09:27:53] Picture infomations saved to  global/fr-CA/README.md
[09:27:53] Picture infomations saved to global/fr-CA/history/2024/11/13_fr-CA.md
Program exit at 09:27:53

Program started at 16:14:24
Operating System Name: Linux
Operating System Version: #26~22.04.1-Ubuntu SMP Thu Jul 11 22:33:04 UTC 2024
System Architecture: ('64bit', 'ELF')
Computer Type: x86_64
Computer Name: fv-az1380-543
Processor Type: x86_64
Python Version: 3.12.7
Python Interpreter Name: CPython
[16:14:24] Start geting CN Bing Wallpaper
[16:14:24] Successful get url: https://www.bing.com/th?id=OHR.KelpForest_ZH-CN2357269491_UHD.jpg
[16:14:24] Image saved to img/background.jpg
[16:14:24] Info saved to README.md
[16:14:24] Image saved to history/2024/11/13.md
[16:14:24] Start geting global Bing Wallpaper, region=en-US, local time is 2024-11-12 11:14:24.638746-05:00
[16:14:24] Successful get url: https://www.bing.com/th?id=OHR.CoveArch_EN-US4653050772_UHD.jpg
[16:14:24] Picture infomations saved to  global/en-US/README.md
[16:14:24] Picture infomations saved to global/en-US/history/2024/11/13_en-US.md
[16:14:24] Start geting global Bing Wallpaper, region=ja-JP, local time is 2024-11-13 01:14:24.813569+09:00
[16:14:24] Successful get url: https://www.bing.com/th?id=OHR.KelpForest_JA-JP2433405735_UHD.jpg
[16:14:24] Picture infomations saved to  global/ja-JP/README.md
[16:14:24] Picture infomations saved to global/ja-JP/history/2024/11/13_ja-JP.md
[16:14:24] Start geting global Bing Wallpaper, region=en-IN, local time is 2024-11-12 21:44:24.995883+05:30
[16:14:25] Successful get url: https://www.bing.com/th?id=OHR.VineyardsBlackForestFall_EN-IN7604889650_UHD.jpg
[16:14:25] Picture infomations saved to  global/en-IN/README.md
[16:14:25] Picture infomations saved to global/en-IN/history/2024/11/12_en-IN.md
[16:14:25] Start geting global Bing Wallpaper, region=pt-BR, local time is 2024-11-12 13:14:25.172232-03:00
[16:14:25] Successful get url: https://www.bing.com/th?id=OHR.CoveArch_PT-BR3365210428_UHD.jpg
[16:14:25] Picture infomations saved to  global/pt-BR/README.md
[16:14:25] Picture infomations saved to global/pt-BR/history/2024/11/13_pt-BR.md
[16:14:25] Start geting global Bing Wallpaper, region=fr-FR, local time is 2024-11-12 17:14:25.273826+01:00
[16:14:25] Successful get url: https://www.bing.com/th?id=OHR.Moorea_FR-FR8377929183_UHD.jpg
[16:14:25] Picture infomations saved to  global/fr-FR/README.md
[16:14:25] Picture infomations saved to global/fr-FR/history/2024/11/12_fr-FR.md
[16:14:25] Start geting global Bing Wallpaper, region=de-DE, local time is 2024-11-12 17:14:25.371226+01:00
[16:14:25] Successful get url: https://www.bing.com/th?id=OHR.MoselleValleyChurchTowerFall_DE-DE0272111000_UHD.jpg
[16:14:25] Picture infomations saved to  global/de-DE/README.md
[16:14:25] Picture infomations saved to global/de-DE/history/2024/11/12_de-DE.md
[16:14:25] Start geting global Bing Wallpaper, region=en-CA, local time is 2024-11-12 11:14:25.500229-05:00
[16:14:25] Successful get url: https://www.bing.com/th?id=OHR.CoveArch_EN-CA4941949574_UHD.jpg
[16:14:25] Picture infomations saved to  global/en-CA/README.md
[16:14:25] Picture infomations saved to global/en-CA/history/2024/11/13_en-CA.md
[16:14:25] Start geting global Bing Wallpaper, region=en-GB, local time is 2024-11-12 16:14:25.596899+00:00
[16:14:25] Successful get url: https://www.bing.com/th?id=OHR.CoveArch_EN-GB6800987516_UHD.jpg
[16:14:25] Picture infomations saved to  global/en-GB/README.md
[16:14:25] Picture infomations saved to global/en-GB/history/2024/11/13_en-GB.md
[16:14:25] Start geting global Bing Wallpaper, region=it-IT, local time is 2024-11-12 17:14:25.722931+01:00
[16:14:25] Successful get url: https://www.bing.com/th?id=OHR.CoveArch_IT-IT5409061813_UHD.jpg
[16:14:25] Picture infomations saved to  global/it-IT/README.md
[16:14:25] Picture infomations saved to global/it-IT/history/2024/11/12_it-IT.md
[16:14:25] Start geting global Bing Wallpaper, region=es-ES, local time is 2024-11-12 17:14:25.814025+01:00
[16:14:25] Successful get url: https://www.bing.com/th?id=OHR.CoveArch_ES-ES3565340403_UHD.jpg
[16:14:25] Picture infomations saved to  global/es-ES/README.md
[16:14:25] Picture infomations saved to global/es-ES/history/2024/11/12_es-ES.md
[16:14:25] Start geting global Bing Wallpaper, region=fr-CA, local time is 2024-11-12 11:14:25.911422-05:00
[16:14:25] Successful get url: https://www.bing.com/th?id=OHR.CoveArch_FR-CA2004655005_UHD.jpg
[16:14:26] Picture infomations saved to  global/fr-CA/README.md
[16:14:26] Picture infomations saved to global/fr-CA/history/2024/11/13_fr-CA.md
Program exit at 16:14:26
