
Program started at 09:28:20
Operating System Name: Linux
Operating System Version: #26~22.04.1-Ubuntu SMP Thu Jul 11 22:33:04 UTC 2024
System Architecture: ('64bit', 'ELF')
Computer Type: x86_64
Computer Name: fv-az1498-554
Processor Type: x86_64
Python Version: 3.12.7
Python Interpreter Name: CPython
[09:28:20] Start geting CN Bing Wallpaper
[09:28:20] Successful get url: https://www.bing.com/th?id=OHR.YiPengLanterns_ZH-CN5613043353_UHD.jpg
[09:28:20] Image saved to img/background.jpg
[09:28:20] Info saved to README.md
[09:28:20] Image saved to history/2024/11/15.md
[09:28:20] Start geting global Bing Wallpaper, region=en-US, local time is 2024-11-15 04:28:20.822783-05:00
[09:28:20] Successful get url: https://www.bing.com/th?id=OHR.YiPengLanterns_EN-US2889801198_UHD.jpg
[09:28:20] Picture infomations saved to  global/en-US/README.md
[09:28:20] Picture infomations saved to global/en-US/history/2024/11/16_en-US.md
[09:28:20] Start geting global Bing Wallpaper, region=ja-JP, local time is 2024-11-15 18:28:20.985794+09:00
[09:28:21] Successful get url: https://www.bing.com/th?id=OHR.YiPengLanterns_JA-JP3002354354_UHD.jpg
[09:28:21] Picture infomations saved to  global/ja-JP/README.md
[09:28:21] Picture infomations saved to global/ja-JP/history/2024/11/15_ja-JP.md
[09:28:21] Start geting global Bing Wallpaper, region=en-IN, local time is 2024-11-15 14:58:21.122230+05:30
[09:28:21] Successful get url: https://www.bing.com/th?id=OHR.YiPengLanterns_EN-IN5031761378_UHD.jpg
[09:28:21] Picture infomations saved to  global/en-IN/README.md
[09:28:21] Picture infomations saved to global/en-IN/history/2024/11/15_en-IN.md
[09:28:21] Start geting global Bing Wallpaper, region=pt-BR, local time is 2024-11-15 06:28:21.282650-03:00
[09:28:21] Successful get url: https://www.bing.com/th?id=OHR.RepublicaBR_PT-BR7751607802_UHD.jpg
[09:28:21] Picture infomations saved to  global/pt-BR/README.md
[09:28:21] Picture infomations saved to global/pt-BR/history/2024/11/16_pt-BR.md
[09:28:21] Start geting global Bing Wallpaper, region=fr-FR, local time is 2024-11-15 10:28:21.479526+01:00
[09:28:21] Successful get url: https://www.bing.com/th?id=OHR.YiPengLanterns_FR-FR2863208745_UHD.jpg
[09:28:21] Picture infomations saved to  global/fr-FR/README.md
[09:28:21] Picture infomations saved to global/fr-FR/history/2024/11/15_fr-FR.md
[09:28:21] Start geting global Bing Wallpaper, region=de-DE, local time is 2024-11-15 10:28:21.616144+01:00
[09:28:21] Successful get url: https://www.bing.com/th?id=OHR.YiPengLanterns_DE-DE1312879989_UHD.jpg
[09:28:21] Picture infomations saved to  global/de-DE/README.md
[09:28:21] Picture infomations saved to global/de-DE/history/2024/11/15_de-DE.md
[09:28:21] Start geting global Bing Wallpaper, region=en-CA, local time is 2024-11-15 04:28:21.762530-05:00
[09:28:21] Successful get url: https://www.bing.com/th?id=OHR.YiPengLanterns_EN-CA5878267253_UHD.jpg
[09:28:21] Picture infomations saved to  global/en-CA/README.md
[09:28:21] Picture infomations saved to global/en-CA/history/2024/11/16_en-CA.md
[09:28:21] Start geting global Bing Wallpaper, region=en-GB, local time is 2024-11-15 09:28:21.904503+00:00
[09:28:21] Successful get url: https://www.bing.com/th?id=OHR.YiPengLanterns_EN-GB5743270673_UHD.jpg
[09:28:22] Picture infomations saved to  global/en-GB/README.md
[09:28:22] Picture infomations saved to global/en-GB/history/2024/11/16_en-GB.md
[09:28:22] Start geting global Bing Wallpaper, region=it-IT, local time is 2024-11-15 10:28:22.047113+01:00
[09:28:22] Successful get url: https://www.bing.com/th?id=OHR.YiPengLanterns_IT-IT3348534532_UHD.jpg
[09:28:22] Picture infomations saved to  global/it-IT/README.md
[09:28:22] Picture infomations saved to global/it-IT/history/2024/11/15_it-IT.md
[09:28:22] Start geting global Bing Wallpaper, region=es-ES, local time is 2024-11-15 10:28:22.203215+01:00
[09:28:22] Successful get url: https://www.bing.com/th?id=OHR.YiPengLanterns_ES-ES0717973586_UHD.jpg
[09:28:22] Picture infomations saved to  global/es-ES/README.md
[09:28:22] Picture infomations saved to global/es-ES/history/2024/11/15_es-ES.md
[09:28:22] Start geting global Bing Wallpaper, region=fr-CA, local time is 2024-11-15 04:28:22.358009-05:00
[09:28:22] Successful get url: https://www.bing.com/th?id=OHR.YiPengLanterns_FR-CA2324998357_UHD.jpg
[09:28:22] Picture infomations saved to  global/fr-CA/README.md
[09:28:22] Picture infomations saved to global/fr-CA/history/2024/11/16_fr-CA.md
Program exit at 09:28:22
