
Program started at 09:27:20
Operating System Name: Linux
Operating System Version: #12~24.04.1-Ubuntu SMP Mon Mar 10 19:00:39 UTC 2025
System Architecture: ('64bit', 'ELF')
Computer Type: x86_64
Computer Name: fv-az1705-286
Processor Type: x86_64
Python Version: 3.12.10
Python Interpreter Name: CPython
[09:27:20] Start geting CN Bing Wallpaper
[09:27:20] Successful get url: https://www.bing.com/th?id=OHR.BrucePeninsula_ZH-CN3258296517_UHD.jpg
[09:27:20] Image saved to img/background.jpg
[09:27:20] Info saved to README.md
[09:27:20] Image saved to history/2025/04/26.md
[09:27:20] Start geting global Bing Wallpaper, region=en-US, local time is 2025-04-26 05:27:20.822619-04:00
[09:27:20] Successful get url: https://www.bing.com/th?id=OHR.RedwoodGrove_EN-US3412092024_UHD.jpg
[09:27:20] Picture infomations saved to  global/en-US/README.md
[09:27:20] Picture infomations saved to global/en-US/history/2025/04/27_en-US.md
[09:27:20] Start geting global Bing Wallpaper, region=ja-JP, local time is 2025-04-26 18:27:20.929766+09:00
[09:27:20] Successful get url: https://www.bing.com/th?id=OHR.MaligneLakeJasper_JA-JP2332159486_UHD.jpg
[09:27:21] Picture infomations saved to  global/ja-JP/README.md
[09:27:21] Picture infomations saved to global/ja-JP/history/2025/04/26_ja-JP.md
[09:27:21] Start geting global Bing Wallpaper, region=en-IN, local time is 2025-04-26 14:57:21.067276+05:30
[09:27:21] Successful get url: https://www.bing.com/th?id=OHR.BrucePeninsula_EN-IN1803718083_UHD.jpg
[09:27:21] Picture infomations saved to  global/en-IN/README.md
[09:27:21] Picture infomations saved to global/en-IN/history/2025/04/26_en-IN.md
[09:27:21] Start geting global Bing Wallpaper, region=pt-BR, local time is 2025-04-26 06:27:21.163908-03:00
[09:27:21] Successful get url: https://www.bing.com/th?id=OHR.BrucePeninsula_PT-BR5440463539_UHD.jpg
[09:27:21] Picture infomations saved to  global/pt-BR/README.md
[09:27:21] Picture infomations saved to global/pt-BR/history/2025/04/27_pt-BR.md
[09:27:21] Start geting global Bing Wallpaper, region=fr-FR, local time is 2025-04-26 11:27:21.255408+02:00
[09:27:21] Successful get url: https://www.bing.com/th?id=OHR.BrucePeninsula_FR-FR8669320621_UHD.jpg
[09:27:21] Picture infomations saved to  global/fr-FR/README.md
[09:27:21] Picture infomations saved to global/fr-FR/history/2025/04/26_fr-FR.md
[09:27:21] Start geting global Bing Wallpaper, region=de-DE, local time is 2025-04-26 11:27:21.375136+02:00
[09:27:21] Successful get url: https://www.bing.com/th?id=OHR.BrucePeninsula_DE-DE2577994189_UHD.jpg
[09:27:21] Picture infomations saved to  global/de-DE/README.md
[09:27:21] Picture infomations saved to global/de-DE/history/2025/04/26_de-DE.md
[09:27:21] Start geting global Bing Wallpaper, region=en-CA, local time is 2025-04-26 05:27:21.477732-04:00
[09:27:21] Successful get url: https://www.bing.com/th?id=OHR.BrucePeninsula_EN-CA7672437122_UHD.jpg
[09:27:21] Picture infomations saved to  global/en-CA/README.md
[09:27:21] Picture infomations saved to global/en-CA/history/2025/04/27_en-CA.md
[09:27:21] Start geting global Bing Wallpaper, region=en-GB, local time is 2025-04-26 10:27:21.575731+01:00
[09:27:21] Successful get url: https://www.bing.com/th?id=OHR.BrucePeninsula_EN-GB8078364985_UHD.jpg
[09:27:21] Picture infomations saved to  global/en-GB/README.md
[09:27:21] Picture infomations saved to global/en-GB/history/2025/04/26_en-GB.md
[09:27:21] Start geting global Bing Wallpaper, region=it-IT, local time is 2025-04-26 11:27:21.683422+02:00
[09:27:21] Successful get url: https://www.bing.com/th?id=OHR.BrucePeninsula_IT-IT1903425741_UHD.jpg
[09:27:21] Picture infomations saved to  global/it-IT/README.md
[09:27:21] Picture infomations saved to global/it-IT/history/2025/04/26_it-IT.md
[09:27:21] Start geting global Bing Wallpaper, region=es-ES, local time is 2025-04-26 11:27:21.782631+02:00
[09:27:21] Successful get url: https://www.bing.com/th?id=OHR.BrucePeninsula_ES-ES9582881448_UHD.jpg
[09:27:22] Picture infomations saved to  global/es-ES/README.md
[09:27:22] Picture infomations saved to global/es-ES/history/2025/04/26_es-ES.md
[09:27:22] Start geting global Bing Wallpaper, region=fr-CA, local time is 2025-04-26 05:27:22.104632-04:00
[09:27:22] Successful get url: https://www.bing.com/th?id=OHR.BrucePeninsula_FR-CA9084486245_UHD.jpg
[09:27:22] Picture infomations saved to  global/fr-CA/README.md
[09:27:22] Picture infomations saved to global/fr-CA/history/2025/04/27_fr-CA.md
Program exit at 09:27:22
