
Program started at 09:29:50
Operating System Name: Linux
Operating System Version: #25-Ubuntu SMP Wed Jan 15 20:45:09 UTC 2025
System Architecture: ('64bit', 'ELF')
Computer Type: x86_64
Computer Name: fv-az1441-262
Processor Type: x86_64
Python Version: 3.12.9
Python Interpreter Name: CPython
[09:29:50] Start geting CN Bing Wallpaper
[09:29:50] Successful get url: https://www.bing.com/th?id=OHR.TulipsWindmill_ZH-CN0665142956_UHD.jpg
[09:29:50] Image saved to img/background.jpg
[09:29:50] Info saved to README.md
[09:29:50] Image saved to history/2025/04/11.md
[09:29:50] Start geting global Bing Wallpaper, region=en-US, local time is 2025-04-11 05:29:50.845712-04:00
[09:29:50] Successful get url: https://www.bing.com/th?id=OHR.TulipsWindmill_EN-US8114977846_UHD.jpg
[09:29:51] Picture infomations saved to  global/en-US/README.md
[09:29:51] Picture infomations saved to global/en-US/history/2025/04/12_en-US.md
[09:29:51] Start geting global Bing Wallpaper, region=ja-JP, local time is 2025-04-11 18:29:51.007460+09:00
[09:29:51] Successful get url: https://www.bing.com/th?id=OHR.TulipsWindmill_JA-JP4212176711_UHD.jpg
[09:29:51] Picture infomations saved to  global/ja-JP/README.md
[09:29:51] Picture infomations saved to global/ja-JP/history/2025/04/11_ja-JP.md
[09:29:51] Start geting global Bing Wallpaper, region=en-IN, local time is 2025-04-11 14:59:51.164678+05:30
[09:29:51] Successful get url: https://www.bing.com/th?id=OHR.TulipsWindmill_EN-IN0831690807_UHD.jpg
[09:29:51] Picture infomations saved to  global/en-IN/README.md
[09:29:51] Picture infomations saved to global/en-IN/history/2025/04/11_en-IN.md
[09:29:51] Start geting global Bing Wallpaper, region=pt-BR, local time is 2025-04-11 06:29:51.372869-03:00
[09:29:51] Successful get url: https://www.bing.com/th?id=OHR.TulipsWindmill_PT-BR1514723393_UHD.jpg
[09:29:51] Picture infomations saved to  global/pt-BR/README.md
[09:29:51] Picture infomations saved to global/pt-BR/history/2025/04/12_pt-BR.md
[09:29:51] Start geting global Bing Wallpaper, region=fr-FR, local time is 2025-04-11 11:29:51.510528+02:00
[09:29:51] Successful get url: https://www.bing.com/th?id=OHR.BookFestival_FR-FR8770789335_UHD.jpg
[09:29:51] Picture infomations saved to  global/fr-FR/README.md
[09:29:51] Picture infomations saved to global/fr-FR/history/2025/04/11_fr-FR.md
[09:29:51] Start geting global Bing Wallpaper, region=de-DE, local time is 2025-04-11 11:29:51.725767+02:00
[09:29:51] Successful get url: https://www.bing.com/th?id=OHR.TulipsWindmill_DE-DE0828527136_UHD.jpg
[09:29:52] Picture infomations saved to  global/de-DE/README.md
[09:29:52] Picture infomations saved to global/de-DE/history/2025/04/11_de-DE.md
[09:29:52] Start geting global Bing Wallpaper, region=en-CA, local time is 2025-04-11 05:29:52.067701-04:00
[09:29:52] Successful get url: https://www.bing.com/th?id=OHR.TulipsWindmill_EN-CA9221489477_UHD.jpg
[09:29:52] Picture infomations saved to  global/en-CA/README.md
[09:29:52] Picture infomations saved to global/en-CA/history/2025/04/12_en-CA.md
[09:29:52] Start geting global Bing Wallpaper, region=en-GB, local time is 2025-04-11 10:29:52.257854+01:00
[09:29:52] Successful get url: https://www.bing.com/th?id=OHR.TulipsWindmill_EN-GB4977266654_UHD.jpg
[09:29:52] Picture infomations saved to  global/en-GB/README.md
[09:29:52] Picture infomations saved to global/en-GB/history/2025/04/11_en-GB.md
[09:29:52] Start geting global Bing Wallpaper, region=it-IT, local time is 2025-04-11 11:29:52.399802+02:00
[09:29:52] Successful get url: https://www.bing.com/th?id=OHR.TulipsWindmill_IT-IT0852704157_UHD.jpg
[09:29:52] Picture infomations saved to  global/it-IT/README.md
[09:29:52] Picture infomations saved to global/it-IT/history/2025/04/11_it-IT.md
[09:29:52] Start geting global Bing Wallpaper, region=es-ES, local time is 2025-04-11 11:29:52.544381+02:00
[09:29:52] Successful get url: https://www.bing.com/th?id=OHR.TulipsWindmill_ES-ES1285066743_UHD.jpg
[09:29:53] Picture infomations saved to  global/es-ES/README.md
[09:29:53] Picture infomations saved to global/es-ES/history/2025/04/11_es-ES.md
[09:29:53] Start geting global Bing Wallpaper, region=fr-CA, local time is 2025-04-11 05:29:53.050633-04:00
[09:29:53] Successful get url: https://www.bing.com/th?id=OHR.TulipsWindmill_FR-CA8325142207_UHD.jpg
[09:29:53] Picture infomations saved to  global/fr-CA/README.md
[09:29:53] Picture infomations saved to global/fr-CA/history/2025/04/12_fr-CA.md
Program exit at 09:29:53

Program started at 16:16:12
Operating System Name: Linux
Operating System Version: #25-Ubuntu SMP Wed Jan 15 20:45:09 UTC 2025
System Architecture: ('64bit', 'ELF')
Computer Type: x86_64
Computer Name: fv-az1276-422
Processor Type: x86_64
Python Version: 3.12.9
Python Interpreter Name: CPython
[16:16:12] Start geting CN Bing Wallpaper
[16:16:12] Successful get url: https://www.bing.com/th?id=OHR.SpaceFlight_ZH-CN0927394503_UHD.jpg
[16:16:12] Image saved to img/background.jpg
[16:16:12] Info saved to README.md
[16:16:12] Image saved to history/2025/04/12.md
[16:16:12] Start geting global Bing Wallpaper, region=en-US, local time is 2025-04-11 12:16:12.855842-04:00
[16:16:16] Successful get url: https://www.bing.com/th?id=OHR.TulipsWindmill_EN-US8114977846_UHD.jpg
[16:16:16] Picture infomations saved to  global/en-US/README.md
[16:16:16] Picture infomations saved to global/en-US/history/2025/04/12_en-US.md
[16:16:16] Start geting global Bing Wallpaper, region=ja-JP, local time is 2025-04-12 01:16:16.906656+09:00
[16:16:16] Successful get url: https://www.bing.com/th?id=OHR.SpaceFlight_JA-JP4398798070_UHD.jpg
[16:16:17] Picture infomations saved to  global/ja-JP/README.md
[16:16:17] Picture infomations saved to global/ja-JP/history/2025/04/12_ja-JP.md
[16:16:17] Start geting global Bing Wallpaper, region=en-IN, local time is 2025-04-11 21:46:17.062249+05:30
[16:16:17] Successful get url: https://www.bing.com/th?id=OHR.TulipsWindmill_EN-IN0831690807_UHD.jpg
[16:16:17] Picture infomations saved to  global/en-IN/README.md
[16:16:17] Picture infomations saved to global/en-IN/history/2025/04/11_en-IN.md
[16:16:17] Start geting global Bing Wallpaper, region=pt-BR, local time is 2025-04-11 13:16:17.211280-03:00
[16:16:17] Successful get url: https://www.bing.com/th?id=OHR.TulipsWindmill_PT-BR1514723393_UHD.jpg
[16:16:17] Picture infomations saved to  global/pt-BR/README.md
[16:16:17] Picture infomations saved to global/pt-BR/history/2025/04/12_pt-BR.md
[16:16:17] Start geting global Bing Wallpaper, region=fr-FR, local time is 2025-04-11 18:16:17.401957+02:00
[16:16:17] Successful get url: https://www.bing.com/th?id=OHR.BookFestival_FR-FR8770789335_UHD.jpg
[16:16:17] Picture infomations saved to  global/fr-FR/README.md
[16:16:17] Picture infomations saved to global/fr-FR/history/2025/04/11_fr-FR.md
[16:16:17] Start geting global Bing Wallpaper, region=de-DE, local time is 2025-04-11 18:16:17.570309+02:00
[16:16:17] Successful get url: https://www.bing.com/th?id=OHR.TulipsWindmill_DE-DE0828527136_UHD.jpg
[16:16:17] Picture infomations saved to  global/de-DE/README.md
[16:16:17] Picture infomations saved to global/de-DE/history/2025/04/11_de-DE.md
[16:16:17] Start geting global Bing Wallpaper, region=en-CA, local time is 2025-04-11 12:16:17.740698-04:00
[16:16:17] Successful get url: https://www.bing.com/th?id=OHR.TulipsWindmill_EN-CA9221489477_UHD.jpg
[16:16:17] Picture infomations saved to  global/en-CA/README.md
[16:16:17] Picture infomations saved to global/en-CA/history/2025/04/12_en-CA.md
[16:16:17] Start geting global Bing Wallpaper, region=en-GB, local time is 2025-04-11 17:16:17.909407+01:00
[16:16:17] Successful get url: https://www.bing.com/th?id=OHR.TulipsWindmill_EN-GB4977266654_UHD.jpg
[16:16:18] Picture infomations saved to  global/en-GB/README.md
[16:16:18] Picture infomations saved to global/en-GB/history/2025/04/11_en-GB.md
[16:16:18] Start geting global Bing Wallpaper, region=it-IT, local time is 2025-04-11 18:16:18.092342+02:00
[16:16:18] Successful get url: https://www.bing.com/th?id=OHR.TulipsWindmill_IT-IT0852704157_UHD.jpg
[16:16:18] Picture infomations saved to  global/it-IT/README.md
[16:16:18] Picture infomations saved to global/it-IT/history/2025/04/11_it-IT.md
[16:16:18] Start geting global Bing Wallpaper, region=es-ES, local time is 2025-04-11 18:16:18.274802+02:00
[16:16:18] Successful get url: https://www.bing.com/th?id=OHR.TulipsWindmill_ES-ES1285066743_UHD.jpg
[16:16:18] Picture infomations saved to  global/es-ES/README.md
[16:16:18] Picture infomations saved to global/es-ES/history/2025/04/11_es-ES.md
[16:16:18] Start geting global Bing Wallpaper, region=fr-CA, local time is 2025-04-11 12:16:18.427050-04:00
[16:16:18] Successful get url: https://www.bing.com/th?id=OHR.TulipsWindmill_FR-CA8325142207_UHD.jpg
[16:16:18] Picture infomations saved to  global/fr-CA/README.md
[16:16:18] Picture infomations saved to global/fr-CA/history/2025/04/12_fr-CA.md
Program exit at 16:16:18
