
Program started at 09:31:44
Operating System Name: Linux
Operating System Version: #25-Ubuntu SMP Wed Jan 15 20:45:09 UTC 2025
System Architecture: ('64bit', 'ELF')
Computer Type: x86_64
Computer Name: fv-az1695-695
Processor Type: x86_64
Python Version: 3.12.9
Python Interpreter Name: CPython
[09:31:44] Start geting CN Bing Wallpaper
[09:31:44] Successful get url: https://www.bing.com/th?id=OHR.BlueNaxos_ZH-CN7863097040_UHD.jpg
[09:31:44] Image saved to img/background.jpg
[09:31:44] Info saved to README.md
[09:31:44] Image saved to history/2025/04/09.md
[09:31:44] Start geting global Bing Wallpaper, region=en-US, local time is 2025-04-09 05:31:44.903661-04:00
[09:31:44] Successful get url: https://www.bing.com/th?id=OHR.BlueNaxos_EN-US0374867860_UHD.jpg
[09:31:45] Picture infomations saved to  global/en-US/README.md
[09:31:45] Picture infomations saved to global/en-US/history/2025/04/10_en-US.md
[09:31:45] Start geting global Bing Wallpaper, region=ja-JP, local time is 2025-04-09 18:31:45.036497+09:00
[09:31:45] Successful get url: https://www.bing.com/th?id=OHR.BlueNaxos_JA-JP3919761085_UHD.jpg
[09:31:45] Picture infomations saved to  global/ja-JP/README.md
[09:31:45] Picture infomations saved to global/ja-JP/history/2025/04/09_ja-JP.md
[09:31:45] Start geting global Bing Wallpaper, region=en-IN, local time is 2025-04-09 15:01:45.138399+05:30
[09:31:45] Successful get url: https://www.bing.com/th?id=OHR.BlueNaxos_EN-IN8174628613_UHD.jpg
[09:31:45] Picture infomations saved to  global/en-IN/README.md
[09:31:45] Picture infomations saved to global/en-IN/history/2025/04/09_en-IN.md
[09:31:45] Start geting global Bing Wallpaper, region=pt-BR, local time is 2025-04-09 06:31:45.244429-03:00
[09:31:45] Successful get url: https://www.bing.com/th?id=OHR.BlueNaxos_PT-BR1208172497_UHD.jpg
[09:31:45] Picture infomations saved to  global/pt-BR/README.md
[09:31:45] Picture infomations saved to global/pt-BR/history/2025/04/10_pt-BR.md
[09:31:45] Start geting global Bing Wallpaper, region=fr-FR, local time is 2025-04-09 11:31:45.348137+02:00
[09:31:45] Successful get url: https://www.bing.com/th?id=OHR.BlueNaxos_FR-FR7466920458_UHD.jpg
[09:31:45] Picture infomations saved to  global/fr-FR/README.md
[09:31:45] Picture infomations saved to global/fr-FR/history/2025/04/09_fr-FR.md
[09:31:45] Start geting global Bing Wallpaper, region=de-DE, local time is 2025-04-09 11:31:45.434947+02:00
[09:31:45] Successful get url: https://www.bing.com/th?id=OHR.BlueNaxos_DE-DE2161075771_UHD.jpg
[09:31:45] Picture infomations saved to  global/de-DE/README.md
[09:31:45] Picture infomations saved to global/de-DE/history/2025/04/09_de-DE.md
[09:31:45] Start geting global Bing Wallpaper, region=en-CA, local time is 2025-04-09 05:31:45.548560-04:00
[09:31:45] Successful get url: https://www.bing.com/th?id=OHR.BlueNaxos_EN-CA7494029338_UHD.jpg
[09:31:45] Picture infomations saved to  global/en-CA/README.md
[09:31:45] Picture infomations saved to global/en-CA/history/2025/04/10_en-CA.md
[09:31:45] Start geting global Bing Wallpaper, region=en-GB, local time is 2025-04-09 10:31:45.638910+01:00
[09:31:45] Successful get url: https://www.bing.com/th?id=OHR.BlueNaxos_EN-GB4555979110_UHD.jpg
[09:31:45] Picture infomations saved to  global/en-GB/README.md
[09:31:45] Picture infomations saved to global/en-GB/history/2025/04/09_en-GB.md
[09:31:45] Start geting global Bing Wallpaper, region=it-IT, local time is 2025-04-09 11:31:45.728636+02:00
[09:31:45] Successful get url: https://www.bing.com/th?id=OHR.BlueNaxos_IT-IT4796672311_UHD.jpg
[09:31:45] Picture infomations saved to  global/it-IT/README.md
[09:31:45] Picture infomations saved to global/it-IT/history/2025/04/09_it-IT.md
[09:31:45] Start geting global Bing Wallpaper, region=es-ES, local time is 2025-04-09 11:31:45.825337+02:00
[09:31:45] Successful get url: https://www.bing.com/th?id=OHR.BlueNaxos_ES-ES9345555190_UHD.jpg
[09:31:45] Picture infomations saved to  global/es-ES/README.md
[09:31:45] Picture infomations saved to global/es-ES/history/2025/04/09_es-ES.md
[09:31:45] Start geting global Bing Wallpaper, region=fr-CA, local time is 2025-04-09 05:31:45.910546-04:00
[09:31:45] Successful get url: https://www.bing.com/th?id=OHR.BlueNaxos_FR-CA7619118944_UHD.jpg
[09:31:46] Picture infomations saved to  global/fr-CA/README.md
[09:31:46] Picture infomations saved to global/fr-CA/history/2025/04/10_fr-CA.md
Program exit at 09:31:46

Program started at 16:16:33
Operating System Name: Linux
Operating System Version: #25-Ubuntu SMP Wed Jan 15 20:45:09 UTC 2025
System Architecture: ('64bit', 'ELF')
Computer Type: x86_64
Computer Name: fv-az1991-146
Processor Type: x86_64
Python Version: 3.12.9
Python Interpreter Name: CPython
[16:16:33] Start geting CN Bing Wallpaper
[16:16:33] Successful get url: https://www.bing.com/th?id=OHR.LittleFoxes_ZH-CN8622806156_UHD.jpg
[16:16:33] Image saved to img/background.jpg
[16:16:33] Info saved to README.md
[16:16:33] Image saved to history/2025/04/10.md
[16:16:33] Start geting global Bing Wallpaper, region=en-US, local time is 2025-04-09 12:16:33.982703-04:00
[16:16:34] Successful get url: https://www.bing.com/th?id=OHR.BlueNaxos_EN-US8006377229_UHD.jpg
[16:16:34] Picture infomations saved to  global/en-US/README.md
[16:16:34] Picture infomations saved to global/en-US/history/2025/04/10_en-US.md
[16:16:34] Start geting global Bing Wallpaper, region=ja-JP, local time is 2025-04-10 01:16:34.092727+09:00
[16:16:34] Successful get url: https://www.bing.com/th?id=OHR.LittleFoxes_JA-JP4068111842_UHD.jpg
[16:16:34] Picture infomations saved to  global/ja-JP/README.md
[16:16:34] Picture infomations saved to global/ja-JP/history/2025/04/10_ja-JP.md
[16:16:34] Start geting global Bing Wallpaper, region=en-IN, local time is 2025-04-09 21:46:34.236680+05:30
[16:16:34] Successful get url: https://www.bing.com/th?id=OHR.BlueNaxos_EN-IN8174628613_UHD.jpg
[16:16:34] Picture infomations saved to  global/en-IN/README.md
[16:16:34] Picture infomations saved to global/en-IN/history/2025/04/09_en-IN.md
[16:16:34] Start geting global Bing Wallpaper, region=pt-BR, local time is 2025-04-09 13:16:34.341082-03:00
[16:16:34] Successful get url: https://www.bing.com/th?id=OHR.BlueNaxos_PT-BR1208172497_UHD.jpg
[16:16:34] Picture infomations saved to  global/pt-BR/README.md
[16:16:34] Picture infomations saved to global/pt-BR/history/2025/04/10_pt-BR.md
[16:16:34] Start geting global Bing Wallpaper, region=fr-FR, local time is 2025-04-09 18:16:34.443228+02:00
[16:16:34] Successful get url: https://www.bing.com/th?id=OHR.BlueNaxos_FR-FR7466920458_UHD.jpg
[16:16:34] Picture infomations saved to  global/fr-FR/README.md
[16:16:34] Picture infomations saved to global/fr-FR/history/2025/04/09_fr-FR.md
[16:16:34] Start geting global Bing Wallpaper, region=de-DE, local time is 2025-04-09 18:16:34.553834+02:00
[16:16:34] Successful get url: https://www.bing.com/th?id=OHR.BlueNaxos_DE-DE2161075771_UHD.jpg
[16:16:34] Picture infomations saved to  global/de-DE/README.md
[16:16:34] Picture infomations saved to global/de-DE/history/2025/04/09_de-DE.md
[16:16:34] Start geting global Bing Wallpaper, region=en-CA, local time is 2025-04-09 12:16:34.894404-04:00
[16:16:34] Successful get url: https://www.bing.com/th?id=OHR.BlueNaxos_EN-CA7494029338_UHD.jpg
[16:16:34] Picture infomations saved to  global/en-CA/README.md
[16:16:34] Picture infomations saved to global/en-CA/history/2025/04/10_en-CA.md
[16:16:34] Start geting global Bing Wallpaper, region=en-GB, local time is 2025-04-09 17:16:34.992436+01:00
[16:16:35] Successful get url: https://www.bing.com/th?id=OHR.BlueNaxos_EN-GB4555979110_UHD.jpg
[16:16:35] Picture infomations saved to  global/en-GB/README.md
[16:16:35] Picture infomations saved to global/en-GB/history/2025/04/09_en-GB.md
[16:16:35] Start geting global Bing Wallpaper, region=it-IT, local time is 2025-04-09 18:16:35.102265+02:00
[16:16:35] Successful get url: https://www.bing.com/th?id=OHR.BlueNaxos_IT-IT4796672311_UHD.jpg
[16:16:35] Picture infomations saved to  global/it-IT/README.md
[16:16:35] Picture infomations saved to global/it-IT/history/2025/04/09_it-IT.md
[16:16:35] Start geting global Bing Wallpaper, region=es-ES, local time is 2025-04-09 18:16:35.203533+02:00
[16:16:35] Successful get url: https://www.bing.com/th?id=OHR.BlueNaxos_ES-ES9345555190_UHD.jpg
[16:16:35] Picture infomations saved to  global/es-ES/README.md
[16:16:35] Picture infomations saved to global/es-ES/history/2025/04/09_es-ES.md
[16:16:35] Start geting global Bing Wallpaper, region=fr-CA, local time is 2025-04-09 12:16:35.305346-04:00
[16:16:36] Successful get url: https://www.bing.com/th?id=OHR.BlueNaxos_FR-CA7619118944_UHD.jpg
[16:16:36] Picture infomations saved to  global/fr-CA/README.md
[16:16:36] Picture infomations saved to global/fr-CA/history/2025/04/10_fr-CA.md
Program exit at 16:16:36
