
Program started at 09:30:43
Operating System Name: Linux
Operating System Version: #25-Ubuntu SMP Wed Jan 15 20:45:09 UTC 2025
System Architecture: ('64bit', 'ELF')
Computer Type: x86_64
Computer Name: fv-az1280-713
Processor Type: x86_64
Python Version: 3.12.9
Python Interpreter Name: CPython
[09:30:43] Start geting CN Bing Wallpaper
[09:30:43] Successful get url: https://www.bing.com/th?id=OHR.BeaverDay_ZH-CN2889563041_UHD.jpg
[09:30:43] Image saved to img/background.jpg
[09:30:43] Info saved to README.md
[09:30:43] Image saved to history/2025/04/07.md
[09:30:43] Start geting global Bing Wallpaper, region=en-US, local time is 2025-04-07 05:30:43.589208-04:00
[09:30:43] Successful get url: https://www.bing.com/th?id=OHR.BeaverDay_EN-US0090956170_UHD.jpg
[09:30:43] Picture infomations saved to  global/en-US/README.md
[09:30:43] Picture infomations saved to global/en-US/history/2025/04/08_en-US.md
[09:30:43] Start geting global Bing Wallpaper, region=ja-JP, local time is 2025-04-07 18:30:43.704694+09:00
[09:30:43] Successful get url: https://www.bing.com/th?id=OHR.BeaverDay_JA-JP3508921078_UHD.jpg
[09:30:43] Picture infomations saved to  global/ja-JP/README.md
[09:30:43] Picture infomations saved to global/ja-JP/history/2025/04/07_ja-JP.md
[09:30:43] Start geting global Bing Wallpaper, region=en-IN, local time is 2025-04-07 15:00:43.866690+05:30
[09:30:43] Successful get url: https://www.bing.com/th?id=OHR.BeaverDay_EN-IN0064816773_UHD.jpg
[09:30:44] Picture infomations saved to  global/en-IN/README.md
[09:30:44] Picture infomations saved to global/en-IN/history/2025/04/07_en-IN.md
[09:30:44] Start geting global Bing Wallpaper, region=pt-BR, local time is 2025-04-07 06:30:44.033624-03:00
[09:30:44] Successful get url: https://www.bing.com/th?id=OHR.BeaverDay_PT-BR0574676705_UHD.jpg
[09:30:44] Picture infomations saved to  global/pt-BR/README.md
[09:30:44] Picture infomations saved to global/pt-BR/history/2025/04/08_pt-BR.md
[09:30:44] Start geting global Bing Wallpaper, region=fr-FR, local time is 2025-04-07 11:30:44.197748+02:00
[09:30:44] Successful get url: https://www.bing.com/th?id=OHR.BeaverDay_FR-FR0993512788_UHD.jpg
[09:30:44] Picture infomations saved to  global/fr-FR/README.md
[09:30:44] Picture infomations saved to global/fr-FR/history/2025/04/07_fr-FR.md
[09:30:44] Start geting global Bing Wallpaper, region=de-DE, local time is 2025-04-07 11:30:44.389819+02:00
[09:30:44] Successful get url: https://www.bing.com/th?id=OHR.BeaverDay_DE-DE8403333829_UHD.jpg
[09:30:44] Picture infomations saved to  global/de-DE/README.md
[09:30:44] Picture infomations saved to global/de-DE/history/2025/04/07_de-DE.md
[09:30:44] Start geting global Bing Wallpaper, region=en-CA, local time is 2025-04-07 05:30:44.528863-04:00
[09:30:44] Successful get url: https://www.bing.com/th?id=OHR.WhistlerSnowboard_EN-CA9156013019_UHD.jpg
[09:30:44] Picture infomations saved to  global/en-CA/README.md
[09:30:44] Picture infomations saved to global/en-CA/history/2025/04/08_en-CA.md
[09:30:44] Start geting global Bing Wallpaper, region=en-GB, local time is 2025-04-07 10:30:44.719782+01:00
[09:30:44] Successful get url: https://www.bing.com/th?id=OHR.BeaverDay_EN-GB4231980844_UHD.jpg
[09:30:44] Picture infomations saved to  global/en-GB/README.md
[09:30:44] Picture infomations saved to global/en-GB/history/2025/04/07_en-GB.md
[09:30:44] Start geting global Bing Wallpaper, region=it-IT, local time is 2025-04-07 11:30:44.879749+02:00
[09:30:44] Successful get url: https://www.bing.com/th?id=OHR.BeaverDay_IT-IT8371039769_UHD.jpg
[09:30:45] Picture infomations saved to  global/it-IT/README.md
[09:30:45] Picture infomations saved to global/it-IT/history/2025/04/07_it-IT.md
[09:30:45] Start geting global Bing Wallpaper, region=es-ES, local time is 2025-04-07 11:30:45.053684+02:00
[09:30:45] Successful get url: https://www.bing.com/th?id=OHR.BeaverDay_ES-ES8231200914_UHD.jpg
[09:30:45] Picture infomations saved to  global/es-ES/README.md
[09:30:45] Picture infomations saved to global/es-ES/history/2025/04/07_es-ES.md
[09:30:45] Start geting global Bing Wallpaper, region=fr-CA, local time is 2025-04-07 05:30:45.230607-04:00
[09:30:45] Successful get url: https://www.bing.com/th?id=OHR.WhistlerSnowboard_FR-CA2302818424_UHD.jpg
[09:30:45] Picture infomations saved to  global/fr-CA/README.md
[09:30:45] Picture infomations saved to global/fr-CA/history/2025/04/08_fr-CA.md
Program exit at 09:30:45
