
Program started at 09:27:26
Operating System Name: Linux
Operating System Version: #25-Ubuntu SMP Wed Jan 15 20:45:09 UTC 2025
System Architecture: ('64bit', 'ELF')
Computer Type: x86_64
Computer Name: fv-az1279-589
Processor Type: x86_64
Python Version: 3.12.9
Python Interpreter Name: CPython
[09:27:27] Start geting CN Bing Wallpaper
[09:27:27] Successful get url: https://www.bing.com/th?id=OHR.ShardLondon2025_ZH-CN0722863055_UHD.jpg
[09:27:27] Image saved to img/background.jpg
[09:27:27] Info saved to README.md
[09:27:27] Image saved to history/2025/04/06.md
[09:27:27] Start geting global Bing Wallpaper, region=en-US, local time is 2025-04-06 05:27:27.317442-04:00
[09:27:27] Successful get url: https://www.bing.com/th?id=OHR.PeabodyBaltimore_EN-US0036943577_UHD.jpg
[09:27:27] Picture infomations saved to  global/en-US/README.md
[09:27:27] Picture infomations saved to global/en-US/history/2025/04/07_en-US.md
[09:27:27] Start geting global Bing Wallpaper, region=ja-JP, local time is 2025-04-06 18:27:27.636333+09:00
[09:27:27] Successful get url: https://www.bing.com/th?id=OHR.CastleDay2025_JA-JP3325548053_UHD.jpg
[09:27:27] Picture infomations saved to  global/ja-JP/README.md
[09:27:27] Picture infomations saved to global/ja-JP/history/2025/04/06_ja-JP.md
[09:27:27] Start geting global Bing Wallpaper, region=en-IN, local time is 2025-04-06 14:57:27.854435+05:30
[09:27:27] Successful get url: https://www.bing.com/th?id=OHR.SpottedDolphins_EN-IN9911189149_UHD.jpg
[09:27:28] Picture infomations saved to  global/en-IN/README.md
[09:27:28] Picture infomations saved to global/en-IN/history/2025/04/06_en-IN.md
[09:27:28] Start geting global Bing Wallpaper, region=pt-BR, local time is 2025-04-06 06:27:28.128469-03:00
[09:27:28] Successful get url: https://www.bing.com/th?id=OHR.PeabodyBaltimore_PT-BR0400301029_UHD.jpg
[09:27:28] Picture infomations saved to  global/pt-BR/README.md
[09:27:28] Picture infomations saved to global/pt-BR/history/2025/04/07_pt-BR.md
[09:27:28] Start geting global Bing Wallpaper, region=fr-FR, local time is 2025-04-06 11:27:28.337789+02:00
[09:27:28] Successful get url: https://www.bing.com/th?id=OHR.TulipsWindmill_FR-FR8201526563_UHD.jpg
[09:27:28] Picture infomations saved to  global/fr-FR/README.md
[09:27:28] Picture infomations saved to global/fr-FR/history/2025/04/06_fr-FR.md
[09:27:28] Start geting global Bing Wallpaper, region=de-DE, local time is 2025-04-06 11:27:28.601662+02:00
[09:27:28] Successful get url: https://www.bing.com/th?id=OHR.PeabodyBaltimore_DE-DE8297645557_UHD.jpg
[09:27:28] Picture infomations saved to  global/de-DE/README.md
[09:27:28] Picture infomations saved to global/de-DE/history/2025/04/06_de-DE.md
[09:27:28] Start geting global Bing Wallpaper, region=en-CA, local time is 2025-04-06 05:27:28.921523-04:00
[09:27:29] Successful get url: https://www.bing.com/th?id=OHR.YellowWarbler_EN-CA8652491444_UHD.jpg
[09:27:29] Picture infomations saved to  global/en-CA/README.md
[09:27:29] Picture infomations saved to global/en-CA/history/2025/04/07_en-CA.md
[09:27:29] Start geting global Bing Wallpaper, region=en-GB, local time is 2025-04-06 10:27:29.135879+01:00
[09:27:29] Successful get url: https://www.bing.com/th?id=OHR.GaztelugatxeSunset_EN-GB4088567205_UHD.jpg
[09:27:29] Picture infomations saved to  global/en-GB/README.md
[09:27:29] Picture infomations saved to global/en-GB/history/2025/04/06_en-GB.md
[09:27:29] Start geting global Bing Wallpaper, region=it-IT, local time is 2025-04-06 11:27:29.371514+02:00
[09:27:29] Successful get url: https://www.bing.com/th?id=OHR.CarbonaraDay_IT-IT2080771090_UHD.jpg
[09:27:29] Picture infomations saved to  global/it-IT/README.md
[09:27:29] Picture infomations saved to global/it-IT/history/2025/04/06_it-IT.md
[09:27:29] Start geting global Bing Wallpaper, region=es-ES, local time is 2025-04-06 11:27:29.634157+02:00
[09:27:29] Successful get url: https://www.bing.com/th?id=OHR.AsturiasCovadongaSpain_ES-ES8023805515_UHD.jpg
[09:27:30] Picture infomations saved to  global/es-ES/README.md
[09:27:30] Picture infomations saved to global/es-ES/history/2025/04/06_es-ES.md
[09:27:30] Start geting global Bing Wallpaper, region=fr-CA, local time is 2025-04-06 05:27:30.752944-04:00
[09:27:30] Successful get url: https://www.bing.com/th?id=OHR.YellowWarbler_FR-CA2010153906_UHD.jpg
[09:27:30] Picture infomations saved to  global/fr-CA/README.md
[09:27:30] Picture infomations saved to global/fr-CA/history/2025/04/07_fr-CA.md
Program exit at 09:27:30
