
Program started at 09:30:09
Operating System Name: Linux
Operating System Version: #25-Ubuntu SMP Wed Jan 15 20:45:09 UTC 2025
System Architecture: ('64bit', 'ELF')
Computer Type: x86_64
Computer Name: fv-az1784-106
Processor Type: x86_64
Python Version: 3.12.10
Python Interpreter Name: CPython
[09:30:09] Start geting CN Bing Wallpaper
[09:30:09] Successful get url: https://www.bing.com/th?id=OHR.YellowstoneSpring_ZH-CN2643482467_UHD.jpg
[09:30:09] Image saved to img/background.jpg
[09:30:09] Info saved to README.md
[09:30:09] Image saved to history/2025/04/22.md
[09:30:09] Start geting global Bing Wallpaper, region=en-US, local time is 2025-04-22 05:30:09.630174-04:00
[09:30:09] Successful get url: https://www.bing.com/th?id=OHR.YellowstoneSpring_EN-US2710865870_UHD.jpg
[09:30:09] Picture infomations saved to  global/en-US/README.md
[09:30:09] Picture infomations saved to global/en-US/history/2025/04/23_en-US.md
[09:30:09] Start geting global Bing Wallpaper, region=ja-JP, local time is 2025-04-22 18:30:09.852843+09:00
[09:30:09] Successful get url: https://www.bing.com/th?id=OHR.YellowstoneSpring_JA-JP1684502274_UHD.jpg
[09:30:10] Picture infomations saved to  global/ja-JP/README.md
[09:30:10] Picture infomations saved to global/ja-JP/history/2025/04/22_ja-JP.md
[09:30:10] Start geting global Bing Wallpaper, region=en-IN, local time is 2025-04-22 15:00:10.009935+05:30
[09:30:10] Successful get url: https://www.bing.com/th?id=OHR.YellowstoneSpring_EN-IN0855426522_UHD.jpg
[09:30:10] Picture infomations saved to  global/en-IN/README.md
[09:30:10] Picture infomations saved to global/en-IN/history/2025/04/22_en-IN.md
[09:30:10] Start geting global Bing Wallpaper, region=pt-BR, local time is 2025-04-22 06:30:10.227804-03:00
[09:30:10] Successful get url: https://www.bing.com/th?id=OHR.YellowstoneSpring_PT-BR0628932864_UHD.jpg
[09:30:10] Picture infomations saved to  global/pt-BR/README.md
[09:30:10] Picture infomations saved to global/pt-BR/history/2025/04/23_pt-BR.md
[09:30:10] Start geting global Bing Wallpaper, region=fr-FR, local time is 2025-04-22 11:30:10.400934+02:00
[09:30:10] Successful get url: https://www.bing.com/th?id=OHR.YellowstoneSpring_FR-FR1648362010_UHD.jpg
[09:30:10] Picture infomations saved to  global/fr-FR/README.md
[09:30:10] Picture infomations saved to global/fr-FR/history/2025/04/22_fr-FR.md
[09:30:10] Start geting global Bing Wallpaper, region=de-DE, local time is 2025-04-22 11:30:10.622280+02:00
[09:30:10] Successful get url: https://www.bing.com/th?id=OHR.YellowstoneSpring_DE-DE2924046360_UHD.jpg
[09:30:10] Picture infomations saved to  global/de-DE/README.md
[09:30:10] Picture infomations saved to global/de-DE/history/2025/04/22_de-DE.md
[09:30:10] Start geting global Bing Wallpaper, region=en-CA, local time is 2025-04-22 05:30:10.789499-04:00
[09:30:10] Successful get url: https://www.bing.com/th?id=OHR.YellowstoneSpring_EN-CA7520480120_UHD.jpg
[09:30:10] Picture infomations saved to  global/en-CA/README.md
[09:30:10] Picture infomations saved to global/en-CA/history/2025/04/23_en-CA.md
[09:30:10] Start geting global Bing Wallpaper, region=en-GB, local time is 2025-04-22 10:30:10.948210+01:00
[09:30:11] Successful get url: https://www.bing.com/th?id=OHR.YellowstoneSpring_EN-GB6278717583_UHD.jpg
[09:30:11] Picture infomations saved to  global/en-GB/README.md
[09:30:11] Picture infomations saved to global/en-GB/history/2025/04/22_en-GB.md
[09:30:11] Start geting global Bing Wallpaper, region=it-IT, local time is 2025-04-22 11:30:11.112954+02:00
[09:30:11] Successful get url: https://www.bing.com/th?id=OHR.YellowstoneSpring_IT-IT1564316273_UHD.jpg
[09:30:11] Picture infomations saved to  global/it-IT/README.md
[09:30:11] Picture infomations saved to global/it-IT/history/2025/04/22_it-IT.md
[09:30:11] Start geting global Bing Wallpaper, region=es-ES, local time is 2025-04-22 11:30:11.378603+02:00
[09:30:11] Successful get url: https://www.bing.com/th?id=OHR.YellowstoneSpring_ES-ES3218461666_UHD.jpg
[09:30:11] Picture infomations saved to  global/es-ES/README.md
[09:30:11] Picture infomations saved to global/es-ES/history/2025/04/22_es-ES.md
[09:30:11] Start geting global Bing Wallpaper, region=fr-CA, local time is 2025-04-22 05:30:11.580957-04:00
[09:30:11] Successful get url: https://www.bing.com/th?id=OHR.YellowstoneSpring_FR-CA1960442919_UHD.jpg
[09:30:11] Picture infomations saved to  global/fr-CA/README.md
[09:30:11] Picture infomations saved to global/fr-CA/history/2025/04/23_fr-CA.md
Program exit at 09:30:11

Program started at 16:16:11
Operating System Name: Linux
Operating System Version: #25-Ubuntu SMP Wed Jan 15 20:45:09 UTC 2025
System Architecture: ('64bit', 'ELF')
Computer Type: x86_64
Computer Name: fv-az1983-422
Processor Type: x86_64
Python Version: 3.12.10
Python Interpreter Name: CPython
[16:16:11] Start geting CN Bing Wallpaper
[16:16:11] Successful get url: https://www.bing.com/th?id=OHR.BeachChairsSteinwarder_ZH-CN2947390092_UHD.jpg
[16:16:11] Image saved to img/background.jpg
[16:16:11] Info saved to README.md
[16:16:11] Image saved to history/2025/04/23.md
[16:16:11] Start geting global Bing Wallpaper, region=en-US, local time is 2025-04-22 12:16:11.961184-04:00
[16:16:12] Successful get url: https://www.bing.com/th?id=OHR.YellowstoneSpring_EN-US2710865870_UHD.jpg
[16:16:12] Picture infomations saved to  global/en-US/README.md
[16:16:12] Picture infomations saved to global/en-US/history/2025/04/23_en-US.md
[16:16:12] Start geting global Bing Wallpaper, region=ja-JP, local time is 2025-04-23 01:16:12.073244+09:00
[16:16:12] Successful get url: https://www.bing.com/th?id=OHR.GlobeTheatre_JA-JP1842538883_UHD.jpg
[16:16:12] Picture infomations saved to  global/ja-JP/README.md
[16:16:12] Picture infomations saved to global/ja-JP/history/2025/04/23_ja-JP.md
[16:16:12] Start geting global Bing Wallpaper, region=en-IN, local time is 2025-04-22 21:46:12.209131+05:30
[16:16:12] Successful get url: https://www.bing.com/th?id=OHR.YellowstoneSpring_EN-IN0855426522_UHD.jpg
[16:16:12] Picture infomations saved to  global/en-IN/README.md
[16:16:12] Picture infomations saved to global/en-IN/history/2025/04/22_en-IN.md
[16:16:12] Start geting global Bing Wallpaper, region=pt-BR, local time is 2025-04-22 13:16:12.403731-03:00
[16:16:12] Successful get url: https://www.bing.com/th?id=OHR.YellowstoneSpring_PT-BR0628932864_UHD.jpg
[16:16:12] Picture infomations saved to  global/pt-BR/README.md
[16:16:12] Picture infomations saved to global/pt-BR/history/2025/04/23_pt-BR.md
[16:16:12] Start geting global Bing Wallpaper, region=fr-FR, local time is 2025-04-22 18:16:12.651121+02:00
[16:16:12] Successful get url: https://www.bing.com/th?id=OHR.YellowstoneSpring_FR-FR1648362010_UHD.jpg
[16:16:12] Picture infomations saved to  global/fr-FR/README.md
[16:16:12] Picture infomations saved to global/fr-FR/history/2025/04/22_fr-FR.md
[16:16:12] Start geting global Bing Wallpaper, region=de-DE, local time is 2025-04-22 18:16:12.755080+02:00
[16:16:12] Successful get url: https://www.bing.com/th?id=OHR.YellowstoneSpring_DE-DE2924046360_UHD.jpg
[16:16:12] Picture infomations saved to  global/de-DE/README.md
[16:16:12] Picture infomations saved to global/de-DE/history/2025/04/22_de-DE.md
[16:16:12] Start geting global Bing Wallpaper, region=en-CA, local time is 2025-04-22 12:16:12.891056-04:00
[16:16:12] Successful get url: https://www.bing.com/th?id=OHR.YellowstoneSpring_EN-CA7520480120_UHD.jpg
[16:16:12] Picture infomations saved to  global/en-CA/README.md
[16:16:12] Picture infomations saved to global/en-CA/history/2025/04/23_en-CA.md
[16:16:12] Start geting global Bing Wallpaper, region=en-GB, local time is 2025-04-22 17:16:12.972420+01:00
[16:16:13] Successful get url: https://www.bing.com/th?id=OHR.YellowstoneSpring_EN-GB6278717583_UHD.jpg
[16:16:13] Picture infomations saved to  global/en-GB/README.md
[16:16:13] Picture infomations saved to global/en-GB/history/2025/04/22_en-GB.md
[16:16:13] Start geting global Bing Wallpaper, region=it-IT, local time is 2025-04-22 18:16:13.098677+02:00
[16:16:13] Successful get url: https://www.bing.com/th?id=OHR.YellowstoneSpring_IT-IT1564316273_UHD.jpg
[16:16:13] Picture infomations saved to  global/it-IT/README.md
[16:16:13] Picture infomations saved to global/it-IT/history/2025/04/22_it-IT.md
[16:16:13] Start geting global Bing Wallpaper, region=es-ES, local time is 2025-04-22 18:16:13.217634+02:00
[16:16:13] Successful get url: https://www.bing.com/th?id=OHR.YellowstoneSpring_ES-ES3218461666_UHD.jpg
[16:16:13] Picture infomations saved to  global/es-ES/README.md
[16:16:13] Picture infomations saved to global/es-ES/history/2025/04/22_es-ES.md
[16:16:13] Start geting global Bing Wallpaper, region=fr-CA, local time is 2025-04-22 12:16:13.352657-04:00
[16:16:13] Successful get url: https://www.bing.com/th?id=OHR.YellowstoneSpring_FR-CA1960442919_UHD.jpg
[16:16:13] Picture infomations saved to  global/fr-CA/README.md
[16:16:13] Picture infomations saved to global/fr-CA/history/2025/04/23_fr-CA.md
Program exit at 16:16:13
