
Program started at 09:27:03
Operating System Name: Linux
Operating System Version: #25-Ubuntu SMP Wed Jan 15 20:45:09 UTC 2025
System Architecture: ('64bit', 'ELF')
Computer Type: x86_64
Computer Name: fv-az1120-923
Processor Type: x86_64
Python Version: 3.12.10
Python Interpreter Name: CPython
[09:27:03] Start geting CN Bing Wallpaper
[09:27:03] Successful get url: https://www.bing.com/th?id=OHR.ZionValley_ZH-CN0611524754_UHD.jpg
[09:27:03] Image saved to img/background.jpg
[09:27:03] Info saved to README.md
[09:27:03] Image saved to history/2025/04/19.md
[09:27:03] Start geting global Bing Wallpaper, region=en-US, local time is 2025-04-19 05:27:03.483694-04:00
[09:27:03] Successful get url: https://www.bing.com/th?id=OHR.ZionValley_EN-US2520458606_UHD.jpg
[09:27:03] Picture infomations saved to  global/en-US/README.md
[09:27:03] Picture infomations saved to global/en-US/history/2025/04/20_en-US.md
[09:27:03] Start geting global Bing Wallpaper, region=ja-JP, local time is 2025-04-19 18:27:03.652449+09:00
[09:27:03] Successful get url: https://www.bing.com/th?id=OHR.ZionValley_JA-JP1023148962_UHD.jpg
[09:27:03] Picture infomations saved to  global/ja-JP/README.md
[09:27:03] Picture infomations saved to global/ja-JP/history/2025/04/19_ja-JP.md
[09:27:03] Start geting global Bing Wallpaper, region=en-IN, local time is 2025-04-19 14:57:03.861662+05:30
[09:27:03] Successful get url: https://www.bing.com/th?id=OHR.ZionValley_EN-IN0015125872_UHD.jpg
[09:27:04] Picture infomations saved to  global/en-IN/README.md
[09:27:04] Picture infomations saved to global/en-IN/history/2025/04/19_en-IN.md
[09:27:04] Start geting global Bing Wallpaper, region=pt-BR, local time is 2025-04-19 06:27:04.002105-03:00
[09:27:04] Successful get url: https://www.bing.com/th?id=OHR.ZionValley_PT-BR8868751465_UHD.jpg
[09:27:04] Picture infomations saved to  global/pt-BR/README.md
[09:27:04] Picture infomations saved to global/pt-BR/history/2025/04/20_pt-BR.md
[09:27:04] Start geting global Bing Wallpaper, region=fr-FR, local time is 2025-04-19 11:27:04.160102+02:00
[09:27:04] Successful get url: https://www.bing.com/th?id=OHR.ZionValley_FR-FR4910447899_UHD.jpg
[09:27:04] Picture infomations saved to  global/fr-FR/README.md
[09:27:04] Picture infomations saved to global/fr-FR/history/2025/04/19_fr-FR.md
[09:27:04] Start geting global Bing Wallpaper, region=de-DE, local time is 2025-04-19 11:27:04.364064+02:00
[09:27:04] Successful get url: https://www.bing.com/th?id=OHR.ZionValley_DE-DE1917937045_UHD.jpg
[09:27:04] Picture infomations saved to  global/de-DE/README.md
[09:27:04] Picture infomations saved to global/de-DE/history/2025/04/19_de-DE.md
[09:27:04] Start geting global Bing Wallpaper, region=en-CA, local time is 2025-04-19 05:27:04.648248-04:00
[09:27:04] Successful get url: https://www.bing.com/th?id=OHR.ZionValley_EN-CA7338120688_UHD.jpg
[09:27:04] Picture infomations saved to  global/en-CA/README.md
[09:27:04] Picture infomations saved to global/en-CA/history/2025/04/20_en-CA.md
[09:27:04] Start geting global Bing Wallpaper, region=en-GB, local time is 2025-04-19 10:27:04.868109+01:00
[09:27:04] Successful get url: https://www.bing.com/th?id=OHR.ZionValley_EN-GB5278363127_UHD.jpg
[09:27:05] Picture infomations saved to  global/en-GB/README.md
[09:27:05] Picture infomations saved to global/en-GB/history/2025/04/19_en-GB.md
[09:27:05] Start geting global Bing Wallpaper, region=it-IT, local time is 2025-04-19 11:27:05.078254+02:00
[09:27:05] Successful get url: https://www.bing.com/th?id=OHR.ZionValley_IT-IT1237391753_UHD.jpg
[09:27:05] Picture infomations saved to  global/it-IT/README.md
[09:27:05] Picture infomations saved to global/it-IT/history/2025/04/19_it-IT.md
[09:27:05] Start geting global Bing Wallpaper, region=es-ES, local time is 2025-04-19 11:27:05.261871+02:00
[09:27:05] Successful get url: https://www.bing.com/th?id=OHR.ZionValley_ES-ES3051360376_UHD.jpg
[09:27:05] Picture infomations saved to  global/es-ES/README.md
[09:27:05] Picture infomations saved to global/es-ES/history/2025/04/19_es-ES.md
[09:27:05] Start geting global Bing Wallpaper, region=fr-CA, local time is 2025-04-19 05:27:05.444189-04:00
[09:27:05] Successful get url: https://www.bing.com/th?id=OHR.ZionValley_FR-CA5154039067_UHD.jpg
[09:27:05] Picture infomations saved to  global/fr-CA/README.md
[09:27:05] Picture infomations saved to global/fr-CA/history/2025/04/20_fr-CA.md
Program exit at 09:27:05
