
Program started at 09:31:18
Operating System Name: Linux
Operating System Version: #25-Ubuntu SMP Wed Jan 15 20:45:09 UTC 2025
System Architecture: ('64bit', 'ELF')
Computer Type: x86_64
Computer Name: fv-az1075-759
Processor Type: x86_64
Python Version: 3.12.9
Python Interpreter Name: CPython
[09:31:18] Start geting CN Bing Wallpaper
[09:31:19] Successful get url: https://www.bing.com/th?id=OHR.UtahBadlands_ZH-CN9174002963_UHD.jpg
[09:31:19] Image saved to img/background.jpg
[09:31:19] Info saved to README.md
[09:31:19] Image saved to history/2025/04/02.md
[09:31:19] Start geting global Bing Wallpaper, region=en-US, local time is 2025-04-02 05:31:19.109448-04:00
[09:31:19] Successful get url: https://www.bing.com/th?id=OHR.UtahBadlands_EN-US3082813561_UHD.jpg
[09:31:19] Picture infomations saved to  global/en-US/README.md
[09:31:19] Picture infomations saved to global/en-US/history/2025/04/03_en-US.md
[09:31:19] Start geting global Bing Wallpaper, region=ja-JP, local time is 2025-04-02 18:31:19.273040+09:00
[09:31:19] Successful get url: https://www.bing.com/th?id=OHR.Sawara2025_JA-JP1817975477_UHD.jpg
[09:31:19] Picture infomations saved to  global/ja-JP/README.md
[09:31:19] Picture infomations saved to global/ja-JP/history/2025/04/02_ja-JP.md
[09:31:19] Start geting global Bing Wallpaper, region=en-IN, local time is 2025-04-02 15:01:19.453551+05:30
[09:31:19] Successful get url: https://www.bing.com/th?id=OHR.UtahBadlands_EN-IN2081384937_UHD.jpg
[09:31:19] Picture infomations saved to  global/en-IN/README.md
[09:31:19] Picture infomations saved to global/en-IN/history/2025/04/02_en-IN.md
[09:31:19] Start geting global Bing Wallpaper, region=pt-BR, local time is 2025-04-02 06:31:19.607336-03:00
[09:31:19] Successful get url: https://www.bing.com/th?id=OHR.CanyonItaimbezinho_PT-BR4970821899_UHD.jpg
[09:31:19] Picture infomations saved to  global/pt-BR/README.md
[09:31:19] Picture infomations saved to global/pt-BR/history/2025/04/03_pt-BR.md
[09:31:19] Start geting global Bing Wallpaper, region=fr-FR, local time is 2025-04-02 11:31:19.776968+02:00
[09:31:19] Successful get url: https://www.bing.com/th?id=OHR.WildWolf_FR-FR5843982312_UHD.jpg
[09:31:19] Picture infomations saved to  global/fr-FR/README.md
[09:31:19] Picture infomations saved to global/fr-FR/history/2025/04/02_fr-FR.md
[09:31:19] Start geting global Bing Wallpaper, region=de-DE, local time is 2025-04-02 11:31:19.952072+02:00
[09:31:20] Successful get url: https://www.bing.com/th?id=OHR.UtahBadlands_DE-DE8578683347_UHD.jpg
[09:31:20] Picture infomations saved to  global/de-DE/README.md
[09:31:20] Picture infomations saved to global/de-DE/history/2025/04/02_de-DE.md
[09:31:20] Start geting global Bing Wallpaper, region=en-CA, local time is 2025-04-02 05:31:20.102627-04:00
[09:31:20] Successful get url: https://www.bing.com/th?id=OHR.UtahBadlands_EN-CA2102882917_UHD.jpg
[09:31:20] Picture infomations saved to  global/en-CA/README.md
[09:31:20] Picture infomations saved to global/en-CA/history/2025/04/03_en-CA.md
[09:31:20] Start geting global Bing Wallpaper, region=en-GB, local time is 2025-04-02 10:31:20.718750+01:00
[09:31:20] Successful get url: https://www.bing.com/th?id=OHR.UtahBadlands_EN-GB1912634254_UHD.jpg
[09:31:20] Picture infomations saved to  global/en-GB/README.md
[09:31:20] Picture infomations saved to global/en-GB/history/2025/04/02_en-GB.md
[09:31:20] Start geting global Bing Wallpaper, region=it-IT, local time is 2025-04-02 11:31:20.872237+02:00
[09:31:20] Successful get url: https://www.bing.com/th?id=OHR.UtahBadlands_IT-IT7290436395_UHD.jpg
[09:31:21] Picture infomations saved to  global/it-IT/README.md
[09:31:21] Picture infomations saved to global/it-IT/history/2025/04/02_it-IT.md
[09:31:21] Start geting global Bing Wallpaper, region=es-ES, local time is 2025-04-02 11:31:21.037525+02:00
[09:31:21] Successful get url: https://www.bing.com/th?id=OHR.UtahBadlands_ES-ES6805243978_UHD.jpg
[09:31:22] Picture infomations saved to  global/es-ES/README.md
[09:31:22] Picture infomations saved to global/es-ES/history/2025/04/02_es-ES.md
[09:31:22] Start geting global Bing Wallpaper, region=fr-CA, local time is 2025-04-02 05:31:22.301910-04:00
[09:31:22] Successful get url: https://www.bing.com/th?id=OHR.UtahBadlands_FR-CA1740090528_UHD.jpg
[09:31:23] Picture infomations saved to  global/fr-CA/README.md
[09:31:23] Picture infomations saved to global/fr-CA/history/2025/04/03_fr-CA.md
Program exit at 09:31:23
