
Program started at 09:30:36
Operating System Name: Linux
Operating System Version: #12~24.04.1-Ubuntu SMP Mon Mar 10 19:00:39 UTC 2025
System Architecture: ('64bit', 'ELF')
Computer Type: x86_64
Computer Name: fv-az1670-697
Processor Type: x86_64
Python Version: 3.12.10
Python Interpreter Name: CPython
[09:30:36] Start geting CN Bing Wallpaper
[09:30:37] Successful get url: https://www.bing.com/th?id=OHR.FozdoIguacu2025_ZH-CN3781165595_UHD.jpg
[09:30:37] Image saved to img/background.jpg
[09:30:37] Info saved to README.md
[09:30:37] Image saved to history/2025/04/30.md
[09:30:37] Start geting global Bing Wallpaper, region=en-US, local time is 2025-04-30 05:30:37.126179-04:00
[09:30:37] Successful get url: https://www.bing.com/th?id=OHR.ColtraneBand_EN-US3561448385_UHD.jpg
[09:30:37] Picture infomations saved to  global/en-US/README.md
[09:30:37] Picture infomations saved to global/en-US/history/2025/05/01_en-US.md
[09:30:37] Start geting global Bing Wallpaper, region=ja-JP, local time is 2025-04-30 18:30:37.246959+09:00
[09:30:37] Successful get url: https://www.bing.com/th?id=OHR.ColtraneBand_JA-JP3450716389_UHD.jpg
[09:30:37] Picture infomations saved to  global/ja-JP/README.md
[09:30:37] Picture infomations saved to global/ja-JP/history/2025/04/30_ja-JP.md
[09:30:37] Start geting global Bing Wallpaper, region=en-IN, local time is 2025-04-30 15:00:37.388646+05:30
[09:30:37] Successful get url: https://www.bing.com/th?id=OHR.ColtraneBand_EN-IN4058785023_UHD.jpg
[09:30:37] Picture infomations saved to  global/en-IN/README.md
[09:30:37] Picture infomations saved to global/en-IN/history/2025/04/30_en-IN.md
[09:30:37] Start geting global Bing Wallpaper, region=pt-BR, local time is 2025-04-30 06:30:37.520075-03:00
[09:30:37] Successful get url: https://www.bing.com/th?id=OHR.ColtraneBand_PT-BR2612003019_UHD.jpg
[09:30:37] Picture infomations saved to  global/pt-BR/README.md
[09:30:37] Picture infomations saved to global/pt-BR/history/2025/05/01_pt-BR.md
[09:30:37] Start geting global Bing Wallpaper, region=fr-FR, local time is 2025-04-30 11:30:37.671344+02:00
[09:30:37] Successful get url: https://www.bing.com/th?id=OHR.Pheasant_FR-FR7804669644_UHD.jpg
[09:30:37] Picture infomations saved to  global/fr-FR/README.md
[09:30:37] Picture infomations saved to global/fr-FR/history/2025/04/30_fr-FR.md
[09:30:37] Start geting global Bing Wallpaper, region=de-DE, local time is 2025-04-30 11:30:37.788140+02:00
[09:30:37] Successful get url: https://www.bing.com/th?id=OHR.ColtraneBand_DE-DE0172172574_UHD.jpg
[09:30:37] Picture infomations saved to  global/de-DE/README.md
[09:30:37] Picture infomations saved to global/de-DE/history/2025/04/30_de-DE.md
[09:30:37] Start geting global Bing Wallpaper, region=en-CA, local time is 2025-04-30 05:30:37.912900-04:00
[09:30:37] Successful get url: https://www.bing.com/th?id=OHR.ColtraneBand_EN-CA8272011820_UHD.jpg
[09:30:38] Picture infomations saved to  global/en-CA/README.md
[09:30:38] Picture infomations saved to global/en-CA/history/2025/05/01_en-CA.md
[09:30:38] Start geting global Bing Wallpaper, region=en-GB, local time is 2025-04-30 10:30:38.031244+01:00
[09:30:38] Successful get url: https://www.bing.com/th?id=OHR.ColtraneBand_EN-GB9213132534_UHD.jpg
[09:30:38] Picture infomations saved to  global/en-GB/README.md
[09:30:38] Picture infomations saved to global/en-GB/history/2025/04/30_en-GB.md
[09:30:38] Start geting global Bing Wallpaper, region=it-IT, local time is 2025-04-30 11:30:38.164708+02:00
[09:30:38] Successful get url: https://www.bing.com/th?id=OHR.ColtraneBand_IT-IT2364291009_UHD.jpg
[09:30:38] Picture infomations saved to  global/it-IT/README.md
[09:30:38] Picture infomations saved to global/it-IT/history/2025/04/30_it-IT.md
[09:30:38] Start geting global Bing Wallpaper, region=es-ES, local time is 2025-04-30 11:30:38.284702+02:00
[09:30:38] Successful get url: https://www.bing.com/th?id=OHR.ColtraneBand_ES-ES9738799865_UHD.jpg
[09:30:38] Picture infomations saved to  global/es-ES/README.md
[09:30:38] Picture infomations saved to global/es-ES/history/2025/04/30_es-ES.md
[09:30:38] Start geting global Bing Wallpaper, region=fr-CA, local time is 2025-04-30 05:30:38.446038-04:00
[09:30:38] Successful get url: https://www.bing.com/th?id=OHR.ColtraneBand_FR-CA0892756164_UHD.jpg
[09:30:38] Picture infomations saved to  global/fr-CA/README.md
[09:30:38] Picture infomations saved to global/fr-CA/history/2025/05/01_fr-CA.md
Program exit at 09:30:38

Program started at 16:16:16
Operating System Name: Linux
Operating System Version: #12~24.04.1-Ubuntu SMP Mon Mar 10 19:00:39 UTC 2025
System Architecture: ('64bit', 'ELF')
Computer Type: x86_64
Computer Name: fv-az2236-268
Processor Type: x86_64
Python Version: 3.12.10
Python Interpreter Name: CPython
[16:16:16] Start geting CN Bing Wallpaper
[16:16:16] Successful get url: https://www.bing.com/th?id=OHR.PinkPlumeria_ZH-CN3890147555_UHD.jpg
[16:16:16] Image saved to img/background.jpg
[16:16:16] Info saved to README.md
[16:16:16] Image saved to history/2025/05/01.md
[16:16:16] Start geting global Bing Wallpaper, region=en-US, local time is 2025-04-30 12:16:16.930962-04:00
[16:16:16] Successful get url: https://www.bing.com/th?id=OHR.ColtraneBand_EN-US3561448385_UHD.jpg
[16:16:17] Picture infomations saved to  global/en-US/README.md
[16:16:17] Picture infomations saved to global/en-US/history/2025/05/01_en-US.md
[16:16:17] Start geting global Bing Wallpaper, region=ja-JP, local time is 2025-05-01 01:16:17.032791+09:00
[16:16:17] Successful get url: https://www.bing.com/th?id=OHR.Hachijyuhachi2025_JA-JP6490825826_UHD.jpg
[16:16:17] Picture infomations saved to  global/ja-JP/README.md
[16:16:17] Picture infomations saved to global/ja-JP/history/2025/05/01_ja-JP.md
[16:16:17] Start geting global Bing Wallpaper, region=en-IN, local time is 2025-04-30 21:46:17.132138+05:30
[16:16:17] Successful get url: https://www.bing.com/th?id=OHR.ColtraneBand_EN-IN4058785023_UHD.jpg
[16:16:17] Picture infomations saved to  global/en-IN/README.md
[16:16:17] Picture infomations saved to global/en-IN/history/2025/04/30_en-IN.md
[16:16:17] Start geting global Bing Wallpaper, region=pt-BR, local time is 2025-04-30 13:16:17.241343-03:00
[16:16:17] Successful get url: https://www.bing.com/th?id=OHR.ColtraneBand_PT-BR2612003019_UHD.jpg
[16:16:17] Picture infomations saved to  global/pt-BR/README.md
[16:16:17] Picture infomations saved to global/pt-BR/history/2025/05/01_pt-BR.md
[16:16:17] Start geting global Bing Wallpaper, region=fr-FR, local time is 2025-04-30 18:16:17.343976+02:00
[16:16:17] Successful get url: https://www.bing.com/th?id=OHR.Pheasant_FR-FR7804669644_UHD.jpg
[16:16:17] Picture infomations saved to  global/fr-FR/README.md
[16:16:17] Picture infomations saved to global/fr-FR/history/2025/04/30_fr-FR.md
[16:16:17] Start geting global Bing Wallpaper, region=de-DE, local time is 2025-04-30 18:16:17.548075+02:00
[16:16:17] Successful get url: https://www.bing.com/th?id=OHR.ColtraneBand_DE-DE0172172574_UHD.jpg
[16:16:17] Picture infomations saved to  global/de-DE/README.md
[16:16:17] Picture infomations saved to global/de-DE/history/2025/04/30_de-DE.md
[16:16:17] Start geting global Bing Wallpaper, region=en-CA, local time is 2025-04-30 12:16:17.630434-04:00
[16:16:17] Successful get url: https://www.bing.com/th?id=OHR.ColtraneBand_EN-CA8272011820_UHD.jpg
[16:16:17] Picture infomations saved to  global/en-CA/README.md
[16:16:17] Picture infomations saved to global/en-CA/history/2025/05/01_en-CA.md
[16:16:17] Start geting global Bing Wallpaper, region=en-GB, local time is 2025-04-30 17:16:17.741091+01:00
[16:16:17] Successful get url: https://www.bing.com/th?id=OHR.ColtraneBand_EN-GB9213132534_UHD.jpg
[16:16:17] Picture infomations saved to  global/en-GB/README.md
[16:16:17] Picture infomations saved to global/en-GB/history/2025/04/30_en-GB.md
[16:16:17] Start geting global Bing Wallpaper, region=it-IT, local time is 2025-04-30 18:16:17.830015+02:00
[16:16:17] Successful get url: https://www.bing.com/th?id=OHR.ColtraneBand_IT-IT2364291009_UHD.jpg
[16:16:18] Picture infomations saved to  global/it-IT/README.md
[16:16:18] Picture infomations saved to global/it-IT/history/2025/04/30_it-IT.md
[16:16:18] Start geting global Bing Wallpaper, region=es-ES, local time is 2025-04-30 18:16:18.056016+02:00
[16:16:18] Successful get url: https://www.bing.com/th?id=OHR.ColtraneBand_ES-ES9738799865_UHD.jpg
[16:16:18] Picture infomations saved to  global/es-ES/README.md
[16:16:18] Picture infomations saved to global/es-ES/history/2025/04/30_es-ES.md
[16:16:18] Start geting global Bing Wallpaper, region=fr-CA, local time is 2025-04-30 12:16:18.140875-04:00
[16:16:18] Successful get url: https://www.bing.com/th?id=OHR.ColtraneBand_FR-CA0892756164_UHD.jpg
[16:16:18] Picture infomations saved to  global/fr-CA/README.md
[16:16:18] Picture infomations saved to global/fr-CA/history/2025/05/01_fr-CA.md
Program exit at 16:16:18
