
Program started at 09:26:57
Operating System Name: Linux
Operating System Version: #26~22.04.1-Ubuntu SMP Thu Jul 11 22:33:04 UTC 2024
System Architecture: ('64bit', 'ELF')
Computer Type: x86_64
Computer Name: fv-az1153-550
Processor Type: x86_64
Python Version: 3.12.8
Python Interpreter Name: CPython
[09:26:57] Start geting CN Bing Wallpaper
[09:26:57] Successful get url: https://www.bing.com/th?id=OHR.NorthernHawkOwl_ZH-CN8408027305_UHD.jpg
[09:26:57] Image saved to img/background.jpg
[09:26:57] Info saved to README.md
[09:26:57] Image saved to history/2024/12/14.md
[09:26:57] Start geting global Bing Wallpaper, region=en-US, local time is 2024-12-14 04:26:57.796189-05:00
[09:26:57] Successful get url: https://www.bing.com/th?id=OHR.NorthernHawkOwl_EN-US7592435350_UHD.jpg
[09:26:57] Picture infomations saved to  global/en-US/README.md
[09:26:57] Picture infomations saved to global/en-US/history/2024/12/15_en-US.md
[09:26:57] Start geting global Bing Wallpaper, region=ja-JP, local time is 2024-12-14 18:26:57.968516+09:00
[09:26:58] Successful get url: https://www.bing.com/th?id=OHR.NorthernHawkOwl_JA-JP7268842450_UHD.jpg
[09:26:58] Picture infomations saved to  global/ja-JP/README.md
[09:26:58] Picture infomations saved to global/ja-JP/history/2024/12/14_ja-JP.md
[09:26:58] Start geting global Bing Wallpaper, region=en-IN, local time is 2024-12-14 14:56:58.115097+05:30
[09:26:58] Successful get url: https://www.bing.com/th?id=OHR.NorthernHawkOwl_EN-IN5021019692_UHD.jpg
[09:26:58] Picture infomations saved to  global/en-IN/README.md
[09:26:58] Picture infomations saved to global/en-IN/history/2024/12/14_en-IN.md
[09:26:58] Start geting global Bing Wallpaper, region=pt-BR, local time is 2024-12-14 06:26:58.265733-03:00
[09:26:58] Successful get url: https://www.bing.com/th?id=OHR.NorthernHawkOwl_PT-BR0335958870_UHD.jpg
[09:26:58] Picture infomations saved to  global/pt-BR/README.md
[09:26:58] Picture infomations saved to global/pt-BR/history/2024/12/15_pt-BR.md
[09:26:58] Start geting global Bing Wallpaper, region=fr-FR, local time is 2024-12-14 10:26:58.401630+01:00
[09:26:58] Successful get url: https://www.bing.com/th?id=OHR.LynxTree_FR-FR1855644774_UHD.jpg
[09:26:58] Picture infomations saved to  global/fr-FR/README.md
[09:26:58] Picture infomations saved to global/fr-FR/history/2024/12/14_fr-FR.md
[09:26:58] Start geting global Bing Wallpaper, region=de-DE, local time is 2024-12-14 10:26:58.550144+01:00
[09:26:58] Successful get url: https://www.bing.com/th?id=OHR.NorthernHawkOwl_DE-DE0106015482_UHD.jpg
[09:26:58] Picture infomations saved to  global/de-DE/README.md
[09:26:58] Picture infomations saved to global/de-DE/history/2024/12/14_de-DE.md
[09:26:58] Start geting global Bing Wallpaper, region=en-CA, local time is 2024-12-14 04:26:58.691171-05:00
[09:26:58] Successful get url: https://www.bing.com/th?id=OHR.NorthernHawkOwl_EN-CA1011187644_UHD.jpg
[09:26:58] Picture infomations saved to  global/en-CA/README.md
[09:26:58] Picture infomations saved to global/en-CA/history/2024/12/15_en-CA.md
[09:26:58] Start geting global Bing Wallpaper, region=en-GB, local time is 2024-12-14 09:26:58.821454+00:00
[09:26:58] Successful get url: https://www.bing.com/th?id=OHR.NorthernHawkOwl_EN-GB5538150484_UHD.jpg
[09:26:58] Picture infomations saved to  global/en-GB/README.md
[09:26:58] Picture infomations saved to global/en-GB/history/2024/12/15_en-GB.md
[09:26:58] Start geting global Bing Wallpaper, region=it-IT, local time is 2024-12-14 10:26:58.965778+01:00
[09:26:59] Successful get url: https://www.bing.com/th?id=OHR.NorthernHawkOwl_IT-IT6682562006_UHD.jpg
[09:26:59] Picture infomations saved to  global/it-IT/README.md
[09:26:59] Picture infomations saved to global/it-IT/history/2024/12/14_it-IT.md
[09:26:59] Start geting global Bing Wallpaper, region=es-ES, local time is 2024-12-14 10:26:59.105524+01:00
[09:26:59] Successful get url: https://www.bing.com/th?id=OHR.PrioroWinter_ES-ES0831913831_UHD.jpg
[09:26:59] Picture infomations saved to  global/es-ES/README.md
[09:26:59] Picture infomations saved to global/es-ES/history/2024/12/14_es-ES.md
[09:26:59] Start geting global Bing Wallpaper, region=fr-CA, local time is 2024-12-14 04:26:59.262031-05:00
[09:26:59] Successful get url: https://www.bing.com/th?id=OHR.NorthernHawkOwl_FR-CA4030609030_UHD.jpg
[09:26:59] Picture infomations saved to  global/fr-CA/README.md
[09:26:59] Picture infomations saved to global/fr-CA/history/2024/12/15_fr-CA.md
Program exit at 09:26:59
