
Program started at 09:29:34
Operating System Name: Linux
Operating System Version: #26~22.04.1-Ubuntu SMP Thu Jul 11 22:33:04 UTC 2024
System Architecture: ('64bit', 'ELF')
Computer Type: x86_64
Computer Name: fv-az1146-885
Processor Type: x86_64
Python Version: 3.12.7
Python Interpreter Name: CPython
[09:29:35] Start geting CN Bing Wallpaper
[09:29:35] Successful get url: https://www.bing.com/th?id=OHR.GreaterSnow2024_ZH-CN5929129591_UHD.jpg
[09:29:35] Image saved to img/background.jpg
[09:29:35] Info saved to README.md
[09:29:35] Image saved to history/2024/12/06.md
[09:29:35] Start geting global Bing Wallpaper, region=en-US, local time is 2024-12-06 04:29:35.296177-05:00
[09:29:35] Successful get url: https://www.bing.com/th?id=OHR.HelsinkiDusk_EN-US7738977648_UHD.jpg
[09:29:35] Picture infomations saved to  global/en-US/README.md
[09:29:35] Picture infomations saved to global/en-US/history/2024/12/07_en-US.md
[09:29:35] Start geting global Bing Wallpaper, region=ja-JP, local time is 2024-12-06 18:29:35.411631+09:00
[09:29:35] Successful get url: https://www.bing.com/th?id=OHR.HelsinkiDusk_JA-JP8216541034_UHD.jpg
[09:29:35] Picture infomations saved to  global/ja-JP/README.md
[09:29:35] Picture infomations saved to global/ja-JP/history/2024/12/06_ja-JP.md
[09:29:35] Start geting global Bing Wallpaper, region=en-IN, local time is 2024-12-06 14:59:35.509531+05:30
[09:29:35] Successful get url: https://www.bing.com/th?id=OHR.HelsinkiDusk_EN-IN5970913809_UHD.jpg
[09:29:35] Picture infomations saved to  global/en-IN/README.md
[09:29:35] Picture infomations saved to global/en-IN/history/2024/12/06_en-IN.md
[09:29:35] Start geting global Bing Wallpaper, region=pt-BR, local time is 2024-12-06 06:29:35.630529-03:00
[09:29:35] Successful get url: https://www.bing.com/th?id=OHR.HelsinkiDusk_PT-BR9202274826_UHD.jpg
[09:29:35] Picture infomations saved to  global/pt-BR/README.md
[09:29:35] Picture infomations saved to global/pt-BR/history/2024/12/07_pt-BR.md
[09:29:35] Start geting global Bing Wallpaper, region=fr-FR, local time is 2024-12-06 10:29:35.778250+01:00
[09:29:35] Successful get url: https://www.bing.com/th?id=OHR.ColmarHoliday_FR-FR1755218249_UHD.jpg
[09:29:35] Picture infomations saved to  global/fr-FR/README.md
[09:29:35] Picture infomations saved to global/fr-FR/history/2024/12/06_fr-FR.md
[09:29:35] Start geting global Bing Wallpaper, region=de-DE, local time is 2024-12-06 10:29:35.880859+01:00
[09:29:35] Successful get url: https://www.bing.com/th?id=OHR.HelsinkiDusk_DE-DE2937448278_UHD.jpg
[09:29:35] Picture infomations saved to  global/de-DE/README.md
[09:29:35] Picture infomations saved to global/de-DE/history/2024/12/06_de-DE.md
[09:29:35] Start geting global Bing Wallpaper, region=en-CA, local time is 2024-12-06 04:29:35.977645-05:00
[09:29:36] Successful get url: https://www.bing.com/th?id=OHR.HelsinkiDusk_EN-CA1340856865_UHD.jpg
[09:29:36] Picture infomations saved to  global/en-CA/README.md
[09:29:36] Picture infomations saved to global/en-CA/history/2024/12/07_en-CA.md
[09:29:36] Start geting global Bing Wallpaper, region=en-GB, local time is 2024-12-06 09:29:36.099012+00:00
[09:29:36] Successful get url: https://www.bing.com/th?id=OHR.HelsinkiDusk_EN-GB3167240327_UHD.jpg
[09:29:36] Picture infomations saved to  global/en-GB/README.md
[09:29:36] Picture infomations saved to global/en-GB/history/2024/12/07_en-GB.md
[09:29:36] Start geting global Bing Wallpaper, region=it-IT, local time is 2024-12-06 10:29:36.221046+01:00
[09:29:36] Successful get url: https://www.bing.com/th?id=OHR.HelsinkiDusk_IT-IT6690670335_UHD.jpg
[09:29:36] Picture infomations saved to  global/it-IT/README.md
[09:29:36] Picture infomations saved to global/it-IT/history/2024/12/06_it-IT.md
[09:29:36] Start geting global Bing Wallpaper, region=es-ES, local time is 2024-12-06 10:29:36.375145+01:00
[09:29:36] Successful get url: https://www.bing.com/th?id=OHR.SpainConstitutionDay2024_ES-ES5831471578_UHD.jpg
[09:29:36] Picture infomations saved to  global/es-ES/README.md
[09:29:36] Picture infomations saved to global/es-ES/history/2024/12/06_es-ES.md
[09:29:36] Start geting global Bing Wallpaper, region=fr-CA, local time is 2024-12-06 04:29:36.483183-05:00
[09:29:36] Successful get url: https://www.bing.com/th?id=OHR.HelsinkiDusk_FR-CA2777107787_UHD.jpg
[09:29:36] Picture infomations saved to  global/fr-CA/README.md
[09:29:36] Picture infomations saved to global/fr-CA/history/2024/12/07_fr-CA.md
Program exit at 09:29:36

Program started at 16:15:37
Operating System Name: Linux
Operating System Version: #26~22.04.1-Ubuntu SMP Thu Jul 11 22:33:04 UTC 2024
System Architecture: ('64bit', 'ELF')
Computer Type: x86_64
Computer Name: fv-az1215-682
Processor Type: x86_64
Python Version: 3.12.7
Python Interpreter Name: CPython
[16:15:37] Start geting CN Bing Wallpaper
[16:15:37] Successful get url: https://www.bing.com/th?id=OHR.ArraialdoCabo_ZH-CN6202620711_UHD.jpg
[16:15:37] Image saved to img/background.jpg
[16:15:37] Info saved to README.md
[16:15:37] Image saved to history/2024/12/07.md
[16:15:37] Start geting global Bing Wallpaper, region=en-US, local time is 2024-12-06 11:15:37.458028-05:00
[16:15:37] Successful get url: https://www.bing.com/th?id=OHR.HelsinkiDusk_EN-US7738977648_UHD.jpg
[16:15:37] Picture infomations saved to  global/en-US/README.md
[16:15:37] Picture infomations saved to global/en-US/history/2024/12/07_en-US.md
[16:15:37] Start geting global Bing Wallpaper, region=ja-JP, local time is 2024-12-07 01:15:37.646553+09:00
[16:15:37] Successful get url: https://www.bing.com/th?id=OHR.Daxue2024_JA-JP8353318760_UHD.jpg
[16:15:37] Picture infomations saved to  global/ja-JP/README.md
[16:15:37] Picture infomations saved to global/ja-JP/history/2024/12/07_ja-JP.md
[16:15:37] Start geting global Bing Wallpaper, region=en-IN, local time is 2024-12-06 21:45:37.813300+05:30
[16:15:37] Successful get url: https://www.bing.com/th?id=OHR.HelsinkiDusk_EN-IN5970913809_UHD.jpg
[16:15:37] Picture infomations saved to  global/en-IN/README.md
[16:15:37] Picture infomations saved to global/en-IN/history/2024/12/06_en-IN.md
[16:15:37] Start geting global Bing Wallpaper, region=pt-BR, local time is 2024-12-06 13:15:37.975126-03:00
[16:15:38] Successful get url: https://www.bing.com/th?id=OHR.HelsinkiDusk_PT-BR9202274826_UHD.jpg
[16:15:38] Picture infomations saved to  global/pt-BR/README.md
[16:15:38] Picture infomations saved to global/pt-BR/history/2024/12/07_pt-BR.md
[16:15:38] Start geting global Bing Wallpaper, region=fr-FR, local time is 2024-12-06 17:15:38.136401+01:00
[16:15:38] Successful get url: https://www.bing.com/th?id=OHR.ColmarHoliday_FR-FR1755218249_UHD.jpg
[16:15:38] Picture infomations saved to  global/fr-FR/README.md
[16:15:38] Picture infomations saved to global/fr-FR/history/2024/12/06_fr-FR.md
[16:15:38] Start geting global Bing Wallpaper, region=de-DE, local time is 2024-12-06 17:15:38.327990+01:00
[16:15:38] Successful get url: https://www.bing.com/th?id=OHR.HelsinkiDusk_DE-DE2937448278_UHD.jpg
[16:15:38] Picture infomations saved to  global/de-DE/README.md
[16:15:38] Picture infomations saved to global/de-DE/history/2024/12/06_de-DE.md
[16:15:38] Start geting global Bing Wallpaper, region=en-CA, local time is 2024-12-06 11:15:38.494501-05:00
[16:15:38] Successful get url: https://www.bing.com/th?id=OHR.HelsinkiDusk_EN-CA1340856865_UHD.jpg
[16:15:38] Picture infomations saved to  global/en-CA/README.md
[16:15:38] Picture infomations saved to global/en-CA/history/2024/12/07_en-CA.md
[16:15:38] Start geting global Bing Wallpaper, region=en-GB, local time is 2024-12-06 16:15:38.646808+00:00
[16:15:38] Successful get url: https://www.bing.com/th?id=OHR.HelsinkiDusk_EN-GB3167240327_UHD.jpg
[16:15:38] Picture infomations saved to  global/en-GB/README.md
[16:15:38] Picture infomations saved to global/en-GB/history/2024/12/07_en-GB.md
[16:15:38] Start geting global Bing Wallpaper, region=it-IT, local time is 2024-12-06 17:15:38.803919+01:00
[16:15:38] Successful get url: https://www.bing.com/th?id=OHR.HelsinkiDusk_IT-IT6690670335_UHD.jpg
[16:15:38] Picture infomations saved to  global/it-IT/README.md
[16:15:38] Picture infomations saved to global/it-IT/history/2024/12/06_it-IT.md
[16:15:38] Start geting global Bing Wallpaper, region=es-ES, local time is 2024-12-06 17:15:38.953663+01:00
[16:15:39] Successful get url: https://www.bing.com/th?id=OHR.SpainConstitutionDay2024_ES-ES5831471578_UHD.jpg
[16:15:39] Picture infomations saved to  global/es-ES/README.md
[16:15:39] Picture infomations saved to global/es-ES/history/2024/12/06_es-ES.md
[16:15:39] Start geting global Bing Wallpaper, region=fr-CA, local time is 2024-12-06 11:15:39.122999-05:00
[16:15:39] Successful get url: https://www.bing.com/th?id=OHR.HelsinkiDusk_FR-CA2777107787_UHD.jpg
[16:15:39] Picture infomations saved to  global/fr-CA/README.md
[16:15:39] Picture infomations saved to global/fr-CA/history/2024/12/07_fr-CA.md
Program exit at 16:15:39
