
Program started at 09:24:26
Operating System Name: Linux
Operating System Version: #26~22.04.1-Ubuntu SMP Thu Jul 11 22:33:04 UTC 2024
System Architecture: ('64bit', 'ELF')
Computer Type: x86_64
Computer Name: fv-az1446-29
Processor Type: x86_64
Python Version: 3.12.8
Python Interpreter Name: CPython
[09:24:26] Start geting CN Bing Wallpaper
[09:24:26] Successful get url: https://www.bing.com/th?id=OHR.BorobudurBells_ZH-CN5291511365_UHD.jpg
[09:24:26] Image saved to img/background.jpg
[09:24:26] Info saved to README.md
[09:24:26] Image saved to history/2024/12/29.md
[09:24:26] Start geting global Bing Wallpaper, region=en-US, local time is 2024-12-29 04:24:26.185874-05:00
[09:24:26] Successful get url: https://www.bing.com/th?id=OHR.BorobudurBells_EN-US6354350828_UHD.jpg
[09:24:26] Picture infomations saved to  global/en-US/README.md
[09:24:26] Picture infomations saved to global/en-US/history/2024/12/30_en-US.md
[09:24:26] Start geting global Bing Wallpaper, region=ja-JP, local time is 2024-12-29 18:24:26.284237+09:00
[09:24:26] Successful get url: https://www.bing.com/th?id=OHR.BorobudurBells_JA-JP5888220367_UHD.jpg
[09:24:26] Picture infomations saved to  global/ja-JP/README.md
[09:24:26] Picture infomations saved to global/ja-JP/history/2024/12/29_ja-JP.md
[09:24:26] Start geting global Bing Wallpaper, region=en-IN, local time is 2024-12-29 14:54:26.378544+05:30
[09:24:26] Successful get url: https://www.bing.com/th?id=OHR.BorobudurBells_EN-IN4195556883_UHD.jpg
[09:24:26] Picture infomations saved to  global/en-IN/README.md
[09:24:26] Picture infomations saved to global/en-IN/history/2024/12/29_en-IN.md
[09:24:26] Start geting global Bing Wallpaper, region=pt-BR, local time is 2024-12-29 06:24:26.470582-03:00
[09:24:26] Successful get url: https://www.bing.com/th?id=OHR.BorobudurBells_PT-BR9535309352_UHD.jpg
[09:24:26] Picture infomations saved to  global/pt-BR/README.md
[09:24:26] Picture infomations saved to global/pt-BR/history/2024/12/30_pt-BR.md
[09:24:26] Start geting global Bing Wallpaper, region=fr-FR, local time is 2024-12-29 10:24:26.559542+01:00
[09:24:26] Successful get url: https://www.bing.com/th?id=OHR.BorobudurBells_FR-FR9771454901_UHD.jpg
[09:24:26] Picture infomations saved to  global/fr-FR/README.md
[09:24:26] Picture infomations saved to global/fr-FR/history/2024/12/29_fr-FR.md
[09:24:26] Start geting global Bing Wallpaper, region=de-DE, local time is 2024-12-29 10:24:26.710522+01:00
[09:24:26] Successful get url: https://www.bing.com/th?id=OHR.BorobudurBells_DE-DE1793437311_UHD.jpg
[09:24:26] Picture infomations saved to  global/de-DE/README.md
[09:24:26] Picture infomations saved to global/de-DE/history/2024/12/29_de-DE.md
[09:24:26] Start geting global Bing Wallpaper, region=en-CA, local time is 2024-12-29 04:24:26.818459-05:00
[09:24:26] Successful get url: https://www.bing.com/th?id=OHR.BorobudurBells_EN-CA5184067886_UHD.jpg
[09:24:26] Picture infomations saved to  global/en-CA/README.md
[09:24:26] Picture infomations saved to global/en-CA/history/2024/12/30_en-CA.md
[09:24:26] Start geting global Bing Wallpaper, region=en-GB, local time is 2024-12-29 09:24:26.907106+00:00
[09:24:26] Successful get url: https://www.bing.com/th?id=OHR.BorobudurBells_EN-GB3331651821_UHD.jpg
[09:24:27] Picture infomations saved to  global/en-GB/README.md
[09:24:27] Picture infomations saved to global/en-GB/history/2024/12/30_en-GB.md
[09:24:27] Start geting global Bing Wallpaper, region=it-IT, local time is 2024-12-29 10:24:27.009479+01:00
[09:24:27] Successful get url: https://www.bing.com/th?id=OHR.BorobudurBells_IT-IT2966743478_UHD.jpg
[09:24:27] Picture infomations saved to  global/it-IT/README.md
[09:24:27] Picture infomations saved to global/it-IT/history/2024/12/29_it-IT.md
[09:24:27] Start geting global Bing Wallpaper, region=es-ES, local time is 2024-12-29 10:24:27.168092+01:00
[09:24:27] Successful get url: https://www.bing.com/th?id=OHR.BorobudurBells_ES-ES2132252212_UHD.jpg
[09:24:27] Picture infomations saved to  global/es-ES/README.md
[09:24:27] Picture infomations saved to global/es-ES/history/2024/12/29_es-ES.md
[09:24:27] Start geting global Bing Wallpaper, region=fr-CA, local time is 2024-12-29 04:24:27.317443-05:00
[09:24:27] Successful get url: https://www.bing.com/th?id=OHR.BorobudurBells_FR-CA7089103759_UHD.jpg
[09:24:27] Picture infomations saved to  global/fr-CA/README.md
[09:24:27] Picture infomations saved to global/fr-CA/history/2024/12/30_fr-CA.md
Program exit at 09:24:27
