
Program started at 09:30:07
Operating System Name: Linux
Operating System Version: #26~22.04.1-Ubuntu SMP Thu Jul 11 22:33:04 UTC 2024
System Architecture: ('64bit', 'ELF')
Computer Type: x86_64
Computer Name: fv-az1498-943
Processor Type: x86_64
Python Version: 3.12.7
Python Interpreter Name: CPython
[09:30:07] Start geting CN Bing Wallpaper
[09:30:07] Successful get url: https://www.bing.com/th?id=OHR.WildPoinsettia_ZH-CN7984548709_UHD.jpg
[09:30:08] Image saved to img/background.jpg
[09:30:08] Info saved to README.md
[09:30:08] Image saved to history/2024/12/12.md
[09:30:08] Start geting global Bing Wallpaper, region=en-US, local time is 2024-12-12 04:30:08.095163-05:00
[09:30:08] Successful get url: https://www.bing.com/th?id=OHR.WildPoinsettia_EN-US8728271702_UHD.jpg
[09:30:08] Picture infomations saved to  global/en-US/README.md
[09:30:08] Picture infomations saved to global/en-US/history/2024/12/13_en-US.md
[09:30:08] Start geting global Bing Wallpaper, region=ja-JP, local time is 2024-12-12 18:30:08.257993+09:00
[09:30:08] Successful get url: https://www.bing.com/th?id=OHR.WildPoinsettia_JA-JP9224856071_UHD.jpg
[09:30:08] Picture infomations saved to  global/ja-JP/README.md
[09:30:08] Picture infomations saved to global/ja-JP/history/2024/12/12_ja-JP.md
[09:30:08] Start geting global Bing Wallpaper, region=en-IN, local time is 2024-12-12 15:00:08.405592+05:30
[09:30:08] Successful get url: https://www.bing.com/th?id=OHR.WildPoinsettia_EN-IN3091252841_UHD.jpg
[09:30:08] Picture infomations saved to  global/en-IN/README.md
[09:30:08] Picture infomations saved to global/en-IN/history/2024/12/12_en-IN.md
[09:30:08] Start geting global Bing Wallpaper, region=pt-BR, local time is 2024-12-12 06:30:08.541542-03:00
[09:30:08] Successful get url: https://www.bing.com/th?id=OHR.WildPoinsettia_PT-BR3322413388_UHD.jpg
[09:30:08] Picture infomations saved to  global/pt-BR/README.md
[09:30:08] Picture infomations saved to global/pt-BR/history/2024/12/13_pt-BR.md
[09:30:08] Start geting global Bing Wallpaper, region=fr-FR, local time is 2024-12-12 10:30:08.713448+01:00
[09:30:08] Successful get url: https://www.bing.com/th?id=OHR.WildPoinsettia_FR-FR2758700807_UHD.jpg
[09:30:08] Picture infomations saved to  global/fr-FR/README.md
[09:30:08] Picture infomations saved to global/fr-FR/history/2024/12/12_fr-FR.md
[09:30:08] Start geting global Bing Wallpaper, region=de-DE, local time is 2024-12-12 10:30:08.911742+01:00
[09:30:08] Successful get url: https://www.bing.com/th?id=OHR.FrozenLakebyWintrySunrise_DE-DE6146213126_UHD.jpg
[09:30:09] Picture infomations saved to  global/de-DE/README.md
[09:30:09] Picture infomations saved to global/de-DE/history/2024/12/12_de-DE.md
[09:30:09] Start geting global Bing Wallpaper, region=en-CA, local time is 2024-12-12 04:30:09.075744-05:00
[09:30:09] Successful get url: https://www.bing.com/th?id=OHR.WildPoinsettia_EN-CA8337663672_UHD.jpg
[09:30:09] Picture infomations saved to  global/en-CA/README.md
[09:30:09] Picture infomations saved to global/en-CA/history/2024/12/13_en-CA.md
[09:30:09] Start geting global Bing Wallpaper, region=en-GB, local time is 2024-12-12 09:30:09.241456+00:00
[09:30:09] Successful get url: https://www.bing.com/th?id=OHR.WildPoinsettia_EN-GB5028659817_UHD.jpg
[09:30:09] Picture infomations saved to  global/en-GB/README.md
[09:30:09] Picture infomations saved to global/en-GB/history/2024/12/13_en-GB.md
[09:30:09] Start geting global Bing Wallpaper, region=it-IT, local time is 2024-12-12 10:30:09.384976+01:00
[09:30:09] Successful get url: https://www.bing.com/th?id=OHR.WildPoinsettia_IT-IT8938739079_UHD.jpg
[09:30:09] Picture infomations saved to  global/it-IT/README.md
[09:30:09] Picture infomations saved to global/it-IT/history/2024/12/12_it-IT.md
[09:30:09] Start geting global Bing Wallpaper, region=es-ES, local time is 2024-12-12 10:30:09.564950+01:00
[09:30:09] Successful get url: https://www.bing.com/th?id=OHR.WildPoinsettia_ES-ES7928941818_UHD.jpg
[09:30:09] Picture infomations saved to  global/es-ES/README.md
[09:30:09] Picture infomations saved to global/es-ES/history/2024/12/12_es-ES.md
[09:30:09] Start geting global Bing Wallpaper, region=fr-CA, local time is 2024-12-12 04:30:09.707102-05:00
[09:30:09] Successful get url: https://www.bing.com/th?id=OHR.WildPoinsettia_FR-CA2997084184_UHD.jpg
[09:30:09] Picture infomations saved to  global/fr-CA/README.md
[09:30:09] Picture infomations saved to global/fr-CA/history/2024/12/13_fr-CA.md
Program exit at 09:30:09
