
Program started at 09:27:00
Operating System Name: Linux
Operating System Version: #26~22.04.1-Ubuntu SMP Thu Jul 11 22:33:04 UTC 2024
System Architecture: ('64bit', 'ELF')
Computer Type: x86_64
Computer Name: fv-az700-619
Processor Type: x86_64
Python Version: 3.12.8
Python Interpreter Name: CPython
[09:27:00] Start geting CN Bing Wallpaper
[09:27:00] Successful get url: https://www.bing.com/th?id=OHR.SantaSnowglobe_ZH-CN2671421527_UHD.jpg
[09:27:00] Image saved to img/background.jpg
[09:27:00] Info saved to README.md
[09:27:00] Image saved to history/2024/12/24.md
[09:27:00] Start geting global Bing Wallpaper, region=en-US, local time is 2024-12-24 04:27:00.830209-05:00
[09:27:00] Successful get url: https://www.bing.com/th?id=OHR.SantaSnowglobe_EN-US0704281966_UHD.jpg
[09:27:00] Picture infomations saved to  global/en-US/README.md
[09:27:00] Picture infomations saved to global/en-US/history/2024/12/25_en-US.md
[09:27:00] Start geting global Bing Wallpaper, region=ja-JP, local time is 2024-12-24 18:27:00.940269+09:00
[09:27:00] Successful get url: https://www.bing.com/th?id=OHR.SantaSnowglobe_JA-JP0084831582_UHD.jpg
[09:27:01] Picture infomations saved to  global/ja-JP/README.md
[09:27:01] Picture infomations saved to global/ja-JP/history/2024/12/24_ja-JP.md
[09:27:01] Start geting global Bing Wallpaper, region=en-IN, local time is 2024-12-24 14:57:01.036000+05:30
[09:27:01] Successful get url: https://www.bing.com/th?id=OHR.SantaSnowglobe_EN-IN0656724477_UHD.jpg
[09:27:01] Picture infomations saved to  global/en-IN/README.md
[09:27:01] Picture infomations saved to global/en-IN/history/2024/12/24_en-IN.md
[09:27:01] Start geting global Bing Wallpaper, region=pt-BR, local time is 2024-12-24 06:27:01.131741-03:00
[09:27:01] Successful get url: https://www.bing.com/th?id=OHR.SantaSnowglobe_PT-BR1618485340_UHD.jpg
[09:27:01] Picture infomations saved to  global/pt-BR/README.md
[09:27:01] Picture infomations saved to global/pt-BR/history/2024/12/25_pt-BR.md
[09:27:01] Start geting global Bing Wallpaper, region=fr-FR, local time is 2024-12-24 10:27:01.225344+01:00
[09:27:01] Successful get url: https://www.bing.com/th?id=OHR.SantaSnowglobe_FR-FR4108706539_UHD.jpg
[09:27:01] Picture infomations saved to  global/fr-FR/README.md
[09:27:01] Picture infomations saved to global/fr-FR/history/2024/12/24_fr-FR.md
[09:27:01] Start geting global Bing Wallpaper, region=de-DE, local time is 2024-12-24 10:27:01.378580+01:00
[09:27:01] Successful get url: https://www.bing.com/th?id=OHR.SantaSnowglobe_DE-DE7632109173_UHD.jpg
[09:27:01] Picture infomations saved to  global/de-DE/README.md
[09:27:01] Picture infomations saved to global/de-DE/history/2024/12/24_de-DE.md
[09:27:01] Start geting global Bing Wallpaper, region=en-CA, local time is 2024-12-24 04:27:01.490175-05:00
[09:27:01] Successful get url: https://www.bing.com/th?id=OHR.SantaSnowglobe_EN-CA4151337834_UHD.jpg
[09:27:01] Picture infomations saved to  global/en-CA/README.md
[09:27:01] Picture infomations saved to global/en-CA/history/2024/12/25_en-CA.md
[09:27:01] Start geting global Bing Wallpaper, region=en-GB, local time is 2024-12-24 09:27:01.573018+00:00
[09:27:01] Successful get url: https://www.bing.com/th?id=OHR.SantaSnowglobe_EN-GB8850390897_UHD.jpg
[09:27:01] Picture infomations saved to  global/en-GB/README.md
[09:27:01] Picture infomations saved to global/en-GB/history/2024/12/25_en-GB.md
[09:27:01] Start geting global Bing Wallpaper, region=it-IT, local time is 2024-12-24 10:27:01.661956+01:00
[09:27:01] Successful get url: https://www.bing.com/th?id=OHR.GalleriaVittiorioEmanuele_IT-IT9220244159_UHD.jpg
[09:27:01] Picture infomations saved to  global/it-IT/README.md
[09:27:01] Picture infomations saved to global/it-IT/history/2024/12/24_it-IT.md
[09:27:01] Start geting global Bing Wallpaper, region=es-ES, local time is 2024-12-24 10:27:01.772631+01:00
[09:27:01] Successful get url: https://www.bing.com/th?id=OHR.SantaSnowglobe_ES-ES2272443187_UHD.jpg
[09:27:01] Picture infomations saved to  global/es-ES/README.md
[09:27:01] Picture infomations saved to global/es-ES/history/2024/12/24_es-ES.md
[09:27:01] Start geting global Bing Wallpaper, region=fr-CA, local time is 2024-12-24 04:27:01.895390-05:00
[09:27:01] Successful get url: https://www.bing.com/th?id=OHR.SantaSnowglobe_FR-CA6593059116_UHD.jpg
[09:27:02] Picture infomations saved to  global/fr-CA/README.md
[09:27:02] Picture infomations saved to global/fr-CA/history/2024/12/25_fr-CA.md
Program exit at 09:27:02

Program started at 16:13:35
Operating System Name: Linux
Operating System Version: #26~22.04.1-Ubuntu SMP Thu Jul 11 22:33:04 UTC 2024
System Architecture: ('64bit', 'ELF')
Computer Type: x86_64
Computer Name: fv-az730-596
Processor Type: x86_64
Python Version: 3.12.8
Python Interpreter Name: CPython
[16:13:35] Start geting CN Bing Wallpaper
[16:13:35] Successful get url: https://www.bing.com/th?id=OHR.CovadongaWinter_ZH-CN2873340163_UHD.jpg
[16:13:35] Image saved to img/background.jpg
[16:13:35] Info saved to README.md
[16:13:35] Image saved to history/2024/12/25.md
[16:13:35] Start geting global Bing Wallpaper, region=en-US, local time is 2024-12-24 11:13:35.872095-05:00
[16:13:35] Successful get url: https://www.bing.com/th?id=OHR.SantaSnowglobe_EN-US0704281966_UHD.jpg
[16:13:35] Picture infomations saved to  global/en-US/README.md
[16:13:35] Picture infomations saved to global/en-US/history/2024/12/25_en-US.md
[16:13:35] Start geting global Bing Wallpaper, region=ja-JP, local time is 2024-12-25 01:13:35.976519+09:00
[16:13:36] Successful get url: https://www.bing.com/th?id=OHR.ReindeerTrio_JA-JP0425560339_UHD.jpg
[16:13:36] Picture infomations saved to  global/ja-JP/README.md
[16:13:36] Picture infomations saved to global/ja-JP/history/2024/12/25_ja-JP.md
[16:13:36] Start geting global Bing Wallpaper, region=en-IN, local time is 2024-12-24 21:43:36.215466+05:30
[16:13:36] Successful get url: https://www.bing.com/th?id=OHR.SantaSnowglobe_EN-IN0656724477_UHD.jpg
[16:13:36] Picture infomations saved to  global/en-IN/README.md
[16:13:36] Picture infomations saved to global/en-IN/history/2024/12/24_en-IN.md
[16:13:36] Start geting global Bing Wallpaper, region=pt-BR, local time is 2024-12-24 13:13:36.335291-03:00
[16:13:36] Successful get url: https://www.bing.com/th?id=OHR.SantaSnowglobe_PT-BR1618485340_UHD.jpg
[16:13:36] Picture infomations saved to  global/pt-BR/README.md
[16:13:36] Picture infomations saved to global/pt-BR/history/2024/12/25_pt-BR.md
[16:13:36] Start geting global Bing Wallpaper, region=fr-FR, local time is 2024-12-24 17:13:36.455939+01:00
[16:13:36] Successful get url: https://www.bing.com/th?id=OHR.SantaSnowglobe_FR-FR4108706539_UHD.jpg
[16:13:36] Picture infomations saved to  global/fr-FR/README.md
[16:13:36] Picture infomations saved to global/fr-FR/history/2024/12/24_fr-FR.md
[16:13:36] Start geting global Bing Wallpaper, region=de-DE, local time is 2024-12-24 17:13:36.572820+01:00
[16:13:36] Successful get url: https://www.bing.com/th?id=OHR.SantaSnowglobe_DE-DE7632109173_UHD.jpg
[16:13:36] Picture infomations saved to  global/de-DE/README.md
[16:13:36] Picture infomations saved to global/de-DE/history/2024/12/24_de-DE.md
[16:13:36] Start geting global Bing Wallpaper, region=en-CA, local time is 2024-12-24 11:13:36.697565-05:00
[16:13:36] Successful get url: https://www.bing.com/th?id=OHR.SantaSnowglobe_EN-CA4151337834_UHD.jpg
[16:13:36] Picture infomations saved to  global/en-CA/README.md
[16:13:36] Picture infomations saved to global/en-CA/history/2024/12/25_en-CA.md
[16:13:36] Start geting global Bing Wallpaper, region=en-GB, local time is 2024-12-24 16:13:36.789992+00:00
[16:13:36] Successful get url: https://www.bing.com/th?id=OHR.SantaSnowglobe_EN-GB8850390897_UHD.jpg
[16:13:36] Picture infomations saved to  global/en-GB/README.md
[16:13:36] Picture infomations saved to global/en-GB/history/2024/12/25_en-GB.md
[16:13:36] Start geting global Bing Wallpaper, region=it-IT, local time is 2024-12-24 17:13:36.903539+01:00
[16:13:36] Successful get url: https://www.bing.com/th?id=OHR.GalleriaVittiorioEmanuele_IT-IT9220244159_UHD.jpg
[16:13:37] Picture infomations saved to  global/it-IT/README.md
[16:13:37] Picture infomations saved to global/it-IT/history/2024/12/24_it-IT.md
[16:13:37] Start geting global Bing Wallpaper, region=es-ES, local time is 2024-12-24 17:13:37.004652+01:00
[16:13:37] Successful get url: https://www.bing.com/th?id=OHR.SantaSnowglobe_ES-ES2272443187_UHD.jpg
[16:13:37] Picture infomations saved to  global/es-ES/README.md
[16:13:37] Picture infomations saved to global/es-ES/history/2024/12/24_es-ES.md
[16:13:37] Start geting global Bing Wallpaper, region=fr-CA, local time is 2024-12-24 11:13:37.099572-05:00
[16:13:37] Successful get url: https://www.bing.com/th?id=OHR.SantaSnowglobe_FR-CA6593059116_UHD.jpg
[16:13:37] Picture infomations saved to  global/fr-CA/README.md
[16:13:37] Picture infomations saved to global/fr-CA/history/2024/12/25_fr-CA.md
Program exit at 16:13:37
