
Program started at 16:13:53
Operating System Name: Linux
Operating System Version: #26~22.04.1-Ubuntu SMP Thu Jul 11 22:33:04 UTC 2024
System Architecture: ('64bit', 'ELF')
Computer Type: x86_64
Computer Name: fv-az1499-688
Processor Type: x86_64
Python Version: 3.12.7
Python Interpreter Name: CPython
[16:13:53] Start geting CN Bing Wallpaper
[16:13:53] Successful get url: https://www.bing.com/th?id=OHR.ReopeningNotreDame_ZH-CN6512133762_UHD.jpg
[16:13:53] Image saved to img/background.jpg
[16:13:53] Info saved to README.md
[16:13:53] Image saved to history/2024/12/08.md
[16:13:53] Start geting global Bing Wallpaper, region=en-US, local time is 2024-12-07 11:13:53.211959-05:00
[16:13:53] Successful get url: https://www.bing.com/th?id=OHR.NewHavenBridge_EN-US7922266620_UHD.jpg
[16:13:53] Picture infomations saved to  global/en-US/README.md
[16:13:53] Picture infomations saved to global/en-US/history/2024/12/08_en-US.md
[16:13:53] Start geting global Bing Wallpaper, region=ja-JP, local time is 2024-12-08 01:13:53.316030+09:00
[16:13:53] Successful get url: https://www.bing.com/th?id=OHR.ReopeningNotreDame_JA-JP8512031523_UHD.jpg
[16:13:53] Picture infomations saved to  global/ja-JP/README.md
[16:13:53] Picture infomations saved to global/ja-JP/history/2024/12/08_ja-JP.md
[16:13:53] Start geting global Bing Wallpaper, region=en-IN, local time is 2024-12-07 21:43:53.477437+05:30
[16:13:53] Successful get url: https://www.bing.com/th?id=OHR.OrchhaFort_EN-IN5765082916_UHD.jpg
[16:13:53] Picture infomations saved to  global/en-IN/README.md
[16:13:53] Picture infomations saved to global/en-IN/history/2024/12/07_en-IN.md
[16:13:53] Start geting global Bing Wallpaper, region=pt-BR, local time is 2024-12-07 13:13:53.601167-03:00
[16:13:53] Successful get url: https://www.bing.com/th?id=OHR.ArraialdoCabo_PT-BR0624214500_UHD.jpg
[16:13:53] Picture infomations saved to  global/pt-BR/README.md
[16:13:53] Picture infomations saved to global/pt-BR/history/2024/12/08_pt-BR.md
[16:13:53] Start geting global Bing Wallpaper, region=fr-FR, local time is 2024-12-07 17:13:53.708841+01:00
[16:13:53] Successful get url: https://www.bing.com/th?id=OHR.ArraialdoCabo_FR-FR2062864559_UHD.jpg
[16:13:53] Picture infomations saved to  global/fr-FR/README.md
[16:13:53] Picture infomations saved to global/fr-FR/history/2024/12/07_fr-FR.md
[16:13:53] Start geting global Bing Wallpaper, region=de-DE, local time is 2024-12-07 17:13:53.822023+01:00
[16:13:53] Successful get url: https://www.bing.com/th?id=OHR.ArraialdoCabo_DE-DE6486743484_UHD.jpg
[16:13:53] Picture infomations saved to  global/de-DE/README.md
[16:13:53] Picture infomations saved to global/de-DE/history/2024/12/07_de-DE.md
[16:13:53] Start geting global Bing Wallpaper, region=en-CA, local time is 2024-12-07 11:13:53.964379-05:00
[16:13:54] Successful get url: https://www.bing.com/th?id=OHR.TorontoWinterSkyline_EN-CA1219816615_UHD.jpg
[16:13:54] Picture infomations saved to  global/en-CA/README.md
[16:13:54] Picture infomations saved to global/en-CA/history/2024/12/08_en-CA.md
[16:13:54] Start geting global Bing Wallpaper, region=en-GB, local time is 2024-12-07 16:13:54.064975+00:00
[16:13:54] Successful get url: https://www.bing.com/th?id=OHR.Stonehenge2024_EN-GB3942393785_UHD.jpg
[16:13:54] Picture infomations saved to  global/en-GB/README.md
[16:13:54] Picture infomations saved to global/en-GB/history/2024/12/08_en-GB.md
[16:13:54] Start geting global Bing Wallpaper, region=it-IT, local time is 2024-12-07 17:13:54.153518+01:00
[16:13:54] Successful get url: https://www.bing.com/th?id=OHR.ArraialdoCabo_IT-IT6186077330_UHD.jpg
[16:13:54] Picture infomations saved to  global/it-IT/README.md
[16:13:54] Picture infomations saved to global/it-IT/history/2024/12/07_it-IT.md
[16:13:54] Start geting global Bing Wallpaper, region=es-ES, local time is 2024-12-07 17:13:54.262113+01:00
[16:13:54] Successful get url: https://www.bing.com/th?id=OHR.ArraialdoCabo_ES-ES6181405360_UHD.jpg
[16:13:54] Picture infomations saved to  global/es-ES/README.md
[16:13:54] Picture infomations saved to global/es-ES/history/2024/12/07_es-ES.md
[16:13:54] Start geting global Bing Wallpaper, region=fr-CA, local time is 2024-12-07 11:13:54.364393-05:00
[16:13:54] Successful get url: https://www.bing.com/th?id=OHR.TorontoWinterSkyline_FR-CA4116512200_UHD.jpg
[16:13:54] Picture infomations saved to  global/fr-CA/README.md
[16:13:54] Picture infomations saved to global/fr-CA/history/2024/12/08_fr-CA.md
Program exit at 16:13:54
