
Program started at 09:30:07
Operating System Name: Linux
Operating System Version: #26~22.04.1-Ubuntu SMP Thu Jul 11 22:33:04 UTC 2024
System Architecture: ('64bit', 'ELF')
Computer Type: x86_64
Computer Name: fv-az1247-398
Processor Type: x86_64
Python Version: 3.12.7
Python Interpreter Name: CPython
[09:30:07] Start geting CN Bing Wallpaper
[09:30:07] Successful get url: https://www.bing.com/th?id=OHR.DolomitesSky_ZH-CN9299967785_UHD.jpg
[09:30:07] Image saved to img/background.jpg
[09:30:07] Info saved to README.md
[09:30:07] Image saved to history/2024/12/11.md
[09:30:07] Start geting global Bing Wallpaper, region=en-US, local time is 2024-12-11 04:30:07.617775-05:00
[09:30:07] Successful get url: https://www.bing.com/th?id=OHR.DolomitesSky_EN-US8624061239_UHD.jpg
[09:30:07] Picture infomations saved to  global/en-US/README.md
[09:30:07] Picture infomations saved to global/en-US/history/2024/12/12_en-US.md
[09:30:07] Start geting global Bing Wallpaper, region=ja-JP, local time is 2024-12-11 18:30:07.731457+09:00
[09:30:07] Successful get url: https://www.bing.com/th?id=OHR.DolomitesSky_JA-JP9035342357_UHD.jpg
[09:30:07] Picture infomations saved to  global/ja-JP/README.md
[09:30:07] Picture infomations saved to global/ja-JP/history/2024/12/11_ja-JP.md
[09:30:07] Start geting global Bing Wallpaper, region=en-IN, local time is 2024-12-11 15:00:07.839859+05:30
[09:30:07] Successful get url: https://www.bing.com/th?id=OHR.DolomitesSky_EN-IN3020670588_UHD.jpg
[09:30:07] Picture infomations saved to  global/en-IN/README.md
[09:30:07] Picture infomations saved to global/en-IN/history/2024/12/11_en-IN.md
[09:30:07] Start geting global Bing Wallpaper, region=pt-BR, local time is 2024-12-11 06:30:07.948025-03:00
[09:30:08] Successful get url: https://www.bing.com/th?id=OHR.DolomitesSky_PT-BR2904816987_UHD.jpg
[09:30:08] Picture infomations saved to  global/pt-BR/README.md
[09:30:08] Picture infomations saved to global/pt-BR/history/2024/12/12_pt-BR.md
[09:30:08] Start geting global Bing Wallpaper, region=fr-FR, local time is 2024-12-11 10:30:08.052023+01:00
[09:30:08] Successful get url: https://www.bing.com/th?id=OHR.DolomitesSky_FR-FR2183933361_UHD.jpg
[09:30:08] Picture infomations saved to  global/fr-FR/README.md
[09:30:08] Picture infomations saved to global/fr-FR/history/2024/12/11_fr-FR.md
[09:30:08] Start geting global Bing Wallpaper, region=de-DE, local time is 2024-12-11 10:30:08.165708+01:00
[09:30:08] Successful get url: https://www.bing.com/th?id=OHR.DolomitesSky_DE-DE3083933099_UHD.jpg
[09:30:08] Picture infomations saved to  global/de-DE/README.md
[09:30:08] Picture infomations saved to global/de-DE/history/2024/12/11_de-DE.md
[09:30:08] Start geting global Bing Wallpaper, region=en-CA, local time is 2024-12-11 04:30:08.275110-05:00
[09:30:08] Successful get url: https://www.bing.com/th?id=OHR.DolomitesSky_EN-CA6901623444_UHD.jpg
[09:30:08] Picture infomations saved to  global/en-CA/README.md
[09:30:08] Picture infomations saved to global/en-CA/history/2024/12/12_en-CA.md
[09:30:08] Start geting global Bing Wallpaper, region=en-GB, local time is 2024-12-11 09:30:08.377678+00:00
[09:30:08] Successful get url: https://www.bing.com/th?id=OHR.DolomitesSky_EN-GB4868872493_UHD.jpg
[09:30:08] Picture infomations saved to  global/en-GB/README.md
[09:30:08] Picture infomations saved to global/en-GB/history/2024/12/12_en-GB.md
[09:30:08] Start geting global Bing Wallpaper, region=it-IT, local time is 2024-12-11 10:30:08.493147+01:00
[09:30:08] Successful get url: https://www.bing.com/th?id=OHR.DolomitesSky_IT-IT8572597126_UHD.jpg
[09:30:08] Picture infomations saved to  global/it-IT/README.md
[09:30:08] Picture infomations saved to global/it-IT/history/2024/12/11_it-IT.md
[09:30:08] Start geting global Bing Wallpaper, region=es-ES, local time is 2024-12-11 10:30:08.588628+01:00
[09:30:08] Successful get url: https://www.bing.com/th?id=OHR.DolomitesSky_ES-ES7667848541_UHD.jpg
[09:30:08] Picture infomations saved to  global/es-ES/README.md
[09:30:08] Picture infomations saved to global/es-ES/history/2024/12/11_es-ES.md
[09:30:08] Start geting global Bing Wallpaper, region=fr-CA, local time is 2024-12-11 04:30:08.690178-05:00
[09:30:08] Successful get url: https://www.bing.com/th?id=OHR.DolomitesSky_FR-CA1628831705_UHD.jpg
[09:30:09] Picture infomations saved to  global/fr-CA/README.md
[09:30:09] Picture infomations saved to global/fr-CA/history/2024/12/12_fr-CA.md
Program exit at 09:30:09
