
Program started at 09:27:13
Operating System Name: Linux
Operating System Version: #26~22.04.1-Ubuntu SMP Thu Jul 11 22:33:04 UTC 2024
System Architecture: ('64bit', 'ELF')
Computer Type: x86_64
Computer Name: fv-az1393-586
Processor Type: x86_64
Python Version: 3.12.7
Python Interpreter Name: CPython
[09:27:13] Start geting CN Bing Wallpaper
[09:27:13] Successful get url: https://www.bing.com/th?id=OHR.IcebergsAntarctica_ZH-CN2942178295_UHD.jpg
[09:27:13] Image saved to img/background.jpg
[09:27:13] Info saved to README.md
[09:27:13] Image saved to history/2024/12/01.md
[09:27:13] Start geting global Bing Wallpaper, region=en-US, local time is 2024-12-01 04:27:13.735041-05:00
[09:27:13] Successful get url: https://www.bing.com/th?id=OHR.IcebergsAntarctica_EN-US6829804691_UHD.jpg
[09:27:13] Picture infomations saved to  global/en-US/README.md
[09:27:13] Picture infomations saved to global/en-US/history/2024/12/02_en-US.md
[09:27:13] Start geting global Bing Wallpaper, region=ja-JP, local time is 2024-12-01 18:27:13.838524+09:00
[09:27:13] Successful get url: https://www.bing.com/th?id=OHR.IcebergsAntarctica_JA-JP7385959905_UHD.jpg
[09:27:13] Picture infomations saved to  global/ja-JP/README.md
[09:27:13] Picture infomations saved to global/ja-JP/history/2024/12/01_ja-JP.md
[09:27:13] Start geting global Bing Wallpaper, region=en-IN, local time is 2024-12-01 14:57:13.929781+05:30
[09:27:13] Successful get url: https://www.bing.com/th?id=OHR.IcebergsAntarctica_EN-IN1897026898_UHD.jpg
[09:27:14] Picture infomations saved to  global/en-IN/README.md
[09:27:14] Picture infomations saved to global/en-IN/history/2024/12/01_en-IN.md
[09:27:14] Start geting global Bing Wallpaper, region=pt-BR, local time is 2024-12-01 06:27:14.024111-03:00
[09:27:14] Successful get url: https://www.bing.com/th?id=OHR.IcebergsAntarctica_PT-BR8796328683_UHD.jpg
[09:27:14] Picture infomations saved to  global/pt-BR/README.md
[09:27:14] Picture infomations saved to global/pt-BR/history/2024/12/02_pt-BR.md
[09:27:14] Start geting global Bing Wallpaper, region=fr-FR, local time is 2024-12-01 10:27:14.127280+01:00
[09:27:14] Successful get url: https://www.bing.com/th?id=OHR.IcebergsAntarctica_FR-FR7491065799_UHD.jpg
[09:27:14] Picture infomations saved to  global/fr-FR/README.md
[09:27:14] Picture infomations saved to global/fr-FR/history/2024/12/01_fr-FR.md
[09:27:14] Start geting global Bing Wallpaper, region=de-DE, local time is 2024-12-01 10:27:14.234593+01:00
[09:27:14] Successful get url: https://www.bing.com/th?id=OHR.FreudenbergHistoricHouses_DE-DE3863423728_UHD.jpg
[09:27:14] Picture infomations saved to  global/de-DE/README.md
[09:27:14] Picture infomations saved to global/de-DE/history/2024/12/01_de-DE.md
[09:27:14] Start geting global Bing Wallpaper, region=en-CA, local time is 2024-12-01 04:27:14.338327-05:00
[09:27:14] Successful get url: https://www.bing.com/th?id=OHR.IcebergsAntarctica_EN-CA5966857635_UHD.jpg
[09:27:14] Picture infomations saved to  global/en-CA/README.md
[09:27:14] Picture infomations saved to global/en-CA/history/2024/12/02_en-CA.md
[09:27:14] Start geting global Bing Wallpaper, region=en-GB, local time is 2024-12-01 09:27:14.440599+00:00
[09:27:14] Successful get url: https://www.bing.com/th?id=OHR.IcebergsAntarctica_EN-GB9447266279_UHD.jpg
[09:27:14] Picture infomations saved to  global/en-GB/README.md
[09:27:14] Picture infomations saved to global/en-GB/history/2024/12/02_en-GB.md
[09:27:14] Start geting global Bing Wallpaper, region=it-IT, local time is 2024-12-01 10:27:14.537725+01:00
[09:27:14] Successful get url: https://www.bing.com/th?id=OHR.MercatiDiNataleBolzano_IT-IT2256905385_UHD.jpg
[09:27:14] Picture infomations saved to  global/it-IT/README.md
[09:27:14] Picture infomations saved to global/it-IT/history/2024/12/01_it-IT.md
[09:27:14] Start geting global Bing Wallpaper, region=es-ES, local time is 2024-12-01 10:27:14.648345+01:00
[09:27:14] Successful get url: https://www.bing.com/th?id=OHR.IcebergsAntarctica_ES-ES3608779732_UHD.jpg
[09:27:14] Picture infomations saved to  global/es-ES/README.md
[09:27:14] Picture infomations saved to global/es-ES/history/2024/12/01_es-ES.md
[09:27:14] Start geting global Bing Wallpaper, region=fr-CA, local time is 2024-12-01 04:27:14.795197-05:00
[09:27:14] Successful get url: https://www.bing.com/th?id=OHR.IcebergsAntarctica_FR-CA4528106191_UHD.jpg
[09:27:14] Picture infomations saved to  global/fr-CA/README.md
[09:27:14] Picture infomations saved to global/fr-CA/history/2024/12/02_fr-CA.md
Program exit at 09:27:14
