
Program started at 09:26:34
Operating System Name: Linux
Operating System Version: #26~22.04.1-Ubuntu SMP Thu Jul 11 22:33:04 UTC 2024
System Architecture: ('64bit', 'ELF')
Computer Type: x86_64
Computer Name: fv-az840-407
Processor Type: x86_64
Python Version: 3.12.8
Python Interpreter Name: CPython
[09:26:34] Start geting CN Bing Wallpaper
[09:26:34] Successful get url: https://www.bing.com/th?id=OHR.CovadongaWinter_ZH-CN2873340163_UHD.jpg
[09:26:35] Image saved to img/background.jpg
[09:26:35] Info saved to README.md
[09:26:35] Image saved to history/2024/12/25.md
[09:26:35] Start geting global Bing Wallpaper, region=en-US, local time is 2024-12-25 04:26:35.121780-05:00
[09:26:35] Successful get url: https://www.bing.com/th?id=OHR.ReindeerTrio_EN-US1000272747_UHD.jpg
[09:26:35] Picture infomations saved to  global/en-US/README.md
[09:26:35] Picture infomations saved to global/en-US/history/2024/12/26_en-US.md
[09:26:35] Start geting global Bing Wallpaper, region=ja-JP, local time is 2024-12-25 18:26:35.269597+09:00
[09:26:35] Successful get url: https://www.bing.com/th?id=OHR.ReindeerTrio_JA-JP0425560339_UHD.jpg
[09:26:35] Picture infomations saved to  global/ja-JP/README.md
[09:26:35] Picture infomations saved to global/ja-JP/history/2024/12/25_ja-JP.md
[09:26:35] Start geting global Bing Wallpaper, region=en-IN, local time is 2024-12-25 14:56:35.401836+05:30
[09:26:35] Successful get url: https://www.bing.com/th?id=OHR.ReindeerTrio_EN-IN0167081195_UHD.jpg
[09:26:35] Picture infomations saved to  global/en-IN/README.md
[09:26:35] Picture infomations saved to global/en-IN/history/2024/12/25_en-IN.md
[09:26:35] Start geting global Bing Wallpaper, region=pt-BR, local time is 2024-12-25 06:26:35.561963-03:00
[09:26:35] Successful get url: https://www.bing.com/th?id=OHR.ReindeerTrio_PT-BR1240066422_UHD.jpg
[09:26:35] Picture infomations saved to  global/pt-BR/README.md
[09:26:35] Picture infomations saved to global/pt-BR/history/2024/12/26_pt-BR.md
[09:26:35] Start geting global Bing Wallpaper, region=fr-FR, local time is 2024-12-25 10:26:35.719264+01:00
[09:26:35] Successful get url: https://www.bing.com/th?id=OHR.ReindeerTrio_FR-FR3852495223_UHD.jpg
[09:26:35] Picture infomations saved to  global/fr-FR/README.md
[09:26:35] Picture infomations saved to global/fr-FR/history/2024/12/25_fr-FR.md
[09:26:35] Start geting global Bing Wallpaper, region=de-DE, local time is 2024-12-25 10:26:35.819306+01:00
[09:26:35] Successful get url: https://www.bing.com/th?id=OHR.ReindeerTrio_DE-DE1704555391_UHD.jpg
[09:26:35] Picture infomations saved to  global/de-DE/README.md
[09:26:35] Picture infomations saved to global/de-DE/history/2024/12/25_de-DE.md
[09:26:35] Start geting global Bing Wallpaper, region=en-CA, local time is 2024-12-25 04:26:35.910427-05:00
[09:26:35] Successful get url: https://www.bing.com/th?id=OHR.Christmas24_EN-CA4696082080_UHD.jpg
[09:26:36] Picture infomations saved to  global/en-CA/README.md
[09:26:36] Picture infomations saved to global/en-CA/history/2024/12/26_en-CA.md
[09:26:36] Start geting global Bing Wallpaper, region=en-GB, local time is 2024-12-25 09:26:36.044459+00:00
[09:26:36] Successful get url: https://www.bing.com/th?id=OHR.ReindeerTrio_EN-GB9048626587_UHD.jpg
[09:26:36] Picture infomations saved to  global/en-GB/README.md
[09:26:36] Picture infomations saved to global/en-GB/history/2024/12/26_en-GB.md
[09:26:36] Start geting global Bing Wallpaper, region=it-IT, local time is 2024-12-25 10:26:36.177829+01:00
[09:26:36] Successful get url: https://www.bing.com/th?id=OHR.ReindeerTrio_IT-IT1609765217_UHD.jpg
[09:26:36] Picture infomations saved to  global/it-IT/README.md
[09:26:36] Picture infomations saved to global/it-IT/history/2024/12/25_it-IT.md
[09:26:36] Start geting global Bing Wallpaper, region=es-ES, local time is 2024-12-25 10:26:36.304322+01:00
[09:26:36] Successful get url: https://www.bing.com/th?id=OHR.ReindeerTrio_ES-ES2505457663_UHD.jpg
[09:26:36] Picture infomations saved to  global/es-ES/README.md
[09:26:36] Picture infomations saved to global/es-ES/history/2024/12/25_es-ES.md
[09:26:36] Start geting global Bing Wallpaper, region=fr-CA, local time is 2024-12-25 04:26:36.400838-05:00
[09:26:36] Successful get url: https://www.bing.com/th?id=OHR.Christmas24_FR-CA6807039694_UHD.jpg
[09:26:36] Picture infomations saved to  global/fr-CA/README.md
[09:26:36] Picture infomations saved to global/fr-CA/history/2024/12/26_fr-CA.md
Program exit at 09:26:36
