
Program started at 09:30:21
Operating System Name: Linux
Operating System Version: #26~22.04.1-Ubuntu SMP Thu Jul 11 22:33:04 UTC 2024
System Architecture: ('64bit', 'ELF')
Computer Type: x86_64
Computer Name: fv-az984-360
Processor Type: x86_64
Python Version: 3.12.8
Python Interpreter Name: CPython
[09:30:21] Start geting CN Bing Wallpaper
[09:30:22] Successful get url: https://www.bing.com/th?id=OHR.ReinefjordenNorway_ZH-CN1198843758_UHD.jpg
[09:30:22] Image saved to img/background.jpg
[09:30:22] Info saved to README.md
[09:30:22] Image saved to history/2024/12/17.md
[09:30:22] Start geting global Bing Wallpaper, region=en-US, local time is 2024-12-17 04:30:22.145684-05:00
[09:30:22] Successful get url: https://www.bing.com/th?id=OHR.ReinefjordenNorway_EN-US8636083241_UHD.jpg
[09:30:22] Picture infomations saved to  global/en-US/README.md
[09:30:22] Picture infomations saved to global/en-US/history/2024/12/18_en-US.md
[09:30:22] Start geting global Bing Wallpaper, region=ja-JP, local time is 2024-12-17 18:30:22.326647+09:00
[09:30:22] Successful get url: https://www.bing.com/th?id=OHR.ReinefjordenNorway_JA-JP8145740016_UHD.jpg
[09:30:22] Picture infomations saved to  global/ja-JP/README.md
[09:30:22] Picture infomations saved to global/ja-JP/history/2024/12/17_ja-JP.md
[09:30:22] Start geting global Bing Wallpaper, region=en-IN, local time is 2024-12-17 15:00:22.475277+05:30
[09:30:22] Successful get url: https://www.bing.com/th?id=OHR.ReinefjordenNorway_EN-IN1479907327_UHD.jpg
[09:30:22] Picture infomations saved to  global/en-IN/README.md
[09:30:22] Picture infomations saved to global/en-IN/history/2024/12/17_en-IN.md
[09:30:22] Start geting global Bing Wallpaper, region=pt-BR, local time is 2024-12-17 06:30:22.628544-03:00
[09:30:22] Successful get url: https://www.bing.com/th?id=OHR.ReinefjordenNorway_PT-BR6626525854_UHD.jpg
[09:30:22] Picture infomations saved to  global/pt-BR/README.md
[09:30:22] Picture infomations saved to global/pt-BR/history/2024/12/18_pt-BR.md
[09:30:22] Start geting global Bing Wallpaper, region=fr-FR, local time is 2024-12-17 10:30:22.771077+01:00
[09:30:22] Successful get url: https://www.bing.com/th?id=OHR.ReinefjordenNorway_FR-FR9231276610_UHD.jpg
[09:30:22] Picture infomations saved to  global/fr-FR/README.md
[09:30:22] Picture infomations saved to global/fr-FR/history/2024/12/17_fr-FR.md
[09:30:22] Start geting global Bing Wallpaper, region=de-DE, local time is 2024-12-17 10:30:22.909207+01:00
[09:30:22] Successful get url: https://www.bing.com/th?id=OHR.ReinefjordenNorway_DE-DE5744534611_UHD.jpg
[09:30:23] Picture infomations saved to  global/de-DE/README.md
[09:30:23] Picture infomations saved to global/de-DE/history/2024/12/17_de-DE.md
[09:30:23] Start geting global Bing Wallpaper, region=en-CA, local time is 2024-12-17 04:30:23.050125-05:00
[09:30:23] Successful get url: https://www.bing.com/th?id=OHR.ReinefjordenNorway_EN-CA2665608310_UHD.jpg
[09:30:23] Picture infomations saved to  global/en-CA/README.md
[09:30:23] Picture infomations saved to global/en-CA/history/2024/12/18_en-CA.md
[09:30:23] Start geting global Bing Wallpaper, region=en-GB, local time is 2024-12-17 09:30:23.193103+00:00
[09:30:23] Successful get url: https://www.bing.com/th?id=OHR.ReinefjordenNorway_EN-GB7665717824_UHD.jpg
[09:30:23] Picture infomations saved to  global/en-GB/README.md
[09:30:23] Picture infomations saved to global/en-GB/history/2024/12/18_en-GB.md
[09:30:23] Start geting global Bing Wallpaper, region=it-IT, local time is 2024-12-17 10:30:23.333139+01:00
[09:30:23] Successful get url: https://www.bing.com/th?id=OHR.ReinefjordenNorway_IT-IT7180371144_UHD.jpg
[09:30:23] Picture infomations saved to  global/it-IT/README.md
[09:30:23] Picture infomations saved to global/it-IT/history/2024/12/17_it-IT.md
[09:30:23] Start geting global Bing Wallpaper, region=es-ES, local time is 2024-12-17 10:30:23.476462+01:00
[09:30:23] Successful get url: https://www.bing.com/th?id=OHR.ReinefjordenNorway_ES-ES2052368531_UHD.jpg
[09:30:23] Picture infomations saved to  global/es-ES/README.md
[09:30:23] Picture infomations saved to global/es-ES/history/2024/12/17_es-ES.md
[09:30:23] Start geting global Bing Wallpaper, region=fr-CA, local time is 2024-12-17 04:30:23.612824-05:00
[09:30:23] Successful get url: https://www.bing.com/th?id=OHR.ReinefjordenNorway_FR-CA4918243263_UHD.jpg
[09:30:23] Picture infomations saved to  global/fr-CA/README.md
[09:30:23] Picture infomations saved to global/fr-CA/history/2024/12/18_fr-CA.md
Program exit at 09:30:23
