
Program started at 09:30:30
Operating System Name: Linux
Operating System Version: #26~22.04.1-Ubuntu SMP Thu Jul 11 22:33:04 UTC 2024
System Architecture: ('64bit', 'ELF')
Computer Type: x86_64
Computer Name: fv-az1424-499
Processor Type: x86_64
Python Version: 3.12.7
Python Interpreter Name: CPython
[09:30:31] Start geting CN Bing Wallpaper
[09:30:31] Successful get url: https://www.bing.com/th?id=OHR.CornwallSnow_ZH-CN8407245245_UHD.jpg
[09:30:31] Image saved to img/background.jpg
[09:30:31] Info saved to README.md
[09:30:31] Image saved to history/2024/12/10.md
[09:30:31] Start geting global Bing Wallpaper, region=en-US, local time is 2024-12-10 04:30:31.144870-05:00
[09:30:31] Successful get url: https://www.bing.com/th?id=OHR.CornwallSnow_EN-US8476437458_UHD.jpg
[09:30:31] Picture infomations saved to  global/en-US/README.md
[09:30:31] Picture infomations saved to global/en-US/history/2024/12/11_en-US.md
[09:30:31] Start geting global Bing Wallpaper, region=ja-JP, local time is 2024-12-10 18:30:31.254756+09:00
[09:30:31] Successful get url: https://www.bing.com/th?id=OHR.CornwallSnow_JA-JP8878820207_UHD.jpg
[09:30:31] Picture infomations saved to  global/ja-JP/README.md
[09:30:31] Picture infomations saved to global/ja-JP/history/2024/12/10_ja-JP.md
[09:30:31] Start geting global Bing Wallpaper, region=en-IN, local time is 2024-12-10 15:00:31.394629+05:30
[09:30:31] Successful get url: https://www.bing.com/th?id=OHR.CornwallSnow_EN-IN2928995199_UHD.jpg
[09:30:31] Picture infomations saved to  global/en-IN/README.md
[09:30:31] Picture infomations saved to global/en-IN/history/2024/12/10_en-IN.md
[09:30:31] Start geting global Bing Wallpaper, region=pt-BR, local time is 2024-12-10 06:30:31.581455-03:00
[09:30:31] Successful get url: https://www.bing.com/th?id=OHR.CornwallSnow_PT-BR2427033237_UHD.jpg
[09:30:31] Picture infomations saved to  global/pt-BR/README.md
[09:30:31] Picture infomations saved to global/pt-BR/history/2024/12/11_pt-BR.md
[09:30:31] Start geting global Bing Wallpaper, region=fr-FR, local time is 2024-12-10 10:30:31.699344+01:00
[09:30:31] Successful get url: https://www.bing.com/th?id=OHR.CornwallSnow_FR-FR1834119825_UHD.jpg
[09:30:31] Picture infomations saved to  global/fr-FR/README.md
[09:30:31] Picture infomations saved to global/fr-FR/history/2024/12/10_fr-FR.md
[09:30:31] Start geting global Bing Wallpaper, region=de-DE, local time is 2024-12-10 10:30:31.802157+01:00
[09:30:31] Successful get url: https://www.bing.com/th?id=OHR.CornwallSnow_DE-DE2370440399_UHD.jpg
[09:30:31] Picture infomations saved to  global/de-DE/README.md
[09:30:31] Picture infomations saved to global/de-DE/history/2024/12/10_de-DE.md
[09:30:31] Start geting global Bing Wallpaper, region=en-CA, local time is 2024-12-10 04:30:31.935495-05:00
[09:30:31] Successful get url: https://www.bing.com/th?id=OHR.CornwallSnow_EN-CA5975265704_UHD.jpg
[09:30:32] Picture infomations saved to  global/en-CA/README.md
[09:30:32] Picture infomations saved to global/en-CA/history/2024/12/11_en-CA.md
[09:30:32] Start geting global Bing Wallpaper, region=en-GB, local time is 2024-12-10 09:30:32.055749+00:00
[09:30:32] Successful get url: https://www.bing.com/th?id=OHR.CornwallSnow_EN-GB4665693943_UHD.jpg
[09:30:32] Picture infomations saved to  global/en-GB/README.md
[09:30:32] Picture infomations saved to global/en-GB/history/2024/12/11_en-GB.md
[09:30:32] Start geting global Bing Wallpaper, region=it-IT, local time is 2024-12-10 10:30:32.226573+01:00
[09:30:32] Successful get url: https://www.bing.com/th?id=OHR.CornwallSnow_IT-IT8232493820_UHD.jpg
[09:30:32] Picture infomations saved to  global/it-IT/README.md
[09:30:32] Picture infomations saved to global/it-IT/history/2024/12/10_it-IT.md
[09:30:32] Start geting global Bing Wallpaper, region=es-ES, local time is 2024-12-10 10:30:32.335982+01:00
[09:30:32] Successful get url: https://www.bing.com/th?id=OHR.CovadongaWinter_ES-ES7227856759_UHD.jpg
[09:30:32] Picture infomations saved to  global/es-ES/README.md
[09:30:32] Picture infomations saved to global/es-ES/history/2024/12/10_es-ES.md
[09:30:32] Start geting global Bing Wallpaper, region=fr-CA, local time is 2024-12-10 04:30:32.438587-05:00
[09:30:32] Successful get url: https://www.bing.com/th?id=OHR.CornwallSnow_FR-CA1404648884_UHD.jpg
[09:30:32] Picture infomations saved to  global/fr-CA/README.md
[09:30:32] Picture infomations saved to global/fr-CA/history/2024/12/11_fr-CA.md
Program exit at 09:30:32
