
Program started at 09:29:07
Operating System Name: Linux
Operating System Version: #26~22.04.1-Ubuntu SMP Thu Jul 11 22:33:04 UTC 2024
System Architecture: ('64bit', 'ELF')
Computer Type: x86_64
Computer Name: fv-az777-260
Processor Type: x86_64
Python Version: 3.12.8
Python Interpreter Name: CPython
[09:29:07] Start geting CN Bing Wallpaper
[09:29:07] Successful get url: https://www.bing.com/th?id=OHR.SibiuRomania_ZH-CN1631942857_UHD.jpg
[09:29:07] Image saved to img/background.jpg
[09:29:07] Info saved to README.md
[09:29:07] Image saved to history/2024/12/19.md
[09:29:07] Start geting global Bing Wallpaper, region=en-US, local time is 2024-12-19 04:29:07.831885-05:00
[09:29:07] Successful get url: https://www.bing.com/th?id=OHR.SibiuRomania_EN-US9223739756_UHD.jpg
[09:29:07] Picture infomations saved to  global/en-US/README.md
[09:29:07] Picture infomations saved to global/en-US/history/2024/12/20_en-US.md
[09:29:07] Start geting global Bing Wallpaper, region=ja-JP, local time is 2024-12-19 18:29:07.934309+09:00
[09:29:07] Successful get url: https://www.bing.com/th?id=OHR.SibiuRomania_JA-JP9171991249_UHD.jpg
[09:29:08] Picture infomations saved to  global/ja-JP/README.md
[09:29:08] Picture infomations saved to global/ja-JP/history/2024/12/19_ja-JP.md
[09:29:08] Start geting global Bing Wallpaper, region=en-IN, local time is 2024-12-19 14:59:08.037679+05:30
[09:29:08] Successful get url: https://www.bing.com/th?id=OHR.SibiuRomania_EN-IN1994356758_UHD.jpg
[09:29:08] Picture infomations saved to  global/en-IN/README.md
[09:29:08] Picture infomations saved to global/en-IN/history/2024/12/19_en-IN.md
[09:29:08] Start geting global Bing Wallpaper, region=pt-BR, local time is 2024-12-19 06:29:08.146863-03:00
[09:29:08] Successful get url: https://www.bing.com/th?id=OHR.SibiuRomania_PT-BR7281120144_UHD.jpg
[09:29:08] Picture infomations saved to  global/pt-BR/README.md
[09:29:08] Picture infomations saved to global/pt-BR/history/2024/12/20_pt-BR.md
[09:29:08] Start geting global Bing Wallpaper, region=fr-FR, local time is 2024-12-19 10:29:08.246545+01:00
[09:29:08] Successful get url: https://www.bing.com/th?id=OHR.SibiuRomania_FR-FR5904755818_UHD.jpg
[09:29:08] Picture infomations saved to  global/fr-FR/README.md
[09:29:08] Picture infomations saved to global/fr-FR/history/2024/12/19_fr-FR.md
[09:29:08] Start geting global Bing Wallpaper, region=de-DE, local time is 2024-12-19 10:29:08.336619+01:00
[09:29:08] Successful get url: https://www.bing.com/th?id=OHR.SibiuRomania_DE-DE6226513054_UHD.jpg
[09:29:08] Picture infomations saved to  global/de-DE/README.md
[09:29:08] Picture infomations saved to global/de-DE/history/2024/12/19_de-DE.md
[09:29:08] Start geting global Bing Wallpaper, region=en-CA, local time is 2024-12-19 04:29:08.442270-05:00
[09:29:08] Successful get url: https://www.bing.com/th?id=OHR.SibiuRomania_EN-CA3979703489_UHD.jpg
[09:29:08] Picture infomations saved to  global/en-CA/README.md
[09:29:08] Picture infomations saved to global/en-CA/history/2024/12/20_en-CA.md
[09:29:08] Start geting global Bing Wallpaper, region=en-GB, local time is 2024-12-19 09:29:08.537261+00:00
[09:29:08] Successful get url: https://www.bing.com/th?id=OHR.SibiuRomania_EN-GB6095129735_UHD.jpg
[09:29:08] Picture infomations saved to  global/en-GB/README.md
[09:29:08] Picture infomations saved to global/en-GB/history/2024/12/20_en-GB.md
[09:29:08] Start geting global Bing Wallpaper, region=it-IT, local time is 2024-12-19 10:29:08.637402+01:00
[09:29:08] Successful get url: https://www.bing.com/th?id=OHR.SibiuRomania_IT-IT8074363725_UHD.jpg
[09:29:08] Picture infomations saved to  global/it-IT/README.md
[09:29:08] Picture infomations saved to global/it-IT/history/2024/12/19_it-IT.md
[09:29:08] Start geting global Bing Wallpaper, region=es-ES, local time is 2024-12-19 10:29:08.748394+01:00
[09:29:08] Successful get url: https://www.bing.com/th?id=OHR.SibiuRomania_ES-ES0903750194_UHD.jpg
[09:29:08] Picture infomations saved to  global/es-ES/README.md
[09:29:08] Picture infomations saved to global/es-ES/history/2024/12/19_es-ES.md
[09:29:08] Start geting global Bing Wallpaper, region=fr-CA, local time is 2024-12-19 04:29:08.840563-05:00
[09:29:08] Successful get url: https://www.bing.com/th?id=OHR.SibiuRomania_FR-CA5341145448_UHD.jpg
[09:29:08] Picture infomations saved to  global/fr-CA/README.md
[09:29:08] Picture infomations saved to global/fr-CA/history/2024/12/20_fr-CA.md
Program exit at 09:29:08

Program started at 16:13:25
Operating System Name: Linux
Operating System Version: #26~22.04.1-Ubuntu SMP Thu Jul 11 22:33:04 UTC 2024
System Architecture: ('64bit', 'ELF')
Computer Type: x86_64
Computer Name: fv-az985-866
Processor Type: x86_64
Python Version: 3.12.8
Python Interpreter Name: CPython
[16:13:25] Start geting CN Bing Wallpaper
[16:13:25] Successful get url: https://www.bing.com/th?id=OHR.SantaClausVillage_ZH-CN1839275027_UHD.jpg
[16:13:25] Image saved to img/background.jpg
[16:13:25] Info saved to README.md
[16:13:25] Image saved to history/2024/12/20.md
[16:13:25] Start geting global Bing Wallpaper, region=en-US, local time is 2024-12-19 11:13:25.503157-05:00
[16:13:25] Successful get url: https://www.bing.com/th?id=OHR.SibiuRomania_EN-US9223739756_UHD.jpg
[16:13:25] Picture infomations saved to  global/en-US/README.md
[16:13:25] Picture infomations saved to global/en-US/history/2024/12/20_en-US.md
[16:13:25] Start geting global Bing Wallpaper, region=ja-JP, local time is 2024-12-20 01:13:25.717998+09:00
[16:13:25] Successful get url: https://www.bing.com/th?id=OHR.SantaClausVillage_JA-JP9442890850_UHD.jpg
[16:13:25] Picture infomations saved to  global/ja-JP/README.md
[16:13:25] Picture infomations saved to global/ja-JP/history/2024/12/20_ja-JP.md
[16:13:25] Start geting global Bing Wallpaper, region=en-IN, local time is 2024-12-19 21:43:25.921899+05:30
[16:13:25] Successful get url: https://www.bing.com/th?id=OHR.SibiuRomania_EN-IN1994356758_UHD.jpg
[16:13:26] Picture infomations saved to  global/en-IN/README.md
[16:13:26] Picture infomations saved to global/en-IN/history/2024/12/19_en-IN.md
[16:13:26] Start geting global Bing Wallpaper, region=pt-BR, local time is 2024-12-19 13:13:26.116489-03:00
[16:13:26] Successful get url: https://www.bing.com/th?id=OHR.SibiuRomania_PT-BR7281120144_UHD.jpg
[16:13:26] Picture infomations saved to  global/pt-BR/README.md
[16:13:26] Picture infomations saved to global/pt-BR/history/2024/12/20_pt-BR.md
[16:13:26] Start geting global Bing Wallpaper, region=fr-FR, local time is 2024-12-19 17:13:26.317189+01:00
[16:13:26] Successful get url: https://www.bing.com/th?id=OHR.SibiuRomania_FR-FR5904755818_UHD.jpg
[16:13:26] Picture infomations saved to  global/fr-FR/README.md
[16:13:26] Picture infomations saved to global/fr-FR/history/2024/12/19_fr-FR.md
[16:13:26] Start geting global Bing Wallpaper, region=de-DE, local time is 2024-12-19 17:13:26.517730+01:00
[16:13:26] Successful get url: https://www.bing.com/th?id=OHR.SibiuRomania_DE-DE6226513054_UHD.jpg
[16:13:26] Picture infomations saved to  global/de-DE/README.md
[16:13:26] Picture infomations saved to global/de-DE/history/2024/12/19_de-DE.md
[16:13:26] Start geting global Bing Wallpaper, region=en-CA, local time is 2024-12-19 11:13:26.731621-05:00
[16:13:26] Successful get url: https://www.bing.com/th?id=OHR.SibiuRomania_EN-CA3979703489_UHD.jpg
[16:13:26] Picture infomations saved to  global/en-CA/README.md
[16:13:26] Picture infomations saved to global/en-CA/history/2024/12/20_en-CA.md
[16:13:26] Start geting global Bing Wallpaper, region=en-GB, local time is 2024-12-19 16:13:26.940642+00:00
[16:13:27] Successful get url: https://www.bing.com/th?id=OHR.SibiuRomania_EN-GB6095129735_UHD.jpg
[16:13:27] Picture infomations saved to  global/en-GB/README.md
[16:13:27] Picture infomations saved to global/en-GB/history/2024/12/20_en-GB.md
[16:13:27] Start geting global Bing Wallpaper, region=it-IT, local time is 2024-12-19 17:13:27.171956+01:00
[16:13:27] Successful get url: https://www.bing.com/th?id=OHR.SibiuRomania_IT-IT8074363725_UHD.jpg
[16:13:27] Picture infomations saved to  global/it-IT/README.md
[16:13:27] Picture infomations saved to global/it-IT/history/2024/12/19_it-IT.md
[16:13:27] Start geting global Bing Wallpaper, region=es-ES, local time is 2024-12-19 17:13:27.376412+01:00
[16:13:27] Successful get url: https://www.bing.com/th?id=OHR.SibiuRomania_ES-ES0903750194_UHD.jpg
[16:13:27] Picture infomations saved to  global/es-ES/README.md
[16:13:27] Picture infomations saved to global/es-ES/history/2024/12/19_es-ES.md
[16:13:27] Start geting global Bing Wallpaper, region=fr-CA, local time is 2024-12-19 11:13:27.566911-05:00
[16:13:27] Successful get url: https://www.bing.com/th?id=OHR.SibiuRomania_FR-CA5341145448_UHD.jpg
[16:13:27] Picture infomations saved to  global/fr-CA/README.md
[16:13:27] Picture infomations saved to global/fr-CA/history/2024/12/20_fr-CA.md
Program exit at 16:13:27
