
Program started at 09:27:05
Operating System Name: Linux
Operating System Version: #26~22.04.1-Ubuntu SMP Thu Jul 11 22:33:04 UTC 2024
System Architecture: ('64bit', 'ELF')
Computer Type: x86_64
Computer Name: fv-az1247-932
Processor Type: x86_64
Python Version: 3.12.8
Python Interpreter Name: CPython
[09:27:05] Start geting CN Bing Wallpaper
[09:27:05] Successful get url: https://www.bing.com/th?id=OHR.MisurinaLake_ZH-CN0744434715_UHD.jpg
[09:27:05] Image saved to img/background.jpg
[09:27:05] Info saved to README.md
[09:27:05] Image saved to history/2024/12/15.md
[09:27:05] Start geting global Bing Wallpaper, region=en-US, local time is 2024-12-15 04:27:05.149471-05:00
[09:27:05] Successful get url: https://www.bing.com/th?id=OHR.MisurinaLake_EN-US7921587884_UHD.jpg
[09:27:05] Picture infomations saved to  global/en-US/README.md
[09:27:05] Picture infomations saved to global/en-US/history/2024/12/16_en-US.md
[09:27:05] Start geting global Bing Wallpaper, region=ja-JP, local time is 2024-12-15 18:27:05.256404+09:00
[09:27:05] Successful get url: https://www.bing.com/th?id=OHR.MisurinaLake_JA-JP7561735635_UHD.jpg
[09:27:05] Picture infomations saved to  global/ja-JP/README.md
[09:27:05] Picture infomations saved to global/ja-JP/history/2024/12/15_ja-JP.md
[09:27:05] Start geting global Bing Wallpaper, region=en-IN, local time is 2024-12-15 14:57:05.354775+05:30
[09:27:05] Successful get url: https://www.bing.com/th?id=OHR.MisurinaLake_EN-IN9075982875_UHD.jpg
[09:27:05] Picture infomations saved to  global/en-IN/README.md
[09:27:05] Picture infomations saved to global/en-IN/history/2024/12/15_en-IN.md
[09:27:05] Start geting global Bing Wallpaper, region=pt-BR, local time is 2024-12-15 06:27:05.445769-03:00
[09:27:05] Successful get url: https://www.bing.com/th?id=OHR.MisurinaLake_PT-BR2880479849_UHD.jpg
[09:27:05] Picture infomations saved to  global/pt-BR/README.md
[09:27:05] Picture infomations saved to global/pt-BR/history/2024/12/16_pt-BR.md
[09:27:05] Start geting global Bing Wallpaper, region=fr-FR, local time is 2024-12-15 10:27:05.552119+01:00
[09:27:05] Successful get url: https://www.bing.com/th?id=OHR.MisurinaLake_FR-FR7558311472_UHD.jpg
[09:27:05] Picture infomations saved to  global/fr-FR/README.md
[09:27:05] Picture infomations saved to global/fr-FR/history/2024/12/15_fr-FR.md
[09:27:05] Start geting global Bing Wallpaper, region=de-DE, local time is 2024-12-15 10:27:05.667402+01:00
[09:27:05] Successful get url: https://www.bing.com/th?id=OHR.MisurinaLake_DE-DE0931532016_UHD.jpg
[09:27:05] Picture infomations saved to  global/de-DE/README.md
[09:27:05] Picture infomations saved to global/de-DE/history/2024/12/15_de-DE.md
[09:27:05] Start geting global Bing Wallpaper, region=en-CA, local time is 2024-12-15 04:27:05.766433-05:00
[09:27:05] Successful get url: https://www.bing.com/th?id=OHR.MisurinaLake_EN-CA3296922212_UHD.jpg
[09:27:05] Picture infomations saved to  global/en-CA/README.md
[09:27:05] Picture infomations saved to global/en-CA/history/2024/12/16_en-CA.md
[09:27:05] Start geting global Bing Wallpaper, region=en-GB, local time is 2024-12-15 09:27:05.862740+00:00
[09:27:05] Successful get url: https://www.bing.com/th?id=OHR.MisurinaLake_EN-GB5184581408_UHD.jpg
[09:27:06] Picture infomations saved to  global/en-GB/README.md
[09:27:06] Picture infomations saved to global/en-GB/history/2024/12/16_en-GB.md
[09:27:06] Start geting global Bing Wallpaper, region=it-IT, local time is 2024-12-15 10:27:06.026083+01:00
[09:27:06] Successful get url: https://www.bing.com/th?id=OHR.MisurinaLake_IT-IT7475356294_UHD.jpg
[09:27:06] Picture infomations saved to  global/it-IT/README.md
[09:27:06] Picture infomations saved to global/it-IT/history/2024/12/15_it-IT.md
[09:27:06] Start geting global Bing Wallpaper, region=es-ES, local time is 2024-12-15 10:27:06.136201+01:00
[09:27:06] Successful get url: https://www.bing.com/th?id=OHR.MisurinaLake_ES-ES8402822409_UHD.jpg
[09:27:06] Picture infomations saved to  global/es-ES/README.md
[09:27:06] Picture infomations saved to global/es-ES/history/2024/12/15_es-ES.md
[09:27:06] Start geting global Bing Wallpaper, region=fr-CA, local time is 2024-12-15 04:27:06.302820-05:00
[09:27:06] Successful get url: https://www.bing.com/th?id=OHR.MisurinaLake_FR-CA4286276291_UHD.jpg
[09:27:06] Picture infomations saved to  global/fr-CA/README.md
[09:27:06] Picture infomations saved to global/fr-CA/history/2024/12/16_fr-CA.md
Program exit at 09:27:06
