
Program started at 09:30:55
Operating System Name: Linux
Operating System Version: #26~22.04.1-Ubuntu SMP Thu Jul 11 22:33:04 UTC 2024
System Architecture: ('64bit', 'ELF')
Computer Type: x86_64
Computer Name: fv-az654-570
Processor Type: x86_64
Python Version: 3.12.8
Python Interpreter Name: CPython
[09:30:55] Start geting CN Bing Wallpaper
[09:30:55] Successful get url: https://www.bing.com/th?id=OHR.SalzburgSnow_ZH-CN0964131994_UHD.jpg
[09:30:56] Image saved to img/background.jpg
[09:30:56] Info saved to README.md
[09:30:56] Image saved to history/2024/12/16.md
[09:30:56] Start geting global Bing Wallpaper, region=en-US, local time is 2024-12-16 04:30:56.045281-05:00
[09:30:56] Successful get url: https://www.bing.com/th?id=OHR.SalzburgSnow_EN-US8262729220_UHD.jpg
[09:30:56] Picture infomations saved to  global/en-US/README.md
[09:30:56] Picture infomations saved to global/en-US/history/2024/12/17_en-US.md
[09:30:56] Start geting global Bing Wallpaper, region=ja-JP, local time is 2024-12-16 18:30:56.227960+09:00
[09:30:56] Successful get url: https://www.bing.com/th?id=OHR.SalzburgSnow_JA-JP7845943575_UHD.jpg
[09:30:56] Picture infomations saved to  global/ja-JP/README.md
[09:30:56] Picture infomations saved to global/ja-JP/history/2024/12/16_ja-JP.md
[09:30:56] Start geting global Bing Wallpaper, region=en-IN, local time is 2024-12-16 15:00:56.345729+05:30
[09:30:56] Successful get url: https://www.bing.com/th?id=OHR.SalzburgSnow_EN-IN9939957339_UHD.jpg
[09:30:56] Picture infomations saved to  global/en-IN/README.md
[09:30:56] Picture infomations saved to global/en-IN/history/2024/12/16_en-IN.md
[09:30:56] Start geting global Bing Wallpaper, region=pt-BR, local time is 2024-12-16 06:30:56.459467-03:00
[09:30:56] Successful get url: https://www.bing.com/th?id=OHR.SalzburgSnow_PT-BR6117595550_UHD.jpg
[09:30:56] Picture infomations saved to  global/pt-BR/README.md
[09:30:56] Picture infomations saved to global/pt-BR/history/2024/12/17_pt-BR.md
[09:30:56] Start geting global Bing Wallpaper, region=fr-FR, local time is 2024-12-16 10:30:56.618746+01:00
[09:30:56] Successful get url: https://www.bing.com/th?id=OHR.SalzburgSnow_FR-FR2498324626_UHD.jpg
[09:30:56] Picture infomations saved to  global/fr-FR/README.md
[09:30:56] Picture infomations saved to global/fr-FR/history/2024/12/16_fr-FR.md
[09:30:56] Start geting global Bing Wallpaper, region=de-DE, local time is 2024-12-16 10:30:56.730235+01:00
[09:30:56] Successful get url: https://www.bing.com/th?id=OHR.SalzburgSnow_DE-DE5352398270_UHD.jpg
[09:30:56] Picture infomations saved to  global/de-DE/README.md
[09:30:56] Picture infomations saved to global/de-DE/history/2024/12/16_de-DE.md
[09:30:56] Start geting global Bing Wallpaper, region=en-CA, local time is 2024-12-16 04:30:56.847485-05:00
[09:30:56] Successful get url: https://www.bing.com/th?id=OHR.SalzburgSnow_EN-CA2222024592_UHD.jpg
[09:30:56] Picture infomations saved to  global/en-CA/README.md
[09:30:56] Picture infomations saved to global/en-CA/history/2024/12/17_en-CA.md
[09:30:56] Start geting global Bing Wallpaper, region=en-GB, local time is 2024-12-16 09:30:56.953355+00:00
[09:30:56] Successful get url: https://www.bing.com/th?id=OHR.SalzburgSnow_EN-GB5350086810_UHD.jpg
[09:30:57] Picture infomations saved to  global/en-GB/README.md
[09:30:57] Picture infomations saved to global/en-GB/history/2024/12/17_en-GB.md
[09:30:57] Start geting global Bing Wallpaper, region=it-IT, local time is 2024-12-16 10:30:57.073548+01:00
[09:30:57] Successful get url: https://www.bing.com/th?id=OHR.SalzburgSnow_IT-IT6943675624_UHD.jpg
[09:30:57] Picture infomations saved to  global/it-IT/README.md
[09:30:57] Picture infomations saved to global/it-IT/history/2024/12/16_it-IT.md
[09:30:57] Start geting global Bing Wallpaper, region=es-ES, local time is 2024-12-16 10:30:57.189775+01:00
[09:30:57] Successful get url: https://www.bing.com/th?id=OHR.SalzburgSnow_ES-ES9070747480_UHD.jpg
[09:30:57] Picture infomations saved to  global/es-ES/README.md
[09:30:57] Picture infomations saved to global/es-ES/history/2024/12/16_es-ES.md
[09:30:57] Start geting global Bing Wallpaper, region=fr-CA, local time is 2024-12-16 04:30:57.286806-05:00
[09:30:57] Successful get url: https://www.bing.com/th?id=OHR.SalzburgSnow_FR-CA8518855447_UHD.jpg
[09:30:57] Picture infomations saved to  global/fr-CA/README.md
[09:30:57] Picture infomations saved to global/fr-CA/history/2024/12/17_fr-CA.md
Program exit at 09:30:57
