
Program started at 09:24:44
Operating System Name: Linux
Operating System Version: #26~22.04.1-Ubuntu SMP Thu Jul 11 22:33:04 UTC 2024
System Architecture: ('64bit', 'ELF')
Computer Type: x86_64
Computer Name: fv-az1567-922
Processor Type: x86_64
Python Version: 3.12.8
Python Interpreter Name: CPython
[09:24:44] Start geting CN Bing Wallpaper
[09:24:44] Successful get url: https://www.bing.com/th?id=OHR.CrystalPier_ZH-CN2256372880_UHD.jpg
[09:24:45] Image saved to img/background.jpg
[09:24:45] Info saved to README.md
[09:24:45] Image saved to history/2024/12/22.md
[09:24:45] Start geting global Bing Wallpaper, region=en-US, local time is 2024-12-22 04:24:45.031914-05:00
[09:24:45] Successful get url: https://www.bing.com/th?id=OHR.CrystalPier_EN-US0086755810_UHD.jpg
[09:24:45] Picture infomations saved to  global/en-US/README.md
[09:24:45] Picture infomations saved to global/en-US/history/2024/12/23_en-US.md
[09:24:45] Start geting global Bing Wallpaper, region=ja-JP, local time is 2024-12-22 18:24:45.402129+09:00
[09:24:45] Successful get url: https://www.bing.com/th?id=OHR.FestivusCranes_JA-JP9750730538_UHD.jpg
[09:24:45] Picture infomations saved to  global/ja-JP/README.md
[09:24:45] Picture infomations saved to global/ja-JP/history/2024/12/22_ja-JP.md
[09:24:45] Start geting global Bing Wallpaper, region=en-IN, local time is 2024-12-22 14:54:45.682285+05:30
[09:24:45] Successful get url: https://www.bing.com/th?id=OHR.CrystalPier_EN-IN1061631248_UHD.jpg
[09:24:46] Picture infomations saved to  global/en-IN/README.md
[09:24:46] Picture infomations saved to global/en-IN/history/2024/12/22_en-IN.md
[09:24:46] Start geting global Bing Wallpaper, region=pt-BR, local time is 2024-12-22 06:24:46.035410-03:00
[09:24:46] Successful get url: https://www.bing.com/th?id=OHR.CrystalPier_PT-BR2585040756_UHD.jpg
[09:24:46] Picture infomations saved to  global/pt-BR/README.md
[09:24:46] Picture infomations saved to global/pt-BR/history/2024/12/23_pt-BR.md
[09:24:46] Start geting global Bing Wallpaper, region=fr-FR, local time is 2024-12-22 10:24:46.329168+01:00
[09:24:46] Successful get url: https://www.bing.com/th?id=OHR.CrystalPier_FR-FR4694395729_UHD.jpg
[09:24:46] Picture infomations saved to  global/fr-FR/README.md
[09:24:46] Picture infomations saved to global/fr-FR/history/2024/12/22_fr-FR.md
[09:24:46] Start geting global Bing Wallpaper, region=de-DE, local time is 2024-12-22 10:24:46.677462+01:00
[09:24:46] Successful get url: https://www.bing.com/th?id=OHR.GermanyAdventWreath_DE-DE0507962655_UHD.jpg
[09:24:46] Picture infomations saved to  global/de-DE/README.md
[09:24:46] Picture infomations saved to global/de-DE/history/2024/12/22_de-DE.md
[09:24:46] Start geting global Bing Wallpaper, region=en-CA, local time is 2024-12-22 04:24:46.943413-05:00
[09:24:47] Successful get url: https://www.bing.com/th?id=OHR.CrystalPier_EN-CA9816076133_UHD.jpg
[09:24:47] Picture infomations saved to  global/en-CA/README.md
[09:24:47] Picture infomations saved to global/en-CA/history/2024/12/23_en-CA.md
[09:24:47] Start geting global Bing Wallpaper, region=en-GB, local time is 2024-12-22 09:24:47.247184+00:00
[09:24:47] Successful get url: https://www.bing.com/th?id=OHR.CrystalPier_EN-GB6658264823_UHD.jpg
[09:24:47] Picture infomations saved to  global/en-GB/README.md
[09:24:47] Picture infomations saved to global/en-GB/history/2024/12/23_en-GB.md
[09:24:47] Start geting global Bing Wallpaper, region=it-IT, local time is 2024-12-22 10:24:47.546283+01:00
[09:24:47] Successful get url: https://www.bing.com/th?id=OHR.CrystalPier_IT-IT3144209474_UHD.jpg
[09:24:47] Picture infomations saved to  global/it-IT/README.md
[09:24:47] Picture infomations saved to global/it-IT/history/2024/12/22_it-IT.md
[09:24:47] Start geting global Bing Wallpaper, region=es-ES, local time is 2024-12-22 10:24:47.838035+01:00
[09:24:47] Successful get url: https://www.bing.com/th?id=OHR.CrystalPier_ES-ES1740304198_UHD.jpg
[09:24:48] Picture infomations saved to  global/es-ES/README.md
[09:24:48] Picture infomations saved to global/es-ES/history/2024/12/22_es-ES.md
[09:24:48] Start geting global Bing Wallpaper, region=fr-CA, local time is 2024-12-22 04:24:48.110271-05:00
[09:24:48] Successful get url: https://www.bing.com/th?id=OHR.CrystalPier_FR-CA7850031267_UHD.jpg
[09:24:48] Picture infomations saved to  global/fr-CA/README.md
[09:24:48] Picture infomations saved to global/fr-CA/history/2024/12/23_fr-CA.md
Program exit at 09:24:48
