
Program started at 09:29:36
Operating System Name: Linux
Operating System Version: #26~22.04.1-Ubuntu SMP Thu Jul 11 22:33:04 UTC 2024
System Architecture: ('64bit', 'ELF')
Computer Type: x86_64
Computer Name: fv-az1490-780
Processor Type: x86_64
Python Version: 3.12.8
Python Interpreter Name: CPython
[09:29:36] Start geting CN Bing Wallpaper
[09:29:36] Successful get url: https://www.bing.com/th?id=OHR.ChristmasBudapest_ZH-CN8197439971_UHD.jpg
[09:29:36] Image saved to img/background.jpg
[09:29:36] Info saved to README.md
[09:29:36] Image saved to history/2024/12/13.md
[09:29:36] Start geting global Bing Wallpaper, region=en-US, local time is 2024-12-13 04:29:36.547258-05:00
[09:29:36] Successful get url: https://www.bing.com/th?id=OHR.ChristmasBudapest_EN-US0865695821_UHD.jpg
[09:29:36] Picture infomations saved to  global/en-US/README.md
[09:29:36] Picture infomations saved to global/en-US/history/2024/12/14_en-US.md
[09:29:36] Start geting global Bing Wallpaper, region=ja-JP, local time is 2024-12-13 18:29:36.667567+09:00
[09:29:36] Successful get url: https://www.bing.com/th?id=OHR.ChristmasBudapest_JA-JP6583292404_UHD.jpg
[09:29:36] Picture infomations saved to  global/ja-JP/README.md
[09:29:36] Picture infomations saved to global/ja-JP/history/2024/12/13_ja-JP.md
[09:29:36] Start geting global Bing Wallpaper, region=en-IN, local time is 2024-12-13 14:59:36.778220+05:30
[09:29:36] Successful get url: https://www.bing.com/th?id=OHR.ChristmasBudapest_EN-IN6422339047_UHD.jpg
[09:29:36] Picture infomations saved to  global/en-IN/README.md
[09:29:36] Picture infomations saved to global/en-IN/history/2024/12/13_en-IN.md
[09:29:36] Start geting global Bing Wallpaper, region=pt-BR, local time is 2024-12-13 06:29:36.872703-03:00
[09:29:36] Successful get url: https://www.bing.com/th?id=OHR.DiaNacionaldoForro_PT-BR8634835181_UHD.jpg
[09:29:36] Picture infomations saved to  global/pt-BR/README.md
[09:29:36] Picture infomations saved to global/pt-BR/history/2024/12/14_pt-BR.md
[09:29:36] Start geting global Bing Wallpaper, region=fr-FR, local time is 2024-12-13 10:29:36.973482+01:00
[09:29:37] Successful get url: https://www.bing.com/th?id=OHR.ChristmasBudapest_FR-FR0838567901_UHD.jpg
[09:29:37] Picture infomations saved to  global/fr-FR/README.md
[09:29:37] Picture infomations saved to global/fr-FR/history/2024/12/13_fr-FR.md
[09:29:37] Start geting global Bing Wallpaper, region=de-DE, local time is 2024-12-13 10:29:37.090786+01:00
[09:29:37] Successful get url: https://www.bing.com/th?id=OHR.ChristmasBudapest_DE-DE0464258749_UHD.jpg
[09:29:37] Picture infomations saved to  global/de-DE/README.md
[09:29:37] Picture infomations saved to global/de-DE/history/2024/12/13_de-DE.md
[09:29:37] Start geting global Bing Wallpaper, region=en-CA, local time is 2024-12-13 04:29:37.222083-05:00
[09:29:37] Successful get url: https://www.bing.com/th?id=OHR.ChristmasBudapest_EN-CA2975655898_UHD.jpg
[09:29:37] Picture infomations saved to  global/en-CA/README.md
[09:29:37] Picture infomations saved to global/en-CA/history/2024/12/14_en-CA.md
[09:29:37] Start geting global Bing Wallpaper, region=en-GB, local time is 2024-12-13 09:29:37.315653+00:00
[09:29:37] Successful get url: https://www.bing.com/th?id=OHR.ChristmasBudapest_EN-GB5094460199_UHD.jpg
[09:29:37] Picture infomations saved to  global/en-GB/README.md
[09:29:37] Picture infomations saved to global/en-GB/history/2024/12/14_en-GB.md
[09:29:37] Start geting global Bing Wallpaper, region=it-IT, local time is 2024-12-13 10:29:37.463183+01:00
[09:29:37] Successful get url: https://www.bing.com/th?id=OHR.ChristmasBudapest_IT-IT6393045785_UHD.jpg
[09:29:37] Picture infomations saved to  global/it-IT/README.md
[09:29:37] Picture infomations saved to global/it-IT/history/2024/12/13_it-IT.md
[09:29:37] Start geting global Bing Wallpaper, region=es-ES, local time is 2024-12-13 10:29:37.572044+01:00
[09:29:37] Successful get url: https://www.bing.com/th?id=OHR.ChristmasBudapest_ES-ES8138996738_UHD.jpg
[09:29:37] Picture infomations saved to  global/es-ES/README.md
[09:29:37] Picture infomations saved to global/es-ES/history/2024/12/13_es-ES.md
[09:29:37] Start geting global Bing Wallpaper, region=fr-CA, local time is 2024-12-13 04:29:37.686376-05:00
[09:29:37] Successful get url: https://www.bing.com/th?id=OHR.ChristmasBudapest_FR-CA8168719338_UHD.jpg
[09:29:37] Picture infomations saved to  global/fr-CA/README.md
[09:29:37] Picture infomations saved to global/fr-CA/history/2024/12/14_fr-CA.md
Program exit at 09:29:37
