
Program started at 09:38:18
Operating System Name: Linux
Operating System Version: #18~24.04.1-Ubuntu SMP Sat Jun 28 04:46:03 UTC 2025
System Architecture: ('64bit', 'ELF')
Computer Type: x86_64
Computer Name: runnervmh13bl
Processor Type: x86_64
Python Version: 3.12.12
Python Interpreter Name: CPython
[09:38:18] Start geting CN Bing Wallpaper
[09:38:18] Successful get url: https://www.bing.com/th?id=OHR.NuukGreenland_ZH-CN2414771686_UHD.jpg
[09:38:18] Image saved to img/background.jpg
[09:38:18] Info saved to README.md
[09:38:18] Image saved to history/2026/01/06.md
[09:38:18] Start geting global Bing Wallpaper, region=en-US, local time is 2026-01-06 04:38:18.474393-05:00
[09:38:18] Successful get url: https://www.bing.com/th?id=OHR.NuukGreenland_EN-US6879869782_UHD.jpg
[09:38:18] Picture infomations saved to  global/en-US/README.md
[09:38:18] Picture infomations saved to global/en-US/history/2026/01/07_en-US.md
[09:38:18] Start geting global Bing Wallpaper, region=ja-JP, local time is 2026-01-06 18:38:18.821519+09:00
[09:38:18] Successful get url: https://www.bing.com/th?id=OHR.NuukGreenland_JA-JP5673892352_UHD.jpg
[09:38:19] Picture infomations saved to  global/ja-JP/README.md
[09:38:19] Picture infomations saved to global/ja-JP/history/2026/01/06_ja-JP.md
[09:38:19] Start geting global Bing Wallpaper, region=en-IN, local time is 2026-01-06 15:08:19.010412+05:30
[09:38:19] Successful get url: https://www.bing.com/th?id=OHR.NuukGreenland_EN-IN2229697854_UHD.jpg
[09:38:19] Picture infomations saved to  global/en-IN/README.md
[09:38:19] Picture infomations saved to global/en-IN/history/2026/01/06_en-IN.md
[09:38:19] Start geting global Bing Wallpaper, region=pt-BR, local time is 2026-01-06 06:38:19.233663-03:00
[09:38:19] Successful get url: https://www.bing.com/th?id=OHR.NuukGreenland_PT-BR9430819124_UHD.jpg
[09:38:19] Picture infomations saved to  global/pt-BR/README.md
[09:38:19] Picture infomations saved to global/pt-BR/history/2026/01/07_pt-BR.md
[09:38:19] Start geting global Bing Wallpaper, region=fr-FR, local time is 2026-01-06 10:38:19.586061+01:00
[09:38:19] Successful get url: https://www.bing.com/th?id=OHR.EpiphanyDay_FR-FR4715294698_UHD.jpg
[09:38:19] Picture infomations saved to  global/fr-FR/README.md
[09:38:19] Picture infomations saved to global/fr-FR/history/2026/01/06_fr-FR.md
[09:38:19] Start geting global Bing Wallpaper, region=de-DE, local time is 2026-01-06 10:38:19.813655+01:00
[09:38:19] Successful get url: https://www.bing.com/th?id=OHR.NuukGreenland_DE-DE1784214919_UHD.jpg
[09:38:20] Picture infomations saved to  global/de-DE/README.md
[09:38:20] Picture infomations saved to global/de-DE/history/2026/01/06_de-DE.md
[09:38:20] Start geting global Bing Wallpaper, region=en-CA, local time is 2026-01-06 04:38:20.028478-05:00
[09:38:20] Successful get url: https://www.bing.com/th?id=OHR.NuukGreenland_EN-CA9507473966_UHD.jpg
[09:38:20] Picture infomations saved to  global/en-CA/README.md
[09:38:20] Picture infomations saved to global/en-CA/history/2026/01/07_en-CA.md
[09:38:20] Start geting global Bing Wallpaper, region=en-GB, local time is 2026-01-06 09:38:20.433296+00:00
[09:38:20] Successful get url: https://www.bing.com/th?id=OHR.NuukGreenland_EN-GB6899770664_UHD.jpg
[09:38:20] Picture infomations saved to  global/en-GB/README.md
[09:38:20] Picture infomations saved to global/en-GB/history/2026/01/07_en-GB.md
[09:38:20] Start geting global Bing Wallpaper, region=it-IT, local time is 2026-01-06 10:38:20.779851+01:00
[09:38:20] Successful get url: https://www.bing.com/th?id=OHR.BefanaItalia_IT-IT3087185120_UHD.jpg
[09:38:21] Picture infomations saved to  global/it-IT/README.md
[09:38:21] Picture infomations saved to global/it-IT/history/2026/01/06_it-IT.md
[09:38:21] Start geting global Bing Wallpaper, region=es-ES, local time is 2026-01-06 10:38:21.038054+01:00
[09:38:21] Successful get url: https://www.bing.com/th?id=OHR.ReyesMagos_ES-ES2955520279_UHD.jpg
[09:38:21] Picture infomations saved to  global/es-ES/README.md
[09:38:21] Picture infomations saved to global/es-ES/history/2026/01/06_es-ES.md
[09:38:21] Start geting global Bing Wallpaper, region=fr-CA, local time is 2026-01-06 04:38:21.248164-05:00
[09:38:21] Successful get url: https://www.bing.com/th?id=OHR.NuukGreenland_FR-CA9105709937_UHD.jpg
[09:38:21] Picture infomations saved to  global/fr-CA/README.md
[09:38:21] Picture infomations saved to global/fr-CA/history/2026/01/07_fr-CA.md
Program exit at 09:38:21

Program started at 16:19:58
Operating System Name: Linux
Operating System Version: #18~24.04.1-Ubuntu SMP Sat Jun 28 04:46:03 UTC 2025
System Architecture: ('64bit', 'ELF')
Computer Type: x86_64
Computer Name: runnervmh13bl
Processor Type: x86_64
Python Version: 3.12.12
Python Interpreter Name: CPython
[16:19:58] Start geting CN Bing Wallpaper
[16:19:58] Successful get url: https://www.bing.com/th?id=OHR.OldRockArch_ZH-CN2061140260_UHD.jpg
[16:19:59] Image saved to img/background.jpg
[16:19:59] Info saved to README.md
[16:19:59] Image saved to history/2026/01/07.md
[16:19:59] Start geting global Bing Wallpaper, region=en-US, local time is 2026-01-06 11:19:59.407692-05:00
[16:19:59] Successful get url: https://www.bing.com/th?id=OHR.NuukGreenland_EN-US6879869782_UHD.jpg
[16:19:59] Picture infomations saved to  global/en-US/README.md
[16:19:59] Picture infomations saved to global/en-US/history/2026/01/07_en-US.md
[16:19:59] Start geting global Bing Wallpaper, region=ja-JP, local time is 2026-01-07 01:19:59.751628+09:00
[16:19:59] Successful get url: https://www.bing.com/th?id=OHR.OldRockArch_JA-JP5889672492_UHD.jpg
[16:20:00] Picture infomations saved to  global/ja-JP/README.md
[16:20:00] Picture infomations saved to global/ja-JP/history/2026/01/07_ja-JP.md
[16:20:00] Start geting global Bing Wallpaper, region=en-IN, local time is 2026-01-06 21:50:00.053874+05:30
[16:20:00] Successful get url: https://www.bing.com/th?id=OHR.NuukGreenland_EN-IN2229697854_UHD.jpg
[16:20:00] Picture infomations saved to  global/en-IN/README.md
[16:20:00] Picture infomations saved to global/en-IN/history/2026/01/06_en-IN.md
[16:20:00] Start geting global Bing Wallpaper, region=pt-BR, local time is 2026-01-06 13:20:00.354661-03:00
[16:20:00] Successful get url: https://www.bing.com/th?id=OHR.NuukGreenland_PT-BR9430819124_UHD.jpg
[16:20:00] Picture infomations saved to  global/pt-BR/README.md
[16:20:00] Picture infomations saved to global/pt-BR/history/2026/01/07_pt-BR.md
[16:20:00] Start geting global Bing Wallpaper, region=fr-FR, local time is 2026-01-06 17:20:00.685589+01:00
[16:20:00] Successful get url: https://www.bing.com/th?id=OHR.EpiphanyDay_FR-FR4715294698_UHD.jpg
[16:20:00] Picture infomations saved to  global/fr-FR/README.md
[16:20:00] Picture infomations saved to global/fr-FR/history/2026/01/06_fr-FR.md
[16:20:00] Start geting global Bing Wallpaper, region=de-DE, local time is 2026-01-06 17:20:00.994938+01:00
[16:20:01] Successful get url: https://www.bing.com/th?id=OHR.NuukGreenland_DE-DE1784214919_UHD.jpg
[16:20:01] Picture infomations saved to  global/de-DE/README.md
[16:20:01] Picture infomations saved to global/de-DE/history/2026/01/06_de-DE.md
[16:20:01] Start geting global Bing Wallpaper, region=en-CA, local time is 2026-01-06 11:20:01.350182-05:00
[16:20:01] Successful get url: https://www.bing.com/th?id=OHR.NuukGreenland_EN-CA9507473966_UHD.jpg
[16:20:01] Picture infomations saved to  global/en-CA/README.md
[16:20:01] Picture infomations saved to global/en-CA/history/2026/01/07_en-CA.md
[16:20:01] Start geting global Bing Wallpaper, region=en-GB, local time is 2026-01-06 16:20:01.776678+00:00
[16:20:01] Successful get url: https://www.bing.com/th?id=OHR.NuukGreenland_EN-GB6899770664_UHD.jpg
[16:20:02] Picture infomations saved to  global/en-GB/README.md
[16:20:02] Picture infomations saved to global/en-GB/history/2026/01/07_en-GB.md
[16:20:02] Start geting global Bing Wallpaper, region=it-IT, local time is 2026-01-06 17:20:02.193091+01:00
[16:20:02] Successful get url: https://www.bing.com/th?id=OHR.BefanaItalia_IT-IT3087185120_UHD.jpg
[16:20:02] Picture infomations saved to  global/it-IT/README.md
[16:20:02] Picture infomations saved to global/it-IT/history/2026/01/06_it-IT.md
[16:20:02] Start geting global Bing Wallpaper, region=es-ES, local time is 2026-01-06 17:20:02.522997+01:00
[16:20:02] Successful get url: https://www.bing.com/th?id=OHR.ReyesMagos_ES-ES2955520279_UHD.jpg
[16:20:02] Picture infomations saved to  global/es-ES/README.md
[16:20:02] Picture infomations saved to global/es-ES/history/2026/01/06_es-ES.md
[16:20:02] Start geting global Bing Wallpaper, region=fr-CA, local time is 2026-01-06 11:20:02.863614-05:00
[16:20:02] Successful get url: https://www.bing.com/th?id=OHR.NuukGreenland_FR-CA9105709937_UHD.jpg
[16:20:03] Picture infomations saved to  global/fr-CA/README.md
[16:20:03] Picture infomations saved to global/fr-CA/history/2026/01/07_fr-CA.md
Program exit at 16:20:03
