
Program started at 09:31:57
Operating System Name: Linux
Operating System Version: #18~24.04.1-Ubuntu SMP Sat Jun 28 04:46:03 UTC 2025
System Architecture: ('64bit', 'ELF')
Computer Type: x86_64
Computer Name: runnervmh13bl
Processor Type: x86_64
Python Version: 3.12.12
Python Interpreter Name: CPython
[09:31:57] Start geting CN Bing Wallpaper
[09:31:57] Successful get url: https://www.bing.com/th?id=OHR.LauterbrunnenValley_ZH-CN0118001217_UHD.jpg
[09:31:57] Image saved to img/background.jpg
[09:31:57] Info saved to README.md
[09:31:57] Image saved to history/2026/01/03.md
[09:31:57] Start geting global Bing Wallpaper, region=en-US, local time is 2026-01-03 04:31:57.328415-05:00
[09:31:57] Successful get url: https://www.bing.com/th?id=OHR.LauterbrunnenValley_EN-US6594933852_UHD.jpg
[09:31:57] Picture infomations saved to  global/en-US/README.md
[09:31:57] Picture infomations saved to global/en-US/history/2026/01/04_en-US.md
[09:31:57] Start geting global Bing Wallpaper, region=ja-JP, local time is 2026-01-03 18:31:57.482186+09:00
[09:31:57] Successful get url: https://www.bing.com/th?id=OHR.LauterbrunnenValley_JA-JP5166517859_UHD.jpg
[09:31:57] Picture infomations saved to  global/ja-JP/README.md
[09:31:57] Picture infomations saved to global/ja-JP/history/2026/01/03_ja-JP.md
[09:31:57] Start geting global Bing Wallpaper, region=en-IN, local time is 2026-01-03 15:01:57.742873+05:30
[09:31:57] Successful get url: https://www.bing.com/th?id=OHR.LauterbrunnenValley_EN-IN1404704660_UHD.jpg
[09:31:57] Picture infomations saved to  global/en-IN/README.md
[09:31:57] Picture infomations saved to global/en-IN/history/2026/01/03_en-IN.md
[09:31:57] Start geting global Bing Wallpaper, region=pt-BR, local time is 2026-01-03 06:31:57.865877-03:00
[09:31:57] Successful get url: https://www.bing.com/th?id=OHR.LauterbrunnenValley_PT-BR5257129794_UHD.jpg
[09:31:58] Picture infomations saved to  global/pt-BR/README.md
[09:31:58] Picture infomations saved to global/pt-BR/history/2026/01/04_pt-BR.md
[09:31:58] Start geting global Bing Wallpaper, region=fr-FR, local time is 2026-01-03 10:31:58.058528+01:00
[09:31:58] Successful get url: https://www.bing.com/th?id=OHR.LauterbrunnenValley_FR-FR3708152476_UHD.jpg
[09:31:58] Picture infomations saved to  global/fr-FR/README.md
[09:31:58] Picture infomations saved to global/fr-FR/history/2026/01/03_fr-FR.md
[09:31:58] Start geting global Bing Wallpaper, region=de-DE, local time is 2026-01-03 10:31:58.316332+01:00
[09:31:58] Successful get url: https://www.bing.com/th?id=OHR.LauterbrunnenValley_DE-DE9271807830_UHD.jpg
[09:31:58] Picture infomations saved to  global/de-DE/README.md
[09:31:58] Picture infomations saved to global/de-DE/history/2026/01/03_de-DE.md
[09:31:58] Start geting global Bing Wallpaper, region=en-CA, local time is 2026-01-03 04:31:58.503195-05:00
[09:31:58] Successful get url: https://www.bing.com/th?id=OHR.LauterbrunnenValley_EN-CA6661114892_UHD.jpg
[09:31:58] Picture infomations saved to  global/en-CA/README.md
[09:31:58] Picture infomations saved to global/en-CA/history/2026/01/04_en-CA.md
[09:31:58] Start geting global Bing Wallpaper, region=en-GB, local time is 2026-01-03 09:31:58.657420+00:00
[09:31:58] Successful get url: https://www.bing.com/th?id=OHR.LauterbrunnenValley_EN-GB6435045286_UHD.jpg
[09:31:58] Picture infomations saved to  global/en-GB/README.md
[09:31:58] Picture infomations saved to global/en-GB/history/2026/01/04_en-GB.md
[09:31:58] Start geting global Bing Wallpaper, region=it-IT, local time is 2026-01-03 10:31:58.838453+01:00
[09:31:58] Successful get url: https://www.bing.com/th?id=OHR.LauterbrunnenValley_IT-IT1107060773_UHD.jpg
[09:31:59] Picture infomations saved to  global/it-IT/README.md
[09:31:59] Picture infomations saved to global/it-IT/history/2026/01/03_it-IT.md
[09:31:59] Start geting global Bing Wallpaper, region=es-ES, local time is 2026-01-03 10:31:59.025892+01:00
[09:31:59] Successful get url: https://www.bing.com/th?id=OHR.LauterbrunnenValley_ES-ES2371150020_UHD.jpg
[09:31:59] Picture infomations saved to  global/es-ES/README.md
[09:31:59] Picture infomations saved to global/es-ES/history/2026/01/03_es-ES.md
[09:31:59] Start geting global Bing Wallpaper, region=fr-CA, local time is 2026-01-03 04:31:59.295674-05:00
[09:31:59] Successful get url: https://www.bing.com/th?id=OHR.LauterbrunnenValley_FR-CA9163124101_UHD.jpg
[09:31:59] Picture infomations saved to  global/fr-CA/README.md
[09:31:59] Picture infomations saved to global/fr-CA/history/2026/01/04_fr-CA.md
Program exit at 09:31:59

Program started at 16:16:53
Operating System Name: Linux
Operating System Version: #18~24.04.1-Ubuntu SMP Sat Jun 28 04:46:03 UTC 2025
System Architecture: ('64bit', 'ELF')
Computer Type: x86_64
Computer Name: runnervmh13bl
Processor Type: x86_64
Python Version: 3.12.12
Python Interpreter Name: CPython
[16:16:53] Start geting CN Bing Wallpaper
[16:16:53] Successful get url: https://www.bing.com/th?id=OHR.KingMountain_ZH-CN0397508222_UHD.jpg
[16:16:53] Image saved to img/background.jpg
[16:16:53] Info saved to README.md
[16:16:53] Image saved to history/2026/01/04.md
[16:16:53] Start geting global Bing Wallpaper, region=en-US, local time is 2026-01-03 11:16:53.801935-05:00
[16:16:53] Successful get url: https://www.bing.com/th?id=OHR.LauterbrunnenValley_EN-US6594933852_UHD.jpg
[16:16:53] Picture infomations saved to  global/en-US/README.md
[16:16:53] Picture infomations saved to global/en-US/history/2026/01/04_en-US.md
[16:16:53] Start geting global Bing Wallpaper, region=ja-JP, local time is 2026-01-04 01:16:53.927262+09:00
[16:16:53] Successful get url: https://www.bing.com/th?id=OHR.KingMountain_JA-JP5338011772_UHD.jpg
[16:16:54] Picture infomations saved to  global/ja-JP/README.md
[16:16:54] Picture infomations saved to global/ja-JP/history/2026/01/04_ja-JP.md
[16:16:54] Start geting global Bing Wallpaper, region=en-IN, local time is 2026-01-03 21:46:54.076685+05:30
[16:16:54] Successful get url: https://www.bing.com/th?id=OHR.LauterbrunnenValley_EN-IN1404704660_UHD.jpg
[16:16:54] Picture infomations saved to  global/en-IN/README.md
[16:16:54] Picture infomations saved to global/en-IN/history/2026/01/03_en-IN.md
[16:16:54] Start geting global Bing Wallpaper, region=pt-BR, local time is 2026-01-03 13:16:54.291181-03:00
[16:16:54] Successful get url: https://www.bing.com/th?id=OHR.LauterbrunnenValley_PT-BR5257129794_UHD.jpg
[16:16:54] Picture infomations saved to  global/pt-BR/README.md
[16:16:54] Picture infomations saved to global/pt-BR/history/2026/01/04_pt-BR.md
[16:16:54] Start geting global Bing Wallpaper, region=fr-FR, local time is 2026-01-03 17:16:54.430716+01:00
[16:16:54] Successful get url: https://www.bing.com/th?id=OHR.LauterbrunnenValley_FR-FR3708152476_UHD.jpg
[16:16:54] Picture infomations saved to  global/fr-FR/README.md
[16:16:54] Picture infomations saved to global/fr-FR/history/2026/01/03_fr-FR.md
[16:16:54] Start geting global Bing Wallpaper, region=de-DE, local time is 2026-01-03 17:16:54.599923+01:00
[16:16:54] Successful get url: https://www.bing.com/th?id=OHR.LauterbrunnenValley_DE-DE9271807830_UHD.jpg
[16:16:54] Picture infomations saved to  global/de-DE/README.md
[16:16:54] Picture infomations saved to global/de-DE/history/2026/01/03_de-DE.md
[16:16:54] Start geting global Bing Wallpaper, region=en-CA, local time is 2026-01-03 11:16:54.750752-05:00
[16:16:54] Successful get url: https://www.bing.com/th?id=OHR.LauterbrunnenValley_EN-CA6661114892_UHD.jpg
[16:16:54] Picture infomations saved to  global/en-CA/README.md
[16:16:54] Picture infomations saved to global/en-CA/history/2026/01/04_en-CA.md
[16:16:54] Start geting global Bing Wallpaper, region=en-GB, local time is 2026-01-03 16:16:54.931307+00:00
[16:16:54] Successful get url: https://www.bing.com/th?id=OHR.LauterbrunnenValley_EN-GB6435045286_UHD.jpg
[16:16:55] Picture infomations saved to  global/en-GB/README.md
[16:16:55] Picture infomations saved to global/en-GB/history/2026/01/04_en-GB.md
[16:16:55] Start geting global Bing Wallpaper, region=it-IT, local time is 2026-01-03 17:16:55.318045+01:00
[16:16:55] Successful get url: https://www.bing.com/th?id=OHR.LauterbrunnenValley_IT-IT1107060773_UHD.jpg
[16:16:55] Picture infomations saved to  global/it-IT/README.md
[16:16:55] Picture infomations saved to global/it-IT/history/2026/01/03_it-IT.md
[16:16:55] Start geting global Bing Wallpaper, region=es-ES, local time is 2026-01-03 17:16:55.477210+01:00
[16:16:55] Successful get url: https://www.bing.com/th?id=OHR.LauterbrunnenValley_ES-ES2371150020_UHD.jpg
[16:16:55] Picture infomations saved to  global/es-ES/README.md
[16:16:55] Picture infomations saved to global/es-ES/history/2026/01/03_es-ES.md
[16:16:55] Start geting global Bing Wallpaper, region=fr-CA, local time is 2026-01-03 11:16:55.617547-05:00
[16:16:55] Successful get url: https://www.bing.com/th?id=OHR.LauterbrunnenValley_FR-CA9163124101_UHD.jpg
[16:16:55] Picture infomations saved to  global/fr-CA/README.md
[16:16:55] Picture infomations saved to global/fr-CA/history/2026/01/04_fr-CA.md
Program exit at 16:16:55
