
Program started at 09:47:05
Operating System Name: Linux
Operating System Version: #18~24.04.1-Ubuntu SMP Sat Jun 28 04:46:03 UTC 2025
System Architecture: ('64bit', 'ELF')
Computer Type: x86_64
Computer Name: runnervmymu0l
Processor Type: x86_64
Python Version: 3.12.12
Python Interpreter Name: CPython
[09:47:05] Start geting CN Bing Wallpaper
[09:47:05] Successful get url: https://www.bing.com/th?id=OHR.WhanganuiPark_ZH-CN5664518836_UHD.jpg
[09:47:05] Image saved to img/background.jpg
[09:47:05] Info saved to README.md
[09:47:05] Image saved to history/2026/01/28.md
[09:47:05] Start geting global Bing Wallpaper, region=en-US, local time is 2026-01-28 04:47:05.349148-05:00
[09:47:05] Successful get url: https://www.bing.com/th?id=OHR.WhanganuiPark_EN-US9741312204_UHD.jpg
[09:47:05] Picture infomations saved to  global/en-US/README.md
[09:47:05] Picture infomations saved to global/en-US/history/2026/01/29_en-US.md
[09:47:05] Start geting global Bing Wallpaper, region=ja-JP, local time is 2026-01-28 18:47:05.578187+09:00
[09:47:05] Successful get url: https://www.bing.com/th?id=OHR.WhanganuiPark_JA-JP0176066803_UHD.jpg
[09:47:05] Picture infomations saved to  global/ja-JP/README.md
[09:47:05] Picture infomations saved to global/ja-JP/history/2026/01/28_ja-JP.md
[09:47:05] Start geting global Bing Wallpaper, region=en-IN, local time is 2026-01-28 15:17:05.795420+05:30
[09:47:05] Successful get url: https://www.bing.com/th?id=OHR.WhanganuiPark_EN-IN0247027182_UHD.jpg
[09:47:06] Picture infomations saved to  global/en-IN/README.md
[09:47:06] Picture infomations saved to global/en-IN/history/2026/01/28_en-IN.md
[09:47:06] Start geting global Bing Wallpaper, region=pt-BR, local time is 2026-01-28 06:47:06.038611-03:00
[09:47:06] Successful get url: https://www.bing.com/th?id=OHR.WhanganuiPark_PT-BR6611388869_UHD.jpg
[09:47:06] Picture infomations saved to  global/pt-BR/README.md
[09:47:06] Picture infomations saved to global/pt-BR/history/2026/01/29_pt-BR.md
[09:47:06] Start geting global Bing Wallpaper, region=fr-FR, local time is 2026-01-28 10:47:06.261135+01:00
[09:47:06] Successful get url: https://www.bing.com/th?id=OHR.WhanganuiPark_FR-FR8047545940_UHD.jpg
[09:47:06] Picture infomations saved to  global/fr-FR/README.md
[09:47:06] Picture infomations saved to global/fr-FR/history/2026/01/28_fr-FR.md
[09:47:06] Start geting global Bing Wallpaper, region=de-DE, local time is 2026-01-28 10:47:06.481531+01:00
[09:47:06] Successful get url: https://www.bing.com/th?id=OHR.WhanganuiPark_DE-DE0122183899_UHD.jpg
[09:47:06] Picture infomations saved to  global/de-DE/README.md
[09:47:06] Picture infomations saved to global/de-DE/history/2026/01/28_de-DE.md
[09:47:06] Start geting global Bing Wallpaper, region=en-CA, local time is 2026-01-28 04:47:06.708533-05:00
[09:47:06] Successful get url: https://www.bing.com/th?id=OHR.WhanganuiPark_EN-CA8133159309_UHD.jpg
[09:47:06] Picture infomations saved to  global/en-CA/README.md
[09:47:06] Picture infomations saved to global/en-CA/history/2026/01/29_en-CA.md
[09:47:06] Start geting global Bing Wallpaper, region=en-GB, local time is 2026-01-28 09:47:06.925544+00:00
[09:47:07] Successful get url: https://www.bing.com/th?id=OHR.WhanganuiPark_EN-GB2487918994_UHD.jpg
[09:47:07] Picture infomations saved to  global/en-GB/README.md
[09:47:07] Picture infomations saved to global/en-GB/history/2026/01/29_en-GB.md
[09:47:07] Start geting global Bing Wallpaper, region=it-IT, local time is 2026-01-28 10:47:07.134833+01:00
[09:47:07] Successful get url: https://www.bing.com/th?id=OHR.WhanganuiPark_IT-IT3958915407_UHD.jpg
[09:47:07] Picture infomations saved to  global/it-IT/README.md
[09:47:07] Picture infomations saved to global/it-IT/history/2026/01/28_it-IT.md
[09:47:07] Start geting global Bing Wallpaper, region=es-ES, local time is 2026-01-28 10:47:07.351526+01:00
[09:47:07] Successful get url: https://www.bing.com/th?id=OHR.WhanganuiPark_ES-ES1389152194_UHD.jpg
[09:47:07] Picture infomations saved to  global/es-ES/README.md
[09:47:07] Picture infomations saved to global/es-ES/history/2026/01/28_es-ES.md
[09:47:07] Start geting global Bing Wallpaper, region=fr-CA, local time is 2026-01-28 04:47:07.573702-05:00
[09:47:07] Successful get url: https://www.bing.com/th?id=OHR.WhanganuiPark_FR-CA9921690496_UHD.jpg
[09:47:07] Picture infomations saved to  global/fr-CA/README.md
[09:47:07] Picture infomations saved to global/fr-CA/history/2026/01/29_fr-CA.md
Program exit at 09:47:07
