
Program started at 09:31:27
Operating System Name: Linux
Operating System Version: #18~24.04.1-Ubuntu SMP Sat Jun 28 04:46:03 UTC 2025
System Architecture: ('64bit', 'ELF')
Computer Type: x86_64
Computer Name: runnervmmtnos
Processor Type: x86_64
Python Version: 3.12.12
Python Interpreter Name: CPython
[09:31:27] Start geting CN Bing Wallpaper
[09:31:27] Successful get url: https://www.bing.com/th?id=OHR.NaplesBasilica_ZH-CN6888150174_UHD.jpg
[09:31:27] Image saved to img/background.jpg
[09:31:27] Info saved to README.md
[09:31:27] Image saved to history/2026/01/17.md
[09:31:27] Start geting global Bing Wallpaper, region=en-US, local time is 2026-01-17 04:31:27.736243-05:00
[09:31:27] Successful get url: https://www.bing.com/th?id=OHR.NaplesBasilica_EN-US0483177548_UHD.jpg
[09:31:28] Picture infomations saved to  global/en-US/README.md
[09:31:28] Picture infomations saved to global/en-US/history/2026/01/18_en-US.md
[09:31:28] Start geting global Bing Wallpaper, region=ja-JP, local time is 2026-01-17 18:31:28.116765+09:00
[09:31:28] Successful get url: https://www.bing.com/th?id=OHR.NaplesBasilica_JA-JP0488733664_UHD.jpg
[09:31:28] Picture infomations saved to  global/ja-JP/README.md
[09:31:28] Picture infomations saved to global/ja-JP/history/2026/01/17_ja-JP.md
[09:31:28] Start geting global Bing Wallpaper, region=en-IN, local time is 2026-01-17 15:01:28.384133+05:30
[09:31:28] Successful get url: https://www.bing.com/th?id=OHR.NaplesBasilica_EN-IN0040202907_UHD.jpg
[09:31:28] Picture infomations saved to  global/en-IN/README.md
[09:31:28] Picture infomations saved to global/en-IN/history/2026/01/17_en-IN.md
[09:31:28] Start geting global Bing Wallpaper, region=pt-BR, local time is 2026-01-17 06:31:28.643237-03:00
[09:31:28] Successful get url: https://www.bing.com/th?id=OHR.NaplesBasilica_PT-BR5152958001_UHD.jpg
[09:31:28] Picture infomations saved to  global/pt-BR/README.md
[09:31:28] Picture infomations saved to global/pt-BR/history/2026/01/18_pt-BR.md
[09:31:28] Start geting global Bing Wallpaper, region=fr-FR, local time is 2026-01-17 10:31:28.908609+01:00
[09:31:28] Successful get url: https://www.bing.com/th?id=OHR.NaplesBasilica_FR-FR0794724932_UHD.jpg
[09:31:29] Picture infomations saved to  global/fr-FR/README.md
[09:31:29] Picture infomations saved to global/fr-FR/history/2026/01/17_fr-FR.md
[09:31:29] Start geting global Bing Wallpaper, region=de-DE, local time is 2026-01-17 10:31:29.125527+01:00
[09:31:29] Successful get url: https://www.bing.com/th?id=OHR.NaplesBasilica_DE-DE0460748064_UHD.jpg
[09:31:29] Picture infomations saved to  global/de-DE/README.md
[09:31:29] Picture infomations saved to global/de-DE/history/2026/01/17_de-DE.md
[09:31:29] Start geting global Bing Wallpaper, region=en-CA, local time is 2026-01-17 04:31:29.373248-05:00
[09:31:29] Successful get url: https://www.bing.com/th?id=OHR.NaplesBasilica_EN-CA4228859638_UHD.jpg
[09:31:29] Picture infomations saved to  global/en-CA/README.md
[09:31:29] Picture infomations saved to global/en-CA/history/2026/01/18_en-CA.md
[09:31:29] Start geting global Bing Wallpaper, region=en-GB, local time is 2026-01-17 09:31:29.625268+00:00
[09:31:29] Successful get url: https://www.bing.com/th?id=OHR.NaplesBasilica_EN-GB2516304754_UHD.jpg
[09:31:29] Picture infomations saved to  global/en-GB/README.md
[09:31:29] Picture infomations saved to global/en-GB/history/2026/01/18_en-GB.md
[09:31:29] Start geting global Bing Wallpaper, region=it-IT, local time is 2026-01-17 10:31:29.880685+01:00
[09:31:29] Successful get url: https://www.bing.com/th?id=OHR.WorldPizza_IT-IT4174875702_UHD.jpg
[09:31:30] Picture infomations saved to  global/it-IT/README.md
[09:31:30] Picture infomations saved to global/it-IT/history/2026/01/17_it-IT.md
[09:31:30] Start geting global Bing Wallpaper, region=es-ES, local time is 2026-01-17 10:31:30.155609+01:00
[09:31:30] Successful get url: https://www.bing.com/th?id=OHR.Menorca_ES-ES6251409346_UHD.jpg
[09:31:30] Picture infomations saved to  global/es-ES/README.md
[09:31:30] Picture infomations saved to global/es-ES/history/2026/01/17_es-ES.md
[09:31:30] Start geting global Bing Wallpaper, region=fr-CA, local time is 2026-01-17 04:31:30.372160-05:00
[09:31:30] Successful get url: https://www.bing.com/th?id=OHR.NaplesBasilica_FR-CA0092910060_UHD.jpg
[09:31:30] Picture infomations saved to  global/fr-CA/README.md
[09:31:30] Picture infomations saved to global/fr-CA/history/2026/01/18_fr-CA.md
Program exit at 09:31:30
