
Program started at 09:46:03
Operating System Name: Linux
Operating System Version: #18~24.04.1-Ubuntu SMP Sat Jun 28 04:46:03 UTC 2025
System Architecture: ('64bit', 'ELF')
Computer Type: x86_64
Computer Name: runnervmmtnos
Processor Type: x86_64
Python Version: 3.12.12
Python Interpreter Name: CPython
[09:46:03] Start geting CN Bing Wallpaper
[09:46:03] Successful get url: https://www.bing.com/th?id=OHR.KarlovyVary_ZH-CN7585938362_UHD.jpg
[09:46:04] Image saved to img/background.jpg
[09:46:04] Info saved to README.md
[09:46:04] Image saved to history/2026/01/22.md
[09:46:04] Start geting global Bing Wallpaper, region=en-US, local time is 2026-01-22 04:46:04.040524-05:00
[09:46:04] Successful get url: https://www.bing.com/th?id=OHR.KarlovyVary_EN-US0856094511_UHD.jpg
[09:46:04] Picture infomations saved to  global/en-US/README.md
[09:46:04] Picture infomations saved to global/en-US/history/2026/01/23_en-US.md
[09:46:04] Start geting global Bing Wallpaper, region=ja-JP, local time is 2026-01-22 18:46:04.235673+09:00
[09:46:04] Successful get url: https://www.bing.com/th?id=OHR.KarlovyVary_JA-JP1329702586_UHD.jpg
[09:46:04] Picture infomations saved to  global/ja-JP/README.md
[09:46:04] Picture infomations saved to global/ja-JP/history/2026/01/22_ja-JP.md
[09:46:04] Start geting global Bing Wallpaper, region=en-IN, local time is 2026-01-22 15:16:04.423601+05:30
[09:46:04] Successful get url: https://www.bing.com/th?id=OHR.KarlovyVary_EN-IN1090343665_UHD.jpg
[09:46:04] Picture infomations saved to  global/en-IN/README.md
[09:46:04] Picture infomations saved to global/en-IN/history/2026/01/22_en-IN.md
[09:46:04] Start geting global Bing Wallpaper, region=pt-BR, local time is 2026-01-22 06:46:04.589304-03:00
[09:46:05] Successful get url: https://www.bing.com/th?id=OHR.KarlovyVary_PT-BR9942350940_UHD.jpg
[09:46:05] Picture infomations saved to  global/pt-BR/README.md
[09:46:05] Picture infomations saved to global/pt-BR/history/2026/01/23_pt-BR.md
[09:46:05] Start geting global Bing Wallpaper, region=fr-FR, local time is 2026-01-22 10:46:05.829219+01:00
[09:46:05] Successful get url: https://www.bing.com/th?id=OHR.KarlovyVary_FR-FR4051423733_UHD.jpg
[09:46:06] Picture infomations saved to  global/fr-FR/README.md
[09:46:06] Picture infomations saved to global/fr-FR/history/2026/01/22_fr-FR.md
[09:46:06] Start geting global Bing Wallpaper, region=de-DE, local time is 2026-01-22 10:46:06.005110+01:00
[09:46:06] Successful get url: https://www.bing.com/th?id=OHR.Mimramfootbridge_DE-DE7428215729_UHD.jpg
[09:46:06] Picture infomations saved to  global/de-DE/README.md
[09:46:06] Picture infomations saved to global/de-DE/history/2026/01/22_de-DE.md
[09:46:06] Start geting global Bing Wallpaper, region=en-CA, local time is 2026-01-22 04:46:06.163060-05:00
[09:46:06] Successful get url: https://www.bing.com/th?id=OHR.KarlovyVary_EN-CA8625581136_UHD.jpg
[09:46:06] Picture infomations saved to  global/en-CA/README.md
[09:46:06] Picture infomations saved to global/en-CA/history/2026/01/23_en-CA.md
[09:46:06] Start geting global Bing Wallpaper, region=en-GB, local time is 2026-01-22 09:46:06.409605+00:00
[09:46:07] Successful get url: https://www.bing.com/th?id=OHR.KarlovyVary_EN-GB6157843860_UHD.jpg
[09:46:07] Picture infomations saved to  global/en-GB/README.md
[09:46:07] Picture infomations saved to global/en-GB/history/2026/01/23_en-GB.md
[09:46:07] Start geting global Bing Wallpaper, region=it-IT, local time is 2026-01-22 10:46:07.132802+01:00
[09:46:07] Successful get url: https://www.bing.com/th?id=OHR.KarlovyVary_IT-IT4150505640_UHD.jpg
[09:46:07] Picture infomations saved to  global/it-IT/README.md
[09:46:07] Picture infomations saved to global/it-IT/history/2026/01/22_it-IT.md
[09:46:07] Start geting global Bing Wallpaper, region=es-ES, local time is 2026-01-22 10:46:07.284719+01:00
[09:46:08] Successful get url: https://www.bing.com/th?id=OHR.KarlovyVary_ES-ES6866349820_UHD.jpg
[09:46:08] Picture infomations saved to  global/es-ES/README.md
[09:46:08] Picture infomations saved to global/es-ES/history/2026/01/22_es-ES.md
[09:46:08] Start geting global Bing Wallpaper, region=fr-CA, local time is 2026-01-22 04:46:08.815595-05:00
[09:46:09] Successful get url: https://www.bing.com/th?id=OHR.KarlovyVary_FR-CA1267212524_UHD.jpg
[09:46:09] Picture infomations saved to  global/fr-CA/README.md
[09:46:09] Picture infomations saved to global/fr-CA/history/2026/01/23_fr-CA.md
Program exit at 09:46:09

Program started at 16:26:06
Operating System Name: Linux
Operating System Version: #18~24.04.1-Ubuntu SMP Sat Jun 28 04:46:03 UTC 2025
System Architecture: ('64bit', 'ELF')
Computer Type: x86_64
Computer Name: runnervmmtnos
Processor Type: x86_64
Python Version: 3.12.12
Python Interpreter Name: CPython
[16:26:06] Start geting CN Bing Wallpaper
[16:26:06] Successful get url: https://www.bing.com/th?id=OHR.IcelandSheep_ZH-CN3931993073_UHD.jpg
[16:26:06] Image saved to img/background.jpg
[16:26:06] Info saved to README.md
[16:26:06] Image saved to history/2026/01/23.md
[16:26:06] Start geting global Bing Wallpaper, region=en-US, local time is 2026-01-22 11:26:06.992868-05:00
[16:26:07] Successful get url: https://www.bing.com/th?id=OHR.KarlovyVary_EN-US0856094511_UHD.jpg
[16:26:07] Picture infomations saved to  global/en-US/README.md
[16:26:07] Picture infomations saved to global/en-US/history/2026/01/23_en-US.md
[16:26:07] Start geting global Bing Wallpaper, region=ja-JP, local time is 2026-01-23 01:26:07.123313+09:00
[16:26:07] Successful get url: https://www.bing.com/th?id=OHR.IcelandSheep_JA-JP9416029074_UHD.jpg
[16:26:07] Picture infomations saved to  global/ja-JP/README.md
[16:26:07] Picture infomations saved to global/ja-JP/history/2026/01/23_ja-JP.md
[16:26:07] Start geting global Bing Wallpaper, region=en-IN, local time is 2026-01-22 21:56:07.267883+05:30
[16:26:07] Successful get url: https://www.bing.com/th?id=OHR.KarlovyVary_EN-IN1090343665_UHD.jpg
[16:26:07] Picture infomations saved to  global/en-IN/README.md
[16:26:07] Picture infomations saved to global/en-IN/history/2026/01/22_en-IN.md
[16:26:07] Start geting global Bing Wallpaper, region=pt-BR, local time is 2026-01-22 13:26:07.402327-03:00
[16:26:07] Successful get url: https://www.bing.com/th?id=OHR.KarlovyVary_PT-BR9942350940_UHD.jpg
[16:26:07] Picture infomations saved to  global/pt-BR/README.md
[16:26:07] Picture infomations saved to global/pt-BR/history/2026/01/23_pt-BR.md
[16:26:07] Start geting global Bing Wallpaper, region=fr-FR, local time is 2026-01-22 17:26:07.607192+01:00
[16:26:07] Successful get url: https://www.bing.com/th?id=OHR.KarlovyVary_FR-FR4051423733_UHD.jpg
[16:26:07] Picture infomations saved to  global/fr-FR/README.md
[16:26:07] Picture infomations saved to global/fr-FR/history/2026/01/22_fr-FR.md
[16:26:07] Start geting global Bing Wallpaper, region=de-DE, local time is 2026-01-22 17:26:07.766805+01:00
[16:26:07] Successful get url: https://www.bing.com/th?id=OHR.Mimramfootbridge_DE-DE7428215729_UHD.jpg
[16:26:07] Picture infomations saved to  global/de-DE/README.md
[16:26:07] Picture infomations saved to global/de-DE/history/2026/01/22_de-DE.md
[16:26:07] Start geting global Bing Wallpaper, region=en-CA, local time is 2026-01-22 11:26:07.934048-05:00
[16:26:07] Successful get url: https://www.bing.com/th?id=OHR.KarlovyVary_EN-CA8625581136_UHD.jpg
[16:26:08] Picture infomations saved to  global/en-CA/README.md
[16:26:08] Picture infomations saved to global/en-CA/history/2026/01/23_en-CA.md
[16:26:08] Start geting global Bing Wallpaper, region=en-GB, local time is 2026-01-22 16:26:08.080523+00:00
[16:26:08] Successful get url: https://www.bing.com/th?id=OHR.KarlovyVary_EN-GB6157843860_UHD.jpg
[16:26:08] Picture infomations saved to  global/en-GB/README.md
[16:26:08] Picture infomations saved to global/en-GB/history/2026/01/23_en-GB.md
[16:26:08] Start geting global Bing Wallpaper, region=it-IT, local time is 2026-01-22 17:26:08.218351+01:00
[16:26:08] Successful get url: https://www.bing.com/th?id=OHR.KarlovyVary_IT-IT4150505640_UHD.jpg
[16:26:08] Picture infomations saved to  global/it-IT/README.md
[16:26:08] Picture infomations saved to global/it-IT/history/2026/01/22_it-IT.md
[16:26:08] Start geting global Bing Wallpaper, region=es-ES, local time is 2026-01-22 17:26:08.352298+01:00
[16:26:08] Successful get url: https://www.bing.com/th?id=OHR.KarlovyVary_ES-ES6866349820_UHD.jpg
[16:26:08] Picture infomations saved to  global/es-ES/README.md
[16:26:08] Picture infomations saved to global/es-ES/history/2026/01/22_es-ES.md
[16:26:08] Start geting global Bing Wallpaper, region=fr-CA, local time is 2026-01-22 11:26:08.483648-05:00
[16:26:08] Successful get url: https://www.bing.com/th?id=OHR.KarlovyVary_FR-CA1267212524_UHD.jpg
[16:26:08] Picture infomations saved to  global/fr-CA/README.md
[16:26:08] Picture infomations saved to global/fr-CA/history/2026/01/23_fr-CA.md
Program exit at 16:26:08
