
Program started at 09:47:51
Operating System Name: Linux
Operating System Version: #18~24.04.1-Ubuntu SMP Sat Jun 28 04:46:03 UTC 2025
System Architecture: ('64bit', 'ELF')
Computer Type: x86_64
Computer Name: runnervmymu0l
Processor Type: x86_64
Python Version: 3.12.12
Python Interpreter Name: CPython
[09:47:51] Start geting CN Bing Wallpaper
[09:47:51] Successful get url: https://www.bing.com/th?id=OHR.NeuschwansteinWinter_ZH-CN4972014681_UHD.jpg
[09:47:51] Image saved to img/background.jpg
[09:47:51] Info saved to README.md
[09:47:51] Image saved to history/2026/01/26.md
[09:47:51] Start geting global Bing Wallpaper, region=en-US, local time is 2026-01-26 04:47:51.671168-05:00
[09:47:51] Successful get url: https://www.bing.com/th?id=OHR.NeuschwansteinWinter_EN-US9407713688_UHD.jpg
[09:47:51] Picture infomations saved to  global/en-US/README.md
[09:47:51] Picture infomations saved to global/en-US/history/2026/01/27_en-US.md
[09:47:51] Start geting global Bing Wallpaper, region=ja-JP, local time is 2026-01-26 18:47:51.794964+09:00
[09:47:51] Successful get url: https://www.bing.com/th?id=OHR.BubblesAbraham_JA-JP9895459899_UHD.jpg
[09:47:51] Picture infomations saved to  global/ja-JP/README.md
[09:47:51] Picture infomations saved to global/ja-JP/history/2026/01/26_ja-JP.md
[09:47:51] Start geting global Bing Wallpaper, region=en-IN, local time is 2026-01-26 15:17:51.920106+05:30
[09:47:51] Successful get url: https://www.bing.com/th?id=OHR.RepublicDay2026_EN-IN4289196268_UHD.jpg
[09:47:52] Picture infomations saved to  global/en-IN/README.md
[09:47:52] Picture infomations saved to global/en-IN/history/2026/01/26_en-IN.md
[09:47:52] Start geting global Bing Wallpaper, region=pt-BR, local time is 2026-01-26 06:47:52.053670-03:00
[09:47:52] Successful get url: https://www.bing.com/th?id=OHR.NeuschwansteinWinter_PT-BR5083137761_UHD.jpg
[09:47:52] Picture infomations saved to  global/pt-BR/README.md
[09:47:52] Picture infomations saved to global/pt-BR/history/2026/01/27_pt-BR.md
[09:47:52] Start geting global Bing Wallpaper, region=fr-FR, local time is 2026-01-26 10:47:52.172112+01:00
[09:47:52] Successful get url: https://www.bing.com/th?id=OHR.BluetitWinter_FR-FR1512662576_UHD.jpg
[09:47:52] Picture infomations saved to  global/fr-FR/README.md
[09:47:52] Picture infomations saved to global/fr-FR/history/2026/01/26_fr-FR.md
[09:47:52] Start geting global Bing Wallpaper, region=de-DE, local time is 2026-01-26 10:47:52.285632+01:00
[09:47:52] Successful get url: https://www.bing.com/th?id=OHR.NeuschwansteinWinter_DE-DE8806606737_UHD.jpg
[09:47:52] Picture infomations saved to  global/de-DE/README.md
[09:47:52] Picture infomations saved to global/de-DE/history/2026/01/26_de-DE.md
[09:47:52] Start geting global Bing Wallpaper, region=en-CA, local time is 2026-01-26 04:47:52.384363-05:00
[09:47:52] Successful get url: https://www.bing.com/th?id=OHR.NeuschwansteinWinter_EN-CA1052818090_UHD.jpg
[09:47:52] Picture infomations saved to  global/en-CA/README.md
[09:47:52] Picture infomations saved to global/en-CA/history/2026/01/27_en-CA.md
[09:47:52] Start geting global Bing Wallpaper, region=en-GB, local time is 2026-01-26 09:47:52.492495+00:00
[09:47:52] Successful get url: https://www.bing.com/th?id=OHR.NeuschwansteinWinter_EN-GB1190000361_UHD.jpg
[09:47:52] Picture infomations saved to  global/en-GB/README.md
[09:47:52] Picture infomations saved to global/en-GB/history/2026/01/27_en-GB.md
[09:47:52] Start geting global Bing Wallpaper, region=it-IT, local time is 2026-01-26 10:47:52.606910+01:00
[09:47:52] Successful get url: https://www.bing.com/th?id=OHR.NeuschwansteinWinter_IT-IT3784687959_UHD.jpg
[09:47:52] Picture infomations saved to  global/it-IT/README.md
[09:47:52] Picture infomations saved to global/it-IT/history/2026/01/26_it-IT.md
[09:47:52] Start geting global Bing Wallpaper, region=es-ES, local time is 2026-01-26 10:47:52.754069+01:00
[09:47:52] Successful get url: https://www.bing.com/th?id=OHR.Navarra_ES-ES9772390059_UHD.jpg
[09:47:52] Picture infomations saved to  global/es-ES/README.md
[09:47:52] Picture infomations saved to global/es-ES/history/2026/01/26_es-ES.md
[09:47:52] Start geting global Bing Wallpaper, region=fr-CA, local time is 2026-01-26 04:47:52.865858-05:00
[09:47:52] Successful get url: https://www.bing.com/th?id=OHR.NeuschwansteinWinter_FR-CA3834454051_UHD.jpg
[09:47:52] Picture infomations saved to  global/fr-CA/README.md
[09:47:52] Picture infomations saved to global/fr-CA/history/2026/01/27_fr-CA.md
Program exit at 09:47:52
