
Program started at 09:40:36
Operating System Name: Linux
Operating System Version: #18~24.04.1-Ubuntu SMP Sat Jun 28 04:46:03 UTC 2025
System Architecture: ('64bit', 'ELF')
Computer Type: x86_64
Computer Name: runnervmi13qx
Processor Type: x86_64
Python Version: 3.12.12
Python Interpreter Name: CPython
[09:40:36] Start geting CN Bing Wallpaper
[09:40:36] Successful get url: https://www.bing.com/th?id=OHR.StarlingBrighton2025_ZH-CN2775446092_UHD.jpg
[09:40:36] Image saved to img/background.jpg
[09:40:36] Info saved to README.md
[09:40:36] Image saved to history/2026/01/08.md
[09:40:36] Start geting global Bing Wallpaper, region=en-US, local time is 2026-01-08 04:40:36.915254-05:00
[09:40:36] Successful get url: https://www.bing.com/th?id=OHR.StarlingBrighton2025_EN-US6998438769_UHD.jpg
[09:40:37] Picture infomations saved to  global/en-US/README.md
[09:40:37] Picture infomations saved to global/en-US/history/2026/01/09_en-US.md
[09:40:37] Start geting global Bing Wallpaper, region=ja-JP, local time is 2026-01-08 18:40:37.057545+09:00
[09:40:37] Successful get url: https://www.bing.com/th?id=OHR.StarlingBrighton2025_JA-JP6092282753_UHD.jpg
[09:40:37] Picture infomations saved to  global/ja-JP/README.md
[09:40:37] Picture infomations saved to global/ja-JP/history/2026/01/08_ja-JP.md
[09:40:37] Start geting global Bing Wallpaper, region=en-IN, local time is 2026-01-08 15:10:37.209479+05:30
[09:40:37] Successful get url: https://www.bing.com/th?id=OHR.StarlingBrighton2025_EN-IN2955715491_UHD.jpg
[09:40:37] Picture infomations saved to  global/en-IN/README.md
[09:40:37] Picture infomations saved to global/en-IN/history/2026/01/08_en-IN.md
[09:40:37] Start geting global Bing Wallpaper, region=pt-BR, local time is 2026-01-08 06:40:37.337607-03:00
[09:40:37] Successful get url: https://www.bing.com/th?id=OHR.StarlingBrighton2025_PT-BR8948857815_UHD.jpg
[09:40:37] Picture infomations saved to  global/pt-BR/README.md
[09:40:37] Picture infomations saved to global/pt-BR/history/2026/01/09_pt-BR.md
[09:40:37] Start geting global Bing Wallpaper, region=fr-FR, local time is 2026-01-08 10:40:37.457323+01:00
[09:40:37] Successful get url: https://www.bing.com/th?id=OHR.StarlingBrighton2025_FR-FR5924794368_UHD.jpg
[09:40:37] Picture infomations saved to  global/fr-FR/README.md
[09:40:37] Picture infomations saved to global/fr-FR/history/2026/01/08_fr-FR.md
[09:40:37] Start geting global Bing Wallpaper, region=de-DE, local time is 2026-01-08 10:40:37.590912+01:00
[09:40:37] Successful get url: https://www.bing.com/th?id=OHR.StarlingBrighton2025_DE-DE1125578660_UHD.jpg
[09:40:37] Picture infomations saved to  global/de-DE/README.md
[09:40:37] Picture infomations saved to global/de-DE/history/2026/01/08_de-DE.md
[09:40:37] Start geting global Bing Wallpaper, region=en-CA, local time is 2026-01-08 04:40:37.732189-05:00
[09:40:37] Successful get url: https://www.bing.com/th?id=OHR.StarlingBrighton2025_EN-CA0074131594_UHD.jpg
[09:40:37] Picture infomations saved to  global/en-CA/README.md
[09:40:37] Picture infomations saved to global/en-CA/history/2026/01/09_en-CA.md
[09:40:37] Start geting global Bing Wallpaper, region=en-GB, local time is 2026-01-08 09:40:37.846292+00:00
[09:40:37] Successful get url: https://www.bing.com/th?id=OHR.TuftedTitmouse_EN-GB7363670202_UHD.jpg
[09:40:37] Picture infomations saved to  global/en-GB/README.md
[09:40:37] Picture infomations saved to global/en-GB/history/2026/01/09_en-GB.md
[09:40:37] Start geting global Bing Wallpaper, region=it-IT, local time is 2026-01-08 10:40:37.977735+01:00
[09:40:38] Successful get url: https://www.bing.com/th?id=OHR.StarlingBrighton2025_IT-IT4386633806_UHD.jpg
[09:40:38] Picture infomations saved to  global/it-IT/README.md
[09:40:38] Picture infomations saved to global/it-IT/history/2026/01/08_it-IT.md
[09:40:38] Start geting global Bing Wallpaper, region=es-ES, local time is 2026-01-08 10:40:38.105824+01:00
[09:40:38] Successful get url: https://www.bing.com/th?id=OHR.StarlingBrighton2025_ES-ES4605556261_UHD.jpg
[09:40:38] Picture infomations saved to  global/es-ES/README.md
[09:40:38] Picture infomations saved to global/es-ES/history/2026/01/08_es-ES.md
[09:40:38] Start geting global Bing Wallpaper, region=fr-CA, local time is 2026-01-08 04:40:38.228610-05:00
[09:40:38] Successful get url: https://www.bing.com/th?id=OHR.StarlingBrighton2025_FR-CA9592975431_UHD.jpg
[09:40:38] Picture infomations saved to  global/fr-CA/README.md
[09:40:38] Picture infomations saved to global/fr-CA/history/2026/01/09_fr-CA.md
Program exit at 09:40:38

Program started at 16:21:10
Operating System Name: Linux
Operating System Version: #18~24.04.1-Ubuntu SMP Sat Jun 28 04:46:03 UTC 2025
System Architecture: ('64bit', 'ELF')
Computer Type: x86_64
Computer Name: runnervmh13bl
Processor Type: x86_64
Python Version: 3.12.12
Python Interpreter Name: CPython
[16:21:10] Start geting CN Bing Wallpaper
[16:21:10] Successful get url: https://www.bing.com/th?id=OHR.MuirWoodsMonument_ZH-CN2985538001_UHD.jpg
[16:21:10] Image saved to img/background.jpg
[16:21:10] Info saved to README.md
[16:21:10] Image saved to history/2026/01/09.md
[16:21:10] Start geting global Bing Wallpaper, region=en-US, local time is 2026-01-08 11:21:10.805157-05:00
[16:21:10] Successful get url: https://www.bing.com/th?id=OHR.StarlingBrighton2025_EN-US6998438769_UHD.jpg
[16:21:10] Picture infomations saved to  global/en-US/README.md
[16:21:10] Picture infomations saved to global/en-US/history/2026/01/09_en-US.md
[16:21:10] Start geting global Bing Wallpaper, region=ja-JP, local time is 2026-01-09 01:21:10.927220+09:00
[16:21:10] Successful get url: https://www.bing.com/th?id=OHR.MuirWoodsMonument_JA-JP8497438583_UHD.jpg
[16:21:11] Picture infomations saved to  global/ja-JP/README.md
[16:21:11] Picture infomations saved to global/ja-JP/history/2026/01/09_ja-JP.md
[16:21:11] Start geting global Bing Wallpaper, region=en-IN, local time is 2026-01-08 21:51:11.070358+05:30
[16:21:11] Successful get url: https://www.bing.com/th?id=OHR.StarlingBrighton2025_EN-IN2955715491_UHD.jpg
[16:21:11] Picture infomations saved to  global/en-IN/README.md
[16:21:11] Picture infomations saved to global/en-IN/history/2026/01/08_en-IN.md
[16:21:11] Start geting global Bing Wallpaper, region=pt-BR, local time is 2026-01-08 13:21:11.184545-03:00
[16:21:11] Successful get url: https://www.bing.com/th?id=OHR.StarlingBrighton2025_PT-BR8948857815_UHD.jpg
[16:21:11] Picture infomations saved to  global/pt-BR/README.md
[16:21:11] Picture infomations saved to global/pt-BR/history/2026/01/09_pt-BR.md
[16:21:11] Start geting global Bing Wallpaper, region=fr-FR, local time is 2026-01-08 17:21:11.371400+01:00
[16:21:11] Successful get url: https://www.bing.com/th?id=OHR.StarlingBrighton2025_FR-FR5924794368_UHD.jpg
[16:21:11] Picture infomations saved to  global/fr-FR/README.md
[16:21:11] Picture infomations saved to global/fr-FR/history/2026/01/08_fr-FR.md
[16:21:11] Start geting global Bing Wallpaper, region=de-DE, local time is 2026-01-08 17:21:11.500872+01:00
[16:21:11] Successful get url: https://www.bing.com/th?id=OHR.StarlingBrighton2025_DE-DE1125578660_UHD.jpg
[16:21:11] Picture infomations saved to  global/de-DE/README.md
[16:21:11] Picture infomations saved to global/de-DE/history/2026/01/08_de-DE.md
[16:21:11] Start geting global Bing Wallpaper, region=en-CA, local time is 2026-01-08 11:21:11.632944-05:00
[16:21:11] Successful get url: https://www.bing.com/th?id=OHR.StarlingBrighton2025_EN-CA7438825716_UHD.jpg
[16:21:11] Picture infomations saved to  global/en-CA/README.md
[16:21:11] Picture infomations saved to global/en-CA/history/2026/01/09_en-CA.md
[16:21:11] Start geting global Bing Wallpaper, region=en-GB, local time is 2026-01-08 16:21:11.823025+00:00
[16:21:11] Successful get url: https://www.bing.com/th?id=OHR.TuftedTitmouse_EN-GB7363670202_UHD.jpg
[16:21:11] Picture infomations saved to  global/en-GB/README.md
[16:21:11] Picture infomations saved to global/en-GB/history/2026/01/09_en-GB.md
[16:21:11] Start geting global Bing Wallpaper, region=it-IT, local time is 2026-01-08 17:21:11.957555+01:00
[16:21:12] Successful get url: https://www.bing.com/th?id=OHR.StarlingBrighton2025_IT-IT4386633806_UHD.jpg
[16:21:12] Picture infomations saved to  global/it-IT/README.md
[16:21:12] Picture infomations saved to global/it-IT/history/2026/01/08_it-IT.md
[16:21:12] Start geting global Bing Wallpaper, region=es-ES, local time is 2026-01-08 17:21:12.081113+01:00
[16:21:12] Successful get url: https://www.bing.com/th?id=OHR.StarlingBrighton2025_ES-ES4605556261_UHD.jpg
[16:21:12] Picture infomations saved to  global/es-ES/README.md
[16:21:12] Picture infomations saved to global/es-ES/history/2026/01/08_es-ES.md
[16:21:12] Start geting global Bing Wallpaper, region=fr-CA, local time is 2026-01-08 11:21:12.277041-05:00
[16:21:12] Successful get url: https://www.bing.com/th?id=OHR.StarlingBrighton2025_FR-CA9592975431_UHD.jpg
[16:21:12] Picture infomations saved to  global/fr-CA/README.md
[16:21:12] Picture infomations saved to global/fr-CA/history/2026/01/09_fr-CA.md
Program exit at 16:21:12
