
Program started at 09:31:21
Operating System Name: Linux
Operating System Version: #18~24.04.1-Ubuntu SMP Sat Jun 28 04:46:03 UTC 2025
System Architecture: ('64bit', 'ELF')
Computer Type: x86_64
Computer Name: runnervmi13qx
Processor Type: x86_64
Python Version: 3.12.12
Python Interpreter Name: CPython
[09:31:21] Start geting CN Bing Wallpaper
[09:31:21] Successful get url: https://www.bing.com/th?id=OHR.MatterhornSunrise_ZH-CN3171879631_UHD.jpg
[09:31:21] Image saved to img/background.jpg
[09:31:21] Info saved to README.md
[09:31:21] Image saved to history/2026/01/10.md
[09:31:21] Start geting global Bing Wallpaper, region=en-US, local time is 2026-01-10 04:31:21.275563-05:00
[09:31:21] Successful get url: https://www.bing.com/th?id=OHR.MatterhornSunrise_EN-US9978097106_UHD.jpg
[09:31:21] Picture infomations saved to  global/en-US/README.md
[09:31:21] Picture infomations saved to global/en-US/history/2026/01/11_en-US.md
[09:31:21] Start geting global Bing Wallpaper, region=ja-JP, local time is 2026-01-10 18:31:21.477661+09:00
[09:31:21] Successful get url: https://www.bing.com/th?id=OHR.MatterhornSunrise_JA-JP8773317185_UHD.jpg
[09:31:21] Picture infomations saved to  global/ja-JP/README.md
[09:31:21] Picture infomations saved to global/ja-JP/history/2026/01/10_ja-JP.md
[09:31:21] Start geting global Bing Wallpaper, region=en-IN, local time is 2026-01-10 15:01:21.678968+05:30
[09:31:21] Successful get url: https://www.bing.com/th?id=OHR.MatterhornSunrise_EN-IN8628292064_UHD.jpg
[09:31:21] Picture infomations saved to  global/en-IN/README.md
[09:31:21] Picture infomations saved to global/en-IN/history/2026/01/10_en-IN.md
[09:31:21] Start geting global Bing Wallpaper, region=pt-BR, local time is 2026-01-10 06:31:21.802135-03:00
[09:31:21] Successful get url: https://www.bing.com/th?id=OHR.MatterhornSunrise_PT-BR3935856361_UHD.jpg
[09:31:21] Picture infomations saved to  global/pt-BR/README.md
[09:31:21] Picture infomations saved to global/pt-BR/history/2026/01/11_pt-BR.md
[09:31:21] Start geting global Bing Wallpaper, region=fr-FR, local time is 2026-01-10 10:31:21.979007+01:00
[09:31:22] Successful get url: https://www.bing.com/th?id=OHR.MatterhornSunrise_FR-FR4667476850_UHD.jpg
[09:31:22] Picture infomations saved to  global/fr-FR/README.md
[09:31:22] Picture infomations saved to global/fr-FR/history/2026/01/10_fr-FR.md
[09:31:22] Start geting global Bing Wallpaper, region=de-DE, local time is 2026-01-10 10:31:22.091041+01:00
[09:31:22] Successful get url: https://www.bing.com/th?id=OHR.MatterhornSunrise_DE-DE7583590264_UHD.jpg
[09:31:22] Picture infomations saved to  global/de-DE/README.md
[09:31:22] Picture infomations saved to global/de-DE/history/2026/01/10_de-DE.md
[09:31:22] Start geting global Bing Wallpaper, region=en-CA, local time is 2026-01-10 04:31:22.245652-05:00
[09:31:22] Successful get url: https://www.bing.com/th?id=OHR.MatterhornSunrise_EN-CA0041343667_UHD.jpg
[09:31:22] Picture infomations saved to  global/en-CA/README.md
[09:31:22] Picture infomations saved to global/en-CA/history/2026/01/11_en-CA.md
[09:31:22] Start geting global Bing Wallpaper, region=en-GB, local time is 2026-01-10 09:31:22.349593+00:00
[09:31:22] Successful get url: https://www.bing.com/th?id=OHR.MatterhornSunrise_EN-GB1417688844_UHD.jpg
[09:31:22] Picture infomations saved to  global/en-GB/README.md
[09:31:22] Picture infomations saved to global/en-GB/history/2026/01/11_en-GB.md
[09:31:22] Start geting global Bing Wallpaper, region=it-IT, local time is 2026-01-10 10:31:22.889595+01:00
[09:31:22] Successful get url: https://www.bing.com/th?id=OHR.MatterhornSunrise_IT-IT0909125260_UHD.jpg
[09:31:23] Picture infomations saved to  global/it-IT/README.md
[09:31:23] Picture infomations saved to global/it-IT/history/2026/01/10_it-IT.md
[09:31:23] Start geting global Bing Wallpaper, region=es-ES, local time is 2026-01-10 10:31:23.150869+01:00
[09:31:23] Successful get url: https://www.bing.com/th?id=OHR.MatterhornSunrise_ES-ES4973515891_UHD.jpg
[09:31:23] Picture infomations saved to  global/es-ES/README.md
[09:31:23] Picture infomations saved to global/es-ES/history/2026/01/10_es-ES.md
[09:31:23] Start geting global Bing Wallpaper, region=fr-CA, local time is 2026-01-10 04:31:23.271655-05:00
[09:31:23] Successful get url: https://www.bing.com/th?id=OHR.MatterhornSunrise_FR-CA6860129281_UHD.jpg
[09:31:23] Picture infomations saved to  global/fr-CA/README.md
[09:31:23] Picture infomations saved to global/fr-CA/history/2026/01/11_fr-CA.md
Program exit at 09:31:23
