
Program started at 09:46:01
Operating System Name: Linux
Operating System Version: #18~24.04.1-Ubuntu SMP Sat Jun 28 04:46:03 UTC 2025
System Architecture: ('64bit', 'ELF')
Computer Type: x86_64
Computer Name: runnervmh13bl
Processor Type: x86_64
Python Version: 3.12.12
Python Interpreter Name: CPython
[09:46:01] Start geting CN Bing Wallpaper
[09:46:01] Successful get url: https://www.bing.com/th?id=OHR.ImpalaRooibok_ZH-CN2307890154_UHD.jpg
[09:46:01] Image saved to img/background.jpg
[09:46:01] Info saved to README.md
[09:46:01] Image saved to history/2026/01/05.md
[09:46:01] Start geting global Bing Wallpaper, region=en-US, local time is 2026-01-05 04:46:01.658073-05:00
[09:46:01] Successful get url: https://www.bing.com/th?id=OHR.ImpalaRooibok_EN-US6797453661_UHD.jpg
[09:46:01] Picture infomations saved to  global/en-US/README.md
[09:46:01] Picture infomations saved to global/en-US/history/2026/01/06_en-US.md
[09:46:01] Start geting global Bing Wallpaper, region=ja-JP, local time is 2026-01-05 18:46:01.792881+09:00
[09:46:01] Successful get url: https://www.bing.com/th?id=OHR.ImpalaRooibok_JA-JP8577579873_UHD.jpg
[09:46:01] Picture infomations saved to  global/ja-JP/README.md
[09:46:01] Picture infomations saved to global/ja-JP/history/2026/01/05_ja-JP.md
[09:46:01] Start geting global Bing Wallpaper, region=en-IN, local time is 2026-01-05 15:16:01.915021+05:30
[09:46:01] Successful get url: https://www.bing.com/th?id=OHR.ImpalaRooibok_EN-IN2071803879_UHD.jpg
[09:46:02] Picture infomations saved to  global/en-IN/README.md
[09:46:02] Picture infomations saved to global/en-IN/history/2026/01/05_en-IN.md
[09:46:02] Start geting global Bing Wallpaper, region=pt-BR, local time is 2026-01-05 06:46:02.040080-03:00
[09:46:02] Successful get url: https://www.bing.com/th?id=OHR.ImpalaRooibok_PT-BR9661107144_UHD.jpg
[09:46:02] Picture infomations saved to  global/pt-BR/README.md
[09:46:02] Picture infomations saved to global/pt-BR/history/2026/01/06_pt-BR.md
[09:46:02] Start geting global Bing Wallpaper, region=fr-FR, local time is 2026-01-05 10:46:02.183543+01:00
[09:46:02] Successful get url: https://www.bing.com/th?id=OHR.ImpalaRooibok_FR-FR4421344601_UHD.jpg
[09:46:02] Picture infomations saved to  global/fr-FR/README.md
[09:46:02] Picture infomations saved to global/fr-FR/history/2026/01/05_fr-FR.md
[09:46:02] Start geting global Bing Wallpaper, region=de-DE, local time is 2026-01-05 10:46:02.299838+01:00
[09:46:02] Successful get url: https://www.bing.com/th?id=OHR.ImpalaRooibok_DE-DE9831044106_UHD.jpg
[09:46:02] Picture infomations saved to  global/de-DE/README.md
[09:46:02] Picture infomations saved to global/de-DE/history/2026/01/05_de-DE.md
[09:46:02] Start geting global Bing Wallpaper, region=en-CA, local time is 2026-01-05 04:46:02.439053-05:00
[09:46:02] Successful get url: https://www.bing.com/th?id=OHR.ImpalaRooibok_EN-CA4394396103_UHD.jpg
[09:46:02] Picture infomations saved to  global/en-CA/README.md
[09:46:02] Picture infomations saved to global/en-CA/history/2026/01/06_en-CA.md
[09:46:02] Start geting global Bing Wallpaper, region=en-GB, local time is 2026-01-05 09:46:02.557047+00:00
[09:46:02] Successful get url: https://www.bing.com/th?id=OHR.ImpalaRooibok_EN-GB6756876287_UHD.jpg
[09:46:02] Picture infomations saved to  global/en-GB/README.md
[09:46:02] Picture infomations saved to global/en-GB/history/2026/01/06_en-GB.md
[09:46:02] Start geting global Bing Wallpaper, region=it-IT, local time is 2026-01-05 10:46:02.745213+01:00
[09:46:02] Successful get url: https://www.bing.com/th?id=OHR.NuukGreenland_IT-IT0748358151_UHD.jpg
[09:46:02] Picture infomations saved to  global/it-IT/README.md
[09:46:02] Picture infomations saved to global/it-IT/history/2026/01/05_it-IT.md
[09:46:02] Start geting global Bing Wallpaper, region=es-ES, local time is 2026-01-05 10:46:02.971931+01:00
[09:46:03] Successful get url: https://www.bing.com/th?id=OHR.ImpalaRooibok_ES-ES2728272877_UHD.jpg
[09:46:03] Picture infomations saved to  global/es-ES/README.md
[09:46:03] Picture infomations saved to global/es-ES/history/2026/01/05_es-ES.md
[09:46:03] Start geting global Bing Wallpaper, region=fr-CA, local time is 2026-01-05 04:46:03.437266-05:00
[09:46:03] Successful get url: https://www.bing.com/th?id=OHR.ImpalaRooibok_FR-CA8935585663_UHD.jpg
[09:46:03] Picture infomations saved to  global/fr-CA/README.md
[09:46:03] Picture infomations saved to global/fr-CA/history/2026/01/06_fr-CA.md
Program exit at 09:46:03
