
Program started at 09:41:16
Operating System Name: Linux
Operating System Version: #18~24.04.1-Ubuntu SMP Sat Jun 28 04:46:03 UTC 2025
System Architecture: ('64bit', 'ELF')
Computer Type: x86_64
Computer Name: runnervmkj6or
Processor Type: x86_64
Python Version: 3.12.12
Python Interpreter Name: CPython
[09:41:16] Start geting CN Bing Wallpaper
[09:41:16] Successful get url: https://www.bing.com/th?id=OHR.EtoshaZebra_ZH-CN6068087794_UHD.jpg
[09:41:16] Image saved to img/background.jpg
[09:41:16] Info saved to README.md
[09:41:16] Image saved to history/2026/01/31.md
[09:41:16] Start geting global Bing Wallpaper, region=en-US, local time is 2026-01-31 04:41:16.198979-05:00
[09:41:16] Successful get url: https://www.bing.com/th?id=OHR.EtoshaZebra_EN-US0091145236_UHD.jpg
[09:41:16] Picture infomations saved to  global/en-US/README.md
[09:41:16] Picture infomations saved to global/en-US/history/2026/02/01_en-US.md
[09:41:16] Start geting global Bing Wallpaper, region=ja-JP, local time is 2026-01-31 18:41:16.333923+09:00
[09:41:16] Successful get url: https://www.bing.com/th?id=OHR.IceFestival2026_JA-JP1189462193_UHD.jpg
[09:41:16] Picture infomations saved to  global/ja-JP/README.md
[09:41:16] Picture infomations saved to global/ja-JP/history/2026/01/31_ja-JP.md
[09:41:16] Start geting global Bing Wallpaper, region=en-IN, local time is 2026-01-31 15:11:16.468463+05:30
[09:41:16] Successful get url: https://www.bing.com/th?id=OHR.EtoshaZebra_EN-IN0719032604_UHD.jpg
[09:41:16] Picture infomations saved to  global/en-IN/README.md
[09:41:16] Picture infomations saved to global/en-IN/history/2026/01/31_en-IN.md
[09:41:16] Start geting global Bing Wallpaper, region=pt-BR, local time is 2026-01-31 06:41:16.597482-03:00
[09:41:16] Successful get url: https://www.bing.com/th?id=OHR.EtoshaZebra_PT-BR9612132259_UHD.jpg
[09:41:16] Picture infomations saved to  global/pt-BR/README.md
[09:41:16] Picture infomations saved to global/pt-BR/history/2026/02/01_pt-BR.md
[09:41:16] Start geting global Bing Wallpaper, region=fr-FR, local time is 2026-01-31 10:41:16.727383+01:00
[09:41:16] Successful get url: https://www.bing.com/th?id=OHR.EtoshaZebra_FR-FR8636454138_UHD.jpg
[09:41:16] Picture infomations saved to  global/fr-FR/README.md
[09:41:16] Picture infomations saved to global/fr-FR/history/2026/01/31_fr-FR.md
[09:41:16] Start geting global Bing Wallpaper, region=de-DE, local time is 2026-01-31 10:41:16.931471+01:00
[09:41:16] Successful get url: https://www.bing.com/th?id=OHR.EtoshaZebra_DE-DE4542235434_UHD.jpg
[09:41:17] Picture infomations saved to  global/de-DE/README.md
[09:41:17] Picture infomations saved to global/de-DE/history/2026/01/31_de-DE.md
[09:41:17] Start geting global Bing Wallpaper, region=en-CA, local time is 2026-01-31 04:41:17.074634-05:00
[09:41:17] Successful get url: https://www.bing.com/th?id=OHR.EtoshaZebra_EN-CA5067971826_UHD.jpg
[09:41:17] Picture infomations saved to  global/en-CA/README.md
[09:41:17] Picture infomations saved to global/en-CA/history/2026/02/01_en-CA.md
[09:41:17] Start geting global Bing Wallpaper, region=en-GB, local time is 2026-01-31 09:41:17.206967+00:00
[09:41:17] Successful get url: https://www.bing.com/th?id=OHR.EtoshaZebra_EN-GB2928302935_UHD.jpg
[09:41:17] Picture infomations saved to  global/en-GB/README.md
[09:41:17] Picture infomations saved to global/en-GB/history/2026/02/01_en-GB.md
[09:41:17] Start geting global Bing Wallpaper, region=it-IT, local time is 2026-01-31 10:41:17.330324+01:00
[09:41:17] Successful get url: https://www.bing.com/th?id=OHR.EtoshaZebra_IT-IT4234811619_UHD.jpg
[09:41:17] Picture infomations saved to  global/it-IT/README.md
[09:41:17] Picture infomations saved to global/it-IT/history/2026/01/31_it-IT.md
[09:41:17] Start geting global Bing Wallpaper, region=es-ES, local time is 2026-01-31 10:41:17.462081+01:00
[09:41:17] Successful get url: https://www.bing.com/th?id=OHR.EtoshaZebra_ES-ES3051919725_UHD.jpg
[09:41:17] Picture infomations saved to  global/es-ES/README.md
[09:41:17] Picture infomations saved to global/es-ES/history/2026/01/31_es-ES.md
[09:41:17] Start geting global Bing Wallpaper, region=fr-CA, local time is 2026-01-31 04:41:17.589331-05:00
[09:41:17] Successful get url: https://www.bing.com/th?id=OHR.EtoshaZebra_FR-CA0133466363_UHD.jpg
[09:41:17] Picture infomations saved to  global/fr-CA/README.md
[09:41:17] Picture infomations saved to global/fr-CA/history/2026/02/01_fr-CA.md
Program exit at 09:41:17
