
Program started at 09:53:55
Operating System Name: Linux
Operating System Version: #18~24.04.1-Ubuntu SMP Sat Jun 28 04:46:03 UTC 2025
System Architecture: ('64bit', 'ELF')
Computer Type: x86_64
Computer Name: runnervmkj6or
Processor Type: x86_64
Python Version: 3.12.12
Python Interpreter Name: CPython
[09:53:55] Start geting CN Bing Wallpaper
[09:53:55] Successful get url: https://www.bing.com/th?id=OHR.StMichaelsCornwall_ZH-CN5878042411_UHD.jpg
[09:53:55] Image saved to img/background.jpg
[09:53:55] Info saved to README.md
[09:53:55] Image saved to history/2026/01/30.md
[09:53:55] Start geting global Bing Wallpaper, region=en-US, local time is 2026-01-30 04:53:55.758295-05:00
[09:53:55] Successful get url: https://www.bing.com/th?id=OHR.StMichaelsCornwall_EN-US0036057583_UHD.jpg
[09:53:55] Picture infomations saved to  global/en-US/README.md
[09:53:55] Picture infomations saved to global/en-US/history/2026/01/31_en-US.md
[09:53:55] Start geting global Bing Wallpaper, region=ja-JP, local time is 2026-01-30 18:53:55.985300+09:00
[09:53:56] Successful get url: https://www.bing.com/th?id=OHR.StMichaelsCornwall_JA-JP9057356830_UHD.jpg
[09:53:56] Picture infomations saved to  global/ja-JP/README.md
[09:53:56] Picture infomations saved to global/ja-JP/history/2026/01/30_ja-JP.md
[09:53:56] Start geting global Bing Wallpaper, region=en-IN, local time is 2026-01-30 15:23:56.211995+05:30
[09:53:56] Successful get url: https://www.bing.com/th?id=OHR.StMichaelsCornwall_EN-IN0431194953_UHD.jpg
[09:53:56] Picture infomations saved to  global/en-IN/README.md
[09:53:56] Picture infomations saved to global/en-IN/history/2026/01/30_en-IN.md
[09:53:56] Start geting global Bing Wallpaper, region=pt-BR, local time is 2026-01-30 06:53:56.467511-03:00
[09:53:56] Successful get url: https://www.bing.com/th?id=OHR.StMichaelsCornwall_PT-BR8735847757_UHD.jpg
[09:53:56] Picture infomations saved to  global/pt-BR/README.md
[09:53:56] Picture infomations saved to global/pt-BR/history/2026/01/31_pt-BR.md
[09:53:56] Start geting global Bing Wallpaper, region=fr-FR, local time is 2026-01-30 10:53:56.705980+01:00
[09:53:56] Successful get url: https://www.bing.com/th?id=OHR.StMichaelsCornwall_FR-FR8333014700_UHD.jpg
[09:53:56] Picture infomations saved to  global/fr-FR/README.md
[09:53:56] Picture infomations saved to global/fr-FR/history/2026/01/30_fr-FR.md
[09:53:56] Start geting global Bing Wallpaper, region=de-DE, local time is 2026-01-30 10:53:56.946122+01:00
[09:53:57] Successful get url: https://www.bing.com/th?id=OHR.StMichaelsCornwall_DE-DE4570450459_UHD.jpg
[09:53:57] Picture infomations saved to  global/de-DE/README.md
[09:53:57] Picture infomations saved to global/de-DE/history/2026/01/30_de-DE.md
[09:53:57] Start geting global Bing Wallpaper, region=en-CA, local time is 2026-01-30 04:53:57.182803-05:00
[09:53:57] Successful get url: https://www.bing.com/th?id=OHR.WinterludeKimono_EN-CA4738768244_UHD.jpg
[09:53:57] Picture infomations saved to  global/en-CA/README.md
[09:53:57] Picture infomations saved to global/en-CA/history/2026/01/31_en-CA.md
[09:53:57] Start geting global Bing Wallpaper, region=en-GB, local time is 2026-01-30 09:53:57.394060+00:00
[09:53:57] Successful get url: https://www.bing.com/th?id=OHR.StMichaelsCornwall_EN-GB2680243066_UHD.jpg
[09:53:57] Picture infomations saved to  global/en-GB/README.md
[09:53:57] Picture infomations saved to global/en-GB/history/2026/01/31_en-GB.md
[09:53:57] Start geting global Bing Wallpaper, region=it-IT, local time is 2026-01-30 10:53:57.621489+01:00
[09:53:57] Successful get url: https://www.bing.com/th?id=OHR.AndermattSwiss_IT-IT7291559000_UHD.jpg
[09:53:57] Picture infomations saved to  global/it-IT/README.md
[09:53:57] Picture infomations saved to global/it-IT/history/2026/01/30_it-IT.md
[09:53:57] Start geting global Bing Wallpaper, region=es-ES, local time is 2026-01-30 10:53:57.860198+01:00
[09:53:57] Successful get url: https://www.bing.com/th?id=OHR.StMichaelsCornwall_ES-ES2889178961_UHD.jpg
[09:53:58] Picture infomations saved to  global/es-ES/README.md
[09:53:58] Picture infomations saved to global/es-ES/history/2026/01/30_es-ES.md
[09:53:58] Start geting global Bing Wallpaper, region=fr-CA, local time is 2026-01-30 04:53:58.076910-05:00
[09:53:58] Successful get url: https://www.bing.com/th?id=OHR.WinterludeKimono_FR-CA9880865878_UHD.jpg
[09:53:58] Picture infomations saved to  global/fr-CA/README.md
[09:53:58] Picture infomations saved to global/fr-CA/history/2026/01/31_fr-CA.md
Program exit at 09:53:58

Program started at 16:30:31
Operating System Name: Linux
Operating System Version: #18~24.04.1-Ubuntu SMP Sat Jun 28 04:46:03 UTC 2025
System Architecture: ('64bit', 'ELF')
Computer Type: x86_64
Computer Name: runnervmkj6or
Processor Type: x86_64
Python Version: 3.12.12
Python Interpreter Name: CPython
[16:30:31] Start geting CN Bing Wallpaper
[16:30:32] Successful get url: https://www.bing.com/th?id=OHR.EtoshaZebra_ZH-CN6068087794_UHD.jpg
[16:30:32] Image saved to img/background.jpg
[16:30:32] Info saved to README.md
[16:30:32] Image saved to history/2026/01/31.md
[16:30:32] Start geting global Bing Wallpaper, region=en-US, local time is 2026-01-30 11:30:32.255285-05:00
[16:30:32] Successful get url: https://www.bing.com/th?id=OHR.StMichaelsCornwall_EN-US0036057583_UHD.jpg
[16:30:32] Picture infomations saved to  global/en-US/README.md
[16:30:32] Picture infomations saved to global/en-US/history/2026/01/31_en-US.md
[16:30:32] Start geting global Bing Wallpaper, region=ja-JP, local time is 2026-01-31 01:30:32.397097+09:00
[16:30:32] Successful get url: https://www.bing.com/th?id=OHR.IceFestival2026_JA-JP1189462193_UHD.jpg
[16:30:32] Picture infomations saved to  global/ja-JP/README.md
[16:30:32] Picture infomations saved to global/ja-JP/history/2026/01/31_ja-JP.md
[16:30:32] Start geting global Bing Wallpaper, region=en-IN, local time is 2026-01-30 22:00:32.673511+05:30
[16:30:32] Successful get url: https://www.bing.com/th?id=OHR.StMichaelsCornwall_EN-IN0431194953_UHD.jpg
[16:30:32] Picture infomations saved to  global/en-IN/README.md
[16:30:32] Picture infomations saved to global/en-IN/history/2026/01/30_en-IN.md
[16:30:32] Start geting global Bing Wallpaper, region=pt-BR, local time is 2026-01-30 13:30:32.810450-03:00
[16:30:32] Successful get url: https://www.bing.com/th?id=OHR.StMichaelsCornwall_PT-BR8735847757_UHD.jpg
[16:30:33] Picture infomations saved to  global/pt-BR/README.md
[16:30:33] Picture infomations saved to global/pt-BR/history/2026/01/31_pt-BR.md
[16:30:33] Start geting global Bing Wallpaper, region=fr-FR, local time is 2026-01-30 17:30:33.080414+01:00
[16:30:33] Successful get url: https://www.bing.com/th?id=OHR.StMichaelsCornwall_FR-FR8333014700_UHD.jpg
[16:30:33] Picture infomations saved to  global/fr-FR/README.md
[16:30:33] Picture infomations saved to global/fr-FR/history/2026/01/30_fr-FR.md
[16:30:33] Start geting global Bing Wallpaper, region=de-DE, local time is 2026-01-30 17:30:33.232856+01:00
[16:30:33] Successful get url: https://www.bing.com/th?id=OHR.StMichaelsCornwall_DE-DE4570450459_UHD.jpg
[16:30:33] Picture infomations saved to  global/de-DE/README.md
[16:30:33] Picture infomations saved to global/de-DE/history/2026/01/30_de-DE.md
[16:30:33] Start geting global Bing Wallpaper, region=en-CA, local time is 2026-01-30 11:30:33.438639-05:00
[16:30:33] Successful get url: https://www.bing.com/th?id=OHR.WinterludeKimono_EN-CA4738768244_UHD.jpg
[16:30:33] Picture infomations saved to  global/en-CA/README.md
[16:30:33] Picture infomations saved to global/en-CA/history/2026/01/31_en-CA.md
[16:30:33] Start geting global Bing Wallpaper, region=en-GB, local time is 2026-01-30 16:30:33.582471+00:00
[16:30:33] Successful get url: https://www.bing.com/th?id=OHR.StMichaelsCornwall_EN-GB2680243066_UHD.jpg
[16:30:35] Picture infomations saved to  global/en-GB/README.md
[16:30:35] Picture infomations saved to global/en-GB/history/2026/01/31_en-GB.md
[16:30:35] Start geting global Bing Wallpaper, region=it-IT, local time is 2026-01-30 17:30:35.184876+01:00
[16:30:35] Successful get url: https://www.bing.com/th?id=OHR.AndermattSwiss_IT-IT7291559000_UHD.jpg
[16:30:35] Picture infomations saved to  global/it-IT/README.md
[16:30:35] Picture infomations saved to global/it-IT/history/2026/01/30_it-IT.md
[16:30:35] Start geting global Bing Wallpaper, region=es-ES, local time is 2026-01-30 17:30:35.354236+01:00
[16:30:35] Successful get url: https://www.bing.com/th?id=OHR.StMichaelsCornwall_ES-ES2889178961_UHD.jpg
[16:30:35] Picture infomations saved to  global/es-ES/README.md
[16:30:35] Picture infomations saved to global/es-ES/history/2026/01/30_es-ES.md
[16:30:35] Start geting global Bing Wallpaper, region=fr-CA, local time is 2026-01-30 11:30:35.516554-05:00
[16:30:35] Successful get url: https://www.bing.com/th?id=OHR.WinterludeKimono_FR-CA9880865878_UHD.jpg
[16:30:35] Picture infomations saved to  global/fr-CA/README.md
[16:30:35] Picture infomations saved to global/fr-CA/history/2026/01/31_fr-CA.md
Program exit at 16:30:35
