
Program started at 09:25:05
Operating System Name: Linux
Operating System Version: #18~24.04.1-Ubuntu SMP Sat Jun 28 04:46:03 UTC 2025
System Architecture: ('64bit', 'ELF')
Computer Type: x86_64
Computer Name: pkrvm7jw40e0xgp
Processor Type: x86_64
Python Version: 3.12.11
Python Interpreter Name: CPython
[09:25:05] Start geting CN Bing Wallpaper
[09:25:05] Successful get url: https://www.bing.com/th?id=OHR.BlueGdansk_ZH-CN3328928509_UHD.jpg
[09:25:05] Image saved to img/background.jpg
[09:25:05] Info saved to README.md
[09:25:05] Image saved to history/2025/09/07.md
[09:25:05] Start geting global Bing Wallpaper, region=en-US, local time is 2025-09-07 05:25:05.665635-04:00
[09:25:05] Successful get url: https://www.bing.com/th?id=OHR.BlueGdansk_EN-US8032283831_UHD.jpg
[09:25:05] Picture infomations saved to  global/en-US/README.md
[09:25:05] Picture infomations saved to global/en-US/history/2025/09/08_en-US.md
[09:25:05] Start geting global Bing Wallpaper, region=ja-JP, local time is 2025-09-07 18:25:05.850972+09:00
[09:25:05] Successful get url: https://www.bing.com/th?id=OHR.BlueGdansk_JA-JP0907344323_UHD.jpg
[09:25:06] Picture infomations saved to  global/ja-JP/README.md
[09:25:06] Picture infomations saved to global/ja-JP/history/2025/09/07_ja-JP.md
[09:25:06] Start geting global Bing Wallpaper, region=en-IN, local time is 2025-09-07 14:55:06.042153+05:30
[09:25:06] Successful get url: https://www.bing.com/th?id=OHR.BlueGdansk_EN-IN9703793186_UHD.jpg
[09:25:06] Picture infomations saved to  global/en-IN/README.md
[09:25:06] Picture infomations saved to global/en-IN/history/2025/09/07_en-IN.md
[09:25:06] Start geting global Bing Wallpaper, region=pt-BR, local time is 2025-09-07 06:25:06.228122-03:00
[09:25:06] Successful get url: https://www.bing.com/th?id=OHR.BlueGdansk_PT-BR6180639699_UHD.jpg
[09:25:06] Picture infomations saved to  global/pt-BR/README.md
[09:25:06] Picture infomations saved to global/pt-BR/history/2025/09/08_pt-BR.md
[09:25:06] Start geting global Bing Wallpaper, region=fr-FR, local time is 2025-09-07 11:25:06.379852+02:00
[09:25:06] Successful get url: https://www.bing.com/th?id=OHR.BlueGdansk_FR-FR3495478989_UHD.jpg
[09:25:06] Picture infomations saved to  global/fr-FR/README.md
[09:25:06] Picture infomations saved to global/fr-FR/history/2025/09/07_fr-FR.md
[09:25:06] Start geting global Bing Wallpaper, region=de-DE, local time is 2025-09-07 11:25:06.543356+02:00
[09:25:06] Successful get url: https://www.bing.com/th?id=OHR.BlueGdansk_DE-DE2028955580_UHD.jpg
[09:25:06] Picture infomations saved to  global/de-DE/README.md
[09:25:06] Picture infomations saved to global/de-DE/history/2025/09/07_de-DE.md
[09:25:06] Start geting global Bing Wallpaper, region=en-CA, local time is 2025-09-07 05:25:06.729334-04:00
[09:25:06] Successful get url: https://www.bing.com/th?id=OHR.BlueGdansk_EN-CA5626237578_UHD.jpg
[09:25:06] Picture infomations saved to  global/en-CA/README.md
[09:25:06] Picture infomations saved to global/en-CA/history/2025/09/08_en-CA.md
[09:25:06] Start geting global Bing Wallpaper, region=en-GB, local time is 2025-09-07 10:25:06.886203+01:00
[09:25:06] Successful get url: https://www.bing.com/th?id=OHR.GreatNorthRun2025_EN-GB8681982473_UHD.jpg
[09:25:07] Picture infomations saved to  global/en-GB/README.md
[09:25:07] Picture infomations saved to global/en-GB/history/2025/09/07_en-GB.md
[09:25:07] Start geting global Bing Wallpaper, region=it-IT, local time is 2025-09-07 11:25:07.053937+02:00
[09:25:07] Successful get url: https://www.bing.com/th?id=OHR.GaribaldiNapoli_IT-IT9017622092_UHD.jpg
[09:25:07] Picture infomations saved to  global/it-IT/README.md
[09:25:07] Picture infomations saved to global/it-IT/history/2025/09/07_it-IT.md
[09:25:07] Start geting global Bing Wallpaper, region=es-ES, local time is 2025-09-07 11:25:07.209967+02:00
[09:25:07] Successful get url: https://www.bing.com/th?id=OHR.BlueGdansk_ES-ES7748880751_UHD.jpg
[09:25:07] Picture infomations saved to  global/es-ES/README.md
[09:25:07] Picture infomations saved to global/es-ES/history/2025/09/07_es-ES.md
[09:25:07] Start geting global Bing Wallpaper, region=fr-CA, local time is 2025-09-07 05:25:07.366817-04:00
[09:25:07] Successful get url: https://www.bing.com/th?id=OHR.BlueGdansk_FR-CA9649436148_UHD.jpg
[09:25:07] Picture infomations saved to  global/fr-CA/README.md
[09:25:07] Picture infomations saved to global/fr-CA/history/2025/09/08_fr-CA.md
Program exit at 09:25:07
