
Program started at 09:28:28
Operating System Name: Linux
Operating System Version: #18~24.04.1-Ubuntu SMP Sat Jun 28 04:46:03 UTC 2025
System Architecture: ('64bit', 'ELF')
Computer Type: x86_64
Computer Name: runnervmf4ws1
Processor Type: x86_64
Python Version: 3.12.11
Python Interpreter Name: CPython
[09:28:28] Start geting CN Bing Wallpaper
[09:28:28] Successful get url: https://www.bing.com/th?id=OHR.SpinnerDolphins_ZH-CN9731341241_UHD.jpg
[09:28:28] Image saved to img/background.jpg
[09:28:28] Info saved to README.md
[09:28:28] Image saved to history/2025/09/12.md
[09:28:28] Start geting global Bing Wallpaper, region=en-US, local time is 2025-09-12 05:28:28.867517-04:00
[09:28:28] Successful get url: https://www.bing.com/th?id=OHR.SpinnerDolphins_EN-US8860882818_UHD.jpg
[09:28:29] Picture infomations saved to  global/en-US/README.md
[09:28:29] Picture infomations saved to global/en-US/history/2025/09/13_en-US.md
[09:28:29] Start geting global Bing Wallpaper, region=ja-JP, local time is 2025-09-12 18:28:29.271380+09:00
[09:28:29] Successful get url: https://www.bing.com/th?id=OHR.SpaceDay2025_JA-JP8112086826_UHD.jpg
[09:28:29] Picture infomations saved to  global/ja-JP/README.md
[09:28:29] Picture infomations saved to global/ja-JP/history/2025/09/12_ja-JP.md
[09:28:29] Start geting global Bing Wallpaper, region=en-IN, local time is 2025-09-12 14:58:29.695682+05:30
[09:28:29] Successful get url: https://www.bing.com/th?id=OHR.SpinnerDolphins_EN-IN0873508505_UHD.jpg
[09:28:30] Picture infomations saved to  global/en-IN/README.md
[09:28:30] Picture infomations saved to global/en-IN/history/2025/09/12_en-IN.md
[09:28:30] Start geting global Bing Wallpaper, region=pt-BR, local time is 2025-09-12 06:28:30.108168-03:00
[09:28:30] Successful get url: https://www.bing.com/th?id=OHR.SpinnerDolphins_PT-BR7075724083_UHD.jpg
[09:28:30] Picture infomations saved to  global/pt-BR/README.md
[09:28:30] Picture infomations saved to global/pt-BR/history/2025/09/13_pt-BR.md
[09:28:30] Start geting global Bing Wallpaper, region=fr-FR, local time is 2025-09-12 11:28:30.510117+02:00
[09:28:30] Successful get url: https://www.bing.com/th?id=OHR.SpinnerDolphins_FR-FR4369584175_UHD.jpg
[09:28:30] Picture infomations saved to  global/fr-FR/README.md
[09:28:30] Picture infomations saved to global/fr-FR/history/2025/09/12_fr-FR.md
[09:28:30] Start geting global Bing Wallpaper, region=de-DE, local time is 2025-09-12 11:28:30.899564+02:00
[09:28:30] Successful get url: https://www.bing.com/th?id=OHR.SpinnerDolphins_DE-DE4891196756_UHD.jpg
[09:28:31] Picture infomations saved to  global/de-DE/README.md
[09:28:31] Picture infomations saved to global/de-DE/history/2025/09/12_de-DE.md
[09:28:31] Start geting global Bing Wallpaper, region=en-CA, local time is 2025-09-12 05:28:31.156945-04:00
[09:28:31] Successful get url: https://www.bing.com/th?id=OHR.SpinnerDolphins_EN-CA6671326546_UHD.jpg
[09:28:31] Picture infomations saved to  global/en-CA/README.md
[09:28:31] Picture infomations saved to global/en-CA/history/2025/09/13_en-CA.md
[09:28:31] Start geting global Bing Wallpaper, region=en-GB, local time is 2025-09-12 10:28:31.567413+01:00
[09:28:31] Successful get url: https://www.bing.com/th?id=OHR.SpinnerDolphins_EN-GB1386231173_UHD.jpg
[09:28:31] Picture infomations saved to  global/en-GB/README.md
[09:28:31] Picture infomations saved to global/en-GB/history/2025/09/12_en-GB.md
[09:28:31] Start geting global Bing Wallpaper, region=it-IT, local time is 2025-09-12 11:28:31.833272+02:00
[09:28:31] Successful get url: https://www.bing.com/th?id=OHR.SpinnerDolphins_IT-IT5393623378_UHD.jpg
[09:28:32] Picture infomations saved to  global/it-IT/README.md
[09:28:32] Picture infomations saved to global/it-IT/history/2025/09/12_it-IT.md
[09:28:32] Start geting global Bing Wallpaper, region=es-ES, local time is 2025-09-12 11:28:32.227273+02:00
[09:28:32] Successful get url: https://www.bing.com/th?id=OHR.SpinnerDolphins_ES-ES8128013547_UHD.jpg
[09:28:32] Picture infomations saved to  global/es-ES/README.md
[09:28:32] Picture infomations saved to global/es-ES/history/2025/09/12_es-ES.md
[09:28:32] Start geting global Bing Wallpaper, region=fr-CA, local time is 2025-09-12 05:28:32.613391-04:00
[09:28:32] Successful get url: https://www.bing.com/th?id=OHR.SpinnerDolphins_FR-CA8668368271_UHD.jpg
[09:28:33] Picture infomations saved to  global/fr-CA/README.md
[09:28:33] Picture infomations saved to global/fr-CA/history/2025/09/13_fr-CA.md
Program exit at 09:28:33
