
Program started at 09:30:14
Operating System Name: Linux
Operating System Version: #18~24.04.1-Ubuntu SMP Sat Jun 28 04:46:03 UTC 2025
System Architecture: ('64bit', 'ELF')
Computer Type: x86_64
Computer Name: runnervmf4ws1
Processor Type: x86_64
Python Version: 3.12.11
Python Interpreter Name: CPython
[09:30:14] Start geting CN Bing Wallpaper
[09:30:14] Successful get url: https://www.bing.com/th?id=OHR.AutumnalEquinoxY25_ZH-CN5692548297_UHD.jpg
[09:30:14] Image saved to img/background.jpg
[09:30:14] Info saved to README.md
[09:30:14] Image saved to history/2025/09/23.md
[09:30:14] Start geting global Bing Wallpaper, region=en-US, local time is 2025-09-23 05:30:14.872734-04:00
[09:30:14] Successful get url: https://www.bing.com/th?id=OHR.ToucanForest_EN-US8319635845_UHD.jpg
[09:30:15] Picture infomations saved to  global/en-US/README.md
[09:30:15] Picture infomations saved to global/en-US/history/2025/09/24_en-US.md
[09:30:15] Start geting global Bing Wallpaper, region=ja-JP, local time is 2025-09-23 18:30:15.192192+09:00
[09:30:15] Successful get url: https://www.bing.com/th?id=OHR.AutumnEquinox2025_JA-JP9152081751_UHD.jpg
[09:30:15] Picture infomations saved to  global/ja-JP/README.md
[09:30:15] Picture infomations saved to global/ja-JP/history/2025/09/23_ja-JP.md
[09:30:15] Start geting global Bing Wallpaper, region=en-IN, local time is 2025-09-23 15:00:15.543785+05:30
[09:30:15] Successful get url: https://www.bing.com/th?id=OHR.ToucanForest_EN-IN2300582458_UHD.jpg
[09:30:15] Picture infomations saved to  global/en-IN/README.md
[09:30:15] Picture infomations saved to global/en-IN/history/2025/09/23_en-IN.md
[09:30:15] Start geting global Bing Wallpaper, region=pt-BR, local time is 2025-09-23 06:30:15.851885-03:00
[09:30:15] Successful get url: https://www.bing.com/th?id=OHR.ToucanForest_PT-BR8747698753_UHD.jpg
[09:30:16] Picture infomations saved to  global/pt-BR/README.md
[09:30:16] Picture infomations saved to global/pt-BR/history/2025/09/24_pt-BR.md
[09:30:16] Start geting global Bing Wallpaper, region=fr-FR, local time is 2025-09-23 11:30:16.159643+02:00
[09:30:16] Successful get url: https://www.bing.com/th?id=OHR.ToucanForest_FR-FR5096547078_UHD.jpg
[09:30:16] Picture infomations saved to  global/fr-FR/README.md
[09:30:16] Picture infomations saved to global/fr-FR/history/2025/09/23_fr-FR.md
[09:30:16] Start geting global Bing Wallpaper, region=de-DE, local time is 2025-09-23 11:30:16.452713+02:00
[09:30:16] Successful get url: https://www.bing.com/th?id=OHR.ToucanForest_DE-DE0467627234_UHD.jpg
[09:30:16] Picture infomations saved to  global/de-DE/README.md
[09:30:16] Picture infomations saved to global/de-DE/history/2025/09/23_de-DE.md
[09:30:16] Start geting global Bing Wallpaper, region=en-CA, local time is 2025-09-23 05:30:16.748915-04:00
[09:30:16] Successful get url: https://www.bing.com/th?id=OHR.ToucanForest_EN-CA5712281059_UHD.jpg
[09:30:17] Picture infomations saved to  global/en-CA/README.md
[09:30:17] Picture infomations saved to global/en-CA/history/2025/09/24_en-CA.md
[09:30:17] Start geting global Bing Wallpaper, region=en-GB, local time is 2025-09-23 10:30:17.091189+01:00
[09:30:17] Successful get url: https://www.bing.com/th?id=OHR.ToucanForest_EN-GB8333466039_UHD.jpg
[09:30:17] Picture infomations saved to  global/en-GB/README.md
[09:30:17] Picture infomations saved to global/en-GB/history/2025/09/23_en-GB.md
[09:30:17] Start geting global Bing Wallpaper, region=it-IT, local time is 2025-09-23 11:30:17.404828+02:00
[09:30:17] Successful get url: https://www.bing.com/th?id=OHR.ToucanForest_IT-IT3771106703_UHD.jpg
[09:30:17] Picture infomations saved to  global/it-IT/README.md
[09:30:17] Picture infomations saved to global/it-IT/history/2025/09/23_it-IT.md
[09:30:17] Start geting global Bing Wallpaper, region=es-ES, local time is 2025-09-23 11:30:17.710678+02:00
[09:30:17] Successful get url: https://www.bing.com/th?id=OHR.SportWeekTeide_ES-ES0590010437_UHD.jpg
[09:30:18] Picture infomations saved to  global/es-ES/README.md
[09:30:18] Picture infomations saved to global/es-ES/history/2025/09/23_es-ES.md
[09:30:18] Start geting global Bing Wallpaper, region=fr-CA, local time is 2025-09-23 05:30:18.038648-04:00
[09:30:18] Successful get url: https://www.bing.com/th?id=OHR.ToucanForest_FR-CA3495026765_UHD.jpg
[09:30:18] Picture infomations saved to  global/fr-CA/README.md
[09:30:18] Picture infomations saved to global/fr-CA/history/2025/09/24_fr-CA.md
Program exit at 09:30:18
