
Program started at 09:29:18
Operating System Name: Linux
Operating System Version: #18~24.04.1-Ubuntu SMP Sat Jun 28 04:46:03 UTC 2025
System Architecture: ('64bit', 'ELF')
Computer Type: x86_64
Computer Name: pkrvm7jw40e0xgp
Processor Type: x86_64
Python Version: 3.12.11
Python Interpreter Name: CPython
[09:29:18] Start geting CN Bing Wallpaper
[09:29:18] Successful get url: https://www.bing.com/th?id=OHR.MinnesotaWaters_ZH-CN6078521418_UHD.jpg
[09:29:18] Image saved to img/background.jpg
[09:29:18] Info saved to README.md
[09:29:18] Image saved to history/2025/09/03.md
[09:29:18] Start geting global Bing Wallpaper, region=en-US, local time is 2025-09-03 05:29:18.354287-04:00
[09:29:18] Successful get url: https://www.bing.com/th?id=OHR.MinnesotaWaters_EN-US4282198656_UHD.jpg
[09:29:18] Picture infomations saved to  global/en-US/README.md
[09:29:18] Picture infomations saved to global/en-US/history/2025/09/04_en-US.md
[09:29:18] Start geting global Bing Wallpaper, region=ja-JP, local time is 2025-09-03 18:29:18.503428+09:00
[09:29:18] Successful get url: https://www.bing.com/th?id=OHR.MinnesotaWaters_JA-JP5876109313_UHD.jpg
[09:29:18] Picture infomations saved to  global/ja-JP/README.md
[09:29:18] Picture infomations saved to global/ja-JP/history/2025/09/03_ja-JP.md
[09:29:18] Start geting global Bing Wallpaper, region=en-IN, local time is 2025-09-03 14:59:18.633256+05:30
[09:29:18] Successful get url: https://www.bing.com/th?id=OHR.TrulliHouses_EN-IN4494179096_UHD.jpg
[09:29:18] Picture infomations saved to  global/en-IN/README.md
[09:29:18] Picture infomations saved to global/en-IN/history/2025/09/03_en-IN.md
[09:29:18] Start geting global Bing Wallpaper, region=pt-BR, local time is 2025-09-03 06:29:18.784206-03:00
[09:29:18] Successful get url: https://www.bing.com/th?id=OHR.MinnesotaWaters_PT-BR7389411612_UHD.jpg
[09:29:18] Picture infomations saved to  global/pt-BR/README.md
[09:29:18] Picture infomations saved to global/pt-BR/history/2025/09/04_pt-BR.md
[09:29:18] Start geting global Bing Wallpaper, region=fr-FR, local time is 2025-09-03 11:29:18.906008+02:00
[09:29:18] Successful get url: https://www.bing.com/th?id=OHR.MontSaintMichel_FR-FR8463268794_UHD.jpg
[09:29:19] Picture infomations saved to  global/fr-FR/README.md
[09:29:19] Picture infomations saved to global/fr-FR/history/2025/09/03_fr-FR.md
[09:29:19] Start geting global Bing Wallpaper, region=de-DE, local time is 2025-09-03 11:29:19.043492+02:00
[09:29:19] Successful get url: https://www.bing.com/th?id=OHR.MinnesotaWaters_DE-DE6807349928_UHD.jpg
[09:29:19] Picture infomations saved to  global/de-DE/README.md
[09:29:19] Picture infomations saved to global/de-DE/history/2025/09/03_de-DE.md
[09:29:19] Start geting global Bing Wallpaper, region=en-CA, local time is 2025-09-03 05:29:19.168794-04:00
[09:29:19] Successful get url: https://www.bing.com/th?id=OHR.WrestlingBears_EN-CA6711958224_UHD.jpg
[09:29:19] Picture infomations saved to  global/en-CA/README.md
[09:29:19] Picture infomations saved to global/en-CA/history/2025/09/04_en-CA.md
[09:29:19] Start geting global Bing Wallpaper, region=en-GB, local time is 2025-09-03 10:29:19.302357+01:00
[09:29:19] Successful get url: https://www.bing.com/th?id=OHR.SaintBarbaras_EN-GB0842695883_UHD.jpg
[09:29:19] Picture infomations saved to  global/en-GB/README.md
[09:29:19] Picture infomations saved to global/en-GB/history/2025/09/03_en-GB.md
[09:29:19] Start geting global Bing Wallpaper, region=it-IT, local time is 2025-09-03 11:29:19.434402+02:00
[09:29:19] Successful get url: https://www.bing.com/th?id=OHR.AgrigentoSicilia_IT-IT0162455126_UHD.jpg
[09:29:19] Picture infomations saved to  global/it-IT/README.md
[09:29:19] Picture infomations saved to global/it-IT/history/2025/09/03_it-IT.md
[09:29:19] Start geting global Bing Wallpaper, region=es-ES, local time is 2025-09-03 11:29:19.562614+02:00
[09:29:19] Successful get url: https://www.bing.com/th?id=OHR.LaVueltaBilbao_ES-ES0567019335_UHD.jpg
[09:29:19] Picture infomations saved to  global/es-ES/README.md
[09:29:19] Picture infomations saved to global/es-ES/history/2025/09/03_es-ES.md
[09:29:19] Start geting global Bing Wallpaper, region=fr-CA, local time is 2025-09-03 05:29:19.691412-04:00
[09:29:19] Successful get url: https://www.bing.com/th?id=OHR.WrestlingBears_FR-CA4913260045_UHD.jpg
[09:29:19] Picture infomations saved to  global/fr-CA/README.md
[09:29:19] Picture infomations saved to global/fr-CA/history/2025/09/04_fr-CA.md
Program exit at 09:29:19
