
Program started at 09:28:53
Operating System Name: Linux
Operating System Version: #18~24.04.1-Ubuntu SMP Sat Jun 28 04:46:03 UTC 2025
System Architecture: ('64bit', 'ELF')
Computer Type: x86_64
Computer Name: runnervmf4ws1
Processor Type: x86_64
Python Version: 3.12.11
Python Interpreter Name: CPython
[09:28:53] Start geting CN Bing Wallpaper
[09:28:53] Successful get url: https://www.bing.com/th?id=OHR.ExtremaduraJamon_ZH-CN1559355133_UHD.jpg
[09:28:53] Image saved to img/background.jpg
[09:28:53] Info saved to README.md
[09:28:53] Image saved to history/2025/09/11.md
[09:28:53] Start geting global Bing Wallpaper, region=en-US, local time is 2025-09-11 05:28:53.910781-04:00
[09:28:53] Successful get url: https://www.bing.com/th?id=OHR.LibertyManhattan_EN-US8781721086_UHD.jpg
[09:28:54] Picture infomations saved to  global/en-US/README.md
[09:28:54] Picture infomations saved to global/en-US/history/2025/09/12_en-US.md
[09:28:54] Start geting global Bing Wallpaper, region=ja-JP, local time is 2025-09-11 18:28:54.096358+09:00
[09:28:54] Successful get url: https://www.bing.com/th?id=OHR.ExtremaduraJamon_JA-JP6016561282_UHD.jpg
[09:28:54] Picture infomations saved to  global/ja-JP/README.md
[09:28:54] Picture infomations saved to global/ja-JP/history/2025/09/11_ja-JP.md
[09:28:54] Start geting global Bing Wallpaper, region=en-IN, local time is 2025-09-11 14:58:54.258092+05:30
[09:28:54] Successful get url: https://www.bing.com/th?id=OHR.ButterflyBeach_EN-IN0695823552_UHD.jpg
[09:28:54] Picture infomations saved to  global/en-IN/README.md
[09:28:54] Picture infomations saved to global/en-IN/history/2025/09/11_en-IN.md
[09:28:54] Start geting global Bing Wallpaper, region=pt-BR, local time is 2025-09-11 06:28:54.405894-03:00
[09:28:54] Successful get url: https://www.bing.com/th?id=OHR.ExtremaduraJamon_PT-BR7599252573_UHD.jpg
[09:28:54] Picture infomations saved to  global/pt-BR/README.md
[09:28:54] Picture infomations saved to global/pt-BR/history/2025/09/12_pt-BR.md
[09:28:54] Start geting global Bing Wallpaper, region=fr-FR, local time is 2025-09-11 11:28:54.566535+02:00
[09:28:54] Successful get url: https://www.bing.com/th?id=OHR.ExtremaduraJamon_FR-FR4206695043_UHD.jpg
[09:28:54] Picture infomations saved to  global/fr-FR/README.md
[09:28:54] Picture infomations saved to global/fr-FR/history/2025/09/11_fr-FR.md
[09:28:54] Start geting global Bing Wallpaper, region=de-DE, local time is 2025-09-11 11:28:54.732728+02:00
[09:28:54] Successful get url: https://www.bing.com/th?id=OHR.ExtremaduraJamon_DE-DE4354679644_UHD.jpg
[09:28:54] Picture infomations saved to  global/de-DE/README.md
[09:28:54] Picture infomations saved to global/de-DE/history/2025/09/11_de-DE.md
[09:28:54] Start geting global Bing Wallpaper, region=en-CA, local time is 2025-09-11 05:28:54.899898-04:00
[09:28:54] Successful get url: https://www.bing.com/th?id=OHR.ExtremaduraJamon_EN-CA6493942250_UHD.jpg
[09:28:55] Picture infomations saved to  global/en-CA/README.md
[09:28:55] Picture infomations saved to global/en-CA/history/2025/09/12_en-CA.md
[09:28:55] Start geting global Bing Wallpaper, region=en-GB, local time is 2025-09-11 10:28:55.020809+01:00
[09:28:55] Successful get url: https://www.bing.com/th?id=OHR.BlueGdansk_EN-GB1148120483_UHD.jpg
[09:28:55] Picture infomations saved to  global/en-GB/README.md
[09:28:55] Picture infomations saved to global/en-GB/history/2025/09/11_en-GB.md
[09:28:55] Start geting global Bing Wallpaper, region=it-IT, local time is 2025-09-11 11:28:55.179454+02:00
[09:28:55] Successful get url: https://www.bing.com/th?id=OHR.ExtremaduraJamon_IT-IT9213887969_UHD.jpg
[09:28:55] Picture infomations saved to  global/it-IT/README.md
[09:28:55] Picture infomations saved to global/it-IT/history/2025/09/11_it-IT.md
[09:28:55] Start geting global Bing Wallpaper, region=es-ES, local time is 2025-09-11 11:28:55.345615+02:00
[09:28:55] Successful get url: https://www.bing.com/th?id=OHR.ExtremaduraJamon_ES-ES8041175238_UHD.jpg
[09:28:55] Picture infomations saved to  global/es-ES/README.md
[09:28:55] Picture infomations saved to global/es-ES/history/2025/09/11_es-ES.md
[09:28:55] Start geting global Bing Wallpaper, region=fr-CA, local time is 2025-09-11 05:28:55.503917-04:00
[09:28:55] Successful get url: https://www.bing.com/th?id=OHR.ExtremaduraJamon_FR-CA9072612158_UHD.jpg
[09:28:55] Picture infomations saved to  global/fr-CA/README.md
[09:28:55] Picture infomations saved to global/fr-CA/history/2025/09/12_fr-CA.md
Program exit at 09:28:55

Program started at 16:16:17
Operating System Name: Linux
Operating System Version: #18~24.04.1-Ubuntu SMP Sat Jun 28 04:46:03 UTC 2025
System Architecture: ('64bit', 'ELF')
Computer Type: x86_64
Computer Name: runnervmf4ws1
Processor Type: x86_64
Python Version: 3.12.11
Python Interpreter Name: CPython
[16:16:17] Start geting CN Bing Wallpaper
[16:16:17] Successful get url: https://www.bing.com/th?id=OHR.SpinnerDolphins_ZH-CN9731341241_UHD.jpg
[16:16:17] Image saved to img/background.jpg
[16:16:17] Info saved to README.md
[16:16:17] Image saved to history/2025/09/12.md
[16:16:17] Start geting global Bing Wallpaper, region=en-US, local time is 2025-09-11 12:16:17.674214-04:00
[16:16:17] Successful get url: https://www.bing.com/th?id=OHR.LibertyManhattan_EN-US8781721086_UHD.jpg
[16:16:18] Picture infomations saved to  global/en-US/README.md
[16:16:18] Picture infomations saved to global/en-US/history/2025/09/12_en-US.md
[16:16:18] Start geting global Bing Wallpaper, region=ja-JP, local time is 2025-09-12 01:16:18.051068+09:00
[16:16:18] Successful get url: https://www.bing.com/th?id=OHR.SpaceDay2025_JA-JP8112086826_UHD.jpg
[16:16:18] Picture infomations saved to  global/ja-JP/README.md
[16:16:18] Picture infomations saved to global/ja-JP/history/2025/09/12_ja-JP.md
[16:16:18] Start geting global Bing Wallpaper, region=en-IN, local time is 2025-09-11 21:46:18.475549+05:30
[16:16:18] Successful get url: https://www.bing.com/th?id=OHR.ButterflyBeach_EN-IN0695823552_UHD.jpg
[16:16:19] Picture infomations saved to  global/en-IN/README.md
[16:16:19] Picture infomations saved to global/en-IN/history/2025/09/11_en-IN.md
[16:16:19] Start geting global Bing Wallpaper, region=pt-BR, local time is 2025-09-11 13:16:19.163572-03:00
[16:16:19] Successful get url: https://www.bing.com/th?id=OHR.ExtremaduraJamon_PT-BR7599252573_UHD.jpg
[16:16:19] Picture infomations saved to  global/pt-BR/README.md
[16:16:19] Picture infomations saved to global/pt-BR/history/2025/09/12_pt-BR.md
[16:16:19] Start geting global Bing Wallpaper, region=fr-FR, local time is 2025-09-11 18:16:19.566424+02:00
[16:16:19] Successful get url: https://www.bing.com/th?id=OHR.ExtremaduraJamon_FR-FR4206695043_UHD.jpg
[16:16:19] Picture infomations saved to  global/fr-FR/README.md
[16:16:19] Picture infomations saved to global/fr-FR/history/2025/09/11_fr-FR.md
[16:16:19] Start geting global Bing Wallpaper, region=de-DE, local time is 2025-09-11 18:16:19.965886+02:00
[16:16:20] Successful get url: https://www.bing.com/th?id=OHR.ExtremaduraJamon_DE-DE4354679644_UHD.jpg
[16:16:20] Picture infomations saved to  global/de-DE/README.md
[16:16:20] Picture infomations saved to global/de-DE/history/2025/09/11_de-DE.md
[16:16:20] Start geting global Bing Wallpaper, region=en-CA, local time is 2025-09-11 12:16:20.351606-04:00
[16:16:20] Successful get url: https://www.bing.com/th?id=OHR.ExtremaduraJamon_EN-CA6493942250_UHD.jpg
[16:16:20] Picture infomations saved to  global/en-CA/README.md
[16:16:20] Picture infomations saved to global/en-CA/history/2025/09/12_en-CA.md
[16:16:20] Start geting global Bing Wallpaper, region=en-GB, local time is 2025-09-11 17:16:20.749883+01:00
[16:16:20] Successful get url: https://www.bing.com/th?id=OHR.BlueGdansk_EN-GB1148120483_UHD.jpg
[16:16:21] Picture infomations saved to  global/en-GB/README.md
[16:16:21] Picture infomations saved to global/en-GB/history/2025/09/11_en-GB.md
[16:16:21] Start geting global Bing Wallpaper, region=it-IT, local time is 2025-09-11 18:16:21.012935+02:00
[16:16:21] Successful get url: https://www.bing.com/th?id=OHR.ExtremaduraJamon_IT-IT9213887969_UHD.jpg
[16:16:21] Picture infomations saved to  global/it-IT/README.md
[16:16:21] Picture infomations saved to global/it-IT/history/2025/09/11_it-IT.md
[16:16:21] Start geting global Bing Wallpaper, region=es-ES, local time is 2025-09-11 18:16:21.590154+02:00
[16:16:21] Successful get url: https://www.bing.com/th?id=OHR.ExtremaduraJamon_ES-ES8041175238_UHD.jpg
[16:16:21] Picture infomations saved to  global/es-ES/README.md
[16:16:21] Picture infomations saved to global/es-ES/history/2025/09/11_es-ES.md
[16:16:21] Start geting global Bing Wallpaper, region=fr-CA, local time is 2025-09-11 12:16:21.971759-04:00
[16:16:22] Successful get url: https://www.bing.com/th?id=OHR.ExtremaduraJamon_FR-CA9072612158_UHD.jpg
[16:16:22] Picture infomations saved to  global/fr-CA/README.md
[16:16:22] Picture infomations saved to global/fr-CA/history/2025/09/12_fr-CA.md
Program exit at 16:16:22
