
Program started at 09:25:25
Operating System Name: Linux
Operating System Version: #18~24.04.1-Ubuntu SMP Sat Jun 28 04:46:03 UTC 2025
System Architecture: ('64bit', 'ELF')
Computer Type: x86_64
Computer Name: runnervmf4ws1
Processor Type: x86_64
Python Version: 3.12.11
Python Interpreter Name: CPython
[09:25:25] Start geting CN Bing Wallpaper
[09:25:25] Successful get url: https://www.bing.com/th?id=OHR.PointReyesSeashore_ZH-CN0076789582_UHD.jpg
[09:25:25] Image saved to img/background.jpg
[09:25:25] Info saved to README.md
[09:25:25] Image saved to history/2025/09/13.md
[09:25:25] Start geting global Bing Wallpaper, region=en-US, local time is 2025-09-13 05:25:25.587575-04:00
[09:25:25] Successful get url: https://www.bing.com/th?id=OHR.PointReyesSeashore_EN-US8949381326_UHD.jpg
[09:25:25] Picture infomations saved to  global/en-US/README.md
[09:25:25] Picture infomations saved to global/en-US/history/2025/09/14_en-US.md
[09:25:25] Start geting global Bing Wallpaper, region=ja-JP, local time is 2025-09-13 18:25:25.781982+09:00
[09:25:25] Successful get url: https://www.bing.com/th?id=OHR.PointReyesSeashore_JA-JP7685899201_UHD.jpg
[09:25:25] Picture infomations saved to  global/ja-JP/README.md
[09:25:25] Picture infomations saved to global/ja-JP/history/2025/09/13_ja-JP.md
[09:25:25] Start geting global Bing Wallpaper, region=en-IN, local time is 2025-09-13 14:55:25.948371+05:30
[09:25:25] Successful get url: https://www.bing.com/th?id=OHR.PointReyesSeashore_EN-IN1229615007_UHD.jpg
[09:25:26] Picture infomations saved to  global/en-IN/README.md
[09:25:26] Picture infomations saved to global/en-IN/history/2025/09/13_en-IN.md
[09:25:26] Start geting global Bing Wallpaper, region=pt-BR, local time is 2025-09-13 06:25:26.097385-03:00
[09:25:26] Successful get url: https://www.bing.com/th?id=OHR.PointReyesSeashore_PT-BR6646395434_UHD.jpg
[09:25:26] Picture infomations saved to  global/pt-BR/README.md
[09:25:26] Picture infomations saved to global/pt-BR/history/2025/09/14_pt-BR.md
[09:25:26] Start geting global Bing Wallpaper, region=fr-FR, local time is 2025-09-13 11:25:26.236472+02:00
[09:25:26] Successful get url: https://www.bing.com/th?id=OHR.PointReyesSeashore_FR-FR5791711233_UHD.jpg
[09:25:26] Picture infomations saved to  global/fr-FR/README.md
[09:25:26] Picture infomations saved to global/fr-FR/history/2025/09/13_fr-FR.md
[09:25:26] Start geting global Bing Wallpaper, region=de-DE, local time is 2025-09-13 11:25:26.382007+02:00
[09:25:26] Successful get url: https://www.bing.com/th?id=OHR.PointReyesSeashore_DE-DE5164774211_UHD.jpg
[09:25:26] Picture infomations saved to  global/de-DE/README.md
[09:25:26] Picture infomations saved to global/de-DE/history/2025/09/13_de-DE.md
[09:25:26] Start geting global Bing Wallpaper, region=en-CA, local time is 2025-09-13 05:25:26.549035-04:00
[09:25:26] Successful get url: https://www.bing.com/th?id=OHR.PointReyesSeashore_EN-CA6892620661_UHD.jpg
[09:25:26] Picture infomations saved to  global/en-CA/README.md
[09:25:26] Picture infomations saved to global/en-CA/history/2025/09/14_en-CA.md
[09:25:26] Start geting global Bing Wallpaper, region=en-GB, local time is 2025-09-13 10:25:26.691398+01:00
[09:25:26] Successful get url: https://www.bing.com/th?id=OHR.PromsNight2025_EN-GB2154998430_UHD.jpg
[09:25:26] Picture infomations saved to  global/en-GB/README.md
[09:25:26] Picture infomations saved to global/en-GB/history/2025/09/13_en-GB.md
[09:25:26] Start geting global Bing Wallpaper, region=it-IT, local time is 2025-09-13 11:25:26.848696+02:00
[09:25:26] Successful get url: https://www.bing.com/th?id=OHR.PointReyesSeashore_IT-IT5474043109_UHD.jpg
[09:25:26] Picture infomations saved to  global/it-IT/README.md
[09:25:26] Picture infomations saved to global/it-IT/history/2025/09/13_it-IT.md
[09:25:26] Start geting global Bing Wallpaper, region=es-ES, local time is 2025-09-13 11:25:26.994466+02:00
[09:25:27] Successful get url: https://www.bing.com/th?id=OHR.PointReyesSeashore_ES-ES8209669177_UHD.jpg
[09:25:27] Picture infomations saved to  global/es-ES/README.md
[09:25:27] Picture infomations saved to global/es-ES/history/2025/09/13_es-ES.md
[09:25:27] Start geting global Bing Wallpaper, region=fr-CA, local time is 2025-09-13 05:25:27.133435-04:00
[09:25:27] Successful get url: https://www.bing.com/th?id=OHR.PointReyesSeashore_FR-CA7871532058_UHD.jpg
[09:25:27] Picture infomations saved to  global/fr-CA/README.md
[09:25:27] Picture infomations saved to global/fr-CA/history/2025/09/14_fr-CA.md
Program exit at 09:25:27
