
Program started at 09:28:40
Operating System Name: Linux
Operating System Version: #18~24.04.1-Ubuntu SMP Sat Jun 28 04:46:03 UTC 2025
System Architecture: ('64bit', 'ELF')
Computer Type: x86_64
Computer Name: runnervmf4ws1
Processor Type: x86_64
Python Version: 3.12.11
Python Interpreter Name: CPython
[09:28:40] Start geting CN Bing Wallpaper
[09:28:40] Successful get url: https://www.bing.com/th?id=OHR.YorkshireHay_ZH-CN9097986997_UHD.jpg
[09:28:41] Image saved to img/background.jpg
[09:28:41] Info saved to README.md
[09:28:41] Image saved to history/2025/09/10.md
[09:28:41] Start geting global Bing Wallpaper, region=en-US, local time is 2025-09-10 05:28:41.165555-04:00
[09:28:41] Successful get url: https://www.bing.com/th?id=OHR.YorkshireHay_EN-US8523120193_UHD.jpg
[09:28:41] Picture infomations saved to  global/en-US/README.md
[09:28:41] Picture infomations saved to global/en-US/history/2025/09/11_en-US.md
[09:28:41] Start geting global Bing Wallpaper, region=ja-JP, local time is 2025-09-10 18:28:41.430657+09:00
[09:28:41] Successful get url: https://www.bing.com/th?id=OHR.YorkshireHay_JA-JP4491584308_UHD.jpg
[09:28:41] Picture infomations saved to  global/ja-JP/README.md
[09:28:41] Picture infomations saved to global/ja-JP/history/2025/09/10_ja-JP.md
[09:28:41] Start geting global Bing Wallpaper, region=en-IN, local time is 2025-09-10 14:58:41.656102+05:30
[09:28:41] Successful get url: https://www.bing.com/th?id=OHR.YorkshireHay_EN-IN0275886002_UHD.jpg
[09:28:42] Picture infomations saved to  global/en-IN/README.md
[09:28:42] Picture infomations saved to global/en-IN/history/2025/09/10_en-IN.md
[09:28:42] Start geting global Bing Wallpaper, region=pt-BR, local time is 2025-09-10 06:28:42.042447-03:00
[09:28:42] Successful get url: https://www.bing.com/th?id=OHR.YorkshireHay_PT-BR7088228512_UHD.jpg
[09:28:42] Picture infomations saved to  global/pt-BR/README.md
[09:28:42] Picture infomations saved to global/pt-BR/history/2025/09/11_pt-BR.md
[09:28:42] Start geting global Bing Wallpaper, region=fr-FR, local time is 2025-09-10 11:28:42.388930+02:00
[09:28:42] Successful get url: https://www.bing.com/th?id=OHR.YorkshireHay_FR-FR4007661841_UHD.jpg
[09:28:42] Picture infomations saved to  global/fr-FR/README.md
[09:28:42] Picture infomations saved to global/fr-FR/history/2025/09/10_fr-FR.md
[09:28:42] Start geting global Bing Wallpaper, region=de-DE, local time is 2025-09-10 11:28:42.622043+02:00
[09:28:42] Successful get url: https://www.bing.com/th?id=OHR.YorkshireHay_DE-DE6716022558_UHD.jpg
[09:28:42] Picture infomations saved to  global/de-DE/README.md
[09:28:42] Picture infomations saved to global/de-DE/history/2025/09/10_de-DE.md
[09:28:42] Start geting global Bing Wallpaper, region=en-CA, local time is 2025-09-10 05:28:42.812895-04:00
[09:28:42] Successful get url: https://www.bing.com/th?id=OHR.YorkshireHay_EN-CA6308294683_UHD.jpg
[09:28:43] Picture infomations saved to  global/en-CA/README.md
[09:28:43] Picture infomations saved to global/en-CA/history/2025/09/11_en-CA.md
[09:28:43] Start geting global Bing Wallpaper, region=en-GB, local time is 2025-09-10 10:28:43.038993+01:00
[09:28:43] Successful get url: https://www.bing.com/th?id=OHR.YorkshireHay_EN-GB0990690457_UHD.jpg
[09:28:43] Picture infomations saved to  global/en-GB/README.md
[09:28:43] Picture infomations saved to global/en-GB/history/2025/09/10_en-GB.md
[09:28:43] Start geting global Bing Wallpaper, region=it-IT, local time is 2025-09-10 11:28:43.429008+02:00
[09:28:43] Successful get url: https://www.bing.com/th?id=OHR.YorkshireHay_IT-IT9160860790_UHD.jpg
[09:28:43] Picture infomations saved to  global/it-IT/README.md
[09:28:43] Picture infomations saved to global/it-IT/history/2025/09/10_it-IT.md
[09:28:43] Start geting global Bing Wallpaper, region=es-ES, local time is 2025-09-10 11:28:43.813096+02:00
[09:28:43] Successful get url: https://www.bing.com/th?id=OHR.YorkshireHay_ES-ES7917729802_UHD.jpg
[09:28:44] Picture infomations saved to  global/es-ES/README.md
[09:28:44] Picture infomations saved to global/es-ES/history/2025/09/10_es-ES.md
[09:28:44] Start geting global Bing Wallpaper, region=fr-CA, local time is 2025-09-10 05:28:44.063366-04:00
[09:28:44] Successful get url: https://www.bing.com/th?id=OHR.YorkshireHay_FR-CA9200328346_UHD.jpg
[09:28:44] Picture infomations saved to  global/fr-CA/README.md
[09:28:44] Picture infomations saved to global/fr-CA/history/2025/09/11_fr-CA.md
Program exit at 09:28:44

Program started at 16:16:06
Operating System Name: Linux
Operating System Version: #18~24.04.1-Ubuntu SMP Sat Jun 28 04:46:03 UTC 2025
System Architecture: ('64bit', 'ELF')
Computer Type: x86_64
Computer Name: runnervmf4ws1
Processor Type: x86_64
Python Version: 3.12.11
Python Interpreter Name: CPython
[16:16:06] Start geting CN Bing Wallpaper
[16:16:06] Successful get url: https://www.bing.com/th?id=OHR.ExtremaduraJamon_ZH-CN1559355133_UHD.jpg
[16:16:07] Image saved to img/background.jpg
[16:16:07] Info saved to README.md
[16:16:07] Image saved to history/2025/09/11.md
[16:16:07] Start geting global Bing Wallpaper, region=en-US, local time is 2025-09-10 12:16:07.007504-04:00
[16:16:07] Successful get url: https://www.bing.com/th?id=OHR.YorkshireHay_EN-US8523120193_UHD.jpg
[16:16:07] Picture infomations saved to  global/en-US/README.md
[16:16:07] Picture infomations saved to global/en-US/history/2025/09/11_en-US.md
[16:16:07] Start geting global Bing Wallpaper, region=ja-JP, local time is 2025-09-11 01:16:07.290986+09:00
[16:16:07] Successful get url: https://www.bing.com/th?id=OHR.ExtremaduraJamon_JA-JP6016561282_UHD.jpg
[16:16:07] Picture infomations saved to  global/ja-JP/README.md
[16:16:07] Picture infomations saved to global/ja-JP/history/2025/09/11_ja-JP.md
[16:16:07] Start geting global Bing Wallpaper, region=en-IN, local time is 2025-09-10 21:46:07.673191+05:30
[16:16:07] Successful get url: https://www.bing.com/th?id=OHR.YorkshireHay_EN-IN0275886002_UHD.jpg
[16:16:07] Picture infomations saved to  global/en-IN/README.md
[16:16:07] Picture infomations saved to global/en-IN/history/2025/09/10_en-IN.md
[16:16:07] Start geting global Bing Wallpaper, region=pt-BR, local time is 2025-09-10 13:16:07.938187-03:00
[16:16:07] Successful get url: https://www.bing.com/th?id=OHR.YorkshireHay_PT-BR7088228512_UHD.jpg
[16:16:08] Picture infomations saved to  global/pt-BR/README.md
[16:16:08] Picture infomations saved to global/pt-BR/history/2025/09/11_pt-BR.md
[16:16:08] Start geting global Bing Wallpaper, region=fr-FR, local time is 2025-09-10 18:16:08.168129+02:00
[16:16:08] Successful get url: https://www.bing.com/th?id=OHR.YorkshireHay_FR-FR4007661841_UHD.jpg
[16:16:08] Picture infomations saved to  global/fr-FR/README.md
[16:16:08] Picture infomations saved to global/fr-FR/history/2025/09/10_fr-FR.md
[16:16:08] Start geting global Bing Wallpaper, region=de-DE, local time is 2025-09-10 18:16:08.707886+02:00
[16:16:08] Successful get url: https://www.bing.com/th?id=OHR.YorkshireHay_DE-DE6716022558_UHD.jpg
[16:16:08] Picture infomations saved to  global/de-DE/README.md
[16:16:08] Picture infomations saved to global/de-DE/history/2025/09/10_de-DE.md
[16:16:08] Start geting global Bing Wallpaper, region=en-CA, local time is 2025-09-10 12:16:08.940642-04:00
[16:16:09] Successful get url: https://www.bing.com/th?id=OHR.YorkshireHay_EN-CA6308294683_UHD.jpg
[16:16:09] Picture infomations saved to  global/en-CA/README.md
[16:16:09] Picture infomations saved to global/en-CA/history/2025/09/11_en-CA.md
[16:16:09] Start geting global Bing Wallpaper, region=en-GB, local time is 2025-09-10 17:16:09.305106+01:00
[16:16:09] Successful get url: https://www.bing.com/th?id=OHR.YorkshireHay_EN-GB0990690457_UHD.jpg
[16:16:09] Picture infomations saved to  global/en-GB/README.md
[16:16:09] Picture infomations saved to global/en-GB/history/2025/09/10_en-GB.md
[16:16:09] Start geting global Bing Wallpaper, region=it-IT, local time is 2025-09-10 18:16:09.715409+02:00
[16:16:09] Successful get url: https://www.bing.com/th?id=OHR.YorkshireHay_IT-IT9160860790_UHD.jpg
[16:16:10] Picture infomations saved to  global/it-IT/README.md
[16:16:10] Picture infomations saved to global/it-IT/history/2025/09/10_it-IT.md
[16:16:10] Start geting global Bing Wallpaper, region=es-ES, local time is 2025-09-10 18:16:10.140150+02:00
[16:16:10] Successful get url: https://www.bing.com/th?id=OHR.YorkshireHay_ES-ES7917729802_UHD.jpg
[16:16:10] Picture infomations saved to  global/es-ES/README.md
[16:16:10] Picture infomations saved to global/es-ES/history/2025/09/10_es-ES.md
[16:16:10] Start geting global Bing Wallpaper, region=fr-CA, local time is 2025-09-10 12:16:10.388756-04:00
[16:16:10] Successful get url: https://www.bing.com/th?id=OHR.YorkshireHay_FR-CA9200328346_UHD.jpg
[16:16:10] Picture infomations saved to  global/fr-CA/README.md
[16:16:10] Picture infomations saved to global/fr-CA/history/2025/09/11_fr-CA.md
Program exit at 16:16:10
