
Program started at 09:29:57
Operating System Name: Linux
Operating System Version: #18~24.04.1-Ubuntu SMP Sat Jun 28 04:46:03 UTC 2025
System Architecture: ('64bit', 'ELF')
Computer Type: x86_64
Computer Name: runnervm3ublj
Processor Type: x86_64
Python Version: 3.12.11
Python Interpreter Name: CPython
[09:29:57] Start geting CN Bing Wallpaper
[09:29:57] Successful get url: https://www.bing.com/th?id=OHR.EucalyptusKoala_ZH-CN6942451940_UHD.jpg
[09:29:57] Image saved to img/background.jpg
[09:29:57] Info saved to README.md
[09:29:57] Image saved to history/2025/09/30.md
[09:29:57] Start geting global Bing Wallpaper, region=en-US, local time is 2025-09-30 05:29:57.950023-04:00
[09:29:58] Successful get url: https://www.bing.com/th?id=OHR.EucalyptusKoala_EN-US8743417111_UHD.jpg
[09:29:58] Picture infomations saved to  global/en-US/README.md
[09:29:58] Picture infomations saved to global/en-US/history/2025/10/01_en-US.md
[09:29:58] Start geting global Bing Wallpaper, region=ja-JP, local time is 2025-09-30 18:29:58.106860+09:00
[09:29:58] Successful get url: https://www.bing.com/th?id=OHR.EucalyptusKoala_JA-JP6385601679_UHD.jpg
[09:29:58] Picture infomations saved to  global/ja-JP/README.md
[09:29:58] Picture infomations saved to global/ja-JP/history/2025/09/30_ja-JP.md
[09:29:58] Start geting global Bing Wallpaper, region=en-IN, local time is 2025-09-30 14:59:58.286278+05:30
[09:29:58] Successful get url: https://www.bing.com/th?id=OHR.EucalyptusKoala_EN-IN3734256942_UHD.jpg
[09:29:58] Picture infomations saved to  global/en-IN/README.md
[09:29:58] Picture infomations saved to global/en-IN/history/2025/09/30_en-IN.md
[09:29:58] Start geting global Bing Wallpaper, region=pt-BR, local time is 2025-09-30 06:29:58.435718-03:00
[09:29:58] Successful get url: https://www.bing.com/th?id=OHR.EucalyptusKoala_PT-BR2049021569_UHD.jpg
[09:29:58] Picture infomations saved to  global/pt-BR/README.md
[09:29:58] Picture infomations saved to global/pt-BR/history/2025/10/01_pt-BR.md
[09:29:58] Start geting global Bing Wallpaper, region=fr-FR, local time is 2025-09-30 11:29:58.583170+02:00
[09:29:58] Successful get url: https://www.bing.com/th?id=OHR.EucalyptusKoala_FR-FR2271596623_UHD.jpg
[09:29:58] Picture infomations saved to  global/fr-FR/README.md
[09:29:58] Picture infomations saved to global/fr-FR/history/2025/09/30_fr-FR.md
[09:29:58] Start geting global Bing Wallpaper, region=de-DE, local time is 2025-09-30 11:29:58.735217+02:00
[09:29:58] Successful get url: https://www.bing.com/th?id=OHR.EucalyptusKoala_DE-DE1090162276_UHD.jpg
[09:29:58] Picture infomations saved to  global/de-DE/README.md
[09:29:58] Picture infomations saved to global/de-DE/history/2025/09/30_de-DE.md
[09:29:58] Start geting global Bing Wallpaper, region=en-CA, local time is 2025-09-30 05:29:58.938382-04:00
[09:29:58] Successful get url: https://www.bing.com/th?id=OHR.EucalyptusKoala_EN-CA8939050680_UHD.jpg
[09:29:59] Picture infomations saved to  global/en-CA/README.md
[09:29:59] Picture infomations saved to global/en-CA/history/2025/10/01_en-CA.md
[09:29:59] Start geting global Bing Wallpaper, region=en-GB, local time is 2025-09-30 10:29:59.085140+01:00
[09:29:59] Successful get url: https://www.bing.com/th?id=OHR.EucalyptusKoala_EN-GB0256529335_UHD.jpg
[09:29:59] Picture infomations saved to  global/en-GB/README.md
[09:29:59] Picture infomations saved to global/en-GB/history/2025/09/30_en-GB.md
[09:29:59] Start geting global Bing Wallpaper, region=it-IT, local time is 2025-09-30 11:29:59.228951+02:00
[09:29:59] Successful get url: https://www.bing.com/th?id=OHR.EucalyptusKoala_IT-IT9137756909_UHD.jpg
[09:29:59] Picture infomations saved to  global/it-IT/README.md
[09:29:59] Picture infomations saved to global/it-IT/history/2025/09/30_it-IT.md
[09:29:59] Start geting global Bing Wallpaper, region=es-ES, local time is 2025-09-30 11:29:59.375888+02:00
[09:29:59] Successful get url: https://www.bing.com/th?id=OHR.EucalyptusKoala_ES-ES0797719606_UHD.jpg
[09:29:59] Picture infomations saved to  global/es-ES/README.md
[09:29:59] Picture infomations saved to global/es-ES/history/2025/09/30_es-ES.md
[09:29:59] Start geting global Bing Wallpaper, region=fr-CA, local time is 2025-09-30 05:29:59.521077-04:00
[09:29:59] Successful get url: https://www.bing.com/th?id=OHR.EucalyptusKoala_FR-CA6615119470_UHD.jpg
[09:29:59] Picture infomations saved to  global/fr-CA/README.md
[09:29:59] Picture infomations saved to global/fr-CA/history/2025/10/01_fr-CA.md
Program exit at 09:29:59
