
Program started at 09:30:15
Operating System Name: Linux
Operating System Version: #18~24.04.1-Ubuntu SMP Sat Jun 28 04:46:03 UTC 2025
System Architecture: ('64bit', 'ELF')
Computer Type: x86_64
Computer Name: runnervmf4ws1
Processor Type: x86_64
Python Version: 3.12.11
Python Interpreter Name: CPython
[09:30:15] Start geting CN Bing Wallpaper
[09:30:15] Successful get url: https://www.bing.com/th?id=OHR.OzoneEarth_ZH-CN0993915980_UHD.jpg
[09:30:15] Image saved to img/background.jpg
[09:30:15] Info saved to README.md
[09:30:15] Image saved to history/2025/09/16.md
[09:30:15] Start geting global Bing Wallpaper, region=en-US, local time is 2025-09-16 05:30:15.608962-04:00
[09:30:15] Successful get url: https://www.bing.com/th?id=OHR.OzoneEarth_EN-US9728527733_UHD.jpg
[09:30:15] Picture infomations saved to  global/en-US/README.md
[09:30:15] Picture infomations saved to global/en-US/history/2025/09/17_en-US.md
[09:30:15] Start geting global Bing Wallpaper, region=ja-JP, local time is 2025-09-16 18:30:15.781426+09:00
[09:30:15] Successful get url: https://www.bing.com/th?id=OHR.OzoneEarth_JA-JP1432094253_UHD.jpg
[09:30:15] Picture infomations saved to  global/ja-JP/README.md
[09:30:15] Picture infomations saved to global/ja-JP/history/2025/09/16_ja-JP.md
[09:30:15] Start geting global Bing Wallpaper, region=en-IN, local time is 2025-09-16 15:00:15.921765+05:30
[09:30:15] Successful get url: https://www.bing.com/th?id=OHR.OzoneEarth_EN-IN1801873889_UHD.jpg
[09:30:16] Picture infomations saved to  global/en-IN/README.md
[09:30:16] Picture infomations saved to global/en-IN/history/2025/09/16_en-IN.md
[09:30:16] Start geting global Bing Wallpaper, region=pt-BR, local time is 2025-09-16 06:30:16.060809-03:00
[09:30:16] Successful get url: https://www.bing.com/th?id=OHR.OzoneEarth_PT-BR3466489488_UHD.jpg
[09:30:16] Picture infomations saved to  global/pt-BR/README.md
[09:30:16] Picture infomations saved to global/pt-BR/history/2025/09/17_pt-BR.md
[09:30:16] Start geting global Bing Wallpaper, region=fr-FR, local time is 2025-09-16 11:30:16.190416+02:00
[09:30:16] Successful get url: https://www.bing.com/th?id=OHR.OzoneEarth_FR-FR6213796059_UHD.jpg
[09:30:16] Picture infomations saved to  global/fr-FR/README.md
[09:30:16] Picture infomations saved to global/fr-FR/history/2025/09/16_fr-FR.md
[09:30:16] Start geting global Bing Wallpaper, region=de-DE, local time is 2025-09-16 11:30:16.322306+02:00
[09:30:16] Successful get url: https://www.bing.com/th?id=OHR.OzoneEarth_DE-DE2800551844_UHD.jpg
[09:30:16] Picture infomations saved to  global/de-DE/README.md
[09:30:16] Picture infomations saved to global/de-DE/history/2025/09/16_de-DE.md
[09:30:16] Start geting global Bing Wallpaper, region=en-CA, local time is 2025-09-16 05:30:16.462024-04:00
[09:30:16] Successful get url: https://www.bing.com/th?id=OHR.OzoneEarth_EN-CA7588653763_UHD.jpg
[09:30:16] Picture infomations saved to  global/en-CA/README.md
[09:30:16] Picture infomations saved to global/en-CA/history/2025/09/17_en-CA.md
[09:30:16] Start geting global Bing Wallpaper, region=en-GB, local time is 2025-09-16 10:30:16.593730+01:00
[09:30:16] Successful get url: https://www.bing.com/th?id=OHR.OzoneEarth_EN-GB2737742012_UHD.jpg
[09:30:16] Picture infomations saved to  global/en-GB/README.md
[09:30:16] Picture infomations saved to global/en-GB/history/2025/09/16_en-GB.md
[09:30:16] Start geting global Bing Wallpaper, region=it-IT, local time is 2025-09-16 11:30:16.730886+02:00
[09:30:16] Successful get url: https://www.bing.com/th?id=OHR.OzoneEarth_IT-IT9452054464_UHD.jpg
[09:30:16] Picture infomations saved to  global/it-IT/README.md
[09:30:16] Picture infomations saved to global/it-IT/history/2025/09/16_it-IT.md
[09:30:16] Start geting global Bing Wallpaper, region=es-ES, local time is 2025-09-16 11:30:16.871168+02:00
[09:30:16] Successful get url: https://www.bing.com/th?id=OHR.OzoneEarth_ES-ES8514798418_UHD.jpg
[09:30:16] Picture infomations saved to  global/es-ES/README.md
[09:30:16] Picture infomations saved to global/es-ES/history/2025/09/16_es-ES.md
[09:30:16] Start geting global Bing Wallpaper, region=fr-CA, local time is 2025-09-16 05:30:16.977728-04:00
[09:30:17] Successful get url: https://www.bing.com/th?id=OHR.OzoneEarth_FR-CA7415892367_UHD.jpg
[09:30:17] Picture infomations saved to  global/fr-CA/README.md
[09:30:17] Picture infomations saved to global/fr-CA/history/2025/09/17_fr-CA.md
Program exit at 09:30:17
