
Program started at 09:30:43
Operating System Name: Linux
Operating System Version: #18~24.04.1-Ubuntu SMP Sat Jun 28 04:46:03 UTC 2025
System Architecture: ('64bit', 'ELF')
Computer Type: x86_64
Computer Name: pkrvmccyg1gnepe
Processor Type: x86_64
Python Version: 3.12.11
Python Interpreter Name: CPython
[09:30:43] Start geting CN Bing Wallpaper
[09:30:43] Successful get url: https://www.bing.com/th?id=OHR.DeadvleiTrees_ZH-CN0967414858_UHD.jpg
[09:30:43] Image saved to img/background.jpg
[09:30:43] Info saved to README.md
[09:30:43] Image saved to history/2025/09/02.md
[09:30:43] Start geting global Bing Wallpaper, region=en-US, local time is 2025-09-02 05:30:43.438424-04:00
[09:30:43] Successful get url: https://www.bing.com/th?id=OHR.DeadvleiTrees_EN-US4233800313_UHD.jpg
[09:30:43] Picture infomations saved to  global/en-US/README.md
[09:30:43] Picture infomations saved to global/en-US/history/2025/09/03_en-US.md
[09:30:43] Start geting global Bing Wallpaper, region=ja-JP, local time is 2025-09-02 18:30:43.756461+09:00
[09:30:43] Successful get url: https://www.bing.com/th?id=OHR.DeadvleiTrees_JA-JP5847596989_UHD.jpg
[09:30:44] Picture infomations saved to  global/ja-JP/README.md
[09:30:44] Picture infomations saved to global/ja-JP/history/2025/09/02_ja-JP.md
[09:30:44] Start geting global Bing Wallpaper, region=en-IN, local time is 2025-09-02 15:00:44.124951+05:30
[09:30:44] Successful get url: https://www.bing.com/th?id=OHR.DeadvleiTrees_EN-IN4217239314_UHD.jpg
[09:30:44] Picture infomations saved to  global/en-IN/README.md
[09:30:44] Picture infomations saved to global/en-IN/history/2025/09/02_en-IN.md
[09:30:44] Start geting global Bing Wallpaper, region=pt-BR, local time is 2025-09-02 06:30:44.443226-03:00
[09:30:44] Successful get url: https://www.bing.com/th?id=OHR.DeadvleiTrees_PT-BR2241595565_UHD.jpg
[09:30:44] Picture infomations saved to  global/pt-BR/README.md
[09:30:44] Picture infomations saved to global/pt-BR/history/2025/09/03_pt-BR.md
[09:30:44] Start geting global Bing Wallpaper, region=fr-FR, local time is 2025-09-02 11:30:44.699228+02:00
[09:30:44] Successful get url: https://www.bing.com/th?id=OHR.DeadvleiTrees_FR-FR9220930229_UHD.jpg
[09:30:44] Picture infomations saved to  global/fr-FR/README.md
[09:30:44] Picture infomations saved to global/fr-FR/history/2025/09/02_fr-FR.md
[09:30:44] Start geting global Bing Wallpaper, region=de-DE, local time is 2025-09-02 11:30:44.943690+02:00
[09:30:45] Successful get url: https://www.bing.com/th?id=OHR.DeadvleiTrees_DE-DE6613331232_UHD.jpg
[09:30:45] Picture infomations saved to  global/de-DE/README.md
[09:30:45] Picture infomations saved to global/de-DE/history/2025/09/02_de-DE.md
[09:30:45] Start geting global Bing Wallpaper, region=en-CA, local time is 2025-09-02 05:30:45.194855-04:00
[09:30:45] Successful get url: https://www.bing.com/th?id=OHR.DeadvleiTrees_EN-CA3439734849_UHD.jpg
[09:30:45] Picture infomations saved to  global/en-CA/README.md
[09:30:45] Picture infomations saved to global/en-CA/history/2025/09/03_en-CA.md
[09:30:45] Start geting global Bing Wallpaper, region=en-GB, local time is 2025-09-02 10:30:45.406774+01:00
[09:30:45] Successful get url: https://www.bing.com/th?id=OHR.DeadvleiTrees_EN-GB0679166785_UHD.jpg
[09:30:45] Picture infomations saved to  global/en-GB/README.md
[09:30:45] Picture infomations saved to global/en-GB/history/2025/09/02_en-GB.md
[09:30:45] Start geting global Bing Wallpaper, region=it-IT, local time is 2025-09-02 11:30:45.644148+02:00
[09:30:45] Successful get url: https://www.bing.com/th?id=OHR.DeadvleiTrees_IT-IT9675346789_UHD.jpg
[09:30:45] Picture infomations saved to  global/it-IT/README.md
[09:30:45] Picture infomations saved to global/it-IT/history/2025/09/02_it-IT.md
[09:30:45] Start geting global Bing Wallpaper, region=es-ES, local time is 2025-09-02 11:30:45.880849+02:00
[09:30:45] Successful get url: https://www.bing.com/th?id=OHR.DeadvleiTrees_ES-ES0322345638_UHD.jpg
[09:30:46] Picture infomations saved to  global/es-ES/README.md
[09:30:46] Picture infomations saved to global/es-ES/history/2025/09/02_es-ES.md
[09:30:46] Start geting global Bing Wallpaper, region=fr-CA, local time is 2025-09-02 05:30:46.120968-04:00
[09:30:46] Successful get url: https://www.bing.com/th?id=OHR.DeadvleiTrees_FR-CA3437510349_UHD.jpg
[09:30:46] Picture infomations saved to  global/fr-CA/README.md
[09:30:46] Picture infomations saved to global/fr-CA/history/2025/09/03_fr-CA.md
Program exit at 09:30:46
