
Program started at 09:33:24
Operating System Name: Linux
Operating System Version: #18~24.04.1-Ubuntu SMP Sat Jun 28 04:46:03 UTC 2025
System Architecture: ('64bit', 'ELF')
Computer Type: x86_64
Computer Name: pkrvmccyg1gnepe
Processor Type: x86_64
Python Version: 3.12.11
Python Interpreter Name: CPython
[09:33:25] Start geting CN Bing Wallpaper
[09:33:25] Successful get url: https://www.bing.com/th?id=OHR.FieldKaiserstuhl_ZH-CN0467488834_UHD.jpg
[09:33:25] Image saved to img/background.jpg
[09:33:25] Info saved to README.md
[09:33:25] Image saved to history/2025/09/01.md
[09:33:25] Start geting global Bing Wallpaper, region=en-US, local time is 2025-09-01 05:33:25.558619-04:00
[09:33:25] Successful get url: https://www.bing.com/th?id=OHR.LaborDayChicago_EN-US3947410593_UHD.jpg
[09:33:25] Picture infomations saved to  global/en-US/README.md
[09:33:25] Picture infomations saved to global/en-US/history/2025/09/02_en-US.md
[09:33:25] Start geting global Bing Wallpaper, region=ja-JP, local time is 2025-09-01 18:33:25.718849+09:00
[09:33:25] Successful get url: https://www.bing.com/th?id=OHR.SaintBarbaras_JA-JP5804029970_UHD.jpg
[09:33:25] Picture infomations saved to  global/ja-JP/README.md
[09:33:25] Picture infomations saved to global/ja-JP/history/2025/09/01_ja-JP.md
[09:33:25] Start geting global Bing Wallpaper, region=en-IN, local time is 2025-09-01 15:03:25.933523+05:30
[09:33:25] Successful get url: https://www.bing.com/th?id=OHR.PerseidsPine_EN-IN9650707879_UHD.jpg
[09:33:26] Picture infomations saved to  global/en-IN/README.md
[09:33:26] Picture infomations saved to global/en-IN/history/2025/09/01_en-IN.md
[09:33:26] Start geting global Bing Wallpaper, region=pt-BR, local time is 2025-09-01 06:33:26.052694-03:00
[09:33:26] Successful get url: https://www.bing.com/th?id=OHR.PalouseWA_PT-BR8269290462_UHD.jpg
[09:33:26] Picture infomations saved to  global/pt-BR/README.md
[09:33:26] Picture infomations saved to global/pt-BR/history/2025/09/02_pt-BR.md
[09:33:26] Start geting global Bing Wallpaper, region=fr-FR, local time is 2025-09-01 11:33:26.273774+02:00
[09:33:26] Successful get url: https://www.bing.com/th?id=OHR.MinnesotaWaters_FR-FR7608099826_UHD.jpg
[09:33:26] Picture infomations saved to  global/fr-FR/README.md
[09:33:26] Picture infomations saved to global/fr-FR/history/2025/09/01_fr-FR.md
[09:33:26] Start geting global Bing Wallpaper, region=de-DE, local time is 2025-09-01 11:33:26.375617+02:00
[09:33:26] Successful get url: https://www.bing.com/th?id=OHR.TrulliHouses_DE-DE2753356790_UHD.jpg
[09:33:26] Picture infomations saved to  global/de-DE/README.md
[09:33:26] Picture infomations saved to global/de-DE/history/2025/09/01_de-DE.md
[09:33:26] Start geting global Bing Wallpaper, region=en-CA, local time is 2025-09-01 05:33:26.644619-04:00
[09:33:26] Successful get url: https://www.bing.com/th?id=OHR.YellowstoneRiver_EN-CA9627036432_UHD.jpg
[09:33:26] Picture infomations saved to  global/en-CA/README.md
[09:33:26] Picture infomations saved to global/en-CA/history/2025/09/02_en-CA.md
[09:33:26] Start geting global Bing Wallpaper, region=en-GB, local time is 2025-09-01 10:33:26.772353+01:00
[09:33:26] Successful get url: https://www.bing.com/th?id=OHR.GipuzcoaSummer_EN-GB2818544324_UHD.jpg
[09:33:26] Picture infomations saved to  global/en-GB/README.md
[09:33:26] Picture infomations saved to global/en-GB/history/2025/09/01_en-GB.md
[09:33:26] Start geting global Bing Wallpaper, region=it-IT, local time is 2025-09-01 11:33:26.867647+02:00
[09:33:26] Successful get url: https://www.bing.com/th?id=OHR.TrulliHouses_IT-IT0120917493_UHD.jpg
[09:33:26] Picture infomations saved to  global/it-IT/README.md
[09:33:26] Picture infomations saved to global/it-IT/history/2025/09/01_it-IT.md
[09:33:26] Start geting global Bing Wallpaper, region=es-ES, local time is 2025-09-01 11:33:26.978803+02:00
[09:33:27] Successful get url: https://www.bing.com/th?id=OHR.ScottsBluff_ES-ES9472248274_UHD.jpg
[09:33:27] Picture infomations saved to  global/es-ES/README.md
[09:33:27] Picture infomations saved to global/es-ES/history/2025/09/01_es-ES.md
[09:33:27] Start geting global Bing Wallpaper, region=fr-CA, local time is 2025-09-01 05:33:27.117928-04:00
[09:33:27] Successful get url: https://www.bing.com/th?id=OHR.MinnesotaWaters_FR-CA2747659631_UHD.jpg
[09:33:27] Picture infomations saved to  global/fr-CA/README.md
[09:33:27] Picture infomations saved to global/fr-CA/history/2025/09/02_fr-CA.md
Program exit at 09:33:27
