
Program started at 09:32:43
Operating System Name: Linux
Operating System Version: #18~24.04.1-Ubuntu SMP Sat Jun 28 04:46:03 UTC 2025
System Architecture: ('64bit', 'ELF')
Computer Type: x86_64
Computer Name: runnervmf4ws1
Processor Type: x86_64
Python Version: 3.12.11
Python Interpreter Name: CPython
[09:32:43] Start geting CN Bing Wallpaper
[09:32:43] Successful get url: https://www.bing.com/th?id=OHR.AspenEquinox_ZH-CN5474695693_UHD.jpg
[09:32:43] Image saved to img/background.jpg
[09:32:43] Info saved to README.md
[09:32:43] Image saved to history/2025/09/22.md
[09:32:43] Start geting global Bing Wallpaper, region=en-US, local time is 2025-09-22 05:32:43.613821-04:00
[09:32:43] Successful get url: https://www.bing.com/th?id=OHR.AspenEquinox_EN-US8237887036_UHD.jpg
[09:32:43] Picture infomations saved to  global/en-US/README.md
[09:32:43] Picture infomations saved to global/en-US/history/2025/09/23_en-US.md
[09:32:43] Start geting global Bing Wallpaper, region=ja-JP, local time is 2025-09-22 18:32:43.851434+09:00
[09:32:43] Successful get url: https://www.bing.com/th?id=OHR.ToucanForest_JA-JP8804759807_UHD.jpg
[09:32:44] Picture infomations saved to  global/ja-JP/README.md
[09:32:44] Picture infomations saved to global/ja-JP/history/2025/09/22_ja-JP.md
[09:32:44] Start geting global Bing Wallpaper, region=en-IN, local time is 2025-09-22 15:02:44.075749+05:30
[09:32:44] Successful get url: https://www.bing.com/th?id=OHR.AspenEquinox_EN-IN2120497410_UHD.jpg
[09:32:44] Picture infomations saved to  global/en-IN/README.md
[09:32:44] Picture infomations saved to global/en-IN/history/2025/09/22_en-IN.md
[09:32:44] Start geting global Bing Wallpaper, region=pt-BR, local time is 2025-09-22 06:32:44.281682-03:00
[09:32:44] Successful get url: https://www.bing.com/th?id=OHR.Primavera25_PT-BR8233875845_UHD.jpg
[09:32:44] Picture infomations saved to  global/pt-BR/README.md
[09:32:44] Picture infomations saved to global/pt-BR/history/2025/09/23_pt-BR.md
[09:32:44] Start geting global Bing Wallpaper, region=fr-FR, local time is 2025-09-22 11:32:44.491470+02:00
[09:32:44] Successful get url: https://www.bing.com/th?id=OHR.AspenEquinox_FR-FR4843698159_UHD.jpg
[09:32:44] Picture infomations saved to  global/fr-FR/README.md
[09:32:44] Picture infomations saved to global/fr-FR/history/2025/09/22_fr-FR.md
[09:32:44] Start geting global Bing Wallpaper, region=de-DE, local time is 2025-09-22 11:32:44.708447+02:00
[09:32:44] Successful get url: https://www.bing.com/th?id=OHR.AspenEquinox_DE-DE0417309231_UHD.jpg
[09:32:44] Picture infomations saved to  global/de-DE/README.md
[09:32:44] Picture infomations saved to global/de-DE/history/2025/09/22_de-DE.md
[09:32:44] Start geting global Bing Wallpaper, region=en-CA, local time is 2025-09-22 05:32:44.918112-04:00
[09:32:45] Successful get url: https://www.bing.com/th?id=OHR.AspenEquinox_EN-CA5015758865_UHD.jpg
[09:32:45] Picture infomations saved to  global/en-CA/README.md
[09:32:45] Picture infomations saved to global/en-CA/history/2025/09/23_en-CA.md
[09:32:45] Start geting global Bing Wallpaper, region=en-GB, local time is 2025-09-22 10:32:45.123497+01:00
[09:32:45] Successful get url: https://www.bing.com/th?id=OHR.AspenEquinox_EN-GB2838380564_UHD.jpg
[09:32:45] Picture infomations saved to  global/en-GB/README.md
[09:32:45] Picture infomations saved to global/en-GB/history/2025/09/22_en-GB.md
[09:32:45] Start geting global Bing Wallpaper, region=it-IT, local time is 2025-09-22 11:32:45.325243+02:00
[09:32:45] Successful get url: https://www.bing.com/th?id=OHR.AspenEquinox_IT-IT3698686278_UHD.jpg
[09:32:45] Picture infomations saved to  global/it-IT/README.md
[09:32:45] Picture infomations saved to global/it-IT/history/2025/09/22_it-IT.md
[09:32:45] Start geting global Bing Wallpaper, region=es-ES, local time is 2025-09-22 11:32:45.531212+02:00
[09:32:45] Successful get url: https://www.bing.com/th?id=OHR.AspenEquinox_ES-ES0554126679_UHD.jpg
[09:32:45] Picture infomations saved to  global/es-ES/README.md
[09:32:45] Picture infomations saved to global/es-ES/history/2025/09/22_es-ES.md
[09:32:45] Start geting global Bing Wallpaper, region=fr-CA, local time is 2025-09-22 05:32:45.745946-04:00
[09:32:45] Successful get url: https://www.bing.com/th?id=OHR.AspenEquinox_FR-CA3336828121_UHD.jpg
[09:32:45] Picture infomations saved to  global/fr-CA/README.md
[09:32:45] Picture infomations saved to global/fr-CA/history/2025/09/23_fr-CA.md
Program exit at 09:32:45

Program started at 16:16:29
Operating System Name: Linux
Operating System Version: #18~24.04.1-Ubuntu SMP Sat Jun 28 04:46:03 UTC 2025
System Architecture: ('64bit', 'ELF')
Computer Type: x86_64
Computer Name: runnervmf4ws1
Processor Type: x86_64
Python Version: 3.12.11
Python Interpreter Name: CPython
[16:16:29] Start geting CN Bing Wallpaper
[16:16:29] Successful get url: https://www.bing.com/th?id=OHR.AutumnalEquinoxY25_ZH-CN5692548297_UHD.jpg
[16:16:29] Image saved to img/background.jpg
[16:16:29] Info saved to README.md
[16:16:29] Image saved to history/2025/09/23.md
[16:16:29] Start geting global Bing Wallpaper, region=en-US, local time is 2025-09-22 12:16:29.267549-04:00
[16:16:29] Successful get url: https://www.bing.com/th?id=OHR.AspenEquinox_EN-US8237887036_UHD.jpg
[16:16:29] Picture infomations saved to  global/en-US/README.md
[16:16:29] Picture infomations saved to global/en-US/history/2025/09/23_en-US.md
[16:16:29] Start geting global Bing Wallpaper, region=ja-JP, local time is 2025-09-23 01:16:29.417296+09:00
[16:16:29] Successful get url: https://www.bing.com/th?id=OHR.AutumnEquinox2025_JA-JP9152081751_UHD.jpg
[16:16:29] Picture infomations saved to  global/ja-JP/README.md
[16:16:29] Picture infomations saved to global/ja-JP/history/2025/09/23_ja-JP.md
[16:16:29] Start geting global Bing Wallpaper, region=en-IN, local time is 2025-09-22 21:46:29.592076+05:30
[16:16:29] Successful get url: https://www.bing.com/th?id=OHR.AspenEquinox_EN-IN2120497410_UHD.jpg
[16:16:29] Picture infomations saved to  global/en-IN/README.md
[16:16:29] Picture infomations saved to global/en-IN/history/2025/09/22_en-IN.md
[16:16:29] Start geting global Bing Wallpaper, region=pt-BR, local time is 2025-09-22 13:16:29.746834-03:00
[16:16:29] Successful get url: https://www.bing.com/th?id=OHR.Primavera25_PT-BR8233875845_UHD.jpg
[16:16:29] Picture infomations saved to  global/pt-BR/README.md
[16:16:29] Picture infomations saved to global/pt-BR/history/2025/09/23_pt-BR.md
[16:16:29] Start geting global Bing Wallpaper, region=fr-FR, local time is 2025-09-22 18:16:29.935874+02:00
[16:16:29] Successful get url: https://www.bing.com/th?id=OHR.AspenEquinox_FR-FR4843698159_UHD.jpg
[16:16:30] Picture infomations saved to  global/fr-FR/README.md
[16:16:30] Picture infomations saved to global/fr-FR/history/2025/09/22_fr-FR.md
[16:16:30] Start geting global Bing Wallpaper, region=de-DE, local time is 2025-09-22 18:16:30.097505+02:00
[16:16:30] Successful get url: https://www.bing.com/th?id=OHR.AspenEquinox_DE-DE0417309231_UHD.jpg
[16:16:30] Picture infomations saved to  global/de-DE/README.md
[16:16:30] Picture infomations saved to global/de-DE/history/2025/09/22_de-DE.md
[16:16:30] Start geting global Bing Wallpaper, region=en-CA, local time is 2025-09-22 12:16:30.288515-04:00
[16:16:30] Successful get url: https://www.bing.com/th?id=OHR.AspenEquinox_EN-CA5015758865_UHD.jpg
[16:16:30] Picture infomations saved to  global/en-CA/README.md
[16:16:30] Picture infomations saved to global/en-CA/history/2025/09/23_en-CA.md
[16:16:30] Start geting global Bing Wallpaper, region=en-GB, local time is 2025-09-22 17:16:30.461288+01:00
[16:16:30] Successful get url: https://www.bing.com/th?id=OHR.AspenEquinox_EN-GB2838380564_UHD.jpg
[16:16:30] Picture infomations saved to  global/en-GB/README.md
[16:16:30] Picture infomations saved to global/en-GB/history/2025/09/22_en-GB.md
[16:16:30] Start geting global Bing Wallpaper, region=it-IT, local time is 2025-09-22 18:16:30.631748+02:00
[16:16:30] Successful get url: https://www.bing.com/th?id=OHR.AspenEquinox_IT-IT3698686278_UHD.jpg
[16:16:30] Picture infomations saved to  global/it-IT/README.md
[16:16:30] Picture infomations saved to global/it-IT/history/2025/09/22_it-IT.md
[16:16:30] Start geting global Bing Wallpaper, region=es-ES, local time is 2025-09-22 18:16:30.817363+02:00
[16:16:30] Successful get url: https://www.bing.com/th?id=OHR.AspenEquinox_ES-ES0554126679_UHD.jpg
[16:16:30] Picture infomations saved to  global/es-ES/README.md
[16:16:30] Picture infomations saved to global/es-ES/history/2025/09/22_es-ES.md
[16:16:30] Start geting global Bing Wallpaper, region=fr-CA, local time is 2025-09-22 12:16:30.982010-04:00
[16:16:31] Successful get url: https://www.bing.com/th?id=OHR.AspenEquinox_FR-CA3336828121_UHD.jpg
[16:16:31] Picture infomations saved to  global/fr-CA/README.md
[16:16:31] Picture infomations saved to global/fr-CA/history/2025/09/23_fr-CA.md
Program exit at 16:16:31
