
Program started at 09:29:06
Operating System Name: Linux
Operating System Version: #18~24.04.1-Ubuntu SMP Sat Jun 28 04:46:03 UTC 2025
System Architecture: ('64bit', 'ELF')
Computer Type: x86_64
Computer Name: pkrvm7jw40e0xgp
Processor Type: x86_64
Python Version: 3.12.11
Python Interpreter Name: CPython
[09:29:06] Start geting CN Bing Wallpaper
[09:29:06] Successful get url: https://www.bing.com/th?id=OHR.WrestlingBears_ZH-CN6430637848_UHD.jpg
[09:29:06] Image saved to img/background.jpg
[09:29:06] Info saved to README.md
[09:29:06] Image saved to history/2025/09/04.md
[09:29:06] Start geting global Bing Wallpaper, region=en-US, local time is 2025-09-04 05:29:06.291447-04:00
[09:29:06] Successful get url: https://www.bing.com/th?id=OHR.WrestlingBears_EN-US4338158114_UHD.jpg
[09:29:06] Picture infomations saved to  global/en-US/README.md
[09:29:06] Picture infomations saved to global/en-US/history/2025/09/05_en-US.md
[09:29:06] Start geting global Bing Wallpaper, region=ja-JP, local time is 2025-09-04 18:29:06.435733+09:00
[09:29:06] Successful get url: https://www.bing.com/th?id=OHR.YohoNP_JA-JP5965096200_UHD.jpg
[09:29:06] Picture infomations saved to  global/ja-JP/README.md
[09:29:06] Picture infomations saved to global/ja-JP/history/2025/09/04_ja-JP.md
[09:29:06] Start geting global Bing Wallpaper, region=en-IN, local time is 2025-09-04 14:59:06.564539+05:30
[09:29:06] Successful get url: https://www.bing.com/th?id=OHR.WrestlingBears_EN-IN9132458412_UHD.jpg
[09:29:06] Picture infomations saved to  global/en-IN/README.md
[09:29:06] Picture infomations saved to global/en-IN/history/2025/09/04_en-IN.md
[09:29:06] Start geting global Bing Wallpaper, region=pt-BR, local time is 2025-09-04 06:29:06.690069-03:00
[09:29:06] Successful get url: https://www.bing.com/th?id=OHR.WrestlingBears_PT-BR2169243821_UHD.jpg
[09:29:06] Picture infomations saved to  global/pt-BR/README.md
[09:29:06] Picture infomations saved to global/pt-BR/history/2025/09/05_pt-BR.md
[09:29:06] Start geting global Bing Wallpaper, region=fr-FR, local time is 2025-09-04 11:29:06.808638+02:00
[09:29:06] Successful get url: https://www.bing.com/th?id=OHR.WrestlingBears_FR-FR0316323134_UHD.jpg
[09:29:06] Picture infomations saved to  global/fr-FR/README.md
[09:29:06] Picture infomations saved to global/fr-FR/history/2025/09/04_fr-FR.md
[09:29:06] Start geting global Bing Wallpaper, region=de-DE, local time is 2025-09-04 11:29:06.926742+02:00
[09:29:06] Successful get url: https://www.bing.com/th?id=OHR.WrestlingBears_DE-DE4535845239_UHD.jpg
[09:29:07] Picture infomations saved to  global/de-DE/README.md
[09:29:07] Picture infomations saved to global/de-DE/history/2025/09/04_de-DE.md
[09:29:07] Start geting global Bing Wallpaper, region=en-CA, local time is 2025-09-04 05:29:07.054624-04:00
[09:29:07] Successful get url: https://www.bing.com/th?id=OHR.TiFF25_EN-CA4935162806_UHD.jpg
[09:29:07] Picture infomations saved to  global/en-CA/README.md
[09:29:07] Picture infomations saved to global/en-CA/history/2025/09/05_en-CA.md
[09:29:07] Start geting global Bing Wallpaper, region=en-GB, local time is 2025-09-04 10:29:07.188944+01:00
[09:29:07] Successful get url: https://www.bing.com/th?id=OHR.WrestlingBears_EN-GB3380146887_UHD.jpg
[09:29:07] Picture infomations saved to  global/en-GB/README.md
[09:29:07] Picture infomations saved to global/en-GB/history/2025/09/04_en-GB.md
[09:29:07] Start geting global Bing Wallpaper, region=it-IT, local time is 2025-09-04 11:29:07.322117+02:00
[09:29:07] Successful get url: https://www.bing.com/th?id=OHR.WrestlingBears_IT-IT9855887848_UHD.jpg
[09:29:07] Picture infomations saved to  global/it-IT/README.md
[09:29:07] Picture infomations saved to global/it-IT/history/2025/09/04_it-IT.md
[09:29:07] Start geting global Bing Wallpaper, region=es-ES, local time is 2025-09-04 11:29:07.437650+02:00
[09:29:07] Successful get url: https://www.bing.com/th?id=OHR.WrestlingBears_ES-ES0873710105_UHD.jpg
[09:29:07] Picture infomations saved to  global/es-ES/README.md
[09:29:07] Picture infomations saved to global/es-ES/history/2025/09/04_es-ES.md
[09:29:07] Start geting global Bing Wallpaper, region=fr-CA, local time is 2025-09-04 05:29:07.577704-04:00
[09:29:07] Successful get url: https://www.bing.com/th?id=OHR.TiFF25_FR-CA5296351553_UHD.jpg
[09:29:07] Picture infomations saved to  global/fr-CA/README.md
[09:29:07] Picture infomations saved to global/fr-CA/history/2025/09/05_fr-CA.md
Program exit at 09:29:07
