
Program started at 09:25:31
Operating System Name: Linux
Operating System Version: #18~24.04.1-Ubuntu SMP Sat Jun 28 04:46:03 UTC 2025
System Architecture: ('64bit', 'ELF')
Computer Type: x86_64
Computer Name: runnervm3ublj
Processor Type: x86_64
Python Version: 3.12.11
Python Interpreter Name: CPython
[09:25:31] Start geting CN Bing Wallpaper
[09:25:32] Successful get url: https://www.bing.com/th?id=OHR.TankLakes_ZH-CN6402368934_UHD.jpg
[09:25:32] Image saved to img/background.jpg
[09:25:32] Info saved to README.md
[09:25:32] Image saved to history/2025/09/27.md
[09:25:32] Start geting global Bing Wallpaper, region=en-US, local time is 2025-09-27 05:25:32.167513-04:00
[09:25:32] Successful get url: https://www.bing.com/th?id=OHR.TankLakes_EN-US9278332978_UHD.jpg
[09:25:32] Picture infomations saved to  global/en-US/README.md
[09:25:32] Picture infomations saved to global/en-US/history/2025/09/28_en-US.md
[09:25:32] Start geting global Bing Wallpaper, region=ja-JP, local time is 2025-09-27 18:25:32.353276+09:00
[09:25:32] Successful get url: https://www.bing.com/th?id=OHR.TankLakes_JA-JP1667519475_UHD.jpg
[09:25:32] Picture infomations saved to  global/ja-JP/README.md
[09:25:32] Picture infomations saved to global/ja-JP/history/2025/09/27_ja-JP.md
[09:25:32] Start geting global Bing Wallpaper, region=en-IN, local time is 2025-09-27 14:55:32.507911+05:30
[09:25:32] Successful get url: https://www.bing.com/th?id=OHR.TankLakes_EN-IN3018873170_UHD.jpg
[09:25:32] Picture infomations saved to  global/en-IN/README.md
[09:25:32] Picture infomations saved to global/en-IN/history/2025/09/27_en-IN.md
[09:25:32] Start geting global Bing Wallpaper, region=pt-BR, local time is 2025-09-27 06:25:32.721146-03:00
[09:25:32] Successful get url: https://www.bing.com/th?id=OHR.TankLakes_PT-BR9433679717_UHD.jpg
[09:25:32] Picture infomations saved to  global/pt-BR/README.md
[09:25:32] Picture infomations saved to global/pt-BR/history/2025/09/28_pt-BR.md
[09:25:32] Start geting global Bing Wallpaper, region=fr-FR, local time is 2025-09-27 11:25:32.846464+02:00
[09:25:32] Successful get url: https://www.bing.com/th?id=OHR.TankLakes_FR-FR1812673020_UHD.jpg
[09:25:32] Picture infomations saved to  global/fr-FR/README.md
[09:25:32] Picture infomations saved to global/fr-FR/history/2025/09/27_fr-FR.md
[09:25:32] Start geting global Bing Wallpaper, region=de-DE, local time is 2025-09-27 11:25:32.966579+02:00
[09:25:33] Successful get url: https://www.bing.com/th?id=OHR.BerlinAutumn_DE-DE0881465418_UHD.jpg
[09:25:33] Picture infomations saved to  global/de-DE/README.md
[09:25:33] Picture infomations saved to global/de-DE/history/2025/09/27_de-DE.md
[09:25:33] Start geting global Bing Wallpaper, region=en-CA, local time is 2025-09-27 05:25:33.259478-04:00
[09:25:33] Successful get url: https://www.bing.com/th?id=OHR.RedMapleleaf_EN-CA8222399050_UHD.jpg
[09:25:33] Picture infomations saved to  global/en-CA/README.md
[09:25:33] Picture infomations saved to global/en-CA/history/2025/09/28_en-CA.md
[09:25:33] Start geting global Bing Wallpaper, region=en-GB, local time is 2025-09-27 10:25:33.361603+01:00
[09:25:33] Successful get url: https://www.bing.com/th?id=OHR.YosemiteClark_EN-GB9745293465_UHD.jpg
[09:25:33] Picture infomations saved to  global/en-GB/README.md
[09:25:33] Picture infomations saved to global/en-GB/history/2025/09/27_en-GB.md
[09:25:33] Start geting global Bing Wallpaper, region=it-IT, local time is 2025-09-27 11:25:33.478937+02:00
[09:25:33] Successful get url: https://www.bing.com/th?id=OHR.TankLakes_IT-IT8921224847_UHD.jpg
[09:25:33] Picture infomations saved to  global/it-IT/README.md
[09:25:33] Picture infomations saved to global/it-IT/history/2025/09/27_it-IT.md
[09:25:33] Start geting global Bing Wallpaper, region=es-ES, local time is 2025-09-27 11:25:33.677548+02:00
[09:25:33] Successful get url: https://www.bing.com/th?id=OHR.TankLakes_ES-ES1860818071_UHD.jpg
[09:25:33] Picture infomations saved to  global/es-ES/README.md
[09:25:33] Picture infomations saved to global/es-ES/history/2025/09/27_es-ES.md
[09:25:33] Start geting global Bing Wallpaper, region=fr-CA, local time is 2025-09-27 05:25:33.803683-04:00
[09:25:33] Successful get url: https://www.bing.com/th?id=OHR.RedMapleleaf_FR-CA4700405844_UHD.jpg
[09:25:33] Picture infomations saved to  global/fr-CA/README.md
[09:25:33] Picture infomations saved to global/fr-CA/history/2025/09/28_fr-CA.md
Program exit at 09:25:33

Program started at 16:14:18
Operating System Name: Linux
Operating System Version: #18~24.04.1-Ubuntu SMP Sat Jun 28 04:46:03 UTC 2025
System Architecture: ('64bit', 'ELF')
Computer Type: x86_64
Computer Name: runnervm3ublj
Processor Type: x86_64
Python Version: 3.12.11
Python Interpreter Name: CPython
[16:14:18] Start geting CN Bing Wallpaper
[16:14:18] Successful get url: https://www.bing.com/th?id=OHR.PienzaItaly_ZH-CN6564335348_UHD.jpg
[16:14:18] Image saved to img/background.jpg
[16:14:18] Info saved to README.md
[16:14:18] Image saved to history/2025/09/28.md
[16:14:18] Start geting global Bing Wallpaper, region=en-US, local time is 2025-09-27 12:14:18.934399-04:00
[16:14:19] Successful get url: https://www.bing.com/th?id=OHR.TankLakes_EN-US9278332978_UHD.jpg
[16:14:19] Picture infomations saved to  global/en-US/README.md
[16:14:19] Picture infomations saved to global/en-US/history/2025/09/28_en-US.md
[16:14:19] Start geting global Bing Wallpaper, region=ja-JP, local time is 2025-09-28 01:14:19.101547+09:00
[16:14:19] Successful get url: https://www.bing.com/th?id=OHR.PienzaItaly_JA-JP1964382138_UHD.jpg
[16:14:19] Picture infomations saved to  global/ja-JP/README.md
[16:14:19] Picture infomations saved to global/ja-JP/history/2025/09/28_ja-JP.md
[16:14:19] Start geting global Bing Wallpaper, region=en-IN, local time is 2025-09-27 21:44:19.313489+05:30
[16:14:19] Successful get url: https://www.bing.com/th?id=OHR.TankLakes_EN-IN3018873170_UHD.jpg
[16:14:19] Picture infomations saved to  global/en-IN/README.md
[16:14:19] Picture infomations saved to global/en-IN/history/2025/09/27_en-IN.md
[16:14:19] Start geting global Bing Wallpaper, region=pt-BR, local time is 2025-09-27 13:14:19.437909-03:00
[16:14:19] Successful get url: https://www.bing.com/th?id=OHR.TankLakes_PT-BR9433679717_UHD.jpg
[16:14:19] Picture infomations saved to  global/pt-BR/README.md
[16:14:19] Picture infomations saved to global/pt-BR/history/2025/09/28_pt-BR.md
[16:14:19] Start geting global Bing Wallpaper, region=fr-FR, local time is 2025-09-27 18:14:19.580289+02:00
[16:14:19] Successful get url: https://www.bing.com/th?id=OHR.TankLakes_FR-FR1812673020_UHD.jpg
[16:14:19] Picture infomations saved to  global/fr-FR/README.md
[16:14:19] Picture infomations saved to global/fr-FR/history/2025/09/27_fr-FR.md
[16:14:19] Start geting global Bing Wallpaper, region=de-DE, local time is 2025-09-27 18:14:19.757968+02:00
[16:14:19] Successful get url: https://www.bing.com/th?id=OHR.BerlinAutumn_DE-DE0881465418_UHD.jpg
[16:14:19] Picture infomations saved to  global/de-DE/README.md
[16:14:19] Picture infomations saved to global/de-DE/history/2025/09/27_de-DE.md
[16:14:19] Start geting global Bing Wallpaper, region=en-CA, local time is 2025-09-27 12:14:19.918200-04:00
[16:14:19] Successful get url: https://www.bing.com/th?id=OHR.RedMapleleaf_EN-CA8222399050_UHD.jpg
[16:14:20] Picture infomations saved to  global/en-CA/README.md
[16:14:20] Picture infomations saved to global/en-CA/history/2025/09/28_en-CA.md
[16:14:20] Start geting global Bing Wallpaper, region=en-GB, local time is 2025-09-27 17:14:20.054870+01:00
[16:14:20] Successful get url: https://www.bing.com/th?id=OHR.YosemiteClark_EN-GB9745293465_UHD.jpg
[16:14:20] Picture infomations saved to  global/en-GB/README.md
[16:14:20] Picture infomations saved to global/en-GB/history/2025/09/27_en-GB.md
[16:14:20] Start geting global Bing Wallpaper, region=it-IT, local time is 2025-09-27 18:14:20.187197+02:00
[16:14:20] Successful get url: https://www.bing.com/th?id=OHR.TankLakes_IT-IT8921224847_UHD.jpg
[16:14:20] Picture infomations saved to  global/it-IT/README.md
[16:14:20] Picture infomations saved to global/it-IT/history/2025/09/27_it-IT.md
[16:14:20] Start geting global Bing Wallpaper, region=es-ES, local time is 2025-09-27 18:14:20.470916+02:00
[16:14:20] Successful get url: https://www.bing.com/th?id=OHR.TankLakes_ES-ES1860818071_UHD.jpg
[16:14:20] Picture infomations saved to  global/es-ES/README.md
[16:14:20] Picture infomations saved to global/es-ES/history/2025/09/27_es-ES.md
[16:14:20] Start geting global Bing Wallpaper, region=fr-CA, local time is 2025-09-27 12:14:20.623661-04:00
[16:14:20] Successful get url: https://www.bing.com/th?id=OHR.RedMapleleaf_FR-CA4700405844_UHD.jpg
[16:14:20] Picture infomations saved to  global/fr-CA/README.md
[16:14:20] Picture infomations saved to global/fr-CA/history/2025/09/28_fr-CA.md
Program exit at 16:14:20
