
Program started at 09:31:59
Operating System Name: Linux
Operating System Version: #18~24.04.1-Ubuntu SMP Sat Jun 28 04:46:03 UTC 2025
System Architecture: ('64bit', 'ELF')
Computer Type: x86_64
Computer Name: pkrvm7jw40e0xgp
Processor Type: x86_64
Python Version: 3.12.11
Python Interpreter Name: CPython
[09:31:59] Start geting CN Bing Wallpaper
[09:31:59] Successful get url: https://www.bing.com/th?id=OHR.OrchardLibrary_ZH-CN3578982798_UHD.jpg
[09:32:00] Image saved to img/background.jpg
[09:32:00] Info saved to README.md
[09:32:00] Image saved to history/2025/09/08.md
[09:32:00] Start geting global Bing Wallpaper, region=en-US, local time is 2025-09-08 05:32:00.058079-04:00
[09:32:00] Successful get url: https://www.bing.com/th?id=OHR.OrchardLibrary_EN-US8095609746_UHD.jpg
[09:32:00] Picture infomations saved to  global/en-US/README.md
[09:32:00] Picture infomations saved to global/en-US/history/2025/09/09_en-US.md
[09:32:00] Start geting global Bing Wallpaper, region=ja-JP, local time is 2025-09-08 18:32:00.259125+09:00
[09:32:00] Successful get url: https://www.bing.com/th?id=OHR.OrchardLibrary_JA-JP1251489199_UHD.jpg
[09:32:00] Picture infomations saved to  global/ja-JP/README.md
[09:32:00] Picture infomations saved to global/ja-JP/history/2025/09/08_ja-JP.md
[09:32:00] Start geting global Bing Wallpaper, region=en-IN, local time is 2025-09-08 15:02:00.430707+05:30
[09:32:00] Successful get url: https://www.bing.com/th?id=OHR.OrchardLibrary_EN-IN9883780906_UHD.jpg
[09:32:00] Picture infomations saved to  global/en-IN/README.md
[09:32:00] Picture infomations saved to global/en-IN/history/2025/09/08_en-IN.md
[09:32:00] Start geting global Bing Wallpaper, region=pt-BR, local time is 2025-09-08 06:32:00.588387-03:00
[09:32:00] Successful get url: https://www.bing.com/th?id=OHR.OrchardLibrary_PT-BR6559924297_UHD.jpg
[09:32:00] Picture infomations saved to  global/pt-BR/README.md
[09:32:00] Picture infomations saved to global/pt-BR/history/2025/09/09_pt-BR.md
[09:32:00] Start geting global Bing Wallpaper, region=fr-FR, local time is 2025-09-08 11:32:00.738749+02:00
[09:32:00] Successful get url: https://www.bing.com/th?id=OHR.OrchardLibrary_FR-FR3660186396_UHD.jpg
[09:32:00] Picture infomations saved to  global/fr-FR/README.md
[09:32:00] Picture infomations saved to global/fr-FR/history/2025/09/08_fr-FR.md
[09:32:00] Start geting global Bing Wallpaper, region=de-DE, local time is 2025-09-08 11:32:00.891301+02:00
[09:32:00] Successful get url: https://www.bing.com/th?id=OHR.OrchardLibrary_DE-DE1336292524_UHD.jpg
[09:32:01] Picture infomations saved to  global/de-DE/README.md
[09:32:01] Picture infomations saved to global/de-DE/history/2025/09/08_de-DE.md
[09:32:01] Start geting global Bing Wallpaper, region=en-CA, local time is 2025-09-08 05:32:01.050362-04:00
[09:32:01] Successful get url: https://www.bing.com/th?id=OHR.OrchardLibrary_EN-CA5905828145_UHD.jpg
[09:32:01] Picture infomations saved to  global/en-CA/README.md
[09:32:01] Picture infomations saved to global/en-CA/history/2025/09/09_en-CA.md
[09:32:01] Start geting global Bing Wallpaper, region=en-GB, local time is 2025-09-08 10:32:01.210368+01:00
[09:32:01] Successful get url: https://www.bing.com/th?id=OHR.OrchardLibrary_EN-GB8853232632_UHD.jpg
[09:32:01] Picture infomations saved to  global/en-GB/README.md
[09:32:01] Picture infomations saved to global/en-GB/history/2025/09/08_en-GB.md
[09:32:01] Start geting global Bing Wallpaper, region=it-IT, local time is 2025-09-08 11:32:01.361135+02:00
[09:32:01] Successful get url: https://www.bing.com/th?id=OHR.OrchardLibrary_IT-IT9071511638_UHD.jpg
[09:32:01] Picture infomations saved to  global/it-IT/README.md
[09:32:01] Picture infomations saved to global/it-IT/history/2025/09/08_it-IT.md
[09:32:01] Start geting global Bing Wallpaper, region=es-ES, local time is 2025-09-08 11:32:01.509397+02:00
[09:32:01] Successful get url: https://www.bing.com/th?id=OHR.LaJayaAsturiasDay_ES-ES0574508384_UHD.jpg
[09:32:01] Picture infomations saved to  global/es-ES/README.md
[09:32:01] Picture infomations saved to global/es-ES/history/2025/09/08_es-ES.md
[09:32:01] Start geting global Bing Wallpaper, region=fr-CA, local time is 2025-09-08 05:32:01.658157-04:00
[09:32:01] Successful get url: https://www.bing.com/th?id=OHR.OrchardLibrary_FR-CA9778304920_UHD.jpg
[09:32:01] Picture infomations saved to  global/fr-CA/README.md
[09:32:01] Picture infomations saved to global/fr-CA/history/2025/09/09_fr-CA.md
Program exit at 09:32:01

Program started at 16:15:24
Operating System Name: Linux
Operating System Version: #18~24.04.1-Ubuntu SMP Sat Jun 28 04:46:03 UTC 2025
System Architecture: ('64bit', 'ELF')
Computer Type: x86_64
Computer Name: pkrvm7jw40e0xgp
Processor Type: x86_64
Python Version: 3.12.11
Python Interpreter Name: CPython
[16:15:24] Start geting CN Bing Wallpaper
[16:15:24] Successful get url: https://www.bing.com/th?id=OHR.SwissSquirrel_ZH-CN1499344455_UHD.jpg
[16:15:24] Image saved to img/background.jpg
[16:15:24] Info saved to README.md
[16:15:24] Image saved to history/2025/09/09.md
[16:15:24] Start geting global Bing Wallpaper, region=en-US, local time is 2025-09-08 12:15:24.466872-04:00
[16:15:24] Successful get url: https://www.bing.com/th?id=OHR.OrchardLibrary_EN-US8095609746_UHD.jpg
[16:15:24] Picture infomations saved to  global/en-US/README.md
[16:15:24] Picture infomations saved to global/en-US/history/2025/09/09_en-US.md
[16:15:24] Start geting global Bing Wallpaper, region=ja-JP, local time is 2025-09-09 01:15:24.705687+09:00
[16:15:24] Successful get url: https://www.bing.com/th?id=OHR.SwissSquirrel_JA-JP3789357030_UHD.jpg
[16:15:24] Picture infomations saved to  global/ja-JP/README.md
[16:15:24] Picture infomations saved to global/ja-JP/history/2025/09/09_ja-JP.md
[16:15:24] Start geting global Bing Wallpaper, region=en-IN, local time is 2025-09-08 21:45:24.948704+05:30
[16:15:25] Successful get url: https://www.bing.com/th?id=OHR.OrchardLibrary_EN-IN9883780906_UHD.jpg
[16:15:25] Picture infomations saved to  global/en-IN/README.md
[16:15:25] Picture infomations saved to global/en-IN/history/2025/09/08_en-IN.md
[16:15:25] Start geting global Bing Wallpaper, region=pt-BR, local time is 2025-09-08 13:15:25.197320-03:00
[16:15:25] Successful get url: https://www.bing.com/th?id=OHR.OrchardLibrary_PT-BR6559924297_UHD.jpg
[16:15:25] Picture infomations saved to  global/pt-BR/README.md
[16:15:25] Picture infomations saved to global/pt-BR/history/2025/09/09_pt-BR.md
[16:15:25] Start geting global Bing Wallpaper, region=fr-FR, local time is 2025-09-08 18:15:25.481776+02:00
[16:15:25] Successful get url: https://www.bing.com/th?id=OHR.OrchardLibrary_FR-FR3660186396_UHD.jpg
[16:15:25] Picture infomations saved to  global/fr-FR/README.md
[16:15:25] Picture infomations saved to global/fr-FR/history/2025/09/08_fr-FR.md
[16:15:25] Start geting global Bing Wallpaper, region=de-DE, local time is 2025-09-08 18:15:25.782959+02:00
[16:15:25] Successful get url: https://www.bing.com/th?id=OHR.OrchardLibrary_DE-DE1336292524_UHD.jpg
[16:15:25] Picture infomations saved to  global/de-DE/README.md
[16:15:25] Picture infomations saved to global/de-DE/history/2025/09/08_de-DE.md
[16:15:25] Start geting global Bing Wallpaper, region=en-CA, local time is 2025-09-08 12:15:25.999635-04:00
[16:15:26] Successful get url: https://www.bing.com/th?id=OHR.OrchardLibrary_EN-CA5905828145_UHD.jpg
[16:15:26] Picture infomations saved to  global/en-CA/README.md
[16:15:26] Picture infomations saved to global/en-CA/history/2025/09/09_en-CA.md
[16:15:26] Start geting global Bing Wallpaper, region=en-GB, local time is 2025-09-08 17:15:26.163811+01:00
[16:15:26] Successful get url: https://www.bing.com/th?id=OHR.OrchardLibrary_EN-GB8853232632_UHD.jpg
[16:15:26] Picture infomations saved to  global/en-GB/README.md
[16:15:26] Picture infomations saved to global/en-GB/history/2025/09/08_en-GB.md
[16:15:26] Start geting global Bing Wallpaper, region=it-IT, local time is 2025-09-08 18:15:26.340637+02:00
[16:15:26] Successful get url: https://www.bing.com/th?id=OHR.OrchardLibrary_IT-IT9071511638_UHD.jpg
[16:15:26] Picture infomations saved to  global/it-IT/README.md
[16:15:26] Picture infomations saved to global/it-IT/history/2025/09/08_it-IT.md
[16:15:26] Start geting global Bing Wallpaper, region=es-ES, local time is 2025-09-08 18:15:26.592168+02:00
[16:15:26] Successful get url: https://www.bing.com/th?id=OHR.LaJayaAsturiasDay_ES-ES0574508384_UHD.jpg
[16:15:26] Picture infomations saved to  global/es-ES/README.md
[16:15:26] Picture infomations saved to global/es-ES/history/2025/09/08_es-ES.md
[16:15:26] Start geting global Bing Wallpaper, region=fr-CA, local time is 2025-09-08 12:15:26.926383-04:00
[16:15:26] Successful get url: https://www.bing.com/th?id=OHR.OrchardLibrary_FR-CA9778304920_UHD.jpg
[16:15:27] Picture infomations saved to  global/fr-CA/README.md
[16:15:27] Picture infomations saved to global/fr-CA/history/2025/09/09_fr-CA.md
Program exit at 16:15:27
