
Program started at 09:29:15
Operating System Name: Linux
Operating System Version: #18~24.04.1-Ubuntu SMP Sat Jun 28 04:46:03 UTC 2025
System Architecture: ('64bit', 'ELF')
Computer Type: x86_64
Computer Name: runnervmf4ws1
Processor Type: x86_64
Python Version: 3.12.11
Python Interpreter Name: CPython
[09:29:15] Start geting CN Bing Wallpaper
[09:29:15] Successful get url: https://www.bing.com/th?id=OHR.YoungMoose_ZH-CN4639410217_UHD.jpg
[09:29:16] Image saved to img/background.jpg
[09:29:16] Info saved to README.md
[09:29:16] Image saved to history/2025/09/17.md
[09:29:16] Start geting global Bing Wallpaper, region=en-US, local time is 2025-09-17 05:29:16.023010-04:00
[09:29:16] Successful get url: https://www.bing.com/th?id=OHR.YoungMoose_EN-US2991221135_UHD.jpg
[09:29:16] Picture infomations saved to  global/en-US/README.md
[09:29:16] Picture infomations saved to global/en-US/history/2025/09/18_en-US.md
[09:29:16] Start geting global Bing Wallpaper, region=ja-JP, local time is 2025-09-17 18:29:16.353571+09:00
[09:29:16] Successful get url: https://www.bing.com/th?id=OHR.YoungMoose_JA-JP2388659996_UHD.jpg
[09:29:16] Picture infomations saved to  global/ja-JP/README.md
[09:29:16] Picture infomations saved to global/ja-JP/history/2025/09/17_ja-JP.md
[09:29:16] Start geting global Bing Wallpaper, region=en-IN, local time is 2025-09-17 14:59:16.665575+05:30
[09:29:16] Successful get url: https://www.bing.com/th?id=OHR.YoungMoose_EN-IN1905120338_UHD.jpg
[09:29:17] Picture infomations saved to  global/en-IN/README.md
[09:29:17] Picture infomations saved to global/en-IN/history/2025/09/17_en-IN.md
[09:29:17] Start geting global Bing Wallpaper, region=pt-BR, local time is 2025-09-17 06:29:17.006010-03:00
[09:29:17] Successful get url: https://www.bing.com/th?id=OHR.ArpoadorRJ_PT-BR5341950627_UHD.jpg
[09:29:17] Picture infomations saved to  global/pt-BR/README.md
[09:29:17] Picture infomations saved to global/pt-BR/history/2025/09/18_pt-BR.md
[09:29:17] Start geting global Bing Wallpaper, region=fr-FR, local time is 2025-09-17 11:29:17.312861+02:00
[09:29:17] Successful get url: https://www.bing.com/th?id=OHR.YoungMoose_FR-FR2257077158_UHD.jpg
[09:29:17] Picture infomations saved to  global/fr-FR/README.md
[09:29:17] Picture infomations saved to global/fr-FR/history/2025/09/17_fr-FR.md
[09:29:17] Start geting global Bing Wallpaper, region=de-DE, local time is 2025-09-17 11:29:17.617066+02:00
[09:29:17] Successful get url: https://www.bing.com/th?id=OHR.YoungMoose_DE-DE0761999333_UHD.jpg
[09:29:17] Picture infomations saved to  global/de-DE/README.md
[09:29:17] Picture infomations saved to global/de-DE/history/2025/09/17_de-DE.md
[09:29:17] Start geting global Bing Wallpaper, region=en-CA, local time is 2025-09-17 05:29:17.953674-04:00
[09:29:18] Successful get url: https://www.bing.com/th?id=OHR.YoungMoose_EN-CA9323513470_UHD.jpg
[09:29:18] Picture infomations saved to  global/en-CA/README.md
[09:29:18] Picture infomations saved to global/en-CA/history/2025/09/18_en-CA.md
[09:29:18] Start geting global Bing Wallpaper, region=en-GB, local time is 2025-09-17 10:29:18.237840+01:00
[09:29:18] Successful get url: https://www.bing.com/th?id=OHR.YoungMoose_EN-GB3146356133_UHD.jpg
[09:29:18] Picture infomations saved to  global/en-GB/README.md
[09:29:18] Picture infomations saved to global/en-GB/history/2025/09/17_en-GB.md
[09:29:18] Start geting global Bing Wallpaper, region=it-IT, local time is 2025-09-17 11:29:18.557679+02:00
[09:29:18] Successful get url: https://www.bing.com/th?id=OHR.YoungMoose_IT-IT1966102379_UHD.jpg
[09:29:18] Picture infomations saved to  global/it-IT/README.md
[09:29:18] Picture infomations saved to global/it-IT/history/2025/09/17_it-IT.md
[09:29:18] Start geting global Bing Wallpaper, region=es-ES, local time is 2025-09-17 11:29:18.854405+02:00
[09:29:18] Successful get url: https://www.bing.com/th?id=OHR.YoungMoose_ES-ES6683972972_UHD.jpg
[09:29:19] Picture infomations saved to  global/es-ES/README.md
[09:29:19] Picture infomations saved to global/es-ES/history/2025/09/17_es-ES.md
[09:29:19] Start geting global Bing Wallpaper, region=fr-CA, local time is 2025-09-17 05:29:19.234671-04:00
[09:29:19] Successful get url: https://www.bing.com/th?id=OHR.YoungMoose_FR-CA2358122126_UHD.jpg
[09:29:19] Picture infomations saved to  global/fr-CA/README.md
[09:29:19] Picture infomations saved to global/fr-CA/history/2025/09/18_fr-CA.md
Program exit at 09:29:19
