
Program started at 09:28:49
Operating System Name: Linux
Operating System Version: #25-Ubuntu SMP Wed Jan 15 20:45:09 UTC 2025
System Architecture: ('64bit', 'ELF')
Computer Type: x86_64
Computer Name: fv-az1280-300
Processor Type: x86_64
Python Version: 3.12.9
Python Interpreter Name: CPython
[09:28:49] Start geting CN Bing Wallpaper
[09:28:49] Successful get url: https://www.bing.com/th?id=OHR.MardiGrasJackson_ZH-CN3456301377_UHD.jpg
[09:28:49] Image saved to img/background.jpg
[09:28:49] Info saved to README.md
[09:28:49] Image saved to history/2025/03/04.md
[09:28:49] Start geting global Bing Wallpaper, region=en-US, local time is 2025-03-04 04:28:49.557059-05:00
[09:28:49] Successful get url: https://www.bing.com/th?id=OHR.MardiGrasJackson_EN-US3277683692_UHD.jpg
[09:28:49] Picture infomations saved to  global/en-US/README.md
[09:28:49] Picture infomations saved to global/en-US/history/2025/03/05_en-US.md
[09:28:49] Start geting global Bing Wallpaper, region=ja-JP, local time is 2025-03-04 18:28:49.711086+09:00
[09:28:49] Successful get url: https://www.bing.com/th?id=OHR.MardiGrasJackson_JA-JP2336854900_UHD.jpg
[09:28:49] Picture infomations saved to  global/ja-JP/README.md
[09:28:49] Picture infomations saved to global/ja-JP/history/2025/03/04_ja-JP.md
[09:28:49] Start geting global Bing Wallpaper, region=en-IN, local time is 2025-03-04 14:58:49.893705+05:30
[09:28:49] Successful get url: https://www.bing.com/th?id=OHR.CharminarInterior_EN-IN8277108319_UHD.jpg
[09:28:50] Picture infomations saved to  global/en-IN/README.md
[09:28:50] Picture infomations saved to global/en-IN/history/2025/03/04_en-IN.md
[09:28:50] Start geting global Bing Wallpaper, region=pt-BR, local time is 2025-03-04 06:28:50.082670-03:00
[09:28:50] Successful get url: https://www.bing.com/th?id=OHR.MardiGrasJackson_PT-BR0441776263_UHD.jpg
[09:28:50] Picture infomations saved to  global/pt-BR/README.md
[09:28:50] Picture infomations saved to global/pt-BR/history/2025/03/05_pt-BR.md
[09:28:50] Start geting global Bing Wallpaper, region=fr-FR, local time is 2025-03-04 10:28:50.201967+01:00
[09:28:50] Successful get url: https://www.bing.com/th?id=OHR.MardiGrasJackson_FR-FR5010820128_UHD.jpg
[09:28:50] Picture infomations saved to  global/fr-FR/README.md
[09:28:50] Picture infomations saved to global/fr-FR/history/2025/03/04_fr-FR.md
[09:28:50] Start geting global Bing Wallpaper, region=de-DE, local time is 2025-03-04 10:28:50.356897+01:00
[09:28:50] Successful get url: https://www.bing.com/th?id=OHR.MardiGrasJackson_DE-DE3939287021_UHD.jpg
[09:28:50] Picture infomations saved to  global/de-DE/README.md
[09:28:50] Picture infomations saved to global/de-DE/history/2025/03/04_de-DE.md
[09:28:50] Start geting global Bing Wallpaper, region=en-CA, local time is 2025-03-04 04:28:50.512156-05:00
[09:28:50] Successful get url: https://www.bing.com/th?id=OHR.MardiGrasJackson_EN-CA9265935084_UHD.jpg
[09:28:50] Picture infomations saved to  global/en-CA/README.md
[09:28:50] Picture infomations saved to global/en-CA/history/2025/03/05_en-CA.md
[09:28:50] Start geting global Bing Wallpaper, region=en-GB, local time is 2025-03-04 09:28:50.660158+00:00
[09:28:50] Successful get url: https://www.bing.com/th?id=OHR.MardiGrasJackson_EN-GB2810612583_UHD.jpg
[09:28:50] Picture infomations saved to  global/en-GB/README.md
[09:28:50] Picture infomations saved to global/en-GB/history/2025/03/05_en-GB.md
[09:28:50] Start geting global Bing Wallpaper, region=it-IT, local time is 2025-03-04 10:28:50.802823+01:00
[09:28:50] Successful get url: https://www.bing.com/th?id=OHR.MardiGrasJackson_IT-IT5960330110_UHD.jpg
[09:28:50] Picture infomations saved to  global/it-IT/README.md
[09:28:50] Picture infomations saved to global/it-IT/history/2025/03/04_it-IT.md
[09:28:50] Start geting global Bing Wallpaper, region=es-ES, local time is 2025-03-04 10:28:50.962015+01:00
[09:28:51] Successful get url: https://www.bing.com/th?id=OHR.MardiGrasJackson_ES-ES6628104190_UHD.jpg
[09:28:51] Picture infomations saved to  global/es-ES/README.md
[09:28:51] Picture infomations saved to global/es-ES/history/2025/03/04_es-ES.md
[09:28:51] Start geting global Bing Wallpaper, region=fr-CA, local time is 2025-03-04 04:28:51.081712-05:00
[09:28:51] Successful get url: https://www.bing.com/th?id=OHR.MardiGrasJackson_FR-CA5198718448_UHD.jpg
[09:28:51] Picture infomations saved to  global/fr-CA/README.md
[09:28:51] Picture infomations saved to global/fr-CA/history/2025/03/05_fr-CA.md
Program exit at 09:28:51
