
Program started at 09:25:38
Operating System Name: Linux
Operating System Version: #25-Ubuntu SMP Wed Jan 15 20:45:09 UTC 2025
System Architecture: ('64bit', 'ELF')
Computer Type: x86_64
Computer Name: fv-az1316-541
Processor Type: x86_64
Python Version: 3.12.9
Python Interpreter Name: CPython
[09:25:38] Start geting CN Bing Wallpaper
[09:25:38] Successful get url: https://www.bing.com/th?id=OHR.MaligneLakeJasper_ZH-CN2664289451_UHD.jpg
[09:25:38] Image saved to img/background.jpg
[09:25:38] Info saved to README.md
[09:25:38] Image saved to history/2025/03/01.md
[09:25:38] Start geting global Bing Wallpaper, region=en-US, local time is 2025-03-01 04:25:38.941866-05:00
[09:25:39] Successful get url: https://www.bing.com/th?id=OHR.SuffragetteCity_EN-US2883743791_UHD.jpg
[09:25:39] Picture infomations saved to  global/en-US/README.md
[09:25:39] Picture infomations saved to global/en-US/history/2025/03/02_en-US.md
[09:25:39] Start geting global Bing Wallpaper, region=ja-JP, local time is 2025-03-01 18:25:39.108118+09:00
[09:25:39] Successful get url: https://www.bing.com/th?id=OHR.EucalyptusForest_JA-JP1746182669_UHD.jpg
[09:25:39] Picture infomations saved to  global/ja-JP/README.md
[09:25:39] Picture infomations saved to global/ja-JP/history/2025/03/01_ja-JP.md
[09:25:39] Start geting global Bing Wallpaper, region=en-IN, local time is 2025-03-01 14:55:39.313391+05:30
[09:25:39] Successful get url: https://www.bing.com/th?id=OHR.BryceHoodoos_EN-IN9126700951_UHD.jpg
[09:25:39] Picture infomations saved to  global/en-IN/README.md
[09:25:39] Picture infomations saved to global/en-IN/history/2025/03/01_en-IN.md
[09:25:39] Start geting global Bing Wallpaper, region=pt-BR, local time is 2025-03-01 06:25:39.440492-03:00
[09:25:39] Successful get url: https://www.bing.com/th?id=OHR.MaligneLakeJasper_PT-BR9833593341_UHD.jpg
[09:25:39] Picture infomations saved to  global/pt-BR/README.md
[09:25:39] Picture infomations saved to global/pt-BR/history/2025/03/02_pt-BR.md
[09:25:39] Start geting global Bing Wallpaper, region=fr-FR, local time is 2025-03-01 10:25:39.562331+01:00
[09:25:39] Successful get url: https://www.bing.com/th?id=OHR.MaligneLakeJasper_FR-FR2308232847_UHD.jpg
[09:25:39] Picture infomations saved to  global/fr-FR/README.md
[09:25:39] Picture infomations saved to global/fr-FR/history/2025/03/01_fr-FR.md
[09:25:39] Start geting global Bing Wallpaper, region=de-DE, local time is 2025-03-01 10:25:39.679420+01:00
[09:25:39] Successful get url: https://www.bing.com/th?id=OHR.MaligneLakeJasper_DE-DE5640949329_UHD.jpg
[09:25:39] Picture infomations saved to  global/de-DE/README.md
[09:25:39] Picture infomations saved to global/de-DE/history/2025/03/01_de-DE.md
[09:25:39] Start geting global Bing Wallpaper, region=en-CA, local time is 2025-03-01 04:25:39.802727-05:00
[09:25:39] Successful get url: https://www.bing.com/th?id=OHR.MaligneLakeJasper_EN-CA0802451019_UHD.jpg
[09:25:39] Picture infomations saved to  global/en-CA/README.md
[09:25:39] Picture infomations saved to global/en-CA/history/2025/03/02_en-CA.md
[09:25:39] Start geting global Bing Wallpaper, region=en-GB, local time is 2025-03-01 09:25:39.931064+00:00
[09:25:39] Successful get url: https://www.bing.com/th?id=OHR.DavidsCathedralGB_EN-GB8444575423_UHD.jpg
[09:25:40] Picture infomations saved to  global/en-GB/README.md
[09:25:40] Picture infomations saved to global/en-GB/history/2025/03/02_en-GB.md
[09:25:40] Start geting global Bing Wallpaper, region=it-IT, local time is 2025-03-01 10:25:40.096582+01:00
[09:25:40] Successful get url: https://www.bing.com/th?id=OHR.MaligneLakeJasper_IT-IT4481289877_UHD.jpg
[09:25:40] Picture infomations saved to  global/it-IT/README.md
[09:25:40] Picture infomations saved to global/it-IT/history/2025/03/01_it-IT.md
[09:25:40] Start geting global Bing Wallpaper, region=es-ES, local time is 2025-03-01 10:25:40.251347+01:00
[09:25:40] Successful get url: https://www.bing.com/th?id=OHR.MaligneLakeJasper_ES-ES6288170690_UHD.jpg
[09:25:40] Picture infomations saved to  global/es-ES/README.md
[09:25:40] Picture infomations saved to global/es-ES/history/2025/03/01_es-ES.md
[09:25:40] Start geting global Bing Wallpaper, region=fr-CA, local time is 2025-03-01 04:25:40.366554-05:00
[09:25:40] Successful get url: https://www.bing.com/th?id=OHR.MaligneLakeJasper_FR-CA2655670114_UHD.jpg
[09:25:40] Picture infomations saved to  global/fr-CA/README.md
[09:25:40] Picture infomations saved to global/fr-CA/history/2025/03/02_fr-CA.md
Program exit at 09:25:40

Program started at 16:13:05
Operating System Name: Linux
Operating System Version: #25-Ubuntu SMP Wed Jan 15 20:45:09 UTC 2025
System Architecture: ('64bit', 'ELF')
Computer Type: x86_64
Computer Name: fv-az1361-226
Processor Type: x86_64
Python Version: 3.12.9
Python Interpreter Name: CPython
[16:13:05] Start geting CN Bing Wallpaper
[16:13:05] Successful get url: https://www.bing.com/th?id=OHR.EucalyptusForest_ZH-CN3052498076_UHD.jpg
[16:13:05] Image saved to img/background.jpg
[16:13:05] Info saved to README.md
[16:13:05] Image saved to history/2025/03/02.md
[16:13:05] Start geting global Bing Wallpaper, region=en-US, local time is 2025-03-01 11:13:05.502874-05:00
[16:13:05] Successful get url: https://www.bing.com/th?id=OHR.SuffragetteCity_EN-US2883743791_UHD.jpg
[16:13:05] Picture infomations saved to  global/en-US/README.md
[16:13:05] Picture infomations saved to global/en-US/history/2025/03/02_en-US.md
[16:13:05] Start geting global Bing Wallpaper, region=ja-JP, local time is 2025-03-02 01:13:05.586248+09:00
[16:13:05] Successful get url: https://www.bing.com/th?id=OHR.HornbillPair_JA-JP1960738768_UHD.jpg
[16:13:05] Picture infomations saved to  global/ja-JP/README.md
[16:13:05] Picture infomations saved to global/ja-JP/history/2025/03/02_ja-JP.md
[16:13:05] Start geting global Bing Wallpaper, region=en-IN, local time is 2025-03-01 21:43:05.749899+05:30
[16:13:05] Successful get url: https://www.bing.com/th?id=OHR.BryceHoodoos_EN-IN9126700951_UHD.jpg
[16:13:05] Picture infomations saved to  global/en-IN/README.md
[16:13:05] Picture infomations saved to global/en-IN/history/2025/03/01_en-IN.md
[16:13:05] Start geting global Bing Wallpaper, region=pt-BR, local time is 2025-03-01 13:13:05.900179-03:00
[16:13:05] Successful get url: https://www.bing.com/th?id=OHR.MaligneLakeJasper_PT-BR9833593341_UHD.jpg
[16:13:06] Picture infomations saved to  global/pt-BR/README.md
[16:13:06] Picture infomations saved to global/pt-BR/history/2025/03/02_pt-BR.md
[16:13:06] Start geting global Bing Wallpaper, region=fr-FR, local time is 2025-03-01 17:13:06.044240+01:00
[16:13:06] Successful get url: https://www.bing.com/th?id=OHR.MaligneLakeJasper_FR-FR2308232847_UHD.jpg
[16:13:06] Picture infomations saved to  global/fr-FR/README.md
[16:13:06] Picture infomations saved to global/fr-FR/history/2025/03/01_fr-FR.md
[16:13:06] Start geting global Bing Wallpaper, region=de-DE, local time is 2025-03-01 17:13:06.180445+01:00
[16:13:06] Successful get url: https://www.bing.com/th?id=OHR.MaligneLakeJasper_DE-DE5640949329_UHD.jpg
[16:13:06] Picture infomations saved to  global/de-DE/README.md
[16:13:06] Picture infomations saved to global/de-DE/history/2025/03/01_de-DE.md
[16:13:06] Start geting global Bing Wallpaper, region=en-CA, local time is 2025-03-01 11:13:06.316836-05:00
[16:13:06] Successful get url: https://www.bing.com/th?id=OHR.MaligneLakeJasper_EN-CA0802451019_UHD.jpg
[16:13:06] Picture infomations saved to  global/en-CA/README.md
[16:13:06] Picture infomations saved to global/en-CA/history/2025/03/02_en-CA.md
[16:13:06] Start geting global Bing Wallpaper, region=en-GB, local time is 2025-03-01 16:13:06.491335+00:00
[16:13:06] Successful get url: https://www.bing.com/th?id=OHR.DavidsCathedralGB_EN-GB8444575423_UHD.jpg
[16:13:06] Picture infomations saved to  global/en-GB/README.md
[16:13:06] Picture infomations saved to global/en-GB/history/2025/03/02_en-GB.md
[16:13:06] Start geting global Bing Wallpaper, region=it-IT, local time is 2025-03-01 17:13:06.628698+01:00
[16:13:06] Successful get url: https://www.bing.com/th?id=OHR.MaligneLakeJasper_IT-IT4481289877_UHD.jpg
[16:13:06] Picture infomations saved to  global/it-IT/README.md
[16:13:06] Picture infomations saved to global/it-IT/history/2025/03/01_it-IT.md
[16:13:06] Start geting global Bing Wallpaper, region=es-ES, local time is 2025-03-01 17:13:06.777869+01:00
[16:13:06] Successful get url: https://www.bing.com/th?id=OHR.MaligneLakeJasper_ES-ES6288170690_UHD.jpg
[16:13:06] Picture infomations saved to  global/es-ES/README.md
[16:13:06] Picture infomations saved to global/es-ES/history/2025/03/01_es-ES.md
[16:13:06] Start geting global Bing Wallpaper, region=fr-CA, local time is 2025-03-01 11:13:06.904185-05:00
[16:13:06] Successful get url: https://www.bing.com/th?id=OHR.MaligneLakeJasper_FR-CA2655670114_UHD.jpg
[16:13:07] Picture infomations saved to  global/fr-CA/README.md
[16:13:07] Picture infomations saved to global/fr-CA/history/2025/03/02_fr-CA.md
Program exit at 16:13:07
