
Program started at 09:29:25
Operating System Name: Linux
Operating System Version: #25-Ubuntu SMP Wed Jan 15 20:45:09 UTC 2025
System Architecture: ('64bit', 'ELF')
Computer Type: x86_64
Computer Name: fv-az1694-741
Processor Type: x86_64
Python Version: 3.12.9
Python Interpreter Name: CPython
[09:29:25] Start geting CN Bing Wallpaper
[09:29:29] Successful get url: https://www.bing.com/th?id=OHR.ChateauLoire_ZH-CN5040147638_UHD.jpg
[09:29:29] Image saved to img/background.jpg
[09:29:29] Info saved to README.md
[09:29:29] Image saved to history/2025/03/12.md
[09:29:29] Start geting global Bing Wallpaper, region=en-US, local time is 2025-03-12 05:29:29.638504-04:00
[09:29:29] Successful get url: https://www.bing.com/th?id=OHR.ChateauLoire_EN-US8827570825_UHD.jpg
[09:29:29] Picture infomations saved to  global/en-US/README.md
[09:29:29] Picture infomations saved to global/en-US/history/2025/03/13_en-US.md
[09:29:29] Start geting global Bing Wallpaper, region=ja-JP, local time is 2025-03-12 18:29:29.745084+09:00
[09:29:29] Successful get url: https://www.bing.com/th?id=OHR.Omizutori2025_JA-JP2990990687_UHD.jpg
[09:29:29] Picture infomations saved to  global/ja-JP/README.md
[09:29:29] Picture infomations saved to global/ja-JP/history/2025/03/12_ja-JP.md
[09:29:29] Start geting global Bing Wallpaper, region=en-IN, local time is 2025-03-12 14:59:29.844822+05:30
[09:29:29] Successful get url: https://www.bing.com/th?id=OHR.ChateauLoire_EN-IN9263169770_UHD.jpg
[09:29:29] Picture infomations saved to  global/en-IN/README.md
[09:29:29] Picture infomations saved to global/en-IN/history/2025/03/12_en-IN.md
[09:29:29] Start geting global Bing Wallpaper, region=pt-BR, local time is 2025-03-12 06:29:29.949182-03:00
[09:29:30] Successful get url: https://www.bing.com/th?id=OHR.ChateauLoire_PT-BR8314992777_UHD.jpg
[09:29:30] Picture infomations saved to  global/pt-BR/README.md
[09:29:30] Picture infomations saved to global/pt-BR/history/2025/03/13_pt-BR.md
[09:29:30] Start geting global Bing Wallpaper, region=fr-FR, local time is 2025-03-12 10:29:30.046197+01:00
[09:29:30] Successful get url: https://www.bing.com/th?id=OHR.ChateauLoire_FR-FR7082040465_UHD.jpg
[09:29:30] Picture infomations saved to  global/fr-FR/README.md
[09:29:30] Picture infomations saved to global/fr-FR/history/2025/03/12_fr-FR.md
[09:29:30] Start geting global Bing Wallpaper, region=de-DE, local time is 2025-03-12 10:29:30.154273+01:00
[09:29:30] Successful get url: https://www.bing.com/th?id=OHR.ChateauLoire_DE-DE3739517283_UHD.jpg
[09:29:30] Picture infomations saved to  global/de-DE/README.md
[09:29:30] Picture infomations saved to global/de-DE/history/2025/03/12_de-DE.md
[09:29:30] Start geting global Bing Wallpaper, region=en-CA, local time is 2025-03-12 05:29:30.253159-04:00
[09:29:30] Successful get url: https://www.bing.com/th?id=OHR.ChateauLoire_EN-CA2155493752_UHD.jpg
[09:29:30] Picture infomations saved to  global/en-CA/README.md
[09:29:30] Picture infomations saved to global/en-CA/history/2025/03/13_en-CA.md
[09:29:30] Start geting global Bing Wallpaper, region=en-GB, local time is 2025-03-12 09:29:30.347115+00:00
[09:29:30] Successful get url: https://www.bing.com/th?id=OHR.ChateauLoire_EN-GB1678598719_UHD.jpg
[09:29:30] Picture infomations saved to  global/en-GB/README.md
[09:29:30] Picture infomations saved to global/en-GB/history/2025/03/13_en-GB.md
[09:29:30] Start geting global Bing Wallpaper, region=it-IT, local time is 2025-03-12 10:29:30.456539+01:00
[09:29:30] Successful get url: https://www.bing.com/th?id=OHR.ChateauLoire_IT-IT0010511029_UHD.jpg
[09:29:30] Picture infomations saved to  global/it-IT/README.md
[09:29:30] Picture infomations saved to global/it-IT/history/2025/03/12_it-IT.md
[09:29:30] Start geting global Bing Wallpaper, region=es-ES, local time is 2025-03-12 10:29:30.565671+01:00
[09:29:30] Successful get url: https://www.bing.com/th?id=OHR.ChateauLoire_ES-ES7509416514_UHD.jpg
[09:29:30] Picture infomations saved to  global/es-ES/README.md
[09:29:30] Picture infomations saved to global/es-ES/history/2025/03/12_es-ES.md
[09:29:30] Start geting global Bing Wallpaper, region=fr-CA, local time is 2025-03-12 05:29:30.669273-04:00
[09:29:30] Successful get url: https://www.bing.com/th?id=OHR.ChateauLoire_FR-CA6922461258_UHD.jpg
[09:29:30] Picture infomations saved to  global/fr-CA/README.md
[09:29:30] Picture infomations saved to global/fr-CA/history/2025/03/13_fr-CA.md
Program exit at 09:29:30
