
Program started at 09:30:05
Operating System Name: Linux
Operating System Version: #25-Ubuntu SMP Wed Jan 15 20:45:09 UTC 2025
System Architecture: ('64bit', 'ELF')
Computer Type: x86_64
Computer Name: fv-az1928-953
Processor Type: x86_64
Python Version: 3.12.9
Python Interpreter Name: CPython
[09:30:05] Start geting CN Bing Wallpaper
[09:30:05] Successful get url: https://www.bing.com/th?id=OHR.HornbillPair_ZH-CN3380997666_UHD.jpg
[09:30:05] Image saved to img/background.jpg
[09:30:05] Info saved to README.md
[09:30:05] Image saved to history/2025/03/03.md
[09:30:05] Start geting global Bing Wallpaper, region=en-US, local time is 2025-03-03 04:30:05.524100-05:00
[09:30:05] Successful get url: https://www.bing.com/th?id=OHR.HornbillPair_EN-US3168408482_UHD.jpg
[09:30:05] Picture infomations saved to  global/en-US/README.md
[09:30:05] Picture infomations saved to global/en-US/history/2025/03/04_en-US.md
[09:30:05] Start geting global Bing Wallpaper, region=ja-JP, local time is 2025-03-03 18:30:05.651367+09:00
[09:30:05] Successful get url: https://www.bing.com/th?id=OHR.Hinamatsuri2025_JA-JP2146557406_UHD.jpg
[09:30:05] Picture infomations saved to  global/ja-JP/README.md
[09:30:05] Picture infomations saved to global/ja-JP/history/2025/03/03_ja-JP.md
[09:30:05] Start geting global Bing Wallpaper, region=en-IN, local time is 2025-03-03 15:00:05.805489+05:30
[09:30:05] Successful get url: https://www.bing.com/th?id=OHR.HornbillPair_EN-IN8859837972_UHD.jpg
[09:30:06] Picture infomations saved to  global/en-IN/README.md
[09:30:06] Picture infomations saved to global/en-IN/history/2025/03/03_en-IN.md
[09:30:06] Start geting global Bing Wallpaper, region=pt-BR, local time is 2025-03-03 06:30:06.068873-03:00
[09:30:06] Successful get url: https://www.bing.com/th?id=OHR.Carnaval2024_PT-BR2466690213_UHD.jpg
[09:30:06] Picture infomations saved to  global/pt-BR/README.md
[09:30:06] Picture infomations saved to global/pt-BR/history/2025/03/04_pt-BR.md
[09:30:06] Start geting global Bing Wallpaper, region=fr-FR, local time is 2025-03-03 10:30:06.340653+01:00
[09:30:06] Successful get url: https://www.bing.com/th?id=OHR.HornbillPair_FR-FR3828518426_UHD.jpg
[09:30:06] Picture infomations saved to  global/fr-FR/README.md
[09:30:06] Picture infomations saved to global/fr-FR/history/2025/03/03_fr-FR.md
[09:30:06] Start geting global Bing Wallpaper, region=de-DE, local time is 2025-03-03 10:30:06.457174+01:00
[09:30:06] Successful get url: https://www.bing.com/th?id=OHR.HornbillPair_DE-DE7709056749_UHD.jpg
[09:30:06] Picture infomations saved to  global/de-DE/README.md
[09:30:06] Picture infomations saved to global/de-DE/history/2025/03/03_de-DE.md
[09:30:06] Start geting global Bing Wallpaper, region=en-CA, local time is 2025-03-03 04:30:06.610605-05:00
[09:30:06] Successful get url: https://www.bing.com/th?id=OHR.HornbillPair_EN-CA9068536722_UHD.jpg
[09:30:06] Picture infomations saved to  global/en-CA/README.md
[09:30:06] Picture infomations saved to global/en-CA/history/2025/03/04_en-CA.md
[09:30:06] Start geting global Bing Wallpaper, region=en-GB, local time is 2025-03-03 09:30:06.770165+00:00
[09:30:06] Successful get url: https://www.bing.com/th?id=OHR.HornbillPair_EN-GB2589125332_UHD.jpg
[09:30:06] Picture infomations saved to  global/en-GB/README.md
[09:30:06] Picture infomations saved to global/en-GB/history/2025/03/04_en-GB.md
[09:30:06] Start geting global Bing Wallpaper, region=it-IT, local time is 2025-03-03 10:30:06.883363+01:00
[09:30:06] Successful get url: https://www.bing.com/th?id=OHR.HornbillPair_IT-IT0150079379_UHD.jpg
[09:30:07] Picture infomations saved to  global/it-IT/README.md
[09:30:07] Picture infomations saved to global/it-IT/history/2025/03/03_it-IT.md
[09:30:07] Start geting global Bing Wallpaper, region=es-ES, local time is 2025-03-03 10:30:07.046867+01:00
[09:30:07] Successful get url: https://www.bing.com/th?id=OHR.HornbillPair_ES-ES6520167475_UHD.jpg
[09:30:07] Picture infomations saved to  global/es-ES/README.md
[09:30:07] Picture infomations saved to global/es-ES/history/2025/03/03_es-ES.md
[09:30:07] Start geting global Bing Wallpaper, region=fr-CA, local time is 2025-03-03 04:30:07.148733-05:00
[09:30:07] Successful get url: https://www.bing.com/th?id=OHR.HornbillPair_FR-CA4028763796_UHD.jpg
[09:30:07] Picture infomations saved to  global/fr-CA/README.md
[09:30:07] Picture infomations saved to global/fr-CA/history/2025/03/04_fr-CA.md
Program exit at 09:30:07

Program started at 16:15:20
Operating System Name: Linux
Operating System Version: #25-Ubuntu SMP Wed Jan 15 20:45:09 UTC 2025
System Architecture: ('64bit', 'ELF')
Computer Type: x86_64
Computer Name: fv-az1945-66
Processor Type: x86_64
Python Version: 3.12.9
Python Interpreter Name: CPython
[16:15:20] Start geting CN Bing Wallpaper
[16:15:20] Successful get url: https://www.bing.com/th?id=OHR.MardiGrasJackson_ZH-CN3456301377_UHD.jpg
[16:15:20] Image saved to img/background.jpg
[16:15:20] Info saved to README.md
[16:15:20] Image saved to history/2025/03/04.md
[16:15:20] Start geting global Bing Wallpaper, region=en-US, local time is 2025-03-03 11:15:20.638556-05:00
[16:15:20] Successful get url: https://www.bing.com/th?id=OHR.HornbillPair_EN-US3168408482_UHD.jpg
[16:15:20] Picture infomations saved to  global/en-US/README.md
[16:15:20] Picture infomations saved to global/en-US/history/2025/03/04_en-US.md
[16:15:20] Start geting global Bing Wallpaper, region=ja-JP, local time is 2025-03-04 01:15:20.820507+09:00
[16:15:20] Successful get url: https://www.bing.com/th?id=OHR.MardiGrasJackson_JA-JP2336854900_UHD.jpg
[16:15:20] Picture infomations saved to  global/ja-JP/README.md
[16:15:20] Picture infomations saved to global/ja-JP/history/2025/03/04_ja-JP.md
[16:15:20] Start geting global Bing Wallpaper, region=en-IN, local time is 2025-03-03 21:45:20.999045+05:30
[16:15:21] Successful get url: https://www.bing.com/th?id=OHR.HornbillPair_EN-IN8859837972_UHD.jpg
[16:15:21] Picture infomations saved to  global/en-IN/README.md
[16:15:21] Picture infomations saved to global/en-IN/history/2025/03/03_en-IN.md
[16:15:21] Start geting global Bing Wallpaper, region=pt-BR, local time is 2025-03-03 13:15:21.166724-03:00
[16:15:21] Successful get url: https://www.bing.com/th?id=OHR.Carnaval2024_PT-BR2466690213_UHD.jpg
[16:15:21] Picture infomations saved to  global/pt-BR/README.md
[16:15:21] Picture infomations saved to global/pt-BR/history/2025/03/04_pt-BR.md
[16:15:21] Start geting global Bing Wallpaper, region=fr-FR, local time is 2025-03-03 17:15:21.344557+01:00
[16:15:21] Successful get url: https://www.bing.com/th?id=OHR.HornbillPair_FR-FR3828518426_UHD.jpg
[16:15:21] Picture infomations saved to  global/fr-FR/README.md
[16:15:21] Picture infomations saved to global/fr-FR/history/2025/03/03_fr-FR.md
[16:15:21] Start geting global Bing Wallpaper, region=de-DE, local time is 2025-03-03 17:15:21.513392+01:00
[16:15:21] Successful get url: https://www.bing.com/th?id=OHR.HornbillPair_DE-DE7709056749_UHD.jpg
[16:15:21] Picture infomations saved to  global/de-DE/README.md
[16:15:21] Picture infomations saved to global/de-DE/history/2025/03/03_de-DE.md
[16:15:21] Start geting global Bing Wallpaper, region=en-CA, local time is 2025-03-03 11:15:21.693522-05:00
[16:15:21] Successful get url: https://www.bing.com/th?id=OHR.HornbillPair_EN-CA9068536722_UHD.jpg
[16:15:21] Picture infomations saved to  global/en-CA/README.md
[16:15:21] Picture infomations saved to global/en-CA/history/2025/03/04_en-CA.md
[16:15:21] Start geting global Bing Wallpaper, region=en-GB, local time is 2025-03-03 16:15:21.872610+00:00
[16:15:21] Successful get url: https://www.bing.com/th?id=OHR.HornbillPair_EN-GB2589125332_UHD.jpg
[16:15:22] Picture infomations saved to  global/en-GB/README.md
[16:15:22] Picture infomations saved to global/en-GB/history/2025/03/04_en-GB.md
[16:15:22] Start geting global Bing Wallpaper, region=it-IT, local time is 2025-03-03 17:15:22.038793+01:00
[16:15:22] Successful get url: https://www.bing.com/th?id=OHR.HornbillPair_IT-IT0150079379_UHD.jpg
[16:15:22] Picture infomations saved to  global/it-IT/README.md
[16:15:22] Picture infomations saved to global/it-IT/history/2025/03/03_it-IT.md
[16:15:22] Start geting global Bing Wallpaper, region=es-ES, local time is 2025-03-03 17:15:22.220442+01:00
[16:15:22] Successful get url: https://www.bing.com/th?id=OHR.HornbillPair_ES-ES6520167475_UHD.jpg
[16:15:22] Picture infomations saved to  global/es-ES/README.md
[16:15:22] Picture infomations saved to global/es-ES/history/2025/03/03_es-ES.md
[16:15:22] Start geting global Bing Wallpaper, region=fr-CA, local time is 2025-03-03 11:15:22.392175-05:00
[16:15:22] Successful get url: https://www.bing.com/th?id=OHR.HornbillPair_FR-CA4028763796_UHD.jpg
[16:15:22] Picture infomations saved to  global/fr-CA/README.md
[16:15:22] Picture infomations saved to global/fr-CA/history/2025/03/04_fr-CA.md
Program exit at 16:15:22
