
Program started at 09:29:20
Operating System Name: Linux
Operating System Version: #25-Ubuntu SMP Wed Jan 15 20:45:09 UTC 2025
System Architecture: ('64bit', 'ELF')
Computer Type: x86_64
Computer Name: fv-az1344-375
Processor Type: x86_64
Python Version: 3.12.9
Python Interpreter Name: CPython
[09:29:20] Start geting CN Bing Wallpaper
[09:29:20] Successful get url: https://www.bing.com/th?id=OHR.SpringequinoxY25_ZH-CN1635828827_UHD.jpg
[09:29:20] Image saved to img/background.jpg
[09:29:20] Info saved to README.md
[09:29:20] Image saved to history/2025/03/20.md
[09:29:20] Start geting global Bing Wallpaper, region=en-US, local time is 2025-03-20 05:29:20.453895-04:00
[09:29:20] Successful get url: https://www.bing.com/th?id=OHR.SpringDaffodils_EN-US9726346116_UHD.jpg
[09:29:20] Picture infomations saved to  global/en-US/README.md
[09:29:20] Picture infomations saved to global/en-US/history/2025/03/21_en-US.md
[09:29:20] Start geting global Bing Wallpaper, region=ja-JP, local time is 2025-03-20 18:29:20.573562+09:00
[09:29:20] Successful get url: https://www.bing.com/th?id=OHR.SpringDaffodils_JA-JP0516701335_UHD.jpg
[09:29:20] Picture infomations saved to  global/ja-JP/README.md
[09:29:20] Picture infomations saved to global/ja-JP/history/2025/03/20_ja-JP.md
[09:29:20] Start geting global Bing Wallpaper, region=en-IN, local time is 2025-03-20 14:59:20.748341+05:30
[09:29:20] Successful get url: https://www.bing.com/th?id=OHR.SpringDaffodils_EN-IN7375116904_UHD.jpg
[09:29:20] Picture infomations saved to  global/en-IN/README.md
[09:29:20] Picture infomations saved to global/en-IN/history/2025/03/20_en-IN.md
[09:29:20] Start geting global Bing Wallpaper, region=pt-BR, local time is 2025-03-20 06:29:20.870706-03:00
[09:29:20] Successful get url: https://www.bing.com/th?id=OHR.Outono2025_PT-BR0841637921_UHD.jpg
[09:29:20] Picture infomations saved to  global/pt-BR/README.md
[09:29:20] Picture infomations saved to global/pt-BR/history/2025/03/21_pt-BR.md
[09:29:20] Start geting global Bing Wallpaper, region=fr-FR, local time is 2025-03-20 10:29:20.976139+01:00
[09:29:21] Successful get url: https://www.bing.com/th?id=OHR.FrancophonieDay_FR-FR0580579974_UHD.jpg
[09:29:21] Picture infomations saved to  global/fr-FR/README.md
[09:29:21] Picture infomations saved to global/fr-FR/history/2025/03/20_fr-FR.md
[09:29:21] Start geting global Bing Wallpaper, region=de-DE, local time is 2025-03-20 10:29:21.096373+01:00
[09:29:21] Successful get url: https://www.bing.com/th?id=OHR.SnowdropsSpring_DE-DE6698149221_UHD.jpg
[09:29:21] Picture infomations saved to  global/de-DE/README.md
[09:29:21] Picture infomations saved to global/de-DE/history/2025/03/20_de-DE.md
[09:29:21] Start geting global Bing Wallpaper, region=en-CA, local time is 2025-03-20 05:29:21.212391-04:00
[09:29:21] Successful get url: https://www.bing.com/th?id=OHR.SpringDaffodils_EN-CA0307251313_UHD.jpg
[09:29:21] Picture infomations saved to  global/en-CA/README.md
[09:29:21] Picture infomations saved to global/en-CA/history/2025/03/21_en-CA.md
[09:29:21] Start geting global Bing Wallpaper, region=en-GB, local time is 2025-03-20 09:29:21.336274+00:00
[09:29:21] Successful get url: https://www.bing.com/th?id=OHR.SpringDaffodils_EN-GB3144315096_UHD.jpg
[09:29:21] Picture infomations saved to  global/en-GB/README.md
[09:29:21] Picture infomations saved to global/en-GB/history/2025/03/21_en-GB.md
[09:29:21] Start geting global Bing Wallpaper, region=it-IT, local time is 2025-03-20 10:29:21.434652+01:00
[09:29:21] Successful get url: https://www.bing.com/th?id=OHR.PrimaveraToscana_IT-IT0282064526_UHD.jpg
[09:29:21] Picture infomations saved to  global/it-IT/README.md
[09:29:21] Picture infomations saved to global/it-IT/history/2025/03/20_it-IT.md
[09:29:21] Start geting global Bing Wallpaper, region=es-ES, local time is 2025-03-20 10:29:21.544931+01:00
[09:29:21] Successful get url: https://www.bing.com/th?id=OHR.PrimaveraSpain_ES-ES9088231028_UHD.jpg
[09:29:21] Picture infomations saved to  global/es-ES/README.md
[09:29:21] Picture infomations saved to global/es-ES/history/2025/03/20_es-ES.md
[09:29:21] Start geting global Bing Wallpaper, region=fr-CA, local time is 2025-03-20 05:29:21.659542-04:00
[09:29:21] Successful get url: https://www.bing.com/th?id=OHR.SpringDaffodils_FR-CA8935812256_UHD.jpg
[09:29:21] Picture infomations saved to  global/fr-CA/README.md
[09:29:21] Picture infomations saved to global/fr-CA/history/2025/03/21_fr-CA.md
Program exit at 09:29:21

Program started at 16:16:15
Operating System Name: Linux
Operating System Version: #25-Ubuntu SMP Wed Jan 15 20:45:09 UTC 2025
System Architecture: ('64bit', 'ELF')
Computer Type: x86_64
Computer Name: fv-az1337-808
Processor Type: x86_64
Python Version: 3.12.9
Python Interpreter Name: CPython
[16:16:15] Start geting CN Bing Wallpaper
[16:16:15] Successful get url: https://www.bing.com/th?id=OHR.DanumValley_ZH-CN5786482012_UHD.jpg
[16:16:15] Image saved to img/background.jpg
[16:16:15] Info saved to README.md
[16:16:15] Image saved to history/2025/03/21.md
[16:16:15] Start geting global Bing Wallpaper, region=en-US, local time is 2025-03-20 12:16:15.431880-04:00
[16:16:15] Successful get url: https://www.bing.com/th?id=OHR.SpringDaffodils_EN-US9726346116_UHD.jpg
[16:16:15] Picture infomations saved to  global/en-US/README.md
[16:16:15] Picture infomations saved to global/en-US/history/2025/03/21_en-US.md
[16:16:15] Start geting global Bing Wallpaper, region=ja-JP, local time is 2025-03-21 01:16:15.595083+09:00
[16:16:15] Successful get url: https://www.bing.com/th?id=OHR.DanumValley_JA-JP9471621232_UHD.jpg
[16:16:15] Picture infomations saved to  global/ja-JP/README.md
[16:16:15] Picture infomations saved to global/ja-JP/history/2025/03/21_ja-JP.md
[16:16:15] Start geting global Bing Wallpaper, region=en-IN, local time is 2025-03-20 21:46:15.792887+05:30
[16:16:15] Successful get url: https://www.bing.com/th?id=OHR.SpringDaffodils_EN-IN7375116904_UHD.jpg
[16:16:15] Picture infomations saved to  global/en-IN/README.md
[16:16:15] Picture infomations saved to global/en-IN/history/2025/03/20_en-IN.md
[16:16:15] Start geting global Bing Wallpaper, region=pt-BR, local time is 2025-03-20 13:16:15.951625-03:00
[16:16:16] Successful get url: https://www.bing.com/th?id=OHR.Outono2025_PT-BR0841637921_UHD.jpg
[16:16:16] Picture infomations saved to  global/pt-BR/README.md
[16:16:16] Picture infomations saved to global/pt-BR/history/2025/03/21_pt-BR.md
[16:16:16] Start geting global Bing Wallpaper, region=fr-FR, local time is 2025-03-20 17:16:16.127798+01:00
[16:16:16] Successful get url: https://www.bing.com/th?id=OHR.FrancophonieDay_FR-FR0580579974_UHD.jpg
[16:16:16] Picture infomations saved to  global/fr-FR/README.md
[16:16:16] Picture infomations saved to global/fr-FR/history/2025/03/20_fr-FR.md
[16:16:16] Start geting global Bing Wallpaper, region=de-DE, local time is 2025-03-20 17:16:16.309175+01:00
[16:16:16] Successful get url: https://www.bing.com/th?id=OHR.SnowdropsSpring_DE-DE6698149221_UHD.jpg
[16:16:16] Picture infomations saved to  global/de-DE/README.md
[16:16:16] Picture infomations saved to global/de-DE/history/2025/03/20_de-DE.md
[16:16:16] Start geting global Bing Wallpaper, region=en-CA, local time is 2025-03-20 12:16:16.467574-04:00
[16:16:16] Successful get url: https://www.bing.com/th?id=OHR.SpringDaffodils_EN-CA0307251313_UHD.jpg
[16:16:16] Picture infomations saved to  global/en-CA/README.md
[16:16:16] Picture infomations saved to global/en-CA/history/2025/03/21_en-CA.md
[16:16:16] Start geting global Bing Wallpaper, region=en-GB, local time is 2025-03-20 16:16:16.616617+00:00
[16:16:16] Successful get url: https://www.bing.com/th?id=OHR.SpringDaffodils_EN-GB3144315096_UHD.jpg
[16:16:16] Picture infomations saved to  global/en-GB/README.md
[16:16:16] Picture infomations saved to global/en-GB/history/2025/03/21_en-GB.md
[16:16:16] Start geting global Bing Wallpaper, region=it-IT, local time is 2025-03-20 17:16:16.770898+01:00
[16:16:16] Successful get url: https://www.bing.com/th?id=OHR.PrimaveraToscana_IT-IT0074316759_UHD.jpg
[16:16:16] Picture infomations saved to  global/it-IT/README.md
[16:16:16] Picture infomations saved to global/it-IT/history/2025/03/20_it-IT.md
[16:16:16] Start geting global Bing Wallpaper, region=es-ES, local time is 2025-03-20 17:16:16.944433+01:00
[16:16:17] Successful get url: https://www.bing.com/th?id=OHR.PrimaveraSpain_ES-ES9088231028_UHD.jpg
[16:16:17] Picture infomations saved to  global/es-ES/README.md
[16:16:17] Picture infomations saved to global/es-ES/history/2025/03/20_es-ES.md
[16:16:17] Start geting global Bing Wallpaper, region=fr-CA, local time is 2025-03-20 12:16:17.145928-04:00
[16:16:17] Successful get url: https://www.bing.com/th?id=OHR.SpringDaffodils_FR-CA8935812256_UHD.jpg
[16:16:17] Picture infomations saved to  global/fr-CA/README.md
[16:16:17] Picture infomations saved to global/fr-CA/history/2025/03/21_fr-CA.md
Program exit at 16:16:17
