
Program started at 09:22:50
Operating System Name: Linux
Operating System Version: #25-Ubuntu SMP Wed Jan 15 20:45:09 UTC 2025
System Architecture: ('64bit', 'ELF')
Computer Type: x86_64
Computer Name: fv-az1915-964
Processor Type: x86_64
Python Version: 3.12.9
Python Interpreter Name: CPython
[09:22:50] Start geting CN Bing Wallpaper
[09:22:50] Successful get url: https://www.bing.com/th?id=OHR.WaddenSeaBiosphereReserve_ZH-CN9012125146_UHD.jpg
[09:22:50] Image saved to img/background.jpg
[09:22:50] Info saved to README.md
[09:22:50] Image saved to history/2025/03/08.md
[09:22:50] Start geting global Bing Wallpaper, region=en-US, local time is 2025-03-08 04:22:50.632823-05:00
[09:22:50] Successful get url: https://www.bing.com/th?id=OHR.FearlessWomen_EN-US7338738180_UHD.jpg
[09:22:50] Picture infomations saved to  global/en-US/README.md
[09:22:50] Picture infomations saved to global/en-US/history/2025/03/09_en-US.md
[09:22:50] Start geting global Bing Wallpaper, region=ja-JP, local time is 2025-03-08 18:22:50.741161+09:00
[09:22:50] Successful get url: https://www.bing.com/th?id=OHR.FearlessWomen_JA-JP3446140149_UHD.jpg
[09:22:50] Picture infomations saved to  global/ja-JP/README.md
[09:22:50] Picture infomations saved to global/ja-JP/history/2025/03/08_ja-JP.md
[09:22:50] Start geting global Bing Wallpaper, region=en-IN, local time is 2025-03-08 14:52:50.835563+05:30
[09:22:50] Successful get url: https://www.bing.com/th?id=OHR.FearlessWomen_EN-IN8449612154_UHD.jpg
[09:22:50] Picture infomations saved to  global/en-IN/README.md
[09:22:50] Picture infomations saved to global/en-IN/history/2025/03/08_en-IN.md
[09:22:50] Start geting global Bing Wallpaper, region=pt-BR, local time is 2025-03-08 06:22:50.933938-03:00
[09:22:50] Successful get url: https://www.bing.com/th?id=OHR.FearlessWomen_PT-BR2238848436_UHD.jpg
[09:22:51] Picture infomations saved to  global/pt-BR/README.md
[09:22:51] Picture infomations saved to global/pt-BR/history/2025/03/09_pt-BR.md
[09:22:51] Start geting global Bing Wallpaper, region=fr-FR, local time is 2025-03-08 10:22:51.057663+01:00
[09:22:51] Successful get url: https://www.bing.com/th?id=OHR.FearlessWomen_FR-FR5893935829_UHD.jpg
[09:22:51] Picture infomations saved to  global/fr-FR/README.md
[09:22:51] Picture infomations saved to global/fr-FR/history/2025/03/08_fr-FR.md
[09:22:51] Start geting global Bing Wallpaper, region=de-DE, local time is 2025-03-08 10:22:51.153969+01:00
[09:22:51] Successful get url: https://www.bing.com/th?id=OHR.FearlessWomen_DE-DE2789139190_UHD.jpg
[09:22:51] Picture infomations saved to  global/de-DE/README.md
[09:22:51] Picture infomations saved to global/de-DE/history/2025/03/08_de-DE.md
[09:22:51] Start geting global Bing Wallpaper, region=en-CA, local time is 2025-03-08 04:22:51.282414-05:00
[09:22:51] Successful get url: https://www.bing.com/th?id=OHR.FearlessWomen_EN-CA9880136828_UHD.jpg
[09:22:51] Picture infomations saved to  global/en-CA/README.md
[09:22:51] Picture infomations saved to global/en-CA/history/2025/03/09_en-CA.md
[09:22:51] Start geting global Bing Wallpaper, region=en-GB, local time is 2025-03-08 09:22:51.374770+00:00
[09:22:51] Successful get url: https://www.bing.com/th?id=OHR.FearlessWomen_EN-GB0884411482_UHD.jpg
[09:22:51] Picture infomations saved to  global/en-GB/README.md
[09:22:51] Picture infomations saved to global/en-GB/history/2025/03/09_en-GB.md
[09:22:51] Start geting global Bing Wallpaper, region=it-IT, local time is 2025-03-08 10:22:51.464381+01:00
[09:22:51] Successful get url: https://www.bing.com/th?id=OHR.FearlessWomen_IT-IT9544136799_UHD.jpg
[09:22:51] Picture infomations saved to  global/it-IT/README.md
[09:22:51] Picture infomations saved to global/it-IT/history/2025/03/08_it-IT.md
[09:22:51] Start geting global Bing Wallpaper, region=es-ES, local time is 2025-03-08 10:22:51.557370+01:00
[09:22:51] Successful get url: https://www.bing.com/th?id=OHR.FearlessWomen_ES-ES6846993796_UHD.jpg
[09:22:51] Picture infomations saved to  global/es-ES/README.md
[09:22:51] Picture infomations saved to global/es-ES/history/2025/03/08_es-ES.md
[09:22:51] Start geting global Bing Wallpaper, region=fr-CA, local time is 2025-03-08 04:22:51.673845-05:00
[09:22:51] Successful get url: https://www.bing.com/th?id=OHR.FearlessWomen_FR-CA3083178240_UHD.jpg
[09:22:51] Picture infomations saved to  global/fr-CA/README.md
[09:22:51] Picture infomations saved to global/fr-CA/history/2025/03/09_fr-CA.md
Program exit at 09:22:51

Program started at 16:11:49
Operating System Name: Linux
Operating System Version: #25-Ubuntu SMP Wed Jan 15 20:45:09 UTC 2025
System Architecture: ('64bit', 'ELF')
Computer Type: x86_64
Computer Name: fv-az792-940
Processor Type: x86_64
Python Version: 3.12.9
Python Interpreter Name: CPython
[16:11:49] Start geting CN Bing Wallpaper
[16:11:49] Successful get url: https://www.bing.com/th?id=OHR.ItalyClock_ZH-CN0846995743_UHD.jpg
[16:11:50] Image saved to img/background.jpg
[16:11:50] Info saved to README.md
[16:11:50] Image saved to history/2025/03/09.md
[16:11:50] Start geting global Bing Wallpaper, region=en-US, local time is 2025-03-08 11:11:50.148274-05:00
[16:11:50] Successful get url: https://www.bing.com/th?id=OHR.FearlessWomen_EN-US7338738180_UHD.jpg
[16:11:50] Picture infomations saved to  global/en-US/README.md
[16:11:50] Picture infomations saved to global/en-US/history/2025/03/09_en-US.md
[16:11:50] Start geting global Bing Wallpaper, region=ja-JP, local time is 2025-03-09 01:11:50.846691+09:00
[16:11:50] Successful get url: https://www.bing.com/th?id=OHR.ItalyClock_JA-JP3693788365_UHD.jpg
[16:11:51] Picture infomations saved to  global/ja-JP/README.md
[16:11:51] Picture infomations saved to global/ja-JP/history/2025/03/09_ja-JP.md
[16:11:51] Start geting global Bing Wallpaper, region=en-IN, local time is 2025-03-08 21:41:51.215894+05:30
[16:11:51] Successful get url: https://www.bing.com/th?id=OHR.FearlessWomen_EN-IN8449612154_UHD.jpg
[16:11:51] Picture infomations saved to  global/en-IN/README.md
[16:11:51] Picture infomations saved to global/en-IN/history/2025/03/08_en-IN.md
[16:11:51] Start geting global Bing Wallpaper, region=pt-BR, local time is 2025-03-08 13:11:51.617967-03:00
[16:11:51] Successful get url: https://www.bing.com/th?id=OHR.FearlessWomen_PT-BR2238848436_UHD.jpg
[16:11:52] Picture infomations saved to  global/pt-BR/README.md
[16:11:52] Picture infomations saved to global/pt-BR/history/2025/03/09_pt-BR.md
[16:11:52] Start geting global Bing Wallpaper, region=fr-FR, local time is 2025-03-08 17:11:52.052398+01:00
[16:11:52] Successful get url: https://www.bing.com/th?id=OHR.FearlessWomen_FR-FR5893935829_UHD.jpg
[16:11:52] Picture infomations saved to  global/fr-FR/README.md
[16:11:52] Picture infomations saved to global/fr-FR/history/2025/03/08_fr-FR.md
[16:11:52] Start geting global Bing Wallpaper, region=de-DE, local time is 2025-03-08 17:11:52.483448+01:00
[16:11:52] Successful get url: https://www.bing.com/th?id=OHR.FearlessWomen_DE-DE2789139190_UHD.jpg
[16:11:52] Picture infomations saved to  global/de-DE/README.md
[16:11:52] Picture infomations saved to global/de-DE/history/2025/03/08_de-DE.md
[16:11:52] Start geting global Bing Wallpaper, region=en-CA, local time is 2025-03-08 11:11:52.879288-05:00
[16:11:52] Successful get url: https://www.bing.com/th?id=OHR.FearlessWomen_EN-CA9880136828_UHD.jpg
[16:11:53] Picture infomations saved to  global/en-CA/README.md
[16:11:53] Picture infomations saved to global/en-CA/history/2025/03/09_en-CA.md
[16:11:53] Start geting global Bing Wallpaper, region=en-GB, local time is 2025-03-08 16:11:53.279873+00:00
[16:11:53] Successful get url: https://www.bing.com/th?id=OHR.FearlessWomen_EN-GB0884411482_UHD.jpg
[16:11:53] Picture infomations saved to  global/en-GB/README.md
[16:11:53] Picture infomations saved to global/en-GB/history/2025/03/09_en-GB.md
[16:11:53] Start geting global Bing Wallpaper, region=it-IT, local time is 2025-03-08 17:11:53.774863+01:00
[16:11:53] Successful get url: https://www.bing.com/th?id=OHR.FearlessWomen_IT-IT9544136799_UHD.jpg
[16:11:54] Picture infomations saved to  global/it-IT/README.md
[16:11:54] Picture infomations saved to global/it-IT/history/2025/03/08_it-IT.md
[16:11:54] Start geting global Bing Wallpaper, region=es-ES, local time is 2025-03-08 17:11:54.212488+01:00
[16:11:54] Successful get url: https://www.bing.com/th?id=OHR.FearlessWomen_ES-ES6846993796_UHD.jpg
[16:11:54] Picture infomations saved to  global/es-ES/README.md
[16:11:54] Picture infomations saved to global/es-ES/history/2025/03/08_es-ES.md
[16:11:54] Start geting global Bing Wallpaper, region=fr-CA, local time is 2025-03-08 11:11:54.945358-05:00
[16:11:55] Successful get url: https://www.bing.com/th?id=OHR.FearlessWomen_FR-CA3083178240_UHD.jpg
[16:11:55] Picture infomations saved to  global/fr-CA/README.md
[16:11:55] Picture infomations saved to global/fr-CA/history/2025/03/09_fr-CA.md
Program exit at 16:11:55
