
Program started at 09:25:41
Operating System Name: Linux
Operating System Version: #25-Ubuntu SMP Wed Jan 15 20:45:09 UTC 2025
System Architecture: ('64bit', 'ELF')
Computer Type: x86_64
Computer Name: fv-az1719-685
Processor Type: x86_64
Python Version: 3.12.9
Python Interpreter Name: CPython
[09:25:41] Start geting CN Bing Wallpaper
[09:25:41] Successful get url: https://www.bing.com/th?id=OHR.ForumRomanum_ZH-CN5873120178_UHD.jpg
[09:25:41] Image saved to img/background.jpg
[09:25:41] Info saved to README.md
[09:25:41] Image saved to history/2025/03/15.md
[09:25:41] Start geting global Bing Wallpaper, region=en-US, local time is 2025-03-15 05:25:41.703296-04:00
[09:25:41] Successful get url: https://www.bing.com/th?id=OHR.ForumRomanum_EN-US9379132630_UHD.jpg
[09:25:41] Picture infomations saved to  global/en-US/README.md
[09:25:41] Picture infomations saved to global/en-US/history/2025/03/16_en-US.md
[09:25:41] Start geting global Bing Wallpaper, region=ja-JP, local time is 2025-03-15 18:25:41.884384+09:00
[09:25:41] Successful get url: https://www.bing.com/th?id=OHR.ForumRomanum_JA-JP6466904487_UHD.jpg
[09:25:42] Picture infomations saved to  global/ja-JP/README.md
[09:25:42] Picture infomations saved to global/ja-JP/history/2025/03/15_ja-JP.md
[09:25:42] Start geting global Bing Wallpaper, region=en-IN, local time is 2025-03-15 14:55:42.038660+05:30
[09:25:42] Successful get url: https://www.bing.com/th?id=OHR.ForumRomanum_EN-IN5328883568_UHD.jpg
[09:25:42] Picture infomations saved to  global/en-IN/README.md
[09:25:42] Picture infomations saved to global/en-IN/history/2025/03/15_en-IN.md
[09:25:42] Start geting global Bing Wallpaper, region=pt-BR, local time is 2025-03-15 06:25:42.203627-03:00
[09:25:42] Successful get url: https://www.bing.com/th?id=OHR.ForumRomanum_PT-BR5979154220_UHD.jpg
[09:25:42] Picture infomations saved to  global/pt-BR/README.md
[09:25:42] Picture infomations saved to global/pt-BR/history/2025/03/16_pt-BR.md
[09:25:42] Start geting global Bing Wallpaper, region=fr-FR, local time is 2025-03-15 10:25:42.370061+01:00
[09:25:42] Successful get url: https://www.bing.com/th?id=OHR.ForumRomanum_FR-FR8371845644_UHD.jpg
[09:25:42] Picture infomations saved to  global/fr-FR/README.md
[09:25:42] Picture infomations saved to global/fr-FR/history/2025/03/15_fr-FR.md
[09:25:42] Start geting global Bing Wallpaper, region=de-DE, local time is 2025-03-15 10:25:42.536574+01:00
[09:25:42] Successful get url: https://www.bing.com/th?id=OHR.ForumRomanum_DE-DE5477113300_UHD.jpg
[09:25:42] Picture infomations saved to  global/de-DE/README.md
[09:25:42] Picture infomations saved to global/de-DE/history/2025/03/15_de-DE.md
[09:25:42] Start geting global Bing Wallpaper, region=en-CA, local time is 2025-03-15 05:25:42.704790-04:00
[09:25:42] Successful get url: https://www.bing.com/th?id=OHR.WhaleFestival_EN-CA5433600142_UHD.jpg
[09:25:42] Picture infomations saved to  global/en-CA/README.md
[09:25:42] Picture infomations saved to global/en-CA/history/2025/03/16_en-CA.md
[09:25:42] Start geting global Bing Wallpaper, region=en-GB, local time is 2025-03-15 09:25:42.853298+00:00
[09:25:42] Successful get url: https://www.bing.com/th?id=OHR.ForumRomanum_EN-GB3747926761_UHD.jpg
[09:25:43] Picture infomations saved to  global/en-GB/README.md
[09:25:43] Picture infomations saved to global/en-GB/history/2025/03/16_en-GB.md
[09:25:43] Start geting global Bing Wallpaper, region=it-IT, local time is 2025-03-15 10:25:43.028434+01:00
[09:25:43] Successful get url: https://www.bing.com/th?id=OHR.ForumRomanum_IT-IT0199618403_UHD.jpg
[09:25:43] Picture infomations saved to  global/it-IT/README.md
[09:25:43] Picture infomations saved to global/it-IT/history/2025/03/15_it-IT.md
[09:25:43] Start geting global Bing Wallpaper, region=es-ES, local time is 2025-03-15 10:25:43.181509+01:00
[09:25:43] Successful get url: https://www.bing.com/th?id=OHR.FallasSpainWomen_ES-ES9361742240_UHD.jpg
[09:25:43] Picture infomations saved to  global/es-ES/README.md
[09:25:43] Picture infomations saved to global/es-ES/history/2025/03/15_es-ES.md
[09:25:43] Start geting global Bing Wallpaper, region=fr-CA, local time is 2025-03-15 05:25:43.345052-04:00
[09:25:43] Successful get url: https://www.bing.com/th?id=OHR.WhaleFestival_FR-CA7842917144_UHD.jpg
[09:25:43] Picture infomations saved to  global/fr-CA/README.md
[09:25:43] Picture infomations saved to global/fr-CA/history/2025/03/16_fr-CA.md
Program exit at 09:25:43
