
Program started at 09:28:54
Operating System Name: Linux
Operating System Version: #25-Ubuntu SMP Wed Jan 15 20:45:09 UTC 2025
System Architecture: ('64bit', 'ELF')
Computer Type: x86_64
Computer Name: fv-az1720-24
Processor Type: x86_64
Python Version: 3.12.9
Python Interpreter Name: CPython
[09:28:54] Start geting CN Bing Wallpaper
[09:28:54] Successful get url: https://www.bing.com/th?id=OHR.HoliColors_ZH-CN2177185823_UHD.jpg
[09:28:54] Image saved to img/background.jpg
[09:28:54] Info saved to README.md
[09:28:54] Image saved to history/2025/03/13.md
[09:28:54] Start geting global Bing Wallpaper, region=en-US, local time is 2025-03-13 05:28:54.722918-04:00
[09:28:54] Successful get url: https://www.bing.com/th?id=OHR.HoliColors_EN-US9033637774_UHD.jpg
[09:28:54] Picture infomations saved to  global/en-US/README.md
[09:28:54] Picture infomations saved to global/en-US/history/2025/03/14_en-US.md
[09:28:54] Start geting global Bing Wallpaper, region=ja-JP, local time is 2025-03-13 18:28:54.878628+09:00
[09:28:54] Successful get url: https://www.bing.com/th?id=OHR.HoliColors_JA-JP6070846521_UHD.jpg
[09:28:55] Picture infomations saved to  global/ja-JP/README.md
[09:28:55] Picture infomations saved to global/ja-JP/history/2025/03/13_ja-JP.md
[09:28:55] Start geting global Bing Wallpaper, region=en-IN, local time is 2025-03-13 14:58:55.047596+05:30
[09:28:55] Successful get url: https://www.bing.com/th?id=OHR.GalapagosIguana_EN-IN4738596346_UHD.jpg
[09:28:55] Picture infomations saved to  global/en-IN/README.md
[09:28:55] Picture infomations saved to global/en-IN/history/2025/03/13_en-IN.md
[09:28:55] Start geting global Bing Wallpaper, region=pt-BR, local time is 2025-03-13 06:28:55.225998-03:00
[09:28:55] Successful get url: https://www.bing.com/th?id=OHR.HoliColors_PT-BR8231295539_UHD.jpg
[09:28:55] Picture infomations saved to  global/pt-BR/README.md
[09:28:55] Picture infomations saved to global/pt-BR/history/2025/03/14_pt-BR.md
[09:28:55] Start geting global Bing Wallpaper, region=fr-FR, local time is 2025-03-13 10:28:55.483918+01:00
[09:28:55] Successful get url: https://www.bing.com/th?id=OHR.HoliColors_FR-FR7464966633_UHD.jpg
[09:28:55] Picture infomations saved to  global/fr-FR/README.md
[09:28:55] Picture infomations saved to global/fr-FR/history/2025/03/13_fr-FR.md
[09:28:55] Start geting global Bing Wallpaper, region=de-DE, local time is 2025-03-13 10:28:55.655577+01:00
[09:28:55] Successful get url: https://www.bing.com/th?id=OHR.HoliColors_DE-DE3912998647_UHD.jpg
[09:28:55] Picture infomations saved to  global/de-DE/README.md
[09:28:55] Picture infomations saved to global/de-DE/history/2025/03/13_de-DE.md
[09:28:55] Start geting global Bing Wallpaper, region=en-CA, local time is 2025-03-13 05:28:55.814187-04:00
[09:28:55] Successful get url: https://www.bing.com/th?id=OHR.HoliColors_EN-CA2415049619_UHD.jpg
[09:28:55] Picture infomations saved to  global/en-CA/README.md
[09:28:55] Picture infomations saved to global/en-CA/history/2025/03/14_en-CA.md
[09:28:55] Start geting global Bing Wallpaper, region=en-GB, local time is 2025-03-13 09:28:55.980098+00:00
[09:28:56] Successful get url: https://www.bing.com/th?id=OHR.HoliColors_EN-GB1907650380_UHD.jpg
[09:28:56] Picture infomations saved to  global/en-GB/README.md
[09:28:56] Picture infomations saved to global/en-GB/history/2025/03/14_en-GB.md
[09:28:56] Start geting global Bing Wallpaper, region=it-IT, local time is 2025-03-13 10:28:56.152734+01:00
[09:28:56] Successful get url: https://www.bing.com/th?id=OHR.HoliColors_IT-IT0107913945_UHD.jpg
[09:28:56] Picture infomations saved to  global/it-IT/README.md
[09:28:56] Picture infomations saved to global/it-IT/history/2025/03/13_it-IT.md
[09:28:56] Start geting global Bing Wallpaper, region=es-ES, local time is 2025-03-13 10:28:56.325998+01:00
[09:28:56] Successful get url: https://www.bing.com/th?id=OHR.HoliColors_ES-ES7622213300_UHD.jpg
[09:28:56] Picture infomations saved to  global/es-ES/README.md
[09:28:56] Picture infomations saved to global/es-ES/history/2025/03/13_es-ES.md
[09:28:56] Start geting global Bing Wallpaper, region=fr-CA, local time is 2025-03-13 05:28:56.477068-04:00
[09:28:56] Successful get url: https://www.bing.com/th?id=OHR.HoliColors_FR-CA7352724547_UHD.jpg
[09:28:56] Picture infomations saved to  global/fr-CA/README.md
[09:28:56] Picture infomations saved to global/fr-CA/history/2025/03/14_fr-CA.md
Program exit at 09:28:56

Program started at 16:15:58
Operating System Name: Linux
Operating System Version: #25-Ubuntu SMP Wed Jan 15 20:45:09 UTC 2025
System Architecture: ('64bit', 'ELF')
Computer Type: x86_64
Computer Name: fv-az1913-402
Processor Type: x86_64
Python Version: 3.12.9
Python Interpreter Name: CPython
[16:15:58] Start geting CN Bing Wallpaper
[16:15:58] Successful get url: https://www.bing.com/th?id=OHR.BasqueDolmen_ZH-CN2364777801_UHD.jpg
[16:15:58] Image saved to img/background.jpg
[16:15:58] Info saved to README.md
[16:15:58] Image saved to history/2025/03/14.md
[16:15:58] Start geting global Bing Wallpaper, region=en-US, local time is 2025-03-13 12:15:58.960608-04:00
[16:15:59] Successful get url: https://www.bing.com/th?id=OHR.HoliColors_EN-US9033637774_UHD.jpg
[16:15:59] Picture infomations saved to  global/en-US/README.md
[16:15:59] Picture infomations saved to global/en-US/history/2025/03/14_en-US.md
[16:15:59] Start geting global Bing Wallpaper, region=ja-JP, local time is 2025-03-14 01:15:59.163667+09:00
[16:15:59] Successful get url: https://www.bing.com/th?id=OHR.BasqueDolmen_JA-JP6281411037_UHD.jpg
[16:15:59] Picture infomations saved to  global/ja-JP/README.md
[16:15:59] Picture infomations saved to global/ja-JP/history/2025/03/14_ja-JP.md
[16:15:59] Start geting global Bing Wallpaper, region=en-IN, local time is 2025-03-13 21:45:59.497544+05:30
[16:15:59] Successful get url: https://www.bing.com/th?id=OHR.GalapagosIguana_EN-IN4738596346_UHD.jpg
[16:15:59] Picture infomations saved to  global/en-IN/README.md
[16:15:59] Picture infomations saved to global/en-IN/history/2025/03/13_en-IN.md
[16:15:59] Start geting global Bing Wallpaper, region=pt-BR, local time is 2025-03-13 13:15:59.603756-03:00
[16:15:59] Successful get url: https://www.bing.com/th?id=OHR.HoliColors_PT-BR8231295539_UHD.jpg
[16:15:59] Picture infomations saved to  global/pt-BR/README.md
[16:15:59] Picture infomations saved to global/pt-BR/history/2025/03/14_pt-BR.md
[16:15:59] Start geting global Bing Wallpaper, region=fr-FR, local time is 2025-03-13 17:15:59.712495+01:00
[16:15:59] Successful get url: https://www.bing.com/th?id=OHR.HoliColors_FR-FR7464966633_UHD.jpg
[16:15:59] Picture infomations saved to  global/fr-FR/README.md
[16:15:59] Picture infomations saved to global/fr-FR/history/2025/03/13_fr-FR.md
[16:15:59] Start geting global Bing Wallpaper, region=de-DE, local time is 2025-03-13 17:15:59.813260+01:00
[16:15:59] Successful get url: https://www.bing.com/th?id=OHR.HoliColors_DE-DE3912998647_UHD.jpg
[16:16:00] Picture infomations saved to  global/de-DE/README.md
[16:16:00] Picture infomations saved to global/de-DE/history/2025/03/13_de-DE.md
[16:16:00] Start geting global Bing Wallpaper, region=en-CA, local time is 2025-03-13 12:16:00.139560-04:00
[16:16:00] Successful get url: https://www.bing.com/th?id=OHR.HoliColors_EN-CA2415049619_UHD.jpg
[16:16:00] Picture infomations saved to  global/en-CA/README.md
[16:16:00] Picture infomations saved to global/en-CA/history/2025/03/14_en-CA.md
[16:16:00] Start geting global Bing Wallpaper, region=en-GB, local time is 2025-03-13 16:16:00.267495+00:00
[16:16:00] Successful get url: https://www.bing.com/th?id=OHR.HoliColors_EN-GB1907650380_UHD.jpg
[16:16:00] Picture infomations saved to  global/en-GB/README.md
[16:16:00] Picture infomations saved to global/en-GB/history/2025/03/14_en-GB.md
[16:16:00] Start geting global Bing Wallpaper, region=it-IT, local time is 2025-03-13 17:16:00.377216+01:00
[16:16:00] Successful get url: https://www.bing.com/th?id=OHR.HoliColors_IT-IT0107913945_UHD.jpg
[16:16:00] Picture infomations saved to  global/it-IT/README.md
[16:16:00] Picture infomations saved to global/it-IT/history/2025/03/13_it-IT.md
[16:16:00] Start geting global Bing Wallpaper, region=es-ES, local time is 2025-03-13 17:16:00.611106+01:00
[16:16:00] Successful get url: https://www.bing.com/th?id=OHR.HoliColors_ES-ES7622213300_UHD.jpg
[16:16:00] Picture infomations saved to  global/es-ES/README.md
[16:16:00] Picture infomations saved to global/es-ES/history/2025/03/13_es-ES.md
[16:16:00] Start geting global Bing Wallpaper, region=fr-CA, local time is 2025-03-13 12:16:00.751295-04:00
[16:16:00] Successful get url: https://www.bing.com/th?id=OHR.HoliColors_FR-CA7352724547_UHD.jpg
[16:16:00] Picture infomations saved to  global/fr-CA/README.md
[16:16:00] Picture infomations saved to global/fr-CA/history/2025/03/14_fr-CA.md
Program exit at 16:16:00
