
Program started at 09:30:44
Operating System Name: Linux
Operating System Version: #25-Ubuntu SMP Wed Jan 15 20:45:09 UTC 2025
System Architecture: ('64bit', 'ELF')
Computer Type: x86_64
Computer Name: fv-az1928-533
Processor Type: x86_64
Python Version: 3.12.9
Python Interpreter Name: CPython
[09:30:44] Start geting CN Bing Wallpaper
[09:30:44] Successful get url: https://www.bing.com/th?id=OHR.ItalyOstuni_ZH-CN8306220080_UHD.jpg
[09:30:44] Image saved to img/background.jpg
[09:30:44] Info saved to README.md
[09:30:44] Image saved to history/2025/03/31.md
[09:30:44] Start geting global Bing Wallpaper, region=en-US, local time is 2025-03-31 05:30:44.981892-04:00
[09:30:45] Successful get url: https://www.bing.com/th?id=OHR.ItalyOstuni_EN-US2964422003_UHD.jpg
[09:30:45] Picture infomations saved to  global/en-US/README.md
[09:30:45] Picture infomations saved to global/en-US/history/2025/04/01_en-US.md
[09:30:45] Start geting global Bing Wallpaper, region=ja-JP, local time is 2025-03-31 18:30:45.130992+09:00
[09:30:45] Successful get url: https://www.bing.com/th?id=OHR.ItalyOstuni_JA-JP1339145959_UHD.jpg
[09:30:45] Picture infomations saved to  global/ja-JP/README.md
[09:30:45] Picture infomations saved to global/ja-JP/history/2025/03/31_ja-JP.md
[09:30:45] Start geting global Bing Wallpaper, region=en-IN, local time is 2025-03-31 15:00:45.295189+05:30
[09:30:45] Successful get url: https://www.bing.com/th?id=OHR.ItalyOstuni_EN-IN0750809698_UHD.jpg
[09:30:45] Picture infomations saved to  global/en-IN/README.md
[09:30:45] Picture infomations saved to global/en-IN/history/2025/03/31_en-IN.md
[09:30:45] Start geting global Bing Wallpaper, region=pt-BR, local time is 2025-03-31 06:30:45.416120-03:00
[09:30:45] Successful get url: https://www.bing.com/th?id=OHR.ItalyOstuni_PT-BR1632629962_UHD.jpg
[09:30:45] Picture infomations saved to  global/pt-BR/README.md
[09:30:45] Picture infomations saved to global/pt-BR/history/2025/04/01_pt-BR.md
[09:30:45] Start geting global Bing Wallpaper, region=fr-FR, local time is 2025-03-31 11:30:45.584107+02:00
[09:30:45] Successful get url: https://www.bing.com/th?id=OHR.ItalyOstuni_FR-FR7585525322_UHD.jpg
[09:30:45] Picture infomations saved to  global/fr-FR/README.md
[09:30:45] Picture infomations saved to global/fr-FR/history/2025/03/31_fr-FR.md
[09:30:45] Start geting global Bing Wallpaper, region=de-DE, local time is 2025-03-31 11:30:45.712197+02:00
[09:30:45] Successful get url: https://www.bing.com/th?id=OHR.ItalyOstuni_DE-DE7873606461_UHD.jpg
[09:30:45] Picture infomations saved to  global/de-DE/README.md
[09:30:45] Picture infomations saved to global/de-DE/history/2025/03/31_de-DE.md
[09:30:45] Start geting global Bing Wallpaper, region=en-CA, local time is 2025-03-31 05:30:45.830193-04:00
[09:30:45] Successful get url: https://www.bing.com/th?id=OHR.ItalyOstuni_EN-CA1782279768_UHD.jpg
[09:30:46] Picture infomations saved to  global/en-CA/README.md
[09:30:46] Picture infomations saved to global/en-CA/history/2025/04/01_en-CA.md
[09:30:46] Start geting global Bing Wallpaper, region=en-GB, local time is 2025-03-31 10:30:46.034460+01:00
[09:30:46] Successful get url: https://www.bing.com/th?id=OHR.ItalyOstuni_EN-GB1857300472_UHD.jpg
[09:30:46] Picture infomations saved to  global/en-GB/README.md
[09:30:46] Picture infomations saved to global/en-GB/history/2025/03/31_en-GB.md
[09:30:46] Start geting global Bing Wallpaper, region=it-IT, local time is 2025-03-31 11:30:46.124307+02:00
[09:30:46] Successful get url: https://www.bing.com/th?id=OHR.ItalyOstuni_IT-IT5728384591_UHD.jpg
[09:30:46] Picture infomations saved to  global/it-IT/README.md
[09:30:46] Picture infomations saved to global/it-IT/history/2025/03/31_it-IT.md
[09:30:46] Start geting global Bing Wallpaper, region=es-ES, local time is 2025-03-31 11:30:46.276787+02:00
[09:30:46] Successful get url: https://www.bing.com/th?id=OHR.ItalyOstuni_ES-ES6756528922_UHD.jpg
[09:30:46] Picture infomations saved to  global/es-ES/README.md
[09:30:46] Picture infomations saved to global/es-ES/history/2025/03/31_es-ES.md
[09:30:46] Start geting global Bing Wallpaper, region=fr-CA, local time is 2025-03-31 05:30:46.390467-04:00
[09:30:46] Successful get url: https://www.bing.com/th?id=OHR.ItalyOstuni_FR-CA1443154374_UHD.jpg
[09:30:46] Picture infomations saved to  global/fr-CA/README.md
[09:30:46] Picture infomations saved to global/fr-CA/history/2025/04/01_fr-CA.md
Program exit at 09:30:46
