
Program started at 09:24:56
Operating System Name: Linux
Operating System Version: #25-Ubuntu SMP Wed Jan 15 20:45:09 UTC 2025
System Architecture: ('64bit', 'ELF')
Computer Type: x86_64
Computer Name: fv-az1940-808
Processor Type: x86_64
Python Version: 3.12.9
Python Interpreter Name: CPython
[09:24:56] Start geting CN Bing Wallpaper
[09:24:56] Successful get url: https://www.bing.com/th?id=OHR.NappingLion_ZH-CN1214312983_UHD.jpg
[09:24:56] Image saved to img/background.jpg
[09:24:56] Info saved to README.md
[09:24:56] Image saved to history/2025/03/10.md
[09:24:56] Start geting global Bing Wallpaper, region=en-US, local time is 2025-03-10 05:24:56.916712-04:00
[09:24:56] Successful get url: https://www.bing.com/th?id=OHR.NappingLion_EN-US8441298325_UHD.jpg
[09:24:57] Picture infomations saved to  global/en-US/README.md
[09:24:57] Picture infomations saved to global/en-US/history/2025/03/11_en-US.md
[09:24:57] Start geting global Bing Wallpaper, region=ja-JP, local time is 2025-03-10 18:24:57.026792+09:00
[09:24:57] Successful get url: https://www.bing.com/th?id=OHR.PandaSnow_JA-JP3991253092_UHD.jpg
[09:24:57] Picture infomations saved to  global/ja-JP/README.md
[09:24:57] Picture infomations saved to global/ja-JP/history/2025/03/10_ja-JP.md
[09:24:57] Start geting global Bing Wallpaper, region=en-IN, local time is 2025-03-10 14:54:57.150902+05:30
[09:24:57] Successful get url: https://www.bing.com/th?id=OHR.NappingLion_EN-IN8916779409_UHD.jpg
[09:24:57] Picture infomations saved to  global/en-IN/README.md
[09:24:57] Picture infomations saved to global/en-IN/history/2025/03/10_en-IN.md
[09:24:57] Start geting global Bing Wallpaper, region=pt-BR, local time is 2025-03-10 06:24:57.268260-03:00
[09:24:57] Successful get url: https://www.bing.com/th?id=OHR.AndorinhaodeCascata_PT-BR6572671128_UHD.jpg
[09:24:57] Picture infomations saved to  global/pt-BR/README.md
[09:24:57] Picture infomations saved to global/pt-BR/history/2025/03/11_pt-BR.md
[09:24:57] Start geting global Bing Wallpaper, region=fr-FR, local time is 2025-03-10 10:24:57.365721+01:00
[09:24:57] Successful get url: https://www.bing.com/th?id=OHR.NappingLion_FR-FR6791104694_UHD.jpg
[09:24:57] Picture infomations saved to  global/fr-FR/README.md
[09:24:57] Picture infomations saved to global/fr-FR/history/2025/03/10_fr-FR.md
[09:24:57] Start geting global Bing Wallpaper, region=de-DE, local time is 2025-03-10 10:24:57.482176+01:00
[09:24:57] Successful get url: https://www.bing.com/th?id=OHR.NappingLion_DE-DE3110844323_UHD.jpg
[09:24:57] Picture infomations saved to  global/de-DE/README.md
[09:24:57] Picture infomations saved to global/de-DE/history/2025/03/10_de-DE.md
[09:24:57] Start geting global Bing Wallpaper, region=en-CA, local time is 2025-03-10 05:24:57.574998-04:00
[09:24:57] Successful get url: https://www.bing.com/th?id=OHR.NappingLion_EN-CA3810904692_UHD.jpg
[09:24:57] Picture infomations saved to  global/en-CA/README.md
[09:24:57] Picture infomations saved to global/en-CA/history/2025/03/11_en-CA.md
[09:24:57] Start geting global Bing Wallpaper, region=en-GB, local time is 2025-03-10 09:24:57.684508+00:00
[09:24:57] Successful get url: https://www.bing.com/th?id=OHR.NappingLion_EN-GB1135783379_UHD.jpg
[09:24:57] Picture infomations saved to  global/en-GB/README.md
[09:24:57] Picture infomations saved to global/en-GB/history/2025/03/11_en-GB.md
[09:24:57] Start geting global Bing Wallpaper, region=it-IT, local time is 2025-03-10 10:24:57.773758+01:00
[09:24:57] Successful get url: https://www.bing.com/th?id=OHR.NappingLion_IT-IT9842565728_UHD.jpg
[09:24:57] Picture infomations saved to  global/it-IT/README.md
[09:24:57] Picture infomations saved to global/it-IT/history/2025/03/10_it-IT.md
[09:24:57] Start geting global Bing Wallpaper, region=es-ES, local time is 2025-03-10 10:24:57.866414+01:00
[09:24:57] Successful get url: https://www.bing.com/th?id=OHR.NappingLion_ES-ES7306945095_UHD.jpg
[09:24:57] Picture infomations saved to  global/es-ES/README.md
[09:24:57] Picture infomations saved to global/es-ES/history/2025/03/10_es-ES.md
[09:24:57] Start geting global Bing Wallpaper, region=fr-CA, local time is 2025-03-10 05:24:57.978344-04:00
[09:24:58] Successful get url: https://www.bing.com/th?id=OHR.NappingLion_FR-CA0315235699_UHD.jpg
[09:24:58] Picture infomations saved to  global/fr-CA/README.md
[09:24:58] Picture infomations saved to global/fr-CA/history/2025/03/11_fr-CA.md
Program exit at 09:24:58

Program started at 16:13:31
Operating System Name: Linux
Operating System Version: #25-Ubuntu SMP Wed Jan 15 20:45:09 UTC 2025
System Architecture: ('64bit', 'ELF')
Computer Type: x86_64
Computer Name: fv-az1983-448
Processor Type: x86_64
Python Version: 3.12.9
Python Interpreter Name: CPython
[16:13:31] Start geting CN Bing Wallpaper
[16:13:31] Successful get url: https://www.bing.com/th?id=OHR.NusaPenida_ZH-CN4934656933_UHD.jpg
[16:13:31] Image saved to img/background.jpg
[16:13:31] Info saved to README.md
[16:13:31] Image saved to history/2025/03/11.md
[16:13:31] Start geting global Bing Wallpaper, region=en-US, local time is 2025-03-10 12:13:31.863995-04:00
[16:13:31] Successful get url: https://www.bing.com/th?id=OHR.NappingLion_EN-US8441298325_UHD.jpg
[16:13:32] Picture infomations saved to  global/en-US/README.md
[16:13:32] Picture infomations saved to global/en-US/history/2025/03/11_en-US.md
[16:13:32] Start geting global Bing Wallpaper, region=ja-JP, local time is 2025-03-11 01:13:32.143500+09:00
[16:13:32] Successful get url: https://www.bing.com/th?id=OHR.TohokuEarthquake2025_JA-JP8965651144_UHD.jpg
[16:13:32] Picture infomations saved to  global/ja-JP/README.md
[16:13:32] Picture infomations saved to global/ja-JP/history/2025/03/11_ja-JP.md
[16:13:32] Start geting global Bing Wallpaper, region=en-IN, local time is 2025-03-10 21:43:32.298495+05:30
[16:13:32] Successful get url: https://www.bing.com/th?id=OHR.NappingLion_EN-IN8916779409_UHD.jpg
[16:13:32] Picture infomations saved to  global/en-IN/README.md
[16:13:32] Picture infomations saved to global/en-IN/history/2025/03/10_en-IN.md
[16:13:32] Start geting global Bing Wallpaper, region=pt-BR, local time is 2025-03-10 13:13:32.464774-03:00
[16:13:32] Successful get url: https://www.bing.com/th?id=OHR.AndorinhaodeCascata_PT-BR6572671128_UHD.jpg
[16:13:32] Picture infomations saved to  global/pt-BR/README.md
[16:13:32] Picture infomations saved to global/pt-BR/history/2025/03/11_pt-BR.md
[16:13:32] Start geting global Bing Wallpaper, region=fr-FR, local time is 2025-03-10 17:13:32.611264+01:00
[16:13:32] Successful get url: https://www.bing.com/th?id=OHR.NappingLion_FR-FR6791104694_UHD.jpg
[16:13:32] Picture infomations saved to  global/fr-FR/README.md
[16:13:32] Picture infomations saved to global/fr-FR/history/2025/03/10_fr-FR.md
[16:13:32] Start geting global Bing Wallpaper, region=de-DE, local time is 2025-03-10 17:13:32.779354+01:00
[16:13:32] Successful get url: https://www.bing.com/th?id=OHR.NappingLion_DE-DE3110844323_UHD.jpg
[16:13:32] Picture infomations saved to  global/de-DE/README.md
[16:13:32] Picture infomations saved to global/de-DE/history/2025/03/10_de-DE.md
[16:13:32] Start geting global Bing Wallpaper, region=en-CA, local time is 2025-03-10 12:13:32.942916-04:00
[16:13:32] Successful get url: https://www.bing.com/th?id=OHR.NappingLion_EN-CA3810904692_UHD.jpg
[16:13:33] Picture infomations saved to  global/en-CA/README.md
[16:13:33] Picture infomations saved to global/en-CA/history/2025/03/11_en-CA.md
[16:13:33] Start geting global Bing Wallpaper, region=en-GB, local time is 2025-03-10 16:13:33.081819+00:00
[16:13:33] Successful get url: https://www.bing.com/th?id=OHR.NappingLion_EN-GB1135783379_UHD.jpg
[16:13:33] Picture infomations saved to  global/en-GB/README.md
[16:13:33] Picture infomations saved to global/en-GB/history/2025/03/11_en-GB.md
[16:13:33] Start geting global Bing Wallpaper, region=it-IT, local time is 2025-03-10 17:13:33.218529+01:00
[16:13:33] Successful get url: https://www.bing.com/th?id=OHR.NappingLion_IT-IT9842565728_UHD.jpg
[16:13:33] Picture infomations saved to  global/it-IT/README.md
[16:13:33] Picture infomations saved to global/it-IT/history/2025/03/10_it-IT.md
[16:13:33] Start geting global Bing Wallpaper, region=es-ES, local time is 2025-03-10 17:13:33.366658+01:00
[16:13:33] Successful get url: https://www.bing.com/th?id=OHR.NappingLion_ES-ES7306945095_UHD.jpg
[16:13:33] Picture infomations saved to  global/es-ES/README.md
[16:13:33] Picture infomations saved to global/es-ES/history/2025/03/10_es-ES.md
[16:13:33] Start geting global Bing Wallpaper, region=fr-CA, local time is 2025-03-10 12:13:33.518478-04:00
[16:13:33] Successful get url: https://www.bing.com/th?id=OHR.NappingLion_FR-CA0315235699_UHD.jpg
[16:13:33] Picture infomations saved to  global/fr-CA/README.md
[16:13:33] Picture infomations saved to global/fr-CA/history/2025/03/11_fr-CA.md
Program exit at 16:13:33
