
Program started at 09:23:12
Operating System Name: Linux
Operating System Version: #25-Ubuntu SMP Wed Jan 15 20:45:09 UTC 2025
System Architecture: ('64bit', 'ELF')
Computer Type: x86_64
Computer Name: fv-az1657-441
Processor Type: x86_64
Python Version: 3.12.9
Python Interpreter Name: CPython
[09:23:12] Start geting CN Bing Wallpaper
[09:23:12] Successful get url: https://www.bing.com/th?id=OHR.ItalyClock_ZH-CN0846995743_UHD.jpg
[09:23:12] Image saved to img/background.jpg
[09:23:12] Info saved to README.md
[09:23:12] Image saved to history/2025/03/09.md
[09:23:12] Start geting global Bing Wallpaper, region=en-US, local time is 2025-03-09 05:23:12.380589-04:00
[09:23:12] Successful get url: https://www.bing.com/th?id=OHR.ItalyClock_EN-US7397391355_UHD.jpg
[09:23:12] Picture infomations saved to  global/en-US/README.md
[09:23:12] Picture infomations saved to global/en-US/history/2025/03/10_en-US.md
[09:23:12] Start geting global Bing Wallpaper, region=ja-JP, local time is 2025-03-09 18:23:12.557715+09:00
[09:23:12] Successful get url: https://www.bing.com/th?id=OHR.ItalyClock_JA-JP3693788365_UHD.jpg
[09:23:12] Picture infomations saved to  global/ja-JP/README.md
[09:23:12] Picture infomations saved to global/ja-JP/history/2025/03/09_ja-JP.md
[09:23:12] Start geting global Bing Wallpaper, region=en-IN, local time is 2025-03-09 14:53:12.705975+05:30
[09:23:12] Successful get url: https://www.bing.com/th?id=OHR.KedarkanthaSummit_EN-IN0550105745_UHD.jpg
[09:23:12] Picture infomations saved to  global/en-IN/README.md
[09:23:12] Picture infomations saved to global/en-IN/history/2025/03/09_en-IN.md
[09:23:12] Start geting global Bing Wallpaper, region=pt-BR, local time is 2025-03-09 06:23:12.867262-03:00
[09:23:12] Successful get url: https://www.bing.com/th?id=OHR.ItalyClock_PT-BR6894860611_UHD.jpg
[09:23:13] Picture infomations saved to  global/pt-BR/README.md
[09:23:13] Picture infomations saved to global/pt-BR/history/2025/03/10_pt-BR.md
[09:23:13] Start geting global Bing Wallpaper, region=fr-FR, local time is 2025-03-09 10:23:13.027233+01:00
[09:23:13] Successful get url: https://www.bing.com/th?id=OHR.kingfisherFr_FR-FR6370911716_UHD.jpg
[09:23:13] Picture infomations saved to  global/fr-FR/README.md
[09:23:13] Picture infomations saved to global/fr-FR/history/2025/03/09_fr-FR.md
[09:23:13] Start geting global Bing Wallpaper, region=de-DE, local time is 2025-03-09 10:23:13.178329+01:00
[09:23:13] Successful get url: https://www.bing.com/th?id=OHR.BavarianAlpsMariaGern_DE-DE4506132433_UHD.jpg
[09:23:13] Picture infomations saved to  global/de-DE/README.md
[09:23:13] Picture infomations saved to global/de-DE/history/2025/03/09_de-DE.md
[09:23:13] Start geting global Bing Wallpaper, region=en-CA, local time is 2025-03-09 05:23:13.334465-04:00
[09:23:13] Successful get url: https://www.bing.com/th?id=OHR.ItalyClock_EN-CA0044429164_UHD.jpg
[09:23:13] Picture infomations saved to  global/en-CA/README.md
[09:23:13] Picture infomations saved to global/en-CA/history/2025/03/10_en-CA.md
[09:23:13] Start geting global Bing Wallpaper, region=en-GB, local time is 2025-03-09 09:23:13.483782+00:00
[09:23:13] Successful get url: https://www.bing.com/th?id=OHR.ShardLondon2025_EN-GB0574444826_UHD.jpg
[09:23:13] Picture infomations saved to  global/en-GB/README.md
[09:23:13] Picture infomations saved to global/en-GB/history/2025/03/10_en-GB.md
[09:23:13] Start geting global Bing Wallpaper, region=it-IT, local time is 2025-03-09 10:23:13.634744+01:00
[09:23:13] Successful get url: https://www.bing.com/th?id=OHR.WinterGamesTurin_IT-IT9894957082_UHD.jpg
[09:23:13] Picture infomations saved to  global/it-IT/README.md
[09:23:13] Picture infomations saved to global/it-IT/history/2025/03/09_it-IT.md
[09:23:13] Start geting global Bing Wallpaper, region=es-ES, local time is 2025-03-09 10:23:13.793972+01:00
[09:23:13] Successful get url: https://www.bing.com/th?id=OHR.ForumRomanum_ES-ES7963502187_UHD.jpg
[09:23:13] Picture infomations saved to  global/es-ES/README.md
[09:23:13] Picture infomations saved to global/es-ES/history/2025/03/09_es-ES.md
[09:23:13] Start geting global Bing Wallpaper, region=fr-CA, local time is 2025-03-09 05:23:13.943854-04:00
[09:23:14] Successful get url: https://www.bing.com/th?id=OHR.ItalyClock_FR-CA0091042756_UHD.jpg
[09:23:14] Picture infomations saved to  global/fr-CA/README.md
[09:23:14] Picture infomations saved to global/fr-CA/history/2025/03/10_fr-CA.md
Program exit at 09:23:14

Program started at 16:11:39
Operating System Name: Linux
Operating System Version: #25-Ubuntu SMP Wed Jan 15 20:45:09 UTC 2025
System Architecture: ('64bit', 'ELF')
Computer Type: x86_64
Computer Name: fv-az1979-922
Processor Type: x86_64
Python Version: 3.12.9
Python Interpreter Name: CPython
[16:11:39] Start geting CN Bing Wallpaper
[16:11:39] Successful get url: https://www.bing.com/th?id=OHR.NappingLion_ZH-CN1214312983_UHD.jpg
[16:11:39] Image saved to img/background.jpg
[16:11:39] Info saved to README.md
[16:11:39] Image saved to history/2025/03/10.md
[16:11:39] Start geting global Bing Wallpaper, region=en-US, local time is 2025-03-09 12:11:39.999047-04:00
[16:11:40] Successful get url: https://www.bing.com/th?id=OHR.ItalyClock_EN-US7397391355_UHD.jpg
[16:11:40] Picture infomations saved to  global/en-US/README.md
[16:11:40] Picture infomations saved to global/en-US/history/2025/03/10_en-US.md
[16:11:40] Start geting global Bing Wallpaper, region=ja-JP, local time is 2025-03-10 01:11:40.124401+09:00
[16:11:40] Successful get url: https://www.bing.com/th?id=OHR.PandaSnow_JA-JP3991253092_UHD.jpg
[16:11:40] Picture infomations saved to  global/ja-JP/README.md
[16:11:40] Picture infomations saved to global/ja-JP/history/2025/03/10_ja-JP.md
[16:11:40] Start geting global Bing Wallpaper, region=en-IN, local time is 2025-03-09 21:41:40.297338+05:30
[16:11:40] Successful get url: https://www.bing.com/th?id=OHR.KedarkanthaSummit_EN-IN0550105745_UHD.jpg
[16:11:40] Picture infomations saved to  global/en-IN/README.md
[16:11:40] Picture infomations saved to global/en-IN/history/2025/03/09_en-IN.md
[16:11:40] Start geting global Bing Wallpaper, region=pt-BR, local time is 2025-03-09 13:11:40.407136-03:00
[16:11:40] Successful get url: https://www.bing.com/th?id=OHR.ItalyClock_PT-BR6894860611_UHD.jpg
[16:11:40] Picture infomations saved to  global/pt-BR/README.md
[16:11:40] Picture infomations saved to global/pt-BR/history/2025/03/10_pt-BR.md
[16:11:40] Start geting global Bing Wallpaper, region=fr-FR, local time is 2025-03-09 17:11:40.496252+01:00
[16:11:40] Successful get url: https://www.bing.com/th?id=OHR.kingfisherFr_FR-FR6370911716_UHD.jpg
[16:11:40] Picture infomations saved to  global/fr-FR/README.md
[16:11:40] Picture infomations saved to global/fr-FR/history/2025/03/09_fr-FR.md
[16:11:40] Start geting global Bing Wallpaper, region=de-DE, local time is 2025-03-09 17:11:40.586402+01:00
[16:11:40] Successful get url: https://www.bing.com/th?id=OHR.BavarianAlpsMariaGern_DE-DE4506132433_UHD.jpg
[16:11:40] Picture infomations saved to  global/de-DE/README.md
[16:11:40] Picture infomations saved to global/de-DE/history/2025/03/09_de-DE.md
[16:11:40] Start geting global Bing Wallpaper, region=en-CA, local time is 2025-03-09 12:11:40.672706-04:00
[16:11:40] Successful get url: https://www.bing.com/th?id=OHR.ItalyClock_EN-CA0044429164_UHD.jpg
[16:11:40] Picture infomations saved to  global/en-CA/README.md
[16:11:40] Picture infomations saved to global/en-CA/history/2025/03/10_en-CA.md
[16:11:40] Start geting global Bing Wallpaper, region=en-GB, local time is 2025-03-09 16:11:40.763199+00:00
[16:11:40] Successful get url: https://www.bing.com/th?id=OHR.ShardLondon2025_EN-GB0574444826_UHD.jpg
[16:11:40] Picture infomations saved to  global/en-GB/README.md
[16:11:40] Picture infomations saved to global/en-GB/history/2025/03/10_en-GB.md
[16:11:40] Start geting global Bing Wallpaper, region=it-IT, local time is 2025-03-09 17:11:40.859060+01:00
[16:11:40] Successful get url: https://www.bing.com/th?id=OHR.WinterGamesTurin_IT-IT9894957082_UHD.jpg
[16:11:40] Picture infomations saved to  global/it-IT/README.md
[16:11:40] Picture infomations saved to global/it-IT/history/2025/03/09_it-IT.md
[16:11:40] Start geting global Bing Wallpaper, region=es-ES, local time is 2025-03-09 17:11:40.968462+01:00
[16:11:41] Successful get url: https://www.bing.com/th?id=OHR.ForumRomanum_ES-ES7963502187_UHD.jpg
[16:11:41] Picture infomations saved to  global/es-ES/README.md
[16:11:41] Picture infomations saved to global/es-ES/history/2025/03/09_es-ES.md
[16:11:41] Start geting global Bing Wallpaper, region=fr-CA, local time is 2025-03-09 12:11:41.055642-04:00
[16:11:41] Successful get url: https://www.bing.com/th?id=OHR.ItalyClock_FR-CA0091042756_UHD.jpg
[16:11:41] Picture infomations saved to  global/fr-CA/README.md
[16:11:41] Picture infomations saved to global/fr-CA/history/2025/03/10_fr-CA.md
Program exit at 16:11:41
