
Program started at 09:30:05
Operating System Name: Linux
Operating System Version: #25-Ubuntu SMP Wed Jan 15 20:45:09 UTC 2025
System Architecture: ('64bit', 'ELF')
Computer Type: x86_64
Computer Name: fv-az2032-906
Processor Type: x86_64
Python Version: 3.12.9
Python Interpreter Name: CPython
[09:30:05] Start geting CN Bing Wallpaper
[09:30:05] Successful get url: https://www.bing.com/th?id=OHR.ElephantGrass_ZH-CN7110191053_UHD.jpg
[09:30:05] Image saved to img/background.jpg
[09:30:05] Info saved to README.md
[09:30:05] Image saved to history/2025/03/24.md
[09:30:05] Start geting global Bing Wallpaper, region=en-US, local time is 2025-03-24 05:30:05.750735-04:00
[09:30:05] Successful get url: https://www.bing.com/th?id=OHR.ElephantGrass_EN-US1398774650_UHD.jpg
[09:30:05] Picture infomations saved to  global/en-US/README.md
[09:30:05] Picture infomations saved to global/en-US/history/2025/03/25_en-US.md
[09:30:05] Start geting global Bing Wallpaper, region=ja-JP, local time is 2025-03-24 18:30:05.945997+09:00
[09:30:06] Successful get url: https://www.bing.com/th?id=OHR.ElephantGrass_JA-JP0063384057_UHD.jpg
[09:30:06] Picture infomations saved to  global/ja-JP/README.md
[09:30:06] Picture infomations saved to global/ja-JP/history/2025/03/24_ja-JP.md
[09:30:06] Start geting global Bing Wallpaper, region=en-IN, local time is 2025-03-24 15:00:06.189737+05:30
[09:30:06] Successful get url: https://www.bing.com/th?id=OHR.ElephantGrass_EN-IN8930309129_UHD.jpg
[09:30:06] Picture infomations saved to  global/en-IN/README.md
[09:30:06] Picture infomations saved to global/en-IN/history/2025/03/24_en-IN.md
[09:30:06] Start geting global Bing Wallpaper, region=pt-BR, local time is 2025-03-24 06:30:06.392240-03:00
[09:30:06] Successful get url: https://www.bing.com/th?id=OHR.ElephantGrass_PT-BR3216599628_UHD.jpg
[09:30:06] Picture infomations saved to  global/pt-BR/README.md
[09:30:06] Picture infomations saved to global/pt-BR/history/2025/03/25_pt-BR.md
[09:30:06] Start geting global Bing Wallpaper, region=fr-FR, local time is 2025-03-24 10:30:06.635671+01:00
[09:30:06] Successful get url: https://www.bing.com/th?id=OHR.ElephantGrass_FR-FR5375120032_UHD.jpg
[09:30:06] Picture infomations saved to  global/fr-FR/README.md
[09:30:06] Picture infomations saved to global/fr-FR/history/2025/03/24_fr-FR.md
[09:30:06] Start geting global Bing Wallpaper, region=de-DE, local time is 2025-03-24 10:30:06.792681+01:00
[09:30:06] Successful get url: https://www.bing.com/th?id=OHR.ElephantGrass_DE-DE3541534518_UHD.jpg
[09:30:06] Picture infomations saved to  global/de-DE/README.md
[09:30:06] Picture infomations saved to global/de-DE/history/2025/03/24_de-DE.md
[09:30:06] Start geting global Bing Wallpaper, region=en-CA, local time is 2025-03-24 05:30:06.962373-04:00
[09:30:07] Successful get url: https://www.bing.com/th?id=OHR.ElephantGrass_EN-CA8436870295_UHD.jpg
[09:30:07] Picture infomations saved to  global/en-CA/README.md
[09:30:07] Picture infomations saved to global/en-CA/history/2025/03/25_en-CA.md
[09:30:07] Start geting global Bing Wallpaper, region=en-GB, local time is 2025-03-24 09:30:07.324822+00:00
[09:30:07] Successful get url: https://www.bing.com/th?id=OHR.SydneyHarbour_EN-GB4487505878_UHD.jpg
[09:30:07] Picture infomations saved to  global/en-GB/README.md
[09:30:07] Picture infomations saved to global/en-GB/history/2025/03/25_en-GB.md
[09:30:07] Start geting global Bing Wallpaper, region=it-IT, local time is 2025-03-24 10:30:07.961891+01:00
[09:30:08] Successful get url: https://www.bing.com/th?id=OHR.PiazzaBologna_IT-IT4343709340_UHD.jpg
[09:30:08] Picture infomations saved to  global/it-IT/README.md
[09:30:08] Picture infomations saved to global/it-IT/history/2025/03/24_it-IT.md
[09:30:08] Start geting global Bing Wallpaper, region=es-ES, local time is 2025-03-24 10:30:08.286565+01:00
[09:30:08] Successful get url: https://www.bing.com/th?id=OHR.ElephantGrass_ES-ES9916597908_UHD.jpg
[09:30:08] Picture infomations saved to  global/es-ES/README.md
[09:30:08] Picture infomations saved to global/es-ES/history/2025/03/24_es-ES.md
[09:30:08] Start geting global Bing Wallpaper, region=fr-CA, local time is 2025-03-24 05:30:08.476673-04:00
[09:30:08] Successful get url: https://www.bing.com/th?id=OHR.ElephantGrass_FR-CA8064485353_UHD.jpg
[09:30:08] Picture infomations saved to  global/fr-CA/README.md
[09:30:08] Picture infomations saved to global/fr-CA/history/2025/03/25_fr-CA.md
Program exit at 09:30:08
