
Program started at 09:26:48
Operating System Name: Linux
Operating System Version: #25-Ubuntu SMP Wed Jan 15 20:45:09 UTC 2025
System Architecture: ('64bit', 'ELF')
Computer Type: x86_64
Computer Name: fv-az1670-889
Processor Type: x86_64
Python Version: 3.12.9
Python Interpreter Name: CPython
[09:26:48] Start geting CN Bing Wallpaper
[09:26:48] Successful get url: https://www.bing.com/th?id=OHR.EucalyptusForest_ZH-CN3052498076_UHD.jpg
[09:26:48] Image saved to img/background.jpg
[09:26:48] Info saved to README.md
[09:26:48] Image saved to history/2025/03/02.md
[09:26:48] Start geting global Bing Wallpaper, region=en-US, local time is 2025-03-02 04:26:48.709215-05:00
[09:26:48] Successful get url: https://www.bing.com/th?id=OHR.EucalyptusForest_EN-US3015819767_UHD.jpg
[09:26:48] Picture infomations saved to  global/en-US/README.md
[09:26:48] Picture infomations saved to global/en-US/history/2025/03/03_en-US.md
[09:26:48] Start geting global Bing Wallpaper, region=ja-JP, local time is 2025-03-02 18:26:48.885984+09:00
[09:26:48] Successful get url: https://www.bing.com/th?id=OHR.HornbillPair_JA-JP1960738768_UHD.jpg
[09:26:49] Picture infomations saved to  global/ja-JP/README.md
[09:26:49] Picture infomations saved to global/ja-JP/history/2025/03/02_ja-JP.md
[09:26:49] Start geting global Bing Wallpaper, region=en-IN, local time is 2025-03-02 14:56:49.060982+05:30
[09:26:49] Successful get url: https://www.bing.com/th?id=OHR.EucalyptusForest_EN-IN9152358934_UHD.jpg
[09:26:49] Picture infomations saved to  global/en-IN/README.md
[09:26:49] Picture infomations saved to global/en-IN/history/2025/03/02_en-IN.md
[09:26:49] Start geting global Bing Wallpaper, region=pt-BR, local time is 2025-03-02 06:26:49.241230-03:00
[09:26:49] Successful get url: https://www.bing.com/th?id=OHR.EucalyptusForest_PT-BR0170958199_UHD.jpg
[09:26:49] Picture infomations saved to  global/pt-BR/README.md
[09:26:49] Picture infomations saved to global/pt-BR/history/2025/03/03_pt-BR.md
[09:26:49] Start geting global Bing Wallpaper, region=fr-FR, local time is 2025-03-02 10:26:49.394190+01:00
[09:26:49] Successful get url: https://www.bing.com/th?id=OHR.EucalyptusForest_FR-FR3221720443_UHD.jpg
[09:26:49] Picture infomations saved to  global/fr-FR/README.md
[09:26:49] Picture infomations saved to global/fr-FR/history/2025/03/02_fr-FR.md
[09:26:49] Start geting global Bing Wallpaper, region=de-DE, local time is 2025-03-02 10:26:49.577923+01:00
[09:26:49] Successful get url: https://www.bing.com/th?id=OHR.EucalyptusForest_DE-DE6075329561_UHD.jpg
[09:26:49] Picture infomations saved to  global/de-DE/README.md
[09:26:49] Picture infomations saved to global/de-DE/history/2025/03/02_de-DE.md
[09:26:49] Start geting global Bing Wallpaper, region=en-CA, local time is 2025-03-02 04:26:49.743770-05:00
[09:26:49] Successful get url: https://www.bing.com/th?id=OHR.EucalyptusForest_EN-CA8770630646_UHD.jpg
[09:26:49] Picture infomations saved to  global/en-CA/README.md
[09:26:49] Picture infomations saved to global/en-CA/history/2025/03/03_en-CA.md
[09:26:49] Start geting global Bing Wallpaper, region=en-GB, local time is 2025-03-02 09:26:49.926554+00:00
[09:26:50] Successful get url: https://www.bing.com/th?id=OHR.EucalyptusForest_EN-GB2410685823_UHD.jpg
[09:26:50] Picture infomations saved to  global/en-GB/README.md
[09:26:50] Picture infomations saved to global/en-GB/history/2025/03/03_en-GB.md
[09:26:50] Start geting global Bing Wallpaper, region=it-IT, local time is 2025-03-02 10:26:50.112317+01:00
[09:26:50] Successful get url: https://www.bing.com/th?id=OHR.EucalyptusForest_IT-IT0078107703_UHD.jpg
[09:26:50] Picture infomations saved to  global/it-IT/README.md
[09:26:50] Picture infomations saved to global/it-IT/history/2025/03/02_it-IT.md
[09:26:50] Start geting global Bing Wallpaper, region=es-ES, local time is 2025-03-02 10:26:50.279554+01:00
[09:26:50] Successful get url: https://www.bing.com/th?id=OHR.EucalyptusForest_ES-ES6432819032_UHD.jpg
[09:26:50] Picture infomations saved to  global/es-ES/README.md
[09:26:50] Picture infomations saved to global/es-ES/history/2025/03/02_es-ES.md
[09:26:50] Start geting global Bing Wallpaper, region=fr-CA, local time is 2025-03-02 04:26:50.440608-05:00
[09:26:50] Successful get url: https://www.bing.com/th?id=OHR.EucalyptusForest_FR-CA2872086680_UHD.jpg
[09:26:50] Picture infomations saved to  global/fr-CA/README.md
[09:26:50] Picture infomations saved to global/fr-CA/history/2025/03/03_fr-CA.md
Program exit at 09:26:50

Program started at 16:13:52
Operating System Name: Linux
Operating System Version: #25-Ubuntu SMP Wed Jan 15 20:45:09 UTC 2025
System Architecture: ('64bit', 'ELF')
Computer Type: x86_64
Computer Name: fv-az1110-800
Processor Type: x86_64
Python Version: 3.12.9
Python Interpreter Name: CPython
[16:13:52] Start geting CN Bing Wallpaper
[16:13:52] Successful get url: https://www.bing.com/th?id=OHR.HornbillPair_ZH-CN3380997666_UHD.jpg
[16:13:52] Image saved to img/background.jpg
[16:13:52] Info saved to README.md
[16:13:52] Image saved to history/2025/03/03.md
[16:13:52] Start geting global Bing Wallpaper, region=en-US, local time is 2025-03-02 11:13:52.285926-05:00
[16:13:52] Successful get url: https://www.bing.com/th?id=OHR.EucalyptusForest_EN-US3015819767_UHD.jpg
[16:13:52] Picture infomations saved to  global/en-US/README.md
[16:13:52] Picture infomations saved to global/en-US/history/2025/03/03_en-US.md
[16:13:52] Start geting global Bing Wallpaper, region=ja-JP, local time is 2025-03-03 01:13:52.391688+09:00
[16:13:52] Successful get url: https://www.bing.com/th?id=OHR.Hinamatsuri2025_JA-JP2146557406_UHD.jpg
[16:13:52] Picture infomations saved to  global/ja-JP/README.md
[16:13:52] Picture infomations saved to global/ja-JP/history/2025/03/03_ja-JP.md
[16:13:52] Start geting global Bing Wallpaper, region=en-IN, local time is 2025-03-02 21:43:52.572896+05:30
[16:13:52] Successful get url: https://www.bing.com/th?id=OHR.EucalyptusForest_EN-IN9152358934_UHD.jpg
[16:13:52] Picture infomations saved to  global/en-IN/README.md
[16:13:52] Picture infomations saved to global/en-IN/history/2025/03/02_en-IN.md
[16:13:52] Start geting global Bing Wallpaper, region=pt-BR, local time is 2025-03-02 13:13:52.673617-03:00
[16:13:52] Successful get url: https://www.bing.com/th?id=OHR.EucalyptusForest_PT-BR0170958199_UHD.jpg
[16:13:52] Picture infomations saved to  global/pt-BR/README.md
[16:13:52] Picture infomations saved to global/pt-BR/history/2025/03/03_pt-BR.md
[16:13:52] Start geting global Bing Wallpaper, region=fr-FR, local time is 2025-03-02 17:13:52.784113+01:00
[16:13:52] Successful get url: https://www.bing.com/th?id=OHR.EucalyptusForest_FR-FR3221720443_UHD.jpg
[16:13:52] Picture infomations saved to  global/fr-FR/README.md
[16:13:52] Picture infomations saved to global/fr-FR/history/2025/03/02_fr-FR.md
[16:13:52] Start geting global Bing Wallpaper, region=de-DE, local time is 2025-03-02 17:13:52.888521+01:00
[16:13:52] Successful get url: https://www.bing.com/th?id=OHR.EucalyptusForest_DE-DE6075329561_UHD.jpg
[16:13:53] Picture infomations saved to  global/de-DE/README.md
[16:13:53] Picture infomations saved to global/de-DE/history/2025/03/02_de-DE.md
[16:13:53] Start geting global Bing Wallpaper, region=en-CA, local time is 2025-03-02 11:13:53.046829-05:00
[16:13:53] Successful get url: https://www.bing.com/th?id=OHR.EucalyptusForest_EN-CA8770630646_UHD.jpg
[16:13:53] Picture infomations saved to  global/en-CA/README.md
[16:13:53] Picture infomations saved to global/en-CA/history/2025/03/03_en-CA.md
[16:13:53] Start geting global Bing Wallpaper, region=en-GB, local time is 2025-03-02 16:13:53.134953+00:00
[16:13:53] Successful get url: https://www.bing.com/th?id=OHR.EucalyptusForest_EN-GB2410685823_UHD.jpg
[16:13:53] Picture infomations saved to  global/en-GB/README.md
[16:13:53] Picture infomations saved to global/en-GB/history/2025/03/03_en-GB.md
[16:13:53] Start geting global Bing Wallpaper, region=it-IT, local time is 2025-03-02 17:13:53.234603+01:00
[16:13:53] Successful get url: https://www.bing.com/th?id=OHR.EucalyptusForest_IT-IT0078107703_UHD.jpg
[16:13:53] Picture infomations saved to  global/it-IT/README.md
[16:13:53] Picture infomations saved to global/it-IT/history/2025/03/02_it-IT.md
[16:13:53] Start geting global Bing Wallpaper, region=es-ES, local time is 2025-03-02 17:13:53.338131+01:00
[16:13:53] Successful get url: https://www.bing.com/th?id=OHR.EucalyptusForest_ES-ES6432819032_UHD.jpg
[16:13:53] Picture infomations saved to  global/es-ES/README.md
[16:13:53] Picture infomations saved to global/es-ES/history/2025/03/02_es-ES.md
[16:13:53] Start geting global Bing Wallpaper, region=fr-CA, local time is 2025-03-02 11:13:53.427874-05:00
[16:13:53] Successful get url: https://www.bing.com/th?id=OHR.EucalyptusForest_FR-CA2872086680_UHD.jpg
[16:13:53] Picture infomations saved to  global/fr-CA/README.md
[16:13:53] Picture infomations saved to global/fr-CA/history/2025/03/03_fr-CA.md
Program exit at 16:13:53
