
Program started at 09:27:31
Operating System Name: Linux
Operating System Version: #25-Ubuntu SMP Wed Jan 15 20:45:09 UTC 2025
System Architecture: ('64bit', 'ELF')
Computer Type: x86_64
Computer Name: fv-az1721-316
Processor Type: x86_64
Python Version: 3.12.9
Python Interpreter Name: CPython
[09:27:31] Start geting CN Bing Wallpaper
[09:27:31] Successful get url: https://www.bing.com/th?id=OHR.CarrizoBloom_ZH-CN7967467357_UHD.jpg
[09:27:31] Image saved to img/background.jpg
[09:27:31] Info saved to README.md
[09:27:31] Image saved to history/2025/03/29.md
[09:27:31] Start geting global Bing Wallpaper, region=en-US, local time is 2025-03-29 05:27:31.859896-04:00
[09:27:31] Successful get url: https://www.bing.com/th?id=OHR.CarrizoBloom_EN-US2504669059_UHD.jpg
[09:27:32] Picture infomations saved to  global/en-US/README.md
[09:27:32] Picture infomations saved to global/en-US/history/2025/03/30_en-US.md
[09:27:32] Start geting global Bing Wallpaper, region=ja-JP, local time is 2025-03-29 18:27:32.083253+09:00
[09:27:32] Successful get url: https://www.bing.com/th?id=OHR.CarrizoBloom_JA-JP0990703107_UHD.jpg
[09:27:32] Picture infomations saved to  global/ja-JP/README.md
[09:27:32] Picture infomations saved to global/ja-JP/history/2025/03/29_ja-JP.md
[09:27:32] Start geting global Bing Wallpaper, region=en-IN, local time is 2025-03-29 14:57:32.243235+05:30
[09:27:32] Successful get url: https://www.bing.com/th?id=OHR.CarrizoBloom_EN-IN0314971879_UHD.jpg
[09:27:32] Picture infomations saved to  global/en-IN/README.md
[09:27:32] Picture infomations saved to global/en-IN/history/2025/03/29_en-IN.md
[09:27:32] Start geting global Bing Wallpaper, region=pt-BR, local time is 2025-03-29 06:27:32.399886-03:00
[09:27:32] Successful get url: https://www.bing.com/th?id=OHR.CarrizoBloom_PT-BR8458116464_UHD.jpg
[09:27:32] Picture infomations saved to  global/pt-BR/README.md
[09:27:32] Picture infomations saved to global/pt-BR/history/2025/03/30_pt-BR.md
[09:27:32] Start geting global Bing Wallpaper, region=fr-FR, local time is 2025-03-29 10:27:32.567789+01:00
[09:27:32] Successful get url: https://www.bing.com/th?id=OHR.SydneyHarbour_FR-FR4894871663_UHD.jpg
[09:27:32] Picture infomations saved to  global/fr-FR/README.md
[09:27:32] Picture infomations saved to global/fr-FR/history/2025/03/29_fr-FR.md
[09:27:32] Start geting global Bing Wallpaper, region=de-DE, local time is 2025-03-29 10:27:32.720286+01:00
[09:27:32] Successful get url: https://www.bing.com/th?id=OHR.CarrizoBloom_DE-DE4724342753_UHD.jpg
[09:27:32] Picture infomations saved to  global/de-DE/README.md
[09:27:32] Picture infomations saved to global/de-DE/history/2025/03/29_de-DE.md
[09:27:32] Start geting global Bing Wallpaper, region=en-CA, local time is 2025-03-29 05:27:32.909374-04:00
[09:27:32] Successful get url: https://www.bing.com/th?id=OHR.CarrizoBloom_EN-CA9693070982_UHD.jpg
[09:27:33] Picture infomations saved to  global/en-CA/README.md
[09:27:33] Picture infomations saved to global/en-CA/history/2025/03/30_en-CA.md
[09:27:33] Start geting global Bing Wallpaper, region=en-GB, local time is 2025-03-29 09:27:33.067448+00:00
[09:27:33] Successful get url: https://www.bing.com/th?id=OHR.CarrizoBloom_EN-GB8154155837_UHD.jpg
[09:27:33] Picture infomations saved to  global/en-GB/README.md
[09:27:33] Picture infomations saved to global/en-GB/history/2025/03/30_en-GB.md
[09:27:33] Start geting global Bing Wallpaper, region=it-IT, local time is 2025-03-29 10:27:33.310064+01:00
[09:27:33] Successful get url: https://www.bing.com/th?id=OHR.CarrizoBloom_IT-IT9336939108_UHD.jpg
[09:27:33] Picture infomations saved to  global/it-IT/README.md
[09:27:33] Picture infomations saved to global/it-IT/history/2025/03/29_it-IT.md
[09:27:33] Start geting global Bing Wallpaper, region=es-ES, local time is 2025-03-29 10:27:33.458579+01:00
[09:27:33] Successful get url: https://www.bing.com/th?id=OHR.CarrizoBloom_ES-ES6860410740_UHD.jpg
[09:27:33] Picture infomations saved to  global/es-ES/README.md
[09:27:33] Picture infomations saved to global/es-ES/history/2025/03/29_es-ES.md
[09:27:33] Start geting global Bing Wallpaper, region=fr-CA, local time is 2025-03-29 05:27:33.726420-04:00
[09:27:33] Successful get url: https://www.bing.com/th?id=OHR.CarrizoBloom_FR-CA9432246059_UHD.jpg
[09:27:33] Picture infomations saved to  global/fr-CA/README.md
[09:27:33] Picture infomations saved to global/fr-CA/history/2025/03/30_fr-CA.md
Program exit at 09:27:33
