
Program started at 09:30:21
Operating System Name: Linux
Operating System Version: #25-Ubuntu SMP Wed Jan 15 20:45:09 UTC 2025
System Architecture: ('64bit', 'ELF')
Computer Type: x86_64
Computer Name: fv-az1937-645
Processor Type: x86_64
Python Version: 3.12.9
Python Interpreter Name: CPython
[09:30:21] Start geting CN Bing Wallpaper
[09:30:21] Successful get url: https://www.bing.com/th?id=OHR.NestingMonarch_ZH-CN7848166951_UHD.jpg
[09:30:21] Image saved to img/background.jpg
[09:30:21] Info saved to README.md
[09:30:21] Image saved to history/2025/03/28.md
[09:30:21] Start geting global Bing Wallpaper, region=en-US, local time is 2025-03-28 05:30:21.683885-04:00
[09:30:21] Successful get url: https://www.bing.com/th?id=OHR.NestingMonarch_EN-US2312410271_UHD.jpg
[09:30:21] Picture infomations saved to  global/en-US/README.md
[09:30:21] Picture infomations saved to global/en-US/history/2025/03/29_en-US.md
[09:30:21] Start geting global Bing Wallpaper, region=ja-JP, local time is 2025-03-28 18:30:21.830202+09:00
[09:30:21] Successful get url: https://www.bing.com/th?id=OHR.NestingMonarch_JA-JP0784290288_UHD.jpg
[09:30:21] Picture infomations saved to  global/ja-JP/README.md
[09:30:21] Picture infomations saved to global/ja-JP/history/2025/03/28_ja-JP.md
[09:30:21] Start geting global Bing Wallpaper, region=en-IN, local time is 2025-03-28 15:00:21.954585+05:30
[09:30:22] Successful get url: https://www.bing.com/th?id=OHR.NestingMonarch_EN-IN9834490771_UHD.jpg
[09:30:22] Picture infomations saved to  global/en-IN/README.md
[09:30:22] Picture infomations saved to global/en-IN/history/2025/03/28_en-IN.md
[09:30:22] Start geting global Bing Wallpaper, region=pt-BR, local time is 2025-03-28 06:30:22.083543-03:00
[09:30:22] Successful get url: https://www.bing.com/th?id=OHR.NestingMonarch_PT-BR7621606081_UHD.jpg
[09:30:22] Picture infomations saved to  global/pt-BR/README.md
[09:30:22] Picture infomations saved to global/pt-BR/history/2025/03/29_pt-BR.md
[09:30:22] Start geting global Bing Wallpaper, region=fr-FR, local time is 2025-03-28 10:30:22.203067+01:00
[09:30:22] Successful get url: https://www.bing.com/th?id=OHR.NestingMonarch_FR-FR0368519818_UHD.jpg
[09:30:22] Picture infomations saved to  global/fr-FR/README.md
[09:30:22] Picture infomations saved to global/fr-FR/history/2025/03/28_fr-FR.md
[09:30:22] Start geting global Bing Wallpaper, region=de-DE, local time is 2025-03-28 10:30:22.511860+01:00
[09:30:22] Successful get url: https://www.bing.com/th?id=OHR.NestingMonarch_DE-DE4342475181_UHD.jpg
[09:30:22] Picture infomations saved to  global/de-DE/README.md
[09:30:22] Picture infomations saved to global/de-DE/history/2025/03/28_de-DE.md
[09:30:22] Start geting global Bing Wallpaper, region=en-CA, local time is 2025-03-28 05:30:22.656533-04:00
[09:30:22] Successful get url: https://www.bing.com/th?id=OHR.NestingMonarch_EN-CA9445717272_UHD.jpg
[09:30:22] Picture infomations saved to  global/en-CA/README.md
[09:30:22] Picture infomations saved to global/en-CA/history/2025/03/29_en-CA.md
[09:30:22] Start geting global Bing Wallpaper, region=en-GB, local time is 2025-03-28 09:30:22.913969+00:00
[09:30:22] Successful get url: https://www.bing.com/th?id=OHR.NestingMonarch_EN-GB8009331215_UHD.jpg
[09:30:23] Picture infomations saved to  global/en-GB/README.md
[09:30:23] Picture infomations saved to global/en-GB/history/2025/03/29_en-GB.md
[09:30:23] Start geting global Bing Wallpaper, region=it-IT, local time is 2025-03-28 10:30:23.079629+01:00
[09:30:23] Successful get url: https://www.bing.com/th?id=OHR.ElephantGrass_IT-IT5535834532_UHD.jpg
[09:30:23] Picture infomations saved to  global/it-IT/README.md
[09:30:23] Picture infomations saved to global/it-IT/history/2025/03/28_it-IT.md
[09:30:23] Start geting global Bing Wallpaper, region=es-ES, local time is 2025-03-28 10:30:23.244359+01:00
[09:30:23] Successful get url: https://www.bing.com/th?id=OHR.ReconquestofVigo_ES-ES0266760154_UHD.jpg
[09:30:23] Picture infomations saved to  global/es-ES/README.md
[09:30:23] Picture infomations saved to global/es-ES/history/2025/03/28_es-ES.md
[09:30:23] Start geting global Bing Wallpaper, region=fr-CA, local time is 2025-03-28 05:30:23.401244-04:00
[09:30:23] Successful get url: https://www.bing.com/th?id=OHR.NestingMonarch_FR-CA7537769339_UHD.jpg
[09:30:23] Picture infomations saved to  global/fr-CA/README.md
[09:30:23] Picture infomations saved to global/fr-CA/history/2025/03/29_fr-CA.md
Program exit at 09:30:23

Program started at 16:15:51
Operating System Name: Linux
Operating System Version: #25-Ubuntu SMP Wed Jan 15 20:45:09 UTC 2025
System Architecture: ('64bit', 'ELF')
Computer Type: x86_64
Computer Name: fv-az2234-854
Processor Type: x86_64
Python Version: 3.12.9
Python Interpreter Name: CPython
[16:15:51] Start geting CN Bing Wallpaper
[16:15:51] Successful get url: https://www.bing.com/th?id=OHR.CarrizoBloom_ZH-CN7967467357_UHD.jpg
[16:15:51] Image saved to img/background.jpg
[16:15:51] Info saved to README.md
[16:15:51] Image saved to history/2025/03/29.md
[16:15:51] Start geting global Bing Wallpaper, region=en-US, local time is 2025-03-28 12:15:51.717502-04:00
[16:15:51] Successful get url: https://www.bing.com/th?id=OHR.NestingMonarch_EN-US2312410271_UHD.jpg
[16:15:51] Picture infomations saved to  global/en-US/README.md
[16:15:51] Picture infomations saved to global/en-US/history/2025/03/29_en-US.md
[16:15:51] Start geting global Bing Wallpaper, region=ja-JP, local time is 2025-03-29 01:15:51.931869+09:00
[16:15:52] Successful get url: https://www.bing.com/th?id=OHR.CarrizoBloom_JA-JP0990703107_UHD.jpg
[16:15:52] Picture infomations saved to  global/ja-JP/README.md
[16:15:52] Picture infomations saved to global/ja-JP/history/2025/03/29_ja-JP.md
[16:15:52] Start geting global Bing Wallpaper, region=en-IN, local time is 2025-03-28 21:45:52.090086+05:30
[16:15:52] Successful get url: https://www.bing.com/th?id=OHR.NestingMonarch_EN-IN9834490771_UHD.jpg
[16:15:52] Picture infomations saved to  global/en-IN/README.md
[16:15:52] Picture infomations saved to global/en-IN/history/2025/03/28_en-IN.md
[16:15:52] Start geting global Bing Wallpaper, region=pt-BR, local time is 2025-03-28 13:15:52.257212-03:00
[16:15:52] Successful get url: https://www.bing.com/th?id=OHR.NestingMonarch_PT-BR7621606081_UHD.jpg
[16:15:52] Picture infomations saved to  global/pt-BR/README.md
[16:15:52] Picture infomations saved to global/pt-BR/history/2025/03/29_pt-BR.md
[16:15:52] Start geting global Bing Wallpaper, region=fr-FR, local time is 2025-03-28 17:15:52.355695+01:00
[16:15:52] Successful get url: https://www.bing.com/th?id=OHR.NestingMonarch_FR-FR0368519818_UHD.jpg
[16:15:52] Picture infomations saved to  global/fr-FR/README.md
[16:15:52] Picture infomations saved to global/fr-FR/history/2025/03/28_fr-FR.md
[16:15:52] Start geting global Bing Wallpaper, region=de-DE, local time is 2025-03-28 17:15:52.461153+01:00
[16:15:52] Successful get url: https://www.bing.com/th?id=OHR.NestingMonarch_DE-DE4342475181_UHD.jpg
[16:15:52] Picture infomations saved to  global/de-DE/README.md
[16:15:52] Picture infomations saved to global/de-DE/history/2025/03/28_de-DE.md
[16:15:52] Start geting global Bing Wallpaper, region=en-CA, local time is 2025-03-28 12:15:52.564258-04:00
[16:15:52] Successful get url: https://www.bing.com/th?id=OHR.NestingMonarch_EN-CA9445717272_UHD.jpg
[16:15:52] Picture infomations saved to  global/en-CA/README.md
[16:15:52] Picture infomations saved to global/en-CA/history/2025/03/29_en-CA.md
[16:15:52] Start geting global Bing Wallpaper, region=en-GB, local time is 2025-03-28 16:15:52.738773+00:00
[16:15:52] Successful get url: https://www.bing.com/th?id=OHR.NestingMonarch_EN-GB8009331215_UHD.jpg
[16:15:52] Picture infomations saved to  global/en-GB/README.md
[16:15:52] Picture infomations saved to global/en-GB/history/2025/03/29_en-GB.md
[16:15:52] Start geting global Bing Wallpaper, region=it-IT, local time is 2025-03-28 17:15:52.862559+01:00
[16:15:52] Successful get url: https://www.bing.com/th?id=OHR.ElephantGrass_IT-IT5535834532_UHD.jpg
[16:15:53] Picture infomations saved to  global/it-IT/README.md
[16:15:53] Picture infomations saved to global/it-IT/history/2025/03/28_it-IT.md
[16:15:53] Start geting global Bing Wallpaper, region=es-ES, local time is 2025-03-28 17:15:53.111720+01:00
[16:15:53] Successful get url: https://www.bing.com/th?id=OHR.ReconquestofVigo_ES-ES0266760154_UHD.jpg
[16:15:53] Picture infomations saved to  global/es-ES/README.md
[16:15:53] Picture infomations saved to global/es-ES/history/2025/03/28_es-ES.md
[16:15:53] Start geting global Bing Wallpaper, region=fr-CA, local time is 2025-03-28 12:15:53.230153-04:00
[16:15:53] Successful get url: https://www.bing.com/th?id=OHR.NestingMonarch_FR-CA7537769339_UHD.jpg
[16:15:53] Picture infomations saved to  global/fr-CA/README.md
[16:15:53] Picture infomations saved to global/fr-CA/history/2025/03/29_fr-CA.md
Program exit at 16:15:53
