
Program started at 09:20:23
Operating System Name: Linux
Operating System Version: #18~22.04.1-Ubuntu SMP Tue Nov 21 19:25:02 UTC 2023
System Architecture: ('64bit', 'ELF')
Computer Type: x86_64
Computer Name: fv-az837-394
Processor Type: x86_64
Python Version: 3.10.13
Python Interpreter Name: CPython
[09:20:23] Start geting CN Bing Wallpaper
[09:20:23] Successful get url: https://www.bing.com/th?id=OHR.ThailandNewYears_ZH-CN2058192262_UHD.jpg
[09:20:23] Image saved to img/background.jpg
[09:20:23] Info saved to README.md
[09:20:23] Image saved to history/2023/12/31.md
[09:20:23] Start geting global Bing Wallpaper, region=en-US
[09:20:23] Successful get url: https://www.bing.com/th?id=OHR.ThailandNewYears_EN-US7115555089_UHD.jpg
[09:20:23] Picture infomations saved to  global/en-US/README.md
[09:20:23] Picture infomations saved to global/en-US/history/2024/01/01_en-US.md
[09:20:23] Start geting global Bing Wallpaper, region=ja-JP
[09:20:23] Successful get url: https://www.bing.com/th?id=OHR.Omisoka2023_JA-JP4038808718_UHD.jpg
[09:20:24] Picture infomations saved to  global/ja-JP/README.md
[09:20:24] Picture infomations saved to global/ja-JP/history/2023/12/31_ja-JP.md
[09:20:24] Start geting global Bing Wallpaper, region=en-IN
[09:20:24] Successful get url: https://www.bing.com/th?id=OHR.ThailandNewYears_EN-IN4004784311_UHD.jpg
[09:20:24] Picture infomations saved to  global/en-IN/README.md
[09:20:24] Picture infomations saved to global/en-IN/history/2023/12/31_en-IN.md
[09:20:24] Start geting global Bing Wallpaper, region=pt-BR
[09:20:24] Successful get url: https://www.bing.com/th?id=OHR.ReveillonBrazil_PT-BR9820187694_UHD.jpg
[09:20:24] Picture infomations saved to  global/pt-BR/README.md
[09:20:24] Picture infomations saved to global/pt-BR/history/2024/01/01_pt-BR.md
[09:20:24] Start geting global Bing Wallpaper, region=fr-FR
[09:20:24] Successful get url: https://www.bing.com/th?id=OHR.ThailandNewYears_FR-FR9400381287_UHD.jpg
[09:20:24] Picture infomations saved to  global/fr-FR/README.md
[09:20:24] Picture infomations saved to global/fr-FR/history/2023/12/31_fr-FR.md
[09:20:24] Start geting global Bing Wallpaper, region=de-DE
[09:20:24] Successful get url: https://www.bing.com/th?id=OHR.ThailandNewYears_DE-DE0040209012_UHD.jpg
[09:20:24] Picture infomations saved to  global/de-DE/README.md
[09:20:24] Picture infomations saved to global/de-DE/history/2023/12/31_de-DE.md
[09:20:24] Start geting global Bing Wallpaper, region=en-CA
[09:20:24] Successful get url: https://www.bing.com/th?id=OHR.ThailandNewYears_EN-CA2541480849_UHD.jpg
[09:20:25] Picture infomations saved to  global/en-CA/README.md
[09:20:25] Picture infomations saved to global/en-CA/history/2024/01/01_en-CA.md
[09:20:25] Start geting global Bing Wallpaper, region=en-GB
[09:20:25] Successful get url: https://www.bing.com/th?id=OHR.ThailandNewYears_EN-GB2689906608_UHD.jpg
[09:20:25] Picture infomations saved to  global/en-GB/README.md
[09:20:25] Picture infomations saved to global/en-GB/history/2024/01/01_en-GB.md
[09:20:25] Start geting global Bing Wallpaper, region=it-IT
[09:20:25] Successful get url: https://www.bing.com/th?id=OHR.SantaMariaVenice_1185725818_IT-IT0984119913_UHD.jpg
[09:20:25] Picture infomations saved to  global/it-IT/README.md
[09:20:25] Picture infomations saved to global/it-IT/history/2023/12/31_it-IT.md
[09:20:25] Start geting global Bing Wallpaper, region=es-ES
[09:20:25] Successful get url: https://www.bing.com/th?id=OHR.SpainNewYear_ES-ES8250941524_UHD.jpg
[09:20:25] Picture infomations saved to  global/es-ES/README.md
[09:20:25] Picture infomations saved to global/es-ES/history/2023/12/31_es-ES.md
[09:20:25] Start geting global Bing Wallpaper, region=fr-CA
[09:20:25] Successful get url: https://www.bing.com/th?id=OHR.ThailandNewYears_FR-CA3518368515_UHD.jpg
[09:20:25] Picture infomations saved to  global/fr-CA/README.md
[09:20:25] Picture infomations saved to global/fr-CA/history/2024/01/01_fr-CA.md
Program exit at 09:20:25
