
Program started at 10:38:13
Operating System Name: Linux
Operating System Version: #13~24.04.1-Ubuntu SMP Wed Apr 15 16:52:17 UTC 2026
System Architecture: ('64bit', 'ELF')
Computer Type: x86_64
Computer Name: runnervmrw5os
Processor Type: x86_64
Python Version: 3.12.13
Python Interpreter Name: CPython
[10:38:13] Start geting CN Bing Wallpaper
[10:38:13] Successful get url: https://www.bing.com/th?id=OHR.ShenandoahSunset_ZH-CN4399136794_UHD.jpg
[10:38:14] Image saved to img/background.jpg
[10:38:14] Info saved to README.md
[10:38:14] Image saved to history/2026/05/17.md
[10:38:14] Start geting global Bing Wallpaper, region=en-US, local time is 2026-05-17 06:38:14.084905-04:00
[10:38:14] Successful get url: https://www.bing.com/th?id=OHR.ShenandoahSunset_EN-US0482920183_UHD.jpg
[10:38:14] Picture infomations saved to  global/en-US/README.md
[10:38:14] Picture infomations saved to global/en-US/history/2026/05/18_en-US.md
[10:38:14] Start geting global Bing Wallpaper, region=ja-JP, local time is 2026-05-17 19:38:14.279139+09:00
[10:38:14] Successful get url: https://www.bing.com/th?id=OHR.ShenandoahSunset_JA-JP8062281581_UHD.jpg
[10:38:14] Picture infomations saved to  global/ja-JP/README.md
[10:38:14] Picture infomations saved to global/ja-JP/history/2026/05/17_ja-JP.md
[10:38:14] Start geting global Bing Wallpaper, region=en-IN, local time is 2026-05-17 16:08:14.509301+05:30
[10:38:14] Successful get url: https://www.bing.com/th?id=OHR.ShenandoahSunset_EN-IN9525704190_UHD.jpg
[10:38:14] Picture infomations saved to  global/en-IN/README.md
[10:38:14] Picture infomations saved to global/en-IN/history/2026/05/17_en-IN.md
[10:38:14] Start geting global Bing Wallpaper, region=pt-BR, local time is 2026-05-17 07:38:14.691271-03:00
[10:38:14] Successful get url: https://www.bing.com/th?id=OHR.ShenandoahSunset_PT-BR7351185056_UHD.jpg
[10:38:14] Picture infomations saved to  global/pt-BR/README.md
[10:38:14] Picture infomations saved to global/pt-BR/history/2026/05/18_pt-BR.md
[10:38:14] Start geting global Bing Wallpaper, region=fr-FR, local time is 2026-05-17 12:38:14.864883+02:00
[10:38:14] Successful get url: https://www.bing.com/th?id=OHR.ShenandoahSunset_FR-FR7678507020_UHD.jpg
[10:38:15] Picture infomations saved to  global/fr-FR/README.md
[10:38:15] Picture infomations saved to global/fr-FR/history/2026/05/17_fr-FR.md
[10:38:15] Start geting global Bing Wallpaper, region=de-DE, local time is 2026-05-17 12:38:15.081484+02:00
[10:38:15] Successful get url: https://www.bing.com/th?id=OHR.ShenandoahSunset_DE-DE3403386055_UHD.jpg
[10:38:15] Picture infomations saved to  global/de-DE/README.md
[10:38:15] Picture infomations saved to global/de-DE/history/2026/05/17_de-DE.md
[10:38:15] Start geting global Bing Wallpaper, region=en-CA, local time is 2026-05-17 06:38:15.259463-04:00
[10:38:15] Successful get url: https://www.bing.com/th?id=OHR.ShenandoahSunset_EN-CA4630917998_UHD.jpg
[10:38:15] Picture infomations saved to  global/en-CA/README.md
[10:38:15] Picture infomations saved to global/en-CA/history/2026/05/18_en-CA.md
[10:38:15] Start geting global Bing Wallpaper, region=en-GB, local time is 2026-05-17 11:38:15.442433+01:00
[10:38:15] Successful get url: https://www.bing.com/th?id=OHR.ShenandoahSunset_EN-GB6739469556_UHD.jpg
[10:38:15] Picture infomations saved to  global/en-GB/README.md
[10:38:15] Picture infomations saved to global/en-GB/history/2026/05/17_en-GB.md
[10:38:15] Start geting global Bing Wallpaper, region=it-IT, local time is 2026-05-17 12:38:15.692643+02:00
[10:38:15] Successful get url: https://www.bing.com/th?id=OHR.ShenandoahSunset_IT-IT1185587153_UHD.jpg
[10:38:15] Picture infomations saved to  global/it-IT/README.md
[10:38:15] Picture infomations saved to global/it-IT/history/2026/05/17_it-IT.md
[10:38:15] Start geting global Bing Wallpaper, region=es-ES, local time is 2026-05-17 12:38:15.895802+02:00
[10:38:15] Successful get url: https://www.bing.com/th?id=OHR.ShenandoahSunset_ES-ES1620430283_UHD.jpg
[10:38:16] Picture infomations saved to  global/es-ES/README.md
[10:38:16] Picture infomations saved to global/es-ES/history/2026/05/17_es-ES.md
[10:38:16] Start geting global Bing Wallpaper, region=fr-CA, local time is 2026-05-17 06:38:16.064559-04:00
[10:38:16] Successful get url: https://www.bing.com/th?id=OHR.ShenandoahSunset_FR-CA3281673722_UHD.jpg
[10:38:16] Picture infomations saved to  global/fr-CA/README.md
[10:38:16] Picture infomations saved to global/fr-CA/history/2026/05/18_fr-CA.md
Program exit at 10:38:16

Program started at 16:49:56
Operating System Name: Linux
Operating System Version: #13~24.04.1-Ubuntu SMP Wed Apr 15 16:52:17 UTC 2026
System Architecture: ('64bit', 'ELF')
Computer Type: x86_64
Computer Name: runnervmrw5os
Processor Type: x86_64
Python Version: 3.12.13
Python Interpreter Name: CPython
[16:49:56] Start geting CN Bing Wallpaper
[16:49:56] Successful get url: https://www.bing.com/th?id=OHR.MuseumLondon_ZH-CN5602977820_UHD.jpg
[16:49:56] Image saved to img/background.jpg
[16:49:56] Info saved to README.md
[16:49:56] Image saved to history/2026/05/18.md
[16:49:56] Start geting global Bing Wallpaper, region=en-US, local time is 2026-05-17 12:49:56.381092-04:00
[16:49:56] Successful get url: https://www.bing.com/th?id=OHR.ShenandoahSunset_EN-US0482920183_UHD.jpg
[16:49:56] Picture infomations saved to  global/en-US/README.md
[16:49:56] Picture infomations saved to global/en-US/history/2026/05/18_en-US.md
[16:49:56] Start geting global Bing Wallpaper, region=ja-JP, local time is 2026-05-18 01:49:56.567601+09:00
[16:49:56] Successful get url: https://www.bing.com/th?id=OHR.MuseumDay2026_JA-JP8089592575_UHD.jpg
[16:49:56] Picture infomations saved to  global/ja-JP/README.md
[16:49:56] Picture infomations saved to global/ja-JP/history/2026/05/18_ja-JP.md
[16:49:56] Start geting global Bing Wallpaper, region=en-IN, local time is 2026-05-17 22:19:56.774522+05:30
[16:49:56] Successful get url: https://www.bing.com/th?id=OHR.ShenandoahSunset_EN-IN9525704190_UHD.jpg
[16:49:57] Picture infomations saved to  global/en-IN/README.md
[16:49:57] Picture infomations saved to global/en-IN/history/2026/05/17_en-IN.md
[16:49:57] Start geting global Bing Wallpaper, region=pt-BR, local time is 2026-05-17 13:49:57.037585-03:00
[16:49:57] Successful get url: https://www.bing.com/th?id=OHR.ShenandoahSunset_PT-BR7351185056_UHD.jpg
[16:49:57] Picture infomations saved to  global/pt-BR/README.md
[16:49:57] Picture infomations saved to global/pt-BR/history/2026/05/18_pt-BR.md
[16:49:57] Start geting global Bing Wallpaper, region=fr-FR, local time is 2026-05-17 18:49:57.326160+02:00
[16:49:57] Successful get url: https://www.bing.com/th?id=OHR.ShenandoahSunset_FR-FR7678507020_UHD.jpg
[16:49:57] Picture infomations saved to  global/fr-FR/README.md
[16:49:57] Picture infomations saved to global/fr-FR/history/2026/05/17_fr-FR.md
[16:49:57] Start geting global Bing Wallpaper, region=de-DE, local time is 2026-05-17 18:49:57.607592+02:00
[16:49:57] Successful get url: https://www.bing.com/th?id=OHR.ShenandoahSunset_DE-DE3403386055_UHD.jpg
[16:49:57] Picture infomations saved to  global/de-DE/README.md
[16:49:57] Picture infomations saved to global/de-DE/history/2026/05/17_de-DE.md
[16:49:57] Start geting global Bing Wallpaper, region=en-CA, local time is 2026-05-17 12:49:57.861809-04:00
[16:49:57] Successful get url: https://www.bing.com/th?id=OHR.ShenandoahSunset_EN-CA4630917998_UHD.jpg
[16:49:58] Picture infomations saved to  global/en-CA/README.md
[16:49:58] Picture infomations saved to global/en-CA/history/2026/05/18_en-CA.md
[16:49:58] Start geting global Bing Wallpaper, region=en-GB, local time is 2026-05-17 17:49:58.039070+01:00
[16:49:58] Successful get url: https://www.bing.com/th?id=OHR.ShenandoahSunset_EN-GB6739469556_UHD.jpg
[16:49:58] Picture infomations saved to  global/en-GB/README.md
[16:49:58] Picture infomations saved to global/en-GB/history/2026/05/17_en-GB.md
[16:49:58] Start geting global Bing Wallpaper, region=it-IT, local time is 2026-05-17 18:49:58.235139+02:00
[16:49:58] Successful get url: https://www.bing.com/th?id=OHR.ShenandoahSunset_IT-IT1185587153_UHD.jpg
[16:49:58] Picture infomations saved to  global/it-IT/README.md
[16:49:58] Picture infomations saved to global/it-IT/history/2026/05/17_it-IT.md
[16:49:58] Start geting global Bing Wallpaper, region=es-ES, local time is 2026-05-17 18:49:58.430154+02:00
[16:49:58] Successful get url: https://www.bing.com/th?id=OHR.ShenandoahSunset_ES-ES1620430283_UHD.jpg
[16:49:58] Picture infomations saved to  global/es-ES/README.md
[16:49:58] Picture infomations saved to global/es-ES/history/2026/05/17_es-ES.md
[16:49:58] Start geting global Bing Wallpaper, region=fr-CA, local time is 2026-05-17 12:49:58.751359-04:00
[16:49:58] Successful get url: https://www.bing.com/th?id=OHR.ShenandoahSunset_FR-CA3281673722_UHD.jpg
[16:49:59] Picture infomations saved to  global/fr-CA/README.md
[16:49:59] Picture infomations saved to global/fr-CA/history/2026/05/18_fr-CA.md
Program exit at 16:49:59
