
Program started at 10:35:54
Operating System Name: Linux
Operating System Version: #13~24.04.1-Ubuntu SMP Wed Apr 15 16:52:17 UTC 2026
System Architecture: ('64bit', 'ELF')
Computer Type: x86_64
Computer Name: runnervmrw5os
Processor Type: x86_64
Python Version: 3.12.13
Python Interpreter Name: CPython
[10:35:54] Start geting CN Bing Wallpaper
[10:35:54] Successful get url: https://www.bing.com/th?id=OHR.SmithRockPark_ZH-CN4210144402_UHD.jpg
[10:35:54] Image saved to img/background.jpg
[10:35:54] Info saved to README.md
[10:35:54] Image saved to history/2026/05/16.md
[10:35:54] Start geting global Bing Wallpaper, region=en-US, local time is 2026-05-16 06:35:54.554606-04:00
[10:35:54] Successful get url: https://www.bing.com/th?id=OHR.SmithRockPark_EN-US0425629050_UHD.jpg
[10:35:54] Picture infomations saved to  global/en-US/README.md
[10:35:54] Picture infomations saved to global/en-US/history/2026/05/17_en-US.md
[10:35:54] Start geting global Bing Wallpaper, region=ja-JP, local time is 2026-05-16 19:35:54.772598+09:00
[10:35:54] Successful get url: https://www.bing.com/th?id=OHR.SmithRockPark_JA-JP7493165844_UHD.jpg
[10:35:54] Picture infomations saved to  global/ja-JP/README.md
[10:35:54] Picture infomations saved to global/ja-JP/history/2026/05/16_ja-JP.md
[10:35:54] Start geting global Bing Wallpaper, region=en-IN, local time is 2026-05-16 16:05:54.922639+05:30
[10:35:54] Successful get url: https://www.bing.com/th?id=OHR.SmithRockPark_EN-IN9136730901_UHD.jpg
[10:35:55] Picture infomations saved to  global/en-IN/README.md
[10:35:55] Picture infomations saved to global/en-IN/history/2026/05/16_en-IN.md
[10:35:55] Start geting global Bing Wallpaper, region=pt-BR, local time is 2026-05-16 07:35:55.110023-03:00
[10:35:55] Successful get url: https://www.bing.com/th?id=OHR.Buracao_PT-BR7518499247_UHD.jpg
[10:35:55] Picture infomations saved to  global/pt-BR/README.md
[10:35:55] Picture infomations saved to global/pt-BR/history/2026/05/17_pt-BR.md
[10:35:55] Start geting global Bing Wallpaper, region=fr-FR, local time is 2026-05-16 12:35:55.482555+02:00
[10:35:55] Successful get url: https://www.bing.com/th?id=OHR.BirchForest_FR-FR7115403118_UHD.jpg
[10:35:55] Picture infomations saved to  global/fr-FR/README.md
[10:35:55] Picture infomations saved to global/fr-FR/history/2026/05/16_fr-FR.md
[10:35:55] Start geting global Bing Wallpaper, region=de-DE, local time is 2026-05-16 12:35:55.636878+02:00
[10:35:55] Successful get url: https://www.bing.com/th?id=OHR.ButterflyFlower_DE-DE3210389568_UHD.jpg
[10:35:55] Picture infomations saved to  global/de-DE/README.md
[10:35:55] Picture infomations saved to global/de-DE/history/2026/05/16_de-DE.md
[10:35:55] Start geting global Bing Wallpaper, region=en-CA, local time is 2026-05-16 06:35:55.933082-04:00
[10:35:55] Successful get url: https://www.bing.com/th?id=OHR.SmithRockPark_EN-CA4269417858_UHD.jpg
[10:35:56] Picture infomations saved to  global/en-CA/README.md
[10:35:56] Picture infomations saved to global/en-CA/history/2026/05/17_en-CA.md
[10:35:56] Start geting global Bing Wallpaper, region=en-GB, local time is 2026-05-16 11:35:56.127239+01:00
[10:35:56] Successful get url: https://www.bing.com/th?id=OHR.SmithRockPark_EN-GB6390650151_UHD.jpg
[10:35:56] Picture infomations saved to  global/en-GB/README.md
[10:35:56] Picture infomations saved to global/en-GB/history/2026/05/16_en-GB.md
[10:35:56] Start geting global Bing Wallpaper, region=it-IT, local time is 2026-05-16 12:35:56.391893+02:00
[10:35:56] Successful get url: https://www.bing.com/th?id=OHR.SmithRockPark_IT-IT1024044993_UHD.jpg
[10:35:56] Picture infomations saved to  global/it-IT/README.md
[10:35:56] Picture infomations saved to global/it-IT/history/2026/05/16_it-IT.md
[10:35:56] Start geting global Bing Wallpaper, region=es-ES, local time is 2026-05-16 12:35:56.544262+02:00
[10:35:56] Successful get url: https://www.bing.com/th?id=OHR.BosqueCielo_ES-ES4003642577_UHD.jpg
[10:35:56] Picture infomations saved to  global/es-ES/README.md
[10:35:56] Picture infomations saved to global/es-ES/history/2026/05/16_es-ES.md
[10:35:56] Start geting global Bing Wallpaper, region=fr-CA, local time is 2026-05-16 06:35:56.706797-04:00
[10:35:56] Successful get url: https://www.bing.com/th?id=OHR.SmithRockPark_FR-CA6286478118_UHD.jpg
[10:35:56] Picture infomations saved to  global/fr-CA/README.md
[10:35:56] Picture infomations saved to global/fr-CA/history/2026/05/17_fr-CA.md
Program exit at 10:35:56

Program started at 16:50:59
Operating System Name: Linux
Operating System Version: #13~24.04.1-Ubuntu SMP Wed Apr 15 16:52:17 UTC 2026
System Architecture: ('64bit', 'ELF')
Computer Type: x86_64
Computer Name: runnervmrw5os
Processor Type: x86_64
Python Version: 3.12.13
Python Interpreter Name: CPython
[16:50:59] Start geting CN Bing Wallpaper
[16:50:59] Successful get url: https://www.bing.com/th?id=OHR.ShenandoahSunset_ZH-CN4399136794_UHD.jpg
[16:50:59] Image saved to img/background.jpg
[16:50:59] Info saved to README.md
[16:50:59] Image saved to history/2026/05/17.md
[16:50:59] Start geting global Bing Wallpaper, region=en-US, local time is 2026-05-16 12:50:59.875303-04:00
[16:50:59] Successful get url: https://www.bing.com/th?id=OHR.SmithRockPark_EN-US0425629050_UHD.jpg
[16:51:00] Picture infomations saved to  global/en-US/README.md
[16:51:00] Picture infomations saved to global/en-US/history/2026/05/17_en-US.md
[16:51:00] Start geting global Bing Wallpaper, region=ja-JP, local time is 2026-05-17 01:51:00.236020+09:00
[16:51:00] Successful get url: https://www.bing.com/th?id=OHR.ShenandoahSunset_JA-JP8062281581_UHD.jpg
[16:51:00] Picture infomations saved to  global/ja-JP/README.md
[16:51:00] Picture infomations saved to global/ja-JP/history/2026/05/17_ja-JP.md
[16:51:00] Start geting global Bing Wallpaper, region=en-IN, local time is 2026-05-16 22:21:00.592642+05:30
[16:51:00] Successful get url: https://www.bing.com/th?id=OHR.SmithRockPark_EN-IN9136730901_UHD.jpg
[16:51:01] Picture infomations saved to  global/en-IN/README.md
[16:51:01] Picture infomations saved to global/en-IN/history/2026/05/16_en-IN.md
[16:51:01] Start geting global Bing Wallpaper, region=pt-BR, local time is 2026-05-16 13:51:01.132540-03:00
[16:51:01] Successful get url: https://www.bing.com/th?id=OHR.Buracao_PT-BR7518499247_UHD.jpg
[16:51:01] Picture infomations saved to  global/pt-BR/README.md
[16:51:01] Picture infomations saved to global/pt-BR/history/2026/05/17_pt-BR.md
[16:51:01] Start geting global Bing Wallpaper, region=fr-FR, local time is 2026-05-16 18:51:01.577710+02:00
[16:51:01] Successful get url: https://www.bing.com/th?id=OHR.BirchForest_FR-FR7115403118_UHD.jpg
[16:51:01] Picture infomations saved to  global/fr-FR/README.md
[16:51:01] Picture infomations saved to global/fr-FR/history/2026/05/16_fr-FR.md
[16:51:01] Start geting global Bing Wallpaper, region=de-DE, local time is 2026-05-16 18:51:01.869351+02:00
[16:51:01] Successful get url: https://www.bing.com/th?id=OHR.ButterflyFlower_DE-DE3210389568_UHD.jpg
[16:51:02] Picture infomations saved to  global/de-DE/README.md
[16:51:02] Picture infomations saved to global/de-DE/history/2026/05/16_de-DE.md
[16:51:02] Start geting global Bing Wallpaper, region=en-CA, local time is 2026-05-16 12:51:02.695055-04:00
[16:51:02] Successful get url: https://www.bing.com/th?id=OHR.SmithRockPark_EN-CA4269417858_UHD.jpg
[16:51:03] Picture infomations saved to  global/en-CA/README.md
[16:51:03] Picture infomations saved to global/en-CA/history/2026/05/17_en-CA.md
[16:51:03] Start geting global Bing Wallpaper, region=en-GB, local time is 2026-05-16 17:51:03.032554+01:00
[16:51:03] Successful get url: https://www.bing.com/th?id=OHR.SmithRockPark_EN-GB6390650151_UHD.jpg
[16:51:03] Picture infomations saved to  global/en-GB/README.md
[16:51:03] Picture infomations saved to global/en-GB/history/2026/05/16_en-GB.md
[16:51:03] Start geting global Bing Wallpaper, region=it-IT, local time is 2026-05-16 18:51:03.552895+02:00
[16:51:03] Successful get url: https://www.bing.com/th?id=OHR.SmithRockPark_IT-IT1024044993_UHD.jpg
[16:51:04] Picture infomations saved to  global/it-IT/README.md
[16:51:04] Picture infomations saved to global/it-IT/history/2026/05/16_it-IT.md
[16:51:04] Start geting global Bing Wallpaper, region=es-ES, local time is 2026-05-16 18:51:04.382090+02:00
[16:51:04] Successful get url: https://www.bing.com/th?id=OHR.BosqueCielo_ES-ES4003642577_UHD.jpg
[16:51:05] Picture infomations saved to  global/es-ES/README.md
[16:51:05] Picture infomations saved to global/es-ES/history/2026/05/16_es-ES.md
[16:51:05] Start geting global Bing Wallpaper, region=fr-CA, local time is 2026-05-16 12:51:05.130737-04:00
[16:51:05] Successful get url: https://www.bing.com/th?id=OHR.SmithRockPark_FR-CA6286478118_UHD.jpg
[16:51:05] Picture infomations saved to  global/fr-CA/README.md
[16:51:05] Picture infomations saved to global/fr-CA/history/2026/05/17_fr-CA.md
Program exit at 16:51:05
