
Program started at 11:17:50
Operating System Name: Linux
Operating System Version: #10~24.04.1-Ubuntu SMP Fri Mar  6 22:00:57 UTC 2026
System Architecture: ('64bit', 'ELF')
Computer Type: x86_64
Computer Name: runnervmeorf1
Processor Type: x86_64
Python Version: 3.12.13
Python Interpreter Name: CPython
[11:17:50] Start geting CN Bing Wallpaper
[11:17:51] Successful get url: https://www.bing.com/th?id=OHR.BulgariaPlains_ZH-CN3853985252_UHD.jpg
[11:17:51] Image saved to img/background.jpg
[11:17:51] Info saved to README.md
[11:17:51] Image saved to history/2026/05/06.md
[11:17:51] Start geting global Bing Wallpaper, region=en-US, local time is 2026-05-06 07:17:51.130795-04:00
[11:17:51] Successful get url: https://www.bing.com/th?id=OHR.BulgariaPlains_EN-US0576020979_UHD.jpg
[11:17:51] Picture infomations saved to  global/en-US/README.md
[11:17:51] Picture infomations saved to global/en-US/history/2026/05/07_en-US.md
[11:17:51] Start geting global Bing Wallpaper, region=ja-JP, local time is 2026-05-06 20:17:51.297109+09:00
[11:17:51] Successful get url: https://www.bing.com/th?id=OHR.BulgariaPlains_JA-JP4515566359_UHD.jpg
[11:17:51] Picture infomations saved to  global/ja-JP/README.md
[11:17:51] Picture infomations saved to global/ja-JP/history/2026/05/06_ja-JP.md
[11:17:51] Start geting global Bing Wallpaper, region=en-IN, local time is 2026-05-06 16:47:51.444318+05:30
[11:17:51] Successful get url: https://www.bing.com/th?id=OHR.BulgariaPlains_EN-IN4718054909_UHD.jpg
[11:17:51] Picture infomations saved to  global/en-IN/README.md
[11:17:51] Picture infomations saved to global/en-IN/history/2026/05/06_en-IN.md
[11:17:51] Start geting global Bing Wallpaper, region=pt-BR, local time is 2026-05-06 08:17:51.577883-03:00
[11:17:51] Successful get url: https://www.bing.com/th?id=OHR.BulgariaPlains_PT-BR7466173362_UHD.jpg
[11:17:51] Picture infomations saved to  global/pt-BR/README.md
[11:17:51] Picture infomations saved to global/pt-BR/history/2026/05/07_pt-BR.md
[11:17:51] Start geting global Bing Wallpaper, region=fr-FR, local time is 2026-05-06 13:17:51.701886+02:00
[11:17:51] Successful get url: https://www.bing.com/th?id=OHR.BulgariaPlains_FR-FR4904282030_UHD.jpg
[11:17:51] Picture infomations saved to  global/fr-FR/README.md
[11:17:51] Picture infomations saved to global/fr-FR/history/2026/05/06_fr-FR.md
[11:17:51] Start geting global Bing Wallpaper, region=de-DE, local time is 2026-05-06 13:17:51.897430+02:00
[11:17:51] Successful get url: https://www.bing.com/th?id=OHR.BulgariaPlains_DE-DE4866806694_UHD.jpg
[11:17:52] Picture infomations saved to  global/de-DE/README.md
[11:17:52] Picture infomations saved to global/de-DE/history/2026/05/06_de-DE.md
[11:17:52] Start geting global Bing Wallpaper, region=en-CA, local time is 2026-05-06 07:17:52.038925-04:00
[11:17:52] Successful get url: https://www.bing.com/th?id=OHR.BulgariaPlains_EN-CA6379116198_UHD.jpg
[11:17:52] Picture infomations saved to  global/en-CA/README.md
[11:17:52] Picture infomations saved to global/en-CA/history/2026/05/07_en-CA.md
[11:17:52] Start geting global Bing Wallpaper, region=en-GB, local time is 2026-05-06 12:17:52.179645+01:00
[11:17:52] Successful get url: https://www.bing.com/th?id=OHR.BulgariaPlains_EN-GB7011360187_UHD.jpg
[11:17:52] Picture infomations saved to  global/en-GB/README.md
[11:17:52] Picture infomations saved to global/en-GB/history/2026/05/06_en-GB.md
[11:17:52] Start geting global Bing Wallpaper, region=it-IT, local time is 2026-05-06 13:17:52.392142+02:00
[11:17:52] Successful get url: https://www.bing.com/th?id=OHR.BulgariaPlains_IT-IT9195177220_UHD.jpg
[11:17:52] Picture infomations saved to  global/it-IT/README.md
[11:17:52] Picture infomations saved to global/it-IT/history/2026/05/06_it-IT.md
[11:17:52] Start geting global Bing Wallpaper, region=es-ES, local time is 2026-05-06 13:17:52.517603+02:00
[11:17:52] Successful get url: https://www.bing.com/th?id=OHR.BulgariaPlains_ES-ES6386466102_UHD.jpg
[11:17:52] Picture infomations saved to  global/es-ES/README.md
[11:17:52] Picture infomations saved to global/es-ES/history/2026/05/06_es-ES.md
[11:17:52] Start geting global Bing Wallpaper, region=fr-CA, local time is 2026-05-06 07:17:52.653389-04:00
[11:17:52] Successful get url: https://www.bing.com/th?id=OHR.BulgariaPlains_FR-CA6415102284_UHD.jpg
[11:17:52] Picture infomations saved to  global/fr-CA/README.md
[11:17:52] Picture infomations saved to global/fr-CA/history/2026/05/07_fr-CA.md
Program exit at 11:17:52
