
Program started at 10:42:25
Operating System Name: Linux
Operating System Version: #13~24.04.1-Ubuntu SMP Wed Apr 15 16:52:17 UTC 2026
System Architecture: ('64bit', 'ELF')
Computer Type: x86_64
Computer Name: runnervmg397c
Processor Type: x86_64
Python Version: 3.12.13
Python Interpreter Name: CPython
[10:42:25] Start geting CN Bing Wallpaper
[10:42:25] Successful get url: https://www.bing.com/th?id=OHR.ThreeTurtlesButterflies_ZH-CN7043849571_UHD.jpg
[10:42:25] Image saved to img/background.jpg
[10:42:25] Info saved to README.md
[10:42:25] Image saved to history/2026/05/23.md
[10:42:25] Start geting global Bing Wallpaper, region=en-US, local time is 2026-05-23 06:42:25.287881-04:00
[10:42:25] Successful get url: https://www.bing.com/th?id=OHR.ThreeTurtlesButterflies_EN-US0786859772_UHD.jpg
[10:42:25] Picture infomations saved to  global/en-US/README.md
[10:42:25] Picture infomations saved to global/en-US/history/2026/05/24_en-US.md
[10:42:25] Start geting global Bing Wallpaper, region=ja-JP, local time is 2026-05-23 19:42:25.458054+09:00
[10:42:25] Successful get url: https://www.bing.com/th?id=OHR.ThreeTurtlesButterflies_JA-JP9111323268_UHD.jpg
[10:42:25] Picture infomations saved to  global/ja-JP/README.md
[10:42:25] Picture infomations saved to global/ja-JP/history/2026/05/23_ja-JP.md
[10:42:25] Start geting global Bing Wallpaper, region=en-IN, local time is 2026-05-23 16:12:25.607876+05:30
[10:42:25] Successful get url: https://www.bing.com/th?id=OHR.ThreeTurtlesButterflies_EN-IN2942559231_UHD.jpg
[10:42:25] Picture infomations saved to  global/en-IN/README.md
[10:42:25] Picture infomations saved to global/en-IN/history/2026/05/23_en-IN.md
[10:42:25] Start geting global Bing Wallpaper, region=pt-BR, local time is 2026-05-23 07:42:25.753283-03:00
[10:42:25] Successful get url: https://www.bing.com/th?id=OHR.ThreeTurtlesButterflies_PT-BR1084575406_UHD.jpg
[10:42:25] Picture infomations saved to  global/pt-BR/README.md
[10:42:25] Picture infomations saved to global/pt-BR/history/2026/05/24_pt-BR.md
[10:42:25] Start geting global Bing Wallpaper, region=fr-FR, local time is 2026-05-23 12:42:25.915357+02:00
[10:42:25] Successful get url: https://www.bing.com/th?id=OHR.ThreeTurtlesButterflies_FR-FR0788671320_UHD.jpg
[10:42:26] Picture infomations saved to  global/fr-FR/README.md
[10:42:26] Picture infomations saved to global/fr-FR/history/2026/05/23_fr-FR.md
[10:42:26] Start geting global Bing Wallpaper, region=de-DE, local time is 2026-05-23 12:42:26.109655+02:00
[10:42:26] Successful get url: https://www.bing.com/th?id=OHR.ThreeTurtlesButterflies_DE-DE2682966963_UHD.jpg
[10:42:26] Picture infomations saved to  global/de-DE/README.md
[10:42:26] Picture infomations saved to global/de-DE/history/2026/05/23_de-DE.md
[10:42:26] Start geting global Bing Wallpaper, region=en-CA, local time is 2026-05-23 06:42:26.281808-04:00
[10:42:26] Successful get url: https://www.bing.com/th?id=OHR.ThreeTurtlesButterflies_EN-CA6585264618_UHD.jpg
[10:42:26] Picture infomations saved to  global/en-CA/README.md
[10:42:26] Picture infomations saved to global/en-CA/history/2026/05/24_en-CA.md
[10:42:26] Start geting global Bing Wallpaper, region=en-GB, local time is 2026-05-23 11:42:26.428812+01:00
[10:42:26] Successful get url: https://www.bing.com/th?id=OHR.ThreeTurtlesButterflies_EN-GB5539260974_UHD.jpg
[10:42:26] Picture infomations saved to  global/en-GB/README.md
[10:42:26] Picture infomations saved to global/en-GB/history/2026/05/23_en-GB.md
[10:42:26] Start geting global Bing Wallpaper, region=it-IT, local time is 2026-05-23 12:42:26.590930+02:00
[10:42:26] Successful get url: https://www.bing.com/th?id=OHR.ThreeTurtlesButterflies_IT-IT6850354411_UHD.jpg
[10:42:26] Picture infomations saved to  global/it-IT/README.md
[10:42:26] Picture infomations saved to global/it-IT/history/2026/05/23_it-IT.md
[10:42:26] Start geting global Bing Wallpaper, region=es-ES, local time is 2026-05-23 12:42:26.728770+02:00
[10:42:26] Successful get url: https://www.bing.com/th?id=OHR.ThreeTurtlesButterflies_ES-ES8340646109_UHD.jpg
[10:42:26] Picture infomations saved to  global/es-ES/README.md
[10:42:26] Picture infomations saved to global/es-ES/history/2026/05/23_es-ES.md
[10:42:26] Start geting global Bing Wallpaper, region=fr-CA, local time is 2026-05-23 06:42:26.888281-04:00
[10:42:26] Successful get url: https://www.bing.com/th?id=OHR.ThreeTurtlesButterflies_FR-CA4454150798_UHD.jpg
[10:42:27] Picture infomations saved to  global/fr-CA/README.md
[10:42:27] Picture infomations saved to global/fr-CA/history/2026/05/24_fr-CA.md
Program exit at 10:42:27

Program started at 16:53:14
Operating System Name: Linux
Operating System Version: #13~24.04.1-Ubuntu SMP Wed Apr 15 16:52:17 UTC 2026
System Architecture: ('64bit', 'ELF')
Computer Type: x86_64
Computer Name: runnervmg397c
Processor Type: x86_64
Python Version: 3.12.13
Python Interpreter Name: CPython
[16:53:14] Start geting CN Bing Wallpaper
[16:53:14] Successful get url: https://www.bing.com/th?id=OHR.DolomitesPark_ZH-CN7134423478_UHD.jpg
[16:53:14] Image saved to img/background.jpg
[16:53:14] Info saved to README.md
[16:53:14] Image saved to history/2026/05/24.md
[16:53:14] Start geting global Bing Wallpaper, region=en-US, local time is 2026-05-23 12:53:14.503434-04:00
[16:53:14] Successful get url: https://www.bing.com/th?id=OHR.ThreeTurtlesButterflies_EN-US0786859772_UHD.jpg
[16:53:14] Picture infomations saved to  global/en-US/README.md
[16:53:14] Picture infomations saved to global/en-US/history/2026/05/24_en-US.md
[16:53:14] Start geting global Bing Wallpaper, region=ja-JP, local time is 2026-05-24 01:53:14.795320+09:00
[16:53:14] Successful get url: https://www.bing.com/th?id=OHR.DolomitesPark_JA-JP9299187350_UHD.jpg
[16:53:15] Picture infomations saved to  global/ja-JP/README.md
[16:53:15] Picture infomations saved to global/ja-JP/history/2026/05/24_ja-JP.md
[16:53:15] Start geting global Bing Wallpaper, region=en-IN, local time is 2026-05-23 22:23:15.240679+05:30
[16:53:15] Successful get url: https://www.bing.com/th?id=OHR.ThreeTurtlesButterflies_EN-IN2942559231_UHD.jpg
[16:53:15] Picture infomations saved to  global/en-IN/README.md
[16:53:15] Picture infomations saved to global/en-IN/history/2026/05/23_en-IN.md
[16:53:15] Start geting global Bing Wallpaper, region=pt-BR, local time is 2026-05-23 13:53:15.538016-03:00
[16:53:15] Successful get url: https://www.bing.com/th?id=OHR.ThreeTurtlesButterflies_PT-BR1084575406_UHD.jpg
[16:53:15] Picture infomations saved to  global/pt-BR/README.md
[16:53:15] Picture infomations saved to global/pt-BR/history/2026/05/24_pt-BR.md
[16:53:15] Start geting global Bing Wallpaper, region=fr-FR, local time is 2026-05-23 18:53:15.942901+02:00
[16:53:15] Successful get url: https://www.bing.com/th?id=OHR.ThreeTurtlesButterflies_FR-FR0788671320_UHD.jpg
[16:53:16] Picture infomations saved to  global/fr-FR/README.md
[16:53:16] Picture infomations saved to global/fr-FR/history/2026/05/23_fr-FR.md
[16:53:16] Start geting global Bing Wallpaper, region=de-DE, local time is 2026-05-23 18:53:16.340550+02:00
[16:53:16] Successful get url: https://www.bing.com/th?id=OHR.ThreeTurtlesButterflies_DE-DE2682966963_UHD.jpg
[16:53:16] Picture infomations saved to  global/de-DE/README.md
[16:53:16] Picture infomations saved to global/de-DE/history/2026/05/23_de-DE.md
[16:53:16] Start geting global Bing Wallpaper, region=en-CA, local time is 2026-05-23 12:53:16.796425-04:00
[16:53:16] Successful get url: https://www.bing.com/th?id=OHR.ThreeTurtlesButterflies_EN-CA6585264618_UHD.jpg
[16:53:17] Picture infomations saved to  global/en-CA/README.md
[16:53:17] Picture infomations saved to global/en-CA/history/2026/05/24_en-CA.md
[16:53:17] Start geting global Bing Wallpaper, region=en-GB, local time is 2026-05-23 17:53:17.218828+01:00
[16:53:17] Successful get url: https://www.bing.com/th?id=OHR.ThreeTurtlesButterflies_EN-GB5539260974_UHD.jpg
[16:53:17] Picture infomations saved to  global/en-GB/README.md
[16:53:17] Picture infomations saved to global/en-GB/history/2026/05/23_en-GB.md
[16:53:17] Start geting global Bing Wallpaper, region=it-IT, local time is 2026-05-23 18:53:17.526059+02:00
[16:53:17] Successful get url: https://www.bing.com/th?id=OHR.ThreeTurtlesButterflies_IT-IT6850354411_UHD.jpg
[16:53:18] Picture infomations saved to  global/it-IT/README.md
[16:53:18] Picture infomations saved to global/it-IT/history/2026/05/23_it-IT.md
[16:53:18] Start geting global Bing Wallpaper, region=es-ES, local time is 2026-05-23 18:53:18.036113+02:00
[16:53:18] Successful get url: https://www.bing.com/th?id=OHR.ThreeTurtlesButterflies_ES-ES8340646109_UHD.jpg
[16:53:18] Picture infomations saved to  global/es-ES/README.md
[16:53:18] Picture infomations saved to global/es-ES/history/2026/05/23_es-ES.md
[16:53:18] Start geting global Bing Wallpaper, region=fr-CA, local time is 2026-05-23 12:53:18.307243-04:00
[16:53:18] Successful get url: https://www.bing.com/th?id=OHR.ThreeTurtlesButterflies_FR-CA4454150798_UHD.jpg
[16:53:18] Picture infomations saved to  global/fr-CA/README.md
[16:53:18] Picture infomations saved to global/fr-CA/history/2026/05/24_fr-CA.md
Program exit at 16:53:18
