
Program started at 12:01:54
Operating System Name: Linux
Operating System Version: #13~24.04.1-Ubuntu SMP Wed Apr 15 16:52:17 UTC 2026
System Architecture: ('64bit', 'ELF')
Computer Type: x86_64
Computer Name: runnervmrw5os
Processor Type: x86_64
Python Version: 3.12.13
Python Interpreter Name: CPython
[12:01:54] Start geting CN Bing Wallpaper
[12:01:55] Successful get url: https://www.bing.com/th?id=OHR.BumbleBee_ZH-CN6429376340_UHD.jpg
[12:01:55] Image saved to img/background.jpg
[12:01:55] Info saved to README.md
[12:01:55] Image saved to history/2026/05/20.md
[12:01:55] Start geting global Bing Wallpaper, region=en-US, local time is 2026-05-20 08:01:55.100340-04:00
[12:01:55] Successful get url: https://www.bing.com/th?id=OHR.BumbleBee_EN-US0634100541_UHD.jpg
[12:01:55] Picture infomations saved to  global/en-US/README.md
[12:01:55] Picture infomations saved to global/en-US/history/2026/05/21_en-US.md
[12:01:55] Start geting global Bing Wallpaper, region=ja-JP, local time is 2026-05-20 21:01:55.235804+09:00
[12:01:55] Successful get url: https://www.bing.com/th?id=OHR.BumbleBee_JA-JP8551190250_UHD.jpg
[12:01:55] Picture infomations saved to  global/ja-JP/README.md
[12:01:55] Picture infomations saved to global/ja-JP/history/2026/05/20_ja-JP.md
[12:01:55] Start geting global Bing Wallpaper, region=en-IN, local time is 2026-05-20 17:31:55.369817+05:30
[12:01:55] Successful get url: https://www.bing.com/th?id=OHR.BumbleBee_EN-IN0298436204_UHD.jpg
[12:01:55] Picture infomations saved to  global/en-IN/README.md
[12:01:55] Picture infomations saved to global/en-IN/history/2026/05/20_en-IN.md
[12:01:55] Start geting global Bing Wallpaper, region=pt-BR, local time is 2026-05-20 09:01:55.497775-03:00
[12:01:55] Successful get url: https://www.bing.com/th?id=OHR.BumbleBee_PT-BR0219466294_UHD.jpg
[12:01:55] Picture infomations saved to  global/pt-BR/README.md
[12:01:55] Picture infomations saved to global/pt-BR/history/2026/05/21_pt-BR.md
[12:01:55] Start geting global Bing Wallpaper, region=fr-FR, local time is 2026-05-20 14:01:55.623227+02:00
[12:01:55] Successful get url: https://www.bing.com/th?id=OHR.BumbleBee_FR-FR9421197553_UHD.jpg
[12:01:55] Picture infomations saved to  global/fr-FR/README.md
[12:01:55] Picture infomations saved to global/fr-FR/history/2026/05/20_fr-FR.md
[12:01:55] Start geting global Bing Wallpaper, region=de-DE, local time is 2026-05-20 14:01:55.748867+02:00
[12:01:55] Successful get url: https://www.bing.com/th?id=OHR.BumbleBee_DE-DE5081297615_UHD.jpg
[12:01:55] Picture infomations saved to  global/de-DE/README.md
[12:01:55] Picture infomations saved to global/de-DE/history/2026/05/20_de-DE.md
[12:01:55] Start geting global Bing Wallpaper, region=en-CA, local time is 2026-05-20 08:01:55.870145-04:00
[12:01:55] Successful get url: https://www.bing.com/th?id=OHR.BumbleBee_EN-CA5527051866_UHD.jpg
[12:01:55] Picture infomations saved to  global/en-CA/README.md
[12:01:55] Picture infomations saved to global/en-CA/history/2026/05/21_en-CA.md
[12:01:55] Start geting global Bing Wallpaper, region=en-GB, local time is 2026-05-20 13:01:55.987847+01:00
[12:01:56] Successful get url: https://www.bing.com/th?id=OHR.BumbleBee_EN-GB2743073373_UHD.jpg
[12:01:56] Picture infomations saved to  global/en-GB/README.md
[12:01:56] Picture infomations saved to global/en-GB/history/2026/05/20_en-GB.md
[12:01:56] Start geting global Bing Wallpaper, region=it-IT, local time is 2026-05-20 14:01:56.174268+02:00
[12:01:56] Successful get url: https://www.bing.com/th?id=OHR.BumbleBee_IT-IT3169631379_UHD.jpg
[12:01:56] Picture infomations saved to  global/it-IT/README.md
[12:01:56] Picture infomations saved to global/it-IT/history/2026/05/20_it-IT.md
[12:01:56] Start geting global Bing Wallpaper, region=es-ES, local time is 2026-05-20 14:01:56.296663+02:00
[12:01:56] Successful get url: https://www.bing.com/th?id=OHR.BumbleBee_ES-ES7776212975_UHD.jpg
[12:01:56] Picture infomations saved to  global/es-ES/README.md
[12:01:56] Picture infomations saved to global/es-ES/history/2026/05/20_es-ES.md
[12:01:56] Start geting global Bing Wallpaper, region=fr-CA, local time is 2026-05-20 08:01:56.427445-04:00
[12:01:56] Successful get url: https://www.bing.com/th?id=OHR.BumbleBee_FR-CA3745675981_UHD.jpg
[12:01:56] Picture infomations saved to  global/fr-CA/README.md
[12:01:56] Picture infomations saved to global/fr-CA/history/2026/05/21_fr-CA.md
Program exit at 12:01:56

Program started at 18:10:43
Operating System Name: Linux
Operating System Version: #13~24.04.1-Ubuntu SMP Wed Apr 15 16:52:17 UTC 2026
System Architecture: ('64bit', 'ELF')
Computer Type: x86_64
Computer Name: runnervmrw5os
Processor Type: x86_64
Python Version: 3.12.13
Python Interpreter Name: CPython
[18:10:43] Start geting CN Bing Wallpaper
[18:10:43] Successful get url: https://www.bing.com/th?id=OHR.SichuanTea_ZH-CN6703437873_UHD.jpg
[18:10:44] Image saved to img/background.jpg
[18:10:44] Info saved to README.md
[18:10:44] Image saved to history/2026/05/21.md
[18:10:44] Start geting global Bing Wallpaper, region=en-US, local time is 2026-05-20 14:10:44.043689-04:00
[18:10:44] Successful get url: https://www.bing.com/th?id=OHR.BumbleBee_EN-US0634100541_UHD.jpg
[18:10:44] Picture infomations saved to  global/en-US/README.md
[18:10:44] Picture infomations saved to global/en-US/history/2026/05/21_en-US.md
[18:10:44] Start geting global Bing Wallpaper, region=ja-JP, local time is 2026-05-21 03:10:44.189717+09:00
[18:10:44] Successful get url: https://www.bing.com/th?id=OHR.SichuanTea_JA-JP8777846900_UHD.jpg
[18:10:44] Picture infomations saved to  global/ja-JP/README.md
[18:10:44] Picture infomations saved to global/ja-JP/history/2026/05/21_ja-JP.md
[18:10:44] Start geting global Bing Wallpaper, region=en-IN, local time is 2026-05-20 23:40:44.392673+05:30
[18:10:44] Successful get url: https://www.bing.com/th?id=OHR.BumbleBee_EN-IN0298436204_UHD.jpg
[18:10:44] Picture infomations saved to  global/en-IN/README.md
[18:10:44] Picture infomations saved to global/en-IN/history/2026/05/20_en-IN.md
[18:10:44] Start geting global Bing Wallpaper, region=pt-BR, local time is 2026-05-20 15:10:44.537440-03:00
[18:10:44] Successful get url: https://www.bing.com/th?id=OHR.BumbleBee_PT-BR0219466294_UHD.jpg
[18:10:44] Picture infomations saved to  global/pt-BR/README.md
[18:10:44] Picture infomations saved to global/pt-BR/history/2026/05/21_pt-BR.md
[18:10:44] Start geting global Bing Wallpaper, region=fr-FR, local time is 2026-05-20 20:10:44.663727+02:00
[18:10:44] Successful get url: https://www.bing.com/th?id=OHR.BumbleBee_FR-FR9421197553_UHD.jpg
[18:10:44] Picture infomations saved to  global/fr-FR/README.md
[18:10:44] Picture infomations saved to global/fr-FR/history/2026/05/20_fr-FR.md
[18:10:44] Start geting global Bing Wallpaper, region=de-DE, local time is 2026-05-20 20:10:44.786402+02:00
[18:10:44] Successful get url: https://www.bing.com/th?id=OHR.BumbleBee_DE-DE5081297615_UHD.jpg
[18:10:44] Picture infomations saved to  global/de-DE/README.md
[18:10:44] Picture infomations saved to global/de-DE/history/2026/05/20_de-DE.md
[18:10:44] Start geting global Bing Wallpaper, region=en-CA, local time is 2026-05-20 14:10:44.955147-04:00
[18:10:44] Successful get url: https://www.bing.com/th?id=OHR.BumbleBee_EN-CA5527051866_UHD.jpg
[18:10:45] Picture infomations saved to  global/en-CA/README.md
[18:10:45] Picture infomations saved to global/en-CA/history/2026/05/21_en-CA.md
[18:10:45] Start geting global Bing Wallpaper, region=en-GB, local time is 2026-05-20 19:10:45.060010+01:00
[18:10:45] Successful get url: https://www.bing.com/th?id=OHR.BumbleBee_EN-GB2743073373_UHD.jpg
[18:10:45] Picture infomations saved to  global/en-GB/README.md
[18:10:45] Picture infomations saved to global/en-GB/history/2026/05/20_en-GB.md
[18:10:45] Start geting global Bing Wallpaper, region=it-IT, local time is 2026-05-20 20:10:45.253640+02:00
[18:10:45] Successful get url: https://www.bing.com/th?id=OHR.BumbleBee_IT-IT3169631379_UHD.jpg
[18:10:45] Picture infomations saved to  global/it-IT/README.md
[18:10:45] Picture infomations saved to global/it-IT/history/2026/05/20_it-IT.md
[18:10:45] Start geting global Bing Wallpaper, region=es-ES, local time is 2026-05-20 20:10:45.370536+02:00
[18:10:45] Successful get url: https://www.bing.com/th?id=OHR.BumbleBee_ES-ES7776212975_UHD.jpg
[18:10:45] Picture infomations saved to  global/es-ES/README.md
[18:10:45] Picture infomations saved to global/es-ES/history/2026/05/20_es-ES.md
[18:10:45] Start geting global Bing Wallpaper, region=fr-CA, local time is 2026-05-20 14:10:45.484236-04:00
[18:10:45] Successful get url: https://www.bing.com/th?id=OHR.BumbleBee_FR-CA3745675981_UHD.jpg
[18:10:45] Picture infomations saved to  global/fr-CA/README.md
[18:10:45] Picture infomations saved to global/fr-CA/history/2026/05/21_fr-CA.md
Program exit at 18:10:45
