
Program started at 10:14:52
Operating System Name: Linux
Operating System Version: #10~24.04.1-Ubuntu SMP Fri Mar  6 22:00:57 UTC 2026
System Architecture: ('64bit', 'ELF')
Computer Type: x86_64
Computer Name: runnervmeorf1
Processor Type: x86_64
Python Version: 3.12.13
Python Interpreter Name: CPython
[10:14:52] Start geting CN Bing Wallpaper
[10:14:52] Successful get url: https://www.bing.com/th?id=OHR.MasaiLeopard_ZH-CN3406483238_UHD.jpg
[10:14:52] Image saved to img/background.jpg
[10:14:52] Info saved to README.md
[10:14:52] Image saved to history/2026/05/03.md
[10:14:52] Start geting global Bing Wallpaper, region=en-US, local time is 2026-05-03 06:14:52.989619-04:00
[10:14:53] Successful get url: https://www.bing.com/th?id=OHR.MasaiLeopard_EN-US0388943780_UHD.jpg
[10:14:53] Picture infomations saved to  global/en-US/README.md
[10:14:53] Picture infomations saved to global/en-US/history/2026/05/04_en-US.md
[10:14:53] Start geting global Bing Wallpaper, region=ja-JP, local time is 2026-05-03 19:14:53.142035+09:00
[10:14:53] Successful get url: https://www.bing.com/th?id=OHR.MasaiLeopard_JA-JP2209890088_UHD.jpg
[10:14:53] Picture infomations saved to  global/ja-JP/README.md
[10:14:53] Picture infomations saved to global/ja-JP/history/2026/05/03_ja-JP.md
[10:14:53] Start geting global Bing Wallpaper, region=en-IN, local time is 2026-05-03 15:44:53.295770+05:30
[10:14:53] Successful get url: https://www.bing.com/th?id=OHR.MasaiLeopard_EN-IN3617072692_UHD.jpg
[10:14:53] Picture infomations saved to  global/en-IN/README.md
[10:14:53] Picture infomations saved to global/en-IN/history/2026/05/03_en-IN.md
[10:14:53] Start geting global Bing Wallpaper, region=pt-BR, local time is 2026-05-03 07:14:53.478734-03:00
[10:14:53] Successful get url: https://www.bing.com/th?id=OHR.MasaiLeopard_PT-BR3932185611_UHD.jpg
[10:14:53] Picture infomations saved to  global/pt-BR/README.md
[10:14:53] Picture infomations saved to global/pt-BR/history/2026/05/04_pt-BR.md
[10:14:53] Start geting global Bing Wallpaper, region=fr-FR, local time is 2026-05-03 12:14:53.916061+02:00
[10:14:53] Successful get url: https://www.bing.com/th?id=OHR.MasaiLeopard_FR-FR4209826917_UHD.jpg
[10:14:54] Picture infomations saved to  global/fr-FR/README.md
[10:14:54] Picture infomations saved to global/fr-FR/history/2026/05/03_fr-FR.md
[10:14:54] Start geting global Bing Wallpaper, region=de-DE, local time is 2026-05-03 12:14:54.049088+02:00
[10:14:54] Successful get url: https://www.bing.com/th?id=OHR.MasaiLeopard_DE-DE1183742562_UHD.jpg
[10:14:54] Picture infomations saved to  global/de-DE/README.md
[10:14:54] Picture infomations saved to global/de-DE/history/2026/05/03_de-DE.md
[10:14:54] Start geting global Bing Wallpaper, region=en-CA, local time is 2026-05-03 06:14:54.176954-04:00
[10:14:54] Successful get url: https://www.bing.com/th?id=OHR.MasaiLeopard_EN-CA1789008589_UHD.jpg
[10:14:54] Picture infomations saved to  global/en-CA/README.md
[10:14:54] Picture infomations saved to global/en-CA/history/2026/05/04_en-CA.md
[10:14:54] Start geting global Bing Wallpaper, region=en-GB, local time is 2026-05-03 11:14:54.519762+01:00
[10:14:54] Successful get url: https://www.bing.com/th?id=OHR.MasaiLeopard_EN-GB2436436985_UHD.jpg
[10:14:54] Picture infomations saved to  global/en-GB/README.md
[10:14:54] Picture infomations saved to global/en-GB/history/2026/05/03_en-GB.md
[10:14:54] Start geting global Bing Wallpaper, region=it-IT, local time is 2026-05-03 12:14:54.814947+02:00
[10:14:54] Successful get url: https://www.bing.com/th?id=OHR.MasaiLeopard_IT-IT7759211321_UHD.jpg
[10:14:54] Picture infomations saved to  global/it-IT/README.md
[10:14:54] Picture infomations saved to global/it-IT/history/2026/05/03_it-IT.md
[10:14:54] Start geting global Bing Wallpaper, region=es-ES, local time is 2026-05-03 12:14:54.953474+02:00
[10:14:55] Successful get url: https://www.bing.com/th?id=OHR.MotherCub_ES-ES5649193741_UHD.jpg
[10:14:55] Picture infomations saved to  global/es-ES/README.md
[10:14:55] Picture infomations saved to global/es-ES/history/2026/05/03_es-ES.md
[10:14:55] Start geting global Bing Wallpaper, region=fr-CA, local time is 2026-05-03 06:14:55.087240-04:00
[10:14:55] Successful get url: https://www.bing.com/th?id=OHR.MasaiLeopard_FR-CA5942726256_UHD.jpg
[10:14:55] Picture infomations saved to  global/fr-CA/README.md
[10:14:55] Picture infomations saved to global/fr-CA/history/2026/05/04_fr-CA.md
Program exit at 10:14:55
