
Program started at 11:04:57
Operating System Name: Linux
Operating System Version: #15~24.04.1-Ubuntu SMP Wed May  6 22:37:49 UTC 2026
System Architecture: ('64bit', 'ELF')
Computer Type: x86_64
Computer Name: runnervm3jyl0
Processor Type: x86_64
Python Version: 3.12.13
Python Interpreter Name: CPython
[11:04:57] Start geting CN Bing Wallpaper
[11:04:57] Successful get url: https://www.bing.com/th?id=OHR.EvergladesWetlands_ZH-CN9515366484_UHD.jpg
[11:04:57] Image saved to img/background.jpg
[11:04:57] Info saved to README.md
[11:04:57] Image saved to history/2026/05/31.md
[11:04:57] Start geting global Bing Wallpaper, region=en-US, local time is 2026-05-31 07:04:57.879228-04:00
[11:04:57] Successful get url: https://www.bing.com/th?id=OHR.EvergladesWetlands_EN-US8572465847_UHD.jpg
[11:04:58] Picture infomations saved to  global/en-US/README.md
[11:04:58] Picture infomations saved to global/en-US/history/2026/06/01_en-US.md
[11:04:58] Start geting global Bing Wallpaper, region=ja-JP, local time is 2026-05-31 20:04:58.192125+09:00
[11:04:58] Successful get url: https://www.bing.com/th?id=OHR.EvergladesWetlands_JA-JP7977535602_UHD.jpg
[11:04:58] Picture infomations saved to  global/ja-JP/README.md
[11:04:58] Picture infomations saved to global/ja-JP/history/2026/05/31_ja-JP.md
[11:04:58] Start geting global Bing Wallpaper, region=en-IN, local time is 2026-05-31 16:34:58.579879+05:30
[11:04:58] Successful get url: https://www.bing.com/th?id=OHR.Qinghai_EN-IN1637121010_UHD.jpg
[11:04:58] Picture infomations saved to  global/en-IN/README.md
[11:04:58] Picture infomations saved to global/en-IN/history/2026/05/31_en-IN.md
[11:04:58] Start geting global Bing Wallpaper, region=pt-BR, local time is 2026-05-31 08:04:58.955487-03:00
[11:04:59] Successful get url: https://www.bing.com/th?id=OHR.EvergladesWetlands_PT-BR6176741147_UHD.jpg
[11:04:59] Picture infomations saved to  global/pt-BR/README.md
[11:04:59] Picture infomations saved to global/pt-BR/history/2026/06/01_pt-BR.md
[11:04:59] Start geting global Bing Wallpaper, region=fr-FR, local time is 2026-05-31 13:04:59.399171+02:00
[11:04:59] Successful get url: https://www.bing.com/th?id=OHR.CheetahMotherDay_FR-FR3566919266_UHD.jpg
[11:04:59] Picture infomations saved to  global/fr-FR/README.md
[11:04:59] Picture infomations saved to global/fr-FR/history/2026/05/31_fr-FR.md
[11:04:59] Start geting global Bing Wallpaper, region=de-DE, local time is 2026-05-31 13:04:59.831299+02:00
[11:04:59] Successful get url: https://www.bing.com/th?id=OHR.RapeseedField_DE-DE3303026116_UHD.jpg
[11:05:00] Picture infomations saved to  global/de-DE/README.md
[11:05:00] Picture infomations saved to global/de-DE/history/2026/05/31_de-DE.md
[11:05:00] Start geting global Bing Wallpaper, region=en-CA, local time is 2026-05-31 07:05:00.116342-04:00
[11:05:00] Successful get url: https://www.bing.com/th?id=OHR.HumberRiverTrails_EN-CA6657789473_UHD.jpg
[11:05:00] Picture infomations saved to  global/en-CA/README.md
[11:05:00] Picture infomations saved to global/en-CA/history/2026/06/01_en-CA.md
[11:05:00] Start geting global Bing Wallpaper, region=en-GB, local time is 2026-05-31 12:05:00.404394+01:00
[11:05:00] Successful get url: https://www.bing.com/th?id=OHR.EvergladesWetlands_EN-GB2174930094_UHD.jpg
[11:05:00] Picture infomations saved to  global/en-GB/README.md
[11:05:00] Picture infomations saved to global/en-GB/history/2026/05/31_en-GB.md
[11:05:00] Start geting global Bing Wallpaper, region=it-IT, local time is 2026-05-31 13:05:00.720020+02:00
[11:05:00] Successful get url: https://www.bing.com/th?id=OHR.EvergladesWetlands_IT-IT8250643798_UHD.jpg
[11:05:01] Picture infomations saved to  global/it-IT/README.md
[11:05:01] Picture infomations saved to global/it-IT/history/2026/05/31_it-IT.md
[11:05:01] Start geting global Bing Wallpaper, region=es-ES, local time is 2026-05-31 13:05:01.121767+02:00
[11:05:01] Successful get url: https://www.bing.com/th?id=OHR.EvergladesWetlands_ES-ES0912999305_UHD.jpg
[11:05:01] Picture infomations saved to  global/es-ES/README.md
[11:05:01] Picture infomations saved to global/es-ES/history/2026/05/31_es-ES.md
[11:05:01] Start geting global Bing Wallpaper, region=fr-CA, local time is 2026-05-31 07:05:01.408301-04:00
[11:05:01] Successful get url: https://www.bing.com/th?id=OHR.HumberRiverTrail_FR-CA4592084106_UHD.jpg
[11:05:01] Picture infomations saved to  global/fr-CA/README.md
[11:05:01] Picture infomations saved to global/fr-CA/history/2026/06/01_fr-CA.md
Program exit at 11:05:01

Program started at 16:59:34
Operating System Name: Linux
Operating System Version: #15~24.04.1-Ubuntu SMP Wed May  6 22:37:49 UTC 2026
System Architecture: ('64bit', 'ELF')
Computer Type: x86_64
Computer Name: runnervm3jyl0
Processor Type: x86_64
Python Version: 3.12.13
Python Interpreter Name: CPython
[16:59:34] Start geting CN Bing Wallpaper
[16:59:34] Successful get url: https://www.bing.com/th?id=OHR.OlivaPalermo_ZH-CN9639920195_UHD.jpg
[16:59:35] Image saved to img/background.jpg
[16:59:35] Info saved to README.md
[16:59:35] Image saved to history/2026/06/01.md
[16:59:35] Start geting global Bing Wallpaper, region=en-US, local time is 2026-05-31 12:59:35.035429-04:00
[16:59:35] Successful get url: https://www.bing.com/th?id=OHR.EvergladesWetlands_EN-US8572465847_UHD.jpg
[16:59:35] Picture infomations saved to  global/en-US/README.md
[16:59:35] Picture infomations saved to global/en-US/history/2026/06/01_en-US.md
[16:59:35] Start geting global Bing Wallpaper, region=ja-JP, local time is 2026-06-01 01:59:35.188800+09:00
[16:59:35] Successful get url: https://www.bing.com/th?id=OHR.Qinghai_JA-JP8687946851_UHD.jpg
[16:59:35] Picture infomations saved to  global/ja-JP/README.md
[16:59:35] Picture infomations saved to global/ja-JP/history/2026/06/01_ja-JP.md
[16:59:35] Start geting global Bing Wallpaper, region=en-IN, local time is 2026-05-31 22:29:35.315330+05:30
[16:59:35] Successful get url: https://www.bing.com/th?id=OHR.Qinghai_EN-IN1637121010_UHD.jpg
[16:59:35] Picture infomations saved to  global/en-IN/README.md
[16:59:35] Picture infomations saved to global/en-IN/history/2026/05/31_en-IN.md
[16:59:35] Start geting global Bing Wallpaper, region=pt-BR, local time is 2026-05-31 13:59:35.426624-03:00
[16:59:35] Successful get url: https://www.bing.com/th?id=OHR.EvergladesWetlands_PT-BR6176741147_UHD.jpg
[16:59:35] Picture infomations saved to  global/pt-BR/README.md
[16:59:35] Picture infomations saved to global/pt-BR/history/2026/06/01_pt-BR.md
[16:59:35] Start geting global Bing Wallpaper, region=fr-FR, local time is 2026-05-31 18:59:35.527455+02:00
[16:59:35] Successful get url: https://www.bing.com/th?id=OHR.CheetahMotherDay_FR-FR3566919266_UHD.jpg
[16:59:35] Picture infomations saved to  global/fr-FR/README.md
[16:59:35] Picture infomations saved to global/fr-FR/history/2026/05/31_fr-FR.md
[16:59:35] Start geting global Bing Wallpaper, region=de-DE, local time is 2026-05-31 18:59:35.638625+02:00
[16:59:35] Successful get url: https://www.bing.com/th?id=OHR.RapeseedField_DE-DE3303026116_UHD.jpg
[16:59:35] Picture infomations saved to  global/de-DE/README.md
[16:59:35] Picture infomations saved to global/de-DE/history/2026/05/31_de-DE.md
[16:59:35] Start geting global Bing Wallpaper, region=en-CA, local time is 2026-05-31 12:59:35.744793-04:00
[16:59:35] Successful get url: https://www.bing.com/th?id=OHR.HumberRiverTrails_EN-CA6657789473_UHD.jpg
[16:59:35] Picture infomations saved to  global/en-CA/README.md
[16:59:35] Picture infomations saved to global/en-CA/history/2026/06/01_en-CA.md
[16:59:35] Start geting global Bing Wallpaper, region=en-GB, local time is 2026-05-31 17:59:35.853149+01:00
[16:59:35] Successful get url: https://www.bing.com/th?id=OHR.EvergladesWetlands_EN-GB2174930094_UHD.jpg
[16:59:35] Picture infomations saved to  global/en-GB/README.md
[16:59:35] Picture infomations saved to global/en-GB/history/2026/05/31_en-GB.md
[16:59:35] Start geting global Bing Wallpaper, region=it-IT, local time is 2026-05-31 18:59:35.959600+02:00
[16:59:36] Successful get url: https://www.bing.com/th?id=OHR.EvergladesWetlands_IT-IT8250643798_UHD.jpg
[16:59:36] Picture infomations saved to  global/it-IT/README.md
[16:59:36] Picture infomations saved to global/it-IT/history/2026/05/31_it-IT.md
[16:59:36] Start geting global Bing Wallpaper, region=es-ES, local time is 2026-05-31 18:59:36.078207+02:00
[16:59:36] Successful get url: https://www.bing.com/th?id=OHR.EvergladesWetlands_ES-ES0912999305_UHD.jpg
[16:59:36] Picture infomations saved to  global/es-ES/README.md
[16:59:36] Picture infomations saved to global/es-ES/history/2026/05/31_es-ES.md
[16:59:36] Start geting global Bing Wallpaper, region=fr-CA, local time is 2026-05-31 12:59:36.180205-04:00
[16:59:36] Successful get url: https://www.bing.com/th?id=OHR.HumberRiverTrail_FR-CA4592084106_UHD.jpg
[16:59:36] Picture infomations saved to  global/fr-CA/README.md
[16:59:36] Picture infomations saved to global/fr-CA/history/2026/06/01_fr-CA.md
Program exit at 16:59:36
