
Program started at 12:18:19
Operating System Name: Linux
Operating System Version: #15~24.04.1-Ubuntu SMP Wed May  6 22:37:49 UTC 2026
System Architecture: ('64bit', 'ELF')
Computer Type: x86_64
Computer Name: runnervm3jyl0
Processor Type: x86_64
Python Version: 3.12.13
Python Interpreter Name: CPython
[12:18:19] Start geting CN Bing Wallpaper
[12:18:19] Successful get url: https://www.bing.com/th?id=OHR.WedLapland_ZH-CN2365942547_UHD.jpg
[12:18:19] Image saved to img/background.jpg
[12:18:19] Info saved to README.md
[12:18:19] Image saved to history/2026/06/05.md
[12:18:19] Start geting global Bing Wallpaper, region=en-US, local time is 2026-06-05 08:18:19.586012-04:00
[12:18:19] Successful get url: https://www.bing.com/th?id=OHR.WedLapland_EN-US9813120088_UHD.jpg
[12:18:19] Picture infomations saved to  global/en-US/README.md
[12:18:19] Picture infomations saved to global/en-US/history/2026/06/06_en-US.md
[12:18:19] Start geting global Bing Wallpaper, region=ja-JP, local time is 2026-06-05 21:18:19.930012+09:00
[12:18:19] Successful get url: https://www.bing.com/th?id=OHR.WedLapland_JA-JP9552121230_UHD.jpg
[12:18:20] Picture infomations saved to  global/ja-JP/README.md
[12:18:20] Picture infomations saved to global/ja-JP/history/2026/06/05_ja-JP.md
[12:18:20] Start geting global Bing Wallpaper, region=en-IN, local time is 2026-06-05 17:48:20.093213+05:30
[12:18:20] Successful get url: https://www.bing.com/th?id=OHR.WedLapland_EN-IN6549880792_UHD.jpg
[12:18:20] Picture infomations saved to  global/en-IN/README.md
[12:18:20] Picture infomations saved to global/en-IN/history/2026/06/05_en-IN.md
[12:18:20] Start geting global Bing Wallpaper, region=pt-BR, local time is 2026-06-05 09:18:20.290558-03:00
[12:18:20] Successful get url: https://www.bing.com/th?id=OHR.WedLapland_PT-BR8732112197_UHD.jpg
[12:18:20] Picture infomations saved to  global/pt-BR/README.md
[12:18:20] Picture infomations saved to global/pt-BR/history/2026/06/06_pt-BR.md
[12:18:20] Start geting global Bing Wallpaper, region=fr-FR, local time is 2026-06-05 14:18:20.431108+02:00
[12:18:20] Successful get url: https://www.bing.com/th?id=OHR.WedLapland_FR-FR5600667341_UHD.jpg
[12:18:20] Picture infomations saved to  global/fr-FR/README.md
[12:18:20] Picture infomations saved to global/fr-FR/history/2026/06/05_fr-FR.md
[12:18:20] Start geting global Bing Wallpaper, region=de-DE, local time is 2026-06-05 14:18:20.577259+02:00
[12:18:20] Successful get url: https://www.bing.com/th?id=OHR.WedLapland_DE-DE1297494610_UHD.jpg
[12:18:20] Picture infomations saved to  global/de-DE/README.md
[12:18:20] Picture infomations saved to global/de-DE/history/2026/06/05_de-DE.md
[12:18:20] Start geting global Bing Wallpaper, region=en-CA, local time is 2026-06-05 08:18:20.726333-04:00
[12:18:20] Successful get url: https://www.bing.com/th?id=OHR.WedLapland_EN-CA4849438466_UHD.jpg
[12:18:20] Picture infomations saved to  global/en-CA/README.md
[12:18:20] Picture infomations saved to global/en-CA/history/2026/06/06_en-CA.md
[12:18:20] Start geting global Bing Wallpaper, region=en-GB, local time is 2026-06-05 13:18:20.873992+01:00
[12:18:20] Successful get url: https://www.bing.com/th?id=OHR.WedLapland_EN-GB9256196437_UHD.jpg
[12:18:21] Picture infomations saved to  global/en-GB/README.md
[12:18:21] Picture infomations saved to global/en-GB/history/2026/06/05_en-GB.md
[12:18:21] Start geting global Bing Wallpaper, region=it-IT, local time is 2026-06-05 14:18:21.079919+02:00
[12:18:21] Successful get url: https://www.bing.com/th?id=OHR.WedLapland_IT-IT1612866051_UHD.jpg
[12:18:21] Picture infomations saved to  global/it-IT/README.md
[12:18:21] Picture infomations saved to global/it-IT/history/2026/06/05_it-IT.md
[12:18:21] Start geting global Bing Wallpaper, region=es-ES, local time is 2026-06-05 14:18:21.232787+02:00
[12:18:21] Successful get url: https://www.bing.com/th?id=OHR.CastillaLaMancha_ES-ES3536382810_UHD.jpg
[12:18:21] Picture infomations saved to  global/es-ES/README.md
[12:18:21] Picture infomations saved to global/es-ES/history/2026/06/05_es-ES.md
[12:18:21] Start geting global Bing Wallpaper, region=fr-CA, local time is 2026-06-05 08:18:21.361453-04:00
[12:18:21] Successful get url: https://www.bing.com/th?id=OHR.WedLapland_FR-CA5517057668_UHD.jpg
[12:18:21] Picture infomations saved to  global/fr-CA/README.md
[12:18:21] Picture infomations saved to global/fr-CA/history/2026/06/06_fr-CA.md
Program exit at 12:18:21
