
Program started at 10:58:26
Operating System Name: Linux
Operating System Version: #15~24.04.1-Ubuntu SMP Wed May  6 22:37:49 UTC 2026
System Architecture: ('64bit', 'ELF')
Computer Type: x86_64
Computer Name: runnervm3jyl0
Processor Type: x86_64
Python Version: 3.12.13
Python Interpreter Name: CPython
[10:58:26] Start geting CN Bing Wallpaper
[10:58:26] Successful get url: https://www.bing.com/th?id=OHR.HikingNatchez_ZH-CN2495512699_UHD.jpg
[10:58:26] Image saved to img/background.jpg
[10:58:26] Info saved to README.md
[10:58:26] Image saved to history/2026/06/06.md
[10:58:26] Start geting global Bing Wallpaper, region=en-US, local time is 2026-06-06 06:58:26.538165-04:00
[10:58:26] Successful get url: https://www.bing.com/th?id=OHR.HikingNatchez_EN-US0663065299_UHD.jpg
[10:58:26] Picture infomations saved to  global/en-US/README.md
[10:58:26] Picture infomations saved to global/en-US/history/2026/06/07_en-US.md
[10:58:26] Start geting global Bing Wallpaper, region=ja-JP, local time is 2026-06-06 19:58:26.684364+09:00
[10:58:26] Successful get url: https://www.bing.com/th?id=OHR.HikingNatchez_JA-JP9730895087_UHD.jpg
[10:58:26] Picture infomations saved to  global/ja-JP/README.md
[10:58:26] Picture infomations saved to global/ja-JP/history/2026/06/06_ja-JP.md
[10:58:26] Start geting global Bing Wallpaper, region=en-IN, local time is 2026-06-06 16:28:26.831260+05:30
[10:58:26] Successful get url: https://www.bing.com/th?id=OHR.HikingNatchez_EN-IN6692623597_UHD.jpg
[10:58:26] Picture infomations saved to  global/en-IN/README.md
[10:58:26] Picture infomations saved to global/en-IN/history/2026/06/06_en-IN.md
[10:58:26] Start geting global Bing Wallpaper, region=pt-BR, local time is 2026-06-06 07:58:26.959409-03:00
[10:58:27] Successful get url: https://www.bing.com/th?id=OHR.HikingNatchez_PT-BR9167850765_UHD.jpg
[10:58:27] Picture infomations saved to  global/pt-BR/README.md
[10:58:27] Picture infomations saved to global/pt-BR/history/2026/06/07_pt-BR.md
[10:58:27] Start geting global Bing Wallpaper, region=fr-FR, local time is 2026-06-06 12:58:27.102828+02:00
[10:58:27] Successful get url: https://www.bing.com/th?id=OHR.Cyanea_FR-FR6314357714_UHD.jpg
[10:58:27] Picture infomations saved to  global/fr-FR/README.md
[10:58:27] Picture infomations saved to global/fr-FR/history/2026/06/06_fr-FR.md
[10:58:27] Start geting global Bing Wallpaper, region=de-DE, local time is 2026-06-06 12:58:27.226638+02:00
[10:58:27] Successful get url: https://www.bing.com/th?id=OHR.RothenburgPloenlein_DE-DE1102047823_UHD.jpg
[10:58:27] Picture infomations saved to  global/de-DE/README.md
[10:58:27] Picture infomations saved to global/de-DE/history/2026/06/06_de-DE.md
[10:58:27] Start geting global Bing Wallpaper, region=en-CA, local time is 2026-06-06 06:58:27.466494-04:00
[10:58:27] Successful get url: https://www.bing.com/th?id=OHR.HikingNatchez_EN-CA4973547873_UHD.jpg
[10:58:27] Picture infomations saved to  global/en-CA/README.md
[10:58:27] Picture infomations saved to global/en-CA/history/2026/06/07_en-CA.md
[10:58:27] Start geting global Bing Wallpaper, region=en-GB, local time is 2026-06-06 11:58:27.602093+01:00
[10:58:27] Successful get url: https://www.bing.com/th?id=OHR.HikingNatchez_EN-GB9388336824_UHD.jpg
[10:58:27] Picture infomations saved to  global/en-GB/README.md
[10:58:27] Picture infomations saved to global/en-GB/history/2026/06/06_en-GB.md
[10:58:27] Start geting global Bing Wallpaper, region=it-IT, local time is 2026-06-06 12:58:27.735836+02:00
[10:58:27] Successful get url: https://www.bing.com/th?id=OHR.HikingNatchez_IT-IT7003362282_UHD.jpg
[10:58:27] Picture infomations saved to  global/it-IT/README.md
[10:58:27] Picture infomations saved to global/it-IT/history/2026/06/06_it-IT.md
[10:58:27] Start geting global Bing Wallpaper, region=es-ES, local time is 2026-06-06 12:58:27.875688+02:00
[10:58:27] Successful get url: https://www.bing.com/th?id=OHR.HikingNatchez_ES-ES4258488538_UHD.jpg
[10:58:27] Picture infomations saved to  global/es-ES/README.md
[10:58:27] Picture infomations saved to global/es-ES/history/2026/06/06_es-ES.md
[10:58:27] Start geting global Bing Wallpaper, region=fr-CA, local time is 2026-06-06 06:58:27.998036-04:00
[10:58:28] Successful get url: https://www.bing.com/th?id=OHR.HikingNatchez_FR-CA1773498116_UHD.jpg
[10:58:28] Picture infomations saved to  global/fr-CA/README.md
[10:58:28] Picture infomations saved to global/fr-CA/history/2026/06/07_fr-CA.md
Program exit at 10:58:28
