
Program started at 15:23:13
Operating System Name: Linux
Operating System Version: #18~24.04.1-Ubuntu SMP Thu May 28 16:39:11 UTC 2026
System Architecture: ('64bit', 'ELF')
Computer Type: x86_64
Computer Name: runnervm1li68
Processor Type: x86_64
Python Version: 3.12.13
Python Interpreter Name: CPython
[15:23:13] Start geting CN Bing Wallpaper
[15:23:13] Successful get url: https://www.bing.com/th?id=OHR.ParkEstd_ZH-CN3419035151_UHD.jpg
[15:23:13] Image saved to img/background.jpg
[15:23:13] Info saved to README.md
[15:23:13] Image saved to history/2026/06/15.md
[15:23:13] Start geting global Bing Wallpaper, region=en-US, local time is 2026-06-15 11:23:13.755959-04:00
[15:23:13] Successful get url: https://www.bing.com/th?id=OHR.ParkEstd_EN-US6114949122_UHD.jpg
[15:23:13] Picture infomations saved to  global/en-US/README.md
[15:23:13] Picture infomations saved to global/en-US/history/2026/06/16_en-US.md
[15:23:13] Start geting global Bing Wallpaper, region=ja-JP, local time is 2026-06-16 00:23:13.959973+09:00
[15:23:14] Successful get url: https://www.bing.com/th?id=OHR.SevenMileTurtle_JA-JP9577560353_UHD.jpg
[15:23:14] Picture infomations saved to  global/ja-JP/README.md
[15:23:14] Picture infomations saved to global/ja-JP/history/2026/06/16_ja-JP.md
[15:23:14] Start geting global Bing Wallpaper, region=en-IN, local time is 2026-06-15 20:53:14.107448+05:30
[15:23:14] Successful get url: https://www.bing.com/th?id=OHR.ParkEstd_EN-IN7979223128_UHD.jpg
[15:23:14] Picture infomations saved to  global/en-IN/README.md
[15:23:14] Picture infomations saved to global/en-IN/history/2026/06/15_en-IN.md
[15:23:14] Start geting global Bing Wallpaper, region=pt-BR, local time is 2026-06-15 12:23:14.257666-03:00
[15:23:14] Successful get url: https://www.bing.com/th?id=OHR.ParkEstd_PT-BR2427992581_UHD.jpg
[15:23:14] Picture infomations saved to  global/pt-BR/README.md
[15:23:14] Picture infomations saved to global/pt-BR/history/2026/06/16_pt-BR.md
[15:23:14] Start geting global Bing Wallpaper, region=fr-FR, local time is 2026-06-15 17:23:14.403312+02:00
[15:23:14] Successful get url: https://www.bing.com/th?id=OHR.ParkEstd_FR-FR1451638947_UHD.jpg
[15:23:14] Picture infomations saved to  global/fr-FR/README.md
[15:23:14] Picture infomations saved to global/fr-FR/history/2026/06/15_fr-FR.md
[15:23:14] Start geting global Bing Wallpaper, region=de-DE, local time is 2026-06-15 17:23:14.596010+02:00
[15:23:14] Successful get url: https://www.bing.com/th?id=OHR.DuckPond_DE-DE9877208937_UHD.jpg
[15:23:14] Picture infomations saved to  global/de-DE/README.md
[15:23:14] Picture infomations saved to global/de-DE/history/2026/06/15_de-DE.md
[15:23:14] Start geting global Bing Wallpaper, region=en-CA, local time is 2026-06-15 11:23:14.768385-04:00
[15:23:14] Successful get url: https://www.bing.com/th?id=OHR.ParkEstd_EN-CA5456833657_UHD.jpg
[15:23:14] Picture infomations saved to  global/en-CA/README.md
[15:23:14] Picture infomations saved to global/en-CA/history/2026/06/16_en-CA.md
[15:23:14] Start geting global Bing Wallpaper, region=en-GB, local time is 2026-06-15 16:23:14.921463+01:00
[15:23:14] Successful get url: https://www.bing.com/th?id=OHR.ParkEstd_EN-GB0010694750_UHD.jpg
[15:23:15] Picture infomations saved to  global/en-GB/README.md
[15:23:15] Picture infomations saved to global/en-GB/history/2026/06/15_en-GB.md
[15:23:15] Start geting global Bing Wallpaper, region=it-IT, local time is 2026-06-15 17:23:15.175527+02:00
[15:23:15] Successful get url: https://www.bing.com/th?id=OHR.ParkEstd_IT-IT3908775482_UHD.jpg
[15:23:15] Picture infomations saved to  global/it-IT/README.md
[15:23:15] Picture infomations saved to global/it-IT/history/2026/06/15_it-IT.md
[15:23:15] Start geting global Bing Wallpaper, region=es-ES, local time is 2026-06-15 17:23:15.348743+02:00
[15:23:15] Successful get url: https://www.bing.com/th?id=OHR.ParkEstd_ES-ES8806715182_UHD.jpg
[15:23:15] Picture infomations saved to  global/es-ES/README.md
[15:23:15] Picture infomations saved to global/es-ES/history/2026/06/15_es-ES.md
[15:23:15] Start geting global Bing Wallpaper, region=fr-CA, local time is 2026-06-15 11:23:15.578887-04:00
[15:23:15] Successful get url: https://www.bing.com/th?id=OHR.ParkEstd_FR-CA1676143118_UHD.jpg
[15:23:15] Picture infomations saved to  global/fr-CA/README.md
[15:23:15] Picture infomations saved to global/fr-CA/history/2026/06/16_fr-CA.md
Program exit at 15:23:15
