
Program started at 14:03:29
Operating System Name: Linux
Operating System Version: #15~24.04.1-Ubuntu SMP Wed May  6 22:37:49 UTC 2026
System Architecture: ('64bit', 'ELF')
Computer Type: x86_64
Computer Name: runnervm3jyl0
Processor Type: x86_64
Python Version: 3.12.13
Python Interpreter Name: CPython
[14:03:29] Start geting CN Bing Wallpaper
[14:03:29] Successful get url: https://www.bing.com/th?id=OHR.BardenasReales_ZH-CN0480548935_UHD.jpg
[14:03:29] Image saved to img/background.jpg
[14:03:29] Info saved to README.md
[14:03:29] Image saved to history/2026/06/03.md
[14:03:29] Start geting global Bing Wallpaper, region=en-US, local time is 2026-06-03 10:03:29.780186-04:00
[14:03:29] Successful get url: https://www.bing.com/th?id=OHR.BardenasReales_EN-US9044910730_UHD.jpg
[14:03:29] Picture infomations saved to  global/en-US/README.md
[14:03:29] Picture infomations saved to global/en-US/history/2026/06/04_en-US.md
[14:03:29] Start geting global Bing Wallpaper, region=ja-JP, local time is 2026-06-03 23:03:29.900311+09:00
[14:03:29] Successful get url: https://www.bing.com/th?id=OHR.BardenasReales_JA-JP9112700614_UHD.jpg
[14:03:30] Picture infomations saved to  global/ja-JP/README.md
[14:03:30] Picture infomations saved to global/ja-JP/history/2026/06/03_ja-JP.md
[14:03:30] Start geting global Bing Wallpaper, region=en-IN, local time is 2026-06-03 19:33:30.055041+05:30
[14:03:30] Successful get url: https://www.bing.com/th?id=OHR.BardenasReales_EN-IN2901722353_UHD.jpg
[14:03:30] Picture infomations saved to  global/en-IN/README.md
[14:03:30] Picture infomations saved to global/en-IN/history/2026/06/03_en-IN.md
[14:03:30] Start geting global Bing Wallpaper, region=pt-BR, local time is 2026-06-03 11:03:30.628565-03:00
[14:03:30] Successful get url: https://www.bing.com/th?id=OHR.BardenasReales_PT-BR7918853611_UHD.jpg
[14:03:30] Picture infomations saved to  global/pt-BR/README.md
[14:03:30] Picture infomations saved to global/pt-BR/history/2026/06/04_pt-BR.md
[14:03:30] Start geting global Bing Wallpaper, region=fr-FR, local time is 2026-06-03 16:03:30.896492+02:00
[14:03:30] Successful get url: https://www.bing.com/th?id=OHR.BardenasReales_FR-FR5179078081_UHD.jpg
[14:03:31] Picture infomations saved to  global/fr-FR/README.md
[14:03:31] Picture infomations saved to global/fr-FR/history/2026/06/03_fr-FR.md
[14:03:31] Start geting global Bing Wallpaper, region=de-DE, local time is 2026-06-03 16:03:31.034588+02:00
[14:03:31] Successful get url: https://www.bing.com/th?id=OHR.BardenasReales_DE-DE2578527889_UHD.jpg
[14:03:31] Picture infomations saved to  global/de-DE/README.md
[14:03:31] Picture infomations saved to global/de-DE/history/2026/06/03_de-DE.md
[14:03:31] Start geting global Bing Wallpaper, region=en-CA, local time is 2026-06-03 10:03:31.222125-04:00
[14:03:31] Successful get url: https://www.bing.com/th?id=OHR.BardenasReales_EN-CA9380471029_UHD.jpg
[14:03:31] Picture infomations saved to  global/en-CA/README.md
[14:03:31] Picture infomations saved to global/en-CA/history/2026/06/04_en-CA.md
[14:03:31] Start geting global Bing Wallpaper, region=en-GB, local time is 2026-06-03 15:03:31.496147+01:00
[14:03:31] Successful get url: https://www.bing.com/th?id=OHR.BardenasReales_EN-GB8956577575_UHD.jpg
[14:03:31] Picture infomations saved to  global/en-GB/README.md
[14:03:31] Picture infomations saved to global/en-GB/history/2026/06/03_en-GB.md
[14:03:31] Start geting global Bing Wallpaper, region=it-IT, local time is 2026-06-03 16:03:31.658720+02:00
[14:03:31] Successful get url: https://www.bing.com/th?id=OHR.BardenasReales_IT-IT5937080217_UHD.jpg
[14:03:31] Picture infomations saved to  global/it-IT/README.md
[14:03:31] Picture infomations saved to global/it-IT/history/2026/06/03_it-IT.md
[14:03:31] Start geting global Bing Wallpaper, region=es-ES, local time is 2026-06-03 16:03:31.848862+02:00
[14:03:31] Successful get url: https://www.bing.com/th?id=OHR.BardenasReales_ES-ES7948885864_UHD.jpg
[14:03:32] Picture infomations saved to  global/es-ES/README.md
[14:03:32] Picture infomations saved to global/es-ES/history/2026/06/03_es-ES.md
[14:03:32] Start geting global Bing Wallpaper, region=fr-CA, local time is 2026-06-03 10:03:32.219232-04:00
[14:03:32] Successful get url: https://www.bing.com/th?id=OHR.BardenasReales_FR-CA5237684924_UHD.jpg
[14:03:32] Picture infomations saved to  global/fr-CA/README.md
[14:03:32] Picture infomations saved to global/fr-CA/history/2026/06/04_fr-CA.md
Program exit at 14:03:32
