
Program started at 14:48:35
Operating System Name: Linux
Operating System Version: #18~24.04.1-Ubuntu SMP Thu May 28 16:39:11 UTC 2026
System Architecture: ('64bit', 'ELF')
Computer Type: x86_64
Computer Name: runnervm7b5n9
Processor Type: x86_64
Python Version: 3.12.13
Python Interpreter Name: CPython
[14:48:35] Start geting CN Bing Wallpaper
[14:48:35] Successful get url: https://www.bing.com/th?id=OHR.QuinaultFerns_ZH-CN6696428927_UHD.jpg
[14:48:36] Image saved to img/background.jpg
[14:48:36] Info saved to README.md
[14:48:36] Image saved to history/2026/06/22.md
[14:48:36] Start geting global Bing Wallpaper, region=en-US, local time is 2026-06-22 10:48:36.007806-04:00
[14:48:36] Successful get url: https://www.bing.com/th?id=OHR.QuinaultFerns_EN-US6436576493_UHD.jpg
[14:48:36] Picture infomations saved to  global/en-US/README.md
[14:48:36] Picture infomations saved to global/en-US/history/2026/06/23_en-US.md
[14:48:36] Start geting global Bing Wallpaper, region=ja-JP, local time is 2026-06-22 23:48:36.162825+09:00
[14:48:36] Successful get url: https://www.bing.com/th?id=OHR.Fujisan_JA-JP1483326201_UHD.jpg
[14:48:36] Picture infomations saved to  global/ja-JP/README.md
[14:48:36] Picture infomations saved to global/ja-JP/history/2026/06/22_ja-JP.md
[14:48:36] Start geting global Bing Wallpaper, region=en-IN, local time is 2026-06-22 20:18:36.481128+05:30
[14:48:36] Successful get url: https://www.bing.com/th?id=OHR.QuinaultFerns_EN-IN6306076955_UHD.jpg
[14:48:36] Picture infomations saved to  global/en-IN/README.md
[14:48:36] Picture infomations saved to global/en-IN/history/2026/06/22_en-IN.md
[14:48:36] Start geting global Bing Wallpaper, region=pt-BR, local time is 2026-06-22 11:48:36.705024-03:00
[14:48:36] Successful get url: https://www.bing.com/th?id=OHR.QuinaultFerns_PT-BR5147575881_UHD.jpg
[14:48:36] Picture infomations saved to  global/pt-BR/README.md
[14:48:36] Picture infomations saved to global/pt-BR/history/2026/06/23_pt-BR.md
[14:48:36] Start geting global Bing Wallpaper, region=fr-FR, local time is 2026-06-22 16:48:36.898202+02:00
[14:48:36] Successful get url: https://www.bing.com/th?id=OHR.QuinaultFerns_FR-FR2142936548_UHD.jpg
[14:48:37] Picture infomations saved to  global/fr-FR/README.md
[14:48:37] Picture infomations saved to global/fr-FR/history/2026/06/22_fr-FR.md
[14:48:37] Start geting global Bing Wallpaper, region=de-DE, local time is 2026-06-22 16:48:37.124442+02:00
[14:48:37] Successful get url: https://www.bing.com/th?id=OHR.QuinaultFerns_DE-DE3985266590_UHD.jpg
[14:48:37] Picture infomations saved to  global/de-DE/README.md
[14:48:37] Picture infomations saved to global/de-DE/history/2026/06/22_de-DE.md
[14:48:37] Start geting global Bing Wallpaper, region=en-CA, local time is 2026-06-22 10:48:37.370485-04:00
[14:48:37] Successful get url: https://www.bing.com/th?id=OHR.QuinaultFerns_EN-CA8536233053_UHD.jpg
[14:48:37] Picture infomations saved to  global/en-CA/README.md
[14:48:37] Picture infomations saved to global/en-CA/history/2026/06/23_en-CA.md
[14:48:37] Start geting global Bing Wallpaper, region=en-GB, local time is 2026-06-22 15:48:37.597759+01:00
[14:48:37] Successful get url: https://www.bing.com/th?id=OHR.QuinaultFerns_EN-GB3562324915_UHD.jpg
[14:48:37] Picture infomations saved to  global/en-GB/README.md
[14:48:37] Picture infomations saved to global/en-GB/history/2026/06/22_en-GB.md
[14:48:37] Start geting global Bing Wallpaper, region=it-IT, local time is 2026-06-22 16:48:37.751349+02:00
[14:48:37] Successful get url: https://www.bing.com/th?id=OHR.QuinaultFerns_IT-IT2013381547_UHD.jpg
[14:48:37] Picture infomations saved to  global/it-IT/README.md
[14:48:37] Picture infomations saved to global/it-IT/history/2026/06/22_it-IT.md
[14:48:37] Start geting global Bing Wallpaper, region=es-ES, local time is 2026-06-22 16:48:37.938174+02:00
[14:48:37] Successful get url: https://www.bing.com/th?id=OHR.QuinaultFerns_ES-ES0176872139_UHD.jpg
[14:48:38] Picture infomations saved to  global/es-ES/README.md
[14:48:38] Picture infomations saved to global/es-ES/history/2026/06/22_es-ES.md
[14:48:38] Start geting global Bing Wallpaper, region=fr-CA, local time is 2026-06-22 10:48:38.129588-04:00
[14:48:38] Successful get url: https://www.bing.com/th?id=OHR.QuinaultFerns_FR-CA2183444706_UHD.jpg
[14:48:38] Picture infomations saved to  global/fr-CA/README.md
[14:48:38] Picture infomations saved to global/fr-CA/history/2026/06/23_fr-CA.md
Program exit at 14:48:38
