
Program started at 11:15:05
Operating System Name: Linux
Operating System Version: #18~24.04.1-Ubuntu SMP Thu May 28 16:39:11 UTC 2026
System Architecture: ('64bit', 'ELF')
Computer Type: x86_64
Computer Name: runnervmmklqx
Processor Type: x86_64
Python Version: 3.12.13
Python Interpreter Name: CPython
[11:15:05] Start geting CN Bing Wallpaper
[11:15:05] Successful get url: https://www.bing.com/th?id=OHR.SaguaroSun_ZH-CN5820504732_UHD.jpg
[11:15:05] Image saved to img/background.jpg
[11:15:05] Info saved to README.md
[11:15:05] Image saved to history/2026/06/28.md
[11:15:05] Start geting global Bing Wallpaper, region=en-US, local time is 2026-06-28 07:15:05.589758-04:00
[11:15:05] Successful get url: https://www.bing.com/th?id=OHR.SaguaroSun_EN-US8982109543_UHD.jpg
[11:15:05] Picture infomations saved to  global/en-US/README.md
[11:15:05] Picture infomations saved to global/en-US/history/2026/06/29_en-US.md
[11:15:05] Start geting global Bing Wallpaper, region=ja-JP, local time is 2026-06-28 20:15:05.853994+09:00
[11:15:05] Successful get url: https://www.bing.com/th?id=OHR.SaguaroSun_JA-JP5856249761_UHD.jpg
[11:15:06] Picture infomations saved to  global/ja-JP/README.md
[11:15:06] Picture infomations saved to global/ja-JP/history/2026/06/28_ja-JP.md
[11:15:06] Start geting global Bing Wallpaper, region=en-IN, local time is 2026-06-28 16:45:06.018370+05:30
[11:15:06] Successful get url: https://www.bing.com/th?id=OHR.SaguaroSun_EN-IN9141839272_UHD.jpg
[11:15:06] Picture infomations saved to  global/en-IN/README.md
[11:15:06] Picture infomations saved to global/en-IN/history/2026/06/28_en-IN.md
[11:15:06] Start geting global Bing Wallpaper, region=pt-BR, local time is 2026-06-28 08:15:06.380592-03:00
[11:15:06] Successful get url: https://www.bing.com/th?id=OHR.SaguaroSun_PT-BR3626457853_UHD.jpg
[11:15:06] Picture infomations saved to  global/pt-BR/README.md
[11:15:06] Picture infomations saved to global/pt-BR/history/2026/06/29_pt-BR.md
[11:15:06] Start geting global Bing Wallpaper, region=fr-FR, local time is 2026-06-28 13:15:06.567797+02:00
[11:15:06] Successful get url: https://www.bing.com/th?id=OHR.SaguaroSun_FR-FR5935266298_UHD.jpg
[11:15:07] Picture infomations saved to  global/fr-FR/README.md
[11:15:07] Picture infomations saved to global/fr-FR/history/2026/06/28_fr-FR.md
[11:15:07] Start geting global Bing Wallpaper, region=de-DE, local time is 2026-06-28 13:15:07.021607+02:00
[11:15:07] Successful get url: https://www.bing.com/th?id=OHR.SaguaroSun_DE-DE9702644922_UHD.jpg
[11:15:07] Picture infomations saved to  global/de-DE/README.md
[11:15:07] Picture infomations saved to global/de-DE/history/2026/06/28_de-DE.md
[11:15:07] Start geting global Bing Wallpaper, region=en-CA, local time is 2026-06-28 07:15:07.145272-04:00
[11:15:07] Successful get url: https://www.bing.com/th?id=OHR.SaguaroSun_EN-CA5131430817_UHD.jpg
[11:15:07] Picture infomations saved to  global/en-CA/README.md
[11:15:07] Picture infomations saved to global/en-CA/history/2026/06/29_en-CA.md
[11:15:07] Start geting global Bing Wallpaper, region=en-GB, local time is 2026-06-28 12:15:07.266651+01:00
[11:15:07] Successful get url: https://www.bing.com/th?id=OHR.SaguaroSun_EN-GB1588043989_UHD.jpg
[11:15:07] Picture infomations saved to  global/en-GB/README.md
[11:15:07] Picture infomations saved to global/en-GB/history/2026/06/28_en-GB.md
[11:15:07] Start geting global Bing Wallpaper, region=it-IT, local time is 2026-06-28 13:15:07.470428+02:00
[11:15:07] Successful get url: https://www.bing.com/th?id=OHR.SaguaroSun_IT-IT8055685927_UHD.jpg
[11:15:07] Picture infomations saved to  global/it-IT/README.md
[11:15:07] Picture infomations saved to global/it-IT/history/2026/06/28_it-IT.md
[11:15:07] Start geting global Bing Wallpaper, region=es-ES, local time is 2026-06-28 13:15:07.662682+02:00
[11:15:07] Successful get url: https://www.bing.com/th?id=OHR.PrideChueca_ES-ES4043385731_UHD.jpg
[11:15:07] Picture infomations saved to  global/es-ES/README.md
[11:15:07] Picture infomations saved to global/es-ES/history/2026/06/28_es-ES.md
[11:15:07] Start geting global Bing Wallpaper, region=fr-CA, local time is 2026-06-28 07:15:07.861630-04:00
[11:15:07] Successful get url: https://www.bing.com/th?id=OHR.SaguaroSun_FR-CA9343833672_UHD.jpg
[11:15:08] Picture infomations saved to  global/fr-CA/README.md
[11:15:08] Picture infomations saved to global/fr-CA/history/2026/06/29_fr-CA.md
Program exit at 11:15:08
