
Program started at 11:02:19
Operating System Name: Linux
Operating System Version: #18~24.04.1-Ubuntu SMP Thu May 28 16:39:11 UTC 2026
System Architecture: ('64bit', 'ELF')
Computer Type: x86_64
Computer Name: runnervmmklqx
Processor Type: x86_64
Python Version: 3.12.13
Python Interpreter Name: CPython
[11:02:19] Start geting CN Bing Wallpaper
[11:02:19] Successful get url: https://www.bing.com/th?id=OHR.BoneyardBeach_ZH-CN5540590570_UHD.jpg
[11:02:19] Image saved to img/background.jpg
[11:02:19] Info saved to README.md
[11:02:19] Image saved to history/2026/06/27.md
[11:02:19] Start geting global Bing Wallpaper, region=en-US, local time is 2026-06-27 07:02:19.926677-04:00
[11:02:20] Successful get url: https://www.bing.com/th?id=OHR.BoneyardBeach_EN-US8247496696_UHD.jpg
[11:02:20] Picture infomations saved to  global/en-US/README.md
[11:02:20] Picture infomations saved to global/en-US/history/2026/06/28_en-US.md
[11:02:20] Start geting global Bing Wallpaper, region=ja-JP, local time is 2026-06-27 20:02:20.246494+09:00
[11:02:20] Successful get url: https://www.bing.com/th?id=OHR.Ajisai2026_JA-JP5953428145_UHD.jpg
[11:02:20] Picture infomations saved to  global/ja-JP/README.md
[11:02:20] Picture infomations saved to global/ja-JP/history/2026/06/27_ja-JP.md
[11:02:20] Start geting global Bing Wallpaper, region=en-IN, local time is 2026-06-27 16:32:20.531113+05:30
[11:02:20] Successful get url: https://www.bing.com/th?id=OHR.BoneyardBeach_EN-IN2656634065_UHD.jpg
[11:02:20] Picture infomations saved to  global/en-IN/README.md
[11:02:20] Picture infomations saved to global/en-IN/history/2026/06/27_en-IN.md
[11:02:20] Start geting global Bing Wallpaper, region=pt-BR, local time is 2026-06-27 08:02:20.978515-03:00
[11:02:21] Successful get url: https://www.bing.com/th?id=OHR.BoneyardBeach_PT-BR8811510135_UHD.jpg
[11:02:21] Picture infomations saved to  global/pt-BR/README.md
[11:02:21] Picture infomations saved to global/pt-BR/history/2026/06/28_pt-BR.md
[11:02:21] Start geting global Bing Wallpaper, region=fr-FR, local time is 2026-06-27 13:02:21.286032+02:00
[11:02:21] Successful get url: https://www.bing.com/th?id=OHR.BoneyardBeach_FR-FR6517949092_UHD.jpg
[11:02:21] Picture infomations saved to  global/fr-FR/README.md
[11:02:21] Picture infomations saved to global/fr-FR/history/2026/06/27_fr-FR.md
[11:02:21] Start geting global Bing Wallpaper, region=de-DE, local time is 2026-06-27 13:02:21.662128+02:00
[11:02:21] Successful get url: https://www.bing.com/th?id=OHR.Westerheversand_DE-DE9270031466_UHD.jpg
[11:02:21] Picture infomations saved to  global/de-DE/README.md
[11:02:21] Picture infomations saved to global/de-DE/history/2026/06/27_de-DE.md
[11:02:21] Start geting global Bing Wallpaper, region=en-CA, local time is 2026-06-27 07:02:21.972547-04:00
[11:02:22] Successful get url: https://www.bing.com/th?id=OHR.MulticulturalismDY_EN-CA9116110353_UHD.jpg
[11:02:22] Picture infomations saved to  global/en-CA/README.md
[11:02:22] Picture infomations saved to global/en-CA/history/2026/06/28_en-CA.md
[11:02:22] Start geting global Bing Wallpaper, region=en-GB, local time is 2026-06-27 12:02:22.348743+01:00
[11:02:22] Successful get url: https://www.bing.com/th?id=OHR.BoneyardBeach_EN-GB1157661849_UHD.jpg
[11:02:22] Picture infomations saved to  global/en-GB/README.md
[11:02:22] Picture infomations saved to global/en-GB/history/2026/06/27_en-GB.md
[11:02:22] Start geting global Bing Wallpaper, region=it-IT, local time is 2026-06-27 13:02:22.645310+02:00
[11:02:22] Successful get url: https://www.bing.com/th?id=OHR.BoneyardBeach_IT-IT9837372965_UHD.jpg
[11:02:22] Picture infomations saved to  global/it-IT/README.md
[11:02:22] Picture infomations saved to global/it-IT/history/2026/06/27_it-IT.md
[11:02:22] Start geting global Bing Wallpaper, region=es-ES, local time is 2026-06-27 13:02:22.956014+02:00
[11:02:23] Successful get url: https://www.bing.com/th?id=OHR.BoneyardBeach_ES-ES1143251949_UHD.jpg
[11:02:23] Picture infomations saved to  global/es-ES/README.md
[11:02:23] Picture infomations saved to global/es-ES/history/2026/06/27_es-ES.md
[11:02:23] Start geting global Bing Wallpaper, region=fr-CA, local time is 2026-06-27 07:02:23.332913-04:00
[11:02:23] Successful get url: https://www.bing.com/th?id=OHR.MulticulturalismDY_FR-CA8766350441_UHD.jpg
[11:02:23] Picture infomations saved to  global/fr-CA/README.md
[11:02:23] Picture infomations saved to global/fr-CA/history/2026/06/28_fr-CA.md
Program exit at 11:02:23
