
Program started at 11:58:50
Operating System Name: Linux
Operating System Version: #18~24.04.1-Ubuntu SMP Thu May 28 16:39:11 UTC 2026
System Architecture: ('64bit', 'ELF')
Computer Type: x86_64
Computer Name: runnervm7b5n9
Processor Type: x86_64
Python Version: 3.12.13
Python Interpreter Name: CPython
[11:58:50] Start geting CN Bing Wallpaper
[11:58:50] Successful get url: https://www.bing.com/th?id=OHR.BFPollin_ZH-CN7654067396_UHD.jpg
[11:58:50] Image saved to img/background.jpg
[11:58:50] Info saved to README.md
[11:58:50] Image saved to history/2026/06/24.md
[11:58:50] Start geting global Bing Wallpaper, region=en-US, local time is 2026-06-24 07:58:50.546459-04:00
[11:58:50] Successful get url: https://www.bing.com/th?id=OHR.BFPollin_EN-US6519187095_UHD.jpg
[11:58:50] Picture infomations saved to  global/en-US/README.md
[11:58:50] Picture infomations saved to global/en-US/history/2026/06/25_en-US.md
[11:58:50] Start geting global Bing Wallpaper, region=ja-JP, local time is 2026-06-24 20:58:50.736463+09:00
[11:58:50] Successful get url: https://www.bing.com/th?id=OHR.BFPollin_JA-JP2026844024_UHD.jpg
[11:58:50] Picture infomations saved to  global/ja-JP/README.md
[11:58:50] Picture infomations saved to global/ja-JP/history/2026/06/24_ja-JP.md
[11:58:50] Start geting global Bing Wallpaper, region=en-IN, local time is 2026-06-24 17:28:50.884663+05:30
[11:58:50] Successful get url: https://www.bing.com/th?id=OHR.BFPollin_EN-IN2234226266_UHD.jpg
[11:58:51] Picture infomations saved to  global/en-IN/README.md
[11:58:51] Picture infomations saved to global/en-IN/history/2026/06/24_en-IN.md
[11:58:51] Start geting global Bing Wallpaper, region=pt-BR, local time is 2026-06-24 08:58:51.032841-03:00
[11:58:51] Successful get url: https://www.bing.com/th?id=OHR.BFPollin_PT-BR5634257849_UHD.jpg
[11:58:51] Picture infomations saved to  global/pt-BR/README.md
[11:58:51] Picture infomations saved to global/pt-BR/history/2026/06/25_pt-BR.md
[11:58:51] Start geting global Bing Wallpaper, region=fr-FR, local time is 2026-06-24 13:58:51.163851+02:00
[11:58:51] Successful get url: https://www.bing.com/th?id=OHR.BFPollin_FR-FR2895321472_UHD.jpg
[11:58:51] Picture infomations saved to  global/fr-FR/README.md
[11:58:51] Picture infomations saved to global/fr-FR/history/2026/06/24_fr-FR.md
[11:58:51] Start geting global Bing Wallpaper, region=de-DE, local time is 2026-06-24 13:58:51.326796+02:00
[11:58:51] Successful get url: https://www.bing.com/th?id=OHR.BFPollin_DE-DE1648202484_UHD.jpg
[11:58:51] Picture infomations saved to  global/de-DE/README.md
[11:58:51] Picture infomations saved to global/de-DE/history/2026/06/24_de-DE.md
[11:58:51] Start geting global Bing Wallpaper, region=en-CA, local time is 2026-06-24 07:58:51.441188-04:00
[11:58:51] Successful get url: https://www.bing.com/th?id=OHR.BFPollin_EN-CA9136085313_UHD.jpg
[11:58:51] Picture infomations saved to  global/en-CA/README.md
[11:58:51] Picture infomations saved to global/en-CA/history/2026/06/25_en-CA.md
[11:58:51] Start geting global Bing Wallpaper, region=en-GB, local time is 2026-06-24 12:58:51.606600+01:00
[11:58:51] Successful get url: https://www.bing.com/th?id=OHR.BFPollin_EN-GB9787494533_UHD.jpg
[11:58:51] Picture infomations saved to  global/en-GB/README.md
[11:58:51] Picture infomations saved to global/en-GB/history/2026/06/24_en-GB.md
[11:58:51] Start geting global Bing Wallpaper, region=it-IT, local time is 2026-06-24 13:58:51.739980+02:00
[11:58:51] Successful get url: https://www.bing.com/th?id=OHR.BFPollin_IT-IT1968773839_UHD.jpg
[11:58:51] Picture infomations saved to  global/it-IT/README.md
[11:58:51] Picture infomations saved to global/it-IT/history/2026/06/24_it-IT.md
[11:58:51] Start geting global Bing Wallpaper, region=es-ES, local time is 2026-06-24 13:58:51.894207+02:00
[11:58:51] Successful get url: https://www.bing.com/th?id=OHR.BFPollin_ES-ES0605051254_UHD.jpg
[11:58:52] Picture infomations saved to  global/es-ES/README.md
[11:58:52] Picture infomations saved to global/es-ES/history/2026/06/24_es-ES.md
[11:58:52] Start geting global Bing Wallpaper, region=fr-CA, local time is 2026-06-24 07:58:52.033058-04:00
[11:58:52] Successful get url: https://www.bing.com/th?id=OHR.BFPollin_FR-CA2925982458_UHD.jpg
[11:58:52] Picture infomations saved to  global/fr-CA/README.md
[11:58:52] Picture infomations saved to global/fr-CA/history/2026/06/25_fr-CA.md
Program exit at 11:58:52
