
Program started at 12:52:58
Operating System Name: Linux
Operating System Version: #15~24.04.1-Ubuntu SMP Wed May  6 22:37:49 UTC 2026
System Architecture: ('64bit', 'ELF')
Computer Type: x86_64
Computer Name: runnervm3jyl0
Processor Type: x86_64
Python Version: 3.12.13
Python Interpreter Name: CPython
[12:52:58] Start geting CN Bing Wallpaper
[12:52:58] Successful get url: https://www.bing.com/th?id=OHR.Limpets_ZH-CN4991771513_UHD.jpg
[12:52:59] Image saved to img/background.jpg
[12:52:59] Info saved to README.md
[12:52:59] Image saved to history/2026/06/11.md
[12:52:59] Start geting global Bing Wallpaper, region=en-US, local time is 2026-06-11 08:52:59.031211-04:00
[12:52:59] Successful get url: https://www.bing.com/th?id=OHR.Limpets_EN-US1055673545_UHD.jpg
[12:52:59] Picture infomations saved to  global/en-US/README.md
[12:52:59] Picture infomations saved to global/en-US/history/2026/06/12_en-US.md
[12:52:59] Start geting global Bing Wallpaper, region=ja-JP, local time is 2026-06-11 21:52:59.160006+09:00
[12:52:59] Successful get url: https://www.bing.com/th?id=OHR.FireflySeason2026_JA-JP9350920903_UHD.jpg
[12:52:59] Picture infomations saved to  global/ja-JP/README.md
[12:52:59] Picture infomations saved to global/ja-JP/history/2026/06/11_ja-JP.md
[12:52:59] Start geting global Bing Wallpaper, region=en-IN, local time is 2026-06-11 18:22:59.273791+05:30
[12:52:59] Successful get url: https://www.bing.com/th?id=OHR.Limpets_EN-IN7322594787_UHD.jpg
[12:52:59] Picture infomations saved to  global/en-IN/README.md
[12:52:59] Picture infomations saved to global/en-IN/history/2026/06/11_en-IN.md
[12:52:59] Start geting global Bing Wallpaper, region=pt-BR, local time is 2026-06-11 09:52:59.406233-03:00
[12:52:59] Successful get url: https://www.bing.com/th?id=OHR.Limpets_PT-BR3364231967_UHD.jpg
[12:52:59] Picture infomations saved to  global/pt-BR/README.md
[12:52:59] Picture infomations saved to global/pt-BR/history/2026/06/12_pt-BR.md
[12:52:59] Start geting global Bing Wallpaper, region=fr-FR, local time is 2026-06-11 14:52:59.567090+02:00
[12:52:59] Successful get url: https://www.bing.com/th?id=OHR.Limpets_FR-FR7051500113_UHD.jpg
[12:52:59] Picture infomations saved to  global/fr-FR/README.md
[12:52:59] Picture infomations saved to global/fr-FR/history/2026/06/11_fr-FR.md
[12:52:59] Start geting global Bing Wallpaper, region=de-DE, local time is 2026-06-11 14:52:59.749809+02:00
[12:52:59] Successful get url: https://www.bing.com/th?id=OHR.Limpets_DE-DE3433588374_UHD.jpg
[12:52:59] Picture infomations saved to  global/de-DE/README.md
[12:52:59] Picture infomations saved to global/de-DE/history/2026/06/11_de-DE.md
[12:52:59] Start geting global Bing Wallpaper, region=en-CA, local time is 2026-06-11 08:52:59.887456-04:00
[12:52:59] Successful get url: https://www.bing.com/th?id=OHR.Limpets_EN-CA5417186464_UHD.jpg
[12:53:00] Picture infomations saved to  global/en-CA/README.md
[12:53:00] Picture infomations saved to global/en-CA/history/2026/06/12_en-CA.md
[12:53:00] Start geting global Bing Wallpaper, region=en-GB, local time is 2026-06-11 13:53:00.108028+01:00
[12:53:00] Successful get url: https://www.bing.com/th?id=OHR.Limpets_EN-GB0252915957_UHD.jpg
[12:53:00] Picture infomations saved to  global/en-GB/README.md
[12:53:00] Picture infomations saved to global/en-GB/history/2026/06/11_en-GB.md
[12:53:00] Start geting global Bing Wallpaper, region=it-IT, local time is 2026-06-11 14:53:00.259098+02:00
[12:53:00] Successful get url: https://www.bing.com/th?id=OHR.Limpets_IT-IT0440243465_UHD.jpg
[12:53:00] Picture infomations saved to  global/it-IT/README.md
[12:53:00] Picture infomations saved to global/it-IT/history/2026/06/11_it-IT.md
[12:53:00] Start geting global Bing Wallpaper, region=es-ES, local time is 2026-06-11 14:53:00.564590+02:00
[12:53:00] Successful get url: https://www.bing.com/th?id=OHR.Limpets_ES-ES0650754334_UHD.jpg
[12:53:00] Picture infomations saved to  global/es-ES/README.md
[12:53:00] Picture infomations saved to global/es-ES/history/2026/06/11_es-ES.md
[12:53:00] Start geting global Bing Wallpaper, region=fr-CA, local time is 2026-06-11 08:53:00.767171-04:00
[12:53:00] Successful get url: https://www.bing.com/th?id=OHR.Limpets_FR-CA7113071158_UHD.jpg
[12:53:00] Picture infomations saved to  global/fr-CA/README.md
[12:53:00] Picture infomations saved to global/fr-CA/history/2026/06/12_fr-CA.md
Program exit at 12:53:00

Program started at 18:42:29
Operating System Name: Linux
Operating System Version: #18~24.04.1-Ubuntu SMP Thu May 28 16:39:11 UTC 2026
System Architecture: ('64bit', 'ELF')
Computer Type: x86_64
Computer Name: runnervm1li68
Processor Type: x86_64
Python Version: 3.12.13
Python Interpreter Name: CPython
[18:42:29] Start geting CN Bing Wallpaper
[18:42:29] Successful get url: https://www.bing.com/th?id=OHR.SpainBeeEater_ZH-CN4424052851_UHD.jpg
[18:42:29] Image saved to img/background.jpg
[18:42:29] Info saved to README.md
[18:42:29] Image saved to history/2026/06/12.md
[18:42:29] Start geting global Bing Wallpaper, region=en-US, local time is 2026-06-11 14:42:29.374698-04:00
[18:42:29] Successful get url: https://www.bing.com/th?id=OHR.Limpets_EN-US1055673545_UHD.jpg
[18:42:29] Picture infomations saved to  global/en-US/README.md
[18:42:29] Picture infomations saved to global/en-US/history/2026/06/12_en-US.md
[18:42:29] Start geting global Bing Wallpaper, region=ja-JP, local time is 2026-06-12 03:42:29.630866+09:00
[18:42:29] Successful get url: https://www.bing.com/th?id=OHR.SpainBeeEater_JA-JP8800920985_UHD.jpg
[18:42:29] Picture infomations saved to  global/ja-JP/README.md
[18:42:29] Picture infomations saved to global/ja-JP/history/2026/06/12_ja-JP.md
[18:42:29] Start geting global Bing Wallpaper, region=en-IN, local time is 2026-06-12 00:12:29.979585+05:30
[18:42:30] Successful get url: https://www.bing.com/th?id=OHR.SpainBeeEater_EN-IN7232456385_UHD.jpg
[18:42:30] Picture infomations saved to  global/en-IN/README.md
[18:42:30] Picture infomations saved to global/en-IN/history/2026/06/12_en-IN.md
[18:42:30] Start geting global Bing Wallpaper, region=pt-BR, local time is 2026-06-11 15:42:30.343421-03:00
[18:42:30] Successful get url: https://www.bing.com/th?id=OHR.Limpets_PT-BR3364231967_UHD.jpg
[18:42:30] Picture infomations saved to  global/pt-BR/README.md
[18:42:30] Picture infomations saved to global/pt-BR/history/2026/06/12_pt-BR.md
[18:42:30] Start geting global Bing Wallpaper, region=fr-FR, local time is 2026-06-11 20:42:30.545056+02:00
[18:42:30] Successful get url: https://www.bing.com/th?id=OHR.Limpets_FR-FR7051500113_UHD.jpg
[18:42:30] Picture infomations saved to  global/fr-FR/README.md
[18:42:30] Picture infomations saved to global/fr-FR/history/2026/06/11_fr-FR.md
[18:42:30] Start geting global Bing Wallpaper, region=de-DE, local time is 2026-06-11 20:42:30.867101+02:00
[18:42:31] Successful get url: https://www.bing.com/th?id=OHR.Limpets_DE-DE3433588374_UHD.jpg
[18:42:31] Picture infomations saved to  global/de-DE/README.md
[18:42:31] Picture infomations saved to global/de-DE/history/2026/06/11_de-DE.md
[18:42:31] Start geting global Bing Wallpaper, region=en-CA, local time is 2026-06-11 14:42:31.487954-04:00
[18:42:31] Successful get url: https://www.bing.com/th?id=OHR.Limpets_EN-CA5417186464_UHD.jpg
[18:42:31] Picture infomations saved to  global/en-CA/README.md
[18:42:31] Picture infomations saved to global/en-CA/history/2026/06/12_en-CA.md
[18:42:31] Start geting global Bing Wallpaper, region=en-GB, local time is 2026-06-11 19:42:31.740654+01:00
[18:42:31] Successful get url: https://www.bing.com/th?id=OHR.Limpets_EN-GB0252915957_UHD.jpg
[18:42:32] Picture infomations saved to  global/en-GB/README.md
[18:42:32] Picture infomations saved to global/en-GB/history/2026/06/11_en-GB.md
[18:42:32] Start geting global Bing Wallpaper, region=it-IT, local time is 2026-06-11 20:42:32.377394+02:00
[18:42:32] Successful get url: https://www.bing.com/th?id=OHR.Limpets_IT-IT0440243465_UHD.jpg
[18:42:32] Picture infomations saved to  global/it-IT/README.md
[18:42:32] Picture infomations saved to global/it-IT/history/2026/06/11_it-IT.md
[18:42:32] Start geting global Bing Wallpaper, region=es-ES, local time is 2026-06-11 20:42:32.673804+02:00
[18:42:32] Successful get url: https://www.bing.com/th?id=OHR.Limpets_ES-ES0650754334_UHD.jpg
[18:42:32] Picture infomations saved to  global/es-ES/README.md
[18:42:32] Picture infomations saved to global/es-ES/history/2026/06/11_es-ES.md
[18:42:32] Start geting global Bing Wallpaper, region=fr-CA, local time is 2026-06-11 14:42:32.835441-04:00
[18:42:32] Successful get url: https://www.bing.com/th?id=OHR.Limpets_FR-CA7113071158_UHD.jpg
[18:42:33] Picture infomations saved to  global/fr-CA/README.md
[18:42:33] Picture infomations saved to global/fr-CA/history/2026/06/12_fr-CA.md
Program exit at 18:42:33
