
Program started at 12:14:52
Operating System Name: Linux
Operating System Version: #15~24.04.1-Ubuntu SMP Wed May  6 22:37:49 UTC 2026
System Architecture: ('64bit', 'ELF')
Computer Type: x86_64
Computer Name: runnervm3jyl0
Processor Type: x86_64
Python Version: 3.12.13
Python Interpreter Name: CPython
[12:14:52] Start geting CN Bing Wallpaper
[12:14:52] Successful get url: https://www.bing.com/th?id=OHR.PreeningEgret_ZH-CN2216012708_UHD.jpg
[12:14:52] Image saved to img/background.jpg
[12:14:52] Info saved to README.md
[12:14:52] Image saved to history/2026/06/04.md
[12:14:52] Start geting global Bing Wallpaper, region=en-US, local time is 2026-06-04 08:14:52.634442-04:00
[12:14:52] Successful get url: https://www.bing.com/th?id=OHR.PreeningEgret_EN-US9350488148_UHD.jpg
[12:14:52] Picture infomations saved to  global/en-US/README.md
[12:14:52] Picture infomations saved to global/en-US/history/2026/06/05_en-US.md
[12:14:52] Start geting global Bing Wallpaper, region=ja-JP, local time is 2026-06-04 21:14:52.779466+09:00
[12:14:52] Successful get url: https://www.bing.com/th?id=OHR.PreeningEgret_JA-JP9316676875_UHD.jpg
[12:14:52] Picture infomations saved to  global/ja-JP/README.md
[12:14:52] Picture infomations saved to global/ja-JP/history/2026/06/04_ja-JP.md
[12:14:52] Start geting global Bing Wallpaper, region=en-IN, local time is 2026-06-04 17:44:52.922202+05:30
[12:14:52] Successful get url: https://www.bing.com/th?id=OHR.PreeningEgret_EN-IN3047678706_UHD.jpg
[12:14:53] Picture infomations saved to  global/en-IN/README.md
[12:14:53] Picture infomations saved to global/en-IN/history/2026/06/04_en-IN.md
[12:14:53] Start geting global Bing Wallpaper, region=pt-BR, local time is 2026-06-04 09:14:53.062576-03:00
[12:14:53] Successful get url: https://www.bing.com/th?id=OHR.PreeningEgret_PT-BR8376117124_UHD.jpg
[12:14:53] Picture infomations saved to  global/pt-BR/README.md
[12:14:53] Picture infomations saved to global/pt-BR/history/2026/06/05_pt-BR.md
[12:14:53] Start geting global Bing Wallpaper, region=fr-FR, local time is 2026-06-04 14:14:53.184221+02:00
[12:14:53] Successful get url: https://www.bing.com/th?id=OHR.PreeningEgret_FR-FR5555518390_UHD.jpg
[12:14:53] Picture infomations saved to  global/fr-FR/README.md
[12:14:53] Picture infomations saved to global/fr-FR/history/2026/06/04_fr-FR.md
[12:14:53] Start geting global Bing Wallpaper, region=de-DE, local time is 2026-06-04 14:14:53.306212+02:00
[12:14:53] Successful get url: https://www.bing.com/th?id=OHR.PreeningEgret_DE-DE1842151218_UHD.jpg
[12:14:53] Picture infomations saved to  global/de-DE/README.md
[12:14:53] Picture infomations saved to global/de-DE/history/2026/06/04_de-DE.md
[12:14:53] Start geting global Bing Wallpaper, region=en-CA, local time is 2026-06-04 08:14:53.429635-04:00
[12:14:53] Successful get url: https://www.bing.com/th?id=OHR.PreeningEgret_EN-CA4690989796_UHD.jpg
[12:14:53] Picture infomations saved to  global/en-CA/README.md
[12:14:53] Picture infomations saved to global/en-CA/history/2026/06/05_en-CA.md
[12:14:53] Start geting global Bing Wallpaper, region=en-GB, local time is 2026-06-04 13:14:53.586907+01:00
[12:14:53] Successful get url: https://www.bing.com/th?id=OHR.PreeningEgret_EN-GB9120612883_UHD.jpg
[12:14:53] Picture infomations saved to  global/en-GB/README.md
[12:14:53] Picture infomations saved to global/en-GB/history/2026/06/04_en-GB.md
[12:14:53] Start geting global Bing Wallpaper, region=it-IT, local time is 2026-06-04 14:14:53.727692+02:00
[12:14:53] Successful get url: https://www.bing.com/th?id=OHR.Qinghai_IT-IT1366157196_UHD.jpg
[12:14:53] Picture infomations saved to  global/it-IT/README.md
[12:14:53] Picture infomations saved to global/it-IT/history/2026/06/04_it-IT.md
[12:14:53] Start geting global Bing Wallpaper, region=es-ES, local time is 2026-06-04 14:14:53.853304+02:00
[12:14:53] Successful get url: https://www.bing.com/th?id=OHR.PreeningEgret_ES-ES8215268252_UHD.jpg
[12:14:53] Picture infomations saved to  global/es-ES/README.md
[12:14:53] Picture infomations saved to global/es-ES/history/2026/06/04_es-ES.md
[12:14:53] Start geting global Bing Wallpaper, region=fr-CA, local time is 2026-06-04 08:14:53.990854-04:00
[12:14:54] Successful get url: https://www.bing.com/th?id=OHR.PreeningEgret_FR-CA5399816974_UHD.jpg
[12:14:54] Picture infomations saved to  global/fr-CA/README.md
[12:14:54] Picture infomations saved to global/fr-CA/history/2026/06/05_fr-CA.md
Program exit at 12:14:54

Program started at 18:09:57
Operating System Name: Linux
Operating System Version: #15~24.04.1-Ubuntu SMP Wed May  6 22:37:49 UTC 2026
System Architecture: ('64bit', 'ELF')
Computer Type: x86_64
Computer Name: runnervm3jyl0
Processor Type: x86_64
Python Version: 3.12.13
Python Interpreter Name: CPython
[18:09:57] Start geting CN Bing Wallpaper
[18:09:58] Successful get url: https://www.bing.com/th?id=OHR.WedLapland_ZH-CN2365942547_UHD.jpg
[18:09:58] Image saved to img/background.jpg
[18:09:58] Info saved to README.md
[18:09:58] Image saved to history/2026/06/05.md
[18:09:58] Start geting global Bing Wallpaper, region=en-US, local time is 2026-06-04 14:09:58.184272-04:00
[18:09:58] Successful get url: https://www.bing.com/th?id=OHR.PreeningEgret_EN-US9350488148_UHD.jpg
[18:09:58] Picture infomations saved to  global/en-US/README.md
[18:09:58] Picture infomations saved to global/en-US/history/2026/06/05_en-US.md
[18:09:58] Start geting global Bing Wallpaper, region=ja-JP, local time is 2026-06-05 03:09:58.431909+09:00
[18:09:58] Successful get url: https://www.bing.com/th?id=OHR.WedLapland_JA-JP9552121230_UHD.jpg
[18:09:58] Picture infomations saved to  global/ja-JP/README.md
[18:09:58] Picture infomations saved to global/ja-JP/history/2026/06/05_ja-JP.md
[18:09:58] Start geting global Bing Wallpaper, region=en-IN, local time is 2026-06-04 23:39:58.817839+05:30
[18:09:58] Successful get url: https://www.bing.com/th?id=OHR.PreeningEgret_EN-IN3047678706_UHD.jpg
[18:09:58] Picture infomations saved to  global/en-IN/README.md
[18:09:58] Picture infomations saved to global/en-IN/history/2026/06/04_en-IN.md
[18:09:58] Start geting global Bing Wallpaper, region=pt-BR, local time is 2026-06-04 15:09:58.990852-03:00
[18:09:59] Successful get url: https://www.bing.com/th?id=OHR.PreeningEgret_PT-BR8376117124_UHD.jpg
[18:09:59] Picture infomations saved to  global/pt-BR/README.md
[18:09:59] Picture infomations saved to global/pt-BR/history/2026/06/05_pt-BR.md
[18:09:59] Start geting global Bing Wallpaper, region=fr-FR, local time is 2026-06-04 20:09:59.287801+02:00
[18:09:59] Successful get url: https://www.bing.com/th?id=OHR.PreeningEgret_FR-FR5555518390_UHD.jpg
[18:09:59] Picture infomations saved to  global/fr-FR/README.md
[18:09:59] Picture infomations saved to global/fr-FR/history/2026/06/04_fr-FR.md
[18:09:59] Start geting global Bing Wallpaper, region=de-DE, local time is 2026-06-04 20:09:59.627410+02:00
[18:09:59] Successful get url: https://www.bing.com/th?id=OHR.PreeningEgret_DE-DE1842151218_UHD.jpg
[18:09:59] Picture infomations saved to  global/de-DE/README.md
[18:09:59] Picture infomations saved to global/de-DE/history/2026/06/04_de-DE.md
[18:09:59] Start geting global Bing Wallpaper, region=en-CA, local time is 2026-06-04 14:09:59.769801-04:00
[18:09:59] Successful get url: https://www.bing.com/th?id=OHR.PreeningEgret_EN-CA4690989796_UHD.jpg
[18:09:59] Picture infomations saved to  global/en-CA/README.md
[18:09:59] Picture infomations saved to global/en-CA/history/2026/06/05_en-CA.md
[18:09:59] Start geting global Bing Wallpaper, region=en-GB, local time is 2026-06-04 19:09:59.962908+01:00
[18:10:00] Successful get url: https://www.bing.com/th?id=OHR.PreeningEgret_EN-GB9120612883_UHD.jpg
[18:10:00] Picture infomations saved to  global/en-GB/README.md
[18:10:00] Picture infomations saved to global/en-GB/history/2026/06/04_en-GB.md
[18:10:00] Start geting global Bing Wallpaper, region=it-IT, local time is 2026-06-04 20:10:00.125660+02:00
[18:10:00] Successful get url: https://www.bing.com/th?id=OHR.Qinghai_IT-IT1366157196_UHD.jpg
[18:10:00] Picture infomations saved to  global/it-IT/README.md
[18:10:00] Picture infomations saved to global/it-IT/history/2026/06/04_it-IT.md
[18:10:00] Start geting global Bing Wallpaper, region=es-ES, local time is 2026-06-04 20:10:00.603207+02:00
[18:10:00] Successful get url: https://www.bing.com/th?id=OHR.PreeningEgret_ES-ES8215268252_UHD.jpg
[18:10:00] Picture infomations saved to  global/es-ES/README.md
[18:10:00] Picture infomations saved to global/es-ES/history/2026/06/04_es-ES.md
[18:10:00] Start geting global Bing Wallpaper, region=fr-CA, local time is 2026-06-04 14:10:00.787050-04:00
[18:10:00] Successful get url: https://www.bing.com/th?id=OHR.PreeningEgret_FR-CA5399816974_UHD.jpg
[18:10:01] Picture infomations saved to  global/fr-CA/README.md
[18:10:01] Picture infomations saved to global/fr-CA/history/2026/06/05_fr-CA.md
Program exit at 18:10:01
