
Program started at 11:15:13
Operating System Name: Linux
Operating System Version: #15~24.04.1-Ubuntu SMP Wed May  6 22:37:49 UTC 2026
System Architecture: ('64bit', 'ELF')
Computer Type: x86_64
Computer Name: runnervm3jyl0
Processor Type: x86_64
Python Version: 3.12.13
Python Interpreter Name: CPython
[11:15:13] Start geting CN Bing Wallpaper
[11:15:13] Successful get url: https://www.bing.com/th?id=OHR.DunseverickCastle2026_ZH-CN3036266326_UHD.jpg
[11:15:13] Image saved to img/background.jpg
[11:15:13] Info saved to README.md
[11:15:13] Image saved to history/2026/06/07.md
[11:15:13] Start geting global Bing Wallpaper, region=en-US, local time is 2026-06-07 07:15:13.320192-04:00
[11:15:13] Successful get url: https://www.bing.com/th?id=OHR.GardenAtlanta_EN-US2319128074_UHD.jpg
[11:15:13] Picture infomations saved to  global/en-US/README.md
[11:15:13] Picture infomations saved to global/en-US/history/2026/06/08_en-US.md
[11:15:13] Start geting global Bing Wallpaper, region=ja-JP, local time is 2026-06-07 20:15:13.513069+09:00
[11:15:13] Successful get url: https://www.bing.com/th?id=OHR.Limpets_JA-JP0282972005_UHD.jpg
[11:15:13] Picture infomations saved to  global/ja-JP/README.md
[11:15:13] Picture infomations saved to global/ja-JP/history/2026/06/07_ja-JP.md
[11:15:13] Start geting global Bing Wallpaper, region=en-IN, local time is 2026-06-07 16:45:13.696281+05:30
[11:15:13] Successful get url: https://www.bing.com/th?id=OHR.DunseverickCastle2026_EN-IN6819043109_UHD.jpg
[11:15:13] Picture infomations saved to  global/en-IN/README.md
[11:15:13] Picture infomations saved to global/en-IN/history/2026/06/07_en-IN.md
[11:15:13] Start geting global Bing Wallpaper, region=pt-BR, local time is 2026-06-07 08:15:13.881188-03:00
[11:15:13] Successful get url: https://www.bing.com/th?id=OHR.DunseverickCastle2026_PT-BR9951300032_UHD.jpg
[11:15:14] Picture infomations saved to  global/pt-BR/README.md
[11:15:14] Picture infomations saved to global/pt-BR/history/2026/06/08_pt-BR.md
[11:15:14] Start geting global Bing Wallpaper, region=fr-FR, local time is 2026-06-07 13:15:14.054780+02:00
[11:15:14] Successful get url: https://www.bing.com/th?id=OHR.DunseverickCastle2026_FR-FR5937178493_UHD.jpg
[11:15:14] Picture infomations saved to  global/fr-FR/README.md
[11:15:14] Picture infomations saved to global/fr-FR/history/2026/06/07_fr-FR.md
[11:15:14] Start geting global Bing Wallpaper, region=de-DE, local time is 2026-06-07 13:15:14.239269+02:00
[11:15:14] Successful get url: https://www.bing.com/th?id=OHR.DunseverickCastle2026_DE-DE1972643390_UHD.jpg
[11:15:14] Picture infomations saved to  global/de-DE/README.md
[11:15:14] Picture infomations saved to global/de-DE/history/2026/06/07_de-DE.md
[11:15:14] Start geting global Bing Wallpaper, region=en-CA, local time is 2026-06-07 07:15:14.416214-04:00
[11:15:14] Successful get url: https://www.bing.com/th?id=OHR.DunseverickCastle2026_EN-CA2353386537_UHD.jpg
[11:15:14] Picture infomations saved to  global/en-CA/README.md
[11:15:14] Picture infomations saved to global/en-CA/history/2026/06/08_en-CA.md
[11:15:14] Start geting global Bing Wallpaper, region=en-GB, local time is 2026-06-07 12:15:14.594702+01:00
[11:15:14] Successful get url: https://www.bing.com/th?id=OHR.DunseverickCastle2026_EN-GB9557094817_UHD.jpg
[11:15:14] Picture infomations saved to  global/en-GB/README.md
[11:15:14] Picture infomations saved to global/en-GB/history/2026/06/07_en-GB.md
[11:15:14] Start geting global Bing Wallpaper, region=it-IT, local time is 2026-06-07 13:15:14.769275+02:00
[11:15:14] Successful get url: https://www.bing.com/th?id=OHR.Hnausapollur_IT-IT7264622546_UHD.jpg
[11:15:14] Picture infomations saved to  global/it-IT/README.md
[11:15:14] Picture infomations saved to global/it-IT/history/2026/06/07_it-IT.md
[11:15:14] Start geting global Bing Wallpaper, region=es-ES, local time is 2026-06-07 13:15:14.964457+02:00
[11:15:15] Successful get url: https://www.bing.com/th?id=OHR.DunseverickCastle2026_ES-ES9063298033_UHD.jpg
[11:15:15] Picture infomations saved to  global/es-ES/README.md
[11:15:15] Picture infomations saved to global/es-ES/history/2026/06/07_es-ES.md
[11:15:15] Start geting global Bing Wallpaper, region=fr-CA, local time is 2026-06-07 07:15:15.147767-04:00
[11:15:15] Successful get url: https://www.bing.com/th?id=OHR.DunseverickCastle2026_FR-CA5980090022_UHD.jpg
[11:15:15] Picture infomations saved to  global/fr-CA/README.md
[11:15:15] Picture infomations saved to global/fr-CA/history/2026/06/08_fr-CA.md
Program exit at 11:15:15

Program started at 17:07:51
Operating System Name: Linux
Operating System Version: #15~24.04.1-Ubuntu SMP Wed May  6 22:37:49 UTC 2026
System Architecture: ('64bit', 'ELF')
Computer Type: x86_64
Computer Name: runnervm3jyl0
Processor Type: x86_64
Python Version: 3.12.13
Python Interpreter Name: CPython
[17:07:51] Start geting CN Bing Wallpaper
[17:07:51] Successful get url: https://www.bing.com/th?id=OHR.Cyanea_ZH-CN3858079050_UHD.jpg
[17:07:51] Image saved to img/background.jpg
[17:07:51] Info saved to README.md
[17:07:51] Image saved to history/2026/06/08.md
[17:07:51] Start geting global Bing Wallpaper, region=en-US, local time is 2026-06-07 13:07:51.614809-04:00
[17:07:51] Successful get url: https://www.bing.com/th?id=OHR.GardenAtlanta_EN-US2319128074_UHD.jpg
[17:07:51] Picture infomations saved to  global/en-US/README.md
[17:07:51] Picture infomations saved to global/en-US/history/2026/06/08_en-US.md
[17:07:51] Start geting global Bing Wallpaper, region=ja-JP, local time is 2026-06-08 02:07:51.731959+09:00
[17:07:51] Successful get url: https://www.bing.com/th?id=OHR.Cyanea_JA-JP0508555494_UHD.jpg
[17:07:51] Picture infomations saved to  global/ja-JP/README.md
[17:07:51] Picture infomations saved to global/ja-JP/history/2026/06/08_ja-JP.md
[17:07:51] Start geting global Bing Wallpaper, region=en-IN, local time is 2026-06-07 22:37:51.851196+05:30
[17:07:51] Successful get url: https://www.bing.com/th?id=OHR.DunseverickCastle2026_EN-IN6819043109_UHD.jpg
[17:07:51] Picture infomations saved to  global/en-IN/README.md
[17:07:51] Picture infomations saved to global/en-IN/history/2026/06/07_en-IN.md
[17:07:51] Start geting global Bing Wallpaper, region=pt-BR, local time is 2026-06-07 14:07:51.971864-03:00
[17:07:52] Successful get url: https://www.bing.com/th?id=OHR.DunseverickCastle2026_PT-BR9951300032_UHD.jpg
[17:07:52] Picture infomations saved to  global/pt-BR/README.md
[17:07:52] Picture infomations saved to global/pt-BR/history/2026/06/08_pt-BR.md
[17:07:52] Start geting global Bing Wallpaper, region=fr-FR, local time is 2026-06-07 19:07:52.111378+02:00
[17:07:52] Successful get url: https://www.bing.com/th?id=OHR.DunseverickCastle2026_FR-FR5937178493_UHD.jpg
[17:07:52] Picture infomations saved to  global/fr-FR/README.md
[17:07:52] Picture infomations saved to global/fr-FR/history/2026/06/07_fr-FR.md
[17:07:52] Start geting global Bing Wallpaper, region=de-DE, local time is 2026-06-07 19:07:52.236087+02:00
[17:07:52] Successful get url: https://www.bing.com/th?id=OHR.DunseverickCastle2026_DE-DE1972643390_UHD.jpg
[17:07:52] Picture infomations saved to  global/de-DE/README.md
[17:07:52] Picture infomations saved to global/de-DE/history/2026/06/07_de-DE.md
[17:07:52] Start geting global Bing Wallpaper, region=en-CA, local time is 2026-06-07 13:07:52.459494-04:00
[17:07:52] Successful get url: https://www.bing.com/th?id=OHR.DunseverickCastle2026_EN-CA2353386537_UHD.jpg
[17:07:52] Picture infomations saved to  global/en-CA/README.md
[17:07:52] Picture infomations saved to global/en-CA/history/2026/06/08_en-CA.md
[17:07:52] Start geting global Bing Wallpaper, region=en-GB, local time is 2026-06-07 18:07:52.642593+01:00
[17:07:52] Successful get url: https://www.bing.com/th?id=OHR.DunseverickCastle2026_EN-GB9557094817_UHD.jpg
[17:07:52] Picture infomations saved to  global/en-GB/README.md
[17:07:52] Picture infomations saved to global/en-GB/history/2026/06/07_en-GB.md
[17:07:52] Start geting global Bing Wallpaper, region=it-IT, local time is 2026-06-07 19:07:52.772424+02:00
[17:07:52] Successful get url: https://www.bing.com/th?id=OHR.Hnausapollur_IT-IT7264622546_UHD.jpg
[17:07:53] Picture infomations saved to  global/it-IT/README.md
[17:07:53] Picture infomations saved to global/it-IT/history/2026/06/07_it-IT.md
[17:07:53] Start geting global Bing Wallpaper, region=es-ES, local time is 2026-06-07 19:07:53.041926+02:00
[17:07:53] Successful get url: https://www.bing.com/th?id=OHR.DunseverickCastle2026_ES-ES9063298033_UHD.jpg
[17:07:53] Picture infomations saved to  global/es-ES/README.md
[17:07:53] Picture infomations saved to global/es-ES/history/2026/06/07_es-ES.md
[17:07:53] Start geting global Bing Wallpaper, region=fr-CA, local time is 2026-06-07 13:07:53.189538-04:00
[17:07:53] Successful get url: https://www.bing.com/th?id=OHR.DunseverickCastle2026_FR-CA5980090022_UHD.jpg
[17:07:53] Picture infomations saved to  global/fr-CA/README.md
[17:07:53] Picture infomations saved to global/fr-CA/history/2026/06/08_fr-CA.md
Program exit at 17:07:53
