
Program started at 09:21:43
Operating System Name: Linux
Operating System Version: #19~22.04.2-Ubuntu SMP Thu Mar 21 16:45:46 UTC 2024
System Architecture: ('64bit', 'ELF')
Computer Type: x86_64
Computer Name: fv-az1773-34
Processor Type: x86_64
Python Version: 3.12.3
Python Interpreter Name: CPython
[09:21:43] Start geting CN Bing Wallpaper
[09:21:43] Successful get url: https://www.bing.com/th?id=OHR.GuanacoMother_ZH-CN3856540256_UHD.jpg
[09:21:44] Image saved to img/background.jpg
[09:21:44] Info saved to README.md
[09:21:44] Image saved to history/2024/05/12.md
[09:21:44] Start geting global Bing Wallpaper, region=en-US, local time is 2024-05-12 05:21:44.095428-04:00
[09:21:44] Successful get url: https://www.bing.com/th?id=OHR.GuanacoMother_EN-US1023542218_UHD.jpg
[09:21:44] Picture infomations saved to  global/en-US/README.md
[09:21:44] Picture infomations saved to global/en-US/history/2024/05/13_en-US.md
[09:21:44] Start geting global Bing Wallpaper, region=ja-JP, local time is 2024-05-12 18:21:44.341664+09:00
[09:21:44] Successful get url: https://www.bing.com/th?id=OHR.GuanacoMother_JA-JP0047652462_UHD.jpg
[09:21:44] Picture infomations saved to  global/ja-JP/README.md
[09:21:44] Picture infomations saved to global/ja-JP/history/2024/05/12_ja-JP.md
[09:21:44] Start geting global Bing Wallpaper, region=en-IN, local time is 2024-05-12 14:51:44.530616+05:30
[09:21:44] Successful get url: https://www.bing.com/th?id=OHR.GuanacoMother_EN-IN2535708890_UHD.jpg
[09:21:44] Picture infomations saved to  global/en-IN/README.md
[09:21:44] Picture infomations saved to global/en-IN/history/2024/05/12_en-IN.md
[09:21:44] Start geting global Bing Wallpaper, region=pt-BR, local time is 2024-05-12 06:21:44.697375-03:00
[09:21:44] Successful get url: https://www.bing.com/th?id=OHR.GuanacoMother_PT-BR7069142219_UHD.jpg
[09:21:45] Picture infomations saved to  global/pt-BR/README.md
[09:21:45] Picture infomations saved to global/pt-BR/history/2024/05/13_pt-BR.md
[09:21:45] Start geting global Bing Wallpaper, region=fr-FR, local time is 2024-05-12 11:21:45.029583+02:00
[09:21:45] Successful get url: https://www.bing.com/th?id=OHR.CamargueFlamingos_FR-FR0995673980_UHD.jpg
[09:21:45] Picture infomations saved to  global/fr-FR/README.md
[09:21:45] Picture infomations saved to global/fr-FR/history/2024/05/12_fr-FR.md
[09:21:45] Start geting global Bing Wallpaper, region=de-DE, local time is 2024-05-12 11:21:45.202631+02:00
[09:21:45] Successful get url: https://www.bing.com/th?id=OHR.GuanacoMother_DE-DE8465520187_UHD.jpg
[09:21:45] Picture infomations saved to  global/de-DE/README.md
[09:21:45] Picture infomations saved to global/de-DE/history/2024/05/12_de-DE.md
[09:21:45] Start geting global Bing Wallpaper, region=en-CA, local time is 2024-05-12 05:21:45.414005-04:00
[09:21:45] Successful get url: https://www.bing.com/th?id=OHR.GuanacoMother_EN-CA8019143520_UHD.jpg
[09:21:45] Picture infomations saved to  global/en-CA/README.md
[09:21:45] Picture infomations saved to global/en-CA/history/2024/05/13_en-CA.md
[09:21:45] Start geting global Bing Wallpaper, region=en-GB, local time is 2024-05-12 10:21:45.664332+01:00
[09:21:45] Successful get url: https://www.bing.com/th?id=OHR.SkiddawMassifUK_EN-GB5449719093_UHD.jpg
[09:21:45] Picture infomations saved to  global/en-GB/README.md
[09:21:45] Picture infomations saved to global/en-GB/history/2024/05/12_en-GB.md
[09:21:45] Start geting global Bing Wallpaper, region=it-IT, local time is 2024-05-12 11:21:45.870939+02:00
[09:21:45] Successful get url: https://www.bing.com/th?id=OHR.BabyDolphinMom_IT-IT8782194786_UHD.jpg
[09:21:46] Picture infomations saved to  global/it-IT/README.md
[09:21:46] Picture infomations saved to global/it-IT/history/2024/05/12_it-IT.md
[09:21:46] Start geting global Bing Wallpaper, region=es-ES, local time is 2024-05-12 11:21:46.085227+02:00
[09:21:46] Successful get url: https://www.bing.com/th?id=OHR.SanMiguelAllende_ES-ES3153624819_UHD.jpg
[09:21:46] Picture infomations saved to  global/es-ES/README.md
[09:21:46] Picture infomations saved to global/es-ES/history/2024/05/12_es-ES.md
[09:21:46] Start geting global Bing Wallpaper, region=fr-CA, local time is 2024-05-12 05:21:46.300749-04:00
[09:21:46] Successful get url: https://www.bing.com/th?id=OHR.GuanacoMother_FR-CA2387509434_UHD.jpg
[09:21:46] Picture infomations saved to  global/fr-CA/README.md
[09:21:46] Picture infomations saved to global/fr-CA/history/2024/05/13_fr-CA.md
Program exit at 09:21:46
