
Program started at 09:26:24
Operating System Name: Linux
Operating System Version: #22~22.04.1-Ubuntu SMP Tue Apr 30 16:08:18 UTC 2024
System Architecture: ('64bit', 'ELF')
Computer Type: x86_64
Computer Name: fv-az1269-122
Processor Type: x86_64
Python Version: 3.12.3
Python Interpreter Name: CPython
[09:26:24] Start geting CN Bing Wallpaper
[09:26:24] Successful get url: https://www.bing.com/th?id=OHR.HoneycombBee_ZH-CN6572760814_UHD.jpg
[09:26:24] Image saved to img/background.jpg
[09:26:24] Info saved to README.md
[09:26:24] Image saved to history/2024/05/20.md
[09:26:24] Start geting global Bing Wallpaper, region=en-US, local time is 2024-05-20 05:26:24.757759-04:00
[09:26:24] Successful get url: https://www.bing.com/th?id=OHR.HoneycombBee_EN-US2941694554_UHD.jpg
[09:26:24] Picture infomations saved to  global/en-US/README.md
[09:26:24] Picture infomations saved to global/en-US/history/2024/05/21_en-US.md
[09:26:24] Start geting global Bing Wallpaper, region=ja-JP, local time is 2024-05-20 18:26:24.993151+09:00
[09:26:25] Successful get url: https://www.bing.com/th?id=OHR.HoneycombBee_JA-JP0520778035_UHD.jpg
[09:26:25] Picture infomations saved to  global/ja-JP/README.md
[09:26:25] Picture infomations saved to global/ja-JP/history/2024/05/20_ja-JP.md
[09:26:25] Start geting global Bing Wallpaper, region=en-IN, local time is 2024-05-20 14:56:25.534631+05:30
[09:26:25] Successful get url: https://www.bing.com/th?id=OHR.HoneycombBee_EN-IN5264559093_UHD.jpg
[09:26:25] Picture infomations saved to  global/en-IN/README.md
[09:26:25] Picture infomations saved to global/en-IN/history/2024/05/20_en-IN.md
[09:26:25] Start geting global Bing Wallpaper, region=pt-BR, local time is 2024-05-20 06:26:25.814606-03:00
[09:26:25] Successful get url: https://www.bing.com/th?id=OHR.HoneycombBee_PT-BR0168442685_UHD.jpg
[09:26:26] Picture infomations saved to  global/pt-BR/README.md
[09:26:26] Picture infomations saved to global/pt-BR/history/2024/05/21_pt-BR.md
[09:26:26] Start geting global Bing Wallpaper, region=fr-FR, local time is 2024-05-20 11:26:26.115896+02:00
[09:26:26] Successful get url: https://www.bing.com/th?id=OHR.HoneycombBee_FR-FR7652566648_UHD.jpg
[09:26:26] Picture infomations saved to  global/fr-FR/README.md
[09:26:26] Picture infomations saved to global/fr-FR/history/2024/05/20_fr-FR.md
[09:26:26] Start geting global Bing Wallpaper, region=de-DE, local time is 2024-05-20 11:26:26.444746+02:00
[09:26:26] Successful get url: https://www.bing.com/th?id=OHR.HoneycombBee_DE-DE7958601447_UHD.jpg
[09:26:26] Picture infomations saved to  global/de-DE/README.md
[09:26:26] Picture infomations saved to global/de-DE/history/2024/05/20_de-DE.md
[09:26:26] Start geting global Bing Wallpaper, region=en-CA, local time is 2024-05-20 05:26:26.748566-04:00
[09:26:26] Successful get url: https://www.bing.com/th?id=OHR.OttawaParliamentHill_EN-CA0974893499_UHD.jpg
[09:26:26] Picture infomations saved to  global/en-CA/README.md
[09:26:26] Picture infomations saved to global/en-CA/history/2024/05/21_en-CA.md
[09:26:26] Start geting global Bing Wallpaper, region=en-GB, local time is 2024-05-20 10:26:26.967690+01:00
[09:26:27] Successful get url: https://www.bing.com/th?id=OHR.HoneycombBee_EN-GB4546978575_UHD.jpg
[09:26:27] Picture infomations saved to  global/en-GB/README.md
[09:26:27] Picture infomations saved to global/en-GB/history/2024/05/20_en-GB.md
[09:26:27] Start geting global Bing Wallpaper, region=it-IT, local time is 2024-05-20 11:26:27.261913+02:00
[09:26:27] Successful get url: https://www.bing.com/th?id=OHR.HoneycombBee_IT-IT9529563707_UHD.jpg
[09:26:27] Picture infomations saved to  global/it-IT/README.md
[09:26:27] Picture infomations saved to global/it-IT/history/2024/05/20_it-IT.md
[09:26:27] Start geting global Bing Wallpaper, region=es-ES, local time is 2024-05-20 11:26:27.532701+02:00
[09:26:27] Successful get url: https://www.bing.com/th?id=OHR.HoneycombBee_ES-ES4459802642_UHD.jpg
[09:26:27] Picture infomations saved to  global/es-ES/README.md
[09:26:27] Picture infomations saved to global/es-ES/history/2024/05/20_es-ES.md
[09:26:27] Start geting global Bing Wallpaper, region=fr-CA, local time is 2024-05-20 05:26:27.735819-04:00
[09:26:27] Successful get url: https://www.bing.com/th?id=OHR.OttawaParliamentHill_FR-CA4060254535_UHD.jpg
[09:26:28] Picture infomations saved to  global/fr-CA/README.md
[09:26:28] Picture infomations saved to global/fr-CA/history/2024/05/21_fr-CA.md
Program exit at 09:26:28
