
Program started at 09:25:00
Operating System Name: Linux
Operating System Version: #19~22.04.2-Ubuntu SMP Thu Mar 21 16:45:46 UTC 2024
System Architecture: ('64bit', 'ELF')
Computer Type: x86_64
Computer Name: fv-az1146-331
Processor Type: x86_64
Python Version: 3.12.3
Python Interpreter Name: CPython
[09:25:00] Start geting CN Bing Wallpaper
[09:25:00] Successful get url: https://www.bing.com/th?id=OHR.LittleDuckling_ZH-CN2922471258_UHD.jpg
[09:25:01] Image saved to img/background.jpg
[09:25:01] Info saved to README.md
[09:25:01] Image saved to history/2024/05/07.md
[09:25:01] Start geting global Bing Wallpaper, region=en-US, local time is 2024-05-07 05:25:01.098158-04:00
[09:25:01] Successful get url: https://www.bing.com/th?id=OHR.LittleDuckling_EN-US0447954247_UHD.jpg
[09:25:01] Picture infomations saved to  global/en-US/README.md
[09:25:01] Picture infomations saved to global/en-US/history/2024/05/08_en-US.md
[09:25:01] Start geting global Bing Wallpaper, region=ja-JP, local time is 2024-05-07 18:25:01.322241+09:00
[09:25:01] Successful get url: https://www.bing.com/th?id=OHR.BlueCityIndia_JA-JP8642255541_UHD.jpg
[09:25:01] Picture infomations saved to  global/ja-JP/README.md
[09:25:01] Picture infomations saved to global/ja-JP/history/2024/05/07_ja-JP.md
[09:25:01] Start geting global Bing Wallpaper, region=en-IN, local time is 2024-05-07 14:55:01.568221+05:30
[09:25:01] Successful get url: https://www.bing.com/th?id=OHR.LittleDuckling_EN-IN1177865327_UHD.jpg
[09:25:01] Picture infomations saved to  global/en-IN/README.md
[09:25:01] Picture infomations saved to global/en-IN/history/2024/05/07_en-IN.md
[09:25:01] Start geting global Bing Wallpaper, region=pt-BR, local time is 2024-05-07 06:25:01.784283-03:00
[09:25:01] Successful get url: https://www.bing.com/th?id=OHR.LittleDuckling_PT-BR9050778673_UHD.jpg
[09:25:02] Picture infomations saved to  global/pt-BR/README.md
[09:25:02] Picture infomations saved to global/pt-BR/history/2024/05/08_pt-BR.md
[09:25:02] Start geting global Bing Wallpaper, region=fr-FR, local time is 2024-05-07 11:25:02.025262+02:00
[09:25:02] Successful get url: https://www.bing.com/th?id=OHR.LittleDuckling_FR-FR7460969875_UHD.jpg
[09:25:02] Picture infomations saved to  global/fr-FR/README.md
[09:25:02] Picture infomations saved to global/fr-FR/history/2024/05/07_fr-FR.md
[09:25:02] Start geting global Bing Wallpaper, region=de-DE, local time is 2024-05-07 11:25:02.245405+02:00
[09:25:02] Successful get url: https://www.bing.com/th?id=OHR.SuspensionBridge_DE-DE5413963074_UHD.jpg
[09:25:02] Picture infomations saved to  global/de-DE/README.md
[09:25:02] Picture infomations saved to global/de-DE/history/2024/05/07_de-DE.md
[09:25:02] Start geting global Bing Wallpaper, region=en-CA, local time is 2024-05-07 05:25:02.481480-04:00
[09:25:02] Successful get url: https://www.bing.com/th?id=OHR.LittleDuckling_EN-CA7068019573_UHD.jpg
[09:25:02] Picture infomations saved to  global/en-CA/README.md
[09:25:02] Picture infomations saved to global/en-CA/history/2024/05/08_en-CA.md
[09:25:02] Start geting global Bing Wallpaper, region=en-GB, local time is 2024-05-07 10:25:02.653697+01:00
[09:25:02] Successful get url: https://www.bing.com/th?id=OHR.LittleDuckling_EN-GB2863897779_UHD.jpg
[09:25:02] Picture infomations saved to  global/en-GB/README.md
[09:25:02] Picture infomations saved to global/en-GB/history/2024/05/07_en-GB.md
[09:25:02] Start geting global Bing Wallpaper, region=it-IT, local time is 2024-05-07 11:25:02.865913+02:00
[09:25:02] Successful get url: https://www.bing.com/th?id=OHR.LaGeriaLanzarote_IT-IT5537790219_UHD.jpg
[09:25:03] Picture infomations saved to  global/it-IT/README.md
[09:25:03] Picture infomations saved to global/it-IT/history/2024/05/07_it-IT.md
[09:25:03] Start geting global Bing Wallpaper, region=es-ES, local time is 2024-05-07 11:25:03.096807+02:00
[09:25:03] Successful get url: https://www.bing.com/th?id=OHR.LittleDuckling_ES-ES9482906211_UHD.jpg
[09:25:03] Picture infomations saved to  global/es-ES/README.md
[09:25:03] Picture infomations saved to global/es-ES/history/2024/05/07_es-ES.md
[09:25:03] Start geting global Bing Wallpaper, region=fr-CA, local time is 2024-05-07 05:25:03.292333-04:00
[09:25:03] Successful get url: https://www.bing.com/th?id=OHR.LittleDuckling_FR-CA1449309231_UHD.jpg
[09:25:03] Picture infomations saved to  global/fr-CA/README.md
[09:25:03] Picture infomations saved to global/fr-CA/history/2024/05/08_fr-CA.md
Program exit at 09:25:03

Program started at 16:11:13
Operating System Name: Linux
Operating System Version: #19~22.04.2-Ubuntu SMP Thu Mar 21 16:45:46 UTC 2024
System Architecture: ('64bit', 'ELF')
Computer Type: x86_64
Computer Name: fv-az801-305
Processor Type: x86_64
Python Version: 3.12.3
Python Interpreter Name: CPython
[16:11:14] Start geting CN Bing Wallpaper
[16:11:14] Successful get url: https://www.bing.com/th?id=OHR.PortMarseille_ZH-CN3194394496_UHD.jpg
[16:11:14] Image saved to img/background.jpg
[16:11:14] Info saved to README.md
[16:11:14] Image saved to history/2024/05/08.md
[16:11:14] Start geting global Bing Wallpaper, region=en-US, local time is 2024-05-07 12:11:14.362718-04:00
[16:11:14] Successful get url: https://www.bing.com/th?id=OHR.LittleDuckling_EN-US0447954247_UHD.jpg
[16:11:14] Picture infomations saved to  global/en-US/README.md
[16:11:14] Picture infomations saved to global/en-US/history/2024/05/08_en-US.md
[16:11:14] Start geting global Bing Wallpaper, region=ja-JP, local time is 2024-05-08 01:11:14.588595+09:00
[16:11:14] Successful get url: https://www.bing.com/th?id=OHR.PortMarseille_JA-JP8874439197_UHD.jpg
[16:11:14] Picture infomations saved to  global/ja-JP/README.md
[16:11:14] Picture infomations saved to global/ja-JP/history/2024/05/08_ja-JP.md
[16:11:14] Start geting global Bing Wallpaper, region=en-IN, local time is 2024-05-07 21:41:14.834111+05:30
[16:11:14] Successful get url: https://www.bing.com/th?id=OHR.LittleDuckling_EN-IN1177865327_UHD.jpg
[16:11:15] Picture infomations saved to  global/en-IN/README.md
[16:11:15] Picture infomations saved to global/en-IN/history/2024/05/07_en-IN.md
[16:11:15] Start geting global Bing Wallpaper, region=pt-BR, local time is 2024-05-07 13:11:15.109779-03:00
[16:11:15] Successful get url: https://www.bing.com/th?id=OHR.LittleDuckling_PT-BR9050778673_UHD.jpg
[16:11:15] Picture infomations saved to  global/pt-BR/README.md
[16:11:15] Picture infomations saved to global/pt-BR/history/2024/05/08_pt-BR.md
[16:11:15] Start geting global Bing Wallpaper, region=fr-FR, local time is 2024-05-07 18:11:15.559720+02:00
[16:11:15] Successful get url: https://www.bing.com/th?id=OHR.LittleDuckling_FR-FR7460969875_UHD.jpg
[16:11:16] Picture infomations saved to  global/fr-FR/README.md
[16:11:16] Picture infomations saved to global/fr-FR/history/2024/05/07_fr-FR.md
[16:11:16] Start geting global Bing Wallpaper, region=de-DE, local time is 2024-05-07 18:11:16.038415+02:00
[16:11:16] Successful get url: https://www.bing.com/th?id=OHR.SuspensionBridge_DE-DE5413963074_UHD.jpg
[16:11:16] Picture infomations saved to  global/de-DE/README.md
[16:11:16] Picture infomations saved to global/de-DE/history/2024/05/07_de-DE.md
[16:11:16] Start geting global Bing Wallpaper, region=en-CA, local time is 2024-05-07 12:11:16.337655-04:00
[16:11:16] Successful get url: https://www.bing.com/th?id=OHR.LittleDuckling_EN-CA7068019573_UHD.jpg
[16:11:16] Picture infomations saved to  global/en-CA/README.md
[16:11:16] Picture infomations saved to global/en-CA/history/2024/05/08_en-CA.md
[16:11:16] Start geting global Bing Wallpaper, region=en-GB, local time is 2024-05-07 17:11:16.622254+01:00
[16:11:16] Successful get url: https://www.bing.com/th?id=OHR.LittleDuckling_EN-GB2863897779_UHD.jpg
[16:11:16] Picture infomations saved to  global/en-GB/README.md
[16:11:16] Picture infomations saved to global/en-GB/history/2024/05/07_en-GB.md
[16:11:16] Start geting global Bing Wallpaper, region=it-IT, local time is 2024-05-07 18:11:16.886070+02:00
[16:11:17] Successful get url: https://www.bing.com/th?id=OHR.LaGeriaLanzarote_IT-IT5537790219_UHD.jpg
[16:11:17] Picture infomations saved to  global/it-IT/README.md
[16:11:17] Picture infomations saved to global/it-IT/history/2024/05/07_it-IT.md
[16:11:17] Start geting global Bing Wallpaper, region=es-ES, local time is 2024-05-07 18:11:17.438641+02:00
[16:11:17] Successful get url: https://www.bing.com/th?id=OHR.LittleDuckling_ES-ES9482906211_UHD.jpg
[16:11:17] Picture infomations saved to  global/es-ES/README.md
[16:11:17] Picture infomations saved to global/es-ES/history/2024/05/07_es-ES.md
[16:11:17] Start geting global Bing Wallpaper, region=fr-CA, local time is 2024-05-07 12:11:17.713144-04:00
[16:11:17] Successful get url: https://www.bing.com/th?id=OHR.LittleDuckling_FR-CA1449309231_UHD.jpg
[16:11:18] Picture infomations saved to  global/fr-CA/README.md
[16:11:18] Picture infomations saved to global/fr-CA/history/2024/05/08_fr-CA.md
Program exit at 16:11:18
