
Program started at 09:24:50
Operating System Name: Linux
Operating System Version: #22~22.04.1-Ubuntu SMP Tue Apr 30 16:08:18 UTC 2024
System Architecture: ('64bit', 'ELF')
Computer Type: x86_64
Computer Name: fv-az888-662
Processor Type: x86_64
Python Version: 3.12.3
Python Interpreter Name: CPython
[09:24:50] Start geting CN Bing Wallpaper
[09:24:53] Failed with response code: 503
[09:24:53] Start geting global Bing Wallpaper, region=en-US, local time is 2024-05-23 05:24:53.548698-04:00
[09:24:56] Failed with statue code: 503
[09:24:56] Start geting global Bing Wallpaper, region=ja-JP, local time is 2024-05-23 18:24:56.390531+09:00
[09:25:50] Failed with statue code: 503
[09:25:50] Start geting global Bing Wallpaper, region=en-IN, local time is 2024-05-23 14:55:50.366048+05:30
[09:25:53] Failed with statue code: 429
[09:25:53] Start geting global Bing Wallpaper, region=pt-BR, local time is 2024-05-23 06:25:53.815320-03:00
[09:26:06] Failed with statue code: 429
[09:26:06] Start geting global Bing Wallpaper, region=fr-FR, local time is 2024-05-23 11:26:06.114080+02:00
[09:26:40] Failed with statue code: 503
[09:26:40] Start geting global Bing Wallpaper, region=de-DE, local time is 2024-05-23 11:26:40.497649+02:00
[09:27:14] Failed with statue code: 503
[09:27:14] Start geting global Bing Wallpaper, region=en-CA, local time is 2024-05-23 05:27:14.373842-04:00
[09:27:17] Failed with statue code: 503
[09:27:17] Start geting global Bing Wallpaper, region=en-GB, local time is 2024-05-23 10:27:17.205460+01:00
[09:28:12] Failed with statue code: 503
[09:28:12] Start geting global Bing Wallpaper, region=it-IT, local time is 2024-05-23 11:28:12.887993+02:00
[09:28:15] Failed with statue code: 503
[09:28:15] Start geting global Bing Wallpaper, region=es-ES, local time is 2024-05-23 11:28:15.715935+02:00
[09:28:31] Failed with statue code: 429
[09:28:31] Start geting global Bing Wallpaper, region=fr-CA, local time is 2024-05-23 05:28:31.771847-04:00
[09:28:32] Failed with statue code: 429
Program exit at 09:28:32
