
Program started at 09:22:25
Operating System Name: Linux
Operating System Version: #22~22.04.1-Ubuntu SMP Tue Apr 30 16:08:18 UTC 2024
System Architecture: ('64bit', 'ELF')
Computer Type: x86_64
Computer Name: fv-az659-643
Processor Type: x86_64
Python Version: 3.12.3
Python Interpreter Name: CPython
[09:22:25] Start geting CN Bing Wallpaper
[09:22:25] Successful get url: https://www.bing.com/th?id=OHR.ReconquistaVigo_ZH-CN4619580424_UHD.jpg
[09:22:25] Image saved to img/background.jpg
[09:22:25] Info saved to README.md
[09:22:25] Image saved to history/2024/05/16.md
[09:22:25] Start geting global Bing Wallpaper, region=en-US, local time is 2024-05-16 05:22:25.890250-04:00
[09:22:25] Successful get url: https://www.bing.com/th?id=OHR.DayOfLight_EN-US1723401316_UHD.jpg
[09:22:26] Picture infomations saved to  global/en-US/README.md
[09:22:26] Picture infomations saved to global/en-US/history/2024/05/17_en-US.md
[09:22:26] Start geting global Bing Wallpaper, region=ja-JP, local time is 2024-05-16 18:22:26.088947+09:00
[09:22:26] Successful get url: https://www.bing.com/th?id=OHR.DayOfLight_JA-JP1257596439_UHD.jpg
[09:22:26] Picture infomations saved to  global/ja-JP/README.md
[09:22:26] Picture infomations saved to global/ja-JP/history/2024/05/16_ja-JP.md
[09:22:26] Start geting global Bing Wallpaper, region=en-IN, local time is 2024-05-16 14:52:26.289032+05:30
[09:22:26] Successful get url: https://www.bing.com/th?id=OHR.DayOfLight_EN-IN3415387303_UHD.jpg
[09:22:26] Picture infomations saved to  global/en-IN/README.md
[09:22:26] Picture infomations saved to global/en-IN/history/2024/05/16_en-IN.md
[09:22:26] Start geting global Bing Wallpaper, region=pt-BR, local time is 2024-05-16 06:22:26.463755-03:00
[09:22:26] Successful get url: https://www.bing.com/th?id=OHR.DayOfLight_PT-BR7977320546_UHD.jpg
[09:22:26] Picture infomations saved to  global/pt-BR/README.md
[09:22:26] Picture infomations saved to global/pt-BR/history/2024/05/17_pt-BR.md
[09:22:26] Start geting global Bing Wallpaper, region=fr-FR, local time is 2024-05-16 11:22:26.643527+02:00
[09:22:26] Successful get url: https://www.bing.com/th?id=OHR.DayOfLight_FR-FR2802585315_UHD.jpg
[09:22:26] Picture infomations saved to  global/fr-FR/README.md
[09:22:26] Picture infomations saved to global/fr-FR/history/2024/05/16_fr-FR.md
[09:22:26] Start geting global Bing Wallpaper, region=de-DE, local time is 2024-05-16 11:22:26.820842+02:00
[09:22:26] Successful get url: https://www.bing.com/th?id=OHR.DayOfLight_DE-DE0376737244_UHD.jpg
[09:22:27] Picture infomations saved to  global/de-DE/README.md
[09:22:27] Picture infomations saved to global/de-DE/history/2024/05/16_de-DE.md
[09:22:27] Start geting global Bing Wallpaper, region=en-CA, local time is 2024-05-16 05:22:27.014344-04:00
[09:22:27] Successful get url: https://www.bing.com/th?id=OHR.DayOfLight_EN-CA8566531785_UHD.jpg
[09:22:27] Picture infomations saved to  global/en-CA/README.md
[09:22:27] Picture infomations saved to global/en-CA/history/2024/05/17_en-CA.md
[09:22:27] Start geting global Bing Wallpaper, region=en-GB, local time is 2024-05-16 10:22:27.187028+01:00
[09:22:27] Successful get url: https://www.bing.com/th?id=OHR.DayOfLight_EN-GB6642931428_UHD.jpg
[09:22:27] Picture infomations saved to  global/en-GB/README.md
[09:22:27] Picture infomations saved to global/en-GB/history/2024/05/16_en-GB.md
[09:22:27] Start geting global Bing Wallpaper, region=it-IT, local time is 2024-05-16 11:22:27.383912+02:00
[09:22:27] Successful get url: https://www.bing.com/th?id=OHR.DayOfLight_IT-IT0477712926_UHD.jpg
[09:22:27] Picture infomations saved to  global/it-IT/README.md
[09:22:27] Picture infomations saved to global/it-IT/history/2024/05/16_it-IT.md
[09:22:27] Start geting global Bing Wallpaper, region=es-ES, local time is 2024-05-16 11:22:27.569694+02:00
[09:22:27] Successful get url: https://www.bing.com/th?id=OHR.ParaglidingChampion_ES-ES1439141263_UHD.jpg
[09:22:27] Picture infomations saved to  global/es-ES/README.md
[09:22:27] Picture infomations saved to global/es-ES/history/2024/05/16_es-ES.md
[09:22:27] Start geting global Bing Wallpaper, region=fr-CA, local time is 2024-05-16 05:22:27.757170-04:00
[09:22:27] Successful get url: https://www.bing.com/th?id=OHR.DayOfLight_FR-CA3074317909_UHD.jpg
[09:22:27] Picture infomations saved to  global/fr-CA/README.md
[09:22:27] Picture infomations saved to global/fr-CA/history/2024/05/17_fr-CA.md
Program exit at 09:22:27
