
Program started at 09:23:47
Operating System Name: Linux
Operating System Version: #19~22.04.2-Ubuntu SMP Thu Mar 21 16:45:46 UTC 2024
System Architecture: ('64bit', 'ELF')
Computer Type: x86_64
Computer Name: fv-az2021-818
Processor Type: x86_64
Python Version: 3.12.3
Python Interpreter Name: CPython
[09:23:47] Start geting CN Bing Wallpaper
[09:23:48] Successful get url: https://www.bing.com/th?id=OHR.NamibiaCanyon_ZH-CN3973338246_UHD.jpg
[09:23:48] Image saved to img/background.jpg
[09:23:48] Info saved to README.md
[09:23:48] Image saved to history/2024/05/13.md
[09:23:48] Start geting global Bing Wallpaper, region=en-US, local time is 2024-05-13 05:23:48.214939-04:00
[09:23:48] Successful get url: https://www.bing.com/th?id=OHR.NamibiaCanyon_EN-US1337379319_UHD.jpg
[09:23:48] Picture infomations saved to  global/en-US/README.md
[09:23:48] Picture infomations saved to global/en-US/history/2024/05/14_en-US.md
[09:23:48] Start geting global Bing Wallpaper, region=ja-JP, local time is 2024-05-13 18:23:48.515114+09:00
[09:23:48] Successful get url: https://www.bing.com/th?id=OHR.NamibiaCanyon_JA-JP0410618255_UHD.jpg
[09:23:48] Picture infomations saved to  global/ja-JP/README.md
[09:23:48] Picture infomations saved to global/ja-JP/history/2024/05/13_ja-JP.md
[09:23:48] Start geting global Bing Wallpaper, region=en-IN, local time is 2024-05-13 14:53:48.804515+05:30
[09:23:48] Successful get url: https://www.bing.com/th?id=OHR.NamibiaCanyon_EN-IN2812270328_UHD.jpg
[09:23:49] Picture infomations saved to  global/en-IN/README.md
[09:23:49] Picture infomations saved to global/en-IN/history/2024/05/13_en-IN.md
[09:23:49] Start geting global Bing Wallpaper, region=pt-BR, local time is 2024-05-13 06:23:49.024462-03:00
[09:23:49] Successful get url: https://www.bing.com/th?id=OHR.NamibiaCanyon_PT-BR7314875835_UHD.jpg
[09:23:49] Picture infomations saved to  global/pt-BR/README.md
[09:23:49] Picture infomations saved to global/pt-BR/history/2024/05/14_pt-BR.md
[09:23:49] Start geting global Bing Wallpaper, region=fr-FR, local time is 2024-05-13 11:23:49.319351+02:00
[09:23:49] Successful get url: https://www.bing.com/th?id=OHR.NamibiaCanyon_FR-FR1473160217_UHD.jpg
[09:23:49] Picture infomations saved to  global/fr-FR/README.md
[09:23:49] Picture infomations saved to global/fr-FR/history/2024/05/13_fr-FR.md
[09:23:49] Start geting global Bing Wallpaper, region=de-DE, local time is 2024-05-13 11:23:49.668699+02:00
[09:23:49] Successful get url: https://www.bing.com/th?id=OHR.NamibiaCanyon_DE-DE8827731731_UHD.jpg
[09:23:49] Picture infomations saved to  global/de-DE/README.md
[09:23:49] Picture infomations saved to global/de-DE/history/2024/05/13_de-DE.md
[09:23:49] Start geting global Bing Wallpaper, region=en-CA, local time is 2024-05-13 05:23:49.991180-04:00
[09:23:50] Successful get url: https://www.bing.com/th?id=OHR.NamibiaCanyon_EN-CA8189857469_UHD.jpg
[09:23:50] Picture infomations saved to  global/en-CA/README.md
[09:23:50] Picture infomations saved to global/en-CA/history/2024/05/14_en-CA.md
[09:23:50] Start geting global Bing Wallpaper, region=en-GB, local time is 2024-05-13 10:23:50.275348+01:00
[09:23:50] Successful get url: https://www.bing.com/th?id=OHR.NamibiaCanyon_EN-GB4973769370_UHD.jpg
[09:23:50] Picture infomations saved to  global/en-GB/README.md
[09:23:50] Picture infomations saved to global/en-GB/history/2024/05/13_en-GB.md
[09:23:50] Start geting global Bing Wallpaper, region=it-IT, local time is 2024-05-13 11:23:50.455060+02:00
[09:23:50] Successful get url: https://www.bing.com/th?id=OHR.NamibiaCanyon_IT-IT9781699785_UHD.jpg
[09:23:50] Picture infomations saved to  global/it-IT/README.md
[09:23:50] Picture infomations saved to global/it-IT/history/2024/05/13_it-IT.md
[09:23:50] Start geting global Bing Wallpaper, region=es-ES, local time is 2024-05-13 11:23:50.708455+02:00
[09:23:50] Successful get url: https://www.bing.com/th?id=OHR.NamibiaCanyon_ES-ES0636008379_UHD.jpg
[09:23:51] Picture infomations saved to  global/es-ES/README.md
[09:23:51] Picture infomations saved to global/es-ES/history/2024/05/13_es-ES.md
[09:23:51] Start geting global Bing Wallpaper, region=fr-CA, local time is 2024-05-13 05:23:51.160729-04:00
[09:23:51] Successful get url: https://www.bing.com/th?id=OHR.NamibiaCanyon_FR-CA2544302315_UHD.jpg
[09:23:51] Picture infomations saved to  global/fr-CA/README.md
[09:23:51] Picture infomations saved to global/fr-CA/history/2024/05/14_fr-CA.md
Program exit at 09:23:51

Program started at 16:14:04
Operating System Name: Linux
Operating System Version: #19~22.04.2-Ubuntu SMP Thu Mar 21 16:45:46 UTC 2024
System Architecture: ('64bit', 'ELF')
Computer Type: x86_64
Computer Name: fv-az979-264
Processor Type: x86_64
Python Version: 3.12.3
Python Interpreter Name: CPython
[16:14:04] Start geting CN Bing Wallpaper
[16:14:04] Successful get url: https://www.bing.com/th?id=OHR.CarlsbadNP_ZH-CN4136753542_UHD.jpg
[16:14:04] Image saved to img/background.jpg
[16:14:04] Info saved to README.md
[16:14:04] Image saved to history/2024/05/14.md
[16:14:04] Start geting global Bing Wallpaper, region=en-US, local time is 2024-05-13 12:14:04.609372-04:00
[16:14:04] Successful get url: https://www.bing.com/th?id=OHR.NamibiaCanyon_EN-US1337379319_UHD.jpg
[16:14:04] Picture infomations saved to  global/en-US/README.md
[16:14:04] Picture infomations saved to global/en-US/history/2024/05/14_en-US.md
[16:14:04] Start geting global Bing Wallpaper, region=ja-JP, local time is 2024-05-14 01:14:04.821293+09:00
[16:14:04] Successful get url: https://www.bing.com/th?id=OHR.CarlsbadNP_JA-JP0802484908_UHD.jpg
[16:14:05] Picture infomations saved to  global/ja-JP/README.md
[16:14:05] Picture infomations saved to global/ja-JP/history/2024/05/14_ja-JP.md
[16:14:05] Start geting global Bing Wallpaper, region=en-IN, local time is 2024-05-13 21:44:05.161268+05:30
[16:14:05] Successful get url: https://www.bing.com/th?id=OHR.NamibiaCanyon_EN-IN2812270328_UHD.jpg
[16:14:05] Picture infomations saved to  global/en-IN/README.md
[16:14:05] Picture infomations saved to global/en-IN/history/2024/05/13_en-IN.md
[16:14:05] Start geting global Bing Wallpaper, region=pt-BR, local time is 2024-05-13 13:14:05.399618-03:00
[16:14:05] Successful get url: https://www.bing.com/th?id=OHR.NamibiaCanyon_PT-BR7314875835_UHD.jpg
[16:14:05] Picture infomations saved to  global/pt-BR/README.md
[16:14:05] Picture infomations saved to global/pt-BR/history/2024/05/14_pt-BR.md
[16:14:05] Start geting global Bing Wallpaper, region=fr-FR, local time is 2024-05-13 18:14:05.712940+02:00
[16:14:05] Successful get url: https://www.bing.com/th?id=OHR.NamibiaCanyon_FR-FR1473160217_UHD.jpg
[16:14:06] Picture infomations saved to  global/fr-FR/README.md
[16:14:06] Picture infomations saved to global/fr-FR/history/2024/05/13_fr-FR.md
[16:14:06] Start geting global Bing Wallpaper, region=de-DE, local time is 2024-05-13 18:14:06.043913+02:00
[16:14:06] Successful get url: https://www.bing.com/th?id=OHR.NamibiaCanyon_DE-DE8827731731_UHD.jpg
[16:14:06] Picture infomations saved to  global/de-DE/README.md
[16:14:06] Picture infomations saved to global/de-DE/history/2024/05/13_de-DE.md
[16:14:06] Start geting global Bing Wallpaper, region=en-CA, local time is 2024-05-13 12:14:06.293596-04:00
[16:14:06] Successful get url: https://www.bing.com/th?id=OHR.NamibiaCanyon_EN-CA8189857469_UHD.jpg
[16:14:06] Picture infomations saved to  global/en-CA/README.md
[16:14:06] Picture infomations saved to global/en-CA/history/2024/05/14_en-CA.md
[16:14:06] Start geting global Bing Wallpaper, region=en-GB, local time is 2024-05-13 17:14:06.455527+01:00
[16:14:06] Successful get url: https://www.bing.com/th?id=OHR.NamibiaCanyon_EN-GB4973769370_UHD.jpg
[16:14:06] Picture infomations saved to  global/en-GB/README.md
[16:14:06] Picture infomations saved to global/en-GB/history/2024/05/13_en-GB.md
[16:14:06] Start geting global Bing Wallpaper, region=it-IT, local time is 2024-05-13 18:14:06.621407+02:00
[16:14:06] Successful get url: https://www.bing.com/th?id=OHR.NamibiaCanyon_IT-IT9781699785_UHD.jpg
[16:14:06] Picture infomations saved to  global/it-IT/README.md
[16:14:06] Picture infomations saved to global/it-IT/history/2024/05/13_it-IT.md
[16:14:06] Start geting global Bing Wallpaper, region=es-ES, local time is 2024-05-13 18:14:06.785495+02:00
[16:14:06] Successful get url: https://www.bing.com/th?id=OHR.NamibiaCanyon_ES-ES0636008379_UHD.jpg
[16:14:07] Picture infomations saved to  global/es-ES/README.md
[16:14:07] Picture infomations saved to global/es-ES/history/2024/05/13_es-ES.md
[16:14:07] Start geting global Bing Wallpaper, region=fr-CA, local time is 2024-05-13 12:14:07.127011-04:00
[16:14:07] Successful get url: https://www.bing.com/th?id=OHR.NamibiaCanyon_FR-CA2544302315_UHD.jpg
[16:14:07] Picture infomations saved to  global/fr-CA/README.md
[16:14:07] Picture infomations saved to global/fr-CA/history/2024/05/14_fr-CA.md
Program exit at 16:14:07
