
Program started at 09:25:07
Operating System Name: Linux
Operating System Version: #19~22.04.2-Ubuntu SMP Thu Mar 21 16:45:46 UTC 2024
System Architecture: ('64bit', 'ELF')
Computer Type: x86_64
Computer Name: fv-az1114-78
Processor Type: x86_64
Python Version: 3.12.3
Python Interpreter Name: CPython
[09:25:07] Start geting CN Bing Wallpaper
[09:25:07] Successful get url: https://www.bing.com/th?id=OHR.BlueCityIndia_ZH-CN4275229255_UHD.jpg
[09:25:07] Image saved to img/background.jpg
[09:25:07] Info saved to README.md
[09:25:07] Image saved to history/2024/05/15.md
[09:25:07] Start geting global Bing Wallpaper, region=en-US, local time is 2024-05-15 05:25:07.526208-04:00
[09:25:07] Successful get url: https://www.bing.com/th?id=OHR.BlueCityIndia_EN-US1593809891_UHD.jpg
[09:25:07] Picture infomations saved to  global/en-US/README.md
[09:25:07] Picture infomations saved to global/en-US/history/2024/05/16_en-US.md
[09:25:07] Start geting global Bing Wallpaper, region=ja-JP, local time is 2024-05-15 18:25:07.690375+09:00
[09:25:07] Successful get url: https://www.bing.com/th?id=OHR.AoiMatsuri2024_JA-JP1018506374_UHD.jpg
[09:25:07] Picture infomations saved to  global/ja-JP/README.md
[09:25:07] Picture infomations saved to global/ja-JP/history/2024/05/15_ja-JP.md
[09:25:07] Start geting global Bing Wallpaper, region=en-IN, local time is 2024-05-15 14:55:07.902180+05:30
[09:25:08] Successful get url: https://www.bing.com/th?id=OHR.BlueCityIndia_EN-IN3177982227_UHD.jpg
[09:25:08] Picture infomations saved to  global/en-IN/README.md
[09:25:08] Picture infomations saved to global/en-IN/history/2024/05/15_en-IN.md
[09:25:08] Start geting global Bing Wallpaper, region=pt-BR, local time is 2024-05-15 06:25:08.335953-03:00
[09:25:08] Successful get url: https://www.bing.com/th?id=OHR.BlueCityIndia_PT-BR7765486791_UHD.jpg
[09:25:08] Picture infomations saved to  global/pt-BR/README.md
[09:25:08] Picture infomations saved to global/pt-BR/history/2024/05/16_pt-BR.md
[09:25:08] Start geting global Bing Wallpaper, region=fr-FR, local time is 2024-05-15 11:25:08.544864+02:00
[09:25:08] Successful get url: https://www.bing.com/th?id=OHR.BlueCityIndia_FR-FR2415111297_UHD.jpg
[09:25:08] Picture infomations saved to  global/fr-FR/README.md
[09:25:08] Picture infomations saved to global/fr-FR/history/2024/05/15_fr-FR.md
[09:25:08] Start geting global Bing Wallpaper, region=de-DE, local time is 2024-05-15 11:25:08.734249+02:00
[09:25:08] Successful get url: https://www.bing.com/th?id=OHR.RiverNekarHeidelberg_DE-DE0017451449_UHD.jpg
[09:25:08] Picture infomations saved to  global/de-DE/README.md
[09:25:08] Picture infomations saved to global/de-DE/history/2024/05/15_de-DE.md
[09:25:08] Start geting global Bing Wallpaper, region=en-CA, local time is 2024-05-15 05:25:08.950262-04:00
[09:25:09] Successful get url: https://www.bing.com/th?id=OHR.BlueCityIndia_EN-CA8486097428_UHD.jpg
[09:25:09] Picture infomations saved to  global/en-CA/README.md
[09:25:09] Picture infomations saved to global/en-CA/history/2024/05/16_en-CA.md
[09:25:09] Start geting global Bing Wallpaper, region=en-GB, local time is 2024-05-15 10:25:09.162256+01:00
[09:25:09] Successful get url: https://www.bing.com/th?id=OHR.BlueCityIndia_EN-GB6388449012_UHD.jpg
[09:25:09] Picture infomations saved to  global/en-GB/README.md
[09:25:09] Picture infomations saved to global/en-GB/history/2024/05/15_en-GB.md
[09:25:09] Start geting global Bing Wallpaper, region=it-IT, local time is 2024-05-15 11:25:09.369314+02:00
[09:25:09] Successful get url: https://www.bing.com/th?id=OHR.BlueCityIndia_IT-IT7121297677_UHD.jpg
[09:25:09] Picture infomations saved to  global/it-IT/README.md
[09:25:09] Picture infomations saved to global/it-IT/history/2024/05/15_it-IT.md
[09:25:09] Start geting global Bing Wallpaper, region=es-ES, local time is 2024-05-15 11:25:09.656965+02:00
[09:25:09] Successful get url: https://www.bing.com/th?id=OHR.BlueCityIndia_ES-ES0873677345_UHD.jpg
[09:25:09] Picture infomations saved to  global/es-ES/README.md
[09:25:09] Picture infomations saved to global/es-ES/history/2024/05/15_es-ES.md
[09:25:09] Start geting global Bing Wallpaper, region=fr-CA, local time is 2024-05-15 05:25:09.868988-04:00
[09:25:09] Successful get url: https://www.bing.com/th?id=OHR.BlueCityIndia_FR-CA2855187292_UHD.jpg
[09:25:10] Picture infomations saved to  global/fr-CA/README.md
[09:25:10] Picture infomations saved to global/fr-CA/history/2024/05/16_fr-CA.md
Program exit at 09:25:10

Program started at 16:12:19
Operating System Name: Linux
Operating System Version: #22~22.04.1-Ubuntu SMP Tue Apr 30 16:08:18 UTC 2024
System Architecture: ('64bit', 'ELF')
Computer Type: x86_64
Computer Name: fv-az885-531
Processor Type: x86_64
Python Version: 3.12.3
Python Interpreter Name: CPython
[16:12:19] Start geting CN Bing Wallpaper
[16:12:19] Successful get url: https://www.bing.com/th?id=OHR.ReconquistaVigo_ZH-CN4619580424_UHD.jpg
[16:12:19] Image saved to img/background.jpg
[16:12:19] Info saved to README.md
[16:12:19] Image saved to history/2024/05/16.md
[16:12:19] Start geting global Bing Wallpaper, region=en-US, local time is 2024-05-15 12:12:19.755225-04:00
[16:12:19] Successful get url: https://www.bing.com/th?id=OHR.BlueCityIndia_EN-US1593809891_UHD.jpg
[16:12:19] Picture infomations saved to  global/en-US/README.md
[16:12:19] Picture infomations saved to global/en-US/history/2024/05/16_en-US.md
[16:12:19] Start geting global Bing Wallpaper, region=ja-JP, local time is 2024-05-16 01:12:19.994332+09:00
[16:12:20] Successful get url: https://www.bing.com/th?id=OHR.DayOfLight_JA-JP1257596439_UHD.jpg
[16:12:20] Picture infomations saved to  global/ja-JP/README.md
[16:12:20] Picture infomations saved to global/ja-JP/history/2024/05/16_ja-JP.md
[16:12:20] Start geting global Bing Wallpaper, region=en-IN, local time is 2024-05-15 21:42:20.252136+05:30
[16:12:20] Successful get url: https://www.bing.com/th?id=OHR.BlueCityIndia_EN-IN3177982227_UHD.jpg
[16:12:20] Picture infomations saved to  global/en-IN/README.md
[16:12:20] Picture infomations saved to global/en-IN/history/2024/05/15_en-IN.md
[16:12:20] Start geting global Bing Wallpaper, region=pt-BR, local time is 2024-05-15 13:12:20.502215-03:00
[16:12:20] Successful get url: https://www.bing.com/th?id=OHR.BlueCityIndia_PT-BR7765486791_UHD.jpg
[16:12:20] Picture infomations saved to  global/pt-BR/README.md
[16:12:20] Picture infomations saved to global/pt-BR/history/2024/05/16_pt-BR.md
[16:12:20] Start geting global Bing Wallpaper, region=fr-FR, local time is 2024-05-15 18:12:20.707910+02:00
[16:12:20] Successful get url: https://www.bing.com/th?id=OHR.BlueCityIndia_FR-FR2415111297_UHD.jpg
[16:12:20] Picture infomations saved to  global/fr-FR/README.md
[16:12:20] Picture infomations saved to global/fr-FR/history/2024/05/15_fr-FR.md
[16:12:20] Start geting global Bing Wallpaper, region=de-DE, local time is 2024-05-15 18:12:20.919320+02:00
[16:12:20] Successful get url: https://www.bing.com/th?id=OHR.RiverNekarHeidelberg_DE-DE0017451449_UHD.jpg
[16:12:21] Picture infomations saved to  global/de-DE/README.md
[16:12:21] Picture infomations saved to global/de-DE/history/2024/05/15_de-DE.md
[16:12:21] Start geting global Bing Wallpaper, region=en-CA, local time is 2024-05-15 12:12:21.286048-04:00
[16:12:21] Successful get url: https://www.bing.com/th?id=OHR.BlueCityIndia_EN-CA8486097428_UHD.jpg
[16:12:21] Picture infomations saved to  global/en-CA/README.md
[16:12:21] Picture infomations saved to global/en-CA/history/2024/05/16_en-CA.md
[16:12:21] Start geting global Bing Wallpaper, region=en-GB, local time is 2024-05-15 17:12:21.513485+01:00
[16:12:21] Successful get url: https://www.bing.com/th?id=OHR.BlueCityIndia_EN-GB6388449012_UHD.jpg
[16:12:21] Picture infomations saved to  global/en-GB/README.md
[16:12:21] Picture infomations saved to global/en-GB/history/2024/05/15_en-GB.md
[16:12:21] Start geting global Bing Wallpaper, region=it-IT, local time is 2024-05-15 18:12:21.880461+02:00
[16:12:21] Successful get url: https://www.bing.com/th?id=OHR.BlueCityIndia_IT-IT7121297677_UHD.jpg
[16:12:22] Picture infomations saved to  global/it-IT/README.md
[16:12:22] Picture infomations saved to global/it-IT/history/2024/05/15_it-IT.md
[16:12:22] Start geting global Bing Wallpaper, region=es-ES, local time is 2024-05-15 18:12:22.137080+02:00
[16:12:22] Successful get url: https://www.bing.com/th?id=OHR.BlueCityIndia_ES-ES0873677345_UHD.jpg
[16:12:22] Picture infomations saved to  global/es-ES/README.md
[16:12:22] Picture infomations saved to global/es-ES/history/2024/05/15_es-ES.md
[16:12:22] Start geting global Bing Wallpaper, region=fr-CA, local time is 2024-05-15 12:12:22.342398-04:00
[16:12:22] Successful get url: https://www.bing.com/th?id=OHR.BlueCityIndia_FR-CA2855187292_UHD.jpg
[16:12:22] Picture infomations saved to  global/fr-CA/README.md
[16:12:22] Picture infomations saved to global/fr-CA/history/2024/05/16_fr-CA.md
Program exit at 16:12:22
