
Program started at 09:23:13
Operating System Name: Linux
Operating System Version: #19~22.04.2-Ubuntu SMP Thu Mar 21 16:45:46 UTC 2024
System Architecture: ('64bit', 'ELF')
Computer Type: x86_64
Computer Name: fv-az1014-424
Processor Type: x86_64
Python Version: 3.12.3
Python Interpreter Name: CPython
[09:23:13] Start geting CN Bing Wallpaper
[09:23:13] Successful get url: https://www.bing.com/th?id=OHR.EmirganPark_ZH-CN3394557999_UHD.jpg
[09:23:13] Image saved to img/background.jpg
[09:23:13] Info saved to README.md
[09:23:13] Image saved to history/2024/05/09.md
[09:23:13] Start geting global Bing Wallpaper, region=en-US, local time is 2024-05-09 05:23:13.471851-04:00
[09:23:13] Successful get url: https://www.bing.com/th?id=OHR.EmirganPark_EN-US0659286862_UHD.jpg
[09:23:13] Picture infomations saved to  global/en-US/README.md
[09:23:13] Picture infomations saved to global/en-US/history/2024/05/10_en-US.md
[09:23:13] Start geting global Bing Wallpaper, region=ja-JP, local time is 2024-05-09 18:23:13.701682+09:00
[09:23:13] Successful get url: https://www.bing.com/th?id=OHR.EmirganPark_JA-JP9127414605_UHD.jpg
[09:23:13] Picture infomations saved to  global/ja-JP/README.md
[09:23:13] Picture infomations saved to global/ja-JP/history/2024/05/09_ja-JP.md
[09:23:13] Start geting global Bing Wallpaper, region=en-IN, local time is 2024-05-09 14:53:13.920050+05:30
[09:23:13] Successful get url: https://www.bing.com/th?id=OHR.EmirganPark_EN-IN1713260535_UHD.jpg
[09:23:14] Picture infomations saved to  global/en-IN/README.md
[09:23:14] Picture infomations saved to global/en-IN/history/2024/05/09_en-IN.md
[09:23:14] Start geting global Bing Wallpaper, region=pt-BR, local time is 2024-05-09 06:23:14.134120-03:00
[09:23:14] Successful get url: https://www.bing.com/th?id=OHR.EmirganPark_PT-BR9433604698_UHD.jpg
[09:23:14] Picture infomations saved to  global/pt-BR/README.md
[09:23:14] Picture infomations saved to global/pt-BR/history/2024/05/10_pt-BR.md
[09:23:14] Start geting global Bing Wallpaper, region=fr-FR, local time is 2024-05-09 11:23:14.339137+02:00
[09:23:14] Successful get url: https://www.bing.com/th?id=OHR.EmirganPark_FR-FR7936573020_UHD.jpg
[09:23:14] Picture infomations saved to  global/fr-FR/README.md
[09:23:14] Picture infomations saved to global/fr-FR/history/2024/05/09_fr-FR.md
[09:23:14] Start geting global Bing Wallpaper, region=de-DE, local time is 2024-05-09 11:23:14.552479+02:00
[09:23:14] Successful get url: https://www.bing.com/th?id=OHR.EmirganPark_DE-DE6431860562_UHD.jpg
[09:23:14] Picture infomations saved to  global/de-DE/README.md
[09:23:14] Picture infomations saved to global/de-DE/history/2024/05/09_de-DE.md
[09:23:14] Start geting global Bing Wallpaper, region=en-CA, local time is 2024-05-09 05:23:14.786393-04:00
[09:23:14] Successful get url: https://www.bing.com/th?id=OHR.MisoolRajaAmpat_EN-CA9137654877_UHD.jpg
[09:23:14] Picture infomations saved to  global/en-CA/README.md
[09:23:14] Picture infomations saved to global/en-CA/history/2024/05/10_en-CA.md
[09:23:14] Start geting global Bing Wallpaper, region=en-GB, local time is 2024-05-09 10:23:14.966723+01:00
[09:23:15] Successful get url: https://www.bing.com/th?id=OHR.EmirganPark_EN-GB1032868040_UHD.jpg
[09:23:15] Picture infomations saved to  global/en-GB/README.md
[09:23:15] Picture infomations saved to global/en-GB/history/2024/05/09_en-GB.md
[09:23:15] Start geting global Bing Wallpaper, region=it-IT, local time is 2024-05-09 11:23:15.174089+02:00
[09:23:15] Successful get url: https://www.bing.com/th?id=OHR.EmirganPark_IT-IT4111429731_UHD.jpg
[09:23:15] Picture infomations saved to  global/it-IT/README.md
[09:23:15] Picture infomations saved to global/it-IT/history/2024/05/09_it-IT.md
[09:23:15] Start geting global Bing Wallpaper, region=es-ES, local time is 2024-05-09 11:23:15.381322+02:00
[09:23:15] Successful get url: https://www.bing.com/th?id=OHR.EmirganPark_ES-ES9914635788_UHD.jpg
[09:23:15] Picture infomations saved to  global/es-ES/README.md
[09:23:15] Picture infomations saved to global/es-ES/history/2024/05/09_es-ES.md
[09:23:15] Start geting global Bing Wallpaper, region=fr-CA, local time is 2024-05-09 05:23:15.585753-04:00
[09:23:15] Successful get url: https://www.bing.com/th?id=OHR.EmirganPark_FR-CA1994360885_UHD.jpg
[09:23:15] Picture infomations saved to  global/fr-CA/README.md
[09:23:15] Picture infomations saved to global/fr-CA/history/2024/05/10_fr-CA.md
Program exit at 09:23:15

Program started at 16:12:00
Operating System Name: Linux
Operating System Version: #19~22.04.2-Ubuntu SMP Thu Mar 21 16:45:46 UTC 2024
System Architecture: ('64bit', 'ELF')
Computer Type: x86_64
Computer Name: fv-az914-909
Processor Type: x86_64
Python Version: 3.12.3
Python Interpreter Name: CPython
[16:12:00] Start geting CN Bing Wallpaper
[16:12:00] Successful get url: https://www.bing.com/th?id=OHR.MisoolRajaAmpat_ZH-CN3557473032_UHD.jpg
[16:12:00] Image saved to img/background.jpg
[16:12:00] Info saved to README.md
[16:12:00] Image saved to history/2024/05/10.md
[16:12:00] Start geting global Bing Wallpaper, region=en-US, local time is 2024-05-09 12:12:00.575653-04:00
[16:12:00] Successful get url: https://www.bing.com/th?id=OHR.EmirganPark_EN-US0659286862_UHD.jpg
[16:12:00] Picture infomations saved to  global/en-US/README.md
[16:12:00] Picture infomations saved to global/en-US/history/2024/05/10_en-US.md
[16:12:00] Start geting global Bing Wallpaper, region=ja-JP, local time is 2024-05-10 01:12:00.833996+09:00
[16:12:00] Successful get url: https://www.bing.com/th?id=OHR.MisoolRajaAmpat_JA-JP9378923555_UHD.jpg
[16:12:01] Picture infomations saved to  global/ja-JP/README.md
[16:12:01] Picture infomations saved to global/ja-JP/history/2024/05/10_ja-JP.md
[16:12:01] Start geting global Bing Wallpaper, region=en-IN, local time is 2024-05-09 21:42:01.109773+05:30
[16:12:01] Successful get url: https://www.bing.com/th?id=OHR.EmirganPark_EN-IN1713260535_UHD.jpg
[16:12:01] Picture infomations saved to  global/en-IN/README.md
[16:12:01] Picture infomations saved to global/en-IN/history/2024/05/09_en-IN.md
[16:12:01] Start geting global Bing Wallpaper, region=pt-BR, local time is 2024-05-09 13:12:01.379999-03:00
[16:12:01] Successful get url: https://www.bing.com/th?id=OHR.EmirganPark_PT-BR9433604698_UHD.jpg
[16:12:01] Picture infomations saved to  global/pt-BR/README.md
[16:12:01] Picture infomations saved to global/pt-BR/history/2024/05/10_pt-BR.md
[16:12:01] Start geting global Bing Wallpaper, region=fr-FR, local time is 2024-05-09 18:12:01.653411+02:00
[16:12:01] Successful get url: https://www.bing.com/th?id=OHR.EmirganPark_FR-FR7936573020_UHD.jpg
[16:12:01] Picture infomations saved to  global/fr-FR/README.md
[16:12:01] Picture infomations saved to global/fr-FR/history/2024/05/09_fr-FR.md
[16:12:01] Start geting global Bing Wallpaper, region=de-DE, local time is 2024-05-09 18:12:01.945584+02:00
[16:12:02] Successful get url: https://www.bing.com/th?id=OHR.EmirganPark_DE-DE6431860562_UHD.jpg
[16:12:02] Picture infomations saved to  global/de-DE/README.md
[16:12:02] Picture infomations saved to global/de-DE/history/2024/05/09_de-DE.md
[16:12:02] Start geting global Bing Wallpaper, region=en-CA, local time is 2024-05-09 12:12:02.379384-04:00
[16:12:02] Successful get url: https://www.bing.com/th?id=OHR.MisoolRajaAmpat_EN-CA9137654877_UHD.jpg
[16:12:02] Picture infomations saved to  global/en-CA/README.md
[16:12:02] Picture infomations saved to global/en-CA/history/2024/05/10_en-CA.md
[16:12:02] Start geting global Bing Wallpaper, region=en-GB, local time is 2024-05-09 17:12:02.661405+01:00
[16:12:02] Successful get url: https://www.bing.com/th?id=OHR.EmirganPark_EN-GB1032868040_UHD.jpg
[16:12:02] Picture infomations saved to  global/en-GB/README.md
[16:12:02] Picture infomations saved to global/en-GB/history/2024/05/09_en-GB.md
[16:12:02] Start geting global Bing Wallpaper, region=it-IT, local time is 2024-05-09 18:12:02.960288+02:00
[16:12:03] Successful get url: https://www.bing.com/th?id=OHR.EmirganPark_IT-IT4111429731_UHD.jpg
[16:12:03] Picture infomations saved to  global/it-IT/README.md
[16:12:03] Picture infomations saved to global/it-IT/history/2024/05/09_it-IT.md
[16:12:03] Start geting global Bing Wallpaper, region=es-ES, local time is 2024-05-09 18:12:03.401085+02:00
[16:12:03] Successful get url: https://www.bing.com/th?id=OHR.EmirganPark_ES-ES9914635788_UHD.jpg
[16:12:03] Picture infomations saved to  global/es-ES/README.md
[16:12:03] Picture infomations saved to global/es-ES/history/2024/05/09_es-ES.md
[16:12:03] Start geting global Bing Wallpaper, region=fr-CA, local time is 2024-05-09 12:12:03.691811-04:00
[16:12:03] Successful get url: https://www.bing.com/th?id=OHR.EmirganPark_FR-CA1994360885_UHD.jpg
[16:12:04] Picture infomations saved to  global/fr-CA/README.md
[16:12:04] Picture infomations saved to global/fr-CA/history/2024/05/10_fr-CA.md
Program exit at 16:12:04
