
Program started at 09:23:34
Operating System Name: Linux
Operating System Version: #19~22.04.2-Ubuntu SMP Thu Mar 21 16:45:46 UTC 2024
System Architecture: ('64bit', 'ELF')
Computer Type: x86_64
Computer Name: fv-az665-906
Processor Type: x86_64
Python Version: 3.12.3
Python Interpreter Name: CPython
[09:23:34] Start geting CN Bing Wallpaper
[09:23:34] Successful get url: https://www.bing.com/th?id=OHR.SanMiguelAllende_ZH-CN1840507091_UHD.jpg
[09:23:34] Image saved to img/background.jpg
[09:23:34] Info saved to README.md
[09:23:34] Image saved to history/2024/05/05.md
[09:23:34] Start geting global Bing Wallpaper, region=en-US, local time is 2024-05-05 05:23:34.292977-04:00
[09:23:34] Successful get url: https://www.bing.com/th?id=OHR.SanMiguelAllende_EN-US9621237021_UHD.jpg
[09:23:34] Picture infomations saved to  global/en-US/README.md
[09:23:34] Picture infomations saved to global/en-US/history/2024/05/06_en-US.md
[09:23:34] Start geting global Bing Wallpaper, region=ja-JP, local time is 2024-05-05 18:23:34.533969+09:00
[09:23:34] Successful get url: https://www.bing.com/th?id=OHR.ChildrenDay2024_JA-JP8175282270_UHD.jpg
[09:23:34] Picture infomations saved to  global/ja-JP/README.md
[09:23:34] Picture infomations saved to global/ja-JP/history/2024/05/05_ja-JP.md
[09:23:34] Start geting global Bing Wallpaper, region=en-IN, local time is 2024-05-05 14:53:34.679063+05:30
[09:23:34] Successful get url: https://www.bing.com/th?id=OHR.KeralaRiver_EN-IN0661487977_UHD.jpg
[09:23:34] Picture infomations saved to  global/en-IN/README.md
[09:23:34] Picture infomations saved to global/en-IN/history/2024/05/05_en-IN.md
[09:23:34] Start geting global Bing Wallpaper, region=pt-BR, local time is 2024-05-05 06:23:34.829156-03:00
[09:23:34] Successful get url: https://www.bing.com/th?id=OHR.SanMiguelAllende_PT-BR8483156225_UHD.jpg
[09:23:34] Picture infomations saved to  global/pt-BR/README.md
[09:23:34] Picture infomations saved to global/pt-BR/history/2024/05/06_pt-BR.md
[09:23:34] Start geting global Bing Wallpaper, region=fr-FR, local time is 2024-05-05 11:23:34.980971+02:00
[09:23:35] Successful get url: https://www.bing.com/th?id=OHR.SanMiguelAllende_FR-FR6896201862_UHD.jpg
[09:23:35] Picture infomations saved to  global/fr-FR/README.md
[09:23:35] Picture infomations saved to global/fr-FR/history/2024/05/05_fr-FR.md
[09:23:35] Start geting global Bing Wallpaper, region=de-DE, local time is 2024-05-05 11:23:35.138121+02:00
[09:23:35] Successful get url: https://www.bing.com/th?id=OHR.SanMiguelAllende_DE-DE2308730889_UHD.jpg
[09:23:35] Picture infomations saved to  global/de-DE/README.md
[09:23:35] Picture infomations saved to global/de-DE/history/2024/05/05_de-DE.md
[09:23:35] Start geting global Bing Wallpaper, region=en-CA, local time is 2024-05-05 05:23:35.344953-04:00
[09:23:35] Successful get url: https://www.bing.com/th?id=OHR.KalalochTree_EN-CA6384901158_UHD.jpg
[09:23:35] Picture infomations saved to  global/en-CA/README.md
[09:23:35] Picture infomations saved to global/en-CA/history/2024/05/06_en-CA.md
[09:23:35] Start geting global Bing Wallpaper, region=en-GB, local time is 2024-05-05 10:23:35.489423+01:00
[09:23:35] Successful get url: https://www.bing.com/th?id=OHR.SanMiguelAllende_EN-GB7729877471_UHD.jpg
[09:23:35] Picture infomations saved to  global/en-GB/README.md
[09:23:35] Picture infomations saved to global/en-GB/history/2024/05/05_en-GB.md
[09:23:35] Start geting global Bing Wallpaper, region=it-IT, local time is 2024-05-05 11:23:35.701884+02:00
[09:23:35] Successful get url: https://www.bing.com/th?id=OHR.OrkneyStones_IT-IT2078101217_UHD.jpg
[09:23:35] Picture infomations saved to  global/it-IT/README.md
[09:23:35] Picture infomations saved to global/it-IT/history/2024/05/05_it-IT.md
[09:23:35] Start geting global Bing Wallpaper, region=es-ES, local time is 2024-05-05 11:23:35.854235+02:00
[09:23:35] Successful get url: https://www.bing.com/th?id=OHR.GuanacoMother_ES-ES1631881267_UHD.jpg
[09:23:35] Picture infomations saved to  global/es-ES/README.md
[09:23:35] Picture infomations saved to global/es-ES/history/2024/05/05_es-ES.md
[09:23:35] Start geting global Bing Wallpaper, region=fr-CA, local time is 2024-05-05 05:23:35.997346-04:00
[09:23:36] Successful get url: https://www.bing.com/th?id=OHR.SanMiguelAllende_FR-CA8646700172_UHD.jpg
[09:23:36] Picture infomations saved to  global/fr-CA/README.md
[09:23:36] Picture infomations saved to global/fr-CA/history/2024/05/06_fr-CA.md
Program exit at 09:23:36
