
Program started at 09:26:16
Operating System Name: Linux
Operating System Version: #22~22.04.1-Ubuntu SMP Tue Apr 30 16:08:18 UTC 2024
System Architecture: ('64bit', 'ELF')
Computer Type: x86_64
Computer Name: fv-az842-876
Processor Type: x86_64
Python Version: 3.12.3
Python Interpreter Name: CPython
[09:26:16] Start geting CN Bing Wallpaper
[09:26:16] Successful get url: https://www.bing.com/th?id=OHR.YorkshireDalesNP_ZH-CN0775378262_UHD.jpg
[09:26:16] Image saved to img/background.jpg
[09:26:16] Info saved to README.md
[09:26:16] Image saved to history/2024/05/31.md
[09:26:16] Start geting global Bing Wallpaper, region=en-US, local time is 2024-05-31 05:26:17.002072-04:00
[09:26:17] Successful get url: https://www.bing.com/th?id=OHR.YorkshireDalesNP_EN-US6104560581_UHD.jpg
[09:26:17] Picture infomations saved to  global/en-US/README.md
[09:26:17] Picture infomations saved to global/en-US/history/2024/06/01_en-US.md
[09:26:17] Start geting global Bing Wallpaper, region=ja-JP, local time is 2024-05-31 18:26:17.199123+09:00
[09:26:17] Successful get url: https://www.bing.com/th?id=OHR.YorkshireDalesNP_JA-JP2753526222_UHD.jpg
[09:26:17] Picture infomations saved to  global/ja-JP/README.md
[09:26:17] Picture infomations saved to global/ja-JP/history/2024/05/31_ja-JP.md
[09:26:17] Start geting global Bing Wallpaper, region=en-IN, local time is 2024-05-31 14:56:17.742791+05:30
[09:26:17] Successful get url: https://www.bing.com/th?id=OHR.YorkshireDalesNP_EN-IN4566883981_UHD.jpg
[09:26:17] Picture infomations saved to  global/en-IN/README.md
[09:26:17] Picture infomations saved to global/en-IN/history/2024/05/31_en-IN.md
[09:26:17] Start geting global Bing Wallpaper, region=pt-BR, local time is 2024-05-31 06:26:17.904355-03:00
[09:26:17] Successful get url: https://www.bing.com/th?id=OHR.YorkshireDalesNP_PT-BR5805097424_UHD.jpg
[09:26:18] Picture infomations saved to  global/pt-BR/README.md
[09:26:18] Picture infomations saved to global/pt-BR/history/2024/06/01_pt-BR.md
[09:26:18] Start geting global Bing Wallpaper, region=fr-FR, local time is 2024-05-31 11:26:18.065986+02:00
[09:26:18] Successful get url: https://www.bing.com/th?id=OHR.YorkshireDalesNP_FR-FR1030266814_UHD.jpg
[09:26:18] Picture infomations saved to  global/fr-FR/README.md
[09:26:18] Picture infomations saved to global/fr-FR/history/2024/05/31_fr-FR.md
[09:26:18] Start geting global Bing Wallpaper, region=de-DE, local time is 2024-05-31 11:26:18.230686+02:00
[09:26:18] Successful get url: https://www.bing.com/th?id=OHR.YorkshireDalesNP_DE-DE2262987650_UHD.jpg
[09:26:18] Picture infomations saved to  global/de-DE/README.md
[09:26:18] Picture infomations saved to global/de-DE/history/2024/05/31_de-DE.md
[09:26:18] Start geting global Bing Wallpaper, region=en-CA, local time is 2024-05-31 05:26:18.390132-04:00
[09:26:18] Successful get url: https://www.bing.com/th?id=OHR.YorkshireDalesNP_EN-CA8134519875_UHD.jpg
[09:26:18] Picture infomations saved to  global/en-CA/README.md
[09:26:18] Picture infomations saved to global/en-CA/history/2024/06/01_en-CA.md
[09:26:18] Start geting global Bing Wallpaper, region=en-GB, local time is 2024-05-31 10:26:18.571010+01:00
[09:26:18] Successful get url: https://www.bing.com/th?id=OHR.YorkshireDalesNP_EN-GB1861917445_UHD.jpg
[09:26:18] Picture infomations saved to  global/en-GB/README.md
[09:26:18] Picture infomations saved to global/en-GB/history/2024/05/31_en-GB.md
[09:26:18] Start geting global Bing Wallpaper, region=it-IT, local time is 2024-05-31 11:26:18.738960+02:00
[09:26:18] Successful get url: https://www.bing.com/th?id=OHR.YorkshireDalesNP_IT-IT9821537287_UHD.jpg
[09:26:18] Picture infomations saved to  global/it-IT/README.md
[09:26:18] Picture infomations saved to global/it-IT/history/2024/05/31_it-IT.md
[09:26:18] Start geting global Bing Wallpaper, region=es-ES, local time is 2024-05-31 11:26:18.927483+02:00
[09:26:18] Successful get url: https://www.bing.com/th?id=OHR.YorkshireDalesNP_ES-ES3243650071_UHD.jpg
[09:26:19] Picture infomations saved to  global/es-ES/README.md
[09:26:19] Picture infomations saved to global/es-ES/history/2024/05/31_es-ES.md
[09:26:19] Start geting global Bing Wallpaper, region=fr-CA, local time is 2024-05-31 05:26:19.077125-04:00
[09:26:19] Successful get url: https://www.bing.com/th?id=OHR.YorkshireDalesNP_FR-CA1216487634_UHD.jpg
[09:26:19] Picture infomations saved to  global/fr-CA/README.md
[09:26:19] Picture infomations saved to global/fr-CA/history/2024/06/01_fr-CA.md
Program exit at 09:26:19

Program started at 16:12:19
Operating System Name: Linux
Operating System Version: #22~22.04.1-Ubuntu SMP Tue Apr 30 16:08:18 UTC 2024
System Architecture: ('64bit', 'ELF')
Computer Type: x86_64
Computer Name: fv-az568-893
Processor Type: x86_64
Python Version: 3.12.3
Python Interpreter Name: CPython
[16:12:19] Start geting CN Bing Wallpaper
[16:12:19] Successful get url: https://www.bing.com/th?id=OHR.CancaoDoExilio_ZH-CN1012675104_UHD.jpg
[16:12:20] Image saved to img/background.jpg
[16:12:20] Info saved to README.md
[16:12:20] Image saved to history/2024/06/01.md
[16:12:20] Start geting global Bing Wallpaper, region=en-US, local time is 2024-05-31 12:12:20.065267-04:00
[16:12:20] Successful get url: https://www.bing.com/th?id=OHR.YorkshireDalesNP_EN-US6104560581_UHD.jpg
[16:12:20] Picture infomations saved to  global/en-US/README.md
[16:12:20] Picture infomations saved to global/en-US/history/2024/06/01_en-US.md
[16:12:20] Start geting global Bing Wallpaper, region=ja-JP, local time is 2024-06-01 01:12:20.496167+09:00
[16:12:20] Successful get url: https://www.bing.com/th?id=OHR.PrideMonthSF_JA-JP2832342132_UHD.jpg
[16:12:20] Picture infomations saved to  global/ja-JP/README.md
[16:12:20] Picture infomations saved to global/ja-JP/history/2024/06/01_ja-JP.md
[16:12:20] Start geting global Bing Wallpaper, region=en-IN, local time is 2024-05-31 21:42:20.961590+05:30
[16:12:21] Successful get url: https://www.bing.com/th?id=OHR.YorkshireDalesNP_EN-IN7382796721_UHD.jpg
[16:12:21] Picture infomations saved to  global/en-IN/README.md
[16:12:21] Picture infomations saved to global/en-IN/history/2024/05/31_en-IN.md
[16:12:21] Start geting global Bing Wallpaper, region=pt-BR, local time is 2024-05-31 13:12:21.421158-03:00
[16:12:21] Successful get url: https://www.bing.com/th?id=OHR.YorkshireDalesNP_PT-BR5805097424_UHD.jpg
[16:12:22] Picture infomations saved to  global/pt-BR/README.md
[16:12:22] Picture infomations saved to global/pt-BR/history/2024/06/01_pt-BR.md
[16:12:22] Start geting global Bing Wallpaper, region=fr-FR, local time is 2024-05-31 18:12:22.145556+02:00
[16:12:22] Successful get url: https://www.bing.com/th?id=OHR.YorkshireDalesNP_FR-FR1030266814_UHD.jpg
[16:12:22] Picture infomations saved to  global/fr-FR/README.md
[16:12:22] Picture infomations saved to global/fr-FR/history/2024/05/31_fr-FR.md
[16:12:22] Start geting global Bing Wallpaper, region=de-DE, local time is 2024-05-31 18:12:22.531756+02:00
[16:12:22] Successful get url: https://www.bing.com/th?id=OHR.YorkshireDalesNP_DE-DE2262987650_UHD.jpg
[16:12:23] Picture infomations saved to  global/de-DE/README.md
[16:12:23] Picture infomations saved to global/de-DE/history/2024/05/31_de-DE.md
[16:12:23] Start geting global Bing Wallpaper, region=en-CA, local time is 2024-05-31 12:12:23.001216-04:00
[16:12:23] Successful get url: https://www.bing.com/th?id=OHR.YorkshireDalesNP_EN-CA7651791197_UHD.jpg
[16:12:23] Picture infomations saved to  global/en-CA/README.md
[16:12:23] Picture infomations saved to global/en-CA/history/2024/06/01_en-CA.md
[16:12:23] Start geting global Bing Wallpaper, region=en-GB, local time is 2024-05-31 17:12:23.470312+01:00
[16:12:23] Successful get url: https://www.bing.com/th?id=OHR.YorkshireDalesNP_EN-GB7625460348_UHD.jpg
[16:12:23] Picture infomations saved to  global/en-GB/README.md
[16:12:23] Picture infomations saved to global/en-GB/history/2024/05/31_en-GB.md
[16:12:23] Start geting global Bing Wallpaper, region=it-IT, local time is 2024-05-31 18:12:23.917668+02:00
[16:12:23] Successful get url: https://www.bing.com/th?id=OHR.YorkshireDalesNP_IT-IT9821537287_UHD.jpg
[16:12:24] Picture infomations saved to  global/it-IT/README.md
[16:12:24] Picture infomations saved to global/it-IT/history/2024/05/31_it-IT.md
[16:12:24] Start geting global Bing Wallpaper, region=es-ES, local time is 2024-05-31 18:12:24.375898+02:00
[16:12:24] Successful get url: https://www.bing.com/th?id=OHR.YorkshireDalesNP_ES-ES3243650071_UHD.jpg
[16:12:24] Picture infomations saved to  global/es-ES/README.md
[16:12:24] Picture infomations saved to global/es-ES/history/2024/05/31_es-ES.md
[16:12:24] Start geting global Bing Wallpaper, region=fr-CA, local time is 2024-05-31 12:12:24.914972-04:00
[16:12:24] Successful get url: https://www.bing.com/th?id=OHR.YorkshireDalesNP_FR-CA1216487634_UHD.jpg
[16:12:25] Picture infomations saved to  global/fr-CA/README.md
[16:12:25] Picture infomations saved to global/fr-CA/history/2024/06/01_fr-CA.md
Program exit at 16:12:25
