
Program started at 09:27:30
Operating System Name: Linux
Operating System Version: #18~24.04.1-Ubuntu SMP Sat Jun 28 04:46:03 UTC 2025
System Architecture: ('64bit', 'ELF')
Computer Type: x86_64
Computer Name: pkrvmqc4gcfdwos
Processor Type: x86_64
Python Version: 3.12.11
Python Interpreter Name: CPython
[09:27:30] Start geting CN Bing Wallpaper
[09:27:30] Successful get url: https://www.bing.com/th?id=OHR.CervusDama_ZH-CN3603505811_UHD.jpg
[09:27:31] Image saved to img/background.jpg
[09:27:31] Info saved to README.md
[09:27:31] Image saved to history/2025/08/24.md
[09:27:31] Start geting global Bing Wallpaper, region=en-US, local time is 2025-08-24 05:27:31.112187-04:00
[09:27:31] Successful get url: https://www.bing.com/th?id=OHR.CervusDama_EN-US3217647015_UHD.jpg
[09:27:31] Picture infomations saved to  global/en-US/README.md
[09:27:31] Picture infomations saved to global/en-US/history/2025/08/25_en-US.md
[09:27:31] Start geting global Bing Wallpaper, region=ja-JP, local time is 2025-08-24 18:27:31.271154+09:00
[09:27:31] Successful get url: https://www.bing.com/th?id=OHR.CervusDama_JA-JP5457977522_UHD.jpg
[09:27:31] Picture infomations saved to  global/ja-JP/README.md
[09:27:31] Picture infomations saved to global/ja-JP/history/2025/08/24_ja-JP.md
[09:27:31] Start geting global Bing Wallpaper, region=en-IN, local time is 2025-08-24 14:57:31.404752+05:30
[09:27:31] Successful get url: https://www.bing.com/th?id=OHR.CervusDama_EN-IN1330796053_UHD.jpg
[09:27:31] Picture infomations saved to  global/en-IN/README.md
[09:27:31] Picture infomations saved to global/en-IN/history/2025/08/24_en-IN.md
[09:27:31] Start geting global Bing Wallpaper, region=pt-BR, local time is 2025-08-24 06:27:31.525092-03:00
[09:27:31] Successful get url: https://www.bing.com/th?id=OHR.Pepalantus_PT-BR6960217232_UHD.jpg
[09:27:31] Picture infomations saved to  global/pt-BR/README.md
[09:27:31] Picture infomations saved to global/pt-BR/history/2025/08/25_pt-BR.md
[09:27:31] Start geting global Bing Wallpaper, region=fr-FR, local time is 2025-08-24 11:27:31.650857+02:00
[09:27:31] Successful get url: https://www.bing.com/th?id=OHR.CervusDama_FR-FR7245916785_UHD.jpg
[09:27:31] Picture infomations saved to  global/fr-FR/README.md
[09:27:31] Picture infomations saved to global/fr-FR/history/2025/08/24_fr-FR.md
[09:27:31] Start geting global Bing Wallpaper, region=de-DE, local time is 2025-08-24 11:27:31.776496+02:00
[09:27:31] Successful get url: https://www.bing.com/th?id=OHR.CervusDama_DE-DE7228900180_UHD.jpg
[09:27:31] Picture infomations saved to  global/de-DE/README.md
[09:27:31] Picture infomations saved to global/de-DE/history/2025/08/24_de-DE.md
[09:27:31] Start geting global Bing Wallpaper, region=en-CA, local time is 2025-08-24 05:27:31.926795-04:00
[09:27:31] Successful get url: https://www.bing.com/th?id=OHR.CervusDama_EN-CA1743001514_UHD.jpg
[09:27:32] Picture infomations saved to  global/en-CA/README.md
[09:27:32] Picture infomations saved to global/en-CA/history/2025/08/25_en-CA.md
[09:27:32] Start geting global Bing Wallpaper, region=en-GB, local time is 2025-08-24 10:27:32.046843+01:00
[09:27:32] Successful get url: https://www.bing.com/th?id=OHR.NottingHillCarnival2025_EN-GB8998798603_UHD.jpg
[09:27:32] Picture infomations saved to  global/en-GB/README.md
[09:27:32] Picture infomations saved to global/en-GB/history/2025/08/24_en-GB.md
[09:27:32] Start geting global Bing Wallpaper, region=it-IT, local time is 2025-08-24 11:27:32.165230+02:00
[09:27:32] Successful get url: https://www.bing.com/th?id=OHR.CervusDama_IT-IT0307979007_UHD.jpg
[09:27:32] Picture infomations saved to  global/it-IT/README.md
[09:27:32] Picture infomations saved to global/it-IT/history/2025/08/24_it-IT.md
[09:27:32] Start geting global Bing Wallpaper, region=es-ES, local time is 2025-08-24 11:27:32.278881+02:00
[09:27:32] Successful get url: https://www.bing.com/th?id=OHR.CervusDama_ES-ES8412556845_UHD.jpg
[09:27:32] Picture infomations saved to  global/es-ES/README.md
[09:27:32] Picture infomations saved to global/es-ES/history/2025/08/24_es-ES.md
[09:27:32] Start geting global Bing Wallpaper, region=fr-CA, local time is 2025-08-24 05:27:32.406822-04:00
[09:27:32] Successful get url: https://www.bing.com/th?id=OHR.CervusDama_FR-CA0373208041_UHD.jpg
[09:27:32] Picture infomations saved to  global/fr-CA/README.md
[09:27:32] Picture infomations saved to global/fr-CA/history/2025/08/25_fr-CA.md
Program exit at 09:27:32
