
Program started at 09:29:25
Operating System Name: Linux
Operating System Version: #18~24.04.1-Ubuntu SMP Sat Jun 28 04:46:03 UTC 2025
System Architecture: ('64bit', 'ELF')
Computer Type: x86_64
Computer Name: pkrvmubgrv54qmi
Processor Type: x86_64
Python Version: 3.12.11
Python Interpreter Name: CPython
[09:29:25] Start geting CN Bing Wallpaper
[09:29:26] Successful get url: https://www.bing.com/th?id=OHR.LyngvigLighthouse_ZH-CN0836204503_UHD.jpg
[09:29:26] Image saved to img/background.jpg
[09:29:26] Info saved to README.md
[09:29:26] Image saved to history/2025/08/17.md
[09:29:26] Start geting global Bing Wallpaper, region=en-US, local time is 2025-08-17 05:29:26.121085-04:00
[09:29:26] Successful get url: https://www.bing.com/th?id=OHR.LyngvigLighthouse_EN-US1600601632_UHD.jpg
[09:29:26] Picture infomations saved to  global/en-US/README.md
[09:29:26] Picture infomations saved to global/en-US/history/2025/08/18_en-US.md
[09:29:26] Start geting global Bing Wallpaper, region=ja-JP, local time is 2025-08-17 18:29:26.248866+09:00
[09:29:26] Successful get url: https://www.bing.com/th?id=OHR.LyngvigLighthouse_JA-JP3502925142_UHD.jpg
[09:29:26] Picture infomations saved to  global/ja-JP/README.md
[09:29:26] Picture infomations saved to global/ja-JP/history/2025/08/17_ja-JP.md
[09:29:26] Start geting global Bing Wallpaper, region=en-IN, local time is 2025-08-17 14:59:26.387915+05:30
[09:29:26] Successful get url: https://www.bing.com/th?id=OHR.LyngvigLighthouse_EN-IN6166731437_UHD.jpg
[09:29:26] Picture infomations saved to  global/en-IN/README.md
[09:29:26] Picture infomations saved to global/en-IN/history/2025/08/17_en-IN.md
[09:29:26] Start geting global Bing Wallpaper, region=pt-BR, local time is 2025-08-17 06:29:26.508838-03:00
[09:29:26] Successful get url: https://www.bing.com/th?id=OHR.Jeribeach_PT-BR3080165878_UHD.jpg
[09:29:26] Picture infomations saved to  global/pt-BR/README.md
[09:29:26] Picture infomations saved to global/pt-BR/history/2025/08/18_pt-BR.md
[09:29:26] Start geting global Bing Wallpaper, region=fr-FR, local time is 2025-08-17 11:29:26.625586+02:00
[09:29:26] Successful get url: https://www.bing.com/th?id=OHR.LyngvigLighthouse_FR-FR5388600592_UHD.jpg
[09:29:26] Picture infomations saved to  global/fr-FR/README.md
[09:29:26] Picture infomations saved to global/fr-FR/history/2025/08/17_fr-FR.md
[09:29:26] Start geting global Bing Wallpaper, region=de-DE, local time is 2025-08-17 11:29:26.766953+02:00
[09:29:26] Successful get url: https://www.bing.com/th?id=OHR.LyngvigLighthouse_DE-DE8062219926_UHD.jpg
[09:29:26] Picture infomations saved to  global/de-DE/README.md
[09:29:26] Picture infomations saved to global/de-DE/history/2025/08/17_de-DE.md
[09:29:26] Start geting global Bing Wallpaper, region=en-CA, local time is 2025-08-17 05:29:26.885961-04:00
[09:29:26] Successful get url: https://www.bing.com/th?id=OHR.LyngvigLighthouse_EN-CA8074234624_UHD.jpg
[09:29:27] Picture infomations saved to  global/en-CA/README.md
[09:29:27] Picture infomations saved to global/en-CA/history/2025/08/18_en-CA.md
[09:29:27] Start geting global Bing Wallpaper, region=en-GB, local time is 2025-08-17 10:29:27.023320+01:00
[09:29:27] Successful get url: https://www.bing.com/th?id=OHR.LyngvigLighthouse_EN-GB3070055068_UHD.jpg
[09:29:27] Picture infomations saved to  global/en-GB/README.md
[09:29:27] Picture infomations saved to global/en-GB/history/2025/08/17_en-GB.md
[09:29:27] Start geting global Bing Wallpaper, region=it-IT, local time is 2025-08-17 11:29:27.157945+02:00
[09:29:27] Successful get url: https://www.bing.com/th?id=OHR.LyngvigLighthouse_IT-IT3166242120_UHD.jpg
[09:29:27] Picture infomations saved to  global/it-IT/README.md
[09:29:27] Picture infomations saved to global/it-IT/history/2025/08/17_it-IT.md
[09:29:27] Start geting global Bing Wallpaper, region=es-ES, local time is 2025-08-17 11:29:27.378348+02:00
[09:29:27] Successful get url: https://www.bing.com/th?id=OHR.LyngvigLighthouse_ES-ES4833286329_UHD.jpg
[09:29:27] Picture infomations saved to  global/es-ES/README.md
[09:29:27] Picture infomations saved to global/es-ES/history/2025/08/17_es-ES.md
[09:29:27] Start geting global Bing Wallpaper, region=fr-CA, local time is 2025-08-17 05:29:27.503864-04:00
[09:29:27] Successful get url: https://www.bing.com/th?id=OHR.LyngvigLighthouse_FR-CA6450462994_UHD.jpg
[09:29:27] Picture infomations saved to  global/fr-CA/README.md
[09:29:27] Picture infomations saved to global/fr-CA/history/2025/08/18_fr-CA.md
Program exit at 09:29:27
