
Program started at 09:29:21
Operating System Name: Linux
Operating System Version: #18~24.04.1-Ubuntu SMP Sat Jun 28 04:46:03 UTC 2025
System Architecture: ('64bit', 'ELF')
Computer Type: x86_64
Computer Name: pkrvmubgrv54qmi
Processor Type: x86_64
Python Version: 3.12.11
Python Interpreter Name: CPython
[09:29:21] Start geting CN Bing Wallpaper
[09:29:21] Successful get url: https://www.bing.com/th?id=OHR.ColorfulBeehives_ZH-CN0180195770_UHD.jpg
[09:29:21] Image saved to img/background.jpg
[09:29:21] Info saved to README.md
[09:29:21] Image saved to history/2025/08/16.md
[09:29:21] Start geting global Bing Wallpaper, region=en-US, local time is 2025-08-16 05:29:21.580991-04:00
[09:29:21] Successful get url: https://www.bing.com/th?id=OHR.ColorfulBeehives_EN-US1476944743_UHD.jpg
[09:29:21] Picture infomations saved to  global/en-US/README.md
[09:29:21] Picture infomations saved to global/en-US/history/2025/08/17_en-US.md
[09:29:21] Start geting global Bing Wallpaper, region=ja-JP, local time is 2025-08-16 18:29:21.665428+09:00
[09:29:21] Successful get url: https://www.bing.com/th?id=OHR.Okuribi2025_JA-JP4621795615_UHD.jpg
[09:29:21] Picture infomations saved to  global/ja-JP/README.md
[09:29:21] Picture infomations saved to global/ja-JP/history/2025/08/16_ja-JP.md
[09:29:21] Start geting global Bing Wallpaper, region=en-IN, local time is 2025-08-16 14:59:21.741126+05:30
[09:29:21] Successful get url: https://www.bing.com/th?id=OHR.ColorfulBeehives_EN-IN5686651222_UHD.jpg
[09:29:21] Picture infomations saved to  global/en-IN/README.md
[09:29:21] Picture infomations saved to global/en-IN/history/2025/08/16_en-IN.md
[09:29:21] Start geting global Bing Wallpaper, region=pt-BR, local time is 2025-08-16 06:29:21.818673-03:00
[09:29:21] Successful get url: https://www.bing.com/th?id=OHR.ColorfulBeehives_PT-BR1350605096_UHD.jpg
[09:29:21] Picture infomations saved to  global/pt-BR/README.md
[09:29:21] Picture infomations saved to global/pt-BR/history/2025/08/17_pt-BR.md
[09:29:21] Start geting global Bing Wallpaper, region=fr-FR, local time is 2025-08-16 11:29:21.894046+02:00
[09:29:21] Successful get url: https://www.bing.com/th?id=OHR.KiteFrejus_FR-FR4833953629_UHD.jpg
[09:29:21] Picture infomations saved to  global/fr-FR/README.md
[09:29:21] Picture infomations saved to global/fr-FR/history/2025/08/16_fr-FR.md
[09:29:21] Start geting global Bing Wallpaper, region=de-DE, local time is 2025-08-16 11:29:21.971639+02:00
[09:29:22] Successful get url: https://www.bing.com/th?id=OHR.ColorfulBeehives_DE-DE0790331743_UHD.jpg
[09:29:22] Picture infomations saved to  global/de-DE/README.md
[09:29:22] Picture infomations saved to global/de-DE/history/2025/08/16_de-DE.md
[09:29:22] Start geting global Bing Wallpaper, region=en-CA, local time is 2025-08-16 05:29:22.044578-04:00
[09:29:22] Successful get url: https://www.bing.com/th?id=OHR.ColorfulBeehives_EN-CA7943336590_UHD.jpg
[09:29:22] Picture infomations saved to  global/en-CA/README.md
[09:29:22] Picture infomations saved to global/en-CA/history/2025/08/17_en-CA.md
[09:29:22] Start geting global Bing Wallpaper, region=en-GB, local time is 2025-08-16 10:29:22.127139+01:00
[09:29:22] Successful get url: https://www.bing.com/th?id=OHR.GarlicFestival2025_EN-GB2919536930_UHD.jpg
[09:29:22] Picture infomations saved to  global/en-GB/README.md
[09:29:22] Picture infomations saved to global/en-GB/history/2025/08/16_en-GB.md
[09:29:22] Start geting global Bing Wallpaper, region=it-IT, local time is 2025-08-16 11:29:22.203630+02:00
[09:29:22] Successful get url: https://www.bing.com/th?id=OHR.ColorfulBeehives_IT-IT3102989336_UHD.jpg
[09:29:22] Picture infomations saved to  global/it-IT/README.md
[09:29:22] Picture infomations saved to global/it-IT/history/2025/08/16_it-IT.md
[09:29:22] Start geting global Bing Wallpaper, region=es-ES, local time is 2025-08-16 11:29:22.282068+02:00
[09:29:22] Successful get url: https://www.bing.com/th?id=OHR.ColorfulBeehives_ES-ES4737812847_UHD.jpg
[09:29:22] Picture infomations saved to  global/es-ES/README.md
[09:29:22] Picture infomations saved to global/es-ES/history/2025/08/16_es-ES.md
[09:29:22] Start geting global Bing Wallpaper, region=fr-CA, local time is 2025-08-16 05:29:22.373473-04:00
[09:29:22] Successful get url: https://www.bing.com/th?id=OHR.ColorfulBeehives_FR-CA6306812917_UHD.jpg
[09:29:22] Picture infomations saved to  global/fr-CA/README.md
[09:29:22] Picture infomations saved to global/fr-CA/history/2025/08/17_fr-CA.md
Program exit at 09:29:22
