
Program started at 09:45:19
Operating System Name: Linux
Operating System Version: #18~24.04.1-Ubuntu SMP Sat Jun 28 04:46:03 UTC 2025
System Architecture: ('64bit', 'ELF')
Computer Type: x86_64
Computer Name: pkrvmjbmru5nbw0
Processor Type: x86_64
Python Version: 3.12.11
Python Interpreter Name: CPython
[09:45:19] Start geting CN Bing Wallpaper
[09:45:19] Successful get url: https://www.bing.com/th?id=OHR.LaplandOwl_ZH-CN6070251232_UHD.jpg
[09:45:19] Image saved to img/background.jpg
[09:45:19] Info saved to README.md
[09:45:19] Image saved to history/2025/08/04.md
[09:45:19] Start geting global Bing Wallpaper, region=en-US, local time is 2025-08-04 05:45:19.261585-04:00
[09:45:19] Successful get url: https://www.bing.com/th?id=OHR.LaplandOwl_EN-US8965493818_UHD.jpg
[09:45:19] Picture infomations saved to  global/en-US/README.md
[09:45:19] Picture infomations saved to global/en-US/history/2025/08/05_en-US.md
[09:45:19] Start geting global Bing Wallpaper, region=ja-JP, local time is 2025-08-04 18:45:19.365591+09:00
[09:45:19] Successful get url: https://www.bing.com/th?id=OHR.LaplandOwl_JA-JP2701506191_UHD.jpg
[09:45:19] Picture infomations saved to  global/ja-JP/README.md
[09:45:19] Picture infomations saved to global/ja-JP/history/2025/08/04_ja-JP.md
[09:45:19] Start geting global Bing Wallpaper, region=en-IN, local time is 2025-08-04 15:15:19.451718+05:30
[09:45:19] Successful get url: https://www.bing.com/th?id=OHR.LaplandOwl_EN-IN9373838176_UHD.jpg
[09:45:19] Picture infomations saved to  global/en-IN/README.md
[09:45:19] Picture infomations saved to global/en-IN/history/2025/08/04_en-IN.md
[09:45:19] Start geting global Bing Wallpaper, region=pt-BR, local time is 2025-08-04 06:45:19.540921-03:00
[09:45:19] Successful get url: https://www.bing.com/th?id=OHR.LaplandOwl_PT-BR9387648835_UHD.jpg
[09:45:19] Picture infomations saved to  global/pt-BR/README.md
[09:45:19] Picture infomations saved to global/pt-BR/history/2025/08/05_pt-BR.md
[09:45:19] Start geting global Bing Wallpaper, region=fr-FR, local time is 2025-08-04 11:45:19.622574+02:00
[09:45:19] Successful get url: https://www.bing.com/th?id=OHR.LaplandOwl_FR-FR0808851184_UHD.jpg
[09:45:19] Picture infomations saved to  global/fr-FR/README.md
[09:45:19] Picture infomations saved to global/fr-FR/history/2025/08/04_fr-FR.md
[09:45:19] Start geting global Bing Wallpaper, region=de-DE, local time is 2025-08-04 11:45:19.719335+02:00
[09:45:19] Successful get url: https://www.bing.com/th?id=OHR.LaplandOwl_DE-DE9006060436_UHD.jpg
[09:45:19] Picture infomations saved to  global/de-DE/README.md
[09:45:19] Picture infomations saved to global/de-DE/history/2025/08/04_de-DE.md
[09:45:19] Start geting global Bing Wallpaper, region=en-CA, local time is 2025-08-04 05:45:19.795298-04:00
[09:45:19] Successful get url: https://www.bing.com/th?id=OHR.LaplandOwl_EN-CA0382767904_UHD.jpg
[09:45:19] Picture infomations saved to  global/en-CA/README.md
[09:45:19] Picture infomations saved to global/en-CA/history/2025/08/05_en-CA.md
[09:45:19] Start geting global Bing Wallpaper, region=en-GB, local time is 2025-08-04 10:45:19.876865+01:00
[09:45:19] Successful get url: https://www.bing.com/th?id=OHR.LaplandOwl_EN-GB1293018198_UHD.jpg
[09:45:19] Picture infomations saved to  global/en-GB/README.md
[09:45:19] Picture infomations saved to global/en-GB/history/2025/08/04_en-GB.md
[09:45:19] Start geting global Bing Wallpaper, region=it-IT, local time is 2025-08-04 11:45:19.949829+02:00
[09:45:19] Successful get url: https://www.bing.com/th?id=OHR.BlackfinBarracuda_IT-IT1143705457_UHD.jpg
[09:45:20] Picture infomations saved to  global/it-IT/README.md
[09:45:20] Picture infomations saved to global/it-IT/history/2025/08/04_it-IT.md
[09:45:20] Start geting global Bing Wallpaper, region=es-ES, local time is 2025-08-04 11:45:20.459922+02:00
[09:45:20] Successful get url: https://www.bing.com/th?id=OHR.LaplandOwl_ES-ES4200843569_UHD.jpg
[09:45:20] Picture infomations saved to  global/es-ES/README.md
[09:45:20] Picture infomations saved to global/es-ES/history/2025/08/04_es-ES.md
[09:45:20] Start geting global Bing Wallpaper, region=fr-CA, local time is 2025-08-04 05:45:20.548399-04:00
[09:45:20] Successful get url: https://www.bing.com/th?id=OHR.LaplandOwl_FR-CA0987806680_UHD.jpg
[09:45:20] Picture infomations saved to  global/fr-CA/README.md
[09:45:20] Picture infomations saved to global/fr-CA/history/2025/08/05_fr-CA.md
Program exit at 09:45:20

Program started at 16:20:13
Operating System Name: Linux
Operating System Version: #18~24.04.1-Ubuntu SMP Sat Jun 28 04:46:03 UTC 2025
System Architecture: ('64bit', 'ELF')
Computer Type: x86_64
Computer Name: pkrvmjbmru5nbw0
Processor Type: x86_64
Python Version: 3.12.11
Python Interpreter Name: CPython
[16:20:13] Start geting CN Bing Wallpaper
[16:20:13] Successful get url: https://www.bing.com/th?id=OHR.CaliforniaTidepool_ZH-CN6273815361_UHD.jpg
[16:20:14] Image saved to img/background.jpg
[16:20:14] Info saved to README.md
[16:20:14] Image saved to history/2025/08/05.md
[16:20:14] Start geting global Bing Wallpaper, region=en-US, local time is 2025-08-04 12:20:14.126214-04:00
[16:20:14] Successful get url: https://www.bing.com/th?id=OHR.LaplandOwl_EN-US8965493818_UHD.jpg
[16:20:14] Picture infomations saved to  global/en-US/README.md
[16:20:14] Picture infomations saved to global/en-US/history/2025/08/05_en-US.md
[16:20:14] Start geting global Bing Wallpaper, region=ja-JP, local time is 2025-08-05 01:20:14.244489+09:00
[16:20:14] Successful get url: https://www.bing.com/th?id=OHR.CaliforniaTidepool_JA-JP3202345029_UHD.jpg
[16:20:14] Picture infomations saved to  global/ja-JP/README.md
[16:20:14] Picture infomations saved to global/ja-JP/history/2025/08/05_ja-JP.md
[16:20:14] Start geting global Bing Wallpaper, region=en-IN, local time is 2025-08-04 21:50:14.426104+05:30
[16:20:14] Successful get url: https://www.bing.com/th?id=OHR.LaplandOwl_EN-IN9373838176_UHD.jpg
[16:20:14] Picture infomations saved to  global/en-IN/README.md
[16:20:14] Picture infomations saved to global/en-IN/history/2025/08/04_en-IN.md
[16:20:14] Start geting global Bing Wallpaper, region=pt-BR, local time is 2025-08-04 13:20:14.561368-03:00
[16:20:14] Successful get url: https://www.bing.com/th?id=OHR.LaplandOwl_PT-BR9387648835_UHD.jpg
[16:20:14] Picture infomations saved to  global/pt-BR/README.md
[16:20:14] Picture infomations saved to global/pt-BR/history/2025/08/05_pt-BR.md
[16:20:14] Start geting global Bing Wallpaper, region=fr-FR, local time is 2025-08-04 18:20:14.826808+02:00
[16:20:14] Successful get url: https://www.bing.com/th?id=OHR.LaplandOwl_FR-FR0808851184_UHD.jpg
[16:20:15] Picture infomations saved to  global/fr-FR/README.md
[16:20:15] Picture infomations saved to global/fr-FR/history/2025/08/04_fr-FR.md
[16:20:15] Start geting global Bing Wallpaper, region=de-DE, local time is 2025-08-04 18:20:15.031278+02:00
[16:20:15] Successful get url: https://www.bing.com/th?id=OHR.LaplandOwl_DE-DE9006060436_UHD.jpg
[16:20:15] Picture infomations saved to  global/de-DE/README.md
[16:20:15] Picture infomations saved to global/de-DE/history/2025/08/04_de-DE.md
[16:20:15] Start geting global Bing Wallpaper, region=en-CA, local time is 2025-08-04 12:20:15.230685-04:00
[16:20:15] Successful get url: https://www.bing.com/th?id=OHR.LaplandOwl_EN-CA0382767904_UHD.jpg
[16:20:15] Picture infomations saved to  global/en-CA/README.md
[16:20:15] Picture infomations saved to global/en-CA/history/2025/08/05_en-CA.md
[16:20:15] Start geting global Bing Wallpaper, region=en-GB, local time is 2025-08-04 17:20:15.930659+01:00
[16:20:15] Successful get url: https://www.bing.com/th?id=OHR.LaplandOwl_EN-GB1293018198_UHD.jpg
[16:20:16] Picture infomations saved to  global/en-GB/README.md
[16:20:16] Picture infomations saved to global/en-GB/history/2025/08/04_en-GB.md
[16:20:16] Start geting global Bing Wallpaper, region=it-IT, local time is 2025-08-04 18:20:16.103376+02:00
[16:20:16] Successful get url: https://www.bing.com/th?id=OHR.BlackfinBarracuda_IT-IT1143705457_UHD.jpg
[16:20:16] Picture infomations saved to  global/it-IT/README.md
[16:20:16] Picture infomations saved to global/it-IT/history/2025/08/04_it-IT.md
[16:20:16] Start geting global Bing Wallpaper, region=es-ES, local time is 2025-08-04 18:20:16.213916+02:00
[16:20:16] Successful get url: https://www.bing.com/th?id=OHR.LaplandOwl_ES-ES4200843569_UHD.jpg
[16:20:16] Picture infomations saved to  global/es-ES/README.md
[16:20:16] Picture infomations saved to global/es-ES/history/2025/08/04_es-ES.md
[16:20:16] Start geting global Bing Wallpaper, region=fr-CA, local time is 2025-08-04 12:20:16.379804-04:00
[16:20:16] Successful get url: https://www.bing.com/th?id=OHR.LaplandOwl_FR-CA0987806680_UHD.jpg
[16:20:16] Picture infomations saved to  global/fr-CA/README.md
[16:20:16] Picture infomations saved to global/fr-CA/history/2025/08/05_fr-CA.md
Program exit at 16:20:16
