
Program started at 09:31:14
Operating System Name: Linux
Operating System Version: #18~24.04.1-Ubuntu SMP Sat Jun 28 04:46:03 UTC 2025
System Architecture: ('64bit', 'ELF')
Computer Type: x86_64
Computer Name: pkrvmqc4gcfdwos
Processor Type: x86_64
Python Version: 3.12.11
Python Interpreter Name: CPython
[09:31:14] Start geting CN Bing Wallpaper
[09:31:14] Successful get url: https://www.bing.com/th?id=OHR.PalouseWA_ZH-CN2552273820_UHD.jpg
[09:31:15] Image saved to img/background.jpg
[09:31:15] Info saved to README.md
[09:31:15] Image saved to history/2025/08/22.md
[09:31:15] Start geting global Bing Wallpaper, region=en-US, local time is 2025-08-22 05:31:15.035728-04:00
[09:31:15] Successful get url: https://www.bing.com/th?id=OHR.PalouseWA_EN-US2419102005_UHD.jpg
[09:31:15] Picture infomations saved to  global/en-US/README.md
[09:31:15] Picture infomations saved to global/en-US/history/2025/08/23_en-US.md
[09:31:15] Start geting global Bing Wallpaper, region=ja-JP, local time is 2025-08-22 18:31:15.216548+09:00
[09:31:15] Successful get url: https://www.bing.com/th?id=OHR.PalouseWA_JA-JP5363056424_UHD.jpg
[09:31:15] Picture infomations saved to  global/ja-JP/README.md
[09:31:15] Picture infomations saved to global/ja-JP/history/2025/08/22_ja-JP.md
[09:31:15] Start geting global Bing Wallpaper, region=en-IN, local time is 2025-08-22 15:01:15.420714+05:30
[09:31:15] Successful get url: https://www.bing.com/th?id=OHR.PalouseWA_EN-IN0988598456_UHD.jpg
[09:31:15] Picture infomations saved to  global/en-IN/README.md
[09:31:15] Picture infomations saved to global/en-IN/history/2025/08/22_en-IN.md
[09:31:15] Start geting global Bing Wallpaper, region=pt-BR, local time is 2025-08-22 06:31:15.572229-03:00
[09:31:15] Successful get url: https://www.bing.com/th?id=OHR.DiaFolk_PT-BR5591184698_UHD.jpg
[09:31:15] Picture infomations saved to  global/pt-BR/README.md
[09:31:15] Picture infomations saved to global/pt-BR/history/2025/08/23_pt-BR.md
[09:31:15] Start geting global Bing Wallpaper, region=fr-FR, local time is 2025-08-22 11:31:15.710526+02:00
[09:31:15] Successful get url: https://www.bing.com/th?id=OHR.RockSeine_FR-FR5220728990_UHD.jpg
[09:31:15] Picture infomations saved to  global/fr-FR/README.md
[09:31:15] Picture infomations saved to global/fr-FR/history/2025/08/22_fr-FR.md
[09:31:15] Start geting global Bing Wallpaper, region=de-DE, local time is 2025-08-22 11:31:15.846714+02:00
[09:31:15] Successful get url: https://www.bing.com/th?id=OHR.FieldKaiserstuhl_DE-DE8624743800_UHD.jpg
[09:31:15] Picture infomations saved to  global/de-DE/README.md
[09:31:15] Picture infomations saved to global/de-DE/history/2025/08/22_de-DE.md
[09:31:15] Start geting global Bing Wallpaper, region=en-CA, local time is 2025-08-22 05:31:15.973857-04:00
[09:31:16] Successful get url: https://www.bing.com/th?id=OHR.PalouseWA_EN-CA1378669276_UHD.jpg
[09:31:16] Picture infomations saved to  global/en-CA/README.md
[09:31:16] Picture infomations saved to global/en-CA/history/2025/08/23_en-CA.md
[09:31:16] Start geting global Bing Wallpaper, region=en-GB, local time is 2025-08-22 10:31:16.109062+01:00
[09:31:16] Successful get url: https://www.bing.com/th?id=OHR.PalouseWA_EN-GB8343692034_UHD.jpg
[09:31:16] Picture infomations saved to  global/en-GB/README.md
[09:31:16] Picture infomations saved to global/en-GB/history/2025/08/22_en-GB.md
[09:31:16] Start geting global Bing Wallpaper, region=it-IT, local time is 2025-08-22 11:31:16.231788+02:00
[09:31:16] Successful get url: https://www.bing.com/th?id=OHR.PalouseWA_IT-IT0107533820_UHD.jpg
[09:31:16] Picture infomations saved to  global/it-IT/README.md
[09:31:16] Picture infomations saved to global/it-IT/history/2025/08/22_it-IT.md
[09:31:16] Start geting global Bing Wallpaper, region=es-ES, local time is 2025-08-22 11:31:16.375081+02:00
[09:31:16] Successful get url: https://www.bing.com/th?id=OHR.PalouseWA_ES-ES8103118141_UHD.jpg
[09:31:52] Picture infomations saved to  global/es-ES/README.md
[09:31:52] Picture infomations saved to global/es-ES/history/2025/08/22_es-ES.md
[09:31:52] Start geting global Bing Wallpaper, region=fr-CA, local time is 2025-08-22 05:31:52.540846-04:00
[09:31:52] Successful get url: https://www.bing.com/th?id=OHR.PalouseWA_FR-CA7470157507_UHD.jpg
[09:31:52] Picture infomations saved to  global/fr-CA/README.md
[09:31:52] Picture infomations saved to global/fr-CA/history/2025/08/23_fr-CA.md
Program exit at 09:31:52

Program started at 16:16:07
Operating System Name: Linux
Operating System Version: #18~24.04.1-Ubuntu SMP Sat Jun 28 04:46:03 UTC 2025
System Architecture: ('64bit', 'ELF')
Computer Type: x86_64
Computer Name: pkrvmqc4gcfdwos
Processor Type: x86_64
Python Version: 3.12.11
Python Interpreter Name: CPython
[16:16:07] Start geting CN Bing Wallpaper
[16:16:07] Successful get url: https://www.bing.com/th?id=OHR.ChushuY25_ZH-CN0495086720_UHD.jpg
[16:16:08] Image saved to img/background.jpg
[16:16:08] Info saved to README.md
[16:16:08] Image saved to history/2025/08/23.md
[16:16:08] Start geting global Bing Wallpaper, region=en-US, local time is 2025-08-22 12:16:08.042587-04:00
[16:16:08] Successful get url: https://www.bing.com/th?id=OHR.PalouseWA_EN-US2419102005_UHD.jpg
[16:16:08] Picture infomations saved to  global/en-US/README.md
[16:16:08] Picture infomations saved to global/en-US/history/2025/08/23_en-US.md
[16:16:08] Start geting global Bing Wallpaper, region=ja-JP, local time is 2025-08-23 01:16:08.237119+09:00
[16:16:08] Successful get url: https://www.bing.com/th?id=OHR.Morningglory2025_JA-JP5429610056_UHD.jpg
[16:16:08] Picture infomations saved to  global/ja-JP/README.md
[16:16:08] Picture infomations saved to global/ja-JP/history/2025/08/23_ja-JP.md
[16:16:08] Start geting global Bing Wallpaper, region=en-IN, local time is 2025-08-22 21:46:08.422641+05:30
[16:16:08] Successful get url: https://www.bing.com/th?id=OHR.PalouseWA_EN-IN0988598456_UHD.jpg
[16:16:08] Picture infomations saved to  global/en-IN/README.md
[16:16:08] Picture infomations saved to global/en-IN/history/2025/08/22_en-IN.md
[16:16:08] Start geting global Bing Wallpaper, region=pt-BR, local time is 2025-08-22 13:16:08.604785-03:00
[16:16:08] Successful get url: https://www.bing.com/th?id=OHR.DiaFolk_PT-BR5591184698_UHD.jpg
[16:16:09] Picture infomations saved to  global/pt-BR/README.md
[16:16:09] Picture infomations saved to global/pt-BR/history/2025/08/23_pt-BR.md
[16:16:09] Start geting global Bing Wallpaper, region=fr-FR, local time is 2025-08-22 18:16:09.184821+02:00
[16:16:09] Successful get url: https://www.bing.com/th?id=OHR.RockSeine_FR-FR5220728990_UHD.jpg
[16:16:09] Picture infomations saved to  global/fr-FR/README.md
[16:16:09] Picture infomations saved to global/fr-FR/history/2025/08/22_fr-FR.md
[16:16:09] Start geting global Bing Wallpaper, region=de-DE, local time is 2025-08-22 18:16:09.373390+02:00
[16:16:09] Successful get url: https://www.bing.com/th?id=OHR.FieldKaiserstuhl_DE-DE8624743800_UHD.jpg
[16:16:09] Picture infomations saved to  global/de-DE/README.md
[16:16:09] Picture infomations saved to global/de-DE/history/2025/08/22_de-DE.md
[16:16:09] Start geting global Bing Wallpaper, region=en-CA, local time is 2025-08-22 12:16:09.560240-04:00
[16:16:09] Successful get url: https://www.bing.com/th?id=OHR.PalouseWA_EN-CA1378669276_UHD.jpg
[16:16:09] Picture infomations saved to  global/en-CA/README.md
[16:16:09] Picture infomations saved to global/en-CA/history/2025/08/23_en-CA.md
[16:16:09] Start geting global Bing Wallpaper, region=en-GB, local time is 2025-08-22 17:16:09.878924+01:00
[16:16:09] Successful get url: https://www.bing.com/th?id=OHR.PalouseWA_EN-GB8343692034_UHD.jpg
[16:16:10] Picture infomations saved to  global/en-GB/README.md
[16:16:10] Picture infomations saved to global/en-GB/history/2025/08/22_en-GB.md
[16:16:10] Start geting global Bing Wallpaper, region=it-IT, local time is 2025-08-22 18:16:10.128973+02:00
[16:16:10] Successful get url: https://www.bing.com/th?id=OHR.PalouseWA_IT-IT4357870693_UHD.jpg
[16:16:10] Picture infomations saved to  global/it-IT/README.md
[16:16:10] Picture infomations saved to global/it-IT/history/2025/08/22_it-IT.md
[16:16:10] Start geting global Bing Wallpaper, region=es-ES, local time is 2025-08-22 18:16:10.655703+02:00
[16:16:10] Successful get url: https://www.bing.com/th?id=OHR.PalouseWA_ES-ES8103118141_UHD.jpg
[16:16:11] Picture infomations saved to  global/es-ES/README.md
[16:16:11] Picture infomations saved to global/es-ES/history/2025/08/22_es-ES.md
[16:16:11] Start geting global Bing Wallpaper, region=fr-CA, local time is 2025-08-22 12:16:11.128666-04:00
[16:16:11] Successful get url: https://www.bing.com/th?id=OHR.PalouseWA_FR-CA7470157507_UHD.jpg
[16:16:11] Picture infomations saved to  global/fr-CA/README.md
[16:16:11] Picture infomations saved to global/fr-CA/history/2025/08/23_fr-CA.md
Program exit at 16:16:11
