
Program started at 09:34:14
Operating System Name: Linux
Operating System Version: #18~24.04.1-Ubuntu SMP Sat Jun 28 04:46:03 UTC 2025
System Architecture: ('64bit', 'ELF')
Computer Type: x86_64
Computer Name: pkrvmsl9tci6h6u
Processor Type: x86_64
Python Version: 3.12.11
Python Interpreter Name: CPython
[09:34:14] Start geting CN Bing Wallpaper
[09:34:14] Successful get url: https://www.bing.com/th?id=OHR.CoronaArch_ZH-CN5406267193_UHD.jpg
[09:34:15] Image saved to img/background.jpg
[09:34:15] Info saved to README.md
[09:34:15] Image saved to history/2025/08/13.md
[09:34:15] Start geting global Bing Wallpaper, region=en-US, local time is 2025-08-13 05:34:15.007937-04:00
[09:34:15] Successful get url: https://www.bing.com/th?id=OHR.CoronaArch_EN-US8928406175_UHD.jpg
[09:34:15] Picture infomations saved to  global/en-US/README.md
[09:34:15] Picture infomations saved to global/en-US/history/2025/08/14_en-US.md
[09:34:15] Start geting global Bing Wallpaper, region=ja-JP, local time is 2025-08-13 18:34:15.104189+09:00
[09:34:15] Successful get url: https://www.bing.com/th?id=OHR.CoronaArch_JA-JP2223848865_UHD.jpg
[09:34:15] Picture infomations saved to  global/ja-JP/README.md
[09:34:15] Picture infomations saved to global/ja-JP/history/2025/08/13_ja-JP.md
[09:34:15] Start geting global Bing Wallpaper, region=en-IN, local time is 2025-08-13 15:04:15.190627+05:30
[09:34:15] Successful get url: https://www.bing.com/th?id=OHR.CoronaArch_EN-IN4202353327_UHD.jpg
[09:34:15] Picture infomations saved to  global/en-IN/README.md
[09:34:15] Picture infomations saved to global/en-IN/history/2025/08/13_en-IN.md
[09:34:15] Start geting global Bing Wallpaper, region=pt-BR, local time is 2025-08-13 06:34:15.285711-03:00
[09:34:15] Successful get url: https://www.bing.com/th?id=OHR.CoronaArch_PT-BR8379386277_UHD.jpg
[09:34:15] Picture infomations saved to  global/pt-BR/README.md
[09:34:15] Picture infomations saved to global/pt-BR/history/2025/08/14_pt-BR.md
[09:34:15] Start geting global Bing Wallpaper, region=fr-FR, local time is 2025-08-13 11:34:15.365190+02:00
[09:34:15] Successful get url: https://www.bing.com/th?id=OHR.Flamingos_FR-FR9616625186_UHD.jpg
[09:34:15] Picture infomations saved to  global/fr-FR/README.md
[09:34:15] Picture infomations saved to global/fr-FR/history/2025/08/13_fr-FR.md
[09:34:15] Start geting global Bing Wallpaper, region=de-DE, local time is 2025-08-13 11:34:15.445120+02:00
[09:34:15] Successful get url: https://www.bing.com/th?id=OHR.CoronaArch_DE-DE6360631129_UHD.jpg
[09:34:15] Picture infomations saved to  global/de-DE/README.md
[09:34:15] Picture infomations saved to global/de-DE/history/2025/08/13_de-DE.md
[09:34:15] Start geting global Bing Wallpaper, region=en-CA, local time is 2025-08-13 05:34:15.538638-04:00
[09:34:15] Successful get url: https://www.bing.com/th?id=OHR.CoronaArch_EN-CA7314989674_UHD.jpg
[09:34:15] Picture infomations saved to  global/en-CA/README.md
[09:34:15] Picture infomations saved to global/en-CA/history/2025/08/14_en-CA.md
[09:34:15] Start geting global Bing Wallpaper, region=en-GB, local time is 2025-08-13 10:34:15.622269+01:00
[09:34:15] Successful get url: https://www.bing.com/th?id=OHR.CoronaArch_EN-GB9558906767_UHD.jpg
[09:34:15] Picture infomations saved to  global/en-GB/README.md
[09:34:15] Picture infomations saved to global/en-GB/history/2025/08/13_en-GB.md
[09:34:15] Start geting global Bing Wallpaper, region=it-IT, local time is 2025-08-13 11:34:15.710128+02:00
[09:34:15] Successful get url: https://www.bing.com/th?id=OHR.SantaMaddalena_IT-IT2896067117_UHD.jpg
[09:34:15] Picture infomations saved to  global/it-IT/README.md
[09:34:15] Picture infomations saved to global/it-IT/history/2025/08/13_it-IT.md
[09:34:15] Start geting global Bing Wallpaper, region=es-ES, local time is 2025-08-13 11:34:15.799373+02:00
[09:34:15] Successful get url: https://www.bing.com/th?id=OHR.MaoriRock_ES-ES4316358547_UHD.jpg
[09:34:15] Picture infomations saved to  global/es-ES/README.md
[09:34:15] Picture infomations saved to global/es-ES/history/2025/08/13_es-ES.md
[09:34:15] Start geting global Bing Wallpaper, region=fr-CA, local time is 2025-08-13 05:34:15.885231-04:00
[09:34:15] Successful get url: https://www.bing.com/th?id=OHR.CoronaArch_FR-CA5923808590_UHD.jpg
[09:34:15] Picture infomations saved to  global/fr-CA/README.md
[09:34:15] Picture infomations saved to global/fr-CA/history/2025/08/14_fr-CA.md
Program exit at 09:34:15
