
Program started at 09:32:32
Operating System Name: Linux
Operating System Version: #18~24.04.1-Ubuntu SMP Sat Jun 28 04:46:03 UTC 2025
System Architecture: ('64bit', 'ELF')
Computer Type: x86_64
Computer Name: pkrvmqc4gcfdwos
Processor Type: x86_64
Python Version: 3.12.11
Python Interpreter Name: CPython
[09:32:32] Start geting CN Bing Wallpaper
[09:32:33] Successful get url: https://www.bing.com/th?id=OHR.TrulliHouses_ZH-CN3856452406_UHD.jpg
[09:32:33] Image saved to img/background.jpg
[09:32:33] Info saved to README.md
[09:32:33] Image saved to history/2025/08/26.md
[09:32:33] Start geting global Bing Wallpaper, region=en-US, local time is 2025-08-26 05:32:33.142714-04:00
[09:32:33] Successful get url: https://www.bing.com/th?id=OHR.TrulliHouses_EN-US3489439665_UHD.jpg
[09:32:33] Picture infomations saved to  global/en-US/README.md
[09:32:33] Picture infomations saved to global/en-US/history/2025/08/27_en-US.md
[09:32:33] Start geting global Bing Wallpaper, region=ja-JP, local time is 2025-08-26 18:32:33.422435+09:00
[09:32:33] Successful get url: https://www.bing.com/th?id=OHR.TrulliHouses_JA-JP5521004094_UHD.jpg
[09:32:33] Picture infomations saved to  global/ja-JP/README.md
[09:32:33] Picture infomations saved to global/ja-JP/history/2025/08/26_ja-JP.md
[09:32:33] Start geting global Bing Wallpaper, region=en-IN, local time is 2025-08-26 15:02:33.676419+05:30
[09:32:33] Successful get url: https://www.bing.com/th?id=OHR.FaroeLake_EN-IN3134235766_UHD.jpg
[09:32:33] Picture infomations saved to  global/en-IN/README.md
[09:32:33] Picture infomations saved to global/en-IN/history/2025/08/26_en-IN.md
[09:32:33] Start geting global Bing Wallpaper, region=pt-BR, local time is 2025-08-26 06:32:33.900466-03:00
[09:32:34] Successful get url: https://www.bing.com/th?id=OHR.TrulliHouses_PT-BR9475692206_UHD.jpg
[09:32:34] Picture infomations saved to  global/pt-BR/README.md
[09:32:34] Picture infomations saved to global/pt-BR/history/2025/08/27_pt-BR.md
[09:32:34] Start geting global Bing Wallpaper, region=fr-FR, local time is 2025-08-26 11:32:34.131916+02:00
[09:32:34] Successful get url: https://www.bing.com/th?id=OHR.TrulliHouses_FR-FR8920368293_UHD.jpg
[09:32:34] Picture infomations saved to  global/fr-FR/README.md
[09:32:34] Picture infomations saved to global/fr-FR/history/2025/08/26_fr-FR.md
[09:32:34] Start geting global Bing Wallpaper, region=de-DE, local time is 2025-08-26 11:32:34.368890+02:00
[09:32:34] Successful get url: https://www.bing.com/th?id=OHR.KitesurferGermany_DE-DE6337370430_UHD.jpg
[09:32:34] Picture infomations saved to  global/de-DE/README.md
[09:32:34] Picture infomations saved to global/de-DE/history/2025/08/26_de-DE.md
[09:32:34] Start geting global Bing Wallpaper, region=en-CA, local time is 2025-08-26 05:32:34.616708-04:00
[09:32:34] Successful get url: https://www.bing.com/th?id=OHR.TrulliHouses_EN-CA2142617397_UHD.jpg
[09:32:34] Picture infomations saved to  global/en-CA/README.md
[09:32:34] Picture infomations saved to global/en-CA/history/2025/08/27_en-CA.md
[09:32:34] Start geting global Bing Wallpaper, region=en-GB, local time is 2025-08-26 10:32:34.844229+01:00
[09:32:34] Successful get url: https://www.bing.com/th?id=OHR.TrulliHouses_EN-GB9384999011_UHD.jpg
[09:32:35] Picture infomations saved to  global/en-GB/README.md
[09:32:35] Picture infomations saved to global/en-GB/history/2025/08/26_en-GB.md
[09:32:35] Start geting global Bing Wallpaper, region=it-IT, local time is 2025-08-26 11:32:35.074065+02:00
[09:32:35] Successful get url: https://www.bing.com/th?id=OHR.FaroeLake_IT-IT9674052822_UHD.jpg
[09:32:35] Picture infomations saved to  global/it-IT/README.md
[09:32:35] Picture infomations saved to global/it-IT/history/2025/08/26_it-IT.md
[09:32:35] Start geting global Bing Wallpaper, region=es-ES, local time is 2025-08-26 11:32:35.307582+02:00
[09:32:35] Successful get url: https://www.bing.com/th?id=OHR.TrulliHouses_ES-ES8633260965_UHD.jpg
[09:32:35] Picture infomations saved to  global/es-ES/README.md
[09:32:35] Picture infomations saved to global/es-ES/history/2025/08/26_es-ES.md
[09:32:35] Start geting global Bing Wallpaper, region=fr-CA, local time is 2025-08-26 05:32:35.542014-04:00
[09:32:35] Successful get url: https://www.bing.com/th?id=OHR.TrulliHouses_FR-CA1043617057_UHD.jpg
[09:32:35] Picture infomations saved to  global/fr-CA/README.md
[09:32:35] Picture infomations saved to global/fr-CA/history/2025/08/27_fr-CA.md
Program exit at 09:32:35

Program started at 16:16:20
Operating System Name: Linux
Operating System Version: #18~24.04.1-Ubuntu SMP Sat Jun 28 04:46:03 UTC 2025
System Architecture: ('64bit', 'ELF')
Computer Type: x86_64
Computer Name: pkrvmqc4gcfdwos
Processor Type: x86_64
Python Version: 3.12.11
Python Interpreter Name: CPython
[16:16:20] Start geting CN Bing Wallpaper
[16:16:20] Successful get url: https://www.bing.com/th?id=OHR.FaroeLake_ZH-CN3977660997_UHD.jpg
[16:16:21] Image saved to img/background.jpg
[16:16:21] Info saved to README.md
[16:16:21] Image saved to history/2025/08/27.md
[16:16:21] Start geting global Bing Wallpaper, region=en-US, local time is 2025-08-26 12:16:21.015083-04:00
[16:16:21] Successful get url: https://www.bing.com/th?id=OHR.TrulliHouses_EN-US3489439665_UHD.jpg
[16:16:21] Picture infomations saved to  global/en-US/README.md
[16:16:21] Picture infomations saved to global/en-US/history/2025/08/27_en-US.md
[16:16:21] Start geting global Bing Wallpaper, region=ja-JP, local time is 2025-08-27 01:16:21.170739+09:00
[16:16:21] Successful get url: https://www.bing.com/th?id=OHR.FaroeLake_JA-JP5563873968_UHD.jpg
[16:16:21] Picture infomations saved to  global/ja-JP/README.md
[16:16:21] Picture infomations saved to global/ja-JP/history/2025/08/27_ja-JP.md
[16:16:21] Start geting global Bing Wallpaper, region=en-IN, local time is 2025-08-26 21:46:21.367434+05:30
[16:16:21] Successful get url: https://www.bing.com/th?id=OHR.FaroeLake_EN-IN3134235766_UHD.jpg
[16:16:21] Picture infomations saved to  global/en-IN/README.md
[16:16:21] Picture infomations saved to global/en-IN/history/2025/08/26_en-IN.md
[16:16:21] Start geting global Bing Wallpaper, region=pt-BR, local time is 2025-08-26 13:16:21.590479-03:00
[16:16:21] Successful get url: https://www.bing.com/th?id=OHR.TrulliHouses_PT-BR9475692206_UHD.jpg
[16:16:21] Picture infomations saved to  global/pt-BR/README.md
[16:16:21] Picture infomations saved to global/pt-BR/history/2025/08/27_pt-BR.md
[16:16:21] Start geting global Bing Wallpaper, region=fr-FR, local time is 2025-08-26 18:16:21.760063+02:00
[16:16:21] Successful get url: https://www.bing.com/th?id=OHR.TrulliHouses_FR-FR8920368293_UHD.jpg
[16:16:21] Picture infomations saved to  global/fr-FR/README.md
[16:16:21] Picture infomations saved to global/fr-FR/history/2025/08/26_fr-FR.md
[16:16:21] Start geting global Bing Wallpaper, region=de-DE, local time is 2025-08-26 18:16:21.923921+02:00
[16:16:21] Successful get url: https://www.bing.com/th?id=OHR.KitesurferGermany_DE-DE6337370430_UHD.jpg
[16:16:22] Picture infomations saved to  global/de-DE/README.md
[16:16:22] Picture infomations saved to global/de-DE/history/2025/08/26_de-DE.md
[16:16:22] Start geting global Bing Wallpaper, region=en-CA, local time is 2025-08-26 12:16:22.119068-04:00
[16:16:22] Successful get url: https://www.bing.com/th?id=OHR.TrulliHouses_EN-CA2142617397_UHD.jpg
[16:16:22] Picture infomations saved to  global/en-CA/README.md
[16:16:22] Picture infomations saved to global/en-CA/history/2025/08/27_en-CA.md
[16:16:22] Start geting global Bing Wallpaper, region=en-GB, local time is 2025-08-26 17:16:22.266950+01:00
[16:16:22] Successful get url: https://www.bing.com/th?id=OHR.TrulliHouses_EN-GB9384999011_UHD.jpg
[16:16:22] Picture infomations saved to  global/en-GB/README.md
[16:16:22] Picture infomations saved to global/en-GB/history/2025/08/26_en-GB.md
[16:16:22] Start geting global Bing Wallpaper, region=it-IT, local time is 2025-08-26 18:16:22.427799+02:00
[16:16:22] Successful get url: https://www.bing.com/th?id=OHR.FaroeLake_IT-IT9674052822_UHD.jpg
[16:16:22] Picture infomations saved to  global/it-IT/README.md
[16:16:22] Picture infomations saved to global/it-IT/history/2025/08/26_it-IT.md
[16:16:22] Start geting global Bing Wallpaper, region=es-ES, local time is 2025-08-26 18:16:22.579041+02:00
[16:16:22] Successful get url: https://www.bing.com/th?id=OHR.TrulliHouses_ES-ES8633260965_UHD.jpg
[16:16:22] Picture infomations saved to  global/es-ES/README.md
[16:16:22] Picture infomations saved to global/es-ES/history/2025/08/26_es-ES.md
[16:16:22] Start geting global Bing Wallpaper, region=fr-CA, local time is 2025-08-26 12:16:22.734913-04:00
[16:16:22] Successful get url: https://www.bing.com/th?id=OHR.TrulliHouses_FR-CA1043617057_UHD.jpg
[16:16:22] Picture infomations saved to  global/fr-CA/README.md
[16:16:22] Picture infomations saved to global/fr-CA/history/2025/08/27_fr-CA.md
Program exit at 16:16:22
