
Program started at 09:31:27
Operating System Name: Linux
Operating System Version: #18~24.04.1-Ubuntu SMP Sat Jun 28 04:46:03 UTC 2025
System Architecture: ('64bit', 'ELF')
Computer Type: x86_64
Computer Name: pkrvmubgrv54qmi
Processor Type: x86_64
Python Version: 3.12.11
Python Interpreter Name: CPython
[09:31:27] Start geting CN Bing Wallpaper
[09:31:27] Successful get url: https://www.bing.com/th?id=OHR.GipuzcoaSummer_ZH-CN1926924422_UHD.jpg
[09:31:27] Image saved to img/background.jpg
[09:31:27] Info saved to README.md
[09:31:27] Image saved to history/2025/08/19.md
[09:31:27] Start geting global Bing Wallpaper, region=en-US, local time is 2025-08-19 05:31:27.499790-04:00
[09:31:27] Successful get url: https://www.bing.com/th?id=OHR.SolarAviation_EN-US1940905760_UHD.jpg
[09:31:27] Picture infomations saved to  global/en-US/README.md
[09:31:27] Picture infomations saved to global/en-US/history/2025/08/20_en-US.md
[09:31:27] Start geting global Bing Wallpaper, region=ja-JP, local time is 2025-08-19 18:31:27.760069+09:00
[09:31:27] Successful get url: https://www.bing.com/th?id=OHR.SantaMaddalena_JA-JP3939499195_UHD.jpg
[09:31:27] Picture infomations saved to  global/ja-JP/README.md
[09:31:27] Picture infomations saved to global/ja-JP/history/2025/08/19_ja-JP.md
[09:31:27] Start geting global Bing Wallpaper, region=en-IN, local time is 2025-08-19 15:01:27.951389+05:30
[09:31:28] Successful get url: https://www.bing.com/th?id=OHR.SpottedEagleRay_EN-IN2313408086_UHD.jpg
[09:31:28] Picture infomations saved to  global/en-IN/README.md
[09:31:28] Picture infomations saved to global/en-IN/history/2025/08/19_en-IN.md
[09:31:28] Start geting global Bing Wallpaper, region=pt-BR, local time is 2025-08-19 06:31:28.108897-03:00
[09:31:28] Successful get url: https://www.bing.com/th?id=OHR.GipuzcoaSummer_PT-BR3784755779_UHD.jpg
[09:31:28] Picture infomations saved to  global/pt-BR/README.md
[09:31:28] Picture infomations saved to global/pt-BR/history/2025/08/20_pt-BR.md
[09:31:28] Start geting global Bing Wallpaper, region=fr-FR, local time is 2025-08-19 11:31:28.265048+02:00
[09:31:28] Successful get url: https://www.bing.com/th?id=OHR.GipuzcoaSummer_FR-FR5838334376_UHD.jpg
[09:31:28] Picture infomations saved to  global/fr-FR/README.md
[09:31:28] Picture infomations saved to global/fr-FR/history/2025/08/19_fr-FR.md
[09:31:28] Start geting global Bing Wallpaper, region=de-DE, local time is 2025-08-19 11:31:28.399676+02:00
[09:31:28] Successful get url: https://www.bing.com/th?id=OHR.GipuzcoaSummer_DE-DE5130461802_UHD.jpg
[09:31:28] Picture infomations saved to  global/de-DE/README.md
[09:31:28] Picture infomations saved to global/de-DE/history/2025/08/19_de-DE.md
[09:31:28] Start geting global Bing Wallpaper, region=en-CA, local time is 2025-08-19 05:31:28.563587-04:00
[09:31:28] Successful get url: https://www.bing.com/th?id=OHR.VanIsland_EN-CA8465545166_UHD.jpg
[09:31:28] Picture infomations saved to  global/en-CA/README.md
[09:31:28] Picture infomations saved to global/en-CA/history/2025/08/20_en-CA.md
[09:31:28] Start geting global Bing Wallpaper, region=en-GB, local time is 2025-08-19 10:31:28.722248+01:00
[09:31:28] Successful get url: https://www.bing.com/th?id=OHR.IguazuArgentina_EN-GB3342065594_UHD.jpg
[09:31:28] Picture infomations saved to  global/en-GB/README.md
[09:31:28] Picture infomations saved to global/en-GB/history/2025/08/19_en-GB.md
[09:31:28] Start geting global Bing Wallpaper, region=it-IT, local time is 2025-08-19 11:31:28.861625+02:00
[09:31:28] Successful get url: https://www.bing.com/th?id=OHR.GipuzcoaSummer_IT-IT3301652373_UHD.jpg
[09:31:29] Picture infomations saved to  global/it-IT/README.md
[09:31:29] Picture infomations saved to global/it-IT/history/2025/08/19_it-IT.md
[09:31:29] Start geting global Bing Wallpaper, region=es-ES, local time is 2025-08-19 11:31:29.027775+02:00
[09:31:29] Successful get url: https://www.bing.com/th?id=OHR.GipuzcoaSummer_ES-ES6183424688_UHD.jpg
[09:31:29] Picture infomations saved to  global/es-ES/README.md
[09:31:29] Picture infomations saved to global/es-ES/history/2025/08/19_es-ES.md
[09:31:29] Start geting global Bing Wallpaper, region=fr-CA, local time is 2025-08-19 05:31:29.232080-04:00
[09:31:29] Successful get url: https://www.bing.com/th?id=OHR.VanIsland_FR-CA6726898164_UHD.jpg
[09:31:29] Picture infomations saved to  global/fr-CA/README.md
[09:31:29] Picture infomations saved to global/fr-CA/history/2025/08/20_fr-CA.md
Program exit at 09:31:29
