
Program started at 09:34:47
Operating System Name: Linux
Operating System Version: #18~24.04.1-Ubuntu SMP Sat Jun 28 04:46:03 UTC 2025
System Architecture: ('64bit', 'ELF')
Computer Type: x86_64
Computer Name: pkrvmsl9tci6h6u
Processor Type: x86_64
Python Version: 3.12.11
Python Interpreter Name: CPython
[09:34:47] Start geting CN Bing Wallpaper
[09:34:47] Successful get url: https://www.bing.com/th?id=OHR.PizNairPeak_ZH-CN8209144138_UHD.jpg
[09:34:47] Image saved to img/background.jpg
[09:34:47] Info saved to README.md
[09:34:47] Image saved to history/2025/08/14.md
[09:34:47] Start geting global Bing Wallpaper, region=en-US, local time is 2025-08-14 05:34:47.336441-04:00
[09:34:47] Successful get url: https://www.bing.com/th?id=OHR.PizNairPeak_EN-US9097547756_UHD.jpg
[09:34:47] Picture infomations saved to  global/en-US/README.md
[09:34:47] Picture infomations saved to global/en-US/history/2025/08/15_en-US.md
[09:34:47] Start geting global Bing Wallpaper, region=ja-JP, local time is 2025-08-14 18:34:47.433989+09:00
[09:34:47] Successful get url: https://www.bing.com/th?id=OHR.PizNairPeak_JA-JP2425115607_UHD.jpg
[09:34:47] Picture infomations saved to  global/ja-JP/README.md
[09:34:47] Picture infomations saved to global/ja-JP/history/2025/08/14_ja-JP.md
[09:34:47] Start geting global Bing Wallpaper, region=en-IN, local time is 2025-08-14 15:04:47.556983+05:30
[09:34:47] Successful get url: https://www.bing.com/th?id=OHR.PizNairPeak_EN-IN4426119374_UHD.jpg
[09:34:47] Picture infomations saved to  global/en-IN/README.md
[09:34:47] Picture infomations saved to global/en-IN/history/2025/08/14_en-IN.md
[09:34:47] Start geting global Bing Wallpaper, region=pt-BR, local time is 2025-08-14 06:34:47.639128-03:00
[09:34:47] Successful get url: https://www.bing.com/th?id=OHR.PizNairPeak_PT-BR9393263322_UHD.jpg
[09:34:47] Picture infomations saved to  global/pt-BR/README.md
[09:34:47] Picture infomations saved to global/pt-BR/history/2025/08/15_pt-BR.md
[09:34:47] Start geting global Bing Wallpaper, region=fr-FR, local time is 2025-08-14 11:34:47.728153+02:00
[09:34:47] Successful get url: https://www.bing.com/th?id=OHR.PizNairPeak_FR-FR5851853861_UHD.jpg
[09:34:47] Picture infomations saved to  global/fr-FR/README.md
[09:34:47] Picture infomations saved to global/fr-FR/history/2025/08/14_fr-FR.md
[09:34:47] Start geting global Bing Wallpaper, region=de-DE, local time is 2025-08-14 11:34:47.808670+02:00
[09:34:47] Successful get url: https://www.bing.com/th?id=OHR.PizNairPeak_DE-DE6932582005_UHD.jpg
[09:34:47] Picture infomations saved to  global/de-DE/README.md
[09:34:47] Picture infomations saved to global/de-DE/history/2025/08/14_de-DE.md
[09:34:47] Start geting global Bing Wallpaper, region=en-CA, local time is 2025-08-14 05:34:47.895600-04:00
[09:34:47] Successful get url: https://www.bing.com/th?id=OHR.PizNairPeak_EN-CA7466482253_UHD.jpg
[09:34:47] Picture infomations saved to  global/en-CA/README.md
[09:34:47] Picture infomations saved to global/en-CA/history/2025/08/15_en-CA.md
[09:34:47] Start geting global Bing Wallpaper, region=en-GB, local time is 2025-08-14 10:34:47.976648+01:00
[09:34:48] Successful get url: https://www.bing.com/th?id=OHR.PizNairPeak_EN-GB2398585795_UHD.jpg
[09:34:48] Picture infomations saved to  global/en-GB/README.md
[09:34:48] Picture infomations saved to global/en-GB/history/2025/08/14_en-GB.md
[09:34:48] Start geting global Bing Wallpaper, region=it-IT, local time is 2025-08-14 11:34:48.074434+02:00
[09:34:48] Successful get url: https://www.bing.com/th?id=OHR.PizNairPeak_IT-IT2958589125_UHD.jpg
[09:34:48] Picture infomations saved to  global/it-IT/README.md
[09:34:48] Picture infomations saved to global/it-IT/history/2025/08/14_it-IT.md
[09:34:48] Start geting global Bing Wallpaper, region=es-ES, local time is 2025-08-14 11:34:48.172490+02:00
[09:34:48] Successful get url: https://www.bing.com/th?id=OHR.PizNairPeak_ES-ES4449735655_UHD.jpg
[09:34:48] Picture infomations saved to  global/es-ES/README.md
[09:34:48] Picture infomations saved to global/es-ES/history/2025/08/14_es-ES.md
[09:34:48] Start geting global Bing Wallpaper, region=fr-CA, local time is 2025-08-14 05:34:48.252331-04:00
[09:34:48] Successful get url: https://www.bing.com/th?id=OHR.PizNairPeak_FR-CA6049160624_UHD.jpg
[09:34:48] Picture infomations saved to  global/fr-CA/README.md
[09:34:48] Picture infomations saved to global/fr-CA/history/2025/08/15_fr-CA.md
Program exit at 09:34:48
