
Program started at 09:39:41
Operating System Name: Linux
Operating System Version: #18~24.04.1-Ubuntu SMP Sat Jun 28 04:46:03 UTC 2025
System Architecture: ('64bit', 'ELF')
Computer Type: x86_64
Computer Name: pkrvmjbmru5nbw0
Processor Type: x86_64
Python Version: 3.12.11
Python Interpreter Name: CPython
[09:39:41] Start geting CN Bing Wallpaper
[09:39:41] Successful get url: https://www.bing.com/th?id=OHR.EdinburghFringe_ZH-CN5243292664_UHD.jpg
[09:39:42] Image saved to img/background.jpg
[09:39:42] Info saved to README.md
[09:39:42] Image saved to history/2025/08/01.md
[09:39:42] Start geting global Bing Wallpaper, region=en-US, local time is 2025-08-01 05:39:42.034843-04:00
[09:39:42] Successful get url: https://www.bing.com/th?id=OHR.EdinburghFringe_EN-US5923216873_UHD.jpg
[09:39:42] Picture infomations saved to  global/en-US/README.md
[09:39:42] Picture infomations saved to global/en-US/history/2025/08/02_en-US.md
[09:39:42] Start geting global Bing Wallpaper, region=ja-JP, local time is 2025-08-01 18:39:42.123207+09:00
[09:39:42] Successful get url: https://www.bing.com/th?id=OHR.EdinburghFringe_JA-JP2026368495_UHD.jpg
[09:39:42] Picture infomations saved to  global/ja-JP/README.md
[09:39:42] Picture infomations saved to global/ja-JP/history/2025/08/01_ja-JP.md
[09:39:42] Start geting global Bing Wallpaper, region=en-IN, local time is 2025-08-01 15:09:42.207073+05:30
[09:39:42] Successful get url: https://www.bing.com/th?id=OHR.EdinburghFringe_EN-IN8762749558_UHD.jpg
[09:39:42] Picture infomations saved to  global/en-IN/README.md
[09:39:42] Picture infomations saved to global/en-IN/history/2025/08/01_en-IN.md
[09:39:42] Start geting global Bing Wallpaper, region=pt-BR, local time is 2025-08-01 06:39:42.297729-03:00
[09:39:42] Successful get url: https://www.bing.com/th?id=OHR.EdinburghFringe_PT-BR1616898906_UHD.jpg
[09:39:42] Picture infomations saved to  global/pt-BR/README.md
[09:39:42] Picture infomations saved to global/pt-BR/history/2025/08/02_pt-BR.md
[09:39:42] Start geting global Bing Wallpaper, region=fr-FR, local time is 2025-08-01 11:39:42.446946+02:00
[09:39:42] Successful get url: https://www.bing.com/th?id=OHR.LorientCeltic_FR-FR1271228559_UHD.jpg
[09:39:42] Picture infomations saved to  global/fr-FR/README.md
[09:39:42] Picture infomations saved to global/fr-FR/history/2025/08/01_fr-FR.md
[09:39:42] Start geting global Bing Wallpaper, region=de-DE, local time is 2025-08-01 11:39:42.520922+02:00
[09:39:42] Successful get url: https://www.bing.com/th?id=OHR.EdinburghFringe_DE-DE9968170483_UHD.jpg
[09:39:42] Picture infomations saved to  global/de-DE/README.md
[09:39:42] Picture infomations saved to global/de-DE/history/2025/08/01_de-DE.md
[09:39:42] Start geting global Bing Wallpaper, region=en-CA, local time is 2025-08-01 05:39:42.599226-04:00
[09:39:42] Successful get url: https://www.bing.com/th?id=OHR.EdinburghFringe_EN-CA4550434753_UHD.jpg
[09:39:42] Picture infomations saved to  global/en-CA/README.md
[09:39:42] Picture infomations saved to global/en-CA/history/2025/08/02_en-CA.md
[09:39:42] Start geting global Bing Wallpaper, region=en-GB, local time is 2025-08-01 10:39:42.707808+01:00
[09:39:42] Successful get url: https://www.bing.com/th?id=OHR.EdinburghFringe_EN-GB0568642627_UHD.jpg
[09:39:42] Picture infomations saved to  global/en-GB/README.md
[09:39:42] Picture infomations saved to global/en-GB/history/2025/08/01_en-GB.md
[09:39:42] Start geting global Bing Wallpaper, region=it-IT, local time is 2025-08-01 11:39:42.789825+02:00
[09:39:42] Successful get url: https://www.bing.com/th?id=OHR.EdinburghFringe_IT-IT8835204472_UHD.jpg
[09:39:42] Picture infomations saved to  global/it-IT/README.md
[09:39:42] Picture infomations saved to global/it-IT/history/2025/08/01_it-IT.md
[09:39:42] Start geting global Bing Wallpaper, region=es-ES, local time is 2025-08-01 11:39:42.871684+02:00
[09:39:42] Successful get url: https://www.bing.com/th?id=OHR.EdinburghFringe_ES-ES3946944974_UHD.jpg
[09:39:42] Picture infomations saved to  global/es-ES/README.md
[09:39:42] Picture infomations saved to global/es-ES/history/2025/08/01_es-ES.md
[09:39:42] Start geting global Bing Wallpaper, region=fr-CA, local time is 2025-08-01 05:39:42.946837-04:00
[09:39:42] Successful get url: https://www.bing.com/th?id=OHR.EdinburghFringe_FR-CA9015362878_UHD.jpg
[09:39:43] Picture infomations saved to  global/fr-CA/README.md
[09:39:43] Picture infomations saved to global/fr-CA/history/2025/08/02_fr-CA.md
Program exit at 09:39:43
