
Program started at 09:33:51
Operating System Name: Linux
Operating System Version: #18~24.04.1-Ubuntu SMP Sat Jun 28 04:46:03 UTC 2025
System Architecture: ('64bit', 'ELF')
Computer Type: x86_64
Computer Name: pkrvmsl9tci6h6u
Processor Type: x86_64
Python Version: 3.12.11
Python Interpreter Name: CPython
[09:33:51] Start geting CN Bing Wallpaper
[09:33:51] Successful get url: https://www.bing.com/th?id=OHR.KenyaElephants_ZH-CN7587207512_UHD.jpg
[09:33:52] Image saved to img/background.jpg
[09:33:52] Info saved to README.md
[09:33:52] Image saved to history/2025/08/12.md
[09:33:52] Start geting global Bing Wallpaper, region=en-US, local time is 2025-08-12 05:33:52.072820-04:00
[09:33:52] Successful get url: https://www.bing.com/th?id=OHR.KenyaElephants_EN-US8723347309_UHD.jpg
[09:33:52] Picture infomations saved to  global/en-US/README.md
[09:33:52] Picture infomations saved to global/en-US/history/2025/08/13_en-US.md
[09:33:52] Start geting global Bing Wallpaper, region=ja-JP, local time is 2025-08-12 18:33:52.595881+09:00
[09:33:52] Successful get url: https://www.bing.com/th?id=OHR.KenyaElephants_JA-JP2052759218_UHD.jpg
[09:33:52] Picture infomations saved to  global/ja-JP/README.md
[09:33:52] Picture infomations saved to global/ja-JP/history/2025/08/12_ja-JP.md
[09:33:52] Start geting global Bing Wallpaper, region=en-IN, local time is 2025-08-12 15:03:52.914754+05:30
[09:33:52] Successful get url: https://www.bing.com/th?id=OHR.KenyaElephants_EN-IN4022653136_UHD.jpg
[09:33:53] Picture infomations saved to  global/en-IN/README.md
[09:33:53] Picture infomations saved to global/en-IN/history/2025/08/12_en-IN.md
[09:33:53] Start geting global Bing Wallpaper, region=pt-BR, local time is 2025-08-12 06:33:53.205415-03:00
[09:33:53] Successful get url: https://www.bing.com/th?id=OHR.KenyaElephants_PT-BR8192553536_UHD.jpg
[09:33:53] Picture infomations saved to  global/pt-BR/README.md
[09:33:53] Picture infomations saved to global/pt-BR/history/2025/08/13_pt-BR.md
[09:33:53] Start geting global Bing Wallpaper, region=fr-FR, local time is 2025-08-12 11:33:53.565592+02:00
[09:33:53] Successful get url: https://www.bing.com/th?id=OHR.KenyaElephants_FR-FR5329216904_UHD.jpg
[09:33:53] Picture infomations saved to  global/fr-FR/README.md
[09:33:53] Picture infomations saved to global/fr-FR/history/2025/08/12_fr-FR.md
[09:33:53] Start geting global Bing Wallpaper, region=de-DE, local time is 2025-08-12 11:33:53.883839+02:00
[09:33:53] Successful get url: https://www.bing.com/th?id=OHR.KenyaElephants_DE-DE2871911456_UHD.jpg
[09:33:54] Picture infomations saved to  global/de-DE/README.md
[09:33:54] Picture infomations saved to global/de-DE/history/2025/08/12_de-DE.md
[09:33:54] Start geting global Bing Wallpaper, region=en-CA, local time is 2025-08-12 05:33:54.187724-04:00
[09:33:54] Successful get url: https://www.bing.com/th?id=OHR.KenyaElephants_EN-CA6960133643_UHD.jpg
[09:33:54] Picture infomations saved to  global/en-CA/README.md
[09:33:54] Picture infomations saved to global/en-CA/history/2025/08/13_en-CA.md
[09:33:54] Start geting global Bing Wallpaper, region=en-GB, local time is 2025-08-12 10:33:54.533390+01:00
[09:33:54] Successful get url: https://www.bing.com/th?id=OHR.KenyaElephants_EN-GB9514305999_UHD.jpg
[09:33:54] Picture infomations saved to  global/en-GB/README.md
[09:33:54] Picture infomations saved to global/en-GB/history/2025/08/12_en-GB.md
[09:33:54] Start geting global Bing Wallpaper, region=it-IT, local time is 2025-08-12 11:33:54.840327+02:00
[09:33:54] Successful get url: https://www.bing.com/th?id=OHR.KenyaElephants_IT-IT2826374695_UHD.jpg
[09:33:55] Picture infomations saved to  global/it-IT/README.md
[09:33:55] Picture infomations saved to global/it-IT/history/2025/08/12_it-IT.md
[09:33:55] Start geting global Bing Wallpaper, region=es-ES, local time is 2025-08-12 11:33:55.196024+02:00
[09:33:55] Successful get url: https://www.bing.com/th?id=OHR.KenyaElephants_ES-ES4146810031_UHD.jpg
[09:33:55] Picture infomations saved to  global/es-ES/README.md
[09:33:55] Picture infomations saved to global/es-ES/history/2025/08/12_es-ES.md
[09:33:55] Start geting global Bing Wallpaper, region=fr-CA, local time is 2025-08-12 05:33:55.562871-04:00
[09:33:55] Successful get url: https://www.bing.com/th?id=OHR.KenyaElephants_FR-CA5786228560_UHD.jpg
[09:33:55] Picture infomations saved to  global/fr-CA/README.md
[09:33:55] Picture infomations saved to global/fr-CA/history/2025/08/13_fr-CA.md
Program exit at 09:33:55

Program started at 16:17:53
Operating System Name: Linux
Operating System Version: #18~24.04.1-Ubuntu SMP Sat Jun 28 04:46:03 UTC 2025
System Architecture: ('64bit', 'ELF')
Computer Type: x86_64
Computer Name: pkrvmsl9tci6h6u
Processor Type: x86_64
Python Version: 3.12.11
Python Interpreter Name: CPython
[16:17:53] Start geting CN Bing Wallpaper
[16:17:53] Successful get url: https://www.bing.com/th?id=OHR.CoronaArch_ZH-CN5406267193_UHD.jpg
[16:17:53] Image saved to img/background.jpg
[16:17:53] Info saved to README.md
[16:17:53] Image saved to history/2025/08/13.md
[16:17:53] Start geting global Bing Wallpaper, region=en-US, local time is 2025-08-12 12:17:53.237948-04:00
[16:17:53] Successful get url: https://www.bing.com/th?id=OHR.KenyaElephants_EN-US8723347309_UHD.jpg
[16:17:53] Picture infomations saved to  global/en-US/README.md
[16:17:53] Picture infomations saved to global/en-US/history/2025/08/13_en-US.md
[16:17:53] Start geting global Bing Wallpaper, region=ja-JP, local time is 2025-08-13 01:17:53.320913+09:00
[16:17:53] Successful get url: https://www.bing.com/th?id=OHR.CoronaArch_JA-JP2223848865_UHD.jpg
[16:17:53] Picture infomations saved to  global/ja-JP/README.md
[16:17:53] Picture infomations saved to global/ja-JP/history/2025/08/13_ja-JP.md
[16:17:53] Start geting global Bing Wallpaper, region=en-IN, local time is 2025-08-12 21:47:53.579418+05:30
[16:17:53] Successful get url: https://www.bing.com/th?id=OHR.KenyaElephants_EN-IN4022653136_UHD.jpg
[16:17:53] Picture infomations saved to  global/en-IN/README.md
[16:17:53] Picture infomations saved to global/en-IN/history/2025/08/12_en-IN.md
[16:17:53] Start geting global Bing Wallpaper, region=pt-BR, local time is 2025-08-12 13:17:53.749157-03:00
[16:17:53] Successful get url: https://www.bing.com/th?id=OHR.KenyaElephants_PT-BR8192553536_UHD.jpg
[16:17:53] Picture infomations saved to  global/pt-BR/README.md
[16:17:53] Picture infomations saved to global/pt-BR/history/2025/08/13_pt-BR.md
[16:17:53] Start geting global Bing Wallpaper, region=fr-FR, local time is 2025-08-12 18:17:53.846123+02:00
[16:17:53] Successful get url: https://www.bing.com/th?id=OHR.KenyaElephants_FR-FR5329216904_UHD.jpg
[16:17:53] Picture infomations saved to  global/fr-FR/README.md
[16:17:53] Picture infomations saved to global/fr-FR/history/2025/08/12_fr-FR.md
[16:17:53] Start geting global Bing Wallpaper, region=de-DE, local time is 2025-08-12 18:17:53.950851+02:00
[16:17:53] Successful get url: https://www.bing.com/th?id=OHR.KenyaElephants_DE-DE2871911456_UHD.jpg
[16:17:54] Picture infomations saved to  global/de-DE/README.md
[16:17:54] Picture infomations saved to global/de-DE/history/2025/08/12_de-DE.md
[16:17:54] Start geting global Bing Wallpaper, region=en-CA, local time is 2025-08-12 12:17:54.061656-04:00
[16:17:54] Successful get url: https://www.bing.com/th?id=OHR.KenyaElephants_EN-CA6960133643_UHD.jpg
[16:17:54] Picture infomations saved to  global/en-CA/README.md
[16:17:54] Picture infomations saved to global/en-CA/history/2025/08/13_en-CA.md
[16:17:54] Start geting global Bing Wallpaper, region=en-GB, local time is 2025-08-12 17:17:54.131656+01:00
[16:17:54] Successful get url: https://www.bing.com/th?id=OHR.KenyaElephants_EN-GB9514305999_UHD.jpg
[16:17:54] Picture infomations saved to  global/en-GB/README.md
[16:17:54] Picture infomations saved to global/en-GB/history/2025/08/12_en-GB.md
[16:17:54] Start geting global Bing Wallpaper, region=it-IT, local time is 2025-08-12 18:17:54.208172+02:00
[16:17:54] Successful get url: https://www.bing.com/th?id=OHR.KenyaElephants_IT-IT2826374695_UHD.jpg
[16:17:54] Picture infomations saved to  global/it-IT/README.md
[16:17:54] Picture infomations saved to global/it-IT/history/2025/08/12_it-IT.md
[16:17:54] Start geting global Bing Wallpaper, region=es-ES, local time is 2025-08-12 18:17:54.464371+02:00
[16:17:54] Successful get url: https://www.bing.com/th?id=OHR.KenyaElephants_ES-ES4146810031_UHD.jpg
[16:17:54] Picture infomations saved to  global/es-ES/README.md
[16:17:54] Picture infomations saved to global/es-ES/history/2025/08/12_es-ES.md
[16:17:54] Start geting global Bing Wallpaper, region=fr-CA, local time is 2025-08-12 12:17:54.601347-04:00
[16:17:54] Successful get url: https://www.bing.com/th?id=OHR.KenyaElephants_FR-CA5786228560_UHD.jpg
[16:17:54] Picture infomations saved to  global/fr-CA/README.md
[16:17:54] Picture infomations saved to global/fr-CA/history/2025/08/13_fr-CA.md
Program exit at 16:17:54
