
Program started at 09:33:22
Operating System Name: Linux
Operating System Version: #15~24.04.1-Ubuntu SMP Thu May  1 02:52:08 UTC 2025
System Architecture: ('64bit', 'ELF')
Computer Type: x86_64
Computer Name: fv-az1393-951
Processor Type: x86_64
Python Version: 3.12.11
Python Interpreter Name: CPython
[09:33:22] Start geting CN Bing Wallpaper
[09:33:22] Successful get url: https://www.bing.com/th?id=OHR.HorseheadRock_ZH-CN9319651125_UHD.jpg
[09:33:22] Image saved to img/background.jpg
[09:33:22] Info saved to README.md
[09:33:22] Image saved to history/2025/06/26.md
[09:33:22] Start geting global Bing Wallpaper, region=en-US, local time is 2025-06-26 05:33:22.881905-04:00
[09:33:22] Successful get url: https://www.bing.com/th?id=OHR.HorseheadRock_EN-US2494437641_UHD.jpg
[09:33:23] Picture infomations saved to  global/en-US/README.md
[09:33:23] Picture infomations saved to global/en-US/history/2025/06/27_en-US.md
[09:33:23] Start geting global Bing Wallpaper, region=ja-JP, local time is 2025-06-26 18:33:23.009977+09:00
[09:33:23] Successful get url: https://www.bing.com/th?id=OHR.HorseheadRock_JA-JP9769020996_UHD.jpg
[09:33:23] Picture infomations saved to  global/ja-JP/README.md
[09:33:23] Picture infomations saved to global/ja-JP/history/2025/06/26_ja-JP.md
[09:33:23] Start geting global Bing Wallpaper, region=en-IN, local time is 2025-06-26 15:03:23.149741+05:30
[09:33:23] Successful get url: https://www.bing.com/th?id=OHR.HorseheadRock_EN-IN7173211843_UHD.jpg
[09:33:23] Picture infomations saved to  global/en-IN/README.md
[09:33:23] Picture infomations saved to global/en-IN/history/2025/06/26_en-IN.md
[09:33:23] Start geting global Bing Wallpaper, region=pt-BR, local time is 2025-06-26 06:33:23.295968-03:00
[09:33:23] Successful get url: https://www.bing.com/th?id=OHR.HorseheadRock_PT-BR5419648033_UHD.jpg
[09:33:23] Picture infomations saved to  global/pt-BR/README.md
[09:33:23] Picture infomations saved to global/pt-BR/history/2025/06/27_pt-BR.md
[09:33:23] Start geting global Bing Wallpaper, region=fr-FR, local time is 2025-06-26 11:33:23.659322+02:00
[09:33:23] Successful get url: https://www.bing.com/th?id=OHR.HorseheadRock_FR-FR1124567196_UHD.jpg
[09:33:23] Picture infomations saved to  global/fr-FR/README.md
[09:33:23] Picture infomations saved to global/fr-FR/history/2025/06/26_fr-FR.md
[09:33:23] Start geting global Bing Wallpaper, region=de-DE, local time is 2025-06-26 11:33:23.809163+02:00
[09:33:23] Successful get url: https://www.bing.com/th?id=OHR.HorseheadRock_DE-DE6717487152_UHD.jpg
[09:33:23] Picture infomations saved to  global/de-DE/README.md
[09:33:23] Picture infomations saved to global/de-DE/history/2025/06/26_de-DE.md
[09:33:23] Start geting global Bing Wallpaper, region=en-CA, local time is 2025-06-26 05:33:23.942361-04:00
[09:33:23] Successful get url: https://www.bing.com/th?id=OHR.HorseheadRock_EN-CA0845252877_UHD.jpg
[09:33:24] Picture infomations saved to  global/en-CA/README.md
[09:33:24] Picture infomations saved to global/en-CA/history/2025/06/27_en-CA.md
[09:33:24] Start geting global Bing Wallpaper, region=en-GB, local time is 2025-06-26 10:33:24.136070+01:00
[09:33:24] Successful get url: https://www.bing.com/th?id=OHR.HorseheadRock_EN-GB7257455536_UHD.jpg
[09:33:24] Picture infomations saved to  global/en-GB/README.md
[09:33:24] Picture infomations saved to global/en-GB/history/2025/06/26_en-GB.md
[09:33:24] Start geting global Bing Wallpaper, region=it-IT, local time is 2025-06-26 11:33:24.286321+02:00
[09:33:24] Successful get url: https://www.bing.com/th?id=OHR.HorseheadRock_IT-IT0871929651_UHD.jpg
[09:33:24] Picture infomations saved to  global/it-IT/README.md
[09:33:24] Picture infomations saved to global/it-IT/history/2025/06/26_it-IT.md
[09:33:24] Start geting global Bing Wallpaper, region=es-ES, local time is 2025-06-26 11:33:24.427036+02:00
[09:33:24] Successful get url: https://www.bing.com/th?id=OHR.HorseheadRock_ES-ES1398658009_UHD.jpg
[09:33:24] Picture infomations saved to  global/es-ES/README.md
[09:33:24] Picture infomations saved to global/es-ES/history/2025/06/26_es-ES.md
[09:33:24] Start geting global Bing Wallpaper, region=fr-CA, local time is 2025-06-26 05:33:24.578163-04:00
[09:33:24] Successful get url: https://www.bing.com/th?id=OHR.HorseheadRock_FR-CA1420999474_UHD.jpg
[09:33:24] Picture infomations saved to  global/fr-CA/README.md
[09:33:24] Picture infomations saved to global/fr-CA/history/2025/06/27_fr-CA.md
Program exit at 09:33:24

Program started at 16:17:05
Operating System Name: Linux
Operating System Version: #15~24.04.1-Ubuntu SMP Thu May  1 02:52:08 UTC 2025
System Architecture: ('64bit', 'ELF')
Computer Type: x86_64
Computer Name: fv-az1689-209
Processor Type: x86_64
Python Version: 3.12.11
Python Interpreter Name: CPython
[16:17:05] Start geting CN Bing Wallpaper
[16:17:05] Successful get url: https://www.bing.com/th?id=OHR.SwedenReserve_ZH-CN9963744170_UHD.jpg
[16:17:05] Image saved to img/background.jpg
[16:17:05] Info saved to README.md
[16:17:05] Image saved to history/2025/06/27.md
[16:17:05] Start geting global Bing Wallpaper, region=en-US, local time is 2025-06-26 12:17:05.307386-04:00
[16:17:05] Successful get url: https://www.bing.com/th?id=OHR.HorseheadRock_EN-US2494437641_UHD.jpg
[16:17:05] Picture infomations saved to  global/en-US/README.md
[16:17:05] Picture infomations saved to global/en-US/history/2025/06/27_en-US.md
[16:17:05] Start geting global Bing Wallpaper, region=ja-JP, local time is 2025-06-27 01:17:05.415313+09:00
[16:17:05] Successful get url: https://www.bing.com/th?id=OHR.ShetlandGannets_JA-JP3345232589_UHD.jpg
[16:17:05] Picture infomations saved to  global/ja-JP/README.md
[16:17:05] Picture infomations saved to global/ja-JP/history/2025/06/27_ja-JP.md
[16:17:05] Start geting global Bing Wallpaper, region=en-IN, local time is 2025-06-26 21:47:05.565268+05:30
[16:17:05] Successful get url: https://www.bing.com/th?id=OHR.HorseheadRock_EN-IN7173211843_UHD.jpg
[16:17:05] Picture infomations saved to  global/en-IN/README.md
[16:17:05] Picture infomations saved to global/en-IN/history/2025/06/26_en-IN.md
[16:17:05] Start geting global Bing Wallpaper, region=pt-BR, local time is 2025-06-26 13:17:05.809909-03:00
[16:17:05] Successful get url: https://www.bing.com/th?id=OHR.HorseheadRock_PT-BR5419648033_UHD.jpg
[16:17:05] Picture infomations saved to  global/pt-BR/README.md
[16:17:05] Picture infomations saved to global/pt-BR/history/2025/06/27_pt-BR.md
[16:17:05] Start geting global Bing Wallpaper, region=fr-FR, local time is 2025-06-26 18:17:05.965816+02:00
[16:17:05] Successful get url: https://www.bing.com/th?id=OHR.HorseheadRock_FR-FR1124567196_UHD.jpg
[16:17:06] Picture infomations saved to  global/fr-FR/README.md
[16:17:06] Picture infomations saved to global/fr-FR/history/2025/06/26_fr-FR.md
[16:17:06] Start geting global Bing Wallpaper, region=de-DE, local time is 2025-06-26 18:17:06.131130+02:00
[16:17:06] Successful get url: https://www.bing.com/th?id=OHR.HorseheadRock_DE-DE6717487152_UHD.jpg
[16:17:06] Picture infomations saved to  global/de-DE/README.md
[16:17:06] Picture infomations saved to global/de-DE/history/2025/06/26_de-DE.md
[16:17:06] Start geting global Bing Wallpaper, region=en-CA, local time is 2025-06-26 12:17:06.268499-04:00
[16:17:06] Successful get url: https://www.bing.com/th?id=OHR.HorseheadRock_EN-CA0845252877_UHD.jpg
[16:17:06] Picture infomations saved to  global/en-CA/README.md
[16:17:06] Picture infomations saved to global/en-CA/history/2025/06/27_en-CA.md
[16:17:06] Start geting global Bing Wallpaper, region=en-GB, local time is 2025-06-26 17:17:06.566366+01:00
[16:17:06] Successful get url: https://www.bing.com/th?id=OHR.HorseheadRock_EN-GB7257455536_UHD.jpg
[16:17:06] Picture infomations saved to  global/en-GB/README.md
[16:17:06] Picture infomations saved to global/en-GB/history/2025/06/26_en-GB.md
[16:17:06] Start geting global Bing Wallpaper, region=it-IT, local time is 2025-06-26 18:17:06.702542+02:00
[16:17:06] Successful get url: https://www.bing.com/th?id=OHR.HorseheadRock_IT-IT0871929651_UHD.jpg
[16:17:06] Picture infomations saved to  global/it-IT/README.md
[16:17:06] Picture infomations saved to global/it-IT/history/2025/06/26_it-IT.md
[16:17:06] Start geting global Bing Wallpaper, region=es-ES, local time is 2025-06-26 18:17:06.847219+02:00
[16:17:06] Successful get url: https://www.bing.com/th?id=OHR.HorseheadRock_ES-ES1398658009_UHD.jpg
[16:17:07] Picture infomations saved to  global/es-ES/README.md
[16:17:07] Picture infomations saved to global/es-ES/history/2025/06/26_es-ES.md
[16:17:07] Start geting global Bing Wallpaper, region=fr-CA, local time is 2025-06-26 12:17:07.015118-04:00
[16:17:07] Successful get url: https://www.bing.com/th?id=OHR.HorseheadRock_FR-CA1420999474_UHD.jpg
[16:17:07] Picture infomations saved to  global/fr-CA/README.md
[16:17:07] Picture infomations saved to global/fr-CA/history/2025/06/27_fr-CA.md
Program exit at 16:17:07
