
Program started at 09:34:35
Operating System Name: Linux
Operating System Version: #15~24.04.1-Ubuntu SMP Thu May  1 02:52:08 UTC 2025
System Architecture: ('64bit', 'ELF')
Computer Type: x86_64
Computer Name: fv-az1701-706
Processor Type: x86_64
Python Version: 3.12.11
Python Interpreter Name: CPython
[09:34:35] Start geting CN Bing Wallpaper
[09:34:35] Successful get url: https://www.bing.com/th?id=OHR.SeaTurtleBrazil_ZH-CN6907161064_UHD.jpg
[09:34:35] Image saved to img/background.jpg
[09:34:35] Info saved to README.md
[09:34:35] Image saved to history/2025/06/16.md
[09:34:35] Start geting global Bing Wallpaper, region=en-US, local time is 2025-06-16 05:34:35.153159-04:00
[09:34:35] Successful get url: https://www.bing.com/th?id=OHR.SeaTurtleBrazil_EN-US1789042400_UHD.jpg
[09:34:35] Picture infomations saved to  global/en-US/README.md
[09:34:35] Picture infomations saved to global/en-US/history/2025/06/17_en-US.md
[09:34:35] Start geting global Bing Wallpaper, region=ja-JP, local time is 2025-06-16 18:34:35.262402+09:00
[09:34:35] Successful get url: https://www.bing.com/th?id=OHR.SeaTurtleBrazil_JA-JP7521430958_UHD.jpg
[09:34:35] Picture infomations saved to  global/ja-JP/README.md
[09:34:35] Picture infomations saved to global/ja-JP/history/2025/06/16_ja-JP.md
[09:34:35] Start geting global Bing Wallpaper, region=en-IN, local time is 2025-06-16 15:04:35.361504+05:30
[09:34:35] Successful get url: https://www.bing.com/th?id=OHR.SeaTurtleBrazil_EN-IN8664549604_UHD.jpg
[09:34:35] Picture infomations saved to  global/en-IN/README.md
[09:34:35] Picture infomations saved to global/en-IN/history/2025/06/16_en-IN.md
[09:34:35] Start geting global Bing Wallpaper, region=pt-BR, local time is 2025-06-16 06:34:35.450815-03:00
[09:34:35] Successful get url: https://www.bing.com/th?id=OHR.SeaTurtleBrazil_PT-BR6302602860_UHD.jpg
[09:34:35] Picture infomations saved to  global/pt-BR/README.md
[09:34:35] Picture infomations saved to global/pt-BR/history/2025/06/17_pt-BR.md
[09:34:35] Start geting global Bing Wallpaper, region=fr-FR, local time is 2025-06-16 11:34:35.527745+02:00
[09:34:35] Successful get url: https://www.bing.com/th?id=OHR.SeaTurtleBrazil_FR-FR5032411493_UHD.jpg
[09:34:35] Picture infomations saved to  global/fr-FR/README.md
[09:34:35] Picture infomations saved to global/fr-FR/history/2025/06/16_fr-FR.md
[09:34:35] Start geting global Bing Wallpaper, region=de-DE, local time is 2025-06-16 11:34:35.611006+02:00
[09:34:35] Successful get url: https://www.bing.com/th?id=OHR.SeaTurtleBrazil_DE-DE8779154294_UHD.jpg
[09:34:35] Picture infomations saved to  global/de-DE/README.md
[09:34:35] Picture infomations saved to global/de-DE/history/2025/06/16_de-DE.md
[09:34:35] Start geting global Bing Wallpaper, region=en-CA, local time is 2025-06-16 05:34:35.681622-04:00
[09:34:35] Successful get url: https://www.bing.com/th?id=OHR.SeaTurtleBrazil_EN-CA4683535863_UHD.jpg
[09:34:35] Picture infomations saved to  global/en-CA/README.md
[09:34:35] Picture infomations saved to global/en-CA/history/2025/06/17_en-CA.md
[09:34:35] Start geting global Bing Wallpaper, region=en-GB, local time is 2025-06-16 10:34:35.757241+01:00
[09:34:35] Successful get url: https://www.bing.com/th?id=OHR.SeaTurtleBrazil_EN-GB7944725129_UHD.jpg
[09:34:35] Picture infomations saved to  global/en-GB/README.md
[09:34:35] Picture infomations saved to global/en-GB/history/2025/06/16_en-GB.md
[09:34:35] Start geting global Bing Wallpaper, region=it-IT, local time is 2025-06-16 11:34:35.851703+02:00
[09:34:35] Successful get url: https://www.bing.com/th?id=OHR.SeaTurtleBrazil_IT-IT6000717103_UHD.jpg
[09:34:35] Picture infomations saved to  global/it-IT/README.md
[09:34:35] Picture infomations saved to global/it-IT/history/2025/06/16_it-IT.md
[09:34:35] Start geting global Bing Wallpaper, region=es-ES, local time is 2025-06-16 11:34:35.942529+02:00
[09:34:35] Successful get url: https://www.bing.com/th?id=OHR.SeaTurtleBrazil_ES-ES0110277118_UHD.jpg
[09:34:36] Picture infomations saved to  global/es-ES/README.md
[09:34:36] Picture infomations saved to global/es-ES/history/2025/06/16_es-ES.md
[09:34:36] Start geting global Bing Wallpaper, region=fr-CA, local time is 2025-06-16 05:34:36.019534-04:00
[09:34:36] Successful get url: https://www.bing.com/th?id=OHR.SeaTurtleBrazil_FR-CA9368188132_UHD.jpg
[09:34:36] Picture infomations saved to  global/fr-CA/README.md
[09:34:36] Picture infomations saved to global/fr-CA/history/2025/06/17_fr-CA.md
Program exit at 09:34:36

Program started at 16:17:32
Operating System Name: Linux
Operating System Version: #15~24.04.1-Ubuntu SMP Thu May  1 02:52:08 UTC 2025
System Architecture: ('64bit', 'ELF')
Computer Type: x86_64
Computer Name: fv-az1933-556
Processor Type: x86_64
Python Version: 3.12.11
Python Interpreter Name: CPython
[16:17:32] Start geting CN Bing Wallpaper
[16:17:32] Successful get url: https://www.bing.com/th?id=OHR.CumberlandOaks_ZH-CN7265906780_UHD.jpg
[16:17:32] Image saved to img/background.jpg
[16:17:32] Info saved to README.md
[16:17:32] Image saved to history/2025/06/17.md
[16:17:32] Start geting global Bing Wallpaper, region=en-US, local time is 2025-06-16 12:17:32.778067-04:00
[16:17:32] Successful get url: https://www.bing.com/th?id=OHR.SeaTurtleBrazil_EN-US1789042400_UHD.jpg
[16:17:32] Picture infomations saved to  global/en-US/README.md
[16:17:32] Picture infomations saved to global/en-US/history/2025/06/17_en-US.md
[16:17:32] Start geting global Bing Wallpaper, region=ja-JP, local time is 2025-06-17 01:17:32.946543+09:00
[16:17:32] Successful get url: https://www.bing.com/th?id=OHR.CumberlandOaks_JA-JP7607865039_UHD.jpg
[16:17:33] Picture infomations saved to  global/ja-JP/README.md
[16:17:33] Picture infomations saved to global/ja-JP/history/2025/06/17_ja-JP.md
[16:17:33] Start geting global Bing Wallpaper, region=en-IN, local time is 2025-06-16 21:47:33.068928+05:30
[16:17:33] Successful get url: https://www.bing.com/th?id=OHR.SeaTurtleBrazil_EN-IN8664549604_UHD.jpg
[16:17:33] Picture infomations saved to  global/en-IN/README.md
[16:17:33] Picture infomations saved to global/en-IN/history/2025/06/16_en-IN.md
[16:17:33] Start geting global Bing Wallpaper, region=pt-BR, local time is 2025-06-16 13:17:33.190216-03:00
[16:17:33] Successful get url: https://www.bing.com/th?id=OHR.SeaTurtleBrazil_PT-BR6302602860_UHD.jpg
[16:17:33] Picture infomations saved to  global/pt-BR/README.md
[16:17:33] Picture infomations saved to global/pt-BR/history/2025/06/17_pt-BR.md
[16:17:33] Start geting global Bing Wallpaper, region=fr-FR, local time is 2025-06-16 18:17:33.492892+02:00
[16:17:33] Successful get url: https://www.bing.com/th?id=OHR.SeaTurtleBrazil_FR-FR5032411493_UHD.jpg
[16:17:33] Picture infomations saved to  global/fr-FR/README.md
[16:17:33] Picture infomations saved to global/fr-FR/history/2025/06/16_fr-FR.md
[16:17:33] Start geting global Bing Wallpaper, region=de-DE, local time is 2025-06-16 18:17:33.610386+02:00
[16:17:33] Successful get url: https://www.bing.com/th?id=OHR.SeaTurtleBrazil_DE-DE8779154294_UHD.jpg
[16:17:33] Picture infomations saved to  global/de-DE/README.md
[16:17:33] Picture infomations saved to global/de-DE/history/2025/06/16_de-DE.md
[16:17:33] Start geting global Bing Wallpaper, region=en-CA, local time is 2025-06-16 12:17:33.725771-04:00
[16:17:33] Successful get url: https://www.bing.com/th?id=OHR.SeaTurtleBrazil_EN-CA4683535863_UHD.jpg
[16:17:33] Picture infomations saved to  global/en-CA/README.md
[16:17:33] Picture infomations saved to global/en-CA/history/2025/06/17_en-CA.md
[16:17:33] Start geting global Bing Wallpaper, region=en-GB, local time is 2025-06-16 17:17:33.868884+01:00
[16:17:33] Successful get url: https://www.bing.com/th?id=OHR.SeaTurtleBrazil_EN-GB7944725129_UHD.jpg
[16:17:34] Picture infomations saved to  global/en-GB/README.md
[16:17:34] Picture infomations saved to global/en-GB/history/2025/06/16_en-GB.md
[16:17:34] Start geting global Bing Wallpaper, region=it-IT, local time is 2025-06-16 18:17:34.002057+02:00
[16:17:34] Successful get url: https://www.bing.com/th?id=OHR.SeaTurtleBrazil_IT-IT6000717103_UHD.jpg
[16:17:34] Picture infomations saved to  global/it-IT/README.md
[16:17:34] Picture infomations saved to global/it-IT/history/2025/06/16_it-IT.md
[16:17:34] Start geting global Bing Wallpaper, region=es-ES, local time is 2025-06-16 18:17:34.111767+02:00
[16:17:34] Successful get url: https://www.bing.com/th?id=OHR.SeaTurtleBrazil_ES-ES0110277118_UHD.jpg
[16:17:34] Picture infomations saved to  global/es-ES/README.md
[16:17:34] Picture infomations saved to global/es-ES/history/2025/06/16_es-ES.md
[16:17:34] Start geting global Bing Wallpaper, region=fr-CA, local time is 2025-06-16 12:17:34.238171-04:00
[16:17:34] Successful get url: https://www.bing.com/th?id=OHR.SeaTurtleBrazil_FR-CA9368188132_UHD.jpg
[16:17:34] Picture infomations saved to  global/fr-CA/README.md
[16:17:34] Picture infomations saved to global/fr-CA/history/2025/06/17_fr-CA.md
Program exit at 16:17:34
