
Program started at 09:32:26
Operating System Name: Linux
Operating System Version: #15~24.04.1-Ubuntu SMP Thu May  1 02:52:08 UTC 2025
System Architecture: ('64bit', 'ELF')
Computer Type: x86_64
Computer Name: fv-az789-736
Processor Type: x86_64
Python Version: 3.12.11
Python Interpreter Name: CPython
[09:32:26] Start geting CN Bing Wallpaper
[09:32:26] Successful get url: https://www.bing.com/th?id=OHR.BigBendChisos_ZH-CN3794880768_UHD.jpg
[09:32:26] Image saved to img/background.jpg
[09:32:26] Info saved to README.md
[09:32:26] Image saved to history/2025/06/12.md
[09:32:26] Start geting global Bing Wallpaper, region=en-US, local time is 2025-06-12 05:32:26.587750-04:00
[09:32:26] Successful get url: https://www.bing.com/th?id=OHR.BigBendChisos_EN-US9433220487_UHD.jpg
[09:32:26] Picture infomations saved to  global/en-US/README.md
[09:32:26] Picture infomations saved to global/en-US/history/2025/06/13_en-US.md
[09:32:26] Start geting global Bing Wallpaper, region=ja-JP, local time is 2025-06-12 18:32:26.709278+09:00
[09:32:26] Successful get url: https://www.bing.com/th?id=OHR.BigBendChisos_JA-JP6210752580_UHD.jpg
[09:32:26] Picture infomations saved to  global/ja-JP/README.md
[09:32:26] Picture infomations saved to global/ja-JP/history/2025/06/12_ja-JP.md
[09:32:26] Start geting global Bing Wallpaper, region=en-IN, local time is 2025-06-12 15:02:26.889806+05:30
[09:32:26] Successful get url: https://www.bing.com/th?id=OHR.BigBendChisos_EN-IN8688758463_UHD.jpg
[09:32:27] Picture infomations saved to  global/en-IN/README.md
[09:32:27] Picture infomations saved to global/en-IN/history/2025/06/12_en-IN.md
[09:32:27] Start geting global Bing Wallpaper, region=pt-BR, local time is 2025-06-12 06:32:27.138409-03:00
[09:32:27] Successful get url: https://www.bing.com/th?id=OHR.DiaDosNamoradosMacaws_PT-BR5812210481_UHD.jpg
[09:32:27] Picture infomations saved to  global/pt-BR/README.md
[09:32:27] Picture infomations saved to global/pt-BR/history/2025/06/13_pt-BR.md
[09:32:27] Start geting global Bing Wallpaper, region=fr-FR, local time is 2025-06-12 11:32:27.419816+02:00
[09:32:27] Successful get url: https://www.bing.com/th?id=OHR.BigBendChisos_FR-FR3569892339_UHD.jpg
[09:32:27] Picture infomations saved to  global/fr-FR/README.md
[09:32:27] Picture infomations saved to global/fr-FR/history/2025/06/12_fr-FR.md
[09:32:27] Start geting global Bing Wallpaper, region=de-DE, local time is 2025-06-12 11:32:27.581689+02:00
[09:32:27] Successful get url: https://www.bing.com/th?id=OHR.BigBendChisos_DE-DE8761208781_UHD.jpg
[09:32:27] Picture infomations saved to  global/de-DE/README.md
[09:32:27] Picture infomations saved to global/de-DE/history/2025/06/12_de-DE.md
[09:32:27] Start geting global Bing Wallpaper, region=en-CA, local time is 2025-06-12 05:32:27.738009-04:00
[09:32:27] Successful get url: https://www.bing.com/th?id=OHR.BigBendChisos_EN-CA9916478769_UHD.jpg
[09:32:27] Picture infomations saved to  global/en-CA/README.md
[09:32:27] Picture infomations saved to global/en-CA/history/2025/06/13_en-CA.md
[09:32:27] Start geting global Bing Wallpaper, region=en-GB, local time is 2025-06-12 10:32:27.879054+01:00
[09:32:27] Successful get url: https://www.bing.com/th?id=OHR.BigBendChisos_EN-GB2685461627_UHD.jpg
[09:32:28] Picture infomations saved to  global/en-GB/README.md
[09:32:28] Picture infomations saved to global/en-GB/history/2025/06/12_en-GB.md
[09:32:28] Start geting global Bing Wallpaper, region=it-IT, local time is 2025-06-12 11:32:28.046903+02:00
[09:32:28] Successful get url: https://www.bing.com/th?id=OHR.BigBendChisos_IT-IT7015361266_UHD.jpg
[09:32:28] Picture infomations saved to  global/it-IT/README.md
[09:32:28] Picture infomations saved to global/it-IT/history/2025/06/12_it-IT.md
[09:32:28] Start geting global Bing Wallpaper, region=es-ES, local time is 2025-06-12 11:32:28.214333+02:00
[09:32:28] Successful get url: https://www.bing.com/th?id=OHR.BigBendChisos_ES-ES3904650593_UHD.jpg
[09:32:28] Picture infomations saved to  global/es-ES/README.md
[09:32:28] Picture infomations saved to global/es-ES/history/2025/06/12_es-ES.md
[09:32:28] Start geting global Bing Wallpaper, region=fr-CA, local time is 2025-06-12 05:32:28.388300-04:00
[09:32:28] Successful get url: https://www.bing.com/th?id=OHR.BigBendChisos_FR-CA7282814155_UHD.jpg
[09:32:28] Picture infomations saved to  global/fr-CA/README.md
[09:32:28] Picture infomations saved to global/fr-CA/history/2025/06/13_fr-CA.md
Program exit at 09:32:28
