
Program started at 09:28:44
Operating System Name: Linux
Operating System Version: #15~24.04.1-Ubuntu SMP Thu May  1 02:52:08 UTC 2025
System Architecture: ('64bit', 'ELF')
Computer Type: x86_64
Computer Name: fv-az1048-713
Processor Type: x86_64
Python Version: 3.12.10
Python Interpreter Name: CPython
[09:28:44] Start geting CN Bing Wallpaper
[09:28:45] Successful get url: https://www.bing.com/th?id=OHR.StellarSeaLions_ZH-CN2859514359_UHD.jpg
[09:28:45] Image saved to img/background.jpg
[09:28:45] Info saved to README.md
[09:28:45] Image saved to history/2025/06/08.md
[09:28:45] Start geting global Bing Wallpaper, region=en-US, local time is 2025-06-08 05:28:45.152455-04:00
[09:28:45] Successful get url: https://www.bing.com/th?id=OHR.StellarSeaLions_EN-US8941740506_UHD.jpg
[09:28:45] Picture infomations saved to  global/en-US/README.md
[09:28:45] Picture infomations saved to global/en-US/history/2025/06/09_en-US.md
[09:28:45] Start geting global Bing Wallpaper, region=ja-JP, local time is 2025-06-08 18:28:45.322340+09:00
[09:28:45] Successful get url: https://www.bing.com/th?id=OHR.StellarSeaLions_JA-JP5798122573_UHD.jpg
[09:28:45] Picture infomations saved to  global/ja-JP/README.md
[09:28:45] Picture infomations saved to global/ja-JP/history/2025/06/08_ja-JP.md
[09:28:45] Start geting global Bing Wallpaper, region=en-IN, local time is 2025-06-08 14:58:45.482284+05:30
[09:28:45] Successful get url: https://www.bing.com/th?id=OHR.StellarSeaLions_EN-IN8181624578_UHD.jpg
[09:28:45] Picture infomations saved to  global/en-IN/README.md
[09:28:45] Picture infomations saved to global/en-IN/history/2025/06/08_en-IN.md
[09:28:45] Start geting global Bing Wallpaper, region=pt-BR, local time is 2025-06-08 06:28:45.642972-03:00
[09:28:45] Successful get url: https://www.bing.com/th?id=OHR.StellarSeaLions_PT-BR8572574389_UHD.jpg
[09:28:45] Picture infomations saved to  global/pt-BR/README.md
[09:28:45] Picture infomations saved to global/pt-BR/history/2025/06/09_pt-BR.md
[09:28:45] Start geting global Bing Wallpaper, region=fr-FR, local time is 2025-06-08 11:28:45.808224+02:00
[09:28:45] Successful get url: https://www.bing.com/th?id=OHR.StellarSeaLions_FR-FR2842179483_UHD.jpg
[09:28:45] Picture infomations saved to  global/fr-FR/README.md
[09:28:45] Picture infomations saved to global/fr-FR/history/2025/06/08_fr-FR.md
[09:28:45] Start geting global Bing Wallpaper, region=de-DE, local time is 2025-06-08 11:28:45.966524+02:00
[09:28:46] Successful get url: https://www.bing.com/th?id=OHR.StellarSeaLions_DE-DE0269577220_UHD.jpg
[09:28:46] Picture infomations saved to  global/de-DE/README.md
[09:28:46] Picture infomations saved to global/de-DE/history/2025/06/08_de-DE.md
[09:28:46] Start geting global Bing Wallpaper, region=en-CA, local time is 2025-06-08 05:28:46.130204-04:00
[09:28:46] Successful get url: https://www.bing.com/th?id=OHR.StellarSeaLions_EN-CA9034182046_UHD.jpg
[09:28:46] Picture infomations saved to  global/en-CA/README.md
[09:28:46] Picture infomations saved to global/en-CA/history/2025/06/09_en-CA.md
[09:28:46] Start geting global Bing Wallpaper, region=en-GB, local time is 2025-06-08 10:28:46.292486+01:00
[09:28:46] Successful get url: https://www.bing.com/th?id=OHR.StellarSeaLions_EN-GB2192736311_UHD.jpg
[09:28:46] Picture infomations saved to  global/en-GB/README.md
[09:28:46] Picture infomations saved to global/en-GB/history/2025/06/08_en-GB.md
[09:28:46] Start geting global Bing Wallpaper, region=it-IT, local time is 2025-06-08 11:28:46.454585+02:00
[09:28:46] Successful get url: https://www.bing.com/th?id=OHR.StellarSeaLions_IT-IT5341813083_UHD.jpg
[09:28:46] Picture infomations saved to  global/it-IT/README.md
[09:28:46] Picture infomations saved to global/it-IT/history/2025/06/08_it-IT.md
[09:28:46] Start geting global Bing Wallpaper, region=es-ES, local time is 2025-06-08 11:28:46.611009+02:00
[09:28:46] Successful get url: https://www.bing.com/th?id=OHR.StellarSeaLions_ES-ES3294354632_UHD.jpg
[09:28:46] Picture infomations saved to  global/es-ES/README.md
[09:28:46] Picture infomations saved to global/es-ES/history/2025/06/08_es-ES.md
[09:28:46] Start geting global Bing Wallpaper, region=fr-CA, local time is 2025-06-08 05:28:46.771550-04:00
[09:28:46] Successful get url: https://www.bing.com/th?id=OHR.StellarSeaLions_FR-CA6755982430_UHD.jpg
[09:28:46] Picture infomations saved to  global/fr-CA/README.md
[09:28:46] Picture infomations saved to global/fr-CA/history/2025/06/09_fr-CA.md
Program exit at 09:28:46

Program started at 16:15:24
Operating System Name: Linux
Operating System Version: #15~24.04.1-Ubuntu SMP Thu May  1 02:52:08 UTC 2025
System Architecture: ('64bit', 'ELF')
Computer Type: x86_64
Computer Name: fv-az1373-359
Processor Type: x86_64
Python Version: 3.12.10
Python Interpreter Name: CPython
[16:15:24] Start geting CN Bing Wallpaper
[16:15:24] Successful get url: https://www.bing.com/th?id=OHR.DubrovnikTwilight_ZH-CN2981648854_UHD.jpg
[16:15:24] Image saved to img/background.jpg
[16:15:24] Info saved to README.md
[16:15:24] Image saved to history/2025/06/09.md
[16:15:24] Start geting global Bing Wallpaper, region=en-US, local time is 2025-06-08 12:15:24.482199-04:00
[16:15:24] Successful get url: https://www.bing.com/th?id=OHR.StellarSeaLions_EN-US8941740506_UHD.jpg
[16:15:24] Picture infomations saved to  global/en-US/README.md
[16:15:24] Picture infomations saved to global/en-US/history/2025/06/09_en-US.md
[16:15:24] Start geting global Bing Wallpaper, region=ja-JP, local time is 2025-06-09 01:15:24.574618+09:00
[16:15:24] Successful get url: https://www.bing.com/th?id=OHR.DubrovnikTwilight_JA-JP6048239722_UHD.jpg
[16:15:24] Picture infomations saved to  global/ja-JP/README.md
[16:15:24] Picture infomations saved to global/ja-JP/history/2025/06/09_ja-JP.md
[16:15:24] Start geting global Bing Wallpaper, region=en-IN, local time is 2025-06-08 21:45:24.657571+05:30
[16:15:24] Successful get url: https://www.bing.com/th?id=OHR.StellarSeaLions_EN-IN8181624578_UHD.jpg
[16:15:24] Picture infomations saved to  global/en-IN/README.md
[16:15:24] Picture infomations saved to global/en-IN/history/2025/06/08_en-IN.md
[16:15:24] Start geting global Bing Wallpaper, region=pt-BR, local time is 2025-06-08 13:15:24.738770-03:00
[16:15:24] Successful get url: https://www.bing.com/th?id=OHR.StellarSeaLions_PT-BR8572574389_UHD.jpg
[16:15:24] Picture infomations saved to  global/pt-BR/README.md
[16:15:24] Picture infomations saved to global/pt-BR/history/2025/06/09_pt-BR.md
[16:15:24] Start geting global Bing Wallpaper, region=fr-FR, local time is 2025-06-08 18:15:24.818206+02:00
[16:15:24] Successful get url: https://www.bing.com/th?id=OHR.StellarSeaLions_FR-FR2842179483_UHD.jpg
[16:15:24] Picture infomations saved to  global/fr-FR/README.md
[16:15:24] Picture infomations saved to global/fr-FR/history/2025/06/08_fr-FR.md
[16:15:24] Start geting global Bing Wallpaper, region=de-DE, local time is 2025-06-08 18:15:24.898551+02:00
[16:15:24] Successful get url: https://www.bing.com/th?id=OHR.StellarSeaLions_DE-DE0269577220_UHD.jpg
[16:15:24] Picture infomations saved to  global/de-DE/README.md
[16:15:24] Picture infomations saved to global/de-DE/history/2025/06/08_de-DE.md
[16:15:24] Start geting global Bing Wallpaper, region=en-CA, local time is 2025-06-08 12:15:24.992324-04:00
[16:15:25] Successful get url: https://www.bing.com/th?id=OHR.StellarSeaLions_EN-CA9034182046_UHD.jpg
[16:15:25] Picture infomations saved to  global/en-CA/README.md
[16:15:25] Picture infomations saved to global/en-CA/history/2025/06/09_en-CA.md
[16:15:25] Start geting global Bing Wallpaper, region=en-GB, local time is 2025-06-08 17:15:25.073866+01:00
[16:15:25] Successful get url: https://www.bing.com/th?id=OHR.StellarSeaLions_EN-GB2192736311_UHD.jpg
[16:15:25] Picture infomations saved to  global/en-GB/README.md
[16:15:25] Picture infomations saved to global/en-GB/history/2025/06/08_en-GB.md
[16:15:25] Start geting global Bing Wallpaper, region=it-IT, local time is 2025-06-08 18:15:25.182215+02:00
[16:15:25] Successful get url: https://www.bing.com/th?id=OHR.StellarSeaLions_IT-IT5341813083_UHD.jpg
[16:15:25] Picture infomations saved to  global/it-IT/README.md
[16:15:25] Picture infomations saved to global/it-IT/history/2025/06/08_it-IT.md
[16:15:25] Start geting global Bing Wallpaper, region=es-ES, local time is 2025-06-08 18:15:25.288168+02:00
[16:15:25] Successful get url: https://www.bing.com/th?id=OHR.StellarSeaLions_ES-ES3294354632_UHD.jpg
[16:15:25] Picture infomations saved to  global/es-ES/README.md
[16:15:25] Picture infomations saved to global/es-ES/history/2025/06/08_es-ES.md
[16:15:25] Start geting global Bing Wallpaper, region=fr-CA, local time is 2025-06-08 12:15:25.375350-04:00
[16:15:25] Successful get url: https://www.bing.com/th?id=OHR.StellarSeaLions_FR-CA6755982430_UHD.jpg
[16:15:25] Picture infomations saved to  global/fr-CA/README.md
[16:15:25] Picture infomations saved to global/fr-CA/history/2025/06/09_fr-CA.md
Program exit at 16:15:25
