
Program started at 09:31:34
Operating System Name: Linux
Operating System Version: #15~24.04.1-Ubuntu SMP Thu May  1 02:52:08 UTC 2025
System Architecture: ('64bit', 'ELF')
Computer Type: x86_64
Computer Name: fv-az1267-799
Processor Type: x86_64
Python Version: 3.12.11
Python Interpreter Name: CPython
[09:31:34] Start geting CN Bing Wallpaper
[09:31:34] Successful get url: https://www.bing.com/th?id=OHR.WatertowerMannheim_ZH-CN0692039329_UHD.jpg
[09:31:34] Image saved to img/background.jpg
[09:31:34] Info saved to README.md
[09:31:34] Image saved to history/2025/06/28.md
[09:31:34] Start geting global Bing Wallpaper, region=en-US, local time is 2025-06-28 05:31:34.792959-04:00
[09:31:34] Successful get url: https://www.bing.com/th?id=OHR.PrideParade_EN-US9405333794_UHD.jpg
[09:31:34] Picture infomations saved to  global/en-US/README.md
[09:31:34] Picture infomations saved to global/en-US/history/2025/06/29_en-US.md
[09:31:34] Start geting global Bing Wallpaper, region=ja-JP, local time is 2025-06-28 18:31:34.892653+09:00
[09:31:34] Successful get url: https://www.bing.com/th?id=OHR.PrideParade_JA-JP3577767759_UHD.jpg
[09:31:34] Picture infomations saved to  global/ja-JP/README.md
[09:31:34] Picture infomations saved to global/ja-JP/history/2025/06/28_ja-JP.md
[09:31:34] Start geting global Bing Wallpaper, region=en-IN, local time is 2025-06-28 15:01:34.988107+05:30
[09:31:35] Successful get url: https://www.bing.com/th?id=OHR.PrideParade_EN-IN2010815861_UHD.jpg
[09:31:35] Picture infomations saved to  global/en-IN/README.md
[09:31:35] Picture infomations saved to global/en-IN/history/2025/06/28_en-IN.md
[09:31:35] Start geting global Bing Wallpaper, region=pt-BR, local time is 2025-06-28 06:31:35.102241-03:00
[09:31:35] Successful get url: https://www.bing.com/th?id=OHR.PrideParade_PT-BR2044753051_UHD.jpg
[09:31:35] Picture infomations saved to  global/pt-BR/README.md
[09:31:35] Picture infomations saved to global/pt-BR/history/2025/06/29_pt-BR.md
[09:31:35] Start geting global Bing Wallpaper, region=fr-FR, local time is 2025-06-28 11:31:35.264828+02:00
[09:31:35] Successful get url: https://www.bing.com/th?id=OHR.PrideParade_FR-FR6694433867_UHD.jpg
[09:31:35] Picture infomations saved to  global/fr-FR/README.md
[09:31:35] Picture infomations saved to global/fr-FR/history/2025/06/28_fr-FR.md
[09:31:35] Start geting global Bing Wallpaper, region=de-DE, local time is 2025-06-28 11:31:35.520134+02:00
[09:31:35] Successful get url: https://www.bing.com/th?id=OHR.MarienplatzCSD_DE-DE0126550227_UHD.jpg
[09:31:35] Picture infomations saved to  global/de-DE/README.md
[09:31:35] Picture infomations saved to global/de-DE/history/2025/06/28_de-DE.md
[09:31:35] Start geting global Bing Wallpaper, region=en-CA, local time is 2025-06-28 05:31:35.655860-04:00
[09:31:35] Successful get url: https://www.bing.com/th?id=OHR.PrideParade_EN-CA1755780382_UHD.jpg
[09:31:35] Picture infomations saved to  global/en-CA/README.md
[09:31:35] Picture infomations saved to global/en-CA/history/2025/06/29_en-CA.md
[09:31:35] Start geting global Bing Wallpaper, region=en-GB, local time is 2025-06-28 10:31:35.745809+01:00
[09:31:35] Successful get url: https://www.bing.com/th?id=OHR.MesquiteFlats_EN-GB1375623335_UHD.jpg
[09:31:35] Picture infomations saved to  global/en-GB/README.md
[09:31:35] Picture infomations saved to global/en-GB/history/2025/06/28_en-GB.md
[09:31:35] Start geting global Bing Wallpaper, region=it-IT, local time is 2025-06-28 11:31:35.825288+02:00
[09:31:35] Successful get url: https://www.bing.com/th?id=OHR.PrideParade_IT-IT2013687797_UHD.jpg
[09:31:36] Picture infomations saved to  global/it-IT/README.md
[09:31:36] Picture infomations saved to global/it-IT/history/2025/06/28_it-IT.md
[09:31:36] Start geting global Bing Wallpaper, region=es-ES, local time is 2025-06-28 11:31:36.008002+02:00
[09:31:36] Successful get url: https://www.bing.com/th?id=OHR.PrideCatalonia_ES-ES0481311914_UHD.jpg
[09:31:36] Picture infomations saved to  global/es-ES/README.md
[09:31:36] Picture infomations saved to global/es-ES/history/2025/06/28_es-ES.md
[09:31:36] Start geting global Bing Wallpaper, region=fr-CA, local time is 2025-06-28 05:31:36.096831-04:00
[09:31:36] Successful get url: https://www.bing.com/th?id=OHR.PrideParade_FR-CA2137660039_UHD.jpg
[09:31:36] Picture infomations saved to  global/fr-CA/README.md
[09:31:36] Picture infomations saved to global/fr-CA/history/2025/06/29_fr-CA.md
Program exit at 09:31:36
