
Program started at 09:32:48
Operating System Name: Linux
Operating System Version: #15~24.04.1-Ubuntu SMP Thu May  1 02:52:08 UTC 2025
System Architecture: ('64bit', 'ELF')
Computer Type: x86_64
Computer Name: fv-az1344-672
Processor Type: x86_64
Python Version: 3.12.10
Python Interpreter Name: CPython
[09:32:48] Start geting CN Bing Wallpaper
[09:32:48] Successful get url: https://www.bing.com/th?id=OHR.DubrovnikTwilight_ZH-CN2981648854_UHD.jpg
[09:32:48] Image saved to img/background.jpg
[09:32:48] Info saved to README.md
[09:32:48] Image saved to history/2025/06/09.md
[09:32:48] Start geting global Bing Wallpaper, region=en-US, local time is 2025-06-09 05:32:48.988536-04:00
[09:32:49] Successful get url: https://www.bing.com/th?id=OHR.DubrovnikTwilight_EN-US9005720216_UHD.jpg
[09:32:49] Picture infomations saved to  global/en-US/README.md
[09:32:49] Picture infomations saved to global/en-US/history/2025/06/10_en-US.md
[09:32:49] Start geting global Bing Wallpaper, region=ja-JP, local time is 2025-06-09 18:32:49.140488+09:00
[09:32:49] Successful get url: https://www.bing.com/th?id=OHR.DubrovnikTwilight_JA-JP6048239722_UHD.jpg
[09:32:49] Picture infomations saved to  global/ja-JP/README.md
[09:32:49] Picture infomations saved to global/ja-JP/history/2025/06/09_ja-JP.md
[09:32:49] Start geting global Bing Wallpaper, region=en-IN, local time is 2025-06-09 15:02:49.252527+05:30
[09:32:49] Successful get url: https://www.bing.com/th?id=OHR.DubrovnikTwilight_EN-IN8313926705_UHD.jpg
[09:32:49] Picture infomations saved to  global/en-IN/README.md
[09:32:49] Picture infomations saved to global/en-IN/history/2025/06/09_en-IN.md
[09:32:49] Start geting global Bing Wallpaper, region=pt-BR, local time is 2025-06-09 06:32:49.369723-03:00
[09:32:49] Successful get url: https://www.bing.com/th?id=OHR.DubrovnikTwilight_PT-BR8704767990_UHD.jpg
[09:32:49] Picture infomations saved to  global/pt-BR/README.md
[09:32:49] Picture infomations saved to global/pt-BR/history/2025/06/10_pt-BR.md
[09:32:49] Start geting global Bing Wallpaper, region=fr-FR, local time is 2025-06-09 11:32:49.532016+02:00
[09:32:49] Successful get url: https://www.bing.com/th?id=OHR.DubrovnikTwilight_FR-FR3018802906_UHD.jpg
[09:32:49] Picture infomations saved to  global/fr-FR/README.md
[09:32:49] Picture infomations saved to global/fr-FR/history/2025/06/09_fr-FR.md
[09:32:49] Start geting global Bing Wallpaper, region=de-DE, local time is 2025-06-09 11:32:49.644873+02:00
[09:32:49] Successful get url: https://www.bing.com/th?id=OHR.MillDetmold_DE-DE7498516874_UHD.jpg
[09:32:49] Picture infomations saved to  global/de-DE/README.md
[09:32:49] Picture infomations saved to global/de-DE/history/2025/06/09_de-DE.md
[09:32:49] Start geting global Bing Wallpaper, region=en-CA, local time is 2025-06-09 05:32:49.764882-04:00
[09:32:49] Successful get url: https://www.bing.com/th?id=OHR.DubrovnikTwilight_EN-CA9404404543_UHD.jpg
[09:32:49] Picture infomations saved to  global/en-CA/README.md
[09:32:49] Picture infomations saved to global/en-CA/history/2025/06/10_en-CA.md
[09:32:49] Start geting global Bing Wallpaper, region=en-GB, local time is 2025-06-09 10:32:49.908969+01:00
[09:32:49] Successful get url: https://www.bing.com/th?id=OHR.DubrovnikTwilight_EN-GB2328954017_UHD.jpg
[09:32:50] Picture infomations saved to  global/en-GB/README.md
[09:32:50] Picture infomations saved to global/en-GB/history/2025/06/09_en-GB.md
[09:32:50] Start geting global Bing Wallpaper, region=it-IT, local time is 2025-06-09 11:32:50.044535+02:00
[09:32:50] Successful get url: https://www.bing.com/th?id=OHR.DubrovnikTwilight_IT-IT4694671968_UHD.jpg
[09:32:50] Picture infomations saved to  global/it-IT/README.md
[09:32:50] Picture infomations saved to global/it-IT/history/2025/06/09_it-IT.md
[09:32:50] Start geting global Bing Wallpaper, region=es-ES, local time is 2025-06-09 11:32:50.151228+02:00
[09:32:50] Successful get url: https://www.bing.com/th?id=OHR.MurciaDay_ES-ES3398985009_UHD.jpg
[09:32:50] Picture infomations saved to  global/es-ES/README.md
[09:32:50] Picture infomations saved to global/es-ES/history/2025/06/09_es-ES.md
[09:32:50] Start geting global Bing Wallpaper, region=fr-CA, local time is 2025-06-09 05:32:50.284495-04:00
[09:32:50] Successful get url: https://www.bing.com/th?id=OHR.DubrovnikTwilight_FR-CA6898280471_UHD.jpg
[09:32:50] Picture infomations saved to  global/fr-CA/README.md
[09:32:50] Picture infomations saved to global/fr-CA/history/2025/06/10_fr-CA.md
Program exit at 09:32:50
