
Program started at 09:29:08
Operating System Name: Linux
Operating System Version: #15~24.04.1-Ubuntu SMP Thu May  1 02:52:08 UTC 2025
System Architecture: ('64bit', 'ELF')
Computer Type: x86_64
Computer Name: fv-az788-198
Processor Type: x86_64
Python Version: 3.12.11
Python Interpreter Name: CPython
[09:29:08] Start geting CN Bing Wallpaper
[09:29:08] Successful get url: https://www.bing.com/th?id=OHR.BandaIsland_ZH-CN1145779264_UHD.jpg
[09:29:08] Image saved to img/background.jpg
[09:29:08] Info saved to README.md
[09:29:08] Image saved to history/2025/06/29.md
[09:29:08] Start geting global Bing Wallpaper, region=en-US, local time is 2025-06-29 05:29:08.271875-04:00
[09:29:08] Successful get url: https://www.bing.com/th?id=OHR.BandaIsland_EN-US9494080788_UHD.jpg
[09:29:08] Picture infomations saved to  global/en-US/README.md
[09:29:08] Picture infomations saved to global/en-US/history/2025/06/30_en-US.md
[09:29:08] Start geting global Bing Wallpaper, region=ja-JP, local time is 2025-06-29 18:29:08.412968+09:00
[09:29:08] Successful get url: https://www.bing.com/th?id=OHR.BandaIsland_JA-JP3779837840_UHD.jpg
[09:29:08] Picture infomations saved to  global/ja-JP/README.md
[09:29:08] Picture infomations saved to global/ja-JP/history/2025/06/29_ja-JP.md
[09:29:08] Start geting global Bing Wallpaper, region=en-IN, local time is 2025-06-29 14:59:08.558411+05:30
[09:29:08] Successful get url: https://www.bing.com/th?id=OHR.BandaIsland_EN-IN2302848153_UHD.jpg
[09:29:08] Picture infomations saved to  global/en-IN/README.md
[09:29:08] Picture infomations saved to global/en-IN/history/2025/06/29_en-IN.md
[09:29:08] Start geting global Bing Wallpaper, region=pt-BR, local time is 2025-06-29 06:29:08.726480-03:00
[09:29:08] Successful get url: https://www.bing.com/th?id=OHR.BandaIsland_PT-BR1841651609_UHD.jpg
[09:29:08] Picture infomations saved to  global/pt-BR/README.md
[09:29:08] Picture infomations saved to global/pt-BR/history/2025/06/30_pt-BR.md
[09:29:08] Start geting global Bing Wallpaper, region=fr-FR, local time is 2025-06-29 11:29:08.835026+02:00
[09:29:08] Successful get url: https://www.bing.com/th?id=OHR.BandaIsland_FR-FR6889157009_UHD.jpg
[09:29:08] Picture infomations saved to  global/fr-FR/README.md
[09:29:08] Picture infomations saved to global/fr-FR/history/2025/06/29_fr-FR.md
[09:29:08] Start geting global Bing Wallpaper, region=de-DE, local time is 2025-06-29 11:29:08.997181+02:00
[09:29:09] Successful get url: https://www.bing.com/th?id=OHR.BandaIsland_DE-DE7986522169_UHD.jpg
[09:29:09] Picture infomations saved to  global/de-DE/README.md
[09:29:09] Picture infomations saved to global/de-DE/history/2025/06/29_de-DE.md
[09:29:09] Start geting global Bing Wallpaper, region=en-CA, local time is 2025-06-29 05:29:09.130808-04:00
[09:29:09] Successful get url: https://www.bing.com/th?id=OHR.BandaIsland_EN-CA1920506603_UHD.jpg
[09:29:09] Picture infomations saved to  global/en-CA/README.md
[09:29:09] Picture infomations saved to global/en-CA/history/2025/06/30_en-CA.md
[09:29:09] Start geting global Bing Wallpaper, region=en-GB, local time is 2025-06-29 10:29:09.320981+01:00
[09:29:09] Successful get url: https://www.bing.com/th?id=OHR.BandaIsland_EN-GB1537579150_UHD.jpg
[09:29:09] Picture infomations saved to  global/en-GB/README.md
[09:29:09] Picture infomations saved to global/en-GB/history/2025/06/29_en-GB.md
[09:29:09] Start geting global Bing Wallpaper, region=it-IT, local time is 2025-06-29 11:29:09.459420+02:00
[09:29:09] Successful get url: https://www.bing.com/th?id=OHR.BandaIsland_IT-IT2071858356_UHD.jpg
[09:29:09] Picture infomations saved to  global/it-IT/README.md
[09:29:09] Picture infomations saved to global/it-IT/history/2025/06/29_it-IT.md
[09:29:09] Start geting global Bing Wallpaper, region=es-ES, local time is 2025-06-29 11:29:09.568541+02:00
[09:29:09] Successful get url: https://www.bing.com/th?id=OHR.BandaIsland_ES-ES0659509057_UHD.jpg
[09:29:09] Picture infomations saved to  global/es-ES/README.md
[09:29:09] Picture infomations saved to global/es-ES/history/2025/06/29_es-ES.md
[09:29:09] Start geting global Bing Wallpaper, region=fr-CA, local time is 2025-06-29 05:29:09.678955-04:00
[09:29:09] Successful get url: https://www.bing.com/th?id=OHR.BandaIsland_FR-CA2396920434_UHD.jpg
[09:29:09] Picture infomations saved to  global/fr-CA/README.md
[09:29:09] Picture infomations saved to global/fr-CA/history/2025/06/30_fr-CA.md
Program exit at 09:29:09

Program started at 16:15:24
Operating System Name: Linux
Operating System Version: #15~24.04.1-Ubuntu SMP Thu May  1 02:52:08 UTC 2025
System Architecture: ('64bit', 'ELF')
Computer Type: x86_64
Computer Name: fv-az1340-163
Processor Type: x86_64
Python Version: 3.12.11
Python Interpreter Name: CPython
[16:15:24] Start geting CN Bing Wallpaper
[16:15:24] Successful get url: https://www.bing.com/th?id=OHR.WolfeCrater_ZH-CN1652906326_UHD.jpg
[16:15:24] Image saved to img/background.jpg
[16:15:24] Info saved to README.md
[16:15:24] Image saved to history/2025/06/30.md
[16:15:24] Start geting global Bing Wallpaper, region=en-US, local time is 2025-06-29 12:15:24.829862-04:00
[16:15:24] Successful get url: https://www.bing.com/th?id=OHR.BandaIsland_EN-US9494080788_UHD.jpg
[16:15:24] Picture infomations saved to  global/en-US/README.md
[16:15:24] Picture infomations saved to global/en-US/history/2025/06/30_en-US.md
[16:15:24] Start geting global Bing Wallpaper, region=ja-JP, local time is 2025-06-30 01:15:24.959421+09:00
[16:15:24] Successful get url: https://www.bing.com/th?id=OHR.WolfeCrater_JA-JP6958421820_UHD.jpg
[16:15:25] Picture infomations saved to  global/ja-JP/README.md
[16:15:25] Picture infomations saved to global/ja-JP/history/2025/06/30_ja-JP.md
[16:15:25] Start geting global Bing Wallpaper, region=en-IN, local time is 2025-06-29 21:45:25.132906+05:30
[16:15:25] Successful get url: https://www.bing.com/th?id=OHR.BandaIsland_EN-IN2302848153_UHD.jpg
[16:15:25] Picture infomations saved to  global/en-IN/README.md
[16:15:25] Picture infomations saved to global/en-IN/history/2025/06/29_en-IN.md
[16:15:25] Start geting global Bing Wallpaper, region=pt-BR, local time is 2025-06-29 13:15:25.295358-03:00
[16:15:25] Successful get url: https://www.bing.com/th?id=OHR.BandaIsland_PT-BR1841651609_UHD.jpg
[16:15:25] Picture infomations saved to  global/pt-BR/README.md
[16:15:25] Picture infomations saved to global/pt-BR/history/2025/06/30_pt-BR.md
[16:15:25] Start geting global Bing Wallpaper, region=fr-FR, local time is 2025-06-29 18:15:25.432616+02:00
[16:15:25] Successful get url: https://www.bing.com/th?id=OHR.BandaIsland_FR-FR6889157009_UHD.jpg
[16:15:25] Picture infomations saved to  global/fr-FR/README.md
[16:15:25] Picture infomations saved to global/fr-FR/history/2025/06/29_fr-FR.md
[16:15:25] Start geting global Bing Wallpaper, region=de-DE, local time is 2025-06-29 18:15:25.555728+02:00
[16:15:25] Successful get url: https://www.bing.com/th?id=OHR.BandaIsland_DE-DE7986522169_UHD.jpg
[16:15:25] Picture infomations saved to  global/de-DE/README.md
[16:15:25] Picture infomations saved to global/de-DE/history/2025/06/29_de-DE.md
[16:15:25] Start geting global Bing Wallpaper, region=en-CA, local time is 2025-06-29 12:15:25.668359-04:00
[16:15:25] Successful get url: https://www.bing.com/th?id=OHR.BandaIsland_EN-CA1920506603_UHD.jpg
[16:15:25] Picture infomations saved to  global/en-CA/README.md
[16:15:25] Picture infomations saved to global/en-CA/history/2025/06/30_en-CA.md
[16:15:25] Start geting global Bing Wallpaper, region=en-GB, local time is 2025-06-29 17:15:25.852362+01:00
[16:15:25] Successful get url: https://www.bing.com/th?id=OHR.BandaIsland_EN-GB1537579150_UHD.jpg
[16:15:26] Picture infomations saved to  global/en-GB/README.md
[16:15:26] Picture infomations saved to global/en-GB/history/2025/06/29_en-GB.md
[16:15:26] Start geting global Bing Wallpaper, region=it-IT, local time is 2025-06-29 18:15:26.074014+02:00
[16:15:26] Successful get url: https://www.bing.com/th?id=OHR.BandaIsland_IT-IT2071858356_UHD.jpg
[16:15:26] Picture infomations saved to  global/it-IT/README.md
[16:15:26] Picture infomations saved to global/it-IT/history/2025/06/29_it-IT.md
[16:15:26] Start geting global Bing Wallpaper, region=es-ES, local time is 2025-06-29 18:15:26.271649+02:00
[16:15:26] Successful get url: https://www.bing.com/th?id=OHR.BandaIsland_ES-ES0659509057_UHD.jpg
[16:15:26] Picture infomations saved to  global/es-ES/README.md
[16:15:26] Picture infomations saved to global/es-ES/history/2025/06/29_es-ES.md
[16:15:26] Start geting global Bing Wallpaper, region=fr-CA, local time is 2025-06-29 12:15:26.385096-04:00
[16:15:26] Successful get url: https://www.bing.com/th?id=OHR.BandaIsland_FR-CA2396920434_UHD.jpg
[16:15:26] Picture infomations saved to  global/fr-CA/README.md
[16:15:26] Picture infomations saved to global/fr-CA/history/2025/06/30_fr-CA.md
Program exit at 16:15:26
