
Program started at 09:30:05
Operating System Name: Linux
Operating System Version: #15~24.04.1-Ubuntu SMP Thu May  1 02:52:08 UTC 2025
System Architecture: ('64bit', 'ELF')
Computer Type: x86_64
Computer Name: fv-az1267-342
Processor Type: x86_64
Python Version: 3.12.11
Python Interpreter Name: CPython
[09:30:05] Start geting CN Bing Wallpaper
[09:30:05] Successful get url: https://www.bing.com/th?id=OHR.SummerSolsticeY25_ZH-CN2728972774_UHD.jpg
[09:30:06] Image saved to img/background.jpg
[09:30:06] Info saved to README.md
[09:30:06] Image saved to history/2025/06/21.md
[09:30:06] Start geting global Bing Wallpaper, region=en-US, local time is 2025-06-21 05:30:06.086419-04:00
[09:30:06] Successful get url: https://www.bing.com/th?id=OHR.SerengetiGiraffe_EN-US2127484447_UHD.jpg
[09:30:06] Picture infomations saved to  global/en-US/README.md
[09:30:06] Picture infomations saved to global/en-US/history/2025/06/22_en-US.md
[09:30:06] Start geting global Bing Wallpaper, region=ja-JP, local time is 2025-06-21 18:30:06.233256+09:00
[09:30:06] Successful get url: https://www.bing.com/th?id=OHR.SerengetiGiraffe_JA-JP9470836014_UHD.jpg
[09:30:06] Picture infomations saved to  global/ja-JP/README.md
[09:30:06] Picture infomations saved to global/ja-JP/history/2025/06/21_ja-JP.md
[09:30:06] Start geting global Bing Wallpaper, region=en-IN, local time is 2025-06-21 15:00:06.338808+05:30
[09:30:06] Successful get url: https://www.bing.com/th?id=OHR.LakshmanJhula_EN-IN9788352654_UHD.jpg
[09:30:06] Picture infomations saved to  global/en-IN/README.md
[09:30:06] Picture infomations saved to global/en-IN/history/2025/06/21_en-IN.md
[09:30:06] Start geting global Bing Wallpaper, region=pt-BR, local time is 2025-06-21 06:30:06.494152-03:00
[09:30:06] Successful get url: https://www.bing.com/th?id=OHR.SerengetiGiraffe_PT-BR2390228127_UHD.jpg
[09:30:06] Picture infomations saved to  global/pt-BR/README.md
[09:30:06] Picture infomations saved to global/pt-BR/history/2025/06/22_pt-BR.md
[09:30:06] Start geting global Bing Wallpaper, region=fr-FR, local time is 2025-06-21 11:30:06.626630+02:00
[09:30:06] Successful get url: https://www.bing.com/th?id=OHR.AntibesMusic_FR-FR0026620746_UHD.jpg
[09:30:06] Picture infomations saved to  global/fr-FR/README.md
[09:30:06] Picture infomations saved to global/fr-FR/history/2025/06/21_fr-FR.md
[09:30:06] Start geting global Bing Wallpaper, region=de-DE, local time is 2025-06-21 11:30:06.725914+02:00
[09:30:06] Successful get url: https://www.bing.com/th?id=OHR.IcelandSolstice_DE-DE8326410119_UHD.jpg
[09:30:06] Picture infomations saved to  global/de-DE/README.md
[09:30:06] Picture infomations saved to global/de-DE/history/2025/06/21_de-DE.md
[09:30:06] Start geting global Bing Wallpaper, region=en-CA, local time is 2025-06-21 05:30:06.967032-04:00
[09:30:07] Successful get url: https://www.bing.com/th?id=OHR.SerengetiGiraffe_EN-CA5577558802_UHD.jpg
[09:30:07] Picture infomations saved to  global/en-CA/README.md
[09:30:07] Picture infomations saved to global/en-CA/history/2025/06/22_en-CA.md
[09:30:07] Start geting global Bing Wallpaper, region=en-GB, local time is 2025-06-21 10:30:07.072473+01:00
[09:30:07] Successful get url: https://www.bing.com/th?id=OHR.IcelandSolstice_EN-GB9174447978_UHD.jpg
[09:30:07] Picture infomations saved to  global/en-GB/README.md
[09:30:07] Picture infomations saved to global/en-GB/history/2025/06/21_en-GB.md
[09:30:07] Start geting global Bing Wallpaper, region=it-IT, local time is 2025-06-21 11:30:07.185436+02:00
[09:30:07] Successful get url: https://www.bing.com/th?id=OHR.IcelandSolstice_IT-IT6375034077_UHD.jpg
[09:30:07] Picture infomations saved to  global/it-IT/README.md
[09:30:07] Picture infomations saved to global/it-IT/history/2025/06/21_it-IT.md
[09:30:07] Start geting global Bing Wallpaper, region=es-ES, local time is 2025-06-21 11:30:07.290495+02:00
[09:30:07] Successful get url: https://www.bing.com/th?id=OHR.WorldTriathlonMultisport_ES-ES0689492688_UHD.jpg
[09:30:07] Picture infomations saved to  global/es-ES/README.md
[09:30:07] Picture infomations saved to global/es-ES/history/2025/06/21_es-ES.md
[09:30:07] Start geting global Bing Wallpaper, region=fr-CA, local time is 2025-06-21 05:30:07.447325-04:00
[09:30:07] Successful get url: https://www.bing.com/th?id=OHR.SerengetiGiraffe_FR-CA0126401878_UHD.jpg
[09:30:07] Picture infomations saved to  global/fr-CA/README.md
[09:30:07] Picture infomations saved to global/fr-CA/history/2025/06/22_fr-CA.md
Program exit at 09:30:07
