
Program started at 09:32:39
Operating System Name: Linux
Operating System Version: #15~24.04.1-Ubuntu SMP Thu May  1 02:52:08 UTC 2025
System Architecture: ('64bit', 'ELF')
Computer Type: x86_64
Computer Name: fv-az1778-311
Processor Type: x86_64
Python Version: 3.12.11
Python Interpreter Name: CPython
[09:32:39] Start geting CN Bing Wallpaper
[09:32:39] Successful get url: https://www.bing.com/th?id=OHR.WinterBegins_ZH-CN7638411804_UHD.jpg
[09:32:40] Image saved to img/background.jpg
[09:32:40] Info saved to README.md
[09:32:40] Image saved to history/2025/06/19.md
[09:32:40] Start geting global Bing Wallpaper, region=en-US, local time is 2025-06-19 05:32:40.068792-04:00
[09:32:40] Successful get url: https://www.bing.com/th?id=OHR.TexasCapitol_EN-US1992205396_UHD.jpg
[09:32:40] Picture infomations saved to  global/en-US/README.md
[09:32:40] Picture infomations saved to global/en-US/history/2025/06/20_en-US.md
[09:32:40] Start geting global Bing Wallpaper, region=ja-JP, local time is 2025-06-19 18:32:40.221264+09:00
[09:32:40] Successful get url: https://www.bing.com/th?id=OHR.FireflySeason2025_JA-JP3057846302_UHD.jpg
[09:32:40] Picture infomations saved to  global/ja-JP/README.md
[09:32:40] Picture infomations saved to global/ja-JP/history/2025/06/19_ja-JP.md
[09:32:40] Start geting global Bing Wallpaper, region=en-IN, local time is 2025-06-19 15:02:40.429010+05:30
[09:32:40] Successful get url: https://www.bing.com/th?id=OHR.SerengetiGiraffe_EN-IN6391269206_UHD.jpg
[09:32:40] Picture infomations saved to  global/en-IN/README.md
[09:32:40] Picture infomations saved to global/en-IN/history/2025/06/19_en-IN.md
[09:32:40] Start geting global Bing Wallpaper, region=pt-BR, local time is 2025-06-19 06:32:40.661749-03:00
[09:32:40] Successful get url: https://www.bing.com/th?id=OHR.IcelandSolstice_PT-BR2763816413_UHD.jpg
[09:32:40] Picture infomations saved to  global/pt-BR/README.md
[09:32:40] Picture infomations saved to global/pt-BR/history/2025/06/20_pt-BR.md
[09:32:40] Start geting global Bing Wallpaper, region=fr-FR, local time is 2025-06-19 11:32:40.896142+02:00
[09:32:40] Successful get url: https://www.bing.com/th?id=OHR.WinterBegins_FR-FR5821587665_UHD.jpg
[09:32:41] Picture infomations saved to  global/fr-FR/README.md
[09:32:41] Picture infomations saved to global/fr-FR/history/2025/06/19_fr-FR.md
[09:32:41] Start geting global Bing Wallpaper, region=de-DE, local time is 2025-06-19 11:32:41.120096+02:00
[09:32:41] Successful get url: https://www.bing.com/th?id=OHR.WinterBegins_DE-DE2019737039_UHD.jpg
[09:32:41] Picture infomations saved to  global/de-DE/README.md
[09:32:41] Picture infomations saved to global/de-DE/history/2025/06/19_de-DE.md
[09:32:41] Start geting global Bing Wallpaper, region=en-CA, local time is 2025-06-19 05:32:41.324662-04:00
[09:32:41] Successful get url: https://www.bing.com/th?id=OHR.SanMiguelAzores_EN-CA7375629918_UHD.jpg
[09:32:41] Picture infomations saved to  global/en-CA/README.md
[09:32:41] Picture infomations saved to global/en-CA/history/2025/06/20_en-CA.md
[09:32:41] Start geting global Bing Wallpaper, region=en-GB, local time is 2025-06-19 10:32:41.620884+01:00
[09:32:41] Successful get url: https://www.bing.com/th?id=OHR.DolomitiEstate_EN-GB8739058818_UHD.jpg
[09:32:41] Picture infomations saved to  global/en-GB/README.md
[09:32:41] Picture infomations saved to global/en-GB/history/2025/06/19_en-GB.md
[09:32:41] Start geting global Bing Wallpaper, region=it-IT, local time is 2025-06-19 11:32:41.826024+02:00
[09:32:41] Successful get url: https://www.bing.com/th?id=OHR.WinterBegins_IT-IT6219104998_UHD.jpg
[09:32:42] Picture infomations saved to  global/it-IT/README.md
[09:32:42] Picture infomations saved to global/it-IT/history/2025/06/19_it-IT.md
[09:32:42] Start geting global Bing Wallpaper, region=es-ES, local time is 2025-06-19 11:32:42.082814+02:00
[09:32:42] Successful get url: https://www.bing.com/th?id=OHR.WinterBegins_ES-ES0401089663_UHD.jpg
[09:32:42] Picture infomations saved to  global/es-ES/README.md
[09:32:42] Picture infomations saved to global/es-ES/history/2025/06/19_es-ES.md
[09:32:42] Start geting global Bing Wallpaper, region=fr-CA, local time is 2025-06-19 05:32:42.274326-04:00
[09:32:42] Successful get url: https://www.bing.com/th?id=OHR.SanMiguelAzores_FR-CA6483146395_UHD.jpg
[09:32:42] Picture infomations saved to  global/fr-CA/README.md
[09:32:42] Picture infomations saved to global/fr-CA/history/2025/06/20_fr-CA.md
Program exit at 09:32:42
