
Program started at 09:34:51
Operating System Name: Linux
Operating System Version: #15~24.04.1-Ubuntu SMP Thu May  1 02:52:08 UTC 2025
System Architecture: ('64bit', 'ELF')
Computer Type: x86_64
Computer Name: fv-az1341-696
Processor Type: x86_64
Python Version: 3.12.11
Python Interpreter Name: CPython
[09:34:51] Start geting CN Bing Wallpaper
[09:34:51] Successful get url: https://www.bing.com/th?id=OHR.DresdenElbe_ZH-CN8776977800_UHD.jpg
[09:34:51] Image saved to img/background.jpg
[09:34:51] Info saved to README.md
[09:34:51] Image saved to history/2025/06/23.md
[09:34:51] Start geting global Bing Wallpaper, region=en-US, local time is 2025-06-23 05:34:51.903151-04:00
[09:34:51] Successful get url: https://www.bing.com/th?id=OHR.DresdenElbe_EN-US2259441179_UHD.jpg
[09:34:51] Picture infomations saved to  global/en-US/README.md
[09:34:51] Picture infomations saved to global/en-US/history/2025/06/24_en-US.md
[09:34:51] Start geting global Bing Wallpaper, region=ja-JP, local time is 2025-06-23 18:34:51.997897+09:00
[09:34:52] Successful get url: https://www.bing.com/th?id=OHR.DresdenElbe_JA-JP9615629760_UHD.jpg
[09:34:52] Picture infomations saved to  global/ja-JP/README.md
[09:34:52] Picture infomations saved to global/ja-JP/history/2025/06/23_ja-JP.md
[09:34:52] Start geting global Bing Wallpaper, region=en-IN, local time is 2025-06-23 15:04:52.118714+05:30
[09:34:52] Successful get url: https://www.bing.com/th?id=OHR.DresdenElbe_EN-IN0311228485_UHD.jpg
[09:34:52] Picture infomations saved to  global/en-IN/README.md
[09:34:52] Picture infomations saved to global/en-IN/history/2025/06/23_en-IN.md
[09:34:52] Start geting global Bing Wallpaper, region=pt-BR, local time is 2025-06-23 06:34:52.208436-03:00
[09:34:52] Successful get url: https://www.bing.com/th?id=OHR.DresdenElbe_PT-BR8840681682_UHD.jpg
[09:34:52] Picture infomations saved to  global/pt-BR/README.md
[09:34:52] Picture infomations saved to global/pt-BR/history/2025/06/24_pt-BR.md
[09:34:52] Start geting global Bing Wallpaper, region=fr-FR, local time is 2025-06-23 11:34:52.314130+02:00
[09:34:52] Successful get url: https://www.bing.com/th?id=OHR.DresdenElbe_FR-FR0408515096_UHD.jpg
[09:34:52] Picture infomations saved to  global/fr-FR/README.md
[09:34:52] Picture infomations saved to global/fr-FR/history/2025/06/23_fr-FR.md
[09:34:52] Start geting global Bing Wallpaper, region=de-DE, local time is 2025-06-23 11:34:52.403881+02:00
[09:34:52] Successful get url: https://www.bing.com/th?id=OHR.DresdenElbe_DE-DE5406785601_UHD.jpg
[09:34:52] Picture infomations saved to  global/de-DE/README.md
[09:34:52] Picture infomations saved to global/de-DE/history/2025/06/23_de-DE.md
[09:34:52] Start geting global Bing Wallpaper, region=en-CA, local time is 2025-06-23 05:34:52.505301-04:00
[09:34:52] Successful get url: https://www.bing.com/th?id=OHR.DresdenElbe_EN-CA0313860830_UHD.jpg
[09:34:52] Picture infomations saved to  global/en-CA/README.md
[09:34:52] Picture infomations saved to global/en-CA/history/2025/06/24_en-CA.md
[09:34:52] Start geting global Bing Wallpaper, region=en-GB, local time is 2025-06-23 10:34:52.586684+01:00
[09:34:52] Successful get url: https://www.bing.com/th?id=OHR.DresdenElbe_EN-GB9622986558_UHD.jpg
[09:34:52] Picture infomations saved to  global/en-GB/README.md
[09:34:52] Picture infomations saved to global/en-GB/history/2025/06/23_en-GB.md
[09:34:52] Start geting global Bing Wallpaper, region=it-IT, local time is 2025-06-23 11:34:52.672921+02:00
[09:34:52] Successful get url: https://www.bing.com/th?id=OHR.DresdenElbe_IT-IT6499150995_UHD.jpg
[09:34:52] Picture infomations saved to  global/it-IT/README.md
[09:34:52] Picture infomations saved to global/it-IT/history/2025/06/23_it-IT.md
[09:34:52] Start geting global Bing Wallpaper, region=es-ES, local time is 2025-06-23 11:34:52.759875+02:00
[09:34:52] Successful get url: https://www.bing.com/th?id=OHR.CalaIbiza_ES-ES1129716294_UHD.jpg
[09:34:52] Picture infomations saved to  global/es-ES/README.md
[09:34:52] Picture infomations saved to global/es-ES/history/2025/06/23_es-ES.md
[09:34:52] Start geting global Bing Wallpaper, region=fr-CA, local time is 2025-06-23 05:34:52.843122-04:00
[09:34:52] Successful get url: https://www.bing.com/th?id=OHR.DresdenElbe_FR-CA0474923100_UHD.jpg
[09:34:52] Picture infomations saved to  global/fr-CA/README.md
[09:34:52] Picture infomations saved to global/fr-CA/history/2025/06/24_fr-CA.md
Program exit at 09:34:52
