
Program started at 09:31:59
Operating System Name: Linux
Operating System Version: #15~24.04.1-Ubuntu SMP Thu May  1 02:52:08 UTC 2025
System Architecture: ('64bit', 'ELF')
Computer Type: x86_64
Computer Name: fv-az1340-360
Processor Type: x86_64
Python Version: 3.12.11
Python Interpreter Name: CPython
[09:31:59] Start geting CN Bing Wallpaper
[09:32:00] Successful get url: https://www.bing.com/th?id=OHR.SerengetiGiraffe_ZH-CN2613013393_UHD.jpg
[09:32:00] Image saved to img/background.jpg
[09:32:00] Info saved to README.md
[09:32:00] Image saved to history/2025/06/20.md
[09:32:00] Start geting global Bing Wallpaper, region=en-US, local time is 2025-06-20 05:32:00.091150-04:00
[09:32:00] Successful get url: https://www.bing.com/th?id=OHR.IcelandSolstice_EN-US2057542769_UHD.jpg
[09:32:00] Picture infomations saved to  global/en-US/README.md
[09:32:00] Picture infomations saved to global/en-US/history/2025/06/21_en-US.md
[09:32:00] Start geting global Bing Wallpaper, region=ja-JP, local time is 2025-06-20 18:32:00.211767+09:00
[09:32:00] Successful get url: https://www.bing.com/th?id=OHR.IcelandSolstice_JA-JP9258082333_UHD.jpg
[09:32:00] Picture infomations saved to  global/ja-JP/README.md
[09:32:00] Picture infomations saved to global/ja-JP/history/2025/06/20_ja-JP.md
[09:32:00] Start geting global Bing Wallpaper, region=en-IN, local time is 2025-06-20 15:02:00.320372+05:30
[09:32:00] Successful get url: https://www.bing.com/th?id=OHR.IcelandSolstice_EN-IN9654538547_UHD.jpg
[09:32:00] Picture infomations saved to  global/en-IN/README.md
[09:32:00] Picture infomations saved to global/en-IN/history/2025/06/20_en-IN.md
[09:32:00] Start geting global Bing Wallpaper, region=pt-BR, local time is 2025-06-20 06:32:00.436417-03:00
[09:32:00] Successful get url: https://www.bing.com/th?id=OHR.WinterBegins_PT-BR2647021709_UHD.jpg
[09:32:00] Picture infomations saved to  global/pt-BR/README.md
[09:32:00] Picture infomations saved to global/pt-BR/history/2025/06/21_pt-BR.md
[09:32:00] Start geting global Bing Wallpaper, region=fr-FR, local time is 2025-06-20 11:32:00.560606+02:00
[09:32:00] Successful get url: https://www.bing.com/th?id=OHR.SerengetiGiraffe_FR-FR9630201314_UHD.jpg
[09:32:00] Picture infomations saved to  global/fr-FR/README.md
[09:32:00] Picture infomations saved to global/fr-FR/history/2025/06/20_fr-FR.md
[09:32:00] Start geting global Bing Wallpaper, region=de-DE, local time is 2025-06-20 11:32:00.659265+02:00
[09:32:00] Successful get url: https://www.bing.com/th?id=OHR.SerengetiGiraffe_DE-DE4851504112_UHD.jpg
[09:32:00] Picture infomations saved to  global/de-DE/README.md
[09:32:00] Picture infomations saved to global/de-DE/history/2025/06/20_de-DE.md
[09:32:00] Start geting global Bing Wallpaper, region=en-CA, local time is 2025-06-20 05:32:00.774531-04:00
[09:32:00] Successful get url: https://www.bing.com/th?id=OHR.IcelandSolstice_EN-CA5496259238_UHD.jpg
[09:32:00] Picture infomations saved to  global/en-CA/README.md
[09:32:00] Picture infomations saved to global/en-CA/history/2025/06/21_en-CA.md
[09:32:00] Start geting global Bing Wallpaper, region=en-GB, local time is 2025-06-20 10:32:00.892190+01:00
[09:32:00] Successful get url: https://www.bing.com/th?id=OHR.SerengetiGiraffe_EN-GB8989082610_UHD.jpg
[09:32:01] Picture infomations saved to  global/en-GB/README.md
[09:32:01] Picture infomations saved to global/en-GB/history/2025/06/20_en-GB.md
[09:32:01] Start geting global Bing Wallpaper, region=it-IT, local time is 2025-06-20 11:32:01.003817+02:00
[09:32:01] Successful get url: https://www.bing.com/th?id=OHR.SaleTrapani_IT-IT6306427374_UHD.jpg
[09:32:01] Picture infomations saved to  global/it-IT/README.md
[09:32:01] Picture infomations saved to global/it-IT/history/2025/06/20_it-IT.md
[09:32:01] Start geting global Bing Wallpaper, region=es-ES, local time is 2025-06-20 11:32:01.074480+02:00
[09:32:01] Successful get url: https://www.bing.com/th?id=OHR.IcelandSolstice_ES-ES0482972208_UHD.jpg
[09:32:01] Picture infomations saved to  global/es-ES/README.md
[09:32:01] Picture infomations saved to global/es-ES/history/2025/06/20_es-ES.md
[09:32:01] Start geting global Bing Wallpaper, region=fr-CA, local time is 2025-06-20 05:32:01.191860-04:00
[09:32:01] Successful get url: https://www.bing.com/th?id=OHR.IcelandSolstice_FR-CA9981764329_UHD.jpg
[09:32:01] Picture infomations saved to  global/fr-CA/README.md
[09:32:01] Picture infomations saved to global/fr-CA/history/2025/06/21_fr-CA.md
Program exit at 09:32:01

Program started at 16:16:43
Operating System Name: Linux
Operating System Version: #15~24.04.1-Ubuntu SMP Thu May  1 02:52:08 UTC 2025
System Architecture: ('64bit', 'ELF')
Computer Type: x86_64
Computer Name: fv-az1319-528
Processor Type: x86_64
Python Version: 3.12.11
Python Interpreter Name: CPython
[16:16:43] Start geting CN Bing Wallpaper
[16:16:43] Successful get url: https://www.bing.com/th?id=OHR.SummerSolsticeY25_ZH-CN2728972774_UHD.jpg
[16:16:43] Image saved to img/background.jpg
[16:16:43] Info saved to README.md
[16:16:43] Image saved to history/2025/06/21.md
[16:16:43] Start geting global Bing Wallpaper, region=en-US, local time is 2025-06-20 12:16:43.582532-04:00
[16:16:43] Successful get url: https://www.bing.com/th?id=OHR.IcelandSolstice_EN-US2057542769_UHD.jpg
[16:16:43] Picture infomations saved to  global/en-US/README.md
[16:16:43] Picture infomations saved to global/en-US/history/2025/06/21_en-US.md
[16:16:43] Start geting global Bing Wallpaper, region=ja-JP, local time is 2025-06-21 01:16:43.699889+09:00
[16:16:43] Successful get url: https://www.bing.com/th?id=OHR.SerengetiGiraffe_JA-JP9470836014_UHD.jpg
[16:16:43] Picture infomations saved to  global/ja-JP/README.md
[16:16:43] Picture infomations saved to global/ja-JP/history/2025/06/21_ja-JP.md
[16:16:43] Start geting global Bing Wallpaper, region=en-IN, local time is 2025-06-20 21:46:43.830270+05:30
[16:16:43] Successful get url: https://www.bing.com/th?id=OHR.IcelandSolstice_EN-IN9654538547_UHD.jpg
[16:16:43] Picture infomations saved to  global/en-IN/README.md
[16:16:43] Picture infomations saved to global/en-IN/history/2025/06/20_en-IN.md
[16:16:43] Start geting global Bing Wallpaper, region=pt-BR, local time is 2025-06-20 13:16:43.962774-03:00
[16:16:43] Successful get url: https://www.bing.com/th?id=OHR.WinterBegins_PT-BR2647021709_UHD.jpg
[16:16:44] Picture infomations saved to  global/pt-BR/README.md
[16:16:44] Picture infomations saved to global/pt-BR/history/2025/06/21_pt-BR.md
[16:16:44] Start geting global Bing Wallpaper, region=fr-FR, local time is 2025-06-20 18:16:44.078146+02:00
[16:16:44] Successful get url: https://www.bing.com/th?id=OHR.SerengetiGiraffe_FR-FR9630201314_UHD.jpg
[16:16:44] Picture infomations saved to  global/fr-FR/README.md
[16:16:44] Picture infomations saved to global/fr-FR/history/2025/06/20_fr-FR.md
[16:16:44] Start geting global Bing Wallpaper, region=de-DE, local time is 2025-06-20 18:16:44.210158+02:00
[16:16:44] Successful get url: https://www.bing.com/th?id=OHR.SerengetiGiraffe_DE-DE4851504112_UHD.jpg
[16:16:44] Picture infomations saved to  global/de-DE/README.md
[16:16:44] Picture infomations saved to global/de-DE/history/2025/06/20_de-DE.md
[16:16:44] Start geting global Bing Wallpaper, region=en-CA, local time is 2025-06-20 12:16:44.405892-04:00
[16:16:44] Successful get url: https://www.bing.com/th?id=OHR.IcelandSolstice_EN-CA5496259238_UHD.jpg
[16:16:44] Picture infomations saved to  global/en-CA/README.md
[16:16:44] Picture infomations saved to global/en-CA/history/2025/06/21_en-CA.md
[16:16:44] Start geting global Bing Wallpaper, region=en-GB, local time is 2025-06-20 17:16:44.500040+01:00
[16:16:44] Successful get url: https://www.bing.com/th?id=OHR.SerengetiGiraffe_EN-GB0487583415_UHD.jpg
[16:16:44] Picture infomations saved to  global/en-GB/README.md
[16:16:44] Picture infomations saved to global/en-GB/history/2025/06/20_en-GB.md
[16:16:44] Start geting global Bing Wallpaper, region=it-IT, local time is 2025-06-20 18:16:44.624408+02:00
[16:16:44] Successful get url: https://www.bing.com/th?id=OHR.SaleTrapani_IT-IT6306427374_UHD.jpg
[16:16:44] Picture infomations saved to  global/it-IT/README.md
[16:16:44] Picture infomations saved to global/it-IT/history/2025/06/20_it-IT.md
[16:16:44] Start geting global Bing Wallpaper, region=es-ES, local time is 2025-06-20 18:16:44.695471+02:00
[16:16:44] Successful get url: https://www.bing.com/th?id=OHR.IcelandSolstice_ES-ES0482972208_UHD.jpg
[16:16:44] Picture infomations saved to  global/es-ES/README.md
[16:16:44] Picture infomations saved to global/es-ES/history/2025/06/20_es-ES.md
[16:16:44] Start geting global Bing Wallpaper, region=fr-CA, local time is 2025-06-20 12:16:44.833817-04:00
[16:16:44] Successful get url: https://www.bing.com/th?id=OHR.IcelandSolstice_FR-CA9981764329_UHD.jpg
[16:16:44] Picture infomations saved to  global/fr-CA/README.md
[16:16:44] Picture infomations saved to global/fr-CA/history/2025/06/21_fr-CA.md
Program exit at 16:16:44
