
Program started at 09:28:19
Operating System Name: Linux
Operating System Version: #15~24.04.1-Ubuntu SMP Thu May  1 02:52:08 UTC 2025
System Architecture: ('64bit', 'ELF')
Computer Type: x86_64
Computer Name: fv-az810-255
Processor Type: x86_64
Python Version: 3.12.10
Python Interpreter Name: CPython
[09:28:19] Start geting CN Bing Wallpaper
[09:28:19] Successful get url: https://www.bing.com/th?id=OHR.PacificCrestTrail_ZH-CN9582395021_UHD.jpg
[09:28:19] Image saved to img/background.jpg
[09:28:19] Info saved to README.md
[09:28:19] Image saved to history/2025/06/07.md
[09:28:19] Start geting global Bing Wallpaper, region=en-US, local time is 2025-06-07 05:28:19.512066-04:00
[09:28:19] Successful get url: https://www.bing.com/th?id=OHR.PacificCrestTrail_EN-US8903844619_UHD.jpg
[09:28:19] Picture infomations saved to  global/en-US/README.md
[09:28:19] Picture infomations saved to global/en-US/history/2025/06/08_en-US.md
[09:28:19] Start geting global Bing Wallpaper, region=ja-JP, local time is 2025-06-07 18:28:19.643421+09:00
[09:28:19] Successful get url: https://www.bing.com/th?id=OHR.PacificCrestTrail_JA-JP5723625676_UHD.jpg
[09:28:19] Picture infomations saved to  global/ja-JP/README.md
[09:28:19] Picture infomations saved to global/ja-JP/history/2025/06/07_ja-JP.md
[09:28:19] Start geting global Bing Wallpaper, region=en-IN, local time is 2025-06-07 14:58:19.768832+05:30
[09:28:19] Successful get url: https://www.bing.com/th?id=OHR.GadisarLake_EN-IN3675528422_UHD.jpg
[09:28:19] Picture infomations saved to  global/en-IN/README.md
[09:28:19] Picture infomations saved to global/en-IN/history/2025/06/07_en-IN.md
[09:28:19] Start geting global Bing Wallpaper, region=pt-BR, local time is 2025-06-07 06:28:19.896721-03:00
[09:28:19] Successful get url: https://www.bing.com/th?id=OHR.PacificCrestTrail_PT-BR2793747825_UHD.jpg
[09:28:20] Picture infomations saved to  global/pt-BR/README.md
[09:28:20] Picture infomations saved to global/pt-BR/history/2025/06/08_pt-BR.md
[09:28:20] Start geting global Bing Wallpaper, region=fr-FR, local time is 2025-06-07 11:28:20.013278+02:00
[09:28:20] Successful get url: https://www.bing.com/th?id=OHR.NuitBlancheParis_FR-FR2686890778_UHD.jpg
[09:28:20] Picture infomations saved to  global/fr-FR/README.md
[09:28:20] Picture infomations saved to global/fr-FR/history/2025/06/07_fr-FR.md
[09:28:20] Start geting global Bing Wallpaper, region=de-DE, local time is 2025-06-07 11:28:20.126825+02:00
[09:28:20] Successful get url: https://www.bing.com/th?id=OHR.PacificCrestTrail_DE-DE7215406983_UHD.jpg
[09:28:20] Picture infomations saved to  global/de-DE/README.md
[09:28:20] Picture infomations saved to global/de-DE/history/2025/06/07_de-DE.md
[09:28:20] Start geting global Bing Wallpaper, region=en-CA, local time is 2025-06-07 05:28:20.240077-04:00
[09:28:20] Successful get url: https://www.bing.com/th?id=OHR.PacificCrestTrail_EN-CA3756267540_UHD.jpg
[09:28:20] Picture infomations saved to  global/en-CA/README.md
[09:28:20] Picture infomations saved to global/en-CA/history/2025/06/08_en-CA.md
[09:28:20] Start geting global Bing Wallpaper, region=en-GB, local time is 2025-06-07 10:28:20.353865+01:00
[09:28:20] Successful get url: https://www.bing.com/th?id=OHR.VictoriaStreet2025_EN-GB2065816867_UHD.jpg
[09:28:20] Picture infomations saved to  global/en-GB/README.md
[09:28:20] Picture infomations saved to global/en-GB/history/2025/06/07_en-GB.md
[09:28:20] Start geting global Bing Wallpaper, region=it-IT, local time is 2025-06-07 11:28:20.468041+02:00
[09:28:20] Successful get url: https://www.bing.com/th?id=OHR.PacificCrestTrail_IT-IT6678210437_UHD.jpg
[09:28:20] Picture infomations saved to  global/it-IT/README.md
[09:28:20] Picture infomations saved to global/it-IT/history/2025/06/07_it-IT.md
[09:28:20] Start geting global Bing Wallpaper, region=es-ES, local time is 2025-06-07 11:28:20.588933+02:00
[09:28:20] Successful get url: https://www.bing.com/th?id=OHR.PacificCrestTrail_ES-ES3148246580_UHD.jpg
[09:28:20] Picture infomations saved to  global/es-ES/README.md
[09:28:20] Picture infomations saved to global/es-ES/history/2025/06/07_es-ES.md
[09:28:20] Start geting global Bing Wallpaper, region=fr-CA, local time is 2025-06-07 05:28:20.701912-04:00
[09:28:20] Successful get url: https://www.bing.com/th?id=OHR.PacificCrestTrail_FR-CA6650916972_UHD.jpg
[09:28:20] Picture infomations saved to  global/fr-CA/README.md
[09:28:20] Picture infomations saved to global/fr-CA/history/2025/06/08_fr-CA.md
Program exit at 09:28:20
