
Program started at 09:25:43
Operating System Name: Linux
Operating System Version: #26~22.04.1-Ubuntu SMP Thu Jul 11 22:33:04 UTC 2024
System Architecture: ('64bit', 'ELF')
Computer Type: x86_64
Computer Name: fv-az700-749
Processor Type: x86_64
Python Version: 3.12.7
Python Interpreter Name: CPython
[09:25:43] Start geting CN Bing Wallpaper
[09:25:43] Successful get url: https://www.bing.com/th?id=OHR.DenderaTemple_ZH-CN3097745887_UHD.jpg
[09:25:43] Image saved to img/background.jpg
[09:25:43] Info saved to README.md
[09:25:43] Image saved to history/2024/10/19.md
[09:25:43] Start geting global Bing Wallpaper, region=en-US, local time is 2024-10-19 05:25:43.286391-04:00
[09:25:43] Successful get url: https://www.bing.com/th?id=OHR.DenderaTemple_EN-US2605709637_UHD.jpg
[09:25:43] Picture infomations saved to  global/en-US/README.md
[09:25:43] Picture infomations saved to global/en-US/history/2024/10/20_en-US.md
[09:25:43] Start geting global Bing Wallpaper, region=ja-JP, local time is 2024-10-19 18:25:43.390289+09:00
[09:25:43] Successful get url: https://www.bing.com/th?id=OHR.DenderaTemple_JA-JP4353072440_UHD.jpg
[09:25:43] Picture infomations saved to  global/ja-JP/README.md
[09:25:43] Picture infomations saved to global/ja-JP/history/2024/10/19_ja-JP.md
[09:25:43] Start geting global Bing Wallpaper, region=en-IN, local time is 2024-10-19 14:55:43.493467+05:30
[09:25:43] Successful get url: https://www.bing.com/th?id=OHR.DenderaTemple_EN-IN5970079053_UHD.jpg
[09:25:43] Picture infomations saved to  global/en-IN/README.md
[09:25:43] Picture infomations saved to global/en-IN/history/2024/10/19_en-IN.md
[09:25:43] Start geting global Bing Wallpaper, region=pt-BR, local time is 2024-10-19 06:25:43.596945-03:00
[09:25:43] Successful get url: https://www.bing.com/th?id=OHR.DenderaTemple_PT-BR6539845196_UHD.jpg
[09:25:43] Picture infomations saved to  global/pt-BR/README.md
[09:25:43] Picture infomations saved to global/pt-BR/history/2024/10/20_pt-BR.md
[09:25:43] Start geting global Bing Wallpaper, region=fr-FR, local time is 2024-10-19 11:25:43.740501+02:00
[09:25:43] Successful get url: https://www.bing.com/th?id=OHR.DenderaTemple_FR-FR5972566058_UHD.jpg
[09:25:43] Picture infomations saved to  global/fr-FR/README.md
[09:25:43] Picture infomations saved to global/fr-FR/history/2024/10/19_fr-FR.md
[09:25:43] Start geting global Bing Wallpaper, region=de-DE, local time is 2024-10-19 11:25:43.826704+02:00
[09:25:43] Successful get url: https://www.bing.com/th?id=OHR.DenderaTemple_DE-DE9209425729_UHD.jpg
[09:25:43] Picture infomations saved to  global/de-DE/README.md
[09:25:43] Picture infomations saved to global/de-DE/history/2024/10/19_de-DE.md
[09:25:43] Start geting global Bing Wallpaper, region=en-CA, local time is 2024-10-19 05:25:43.922542-04:00
[09:25:43] Successful get url: https://www.bing.com/th?id=OHR.DenderaTemple_EN-CA1538664812_UHD.jpg
[09:25:44] Picture infomations saved to  global/en-CA/README.md
[09:25:44] Picture infomations saved to global/en-CA/history/2024/10/20_en-CA.md
[09:25:44] Start geting global Bing Wallpaper, region=en-GB, local time is 2024-10-19 10:25:44.019187+01:00
[09:25:44] Successful get url: https://www.bing.com/th?id=OHR.DenderaTemple_EN-GB0191163199_UHD.jpg
[09:25:44] Picture infomations saved to  global/en-GB/README.md
[09:25:44] Picture infomations saved to global/en-GB/history/2024/10/19_en-GB.md
[09:25:44] Start geting global Bing Wallpaper, region=it-IT, local time is 2024-10-19 11:25:44.116767+02:00
[09:25:44] Successful get url: https://www.bing.com/th?id=OHR.DenderaTemple_IT-IT8470650196_UHD.jpg
[09:25:44] Picture infomations saved to  global/it-IT/README.md
[09:25:44] Picture infomations saved to global/it-IT/history/2024/10/19_it-IT.md
[09:25:44] Start geting global Bing Wallpaper, region=es-ES, local time is 2024-10-19 11:25:44.267836+02:00
[09:25:44] Successful get url: https://www.bing.com/th?id=OHR.DenderaTemple_ES-ES2992345983_UHD.jpg
[09:25:44] Picture infomations saved to  global/es-ES/README.md
[09:25:44] Picture infomations saved to global/es-ES/history/2024/10/19_es-ES.md
[09:25:44] Start geting global Bing Wallpaper, region=fr-CA, local time is 2024-10-19 05:25:44.359882-04:00
[09:25:44] Successful get url: https://www.bing.com/th?id=OHR.DenderaTemple_FR-CA2260090471_UHD.jpg
[09:25:44] Picture infomations saved to  global/fr-CA/README.md
[09:25:44] Picture infomations saved to global/fr-CA/history/2024/10/20_fr-CA.md
Program exit at 09:25:44

Program started at 16:13:16
Operating System Name: Linux
Operating System Version: #26~22.04.1-Ubuntu SMP Thu Jul 11 22:33:04 UTC 2024
System Architecture: ('64bit', 'ELF')
Computer Type: x86_64
Computer Name: fv-az1778-713
Processor Type: x86_64
Python Version: 3.12.7
Python Interpreter Name: CPython
[16:13:16] Start geting CN Bing Wallpaper
[16:13:16] Successful get url: https://www.bing.com/th?id=OHR.SmilingSloth_ZH-CN4646662964_UHD.jpg
[16:13:16] Image saved to img/background.jpg
[16:13:16] Info saved to README.md
[16:13:16] Image saved to history/2024/10/20.md
[16:13:16] Start geting global Bing Wallpaper, region=en-US, local time is 2024-10-19 12:13:16.899312-04:00
[16:13:16] Successful get url: https://www.bing.com/th?id=OHR.DenderaTemple_EN-US2605709637_UHD.jpg
[16:13:17] Picture infomations saved to  global/en-US/README.md
[16:13:17] Picture infomations saved to global/en-US/history/2024/10/20_en-US.md
[16:13:17] Start geting global Bing Wallpaper, region=ja-JP, local time is 2024-10-20 01:13:17.022713+09:00
[16:13:17] Successful get url: https://www.bing.com/th?id=OHR.SmilingSloth_JA-JP4479144213_UHD.jpg
[16:13:17] Picture infomations saved to  global/ja-JP/README.md
[16:13:17] Picture infomations saved to global/ja-JP/history/2024/10/20_ja-JP.md
[16:13:17] Start geting global Bing Wallpaper, region=en-IN, local time is 2024-10-19 21:43:17.174855+05:30
[16:13:17] Successful get url: https://www.bing.com/th?id=OHR.DenderaTemple_EN-IN5970079053_UHD.jpg
[16:13:17] Picture infomations saved to  global/en-IN/README.md
[16:13:17] Picture infomations saved to global/en-IN/history/2024/10/19_en-IN.md
[16:13:17] Start geting global Bing Wallpaper, region=pt-BR, local time is 2024-10-19 13:13:17.378185-03:00
[16:13:17] Successful get url: https://www.bing.com/th?id=OHR.DenderaTemple_PT-BR6539845196_UHD.jpg
[16:13:17] Picture infomations saved to  global/pt-BR/README.md
[16:13:17] Picture infomations saved to global/pt-BR/history/2024/10/20_pt-BR.md
[16:13:17] Start geting global Bing Wallpaper, region=fr-FR, local time is 2024-10-19 18:13:17.530872+02:00
[16:13:17] Successful get url: https://www.bing.com/th?id=OHR.DenderaTemple_FR-FR5972566058_UHD.jpg
[16:13:17] Picture infomations saved to  global/fr-FR/README.md
[16:13:17] Picture infomations saved to global/fr-FR/history/2024/10/19_fr-FR.md
[16:13:17] Start geting global Bing Wallpaper, region=de-DE, local time is 2024-10-19 18:13:17.679118+02:00
[16:13:17] Successful get url: https://www.bing.com/th?id=OHR.DenderaTemple_DE-DE9209425729_UHD.jpg
[16:13:17] Picture infomations saved to  global/de-DE/README.md
[16:13:17] Picture infomations saved to global/de-DE/history/2024/10/19_de-DE.md
[16:13:17] Start geting global Bing Wallpaper, region=en-CA, local time is 2024-10-19 12:13:17.851672-04:00
[16:13:17] Successful get url: https://www.bing.com/th?id=OHR.DenderaTemple_EN-CA1538664812_UHD.jpg
[16:13:18] Picture infomations saved to  global/en-CA/README.md
[16:13:18] Picture infomations saved to global/en-CA/history/2024/10/20_en-CA.md
[16:13:18] Start geting global Bing Wallpaper, region=en-GB, local time is 2024-10-19 17:13:18.017862+01:00
[16:13:18] Successful get url: https://www.bing.com/th?id=OHR.DenderaTemple_EN-GB0191163199_UHD.jpg
[16:13:18] Picture infomations saved to  global/en-GB/README.md
[16:13:18] Picture infomations saved to global/en-GB/history/2024/10/19_en-GB.md
[16:13:18] Start geting global Bing Wallpaper, region=it-IT, local time is 2024-10-19 18:13:18.159135+02:00
[16:13:18] Successful get url: https://www.bing.com/th?id=OHR.DenderaTemple_IT-IT8470650196_UHD.jpg
[16:13:18] Picture infomations saved to  global/it-IT/README.md
[16:13:18] Picture infomations saved to global/it-IT/history/2024/10/19_it-IT.md
[16:13:18] Start geting global Bing Wallpaper, region=es-ES, local time is 2024-10-19 18:13:18.302911+02:00
[16:13:18] Successful get url: https://www.bing.com/th?id=OHR.DenderaTemple_ES-ES2992345983_UHD.jpg
[16:13:18] Picture infomations saved to  global/es-ES/README.md
[16:13:18] Picture infomations saved to global/es-ES/history/2024/10/19_es-ES.md
[16:13:18] Start geting global Bing Wallpaper, region=fr-CA, local time is 2024-10-19 12:13:18.448330-04:00
[16:13:18] Successful get url: https://www.bing.com/th?id=OHR.DenderaTemple_FR-CA2260090471_UHD.jpg
[16:13:18] Picture infomations saved to  global/fr-CA/README.md
[16:13:18] Picture infomations saved to global/fr-CA/history/2024/10/20_fr-CA.md
Program exit at 16:13:18
