
Program started at 09:26:11
Operating System Name: Linux
Operating System Version: #26~22.04.1-Ubuntu SMP Thu Jul 11 22:33:04 UTC 2024
System Architecture: ('64bit', 'ELF')
Computer Type: x86_64
Computer Name: fv-az2022-74
Processor Type: x86_64
Python Version: 3.12.7
Python Interpreter Name: CPython
[09:26:11] Start geting CN Bing Wallpaper
[09:26:11] Successful get url: https://www.bing.com/th?id=OHR.AlcazarSeville_ZH-CN5581795099_UHD.jpg
[09:26:11] Image saved to img/background.jpg
[09:26:11] Info saved to README.md
[09:26:11] Image saved to history/2024/10/13.md
[09:26:11] Start geting global Bing Wallpaper, region=en-US, local time is 2024-10-13 05:26:11.986046-04:00
[09:26:12] Successful get url: https://www.bing.com/th?id=OHR.AlcazarSeville_EN-US9523655289_UHD.jpg
[09:26:12] Picture infomations saved to  global/en-US/README.md
[09:26:12] Picture infomations saved to global/en-US/history/2024/10/14_en-US.md
[09:26:12] Start geting global Bing Wallpaper, region=ja-JP, local time is 2024-10-13 18:26:12.087978+09:00
[09:26:12] Successful get url: https://www.bing.com/th?id=OHR.AlcazarSeville_JA-JP7812179664_UHD.jpg
[09:26:12] Picture infomations saved to  global/ja-JP/README.md
[09:26:12] Picture infomations saved to global/ja-JP/history/2024/10/13_ja-JP.md
[09:26:12] Start geting global Bing Wallpaper, region=en-IN, local time is 2024-10-13 14:56:12.200683+05:30
[09:26:12] Successful get url: https://www.bing.com/th?id=OHR.AlcazarSeville_EN-IN3915163511_UHD.jpg
[09:26:12] Picture infomations saved to  global/en-IN/README.md
[09:26:12] Picture infomations saved to global/en-IN/history/2024/10/13_en-IN.md
[09:26:12] Start geting global Bing Wallpaper, region=pt-BR, local time is 2024-10-13 06:26:12.297169-03:00
[09:26:12] Successful get url: https://www.bing.com/th?id=OHR.AlcazarSeville_PT-BR9775263782_UHD.jpg
[09:26:12] Picture infomations saved to  global/pt-BR/README.md
[09:26:12] Picture infomations saved to global/pt-BR/history/2024/10/14_pt-BR.md
[09:26:12] Start geting global Bing Wallpaper, region=fr-FR, local time is 2024-10-13 11:26:12.390973+02:00
[09:26:12] Successful get url: https://www.bing.com/th?id=OHR.AlcazarSeville_FR-FR4993322229_UHD.jpg
[09:26:12] Picture infomations saved to  global/fr-FR/README.md
[09:26:12] Picture infomations saved to global/fr-FR/history/2024/10/13_fr-FR.md
[09:26:12] Start geting global Bing Wallpaper, region=de-DE, local time is 2024-10-13 11:26:12.487607+02:00
[09:26:12] Successful get url: https://www.bing.com/th?id=OHR.AlcazarSeville_DE-DE3041524458_UHD.jpg
[09:26:12] Picture infomations saved to  global/de-DE/README.md
[09:26:12] Picture infomations saved to global/de-DE/history/2024/10/13_de-DE.md
[09:26:12] Start geting global Bing Wallpaper, region=en-CA, local time is 2024-10-13 05:26:12.592945-04:00
[09:26:12] Successful get url: https://www.bing.com/th?id=OHR.AlcazarSeville_EN-CA0555315003_UHD.jpg
[09:26:12] Picture infomations saved to  global/en-CA/README.md
[09:26:12] Picture infomations saved to global/en-CA/history/2024/10/14_en-CA.md
[09:26:12] Start geting global Bing Wallpaper, region=en-GB, local time is 2024-10-13 10:26:12.701251+01:00
[09:26:12] Successful get url: https://www.bing.com/th?id=OHR.AlcazarSeville_EN-GB0411908636_UHD.jpg
[09:26:12] Picture infomations saved to  global/en-GB/README.md
[09:26:12] Picture infomations saved to global/en-GB/history/2024/10/13_en-GB.md
[09:26:12] Start geting global Bing Wallpaper, region=it-IT, local time is 2024-10-13 11:26:12.794354+02:00
[09:26:12] Successful get url: https://www.bing.com/th?id=OHR.AlcazarSeville_IT-IT0712843452_UHD.jpg
[09:26:12] Picture infomations saved to  global/it-IT/README.md
[09:26:12] Picture infomations saved to global/it-IT/history/2024/10/13_it-IT.md
[09:26:12] Start geting global Bing Wallpaper, region=es-ES, local time is 2024-10-13 11:26:12.908673+02:00
[09:26:12] Successful get url: https://www.bing.com/th?id=OHR.AlcazarSeville_ES-ES5812845635_UHD.jpg
[09:26:12] Picture infomations saved to  global/es-ES/README.md
[09:26:12] Picture infomations saved to global/es-ES/history/2024/10/13_es-ES.md
[09:26:12] Start geting global Bing Wallpaper, region=fr-CA, local time is 2024-10-13 05:26:12.998642-04:00
[09:26:13] Successful get url: https://www.bing.com/th?id=OHR.AlcazarSeville_FR-CA4511304588_UHD.jpg
[09:26:13] Picture infomations saved to  global/fr-CA/README.md
[09:26:13] Picture infomations saved to global/fr-CA/history/2024/10/14_fr-CA.md
Program exit at 09:26:13
