
Program started at 09:28:28
Operating System Name: Linux
Operating System Version: #26~22.04.1-Ubuntu SMP Thu Jul 11 22:33:04 UTC 2024
System Architecture: ('64bit', 'ELF')
Computer Type: x86_64
Computer Name: fv-az658-918
Processor Type: x86_64
Python Version: 3.12.7
Python Interpreter Name: CPython
[09:28:28] Start geting CN Bing Wallpaper
[09:28:28] Successful get url: https://www.bing.com/th?id=OHR.CentralParkAutumn_ZH-CN2757358246_UHD.jpg
[09:28:28] Image saved to img/background.jpg
[09:28:28] Info saved to README.md
[09:28:28] Image saved to history/2024/10/18.md
[09:28:28] Start geting global Bing Wallpaper, region=en-US, local time is 2024-10-18 05:28:28.308747-04:00
[09:28:28] Successful get url: https://www.bing.com/th?id=OHR.CentralParkAutumn_EN-US2354288950_UHD.jpg
[09:28:28] Picture infomations saved to  global/en-US/README.md
[09:28:28] Picture infomations saved to global/en-US/history/2024/10/19_en-US.md
[09:28:28] Start geting global Bing Wallpaper, region=ja-JP, local time is 2024-10-18 18:28:28.418931+09:00
[09:28:28] Successful get url: https://www.bing.com/th?id=OHR.CentralParkAutumn_JA-JP4069662350_UHD.jpg
[09:28:28] Picture infomations saved to  global/ja-JP/README.md
[09:28:28] Picture infomations saved to global/ja-JP/history/2024/10/18_ja-JP.md
[09:28:28] Start geting global Bing Wallpaper, region=en-IN, local time is 2024-10-18 14:58:28.512097+05:30
[09:28:28] Successful get url: https://www.bing.com/th?id=OHR.CentralParkAutumn_EN-IN5680267984_UHD.jpg
[09:28:28] Picture infomations saved to  global/en-IN/README.md
[09:28:28] Picture infomations saved to global/en-IN/history/2024/10/18_en-IN.md
[09:28:28] Start geting global Bing Wallpaper, region=pt-BR, local time is 2024-10-18 06:28:28.607895-03:00
[09:28:28] Successful get url: https://www.bing.com/th?id=OHR.CentralParkAutumn_PT-BR6612852455_UHD.jpg
[09:28:28] Picture infomations saved to  global/pt-BR/README.md
[09:28:28] Picture infomations saved to global/pt-BR/history/2024/10/19_pt-BR.md
[09:28:28] Start geting global Bing Wallpaper, region=fr-FR, local time is 2024-10-18 11:28:28.706828+02:00
[09:28:28] Successful get url: https://www.bing.com/th?id=OHR.CentralParkAutumn_FR-FR5749913554_UHD.jpg
[09:28:28] Picture infomations saved to  global/fr-FR/README.md
[09:28:28] Picture infomations saved to global/fr-FR/history/2024/10/18_fr-FR.md
[09:28:28] Start geting global Bing Wallpaper, region=de-DE, local time is 2024-10-18 11:28:28.804810+02:00
[09:28:28] Successful get url: https://www.bing.com/th?id=OHR.CentralParkAutumn_DE-DE9416328448_UHD.jpg
[09:28:28] Picture infomations saved to  global/de-DE/README.md
[09:28:28] Picture infomations saved to global/de-DE/history/2024/10/18_de-DE.md
[09:28:28] Start geting global Bing Wallpaper, region=en-CA, local time is 2024-10-18 05:28:28.906478-04:00
[09:28:28] Successful get url: https://www.bing.com/th?id=OHR.JasperDark_EN-CA8643042761_UHD.jpg
[09:28:29] Picture infomations saved to  global/en-CA/README.md
[09:28:29] Picture infomations saved to global/en-CA/history/2024/10/19_en-CA.md
[09:28:29] Start geting global Bing Wallpaper, region=en-GB, local time is 2024-10-18 10:28:29.007938+01:00
[09:28:29] Successful get url: https://www.bing.com/th?id=OHR.CentralParkAutumn_EN-GB9448317557_UHD.jpg
[09:28:29] Picture infomations saved to  global/en-GB/README.md
[09:28:29] Picture infomations saved to global/en-GB/history/2024/10/18_en-GB.md
[09:28:29] Start geting global Bing Wallpaper, region=it-IT, local time is 2024-10-18 11:28:29.177010+02:00
[09:28:29] Successful get url: https://www.bing.com/th?id=OHR.CentralParkAutumn_IT-IT8332847317_UHD.jpg
[09:28:29] Picture infomations saved to  global/it-IT/README.md
[09:28:29] Picture infomations saved to global/it-IT/history/2024/10/18_it-IT.md
[09:28:29] Start geting global Bing Wallpaper, region=es-ES, local time is 2024-10-18 11:28:29.279225+02:00
[09:28:29] Successful get url: https://www.bing.com/th?id=OHR.CentralParkAutumn_ES-ES2052483366_UHD.jpg
[09:28:29] Picture infomations saved to  global/es-ES/README.md
[09:28:29] Picture infomations saved to global/es-ES/history/2024/10/18_es-ES.md
[09:28:29] Start geting global Bing Wallpaper, region=fr-CA, local time is 2024-10-18 05:28:29.381821-04:00
[09:28:29] Successful get url: https://www.bing.com/th?id=OHR.JasperDark_FR-CA5254493695_UHD.jpg
[09:28:29] Picture infomations saved to  global/fr-CA/README.md
[09:28:29] Picture infomations saved to global/fr-CA/history/2024/10/19_fr-CA.md
Program exit at 09:28:29
