
Program started at 09:28:13
Operating System Name: Linux
Operating System Version: #26~22.04.1-Ubuntu SMP Thu Jul 11 22:33:04 UTC 2024
System Architecture: ('64bit', 'ELF')
Computer Type: x86_64
Computer Name: fv-az1055-961
Processor Type: x86_64
Python Version: 3.12.7
Python Interpreter Name: CPython
[09:28:13] Start geting CN Bing Wallpaper
[09:28:13] Successful get url: https://www.bing.com/th?id=OHR.Chongyang2024_ZH-CN4180097837_UHD.jpg
[09:28:13] Image saved to img/background.jpg
[09:28:13] Info saved to README.md
[09:28:13] Image saved to history/2024/10/11.md
[09:28:13] Start geting global Bing Wallpaper, region=en-US, local time is 2024-10-11 05:28:13.620307-04:00
[09:28:13] Successful get url: https://www.bing.com/th?id=OHR.CelticColours_EN-US9284206130_UHD.jpg
[09:28:14] Picture infomations saved to  global/en-US/README.md
[09:28:14] Picture infomations saved to global/en-US/history/2024/10/12_en-US.md
[09:28:14] Start geting global Bing Wallpaper, region=ja-JP, local time is 2024-10-11 18:28:14.022040+09:00
[09:28:14] Successful get url: https://www.bing.com/th?id=OHR.CelticColours_JA-JP6953032126_UHD.jpg
[09:28:14] Picture infomations saved to  global/ja-JP/README.md
[09:28:14] Picture infomations saved to global/ja-JP/history/2024/10/11_ja-JP.md
[09:28:14] Start geting global Bing Wallpaper, region=en-IN, local time is 2024-10-11 14:58:14.363963+05:30
[09:28:14] Successful get url: https://www.bing.com/th?id=OHR.QuebecDuck_EN-IN6498950304_UHD.jpg
[09:28:14] Picture infomations saved to  global/en-IN/README.md
[09:28:14] Picture infomations saved to global/en-IN/history/2024/10/11_en-IN.md
[09:28:14] Start geting global Bing Wallpaper, region=pt-BR, local time is 2024-10-11 06:28:14.866891-03:00
[09:28:14] Successful get url: https://www.bing.com/th?id=OHR.CelticColours_PT-BR9042410710_UHD.jpg
[09:28:15] Picture infomations saved to  global/pt-BR/README.md
[09:28:15] Picture infomations saved to global/pt-BR/history/2024/10/12_pt-BR.md
[09:28:15] Start geting global Bing Wallpaper, region=fr-FR, local time is 2024-10-11 11:28:15.211967+02:00
[09:28:15] Successful get url: https://www.bing.com/th?id=OHR.CelticColours_FR-FR3939645346_UHD.jpg
[09:28:15] Picture infomations saved to  global/fr-FR/README.md
[09:28:15] Picture infomations saved to global/fr-FR/history/2024/10/11_fr-FR.md
[09:28:15] Start geting global Bing Wallpaper, region=de-DE, local time is 2024-10-11 11:28:15.545645+02:00
[09:28:15] Successful get url: https://www.bing.com/th?id=OHR.CelticColours_DE-DE5682241306_UHD.jpg
[09:28:15] Picture infomations saved to  global/de-DE/README.md
[09:28:15] Picture infomations saved to global/de-DE/history/2024/10/11_de-DE.md
[09:28:15] Start geting global Bing Wallpaper, region=en-CA, local time is 2024-10-11 05:28:15.889401-04:00
[09:28:15] Successful get url: https://www.bing.com/th?id=OHR.CelticColours_EN-CA7718811490_UHD.jpg
[09:28:16] Picture infomations saved to  global/en-CA/README.md
[09:28:16] Picture infomations saved to global/en-CA/history/2024/10/12_en-CA.md
[09:28:16] Start geting global Bing Wallpaper, region=en-GB, local time is 2024-10-11 10:28:16.798079+01:00
[09:28:16] Successful get url: https://www.bing.com/th?id=OHR.GrasmereAutumn2024_EN-GB0406171005_UHD.jpg
[09:28:17] Picture infomations saved to  global/en-GB/README.md
[09:28:17] Picture infomations saved to global/en-GB/history/2024/10/11_en-GB.md
[09:28:17] Start geting global Bing Wallpaper, region=it-IT, local time is 2024-10-11 11:28:17.165421+02:00
[09:28:17] Successful get url: https://www.bing.com/th?id=OHR.CelticColours_IT-IT4571823616_UHD.jpg
[09:28:17] Picture infomations saved to  global/it-IT/README.md
[09:28:17] Picture infomations saved to global/it-IT/history/2024/10/11_it-IT.md
[09:28:17] Start geting global Bing Wallpaper, region=es-ES, local time is 2024-10-11 11:28:17.510909+02:00
[09:28:17] Successful get url: https://www.bing.com/th?id=OHR.CelticColours_ES-ES5079462677_UHD.jpg
[09:28:17] Picture infomations saved to  global/es-ES/README.md
[09:28:17] Picture infomations saved to global/es-ES/history/2024/10/11_es-ES.md
[09:28:17] Start geting global Bing Wallpaper, region=fr-CA, local time is 2024-10-11 05:28:17.847612-04:00
[09:28:17] Successful get url: https://www.bing.com/th?id=OHR.CelticColours_FR-CA3805586495_UHD.jpg
[09:28:18] Picture infomations saved to  global/fr-CA/README.md
[09:28:18] Picture infomations saved to global/fr-CA/history/2024/10/12_fr-CA.md
Program exit at 09:28:18
