
Program started at 09:28:27
Operating System Name: Linux
Operating System Version: #16~22.04.1-Ubuntu SMP Thu Aug 15 21:31:41 UTC 2024
System Architecture: ('64bit', 'ELF')
Computer Type: x86_64
Computer Name: fv-az1249-632
Processor Type: x86_64
Python Version: 3.12.6
Python Interpreter Name: CPython
[09:28:27] Start geting CN Bing Wallpaper
[09:28:27] Successful get url: https://www.bing.com/th?id=OHR.ElephantTeacher_ZH-CN0543308499_UHD.jpg
[09:28:27] Image saved to img/background.jpg
[09:28:27] Info saved to README.md
[09:28:27] Image saved to history/2024/10/05.md
[09:28:27] Start geting global Bing Wallpaper, region=en-US, local time is 2024-10-05 05:28:27.834686-04:00
[09:28:27] Successful get url: https://www.bing.com/th?id=OHR.ElephantTeacher_EN-US8363933732_UHD.jpg
[09:28:27] Picture infomations saved to  global/en-US/README.md
[09:28:27] Picture infomations saved to global/en-US/history/2024/10/06_en-US.md
[09:28:27] Start geting global Bing Wallpaper, region=ja-JP, local time is 2024-10-05 18:28:27.998652+09:00
[09:28:28] Successful get url: https://www.bing.com/th?id=OHR.ElephantTeacher_JA-JP4940024317_UHD.jpg
[09:28:28] Picture infomations saved to  global/ja-JP/README.md
[09:28:28] Picture infomations saved to global/ja-JP/history/2024/10/05_ja-JP.md
[09:28:28] Start geting global Bing Wallpaper, region=en-IN, local time is 2024-10-05 14:58:28.215232+05:30
[09:28:28] Successful get url: https://www.bing.com/th?id=OHR.ElephantTeacher_EN-IN6887174228_UHD.jpg
[09:28:28] Picture infomations saved to  global/en-IN/README.md
[09:28:28] Picture infomations saved to global/en-IN/history/2024/10/05_en-IN.md
[09:28:28] Start geting global Bing Wallpaper, region=pt-BR, local time is 2024-10-05 06:28:28.433640-03:00
[09:28:28] Successful get url: https://www.bing.com/th?id=OHR.MaraMigration_PT-BR7440860691_UHD.jpg
[09:28:28] Picture infomations saved to  global/pt-BR/README.md
[09:28:28] Picture infomations saved to global/pt-BR/history/2024/10/06_pt-BR.md
[09:28:28] Start geting global Bing Wallpaper, region=fr-FR, local time is 2024-10-05 11:28:28.620980+02:00
[09:28:28] Successful get url: https://www.bing.com/th?id=OHR.ElephantTeacher_FR-FR9412681522_UHD.jpg
[09:28:28] Picture infomations saved to  global/fr-FR/README.md
[09:28:28] Picture infomations saved to global/fr-FR/history/2024/10/05_fr-FR.md
[09:28:28] Start geting global Bing Wallpaper, region=de-DE, local time is 2024-10-05 11:28:28.741352+02:00
[09:28:28] Successful get url: https://www.bing.com/th?id=OHR.ElephantTeacher_DE-DE8807070034_UHD.jpg
[09:28:28] Picture infomations saved to  global/de-DE/README.md
[09:28:28] Picture infomations saved to global/de-DE/history/2024/10/05_de-DE.md
[09:28:28] Start geting global Bing Wallpaper, region=en-CA, local time is 2024-10-05 05:28:28.941502-04:00
[09:28:28] Successful get url: https://www.bing.com/th?id=OHR.ElephantTeacher_EN-CA7050305105_UHD.jpg
[09:28:29] Picture infomations saved to  global/en-CA/README.md
[09:28:29] Picture infomations saved to global/en-CA/history/2024/10/06_en-CA.md
[09:28:29] Start geting global Bing Wallpaper, region=en-GB, local time is 2024-10-05 10:28:29.057911+01:00
[09:28:29] Successful get url: https://www.bing.com/th?id=OHR.ElephantTeacher_EN-GB5187585413_UHD.jpg
[09:28:29] Picture infomations saved to  global/en-GB/README.md
[09:28:29] Picture infomations saved to global/en-GB/history/2024/10/05_en-GB.md
[09:28:29] Start geting global Bing Wallpaper, region=it-IT, local time is 2024-10-05 11:28:29.242607+02:00
[09:28:29] Successful get url: https://www.bing.com/th?id=OHR.ElephantTeacher_IT-IT9988351261_UHD.jpg
[09:28:29] Picture infomations saved to  global/it-IT/README.md
[09:28:29] Picture infomations saved to global/it-IT/history/2024/10/05_it-IT.md
[09:28:29] Start geting global Bing Wallpaper, region=es-ES, local time is 2024-10-05 11:28:29.337172+02:00
[09:28:29] Successful get url: https://www.bing.com/th?id=OHR.ElephantTeacher_ES-ES3979458374_UHD.jpg
[09:28:29] Picture infomations saved to  global/es-ES/README.md
[09:28:29] Picture infomations saved to global/es-ES/history/2024/10/05_es-ES.md
[09:28:29] Start geting global Bing Wallpaper, region=fr-CA, local time is 2024-10-05 05:28:29.523890-04:00
[09:28:29] Successful get url: https://www.bing.com/th?id=OHR.ElephantTeacher_FR-CA0466901926_UHD.jpg
[09:28:29] Picture infomations saved to  global/fr-CA/README.md
[09:28:29] Picture infomations saved to global/fr-CA/history/2024/10/06_fr-CA.md
Program exit at 09:28:29

Program started at 16:13:25
Operating System Name: Linux
Operating System Version: #16~22.04.1-Ubuntu SMP Thu Aug 15 21:31:41 UTC 2024
System Architecture: ('64bit', 'ELF')
Computer Type: x86_64
Computer Name: fv-az573-454
Processor Type: x86_64
Python Version: 3.12.6
Python Interpreter Name: CPython
[16:13:25] Start geting CN Bing Wallpaper
[16:13:25] Successful get url: https://www.bing.com/th?id=OHR.CoyoteGulch_ZH-CN2869463336_UHD.jpg
[16:13:26] Image saved to img/background.jpg
[16:13:26] Info saved to README.md
[16:13:26] Image saved to history/2024/10/06.md
[16:13:26] Start geting global Bing Wallpaper, region=en-US, local time is 2024-10-05 12:13:26.106758-04:00
[16:13:26] Successful get url: https://www.bing.com/th?id=OHR.ElephantTeacher_EN-US8363933732_UHD.jpg
[16:13:27] Picture infomations saved to  global/en-US/README.md
[16:13:27] Picture infomations saved to global/en-US/history/2024/10/06_en-US.md
[16:13:27] Start geting global Bing Wallpaper, region=ja-JP, local time is 2024-10-06 01:13:27.583332+09:00
[16:13:27] Successful get url: https://www.bing.com/th?id=OHR.KochiaJapan_JA-JP5196113182_UHD.jpg
[16:13:27] Picture infomations saved to  global/ja-JP/README.md
[16:13:27] Picture infomations saved to global/ja-JP/history/2024/10/06_ja-JP.md
[16:13:27] Start geting global Bing Wallpaper, region=en-IN, local time is 2024-10-05 21:43:27.802546+05:30
[16:13:27] Successful get url: https://www.bing.com/th?id=OHR.ElephantTeacher_EN-IN6887174228_UHD.jpg
[16:13:28] Picture infomations saved to  global/en-IN/README.md
[16:13:28] Picture infomations saved to global/en-IN/history/2024/10/05_en-IN.md
[16:13:28] Start geting global Bing Wallpaper, region=pt-BR, local time is 2024-10-05 13:13:28.092990-03:00
[16:13:28] Successful get url: https://www.bing.com/th?id=OHR.MaraMigration_PT-BR7440860691_UHD.jpg
[16:13:28] Picture infomations saved to  global/pt-BR/README.md
[16:13:28] Picture infomations saved to global/pt-BR/history/2024/10/06_pt-BR.md
[16:13:28] Start geting global Bing Wallpaper, region=fr-FR, local time is 2024-10-05 18:13:28.274228+02:00
[16:13:28] Successful get url: https://www.bing.com/th?id=OHR.ElephantTeacher_FR-FR9412681522_UHD.jpg
[16:13:28] Picture infomations saved to  global/fr-FR/README.md
[16:13:28] Picture infomations saved to global/fr-FR/history/2024/10/05_fr-FR.md
[16:13:28] Start geting global Bing Wallpaper, region=de-DE, local time is 2024-10-05 18:13:28.459406+02:00
[16:13:28] Successful get url: https://www.bing.com/th?id=OHR.ElephantTeacher_DE-DE8807070034_UHD.jpg
[16:13:28] Picture infomations saved to  global/de-DE/README.md
[16:13:28] Picture infomations saved to global/de-DE/history/2024/10/05_de-DE.md
[16:13:28] Start geting global Bing Wallpaper, region=en-CA, local time is 2024-10-05 12:13:28.619013-04:00
[16:13:28] Successful get url: https://www.bing.com/th?id=OHR.ElephantTeacher_EN-CA7050305105_UHD.jpg
[16:13:28] Picture infomations saved to  global/en-CA/README.md
[16:13:28] Picture infomations saved to global/en-CA/history/2024/10/06_en-CA.md
[16:13:28] Start geting global Bing Wallpaper, region=en-GB, local time is 2024-10-05 17:13:28.963516+01:00
[16:13:29] Successful get url: https://www.bing.com/th?id=OHR.ElephantTeacher_EN-GB5187585413_UHD.jpg
[16:13:29] Picture infomations saved to  global/en-GB/README.md
[16:13:29] Picture infomations saved to global/en-GB/history/2024/10/05_en-GB.md
[16:13:29] Start geting global Bing Wallpaper, region=it-IT, local time is 2024-10-05 18:13:29.076389+02:00
[16:13:29] Successful get url: https://www.bing.com/th?id=OHR.ElephantTeacher_IT-IT9988351261_UHD.jpg
[16:13:29] Picture infomations saved to  global/it-IT/README.md
[16:13:29] Picture infomations saved to global/it-IT/history/2024/10/05_it-IT.md
[16:13:29] Start geting global Bing Wallpaper, region=es-ES, local time is 2024-10-05 18:13:29.325982+02:00
[16:13:29] Successful get url: https://www.bing.com/th?id=OHR.ElephantTeacher_ES-ES3979458374_UHD.jpg
[16:13:29] Picture infomations saved to  global/es-ES/README.md
[16:13:29] Picture infomations saved to global/es-ES/history/2024/10/05_es-ES.md
[16:13:29] Start geting global Bing Wallpaper, region=fr-CA, local time is 2024-10-05 12:13:29.541901-04:00
[16:13:29] Successful get url: https://www.bing.com/th?id=OHR.ElephantTeacher_FR-CA0466901926_UHD.jpg
[16:13:29] Picture infomations saved to  global/fr-CA/README.md
[16:13:29] Picture infomations saved to global/fr-CA/history/2024/10/06_fr-CA.md
Program exit at 16:13:29
