
Program started at 09:29:10
Operating System Name: Linux
Operating System Version: #26~22.04.1-Ubuntu SMP Thu Jul 11 22:33:04 UTC 2024
System Architecture: ('64bit', 'ELF')
Computer Type: x86_64
Computer Name: fv-az1247-605
Processor Type: x86_64
Python Version: 3.12.7
Python Interpreter Name: CPython
[09:29:11] Start geting CN Bing Wallpaper
[09:29:11] Successful get url: https://www.bing.com/th?id=OHR.AutumnCypress_ZH-CN5099875619_UHD.jpg
[09:29:11] Image saved to img/background.jpg
[09:29:11] Info saved to README.md
[09:29:11] Image saved to history/2024/10/21.md
[09:29:11] Start geting global Bing Wallpaper, region=en-US, local time is 2024-10-21 05:29:11.191308-04:00
[09:29:11] Successful get url: https://www.bing.com/th?id=OHR.AutumnCypress_EN-US2771131028_UHD.jpg
[09:29:11] Picture infomations saved to  global/en-US/README.md
[09:29:11] Picture infomations saved to global/en-US/history/2024/10/22_en-US.md
[09:29:11] Start geting global Bing Wallpaper, region=ja-JP, local time is 2024-10-21 18:29:11.320309+09:00
[09:29:11] Successful get url: https://www.bing.com/th?id=OHR.AutumnCypress_JA-JP4647054612_UHD.jpg
[09:29:11] Picture infomations saved to  global/ja-JP/README.md
[09:29:11] Picture infomations saved to global/ja-JP/history/2024/10/21_ja-JP.md
[09:29:11] Start geting global Bing Wallpaper, region=en-IN, local time is 2024-10-21 14:59:11.442138+05:30
[09:29:11] Successful get url: https://www.bing.com/th?id=OHR.AutumnCypress_EN-IN6952918183_UHD.jpg
[09:29:11] Picture infomations saved to  global/en-IN/README.md
[09:29:11] Picture infomations saved to global/en-IN/history/2024/10/21_en-IN.md
[09:29:11] Start geting global Bing Wallpaper, region=pt-BR, local time is 2024-10-21 06:29:11.547268-03:00
[09:29:11] Successful get url: https://www.bing.com/th?id=OHR.AutumnCypress_PT-BR6434540619_UHD.jpg
[09:29:11] Picture infomations saved to  global/pt-BR/README.md
[09:29:11] Picture infomations saved to global/pt-BR/history/2024/10/22_pt-BR.md
[09:29:11] Start geting global Bing Wallpaper, region=fr-FR, local time is 2024-10-21 11:29:11.677466+02:00
[09:29:11] Successful get url: https://www.bing.com/th?id=OHR.AutumnCypress_FR-FR1425004503_UHD.jpg
[09:29:11] Picture infomations saved to  global/fr-FR/README.md
[09:29:11] Picture infomations saved to global/fr-FR/history/2024/10/21_fr-FR.md
[09:29:11] Start geting global Bing Wallpaper, region=de-DE, local time is 2024-10-21 11:29:11.801121+02:00
[09:29:11] Successful get url: https://www.bing.com/th?id=OHR.GermanyBaldeneyseeFall_DE-DE3538373815_UHD.jpg
[09:29:11] Picture infomations saved to  global/de-DE/README.md
[09:29:11] Picture infomations saved to global/de-DE/history/2024/10/21_de-DE.md
[09:29:11] Start geting global Bing Wallpaper, region=en-CA, local time is 2024-10-21 05:29:11.905914-04:00
[09:29:11] Successful get url: https://www.bing.com/th?id=OHR.AutumnCypress_EN-CA3476365850_UHD.jpg
[09:29:12] Picture infomations saved to  global/en-CA/README.md
[09:29:12] Picture infomations saved to global/en-CA/history/2024/10/22_en-CA.md
[09:29:12] Start geting global Bing Wallpaper, region=en-GB, local time is 2024-10-21 10:29:12.003462+01:00
[09:29:12] Successful get url: https://www.bing.com/th?id=OHR.AutumnCypress_EN-GB0750643734_UHD.jpg
[09:29:12] Picture infomations saved to  global/en-GB/README.md
[09:29:12] Picture infomations saved to global/en-GB/history/2024/10/21_en-GB.md
[09:29:12] Start geting global Bing Wallpaper, region=it-IT, local time is 2024-10-21 11:29:12.110671+02:00
[09:29:12] Successful get url: https://www.bing.com/th?id=OHR.AutumnCypress_IT-IT8653466792_UHD.jpg
[09:29:12] Picture infomations saved to  global/it-IT/README.md
[09:29:12] Picture infomations saved to global/it-IT/history/2024/10/21_it-IT.md
[09:29:12] Start geting global Bing Wallpaper, region=es-ES, local time is 2024-10-21 11:29:12.296034+02:00
[09:29:12] Successful get url: https://www.bing.com/th?id=OHR.AutumnCypress_ES-ES3786999040_UHD.jpg
[09:29:12] Picture infomations saved to  global/es-ES/README.md
[09:29:12] Picture infomations saved to global/es-ES/history/2024/10/21_es-ES.md
[09:29:12] Start geting global Bing Wallpaper, region=fr-CA, local time is 2024-10-21 05:29:12.412240-04:00
[09:29:12] Successful get url: https://www.bing.com/th?id=OHR.AutumnCypress_FR-CA2779617301_UHD.jpg
[09:29:12] Picture infomations saved to  global/fr-CA/README.md
[09:29:12] Picture infomations saved to global/fr-CA/history/2024/10/22_fr-CA.md
Program exit at 09:29:12

Program started at 16:14:16
Operating System Name: Linux
Operating System Version: #26~22.04.1-Ubuntu SMP Thu Jul 11 22:33:04 UTC 2024
System Architecture: ('64bit', 'ELF')
Computer Type: x86_64
Computer Name: fv-az1117-782
Processor Type: x86_64
Python Version: 3.12.7
Python Interpreter Name: CPython
[16:14:16] Start geting CN Bing Wallpaper
[16:14:16] Successful get url: https://www.bing.com/th?id=OHR.MonsterDoor_ZH-CN6613337019_UHD.jpg
[16:14:17] Image saved to img/background.jpg
[16:14:17] Info saved to README.md
[16:14:17] Image saved to history/2024/10/22.md
[16:14:17] Start geting global Bing Wallpaper, region=en-US, local time is 2024-10-21 12:14:17.064812-04:00
[16:14:17] Successful get url: https://www.bing.com/th?id=OHR.AutumnCypress_EN-US2771131028_UHD.jpg
[16:14:17] Picture infomations saved to  global/en-US/README.md
[16:14:17] Picture infomations saved to global/en-US/history/2024/10/22_en-US.md
[16:14:17] Start geting global Bing Wallpaper, region=ja-JP, local time is 2024-10-22 01:14:17.170367+09:00
[16:14:17] Successful get url: https://www.bing.com/th?id=OHR.HeianJingu2024_JA-JP4866409141_UHD.jpg
[16:14:17] Picture infomations saved to  global/ja-JP/README.md
[16:14:17] Picture infomations saved to global/ja-JP/history/2024/10/22_ja-JP.md
[16:14:17] Start geting global Bing Wallpaper, region=en-IN, local time is 2024-10-21 21:44:17.322954+05:30
[16:14:17] Successful get url: https://www.bing.com/th?id=OHR.AutumnCypress_EN-IN6952918183_UHD.jpg
[16:14:17] Picture infomations saved to  global/en-IN/README.md
[16:14:17] Picture infomations saved to global/en-IN/history/2024/10/21_en-IN.md
[16:14:17] Start geting global Bing Wallpaper, region=pt-BR, local time is 2024-10-21 13:14:17.468128-03:00
[16:14:17] Successful get url: https://www.bing.com/th?id=OHR.AutumnCypress_PT-BR6434540619_UHD.jpg
[16:14:17] Picture infomations saved to  global/pt-BR/README.md
[16:14:17] Picture infomations saved to global/pt-BR/history/2024/10/22_pt-BR.md
[16:14:17] Start geting global Bing Wallpaper, region=fr-FR, local time is 2024-10-21 18:14:17.570341+02:00
[16:14:17] Successful get url: https://www.bing.com/th?id=OHR.AutumnCypress_FR-FR1425004503_UHD.jpg
[16:14:17] Picture infomations saved to  global/fr-FR/README.md
[16:14:17] Picture infomations saved to global/fr-FR/history/2024/10/21_fr-FR.md
[16:14:17] Start geting global Bing Wallpaper, region=de-DE, local time is 2024-10-21 18:14:17.708967+02:00
[16:14:17] Successful get url: https://www.bing.com/th?id=OHR.GermanyBaldeneyseeFall_DE-DE3538373815_UHD.jpg
[16:14:17] Picture infomations saved to  global/de-DE/README.md
[16:14:17] Picture infomations saved to global/de-DE/history/2024/10/21_de-DE.md
[16:14:17] Start geting global Bing Wallpaper, region=en-CA, local time is 2024-10-21 12:14:17.822292-04:00
[16:14:17] Successful get url: https://www.bing.com/th?id=OHR.AutumnCypress_EN-CA3476365850_UHD.jpg
[16:14:17] Picture infomations saved to  global/en-CA/README.md
[16:14:17] Picture infomations saved to global/en-CA/history/2024/10/22_en-CA.md
[16:14:17] Start geting global Bing Wallpaper, region=en-GB, local time is 2024-10-21 17:14:17.920834+01:00
[16:14:17] Successful get url: https://www.bing.com/th?id=OHR.AutumnCypress_EN-GB0750643734_UHD.jpg
[16:14:18] Picture infomations saved to  global/en-GB/README.md
[16:14:18] Picture infomations saved to global/en-GB/history/2024/10/21_en-GB.md
[16:14:18] Start geting global Bing Wallpaper, region=it-IT, local time is 2024-10-21 18:14:18.028473+02:00
[16:14:18] Successful get url: https://www.bing.com/th?id=OHR.AutumnCypress_IT-IT8653466792_UHD.jpg
[16:14:18] Picture infomations saved to  global/it-IT/README.md
[16:14:18] Picture infomations saved to global/it-IT/history/2024/10/21_it-IT.md
[16:14:18] Start geting global Bing Wallpaper, region=es-ES, local time is 2024-10-21 18:14:18.129641+02:00
[16:14:18] Successful get url: https://www.bing.com/th?id=OHR.AutumnCypress_ES-ES3786999040_UHD.jpg
[16:14:18] Picture infomations saved to  global/es-ES/README.md
[16:14:18] Picture infomations saved to global/es-ES/history/2024/10/21_es-ES.md
[16:14:18] Start geting global Bing Wallpaper, region=fr-CA, local time is 2024-10-21 12:14:18.305388-04:00
[16:14:18] Successful get url: https://www.bing.com/th?id=OHR.AutumnCypress_FR-CA2779617301_UHD.jpg
[16:14:18] Picture infomations saved to  global/fr-CA/README.md
[16:14:18] Picture infomations saved to global/fr-CA/history/2024/10/22_fr-CA.md
Program exit at 16:14:18
