
Program started at 09:28:27
Operating System Name: Linux
Operating System Version: #26~22.04.1-Ubuntu SMP Thu Jul 11 22:33:04 UTC 2024
System Architecture: ('64bit', 'ELF')
Computer Type: x86_64
Computer Name: fv-az1146-347
Processor Type: x86_64
Python Version: 3.12.7
Python Interpreter Name: CPython
[09:28:27] Start geting CN Bing Wallpaper
[09:28:27] Successful get url: https://www.bing.com/th?id=OHR.GreatOwl_ZH-CN1259534922_UHD.jpg
[09:28:27] Image saved to img/background.jpg
[09:28:27] Info saved to README.md
[09:28:27] Image saved to history/2024/10/29.md
[09:28:27] Start geting global Bing Wallpaper, region=en-US, local time is 2024-10-29 05:28:27.716221-04:00
[09:28:27] Successful get url: https://www.bing.com/th?id=OHR.GreatOwl_EN-US3778222109_UHD.jpg
[09:28:27] Picture infomations saved to  global/en-US/README.md
[09:28:27] Picture infomations saved to global/en-US/history/2024/10/30_en-US.md
[09:28:27] Start geting global Bing Wallpaper, region=ja-JP, local time is 2024-10-29 18:28:27.834720+09:00
[09:28:27] Successful get url: https://www.bing.com/th?id=OHR.GreatOwl_JA-JP6299309375_UHD.jpg
[09:28:27] Picture infomations saved to  global/ja-JP/README.md
[09:28:27] Picture infomations saved to global/ja-JP/history/2024/10/29_ja-JP.md
[09:28:27] Start geting global Bing Wallpaper, region=en-IN, local time is 2024-10-29 14:58:27.990669+05:30
[09:28:28] Successful get url: https://www.bing.com/th?id=OHR.GreatOwl_EN-IN1904350496_UHD.jpg
[09:28:28] Picture infomations saved to  global/en-IN/README.md
[09:28:28] Picture infomations saved to global/en-IN/history/2024/10/29_en-IN.md
[09:28:28] Start geting global Bing Wallpaper, region=pt-BR, local time is 2024-10-29 06:28:28.082797-03:00
[09:28:28] Successful get url: https://www.bing.com/th?id=OHR.DiadoLivroRJ_PT-BR5813515082_UHD.jpg
[09:28:28] Picture infomations saved to  global/pt-BR/README.md
[09:28:28] Picture infomations saved to global/pt-BR/history/2024/10/30_pt-BR.md
[09:28:28] Start geting global Bing Wallpaper, region=fr-FR, local time is 2024-10-29 10:28:28.189742+01:00
[09:28:28] Successful get url: https://www.bing.com/th?id=OHR.GreatOwl_FR-FR5138937408_UHD.jpg
[09:28:28] Picture infomations saved to  global/fr-FR/README.md
[09:28:28] Picture infomations saved to global/fr-FR/history/2024/10/29_fr-FR.md
[09:28:28] Start geting global Bing Wallpaper, region=de-DE, local time is 2024-10-29 10:28:28.283258+01:00
[09:28:28] Successful get url: https://www.bing.com/th?id=OHR.GreatOwl_DE-DE5072344548_UHD.jpg
[09:28:28] Picture infomations saved to  global/de-DE/README.md
[09:28:28] Picture infomations saved to global/de-DE/history/2024/10/29_de-DE.md
[09:28:28] Start geting global Bing Wallpaper, region=en-CA, local time is 2024-10-29 05:28:28.408499-04:00
[09:28:28] Successful get url: https://www.bing.com/th?id=OHR.GreatOwl_EN-CA6169202889_UHD.jpg
[09:28:28] Picture infomations saved to  global/en-CA/README.md
[09:28:28] Picture infomations saved to global/en-CA/history/2024/10/30_en-CA.md
[09:28:28] Start geting global Bing Wallpaper, region=en-GB, local time is 2024-10-29 09:28:28.527822+00:00
[09:28:28] Successful get url: https://www.bing.com/th?id=OHR.GreatOwl_EN-GB3714691619_UHD.jpg
[09:28:28] Picture infomations saved to  global/en-GB/README.md
[09:28:28] Picture infomations saved to global/en-GB/history/2024/10/30_en-GB.md
[09:28:28] Start geting global Bing Wallpaper, region=it-IT, local time is 2024-10-29 10:28:28.633215+01:00
[09:28:28] Successful get url: https://www.bing.com/th?id=OHR.GreatOwl_IT-IT0398137154_UHD.jpg
[09:28:28] Picture infomations saved to  global/it-IT/README.md
[09:28:28] Picture infomations saved to global/it-IT/history/2024/10/29_it-IT.md
[09:28:28] Start geting global Bing Wallpaper, region=es-ES, local time is 2024-10-29 10:28:28.766062+01:00
[09:28:28] Successful get url: https://www.bing.com/th?id=OHR.GreatOwl_ES-ES3211989343_UHD.jpg
[09:28:28] Picture infomations saved to  global/es-ES/README.md
[09:28:28] Picture infomations saved to global/es-ES/history/2024/10/29_es-ES.md
[09:28:28] Start geting global Bing Wallpaper, region=fr-CA, local time is 2024-10-29 05:28:28.843679-04:00
[09:28:28] Successful get url: https://www.bing.com/th?id=OHR.GreatOwl_FR-CA4373577672_UHD.jpg
[09:28:28] Picture infomations saved to  global/fr-CA/README.md
[09:28:28] Picture infomations saved to global/fr-CA/history/2024/10/30_fr-CA.md
Program exit at 09:28:28

Program started at 16:15:06
Operating System Name: Linux
Operating System Version: #26~22.04.1-Ubuntu SMP Thu Jul 11 22:33:04 UTC 2024
System Architecture: ('64bit', 'ELF')
Computer Type: x86_64
Computer Name: fv-az891-303
Processor Type: x86_64
Python Version: 3.12.7
Python Interpreter Name: CPython
[16:15:06] Start geting CN Bing Wallpaper
[16:15:06] Successful get url: https://www.bing.com/th?id=OHR.HauntedEdinburgh_ZH-CN1461834159_UHD.jpg
[16:15:06] Image saved to img/background.jpg
[16:15:06] Info saved to README.md
[16:15:06] Image saved to history/2024/10/30.md
[16:15:06] Start geting global Bing Wallpaper, region=en-US, local time is 2024-10-29 12:15:06.918965-04:00
[16:15:06] Successful get url: https://www.bing.com/th?id=OHR.GreatOwl_EN-US3778222109_UHD.jpg
[16:15:07] Picture infomations saved to  global/en-US/README.md
[16:15:07] Picture infomations saved to global/en-US/history/2024/10/30_en-US.md
[16:15:07] Start geting global Bing Wallpaper, region=ja-JP, local time is 2024-10-30 01:15:07.032452+09:00
[16:15:07] Successful get url: https://www.bing.com/th?id=OHR.HauntedEdinburgh_JA-JP6454143527_UHD.jpg
[16:15:07] Picture infomations saved to  global/ja-JP/README.md
[16:15:07] Picture infomations saved to global/ja-JP/history/2024/10/30_ja-JP.md
[16:15:07] Start geting global Bing Wallpaper, region=en-IN, local time is 2024-10-29 21:45:07.194542+05:30
[16:15:07] Successful get url: https://www.bing.com/th?id=OHR.GreatOwl_EN-IN1904350496_UHD.jpg
[16:15:07] Picture infomations saved to  global/en-IN/README.md
[16:15:07] Picture infomations saved to global/en-IN/history/2024/10/29_en-IN.md
[16:15:07] Start geting global Bing Wallpaper, region=pt-BR, local time is 2024-10-29 13:15:07.340726-03:00
[16:15:07] Successful get url: https://www.bing.com/th?id=OHR.DiadoLivroRJ_PT-BR5813515082_UHD.jpg
[16:15:07] Picture infomations saved to  global/pt-BR/README.md
[16:15:07] Picture infomations saved to global/pt-BR/history/2024/10/30_pt-BR.md
[16:15:07] Start geting global Bing Wallpaper, region=fr-FR, local time is 2024-10-29 17:15:07.510638+01:00
[16:15:07] Successful get url: https://www.bing.com/th?id=OHR.GreatOwl_FR-FR5138937408_UHD.jpg
[16:15:07] Picture infomations saved to  global/fr-FR/README.md
[16:15:07] Picture infomations saved to global/fr-FR/history/2024/10/29_fr-FR.md
[16:15:07] Start geting global Bing Wallpaper, region=de-DE, local time is 2024-10-29 17:15:07.662268+01:00
[16:15:07] Successful get url: https://www.bing.com/th?id=OHR.GreatOwl_DE-DE5072344548_UHD.jpg
[16:15:07] Picture infomations saved to  global/de-DE/README.md
[16:15:07] Picture infomations saved to global/de-DE/history/2024/10/29_de-DE.md
[16:15:07] Start geting global Bing Wallpaper, region=en-CA, local time is 2024-10-29 12:15:07.821222-04:00
[16:15:07] Successful get url: https://www.bing.com/th?id=OHR.GreatOwl_EN-CA6169202889_UHD.jpg
[16:15:07] Picture infomations saved to  global/en-CA/README.md
[16:15:07] Picture infomations saved to global/en-CA/history/2024/10/30_en-CA.md
[16:15:07] Start geting global Bing Wallpaper, region=en-GB, local time is 2024-10-29 16:15:07.971982+00:00
[16:15:08] Successful get url: https://www.bing.com/th?id=OHR.GreatOwl_EN-GB3714691619_UHD.jpg
[16:15:08] Picture infomations saved to  global/en-GB/README.md
[16:15:08] Picture infomations saved to global/en-GB/history/2024/10/30_en-GB.md
[16:15:08] Start geting global Bing Wallpaper, region=it-IT, local time is 2024-10-29 17:15:08.150638+01:00
[16:15:08] Successful get url: https://www.bing.com/th?id=OHR.GreatOwl_IT-IT0398137154_UHD.jpg
[16:15:08] Picture infomations saved to  global/it-IT/README.md
[16:15:08] Picture infomations saved to global/it-IT/history/2024/10/29_it-IT.md
[16:15:08] Start geting global Bing Wallpaper, region=es-ES, local time is 2024-10-29 17:15:08.324845+01:00
[16:15:08] Successful get url: https://www.bing.com/th?id=OHR.GreatOwl_ES-ES3211989343_UHD.jpg
[16:15:08] Picture infomations saved to  global/es-ES/README.md
[16:15:08] Picture infomations saved to global/es-ES/history/2024/10/29_es-ES.md
[16:15:08] Start geting global Bing Wallpaper, region=fr-CA, local time is 2024-10-29 12:15:08.436670-04:00
[16:15:08] Successful get url: https://www.bing.com/th?id=OHR.GreatOwl_FR-CA4373577672_UHD.jpg
[16:15:08] Picture infomations saved to  global/fr-CA/README.md
[16:15:08] Picture infomations saved to global/fr-CA/history/2024/10/30_fr-CA.md
Program exit at 16:15:08
