
Program started at 09:28:27
Operating System Name: Linux
Operating System Version: #26~22.04.1-Ubuntu SMP Thu Jul 11 22:33:04 UTC 2024
System Architecture: ('64bit', 'ELF')
Computer Type: x86_64
Computer Name: fv-az1152-950
Processor Type: x86_64
Python Version: 3.12.7
Python Interpreter Name: CPython
[09:28:27] Start geting CN Bing Wallpaper
[09:28:27] Successful get url: https://www.bing.com/th?id=OHR.FossilsDorset_ZH-CN8722623801_UHD.jpg
[09:28:27] Image saved to img/background.jpg
[09:28:27] Info saved to README.md
[09:28:27] Image saved to history/2024/10/16.md
[09:28:27] Start geting global Bing Wallpaper, region=en-US, local time is 2024-10-16 05:28:27.528764-04:00
[09:28:27] Successful get url: https://www.bing.com/th?id=OHR.FossilsDorset_EN-US9782204825_UHD.jpg
[09:28:27] Picture infomations saved to  global/en-US/README.md
[09:28:27] Picture infomations saved to global/en-US/history/2024/10/17_en-US.md
[09:28:27] Start geting global Bing Wallpaper, region=ja-JP, local time is 2024-10-16 18:28:27.681851+09:00
[09:28:27] Successful get url: https://www.bing.com/th?id=OHR.MaraMigration_JA-JP8727709922_UHD.jpg
[09:28:27] Picture infomations saved to  global/ja-JP/README.md
[09:28:27] Picture infomations saved to global/ja-JP/history/2024/10/16_ja-JP.md
[09:28:27] Start geting global Bing Wallpaper, region=en-IN, local time is 2024-10-16 14:58:27.817589+05:30
[09:28:27] Successful get url: https://www.bing.com/th?id=OHR.FossilsDorset_EN-IN8166306282_UHD.jpg
[09:28:27] Picture infomations saved to  global/en-IN/README.md
[09:28:27] Picture infomations saved to global/en-IN/history/2024/10/16_en-IN.md
[09:28:27] Start geting global Bing Wallpaper, region=pt-BR, local time is 2024-10-16 06:28:27.968098-03:00
[09:28:28] Successful get url: https://www.bing.com/th?id=OHR.FossilsDorset_PT-BR5587878603_UHD.jpg
[09:28:28] Picture infomations saved to  global/pt-BR/README.md
[09:28:28] Picture infomations saved to global/pt-BR/history/2024/10/17_pt-BR.md
[09:28:28] Start geting global Bing Wallpaper, region=fr-FR, local time is 2024-10-16 11:28:28.107958+02:00
[09:28:28] Successful get url: https://www.bing.com/th?id=OHR.FossilsDorset_FR-FR6425876617_UHD.jpg
[09:28:28] Picture infomations saved to  global/fr-FR/README.md
[09:28:28] Picture infomations saved to global/fr-FR/history/2024/10/16_fr-FR.md
[09:28:28] Start geting global Bing Wallpaper, region=de-DE, local time is 2024-10-16 11:28:28.356646+02:00
[09:28:28] Successful get url: https://www.bing.com/th?id=OHR.FossilsDorset_DE-DE5527314579_UHD.jpg
[09:28:28] Picture infomations saved to  global/de-DE/README.md
[09:28:28] Picture infomations saved to global/de-DE/history/2024/10/16_de-DE.md
[09:28:28] Start geting global Bing Wallpaper, region=en-CA, local time is 2024-10-16 05:28:28.490764-04:00
[09:28:28] Successful get url: https://www.bing.com/th?id=OHR.FossilsDorset_EN-CA8526505485_UHD.jpg
[09:28:28] Picture infomations saved to  global/en-CA/README.md
[09:28:28] Picture infomations saved to global/en-CA/history/2024/10/17_en-CA.md
[09:28:28] Start geting global Bing Wallpaper, region=en-GB, local time is 2024-10-16 10:28:28.632832+01:00
[09:28:28] Successful get url: https://www.bing.com/th?id=OHR.FossilsDorset_EN-GB3896931228_UHD.jpg
[09:28:28] Picture infomations saved to  global/en-GB/README.md
[09:28:28] Picture infomations saved to global/en-GB/history/2024/10/16_en-GB.md
[09:28:28] Start geting global Bing Wallpaper, region=it-IT, local time is 2024-10-16 11:28:28.767691+02:00
[09:28:28] Successful get url: https://www.bing.com/th?id=OHR.RomeFilmFestival_IT-IT3375259000_UHD.jpg
[09:28:28] Picture infomations saved to  global/it-IT/README.md
[09:28:28] Picture infomations saved to global/it-IT/history/2024/10/16_it-IT.md
[09:28:28] Start geting global Bing Wallpaper, region=es-ES, local time is 2024-10-16 11:28:28.923211+02:00
[09:28:28] Successful get url: https://www.bing.com/th?id=OHR.FossilsDorset_ES-ES7126242224_UHD.jpg
[09:28:29] Picture infomations saved to  global/es-ES/README.md
[09:28:29] Picture infomations saved to global/es-ES/history/2024/10/16_es-ES.md
[09:28:29] Start geting global Bing Wallpaper, region=fr-CA, local time is 2024-10-16 05:28:29.063694-04:00
[09:28:29] Successful get url: https://www.bing.com/th?id=OHR.FossilsDorset_FR-CA6496298387_UHD.jpg
[09:28:29] Picture infomations saved to  global/fr-CA/README.md
[09:28:29] Picture infomations saved to global/fr-CA/history/2024/10/17_fr-CA.md
Program exit at 09:28:29

Program started at 16:13:16
Operating System Name: Linux
Operating System Version: #26~22.04.1-Ubuntu SMP Thu Jul 11 22:33:04 UTC 2024
System Architecture: ('64bit', 'ELF')
Computer Type: x86_64
Computer Name: fv-az736-399
Processor Type: x86_64
Python Version: 3.12.7
Python Interpreter Name: CPython
[16:13:16] Start geting CN Bing Wallpaper
[16:13:16] Successful get url: https://www.bing.com/th?id=OHR.KochiaJapan_ZH-CN9896157139_UHD.jpg
[16:13:17] Image saved to img/background.jpg
[16:13:17] Info saved to README.md
[16:13:17] Image saved to history/2024/10/17.md
[16:13:17] Start geting global Bing Wallpaper, region=en-US, local time is 2024-10-16 12:13:17.126898-04:00
[16:13:17] Successful get url: https://www.bing.com/th?id=OHR.FossilsDorset_EN-US9782204825_UHD.jpg
[16:13:17] Picture infomations saved to  global/en-US/README.md
[16:13:17] Picture infomations saved to global/en-US/history/2024/10/17_en-US.md
[16:13:17] Start geting global Bing Wallpaper, region=ja-JP, local time is 2024-10-17 01:13:17.346506+09:00
[16:13:17] Successful get url: https://www.bing.com/th?id=OHR.CoyoteGulch_JA-JP8998470067_UHD.jpg
[16:13:17] Picture infomations saved to  global/ja-JP/README.md
[16:13:17] Picture infomations saved to global/ja-JP/history/2024/10/17_ja-JP.md
[16:13:17] Start geting global Bing Wallpaper, region=en-IN, local time is 2024-10-16 21:43:17.549560+05:30
[16:13:17] Successful get url: https://www.bing.com/th?id=OHR.FossilsDorset_EN-IN8166306282_UHD.jpg
[16:13:17] Picture infomations saved to  global/en-IN/README.md
[16:13:17] Picture infomations saved to global/en-IN/history/2024/10/16_en-IN.md
[16:13:17] Start geting global Bing Wallpaper, region=pt-BR, local time is 2024-10-16 13:13:17.762645-03:00
[16:13:17] Successful get url: https://www.bing.com/th?id=OHR.FossilsDorset_PT-BR5587878603_UHD.jpg
[16:13:17] Picture infomations saved to  global/pt-BR/README.md
[16:13:17] Picture infomations saved to global/pt-BR/history/2024/10/17_pt-BR.md
[16:13:17] Start geting global Bing Wallpaper, region=fr-FR, local time is 2024-10-16 18:13:17.950356+02:00
[16:13:17] Successful get url: https://www.bing.com/th?id=OHR.FossilsDorset_FR-FR6425876617_UHD.jpg
[16:13:18] Picture infomations saved to  global/fr-FR/README.md
[16:13:18] Picture infomations saved to global/fr-FR/history/2024/10/16_fr-FR.md
[16:13:18] Start geting global Bing Wallpaper, region=de-DE, local time is 2024-10-16 18:13:18.151766+02:00
[16:13:18] Successful get url: https://www.bing.com/th?id=OHR.FossilsDorset_DE-DE5527314579_UHD.jpg
[16:13:18] Picture infomations saved to  global/de-DE/README.md
[16:13:18] Picture infomations saved to global/de-DE/history/2024/10/16_de-DE.md
[16:13:18] Start geting global Bing Wallpaper, region=en-CA, local time is 2024-10-16 12:13:18.351225-04:00
[16:13:18] Successful get url: https://www.bing.com/th?id=OHR.FossilsDorset_EN-CA8526505485_UHD.jpg
[16:13:18] Picture infomations saved to  global/en-CA/README.md
[16:13:18] Picture infomations saved to global/en-CA/history/2024/10/17_en-CA.md
[16:13:18] Start geting global Bing Wallpaper, region=en-GB, local time is 2024-10-16 17:13:18.553053+01:00
[16:13:18] Successful get url: https://www.bing.com/th?id=OHR.FossilsDorset_EN-GB3896931228_UHD.jpg
[16:13:18] Picture infomations saved to  global/en-GB/README.md
[16:13:18] Picture infomations saved to global/en-GB/history/2024/10/16_en-GB.md
[16:13:18] Start geting global Bing Wallpaper, region=it-IT, local time is 2024-10-16 18:13:18.749304+02:00
[16:13:18] Successful get url: https://www.bing.com/th?id=OHR.RomeFilmFestival_IT-IT3375259000_UHD.jpg
[16:13:18] Picture infomations saved to  global/it-IT/README.md
[16:13:18] Picture infomations saved to global/it-IT/history/2024/10/16_it-IT.md
[16:13:18] Start geting global Bing Wallpaper, region=es-ES, local time is 2024-10-16 18:13:18.945922+02:00
[16:13:18] Successful get url: https://www.bing.com/th?id=OHR.FossilsDorset_ES-ES7126242224_UHD.jpg
[16:13:19] Picture infomations saved to  global/es-ES/README.md
[16:13:19] Picture infomations saved to global/es-ES/history/2024/10/16_es-ES.md
[16:13:19] Start geting global Bing Wallpaper, region=fr-CA, local time is 2024-10-16 12:13:19.121006-04:00
[16:13:19] Successful get url: https://www.bing.com/th?id=OHR.FossilsDorset_FR-CA6496298387_UHD.jpg
[16:13:19] Picture infomations saved to  global/fr-CA/README.md
[16:13:19] Picture infomations saved to global/fr-CA/history/2024/10/17_fr-CA.md
Program exit at 16:13:19
