
Program started at 09:26:38
Operating System Name: Linux
Operating System Version: #26~22.04.1-Ubuntu SMP Thu Jul 11 22:33:04 UTC 2024
System Architecture: ('64bit', 'ELF')
Computer Type: x86_64
Computer Name: fv-az887-911
Processor Type: x86_64
Python Version: 3.12.7
Python Interpreter Name: CPython
[09:26:38] Start geting CN Bing Wallpaper
[09:26:38] Successful get url: https://www.bing.com/th?id=OHR.QuebecDuck_ZH-CN0588954873_UHD.jpg
[09:26:38] Image saved to img/background.jpg
[09:26:38] Info saved to README.md
[09:26:38] Image saved to history/2024/10/12.md
[09:26:38] Start geting global Bing Wallpaper, region=en-US, local time is 2024-10-12 05:26:38.749596-04:00
[09:26:38] Successful get url: https://www.bing.com/th?id=OHR.QuebecDuck_EN-US9387855720_UHD.jpg
[09:26:38] Picture infomations saved to  global/en-US/README.md
[09:26:38] Picture infomations saved to global/en-US/history/2024/10/13_en-US.md
[09:26:38] Start geting global Bing Wallpaper, region=ja-JP, local time is 2024-10-12 18:26:38.900098+09:00
[09:26:38] Successful get url: https://www.bing.com/th?id=OHR.QuebecDuck_JA-JP7270367085_UHD.jpg
[09:26:39] Picture infomations saved to  global/ja-JP/README.md
[09:26:39] Picture infomations saved to global/ja-JP/history/2024/10/12_ja-JP.md
[09:26:39] Start geting global Bing Wallpaper, region=en-IN, local time is 2024-10-12 14:56:39.002030+05:30
[09:26:39] Successful get url: https://www.bing.com/th?id=OHR.DussehraMysore_EN-IN0426603332_UHD.jpg
[09:26:39] Picture infomations saved to  global/en-IN/README.md
[09:26:39] Picture infomations saved to global/en-IN/history/2024/10/12_en-IN.md
[09:26:39] Start geting global Bing Wallpaper, region=pt-BR, local time is 2024-10-12 06:26:39.125351-03:00
[09:26:39] Successful get url: https://www.bing.com/th?id=OHR.FelizDiadasCriancas_PT-BR6983342881_UHD.jpg
[09:26:39] Picture infomations saved to  global/pt-BR/README.md
[09:26:39] Picture infomations saved to global/pt-BR/history/2024/10/13_pt-BR.md
[09:26:39] Start geting global Bing Wallpaper, region=fr-FR, local time is 2024-10-12 11:26:39.221028+02:00
[09:26:39] Successful get url: https://www.bing.com/th?id=OHR.QuebecDuck_FR-FR4323551846_UHD.jpg
[09:26:39] Picture infomations saved to  global/fr-FR/README.md
[09:26:39] Picture infomations saved to global/fr-FR/history/2024/10/12_fr-FR.md
[09:26:39] Start geting global Bing Wallpaper, region=de-DE, local time is 2024-10-12 11:26:39.375166+02:00
[09:26:39] Successful get url: https://www.bing.com/th?id=OHR.QuebecDuck_DE-DE2140613391_UHD.jpg
[09:26:39] Picture infomations saved to  global/de-DE/README.md
[09:26:39] Picture infomations saved to global/de-DE/history/2024/10/12_de-DE.md
[09:26:39] Start geting global Bing Wallpaper, region=en-CA, local time is 2024-10-12 05:26:39.543485-04:00
[09:26:39] Successful get url: https://www.bing.com/th?id=OHR.QuebecDuck_EN-CA0208524250_UHD.jpg
[09:26:39] Picture infomations saved to  global/en-CA/README.md
[09:26:39] Picture infomations saved to global/en-CA/history/2024/10/13_en-CA.md
[09:26:39] Start geting global Bing Wallpaper, region=en-GB, local time is 2024-10-12 10:26:39.624944+01:00
[09:26:39] Successful get url: https://www.bing.com/th?id=OHR.QuebecDuck_EN-GB1003424458_UHD.jpg
[09:26:39] Picture infomations saved to  global/en-GB/README.md
[09:26:39] Picture infomations saved to global/en-GB/history/2024/10/12_en-GB.md
[09:26:39] Start geting global Bing Wallpaper, region=it-IT, local time is 2024-10-12 11:26:39.718695+02:00
[09:26:39] Successful get url: https://www.bing.com/th?id=OHR.QuebecDuck_IT-IT4692189372_UHD.jpg
[09:26:39] Picture infomations saved to  global/it-IT/README.md
[09:26:39] Picture infomations saved to global/it-IT/history/2024/10/12_it-IT.md
[09:26:39] Start geting global Bing Wallpaper, region=es-ES, local time is 2024-10-12 11:26:39.825886+02:00
[09:26:39] Successful get url: https://www.bing.com/th?id=OHR.NationalDaySpain_ES-ES5367780660_UHD.jpg
[09:26:39] Picture infomations saved to  global/es-ES/README.md
[09:26:39] Picture infomations saved to global/es-ES/history/2024/10/12_es-ES.md
[09:26:39] Start geting global Bing Wallpaper, region=fr-CA, local time is 2024-10-12 05:26:39.934685-04:00
[09:26:39] Successful get url: https://www.bing.com/th?id=OHR.QuebecDuck_FR-CA4180697497_UHD.jpg
[09:26:40] Picture infomations saved to  global/fr-CA/README.md
[09:26:40] Picture infomations saved to global/fr-CA/history/2024/10/13_fr-CA.md
Program exit at 09:26:40

Program started at 16:13:46
Operating System Name: Linux
Operating System Version: #26~22.04.1-Ubuntu SMP Thu Jul 11 22:33:04 UTC 2024
System Architecture: ('64bit', 'ELF')
Computer Type: x86_64
Computer Name: fv-az914-37
Processor Type: x86_64
Python Version: 3.12.7
Python Interpreter Name: CPython
[16:13:46] Start geting CN Bing Wallpaper
[16:13:46] Successful get url: https://www.bing.com/th?id=OHR.AlcazarSeville_ZH-CN5581795099_UHD.jpg
[16:13:46] Image saved to img/background.jpg
[16:13:46] Info saved to README.md
[16:13:46] Image saved to history/2024/10/13.md
[16:13:46] Start geting global Bing Wallpaper, region=en-US, local time is 2024-10-12 12:13:46.898147-04:00
[16:13:47] Successful get url: https://www.bing.com/th?id=OHR.QuebecDuck_EN-US9387855720_UHD.jpg
[16:13:47] Picture infomations saved to  global/en-US/README.md
[16:13:47] Picture infomations saved to global/en-US/history/2024/10/13_en-US.md
[16:13:47] Start geting global Bing Wallpaper, region=ja-JP, local time is 2024-10-13 01:13:47.279211+09:00
[16:13:47] Successful get url: https://www.bing.com/th?id=OHR.AlcazarSeville_JA-JP7812179664_UHD.jpg
[16:13:47] Picture infomations saved to  global/ja-JP/README.md
[16:13:47] Picture infomations saved to global/ja-JP/history/2024/10/13_ja-JP.md
[16:13:47] Start geting global Bing Wallpaper, region=en-IN, local time is 2024-10-12 21:43:47.627726+05:30
[16:13:47] Successful get url: https://www.bing.com/th?id=OHR.DussehraMysore_EN-IN0426603332_UHD.jpg
[16:13:48] Picture infomations saved to  global/en-IN/README.md
[16:13:48] Picture infomations saved to global/en-IN/history/2024/10/12_en-IN.md
[16:13:48] Start geting global Bing Wallpaper, region=pt-BR, local time is 2024-10-12 13:13:48.058638-03:00
[16:13:48] Successful get url: https://www.bing.com/th?id=OHR.FelizDiadasCriancas_PT-BR6983342881_UHD.jpg
[16:13:48] Picture infomations saved to  global/pt-BR/README.md
[16:13:48] Picture infomations saved to global/pt-BR/history/2024/10/13_pt-BR.md
[16:13:48] Start geting global Bing Wallpaper, region=fr-FR, local time is 2024-10-12 18:13:48.427335+02:00
[16:13:48] Successful get url: https://www.bing.com/th?id=OHR.QuebecDuck_FR-FR4323551846_UHD.jpg
[16:13:48] Picture infomations saved to  global/fr-FR/README.md
[16:13:48] Picture infomations saved to global/fr-FR/history/2024/10/12_fr-FR.md
[16:13:48] Start geting global Bing Wallpaper, region=de-DE, local time is 2024-10-12 18:13:48.816705+02:00
[16:13:48] Successful get url: https://www.bing.com/th?id=OHR.QuebecDuck_DE-DE2140613391_UHD.jpg
[16:13:49] Picture infomations saved to  global/de-DE/README.md
[16:13:49] Picture infomations saved to global/de-DE/history/2024/10/12_de-DE.md
[16:13:49] Start geting global Bing Wallpaper, region=en-CA, local time is 2024-10-12 12:13:49.391971-04:00
[16:13:49] Successful get url: https://www.bing.com/th?id=OHR.QuebecDuck_EN-CA0208524250_UHD.jpg
[16:13:49] Picture infomations saved to  global/en-CA/README.md
[16:13:49] Picture infomations saved to global/en-CA/history/2024/10/13_en-CA.md
[16:13:49] Start geting global Bing Wallpaper, region=en-GB, local time is 2024-10-12 17:13:49.810760+01:00
[16:13:49] Successful get url: https://www.bing.com/th?id=OHR.QuebecDuck_EN-GB1003424458_UHD.jpg
[16:13:50] Picture infomations saved to  global/en-GB/README.md
[16:13:50] Picture infomations saved to global/en-GB/history/2024/10/12_en-GB.md
[16:13:50] Start geting global Bing Wallpaper, region=it-IT, local time is 2024-10-12 18:13:50.168744+02:00
[16:13:50] Successful get url: https://www.bing.com/th?id=OHR.QuebecDuck_IT-IT4692189372_UHD.jpg
[16:13:50] Picture infomations saved to  global/it-IT/README.md
[16:13:50] Picture infomations saved to global/it-IT/history/2024/10/12_it-IT.md
[16:13:50] Start geting global Bing Wallpaper, region=es-ES, local time is 2024-10-12 18:13:50.863411+02:00
[16:13:50] Successful get url: https://www.bing.com/th?id=OHR.NationalDaySpain_ES-ES5367780660_UHD.jpg
[16:13:51] Picture infomations saved to  global/es-ES/README.md
[16:13:51] Picture infomations saved to global/es-ES/history/2024/10/12_es-ES.md
[16:13:51] Start geting global Bing Wallpaper, region=fr-CA, local time is 2024-10-12 12:13:51.544803-04:00
[16:13:51] Successful get url: https://www.bing.com/th?id=OHR.QuebecDuck_FR-CA4180697497_UHD.jpg
[16:13:52] Picture infomations saved to  global/fr-CA/README.md
[16:13:52] Picture infomations saved to global/fr-CA/history/2024/10/13_fr-CA.md
Program exit at 16:13:52
