
Program started at 09:25:46
Operating System Name: Linux
Operating System Version: #26~22.04.1-Ubuntu SMP Thu Jul 11 22:33:04 UTC 2024
System Architecture: ('64bit', 'ELF')
Computer Type: x86_64
Computer Name: fv-az887-539
Processor Type: x86_64
Python Version: 3.12.7
Python Interpreter Name: CPython
[09:25:46] Start geting CN Bing Wallpaper
[09:25:46] Successful get url: https://www.bing.com/th?id=OHR.GhostForest_ZH-CN9648216213_UHD.jpg
[09:25:46] Image saved to img/background.jpg
[09:25:46] Info saved to README.md
[09:25:46] Image saved to history/2024/10/26.md
[09:25:46] Start geting global Bing Wallpaper, region=en-US, local time is 2024-10-26 05:25:46.233793-04:00
[09:25:46] Successful get url: https://www.bing.com/th?id=OHR.GhostForest_EN-US3389955484_UHD.jpg
[09:25:46] Picture infomations saved to  global/en-US/README.md
[09:25:46] Picture infomations saved to global/en-US/history/2024/10/27_en-US.md
[09:25:46] Start geting global Bing Wallpaper, region=ja-JP, local time is 2024-10-26 18:25:46.391369+09:00
[09:25:46] Successful get url: https://www.bing.com/th?id=OHR.GhostForest_JA-JP5609597853_UHD.jpg
[09:25:46] Picture infomations saved to  global/ja-JP/README.md
[09:25:46] Picture infomations saved to global/ja-JP/history/2024/10/26_ja-JP.md
[09:25:46] Start geting global Bing Wallpaper, region=en-IN, local time is 2024-10-26 14:55:46.539369+05:30
[09:25:46] Successful get url: https://www.bing.com/th?id=OHR.GhostForest_EN-IN3485758200_UHD.jpg
[09:25:46] Picture infomations saved to  global/en-IN/README.md
[09:25:46] Picture infomations saved to global/en-IN/history/2024/10/26_en-IN.md
[09:25:46] Start geting global Bing Wallpaper, region=pt-BR, local time is 2024-10-26 06:25:46.688388-03:00
[09:25:46] Successful get url: https://www.bing.com/th?id=OHR.GhostForest_PT-BR6077995597_UHD.jpg
[09:25:46] Picture infomations saved to  global/pt-BR/README.md
[09:25:46] Picture infomations saved to global/pt-BR/history/2024/10/27_pt-BR.md
[09:25:46] Start geting global Bing Wallpaper, region=fr-FR, local time is 2024-10-26 11:25:46.844163+02:00
[09:25:46] Successful get url: https://www.bing.com/th?id=OHR.DaylightOrsay_FR-FR6504936679_UHD.jpg
[09:25:46] Picture infomations saved to  global/fr-FR/README.md
[09:25:46] Picture infomations saved to global/fr-FR/history/2024/10/26_fr-FR.md
[09:25:46] Start geting global Bing Wallpaper, region=de-DE, local time is 2024-10-26 11:25:46.995999+02:00
[09:25:47] Successful get url: https://www.bing.com/th?id=OHR.GhostForest_DE-DE7650231907_UHD.jpg
[09:25:47] Picture infomations saved to  global/de-DE/README.md
[09:25:47] Picture infomations saved to global/de-DE/history/2024/10/26_de-DE.md
[09:25:47] Start geting global Bing Wallpaper, region=en-CA, local time is 2024-10-26 05:25:47.173316-04:00
[09:25:47] Successful get url: https://www.bing.com/th?id=OHR.GhostForest_EN-CA5302994217_UHD.jpg
[09:25:47] Picture infomations saved to  global/en-CA/README.md
[09:25:47] Picture infomations saved to global/en-CA/history/2024/10/27_en-CA.md
[09:25:47] Start geting global Bing Wallpaper, region=en-GB, local time is 2024-10-26 10:25:47.317979+01:00
[09:25:47] Successful get url: https://www.bing.com/th?id=OHR.GhostForest_EN-GB6546865643_UHD.jpg
[09:25:47] Picture infomations saved to  global/en-GB/README.md
[09:25:47] Picture infomations saved to global/en-GB/history/2024/10/26_en-GB.md
[09:25:47] Start geting global Bing Wallpaper, region=it-IT, local time is 2024-10-26 11:25:47.468401+02:00
[09:25:47] Successful get url: https://www.bing.com/th?id=OHR.MateraFolklore_IT-IT9091648904_UHD.jpg
[09:25:47] Picture infomations saved to  global/it-IT/README.md
[09:25:47] Picture infomations saved to global/it-IT/history/2024/10/26_it-IT.md
[09:25:47] Start geting global Bing Wallpaper, region=es-ES, local time is 2024-10-26 11:25:47.639247+02:00
[09:25:47] Successful get url: https://www.bing.com/th?id=OHR.GhostForest_ES-ES2765501989_UHD.jpg
[09:25:47] Picture infomations saved to  global/es-ES/README.md
[09:25:47] Picture infomations saved to global/es-ES/history/2024/10/26_es-ES.md
[09:25:47] Start geting global Bing Wallpaper, region=fr-CA, local time is 2024-10-26 05:25:47.827276-04:00
[09:25:47] Successful get url: https://www.bing.com/th?id=OHR.GhostForest_FR-CA3800284768_UHD.jpg
[09:25:47] Picture infomations saved to  global/fr-CA/README.md
[09:25:47] Picture infomations saved to global/fr-CA/history/2024/10/27_fr-CA.md
Program exit at 09:25:47

Program started at 16:13:09
Operating System Name: Linux
Operating System Version: #26~22.04.1-Ubuntu SMP Thu Jul 11 22:33:04 UTC 2024
System Architecture: ('64bit', 'ELF')
Computer Type: x86_64
Computer Name: fv-az979-438
Processor Type: x86_64
Python Version: 3.12.7
Python Interpreter Name: CPython
[16:13:09] Start geting CN Bing Wallpaper
[16:13:10] Successful get url: https://www.bing.com/th?id=OHR.PolarBearHug_ZH-CN0696077546_UHD.jpg
[16:13:10] Image saved to img/background.jpg
[16:13:10] Info saved to README.md
[16:13:10] Image saved to history/2024/10/27.md
[16:13:10] Start geting global Bing Wallpaper, region=en-US, local time is 2024-10-26 12:13:10.269729-04:00
[16:13:10] Successful get url: https://www.bing.com/th?id=OHR.GhostForest_EN-US3389955484_UHD.jpg
[16:13:11] Picture infomations saved to  global/en-US/README.md
[16:13:11] Picture infomations saved to global/en-US/history/2024/10/27_en-US.md
[16:13:11] Start geting global Bing Wallpaper, region=ja-JP, local time is 2024-10-27 01:13:11.135281+09:00
[16:13:11] Successful get url: https://www.bing.com/th?id=OHR.PolarBearHug_JA-JP5883977862_UHD.jpg
[16:13:11] Picture infomations saved to  global/ja-JP/README.md
[16:13:11] Picture infomations saved to global/ja-JP/history/2024/10/27_ja-JP.md
[16:13:11] Start geting global Bing Wallpaper, region=en-IN, local time is 2024-10-26 21:43:11.419806+05:30
[16:13:11] Successful get url: https://www.bing.com/th?id=OHR.GhostForest_EN-IN3485758200_UHD.jpg
[16:13:11] Picture infomations saved to  global/en-IN/README.md
[16:13:11] Picture infomations saved to global/en-IN/history/2024/10/26_en-IN.md
[16:13:11] Start geting global Bing Wallpaper, region=pt-BR, local time is 2024-10-26 13:13:11.556402-03:00
[16:13:11] Successful get url: https://www.bing.com/th?id=OHR.GhostForest_PT-BR6077995597_UHD.jpg
[16:13:11] Picture infomations saved to  global/pt-BR/README.md
[16:13:11] Picture infomations saved to global/pt-BR/history/2024/10/27_pt-BR.md
[16:13:11] Start geting global Bing Wallpaper, region=fr-FR, local time is 2024-10-26 18:13:11.863733+02:00
[16:13:11] Successful get url: https://www.bing.com/th?id=OHR.DaylightOrsay_FR-FR6504936679_UHD.jpg
[16:13:12] Picture infomations saved to  global/fr-FR/README.md
[16:13:12] Picture infomations saved to global/fr-FR/history/2024/10/26_fr-FR.md
[16:13:12] Start geting global Bing Wallpaper, region=de-DE, local time is 2024-10-26 18:13:12.232016+02:00
[16:13:12] Successful get url: https://www.bing.com/th?id=OHR.GhostForest_DE-DE7650231907_UHD.jpg
[16:13:12] Picture infomations saved to  global/de-DE/README.md
[16:13:12] Picture infomations saved to global/de-DE/history/2024/10/26_de-DE.md
[16:13:12] Start geting global Bing Wallpaper, region=en-CA, local time is 2024-10-26 12:13:12.365165-04:00
[16:13:12] Successful get url: https://www.bing.com/th?id=OHR.GhostForest_EN-CA5302994217_UHD.jpg
[16:13:12] Picture infomations saved to  global/en-CA/README.md
[16:13:12] Picture infomations saved to global/en-CA/history/2024/10/27_en-CA.md
[16:13:12] Start geting global Bing Wallpaper, region=en-GB, local time is 2024-10-26 17:13:12.921637+01:00
[16:13:12] Successful get url: https://www.bing.com/th?id=OHR.GhostForest_EN-GB6546865643_UHD.jpg
[16:13:13] Picture infomations saved to  global/en-GB/README.md
[16:13:13] Picture infomations saved to global/en-GB/history/2024/10/26_en-GB.md
[16:13:13] Start geting global Bing Wallpaper, region=it-IT, local time is 2024-10-26 18:13:13.317463+02:00
[16:13:13] Successful get url: https://www.bing.com/th?id=OHR.MateraFolklore_IT-IT9091648904_UHD.jpg
[16:13:13] Picture infomations saved to  global/it-IT/README.md
[16:13:13] Picture infomations saved to global/it-IT/history/2024/10/26_it-IT.md
[16:13:13] Start geting global Bing Wallpaper, region=es-ES, local time is 2024-10-26 18:13:13.877042+02:00
[16:13:13] Successful get url: https://www.bing.com/th?id=OHR.GhostForest_ES-ES2765501989_UHD.jpg
[16:13:14] Picture infomations saved to  global/es-ES/README.md
[16:13:14] Picture infomations saved to global/es-ES/history/2024/10/26_es-ES.md
[16:13:14] Start geting global Bing Wallpaper, region=fr-CA, local time is 2024-10-26 12:13:14.020864-04:00
[16:13:14] Successful get url: https://www.bing.com/th?id=OHR.GhostForest_FR-CA3800284768_UHD.jpg
[16:13:14] Picture infomations saved to  global/fr-CA/README.md
[16:13:14] Picture infomations saved to global/fr-CA/history/2024/10/27_fr-CA.md
Program exit at 16:13:14
