
Program started at 09:28:13
Operating System Name: Linux
Operating System Version: #26~22.04.1-Ubuntu SMP Thu Jul 11 22:33:04 UTC 2024
System Architecture: ('64bit', 'ELF')
Computer Type: x86_64
Computer Name: fv-az1269-789
Processor Type: x86_64
Python Version: 3.12.7
Python Interpreter Name: CPython
[09:28:13] Start geting CN Bing Wallpaper
[09:28:13] Successful get url: https://www.bing.com/th?id=OHR.MontBlancMassif_ZH-CN9172264924_UHD.jpg
[09:28:13] Image saved to img/background.jpg
[09:28:13] Info saved to README.md
[09:28:13] Image saved to history/2024/10/25.md
[09:28:13] Start geting global Bing Wallpaper, region=en-US, local time is 2024-10-25 05:28:13.713166-04:00
[09:28:13] Successful get url: https://www.bing.com/th?id=OHR.MontBlancMassif_EN-US3284638409_UHD.jpg
[09:28:13] Picture infomations saved to  global/en-US/README.md
[09:28:13] Picture infomations saved to global/en-US/history/2024/10/26_en-US.md
[09:28:13] Start geting global Bing Wallpaper, region=ja-JP, local time is 2024-10-25 18:28:13.986382+09:00
[09:28:14] Successful get url: https://www.bing.com/th?id=OHR.MontBlancMassif_JA-JP5454742573_UHD.jpg
[09:28:14] Picture infomations saved to  global/ja-JP/README.md
[09:28:14] Picture infomations saved to global/ja-JP/history/2024/10/25_ja-JP.md
[09:28:14] Start geting global Bing Wallpaper, region=en-IN, local time is 2024-10-25 14:58:14.261364+05:30
[09:28:14] Successful get url: https://www.bing.com/th?id=OHR.GoldenTempleIN_EN-IN0200918572_UHD.jpg
[09:28:14] Picture infomations saved to  global/en-IN/README.md
[09:28:14] Picture infomations saved to global/en-IN/history/2024/10/25_en-IN.md
[09:28:14] Start geting global Bing Wallpaper, region=pt-BR, local time is 2024-10-25 06:28:14.536110-03:00
[09:28:14] Successful get url: https://www.bing.com/th?id=OHR.MontBlancMassif_PT-BR6216119824_UHD.jpg
[09:28:14] Picture infomations saved to  global/pt-BR/README.md
[09:28:14] Picture infomations saved to global/pt-BR/history/2024/10/26_pt-BR.md
[09:28:14] Start geting global Bing Wallpaper, region=fr-FR, local time is 2024-10-25 11:28:14.805059+02:00
[09:28:14] Successful get url: https://www.bing.com/th?id=OHR.MontBlancMassif_FR-FR3086355782_UHD.jpg
[09:28:15] Picture infomations saved to  global/fr-FR/README.md
[09:28:15] Picture infomations saved to global/fr-FR/history/2024/10/25_fr-FR.md
[09:28:15] Start geting global Bing Wallpaper, region=de-DE, local time is 2024-10-25 11:28:15.069079+02:00
[09:28:15] Successful get url: https://www.bing.com/th?id=OHR.MontBlancMassif_DE-DE0416304565_UHD.jpg
[09:28:15] Picture infomations saved to  global/de-DE/README.md
[09:28:15] Picture infomations saved to global/de-DE/history/2024/10/25_de-DE.md
[09:28:15] Start geting global Bing Wallpaper, region=en-CA, local time is 2024-10-25 05:28:15.356077-04:00
[09:28:15] Successful get url: https://www.bing.com/th?id=OHR.MontBlancMassif_EN-CA4972012680_UHD.jpg
[09:28:15] Picture infomations saved to  global/en-CA/README.md
[09:28:15] Picture infomations saved to global/en-CA/history/2024/10/26_en-CA.md
[09:28:15] Start geting global Bing Wallpaper, region=en-GB, local time is 2024-10-25 10:28:15.615569+01:00
[09:28:15] Successful get url: https://www.bing.com/th?id=OHR.MontBlancMassif_EN-GB2071333210_UHD.jpg
[09:28:15] Picture infomations saved to  global/en-GB/README.md
[09:28:15] Picture infomations saved to global/en-GB/history/2024/10/25_en-GB.md
[09:28:15] Start geting global Bing Wallpaper, region=it-IT, local time is 2024-10-25 11:28:15.875223+02:00
[09:28:15] Successful get url: https://www.bing.com/th?id=OHR.GiornataMondialeDellaPasta_IT-IT9004534121_UHD.jpg
[09:28:16] Picture infomations saved to  global/it-IT/README.md
[09:28:16] Picture infomations saved to global/it-IT/history/2024/10/25_it-IT.md
[09:28:16] Start geting global Bing Wallpaper, region=es-ES, local time is 2024-10-25 11:28:16.127581+02:00
[09:28:16] Successful get url: https://www.bing.com/th?id=OHR.MontBlancMassif_ES-ES6175226361_UHD.jpg
[09:28:16] Picture infomations saved to  global/es-ES/README.md
[09:28:16] Picture infomations saved to global/es-ES/history/2024/10/25_es-ES.md
[09:28:16] Start geting global Bing Wallpaper, region=fr-CA, local time is 2024-10-25 05:28:16.430458-04:00
[09:28:16] Successful get url: https://www.bing.com/th?id=OHR.MontBlancMassif_FR-CA3630976248_UHD.jpg
[09:28:16] Picture infomations saved to  global/fr-CA/README.md
[09:28:16] Picture infomations saved to global/fr-CA/history/2024/10/26_fr-CA.md
Program exit at 09:28:16
