
Program started at 09:28:20
Operating System Name: Linux
Operating System Version: #26~22.04.1-Ubuntu SMP Thu Jul 11 22:33:04 UTC 2024
System Architecture: ('64bit', 'ELF')
Computer Type: x86_64
Computer Name: fv-az777-136
Processor Type: x86_64
Python Version: 3.12.7
Python Interpreter Name: CPython
[09:28:20] Start geting CN Bing Wallpaper
[09:28:20] Successful get url: https://www.bing.com/th?id=OHR.BodieCalifornia_ZH-CN8941360519_UHD.jpg
[09:28:20] Image saved to img/background.jpg
[09:28:20] Info saved to README.md
[09:28:20] Image saved to history/2024/10/24.md
[09:28:20] Start geting global Bing Wallpaper, region=en-US, local time is 2024-10-24 05:28:20.682772-04:00
[09:28:20] Successful get url: https://www.bing.com/th?id=OHR.BodieCalifornia_EN-US3185568116_UHD.jpg
[09:28:20] Picture infomations saved to  global/en-US/README.md
[09:28:20] Picture infomations saved to global/en-US/history/2024/10/25_en-US.md
[09:28:20] Start geting global Bing Wallpaper, region=ja-JP, local time is 2024-10-24 18:28:20.785680+09:00
[09:28:20] Successful get url: https://www.bing.com/th?id=OHR.BodieCalifornia_JA-JP5239125800_UHD.jpg
[09:28:20] Picture infomations saved to  global/ja-JP/README.md
[09:28:20] Picture infomations saved to global/ja-JP/history/2024/10/24_ja-JP.md
[09:28:20] Start geting global Bing Wallpaper, region=en-IN, local time is 2024-10-24 14:58:20.895771+05:30
[09:28:20] Successful get url: https://www.bing.com/th?id=OHR.BodieCalifornia_EN-IN0325721047_UHD.jpg
[09:28:21] Picture infomations saved to  global/en-IN/README.md
[09:28:21] Picture infomations saved to global/en-IN/history/2024/10/24_en-IN.md
[09:28:21] Start geting global Bing Wallpaper, region=pt-BR, local time is 2024-10-24 06:28:21.003328-03:00
[09:28:21] Successful get url: https://www.bing.com/th?id=OHR.GreatOwl_PT-BR6294923796_UHD.jpg
[09:28:21] Picture infomations saved to  global/pt-BR/README.md
[09:28:21] Picture infomations saved to global/pt-BR/history/2024/10/25_pt-BR.md
[09:28:21] Start geting global Bing Wallpaper, region=fr-FR, local time is 2024-10-24 11:28:21.110745+02:00
[09:28:21] Successful get url: https://www.bing.com/th?id=OHR.BodieCalifornia_FR-FR2619483775_UHD.jpg
[09:28:21] Picture infomations saved to  global/fr-FR/README.md
[09:28:21] Picture infomations saved to global/fr-FR/history/2024/10/24_fr-FR.md
[09:28:21] Start geting global Bing Wallpaper, region=de-DE, local time is 2024-10-24 11:28:21.213988+02:00
[09:28:21] Successful get url: https://www.bing.com/th?id=OHR.HumboldtUniversityLibrary_DE-DE9129729075_UHD.jpg
[09:28:21] Picture infomations saved to  global/de-DE/README.md
[09:28:21] Picture infomations saved to global/de-DE/history/2024/10/24_de-DE.md
[09:28:21] Start geting global Bing Wallpaper, region=en-CA, local time is 2024-10-24 05:28:21.314653-04:00
[09:28:21] Successful get url: https://www.bing.com/th?id=OHR.BodieCalifornia_EN-CA4900321008_UHD.jpg
[09:28:21] Picture infomations saved to  global/en-CA/README.md
[09:28:21] Picture infomations saved to global/en-CA/history/2024/10/25_en-CA.md
[09:28:21] Start geting global Bing Wallpaper, region=en-GB, local time is 2024-10-24 10:28:21.414359+01:00
[09:28:21] Successful get url: https://www.bing.com/th?id=OHR.BodieCalifornia_EN-GB1752364687_UHD.jpg
[09:28:21] Picture infomations saved to  global/en-GB/README.md
[09:28:21] Picture infomations saved to global/en-GB/history/2024/10/24_en-GB.md
[09:28:21] Start geting global Bing Wallpaper, region=it-IT, local time is 2024-10-24 11:28:21.521370+02:00
[09:28:21] Successful get url: https://www.bing.com/th?id=OHR.GhostForest_IT-IT8926574914_UHD.jpg
[09:28:21] Picture infomations saved to  global/it-IT/README.md
[09:28:21] Picture infomations saved to global/it-IT/history/2024/10/24_it-IT.md
[09:28:21] Start geting global Bing Wallpaper, region=es-ES, local time is 2024-10-24 11:28:21.626120+02:00
[09:28:21] Successful get url: https://www.bing.com/th?id=OHR.BodieCalifornia_ES-ES5750296287_UHD.jpg
[09:28:21] Picture infomations saved to  global/es-ES/README.md
[09:28:21] Picture infomations saved to global/es-ES/history/2024/10/24_es-ES.md
[09:28:21] Start geting global Bing Wallpaper, region=fr-CA, local time is 2024-10-24 05:28:21.729819-04:00
[09:28:21] Successful get url: https://www.bing.com/th?id=OHR.BodieCalifornia_FR-CA3435010642_UHD.jpg
[09:28:21] Picture infomations saved to  global/fr-CA/README.md
[09:28:21] Picture infomations saved to global/fr-CA/history/2024/10/25_fr-CA.md
Program exit at 09:28:21
