
Program started at 09:28:55
Operating System Name: Linux
Operating System Version: #16~22.04.1-Ubuntu SMP Thu Aug 15 21:31:41 UTC 2024
System Architecture: ('64bit', 'ELF')
Computer Type: x86_64
Computer Name: fv-az700-317
Processor Type: x86_64
Python Version: 3.12.6
Python Interpreter Name: CPython
[09:28:55] Start geting CN Bing Wallpaper
[09:28:55] Successful get url: https://www.bing.com/th?id=OHR.AspensColorado_ZH-CN0132780533_UHD.jpg
[09:28:56] Image saved to img/background.jpg
[09:28:56] Info saved to README.md
[09:28:56] Image saved to history/2024/10/09.md
[09:28:56] Start geting global Bing Wallpaper, region=en-US, local time is 2024-10-09 05:28:56.133276-04:00
[09:28:56] Successful get url: https://www.bing.com/th?id=OHR.AspensColorado_EN-US9105602602_UHD.jpg
[09:28:56] Picture infomations saved to  global/en-US/README.md
[09:28:56] Picture infomations saved to global/en-US/history/2024/10/10_en-US.md
[09:28:56] Start geting global Bing Wallpaper, region=ja-JP, local time is 2024-10-09 18:28:56.255134+09:00
[09:28:56] Successful get url: https://www.bing.com/th?id=OHR.AspensColorado_JA-JP6244858068_UHD.jpg
[09:28:56] Picture infomations saved to  global/ja-JP/README.md
[09:28:56] Picture infomations saved to global/ja-JP/history/2024/10/09_ja-JP.md
[09:28:56] Start geting global Bing Wallpaper, region=en-IN, local time is 2024-10-09 14:58:56.459110+05:30
[09:28:56] Successful get url: https://www.bing.com/th?id=OHR.AspensColorado_EN-IN9587734366_UHD.jpg
[09:28:56] Picture infomations saved to  global/en-IN/README.md
[09:28:56] Picture infomations saved to global/en-IN/history/2024/10/09_en-IN.md
[09:28:56] Start geting global Bing Wallpaper, region=pt-BR, local time is 2024-10-09 06:28:56.572572-03:00
[09:28:56] Successful get url: https://www.bing.com/th?id=OHR.AspensColorado_PT-BR8036769299_UHD.jpg
[09:28:56] Picture infomations saved to  global/pt-BR/README.md
[09:28:56] Picture infomations saved to global/pt-BR/history/2024/10/10_pt-BR.md
[09:28:56] Start geting global Bing Wallpaper, region=fr-FR, local time is 2024-10-09 11:28:56.672467+02:00
[09:28:56] Successful get url: https://www.bing.com/th?id=OHR.AspensColorado_FR-FR2017267378_UHD.jpg
[09:28:56] Picture infomations saved to  global/fr-FR/README.md
[09:28:56] Picture infomations saved to global/fr-FR/history/2024/10/09_fr-FR.md
[09:28:56] Start geting global Bing Wallpaper, region=de-DE, local time is 2024-10-09 11:28:56.783719+02:00
[09:28:56] Successful get url: https://www.bing.com/th?id=OHR.PotsdamerPlatzBerlin_DE-DE6566333403_UHD.jpg
[09:28:56] Picture infomations saved to  global/de-DE/README.md
[09:28:56] Picture infomations saved to global/de-DE/history/2024/10/09_de-DE.md
[09:28:56] Start geting global Bing Wallpaper, region=en-CA, local time is 2024-10-09 05:28:56.902705-04:00
[09:28:56] Successful get url: https://www.bing.com/th?id=OHR.AspensColorado_EN-CA0556453730_UHD.jpg
[09:28:56] Picture infomations saved to  global/en-CA/README.md
[09:28:56] Picture infomations saved to global/en-CA/history/2024/10/10_en-CA.md
[09:28:56] Start geting global Bing Wallpaper, region=en-GB, local time is 2024-10-09 10:28:56.998963+01:00
[09:28:57] Successful get url: https://www.bing.com/th?id=OHR.AspensColorado_EN-GB2371416593_UHD.jpg
[09:28:57] Picture infomations saved to  global/en-GB/README.md
[09:28:57] Picture infomations saved to global/en-GB/history/2024/10/09_en-GB.md
[09:28:57] Start geting global Bing Wallpaper, region=it-IT, local time is 2024-10-09 11:28:57.108990+02:00
[09:28:57] Successful get url: https://www.bing.com/th?id=OHR.AspensColorado_IT-IT4462449086_UHD.jpg
[09:28:57] Picture infomations saved to  global/it-IT/README.md
[09:28:57] Picture infomations saved to global/it-IT/history/2024/10/09_it-IT.md
[09:28:57] Start geting global Bing Wallpaper, region=es-ES, local time is 2024-10-09 11:28:57.283705+02:00
[09:28:57] Successful get url: https://www.bing.com/th?id=OHR.ValencianCommunityDay_ES-ES3800849139_UHD.jpg
[09:28:57] Picture infomations saved to  global/es-ES/README.md
[09:28:57] Picture infomations saved to global/es-ES/history/2024/10/09_es-ES.md
[09:28:57] Start geting global Bing Wallpaper, region=fr-CA, local time is 2024-10-09 05:28:57.494671-04:00
[09:28:57] Successful get url: https://www.bing.com/th?id=OHR.AspensColorado_FR-CA2915675941_UHD.jpg
[09:28:57] Picture infomations saved to  global/fr-CA/README.md
[09:28:57] Picture infomations saved to global/fr-CA/history/2024/10/10_fr-CA.md
Program exit at 09:28:57
