
Program started at 09:29:11
Operating System Name: Linux
Operating System Version: #16~22.04.1-Ubuntu SMP Thu Aug 15 21:31:41 UTC 2024
System Architecture: ('64bit', 'ELF')
Computer Type: x86_64
Computer Name: fv-az732-52
Processor Type: x86_64
Python Version: 3.12.6
Python Interpreter Name: CPython
[09:29:11] Start geting CN Bing Wallpaper
[09:29:11] Successful get url: https://www.bing.com/th?id=OHR.BoraPapeete_ZH-CN1991283465_UHD.jpg
[09:29:11] Image saved to img/background.jpg
[09:29:11] Info saved to README.md
[09:29:11] Image saved to history/2024/10/07.md
[09:29:11] Start geting global Bing Wallpaper, region=en-US, local time is 2024-10-07 05:29:11.786027-04:00
[09:29:11] Successful get url: https://www.bing.com/th?id=OHR.ElbePhilharmonic_EN-US8658450086_UHD.jpg
[09:29:11] Picture infomations saved to  global/en-US/README.md
[09:29:11] Picture infomations saved to global/en-US/history/2024/10/08_en-US.md
[09:29:11] Start geting global Bing Wallpaper, region=ja-JP, local time is 2024-10-07 18:29:11.953196+09:00
[09:29:11] Successful get url: https://www.bing.com/th?id=OHR.ElbePhilharmonic_JA-JP5541486306_UHD.jpg
[09:29:12] Picture infomations saved to  global/ja-JP/README.md
[09:29:12] Picture infomations saved to global/ja-JP/history/2024/10/07_ja-JP.md
[09:29:12] Start geting global Bing Wallpaper, region=en-IN, local time is 2024-10-07 14:59:12.055493+05:30
[09:29:12] Successful get url: https://www.bing.com/th?id=OHR.ElbePhilharmonic_EN-IN7738424525_UHD.jpg
[09:29:12] Picture infomations saved to  global/en-IN/README.md
[09:29:12] Picture infomations saved to global/en-IN/history/2024/10/07_en-IN.md
[09:29:12] Start geting global Bing Wallpaper, region=pt-BR, local time is 2024-10-07 06:29:12.175611-03:00
[09:29:12] Successful get url: https://www.bing.com/th?id=OHR.ElbePhilharmonic_PT-BR9107755270_UHD.jpg
[09:29:12] Picture infomations saved to  global/pt-BR/README.md
[09:29:12] Picture infomations saved to global/pt-BR/history/2024/10/08_pt-BR.md
[09:29:12] Start geting global Bing Wallpaper, region=fr-FR, local time is 2024-10-07 11:29:12.306263+02:00
[09:29:12] Successful get url: https://www.bing.com/th?id=OHR.ElbePhilharmonic_FR-FR0231525332_UHD.jpg
[09:29:12] Picture infomations saved to  global/fr-FR/README.md
[09:29:12] Picture infomations saved to global/fr-FR/history/2024/10/07_fr-FR.md
[09:29:12] Start geting global Bing Wallpaper, region=de-DE, local time is 2024-10-07 11:29:12.434704+02:00
[09:29:12] Successful get url: https://www.bing.com/th?id=OHR.ElbePhilharmonic_DE-DE0654455444_UHD.jpg
[09:29:12] Picture infomations saved to  global/de-DE/README.md
[09:29:12] Picture infomations saved to global/de-DE/history/2024/10/07_de-DE.md
[09:29:12] Start geting global Bing Wallpaper, region=en-CA, local time is 2024-10-07 05:29:12.552514-04:00
[09:29:12] Successful get url: https://www.bing.com/th?id=OHR.ElbePhilharmonic_EN-CA1458789835_UHD.jpg
[09:29:12] Picture infomations saved to  global/en-CA/README.md
[09:29:12] Picture infomations saved to global/en-CA/history/2024/10/08_en-CA.md
[09:29:12] Start geting global Bing Wallpaper, region=en-GB, local time is 2024-10-07 10:29:12.664450+01:00
[09:29:12] Successful get url: https://www.bing.com/th?id=OHR.ElbePhilharmonic_EN-GB8668543385_UHD.jpg
[09:29:12] Picture infomations saved to  global/en-GB/README.md
[09:29:12] Picture infomations saved to global/en-GB/history/2024/10/07_en-GB.md
[09:29:12] Start geting global Bing Wallpaper, region=it-IT, local time is 2024-10-07 11:29:12.776008+02:00
[09:29:12] Successful get url: https://www.bing.com/th?id=OHR.ElbePhilharmonic_IT-IT4294250253_UHD.jpg
[09:29:12] Picture infomations saved to  global/it-IT/README.md
[09:29:12] Picture infomations saved to global/it-IT/history/2024/10/07_it-IT.md
[09:29:12] Start geting global Bing Wallpaper, region=es-ES, local time is 2024-10-07 11:29:12.875421+02:00
[09:29:12] Successful get url: https://www.bing.com/th?id=OHR.ElbePhilharmonic_ES-ES5119623297_UHD.jpg
[09:29:13] Picture infomations saved to  global/es-ES/README.md
[09:29:13] Picture infomations saved to global/es-ES/history/2024/10/07_es-ES.md
[09:29:13] Start geting global Bing Wallpaper, region=fr-CA, local time is 2024-10-07 05:29:13.015748-04:00
[09:29:13] Successful get url: https://www.bing.com/th?id=OHR.ElbePhilharmonic_FR-CA1576968664_UHD.jpg
[09:29:13] Picture infomations saved to  global/fr-CA/README.md
[09:29:13] Picture infomations saved to global/fr-CA/history/2024/10/08_fr-CA.md
Program exit at 09:29:13

Program started at 16:14:13
Operating System Name: Linux
Operating System Version: #16~22.04.1-Ubuntu SMP Thu Aug 15 21:31:41 UTC 2024
System Architecture: ('64bit', 'ELF')
Computer Type: x86_64
Computer Name: fv-az693-589
Processor Type: x86_64
Python Version: 3.12.6
Python Interpreter Name: CPython
[16:14:13] Start geting CN Bing Wallpaper
[16:14:13] Successful get url: https://www.bing.com/th?id=OHR.SoranoItaly_ZH-CN1190725201_UHD.jpg
[16:14:13] Image saved to img/background.jpg
[16:14:13] Info saved to README.md
[16:14:13] Image saved to history/2024/10/08.md
[16:14:13] Start geting global Bing Wallpaper, region=en-US, local time is 2024-10-07 12:14:13.384518-04:00
[16:14:13] Successful get url: https://www.bing.com/th?id=OHR.ElbePhilharmonic_EN-US8658450086_UHD.jpg
[16:14:13] Picture infomations saved to  global/en-US/README.md
[16:14:13] Picture infomations saved to global/en-US/history/2024/10/08_en-US.md
[16:14:13] Start geting global Bing Wallpaper, region=ja-JP, local time is 2024-10-08 01:14:13.565619+09:00
[16:14:13] Successful get url: https://www.bing.com/th?id=OHR.Kanro2024_JA-JP5787966494_UHD.jpg
[16:14:13] Picture infomations saved to  global/ja-JP/README.md
[16:14:13] Picture infomations saved to global/ja-JP/history/2024/10/08_ja-JP.md
[16:14:13] Start geting global Bing Wallpaper, region=en-IN, local time is 2024-10-07 21:44:13.747516+05:30
[16:14:13] Successful get url: https://www.bing.com/th?id=OHR.ElbePhilharmonic_EN-IN7738424525_UHD.jpg
[16:14:13] Picture infomations saved to  global/en-IN/README.md
[16:14:13] Picture infomations saved to global/en-IN/history/2024/10/07_en-IN.md
[16:14:13] Start geting global Bing Wallpaper, region=pt-BR, local time is 2024-10-07 13:14:13.848323-03:00
[16:14:13] Successful get url: https://www.bing.com/th?id=OHR.ElbePhilharmonic_PT-BR9107755270_UHD.jpg
[16:14:13] Picture infomations saved to  global/pt-BR/README.md
[16:14:13] Picture infomations saved to global/pt-BR/history/2024/10/08_pt-BR.md
[16:14:13] Start geting global Bing Wallpaper, region=fr-FR, local time is 2024-10-07 18:14:13.950667+02:00
[16:14:13] Successful get url: https://www.bing.com/th?id=OHR.ElbePhilharmonic_FR-FR0231525332_UHD.jpg
[16:14:14] Picture infomations saved to  global/fr-FR/README.md
[16:14:14] Picture infomations saved to global/fr-FR/history/2024/10/07_fr-FR.md
[16:14:14] Start geting global Bing Wallpaper, region=de-DE, local time is 2024-10-07 18:14:14.092869+02:00
[16:14:14] Successful get url: https://www.bing.com/th?id=OHR.ElbePhilharmonic_DE-DE0654455444_UHD.jpg
[16:14:14] Picture infomations saved to  global/de-DE/README.md
[16:14:14] Picture infomations saved to global/de-DE/history/2024/10/07_de-DE.md
[16:14:14] Start geting global Bing Wallpaper, region=en-CA, local time is 2024-10-07 12:14:14.187267-04:00
[16:14:14] Successful get url: https://www.bing.com/th?id=OHR.ElbePhilharmonic_EN-CA1458789835_UHD.jpg
[16:14:14] Picture infomations saved to  global/en-CA/README.md
[16:14:14] Picture infomations saved to global/en-CA/history/2024/10/08_en-CA.md
[16:14:14] Start geting global Bing Wallpaper, region=en-GB, local time is 2024-10-07 17:14:14.281535+01:00
[16:14:14] Successful get url: https://www.bing.com/th?id=OHR.ElbePhilharmonic_EN-GB8668543385_UHD.jpg
[16:14:14] Picture infomations saved to  global/en-GB/README.md
[16:14:14] Picture infomations saved to global/en-GB/history/2024/10/07_en-GB.md
[16:14:14] Start geting global Bing Wallpaper, region=it-IT, local time is 2024-10-07 18:14:14.394086+02:00
[16:14:14] Successful get url: https://www.bing.com/th?id=OHR.ElbePhilharmonic_IT-IT4294250253_UHD.jpg
[16:14:14] Picture infomations saved to  global/it-IT/README.md
[16:14:14] Picture infomations saved to global/it-IT/history/2024/10/07_it-IT.md
[16:14:14] Start geting global Bing Wallpaper, region=es-ES, local time is 2024-10-07 18:14:14.492261+02:00
[16:14:14] Successful get url: https://www.bing.com/th?id=OHR.ElbePhilharmonic_ES-ES5119623297_UHD.jpg
[16:14:14] Picture infomations saved to  global/es-ES/README.md
[16:14:14] Picture infomations saved to global/es-ES/history/2024/10/07_es-ES.md
[16:14:14] Start geting global Bing Wallpaper, region=fr-CA, local time is 2024-10-07 12:14:14.581837-04:00
[16:14:14] Successful get url: https://www.bing.com/th?id=OHR.ElbePhilharmonic_FR-CA1576968664_UHD.jpg
[16:14:14] Picture infomations saved to  global/fr-CA/README.md
[16:14:14] Picture infomations saved to global/fr-CA/history/2024/10/08_fr-CA.md
Program exit at 16:14:14
