
Program started at 09:27:58
Operating System Name: Linux
Operating System Version: #26~22.04.1-Ubuntu SMP Thu Jul 11 22:33:04 UTC 2024
System Architecture: ('64bit', 'ELF')
Computer Type: x86_64
Computer Name: fv-az985-968
Processor Type: x86_64
Python Version: 3.12.7
Python Interpreter Name: CPython
[09:27:58] Start geting CN Bing Wallpaper
[09:27:58] Successful get url: https://www.bing.com/th?id=OHR.GargoyleParis_ZH-CN1668628241_UHD.jpg
[09:27:58] Image saved to img/background.jpg
[09:27:58] Info saved to README.md
[09:27:58] Image saved to history/2024/10/31.md
[09:27:58] Start geting global Bing Wallpaper, region=en-US, local time is 2024-10-31 05:27:58.646250-04:00
[09:27:58] Successful get url: https://www.bing.com/th?id=OHR.GargoyleParis_EN-US4049828558_UHD.jpg
[09:27:58] Picture infomations saved to  global/en-US/README.md
[09:27:58] Picture infomations saved to global/en-US/history/2024/11/01_en-US.md
[09:27:58] Start geting global Bing Wallpaper, region=ja-JP, local time is 2024-10-31 18:27:58.811580+09:00
[09:27:58] Successful get url: https://www.bing.com/th?id=OHR.Halloween2024_JA-JP6692896772_UHD.jpg
[09:27:58] Picture infomations saved to  global/ja-JP/README.md
[09:27:58] Picture infomations saved to global/ja-JP/history/2024/10/31_ja-JP.md
[09:27:58] Start geting global Bing Wallpaper, region=en-IN, local time is 2024-10-31 14:57:58.995098+05:30
[09:27:59] Successful get url: https://www.bing.com/th?id=OHR.FireworksDiwali_EN-IN6255593826_UHD.jpg
[09:27:59] Picture infomations saved to  global/en-IN/README.md
[09:27:59] Picture infomations saved to global/en-IN/history/2024/10/31_en-IN.md
[09:27:59] Start geting global Bing Wallpaper, region=pt-BR, local time is 2024-10-31 06:27:59.158099-03:00
[09:27:59] Successful get url: https://www.bing.com/th?id=OHR.DiadoSaci_PT-BR3042315379_UHD.jpg
[09:27:59] Picture infomations saved to  global/pt-BR/README.md
[09:27:59] Picture infomations saved to global/pt-BR/history/2024/11/01_pt-BR.md
[09:27:59] Start geting global Bing Wallpaper, region=fr-FR, local time is 2024-10-31 10:27:59.304878+01:00
[09:27:59] Successful get url: https://www.bing.com/th?id=OHR.GargoyleParis_FR-FR6298643080_UHD.jpg
[09:27:59] Picture infomations saved to  global/fr-FR/README.md
[09:27:59] Picture infomations saved to global/fr-FR/history/2024/10/31_fr-FR.md
[09:27:59] Start geting global Bing Wallpaper, region=de-DE, local time is 2024-10-31 10:27:59.456189+01:00
[09:27:59] Successful get url: https://www.bing.com/th?id=OHR.GargoyleParis_DE-DE9566321250_UHD.jpg
[09:27:59] Picture infomations saved to  global/de-DE/README.md
[09:27:59] Picture infomations saved to global/de-DE/history/2024/10/31_de-DE.md
[09:27:59] Start geting global Bing Wallpaper, region=en-CA, local time is 2024-10-31 05:27:59.609538-04:00
[09:27:59] Successful get url: https://www.bing.com/th?id=OHR.GargoyleParis_EN-CA6806508662_UHD.jpg
[09:27:59] Picture infomations saved to  global/en-CA/README.md
[09:27:59] Picture infomations saved to global/en-CA/history/2024/11/01_en-CA.md
[09:27:59] Start geting global Bing Wallpaper, region=en-GB, local time is 2024-10-31 09:27:59.747607+00:00
[09:27:59] Successful get url: https://www.bing.com/th?id=OHR.GargoyleParis_EN-GB4271245524_UHD.jpg
[09:27:59] Picture infomations saved to  global/en-GB/README.md
[09:27:59] Picture infomations saved to global/en-GB/history/2024/11/01_en-GB.md
[09:27:59] Start geting global Bing Wallpaper, region=it-IT, local time is 2024-10-31 10:27:59.887716+01:00
[09:27:59] Successful get url: https://www.bing.com/th?id=OHR.GargoyleParis_IT-IT0132581997_UHD.jpg
[09:28:00] Picture infomations saved to  global/it-IT/README.md
[09:28:00] Picture infomations saved to global/it-IT/history/2024/10/31_it-IT.md
[09:28:00] Start geting global Bing Wallpaper, region=es-ES, local time is 2024-10-31 10:28:00.017086+01:00
[09:28:00] Successful get url: https://www.bing.com/th?id=OHR.GargoyleParis_ES-ES3122762938_UHD.jpg
[09:28:00] Picture infomations saved to  global/es-ES/README.md
[09:28:00] Picture infomations saved to global/es-ES/history/2024/10/31_es-ES.md
[09:28:00] Start geting global Bing Wallpaper, region=fr-CA, local time is 2024-10-31 05:28:00.146834-04:00
[09:28:00] Successful get url: https://www.bing.com/th?id=OHR.GargoyleParis_FR-CA4719321760_UHD.jpg
[09:28:00] Picture infomations saved to  global/fr-CA/README.md
[09:28:00] Picture infomations saved to global/fr-CA/history/2024/11/01_fr-CA.md
Program exit at 09:28:00

Program started at 16:14:51
Operating System Name: Linux
Operating System Version: #26~22.04.1-Ubuntu SMP Thu Jul 11 22:33:04 UTC 2024
System Architecture: ('64bit', 'ELF')
Computer Type: x86_64
Computer Name: fv-az1980-637
Processor Type: x86_64
Python Version: 3.12.7
Python Interpreter Name: CPython
[16:14:51] Start geting CN Bing Wallpaper
[16:14:51] Successful get url: https://www.bing.com/th?id=OHR.VineyardsBlackForestFall_ZH-CN6767078591_UHD.jpg
[16:14:51] Image saved to img/background.jpg
[16:14:51] Info saved to README.md
[16:14:51] Image saved to history/2024/11/01.md
[16:14:51] Start geting global Bing Wallpaper, region=en-US, local time is 2024-10-31 12:14:51.951441-04:00
[16:14:52] Successful get url: https://www.bing.com/th?id=OHR.GargoyleParis_EN-US4049828558_UHD.jpg
[16:14:52] Picture infomations saved to  global/en-US/README.md
[16:14:52] Picture infomations saved to global/en-US/history/2024/11/01_en-US.md
[16:14:52] Start geting global Bing Wallpaper, region=ja-JP, local time is 2024-11-01 01:14:52.308192+09:00
[16:14:52] Successful get url: https://www.bing.com/th?id=OHR.LencoisMaranhao_JA-JP9337793324_UHD.jpg
[16:14:52] Picture infomations saved to  global/ja-JP/README.md
[16:14:52] Picture infomations saved to global/ja-JP/history/2024/11/01_ja-JP.md
[16:14:52] Start geting global Bing Wallpaper, region=en-IN, local time is 2024-10-31 21:44:52.434920+05:30
[16:14:52] Successful get url: https://www.bing.com/th?id=OHR.FireworksDiwali_EN-IN6255593826_UHD.jpg
[16:14:52] Picture infomations saved to  global/en-IN/README.md
[16:14:52] Picture infomations saved to global/en-IN/history/2024/10/31_en-IN.md
[16:14:52] Start geting global Bing Wallpaper, region=pt-BR, local time is 2024-10-31 13:14:52.915751-03:00
[16:14:52] Successful get url: https://www.bing.com/th?id=OHR.DiadoSaci_PT-BR3042315379_UHD.jpg
[16:14:53] Picture infomations saved to  global/pt-BR/README.md
[16:14:53] Picture infomations saved to global/pt-BR/history/2024/11/01_pt-BR.md
[16:14:53] Start geting global Bing Wallpaper, region=fr-FR, local time is 2024-10-31 17:14:53.262786+01:00
[16:14:53] Successful get url: https://www.bing.com/th?id=OHR.GargoyleParis_FR-FR6298643080_UHD.jpg
[16:14:53] Picture infomations saved to  global/fr-FR/README.md
[16:14:53] Picture infomations saved to global/fr-FR/history/2024/10/31_fr-FR.md
[16:14:53] Start geting global Bing Wallpaper, region=de-DE, local time is 2024-10-31 17:14:53.702929+01:00
[16:14:53] Successful get url: https://www.bing.com/th?id=OHR.GargoyleParis_DE-DE9566321250_UHD.jpg
[16:14:54] Picture infomations saved to  global/de-DE/README.md
[16:14:54] Picture infomations saved to global/de-DE/history/2024/10/31_de-DE.md
[16:14:54] Start geting global Bing Wallpaper, region=en-CA, local time is 2024-10-31 12:14:54.071409-04:00
[16:14:54] Successful get url: https://www.bing.com/th?id=OHR.GargoyleParis_EN-CA6806508662_UHD.jpg
[16:14:54] Picture infomations saved to  global/en-CA/README.md
[16:14:54] Picture infomations saved to global/en-CA/history/2024/11/01_en-CA.md
[16:14:54] Start geting global Bing Wallpaper, region=en-GB, local time is 2024-10-31 16:14:54.377592+00:00
[16:14:54] Successful get url: https://www.bing.com/th?id=OHR.GargoyleParis_EN-GB4271245524_UHD.jpg
[16:14:54] Picture infomations saved to  global/en-GB/README.md
[16:14:54] Picture infomations saved to global/en-GB/history/2024/11/01_en-GB.md
[16:14:54] Start geting global Bing Wallpaper, region=it-IT, local time is 2024-10-31 17:14:54.690493+01:00
[16:14:54] Successful get url: https://www.bing.com/th?id=OHR.GargoyleParis_IT-IT0132581997_UHD.jpg
[16:14:54] Picture infomations saved to  global/it-IT/README.md
[16:14:54] Picture infomations saved to global/it-IT/history/2024/10/31_it-IT.md
[16:14:54] Start geting global Bing Wallpaper, region=es-ES, local time is 2024-10-31 17:14:54.971361+01:00
[16:14:55] Successful get url: https://www.bing.com/th?id=OHR.GargoyleParis_ES-ES3122762938_UHD.jpg
[16:14:55] Picture infomations saved to  global/es-ES/README.md
[16:14:55] Picture infomations saved to global/es-ES/history/2024/10/31_es-ES.md
[16:14:55] Start geting global Bing Wallpaper, region=fr-CA, local time is 2024-10-31 12:14:55.304986-04:00
[16:14:55] Successful get url: https://www.bing.com/th?id=OHR.GargoyleParis_FR-CA4719321760_UHD.jpg
[16:14:55] Picture infomations saved to  global/fr-CA/README.md
[16:14:55] Picture infomations saved to global/fr-CA/history/2024/11/01_fr-CA.md
Program exit at 16:14:55
