
Program started at 09:27:57
Operating System Name: Linux
Operating System Version: #16~22.04.1-Ubuntu SMP Thu Aug 15 21:31:41 UTC 2024
System Architecture: ('64bit', 'ELF')
Computer Type: x86_64
Computer Name: fv-az840-531
Processor Type: x86_64
Python Version: 3.12.6
Python Interpreter Name: CPython
[09:27:57] Start geting CN Bing Wallpaper
[09:27:57] Successful get url: https://www.bing.com/th?id=OHR.EuropaMoon_ZH-CN0149249980_UHD.jpg
[09:27:57] Image saved to img/background.jpg
[09:27:57] Info saved to README.md
[09:27:57] Image saved to history/2024/10/04.md
[09:27:57] Start geting global Bing Wallpaper, region=en-US, local time is 2024-10-04 05:27:57.620189-04:00
[09:27:57] Successful get url: https://www.bing.com/th?id=OHR.EuropaMoon_EN-US8269574935_UHD.jpg
[09:27:57] Picture infomations saved to  global/en-US/README.md
[09:27:57] Picture infomations saved to global/en-US/history/2024/10/05_en-US.md
[09:27:57] Start geting global Bing Wallpaper, region=ja-JP, local time is 2024-10-04 18:27:57.750793+09:00
[09:27:57] Successful get url: https://www.bing.com/th?id=OHR.EuropaMoon_JA-JP4639297209_UHD.jpg
[09:27:57] Picture infomations saved to  global/ja-JP/README.md
[09:27:57] Picture infomations saved to global/ja-JP/history/2024/10/04_ja-JP.md
[09:27:57] Start geting global Bing Wallpaper, region=en-IN, local time is 2024-10-04 14:57:57.846745+05:30
[09:27:57] Successful get url: https://www.bing.com/th?id=OHR.EuropaMoon_EN-IN7952428847_UHD.jpg
[09:27:57] Picture infomations saved to  global/en-IN/README.md
[09:27:57] Picture infomations saved to global/en-IN/history/2024/10/04_en-IN.md
[09:27:57] Start geting global Bing Wallpaper, region=pt-BR, local time is 2024-10-04 06:27:57.936505-03:00
[09:27:57] Successful get url: https://www.bing.com/th?id=OHR.EuropaMoon_PT-BR6260569357_UHD.jpg
[09:27:58] Picture infomations saved to  global/pt-BR/README.md
[09:27:58] Picture infomations saved to global/pt-BR/history/2024/10/05_pt-BR.md
[09:27:58] Start geting global Bing Wallpaper, region=fr-FR, local time is 2024-10-04 11:27:58.033931+02:00
[09:27:58] Successful get url: https://www.bing.com/th?id=OHR.EuropaMoon_FR-FR8860978550_UHD.jpg
[09:27:58] Picture infomations saved to  global/fr-FR/README.md
[09:27:58] Picture infomations saved to global/fr-FR/history/2024/10/04_fr-FR.md
[09:27:58] Start geting global Bing Wallpaper, region=de-DE, local time is 2024-10-04 11:27:58.130962+02:00
[09:27:58] Successful get url: https://www.bing.com/th?id=OHR.EuropaMoon_DE-DE7966877532_UHD.jpg
[09:27:58] Picture infomations saved to  global/de-DE/README.md
[09:27:58] Picture infomations saved to global/de-DE/history/2024/10/04_de-DE.md
[09:27:58] Start geting global Bing Wallpaper, region=en-CA, local time is 2024-10-04 05:27:58.243562-04:00
[09:27:58] Successful get url: https://www.bing.com/th?id=OHR.NuitBlanche24_EN-CA8251507494_UHD.jpg
[09:27:58] Picture infomations saved to  global/en-CA/README.md
[09:27:58] Picture infomations saved to global/en-CA/history/2024/10/05_en-CA.md
[09:27:58] Start geting global Bing Wallpaper, region=en-GB, local time is 2024-10-04 10:27:58.345372+01:00
[09:27:58] Successful get url: https://www.bing.com/th?id=OHR.EuropaMoon_EN-GB4032019865_UHD.jpg
[09:27:58] Picture infomations saved to  global/en-GB/README.md
[09:27:58] Picture infomations saved to global/en-GB/history/2024/10/04_en-GB.md
[09:27:58] Start geting global Bing Wallpaper, region=it-IT, local time is 2024-10-04 11:27:58.451253+02:00
[09:27:58] Successful get url: https://www.bing.com/th?id=OHR.EuropaMoon_IT-IT5266996752_UHD.jpg
[09:27:58] Picture infomations saved to  global/it-IT/README.md
[09:27:58] Picture infomations saved to global/it-IT/history/2024/10/04_it-IT.md
[09:27:58] Start geting global Bing Wallpaper, region=es-ES, local time is 2024-10-04 11:27:58.546770+02:00
[09:27:58] Successful get url: https://www.bing.com/th?id=OHR.EuropaMoon_ES-ES3412713189_UHD.jpg
[09:27:58] Picture infomations saved to  global/es-ES/README.md
[09:27:58] Picture infomations saved to global/es-ES/history/2024/10/04_es-ES.md
[09:27:58] Start geting global Bing Wallpaper, region=fr-CA, local time is 2024-10-04 05:27:58.664765-04:00
[09:27:58] Successful get url: https://www.bing.com/th?id=OHR.NuitBlanche24_FR-CA0087595387_UHD.jpg
[09:27:58] Picture infomations saved to  global/fr-CA/README.md
[09:27:58] Picture infomations saved to global/fr-CA/history/2024/10/05_fr-CA.md
Program exit at 09:27:58

Program started at 16:15:13
Operating System Name: Linux
Operating System Version: #16~22.04.1-Ubuntu SMP Thu Aug 15 21:31:41 UTC 2024
System Architecture: ('64bit', 'ELF')
Computer Type: x86_64
Computer Name: fv-az698-410
Processor Type: x86_64
Python Version: 3.12.6
Python Interpreter Name: CPython
[16:15:13] Start geting CN Bing Wallpaper
[16:15:13] Successful get url: https://www.bing.com/th?id=OHR.ElephantTeacher_ZH-CN0543308499_UHD.jpg
[16:15:14] Image saved to img/background.jpg
[16:15:14] Info saved to README.md
[16:15:14] Image saved to history/2024/10/05.md
[16:15:14] Start geting global Bing Wallpaper, region=en-US, local time is 2024-10-04 12:15:14.015224-04:00
[16:15:14] Successful get url: https://www.bing.com/th?id=OHR.EuropaMoon_EN-US8269574935_UHD.jpg
[16:15:14] Picture infomations saved to  global/en-US/README.md
[16:15:14] Picture infomations saved to global/en-US/history/2024/10/05_en-US.md
[16:15:14] Start geting global Bing Wallpaper, region=ja-JP, local time is 2024-10-05 01:15:14.148452+09:00
[16:15:14] Successful get url: https://www.bing.com/th?id=OHR.ElephantTeacher_JA-JP4940024317_UHD.jpg
[16:15:14] Picture infomations saved to  global/ja-JP/README.md
[16:15:14] Picture infomations saved to global/ja-JP/history/2024/10/05_ja-JP.md
[16:15:14] Start geting global Bing Wallpaper, region=en-IN, local time is 2024-10-04 21:45:14.246936+05:30
[16:15:14] Successful get url: https://www.bing.com/th?id=OHR.EuropaMoon_EN-IN7952428847_UHD.jpg
[16:15:14] Picture infomations saved to  global/en-IN/README.md
[16:15:14] Picture infomations saved to global/en-IN/history/2024/10/04_en-IN.md
[16:15:14] Start geting global Bing Wallpaper, region=pt-BR, local time is 2024-10-04 13:15:14.355482-03:00
[16:15:14] Successful get url: https://www.bing.com/th?id=OHR.EuropaMoon_PT-BR6260569357_UHD.jpg
[16:15:14] Picture infomations saved to  global/pt-BR/README.md
[16:15:14] Picture infomations saved to global/pt-BR/history/2024/10/05_pt-BR.md
[16:15:14] Start geting global Bing Wallpaper, region=fr-FR, local time is 2024-10-04 18:15:14.459778+02:00
[16:15:14] Successful get url: https://www.bing.com/th?id=OHR.EuropaMoon_FR-FR8860978550_UHD.jpg
[16:15:14] Picture infomations saved to  global/fr-FR/README.md
[16:15:14] Picture infomations saved to global/fr-FR/history/2024/10/04_fr-FR.md
[16:15:14] Start geting global Bing Wallpaper, region=de-DE, local time is 2024-10-04 18:15:14.559387+02:00
[16:15:14] Successful get url: https://www.bing.com/th?id=OHR.EuropaMoon_DE-DE7966877532_UHD.jpg
[16:15:14] Picture infomations saved to  global/de-DE/README.md
[16:15:14] Picture infomations saved to global/de-DE/history/2024/10/04_de-DE.md
[16:15:14] Start geting global Bing Wallpaper, region=en-CA, local time is 2024-10-04 12:15:14.657795-04:00
[16:15:14] Successful get url: https://www.bing.com/th?id=OHR.NuitBlanche24_EN-CA8251507494_UHD.jpg
[16:15:14] Picture infomations saved to  global/en-CA/README.md
[16:15:14] Picture infomations saved to global/en-CA/history/2024/10/05_en-CA.md
[16:15:14] Start geting global Bing Wallpaper, region=en-GB, local time is 2024-10-04 17:15:14.795300+01:00
[16:15:14] Successful get url: https://www.bing.com/th?id=OHR.EuropaMoon_EN-GB4032019865_UHD.jpg
[16:15:14] Picture infomations saved to  global/en-GB/README.md
[16:15:14] Picture infomations saved to global/en-GB/history/2024/10/04_en-GB.md
[16:15:14] Start geting global Bing Wallpaper, region=it-IT, local time is 2024-10-04 18:15:14.903226+02:00
[16:15:14] Successful get url: https://www.bing.com/th?id=OHR.EuropaMoon_IT-IT5266996752_UHD.jpg
[16:15:15] Picture infomations saved to  global/it-IT/README.md
[16:15:15] Picture infomations saved to global/it-IT/history/2024/10/04_it-IT.md
[16:15:15] Start geting global Bing Wallpaper, region=es-ES, local time is 2024-10-04 18:15:15.018522+02:00
[16:15:15] Successful get url: https://www.bing.com/th?id=OHR.EuropaMoon_ES-ES3412713189_UHD.jpg
[16:15:15] Picture infomations saved to  global/es-ES/README.md
[16:15:15] Picture infomations saved to global/es-ES/history/2024/10/04_es-ES.md
[16:15:15] Start geting global Bing Wallpaper, region=fr-CA, local time is 2024-10-04 12:15:15.142047-04:00
[16:15:15] Successful get url: https://www.bing.com/th?id=OHR.NuitBlanche24_FR-CA0087595387_UHD.jpg
[16:15:15] Picture infomations saved to  global/fr-CA/README.md
[16:15:15] Picture infomations saved to global/fr-CA/history/2024/10/05_fr-CA.md
Program exit at 16:15:15
