
Program started at 09:55:06
Operating System Name: Linux
Operating System Version: #10~24.04.1-Ubuntu SMP Fri Mar  6 22:00:57 UTC 2026
System Architecture: ('64bit', 'ELF')
Computer Type: x86_64
Computer Name: runnervm35a4x
Processor Type: x86_64
Python Version: 3.12.13
Python Interpreter Name: CPython
[09:55:06] Start geting CN Bing Wallpaper
[09:55:06] Successful get url: https://www.bing.com/th?id=OHR.PlayaPapagayo_ZH-CN7708804019_UHD.jpg
[09:55:06] Image saved to img/background.jpg
[09:55:06] Info saved to README.md
[09:55:06] Image saved to history/2026/04/11.md
[09:55:06] Start geting global Bing Wallpaper, region=en-US, local time is 2026-04-11 05:55:06.766830-04:00
[09:55:06] Successful get url: https://www.bing.com/th?id=OHR.PlayaPapagayo_EN-US7775494888_UHD.jpg
[09:55:06] Picture infomations saved to  global/en-US/README.md
[09:55:06] Picture infomations saved to global/en-US/history/2026/04/12_en-US.md
[09:55:06] Start geting global Bing Wallpaper, region=ja-JP, local time is 2026-04-11 18:55:06.926711+09:00
[09:55:06] Successful get url: https://www.bing.com/th?id=OHR.PlayaPapagayo_JA-JP3931450183_UHD.jpg
[09:55:07] Picture infomations saved to  global/ja-JP/README.md
[09:55:07] Picture infomations saved to global/ja-JP/history/2026/04/11_ja-JP.md
[09:55:07] Start geting global Bing Wallpaper, region=en-IN, local time is 2026-04-11 15:25:07.032110+05:30
[09:55:07] Successful get url: https://www.bing.com/th?id=OHR.PlayaPapagayo_EN-IN2411013538_UHD.jpg
[09:55:07] Picture infomations saved to  global/en-IN/README.md
[09:55:07] Picture infomations saved to global/en-IN/history/2026/04/11_en-IN.md
[09:55:07] Start geting global Bing Wallpaper, region=pt-BR, local time is 2026-04-11 06:55:07.184194-03:00
[09:55:07] Successful get url: https://www.bing.com/th?id=OHR.PlayaPapagayo_PT-BR5327474455_UHD.jpg
[09:55:07] Picture infomations saved to  global/pt-BR/README.md
[09:55:07] Picture infomations saved to global/pt-BR/history/2026/04/12_pt-BR.md
[09:55:07] Start geting global Bing Wallpaper, region=fr-FR, local time is 2026-04-11 11:55:07.292646+02:00
[09:55:07] Successful get url: https://www.bing.com/th?id=OHR.TrocaderoParisRoubaix_FR-FR8705103593_UHD.jpg
[09:55:07] Picture infomations saved to  global/fr-FR/README.md
[09:55:07] Picture infomations saved to global/fr-FR/history/2026/04/11_fr-FR.md
[09:55:07] Start geting global Bing Wallpaper, region=de-DE, local time is 2026-04-11 11:55:07.426420+02:00
[09:55:07] Successful get url: https://www.bing.com/th?id=OHR.PlayaPapagayo_DE-DE0494036913_UHD.jpg
[09:55:07] Picture infomations saved to  global/de-DE/README.md
[09:55:07] Picture infomations saved to global/de-DE/history/2026/04/11_de-DE.md
[09:55:07] Start geting global Bing Wallpaper, region=en-CA, local time is 2026-04-11 05:55:07.553931-04:00
[09:55:07] Successful get url: https://www.bing.com/th?id=OHR.StanleySakura_EN-CA3455290957_UHD.jpg
[09:55:07] Picture infomations saved to  global/en-CA/README.md
[09:55:07] Picture infomations saved to global/en-CA/history/2026/04/12_en-CA.md
[09:55:07] Start geting global Bing Wallpaper, region=en-GB, local time is 2026-04-11 10:55:07.679195+01:00
[09:55:07] Successful get url: https://www.bing.com/th?id=OHR.PlayaPapagayo_EN-GB7620407286_UHD.jpg
[09:55:07] Picture infomations saved to  global/en-GB/README.md
[09:55:07] Picture infomations saved to global/en-GB/history/2026/04/11_en-GB.md
[09:55:07] Start geting global Bing Wallpaper, region=it-IT, local time is 2026-04-11 11:55:07.814803+02:00
[09:55:07] Successful get url: https://www.bing.com/th?id=OHR.PlayaPapagayo_IT-IT2334533748_UHD.jpg
[09:55:07] Picture infomations saved to  global/it-IT/README.md
[09:55:07] Picture infomations saved to global/it-IT/history/2026/04/11_it-IT.md
[09:55:07] Start geting global Bing Wallpaper, region=es-ES, local time is 2026-04-11 11:55:07.928263+02:00
[09:55:07] Successful get url: https://www.bing.com/th?id=OHR.PlayaPapagayo_ES-ES6446610694_UHD.jpg
[09:55:08] Picture infomations saved to  global/es-ES/README.md
[09:55:08] Picture infomations saved to global/es-ES/history/2026/04/11_es-ES.md
[09:55:08] Start geting global Bing Wallpaper, region=fr-CA, local time is 2026-04-11 05:55:08.036409-04:00
[09:55:08] Successful get url: https://www.bing.com/th?id=OHR.StanleySakura_FR-CA2793920425_UHD.jpg
[09:55:08] Picture infomations saved to  global/fr-CA/README.md
[09:55:08] Picture infomations saved to global/fr-CA/history/2026/04/12_fr-CA.md
Program exit at 09:55:08

Program started at 16:28:34
Operating System Name: Linux
Operating System Version: #10~24.04.1-Ubuntu SMP Fri Mar  6 22:00:57 UTC 2026
System Architecture: ('64bit', 'ELF')
Computer Type: x86_64
Computer Name: runnervm35a4x
Processor Type: x86_64
Python Version: 3.12.13
Python Interpreter Name: CPython
[16:28:34] Start geting CN Bing Wallpaper
[16:28:34] Successful get url: https://www.bing.com/th?id=OHR.SpaceTrails_ZH-CN8377463217_UHD.jpg
[16:28:34] Image saved to img/background.jpg
[16:28:34] Info saved to README.md
[16:28:34] Image saved to history/2026/04/12.md
[16:28:34] Start geting global Bing Wallpaper, region=en-US, local time is 2026-04-11 12:28:34.991044-04:00
[16:28:35] Successful get url: https://www.bing.com/th?id=OHR.PlayaPapagayo_EN-US7775494888_UHD.jpg
[16:28:35] Picture infomations saved to  global/en-US/README.md
[16:28:35] Picture infomations saved to global/en-US/history/2026/04/12_en-US.md
[16:28:35] Start geting global Bing Wallpaper, region=ja-JP, local time is 2026-04-12 01:28:35.433036+09:00
[16:28:35] Successful get url: https://www.bing.com/th?id=OHR.SpaceTrails_JA-JP7486143829_UHD.jpg
[16:28:35] Picture infomations saved to  global/ja-JP/README.md
[16:28:35] Picture infomations saved to global/ja-JP/history/2026/04/12_ja-JP.md
[16:28:35] Start geting global Bing Wallpaper, region=en-IN, local time is 2026-04-11 21:58:35.910219+05:30
[16:28:35] Successful get url: https://www.bing.com/th?id=OHR.PlayaPapagayo_EN-IN2411013538_UHD.jpg
[16:28:36] Picture infomations saved to  global/en-IN/README.md
[16:28:36] Picture infomations saved to global/en-IN/history/2026/04/11_en-IN.md
[16:28:36] Start geting global Bing Wallpaper, region=pt-BR, local time is 2026-04-11 13:28:36.379579-03:00
[16:28:36] Successful get url: https://www.bing.com/th?id=OHR.PlayaPapagayo_PT-BR5327474455_UHD.jpg
[16:28:36] Picture infomations saved to  global/pt-BR/README.md
[16:28:36] Picture infomations saved to global/pt-BR/history/2026/04/12_pt-BR.md
[16:28:36] Start geting global Bing Wallpaper, region=fr-FR, local time is 2026-04-11 18:28:36.833467+02:00
[16:28:36] Successful get url: https://www.bing.com/th?id=OHR.TrocaderoParisRoubaix_FR-FR8705103593_UHD.jpg
[16:28:37] Picture infomations saved to  global/fr-FR/README.md
[16:28:37] Picture infomations saved to global/fr-FR/history/2026/04/11_fr-FR.md
[16:28:37] Start geting global Bing Wallpaper, region=de-DE, local time is 2026-04-11 18:28:37.083836+02:00
[16:28:37] Successful get url: https://www.bing.com/th?id=OHR.PlayaPapagayo_DE-DE0494036913_UHD.jpg
[16:28:37] Picture infomations saved to  global/de-DE/README.md
[16:28:37] Picture infomations saved to global/de-DE/history/2026/04/11_de-DE.md
[16:28:37] Start geting global Bing Wallpaper, region=en-CA, local time is 2026-04-11 12:28:37.390383-04:00
[16:28:37] Successful get url: https://www.bing.com/th?id=OHR.StanleySakura_EN-CA3455290957_UHD.jpg
[16:28:37] Picture infomations saved to  global/en-CA/README.md
[16:28:37] Picture infomations saved to global/en-CA/history/2026/04/12_en-CA.md
[16:28:37] Start geting global Bing Wallpaper, region=en-GB, local time is 2026-04-11 17:28:37.875198+01:00
[16:28:37] Successful get url: https://www.bing.com/th?id=OHR.PlayaPapagayo_EN-GB7620407286_UHD.jpg
[16:28:38] Picture infomations saved to  global/en-GB/README.md
[16:28:38] Picture infomations saved to global/en-GB/history/2026/04/11_en-GB.md
[16:28:38] Start geting global Bing Wallpaper, region=it-IT, local time is 2026-04-11 18:28:38.164038+02:00
[16:28:38] Successful get url: https://www.bing.com/th?id=OHR.PlayaPapagayo_IT-IT2334533748_UHD.jpg
[16:28:38] Picture infomations saved to  global/it-IT/README.md
[16:28:38] Picture infomations saved to global/it-IT/history/2026/04/11_it-IT.md
[16:28:38] Start geting global Bing Wallpaper, region=es-ES, local time is 2026-04-11 18:28:38.586355+02:00
[16:28:38] Successful get url: https://www.bing.com/th?id=OHR.PlayaPapagayo_ES-ES6446610694_UHD.jpg
[16:28:38] Picture infomations saved to  global/es-ES/README.md
[16:28:38] Picture infomations saved to global/es-ES/history/2026/04/11_es-ES.md
[16:28:38] Start geting global Bing Wallpaper, region=fr-CA, local time is 2026-04-11 12:28:38.898764-04:00
[16:28:38] Successful get url: https://www.bing.com/th?id=OHR.StanleySakura_FR-CA2793920425_UHD.jpg
[16:28:39] Picture infomations saved to  global/fr-CA/README.md
[16:28:39] Picture infomations saved to global/fr-CA/history/2026/04/12_fr-CA.md
Program exit at 16:28:39
