
Program started at 10:44:39
Operating System Name: Linux
Operating System Version: #10~24.04.1-Ubuntu SMP Fri Mar  6 22:00:57 UTC 2026
System Architecture: ('64bit', 'ELF')
Computer Type: x86_64
Computer Name: runnervmeorf1
Processor Type: x86_64
Python Version: 3.12.13
Python Interpreter Name: CPython
[10:44:39] Start geting CN Bing Wallpaper
[10:44:39] Successful get url: https://www.bing.com/th?id=OHR.HathawayCottage_ZH-CN5558945636_UHD.jpg
[10:44:39] Image saved to img/background.jpg
[10:44:39] Info saved to README.md
[10:44:39] Image saved to history/2026/04/23.md
[10:44:39] Start geting global Bing Wallpaper, region=en-US, local time is 2026-04-23 06:44:39.839954-04:00
[10:44:39] Successful get url: https://www.bing.com/th?id=OHR.HathawayCottage_EN-US1795877015_UHD.jpg
[10:44:40] Picture infomations saved to  global/en-US/README.md
[10:44:40] Picture infomations saved to global/en-US/history/2026/04/24_en-US.md
[10:44:40] Start geting global Bing Wallpaper, region=ja-JP, local time is 2026-04-23 19:44:40.050182+09:00
[10:44:41] Successful get url: https://www.bing.com/th?id=OHR.HathawayCottage_JA-JP0891184783_UHD.jpg
[10:44:41] Picture infomations saved to  global/ja-JP/README.md
[10:44:41] Picture infomations saved to global/ja-JP/history/2026/04/23_ja-JP.md
[10:44:41] Start geting global Bing Wallpaper, region=en-IN, local time is 2026-04-23 16:14:41.195958+05:30
[10:44:41] Successful get url: https://www.bing.com/th?id=OHR.HathawayCottage_EN-IN1263350288_UHD.jpg
[10:44:41] Picture infomations saved to  global/en-IN/README.md
[10:44:41] Picture infomations saved to global/en-IN/history/2026/04/23_en-IN.md
[10:44:41] Start geting global Bing Wallpaper, region=pt-BR, local time is 2026-04-23 07:44:41.446029-03:00
[10:44:41] Successful get url: https://www.bing.com/th?id=OHR.HathawayCottage_PT-BR3455628548_UHD.jpg
[10:44:41] Picture infomations saved to  global/pt-BR/README.md
[10:44:41] Picture infomations saved to global/pt-BR/history/2026/04/24_pt-BR.md
[10:44:41] Start geting global Bing Wallpaper, region=fr-FR, local time is 2026-04-23 12:44:41.582166+02:00
[10:44:41] Successful get url: https://www.bing.com/th?id=OHR.HathawayCottage_FR-FR2526098713_UHD.jpg
[10:44:41] Picture infomations saved to  global/fr-FR/README.md
[10:44:41] Picture infomations saved to global/fr-FR/history/2026/04/23_fr-FR.md
[10:44:41] Start geting global Bing Wallpaper, region=de-DE, local time is 2026-04-23 12:44:41.729009+02:00
[10:44:41] Successful get url: https://www.bing.com/th?id=OHR.HathawayCottage_DE-DE1846813831_UHD.jpg
[10:44:41] Picture infomations saved to  global/de-DE/README.md
[10:44:41] Picture infomations saved to global/de-DE/history/2026/04/23_de-DE.md
[10:44:41] Start geting global Bing Wallpaper, region=en-CA, local time is 2026-04-23 06:44:41.905889-04:00
[10:44:41] Successful get url: https://www.bing.com/th?id=OHR.HathawayCottage_EN-CA5163724238_UHD.jpg
[10:44:42] Picture infomations saved to  global/en-CA/README.md
[10:44:42] Picture infomations saved to global/en-CA/history/2026/04/24_en-CA.md
[10:44:42] Start geting global Bing Wallpaper, region=en-GB, local time is 2026-04-23 11:44:42.078711+01:00
[10:44:42] Successful get url: https://www.bing.com/th?id=OHR.StGeorgeDay2026_EN-GB4338835487_UHD.jpg
[10:44:42] Picture infomations saved to  global/en-GB/README.md
[10:44:42] Picture infomations saved to global/en-GB/history/2026/04/23_en-GB.md
[10:44:42] Start geting global Bing Wallpaper, region=it-IT, local time is 2026-04-23 12:44:42.190267+02:00
[10:44:42] Successful get url: https://www.bing.com/th?id=OHR.HathawayCottage_IT-IT3206612879_UHD.jpg
[10:44:42] Picture infomations saved to  global/it-IT/README.md
[10:44:42] Picture infomations saved to global/it-IT/history/2026/04/23_it-IT.md
[10:44:42] Start geting global Bing Wallpaper, region=es-ES, local time is 2026-04-23 12:44:42.363554+02:00
[10:44:42] Successful get url: https://www.bing.com/th?id=OHR.SantJordiBook_ES-ES2987257129_UHD.jpg
[10:44:42] Picture infomations saved to  global/es-ES/README.md
[10:44:42] Picture infomations saved to global/es-ES/history/2026/04/23_es-ES.md
[10:44:42] Start geting global Bing Wallpaper, region=fr-CA, local time is 2026-04-23 06:44:42.516612-04:00
[10:44:42] Successful get url: https://www.bing.com/th?id=OHR.HathawayCottage_FR-CA3516650113_UHD.jpg
[10:44:42] Picture infomations saved to  global/fr-CA/README.md
[10:44:42] Picture infomations saved to global/fr-CA/history/2026/04/24_fr-CA.md
Program exit at 10:44:42

Program started at 17:12:25
Operating System Name: Linux
Operating System Version: #11~24.04.2-Ubuntu SMP Wed Mar 25 22:46:36 UTC 2026
System Architecture: ('64bit', 'ELF')
Computer Type: x86_64
Computer Name: runnervm04xxt
Processor Type: x86_64
Python Version: 3.12.13
Python Interpreter Name: CPython
[17:12:25] Start geting CN Bing Wallpaper
[17:12:25] Successful get url: https://www.bing.com/th?id=OHR.SlashPine_ZH-CN5629388290_UHD.jpg
[17:12:25] Image saved to img/background.jpg
[17:12:25] Info saved to README.md
[17:12:25] Image saved to history/2026/04/24.md
[17:12:25] Start geting global Bing Wallpaper, region=en-US, local time is 2026-04-23 13:12:25.743685-04:00
[17:12:25] Successful get url: https://www.bing.com/th?id=OHR.HathawayCottage_EN-US1795877015_UHD.jpg
[17:12:25] Picture infomations saved to  global/en-US/README.md
[17:12:25] Picture infomations saved to global/en-US/history/2026/04/24_en-US.md
[17:12:25] Start geting global Bing Wallpaper, region=ja-JP, local time is 2026-04-24 02:12:25.923969+09:00
[17:12:25] Successful get url: https://www.bing.com/th?id=OHR.SlashPine_JA-JP0980166238_UHD.jpg
[17:12:26] Picture infomations saved to  global/ja-JP/README.md
[17:12:26] Picture infomations saved to global/ja-JP/history/2026/04/24_ja-JP.md
[17:12:26] Start geting global Bing Wallpaper, region=en-IN, local time is 2026-04-23 22:42:26.147171+05:30
[17:12:26] Successful get url: https://www.bing.com/th?id=OHR.HathawayCottage_EN-IN1263350288_UHD.jpg
[17:12:26] Picture infomations saved to  global/en-IN/README.md
[17:12:26] Picture infomations saved to global/en-IN/history/2026/04/23_en-IN.md
[17:12:26] Start geting global Bing Wallpaper, region=pt-BR, local time is 2026-04-23 14:12:26.723117-03:00
[17:12:26] Successful get url: https://www.bing.com/th?id=OHR.HathawayCottage_PT-BR3455628548_UHD.jpg
[17:12:26] Picture infomations saved to  global/pt-BR/README.md
[17:12:26] Picture infomations saved to global/pt-BR/history/2026/04/24_pt-BR.md
[17:12:26] Start geting global Bing Wallpaper, region=fr-FR, local time is 2026-04-23 19:12:26.915771+02:00
[17:12:26] Successful get url: https://www.bing.com/th?id=OHR.HathawayCottage_FR-FR2526098713_UHD.jpg
[17:12:27] Picture infomations saved to  global/fr-FR/README.md
[17:12:27] Picture infomations saved to global/fr-FR/history/2026/04/23_fr-FR.md
[17:12:27] Start geting global Bing Wallpaper, region=de-DE, local time is 2026-04-23 19:12:27.092738+02:00
[17:12:27] Successful get url: https://www.bing.com/th?id=OHR.HathawayCottage_DE-DE1846813831_UHD.jpg
[17:12:27] Picture infomations saved to  global/de-DE/README.md
[17:12:27] Picture infomations saved to global/de-DE/history/2026/04/23_de-DE.md
[17:12:27] Start geting global Bing Wallpaper, region=en-CA, local time is 2026-04-23 13:12:27.286606-04:00
[17:12:27] Successful get url: https://www.bing.com/th?id=OHR.HathawayCottage_EN-CA5163724238_UHD.jpg
[17:12:27] Picture infomations saved to  global/en-CA/README.md
[17:12:27] Picture infomations saved to global/en-CA/history/2026/04/24_en-CA.md
[17:12:27] Start geting global Bing Wallpaper, region=en-GB, local time is 2026-04-23 18:12:27.450924+01:00
[17:12:27] Successful get url: https://www.bing.com/th?id=OHR.StGeorgeDay2026_EN-GB4338835487_UHD.jpg
[17:12:27] Picture infomations saved to  global/en-GB/README.md
[17:12:27] Picture infomations saved to global/en-GB/history/2026/04/23_en-GB.md
[17:12:27] Start geting global Bing Wallpaper, region=it-IT, local time is 2026-04-23 19:12:27.611497+02:00
[17:12:27] Successful get url: https://www.bing.com/th?id=OHR.HathawayCottage_IT-IT3206612879_UHD.jpg
[17:12:28] Picture infomations saved to  global/it-IT/README.md
[17:12:28] Picture infomations saved to global/it-IT/history/2026/04/23_it-IT.md
[17:12:28] Start geting global Bing Wallpaper, region=es-ES, local time is 2026-04-23 19:12:28.036048+02:00
[17:12:28] Successful get url: https://www.bing.com/th?id=OHR.SantJordiBook_ES-ES2987257129_UHD.jpg
[17:12:28] Picture infomations saved to  global/es-ES/README.md
[17:12:28] Picture infomations saved to global/es-ES/history/2026/04/23_es-ES.md
[17:12:28] Start geting global Bing Wallpaper, region=fr-CA, local time is 2026-04-23 13:12:28.240127-04:00
[17:12:28] Successful get url: https://www.bing.com/th?id=OHR.HathawayCottage_FR-CA3516650113_UHD.jpg
[17:12:28] Picture infomations saved to  global/fr-CA/README.md
[17:12:28] Picture infomations saved to global/fr-CA/history/2026/04/24_fr-CA.md
Program exit at 17:12:28
