
Program started at 10:36:49
Operating System Name: Linux
Operating System Version: #10~24.04.1-Ubuntu SMP Fri Mar  6 22:00:57 UTC 2026
System Architecture: ('64bit', 'ELF')
Computer Type: x86_64
Computer Name: runnervm35a4x
Processor Type: x86_64
Python Version: 3.12.13
Python Interpreter Name: CPython
[10:36:49] Start geting CN Bing Wallpaper
[10:36:49] Successful get url: https://www.bing.com/th?id=OHR.VanGoghFields_ZH-CN3495668941_UHD.jpg
[10:36:49] Image saved to img/background.jpg
[10:36:49] Info saved to README.md
[10:36:49] Image saved to history/2026/04/15.md
[10:36:49] Start geting global Bing Wallpaper, region=en-US, local time is 2026-04-15 06:36:49.489464-04:00
[10:36:49] Successful get url: https://www.bing.com/th?id=OHR.VanGoghFields_EN-US8748933044_UHD.jpg
[10:36:49] Picture infomations saved to  global/en-US/README.md
[10:36:49] Picture infomations saved to global/en-US/history/2026/04/16_en-US.md
[10:36:49] Start geting global Bing Wallpaper, region=ja-JP, local time is 2026-04-15 19:36:49.803721+09:00
[10:36:49] Successful get url: https://www.bing.com/th?id=OHR.Shibazakura2026_JA-JP4532713069_UHD.jpg
[10:36:50] Picture infomations saved to  global/ja-JP/README.md
[10:36:50] Picture infomations saved to global/ja-JP/history/2026/04/15_ja-JP.md
[10:36:50] Start geting global Bing Wallpaper, region=en-IN, local time is 2026-04-15 16:06:50.051081+05:30
[10:36:50] Successful get url: https://www.bing.com/th?id=OHR.VanGoghFields_EN-IN6304322280_UHD.jpg
[10:36:50] Picture infomations saved to  global/en-IN/README.md
[10:36:50] Picture infomations saved to global/en-IN/history/2026/04/15_en-IN.md
[10:36:50] Start geting global Bing Wallpaper, region=pt-BR, local time is 2026-04-15 07:36:50.347590-03:00
[10:36:50] Successful get url: https://www.bing.com/th?id=OHR.VanGoghFields_PT-BR8631172419_UHD.jpg
[10:36:50] Picture infomations saved to  global/pt-BR/README.md
[10:36:50] Picture infomations saved to global/pt-BR/history/2026/04/16_pt-BR.md
[10:36:50] Start geting global Bing Wallpaper, region=fr-FR, local time is 2026-04-15 12:36:50.701455+02:00
[10:36:50] Successful get url: https://www.bing.com/th?id=OHR.VanGoghFields_FR-FR6202000817_UHD.jpg
[10:36:51] Picture infomations saved to  global/fr-FR/README.md
[10:36:51] Picture infomations saved to global/fr-FR/history/2026/04/15_fr-FR.md
[10:36:51] Start geting global Bing Wallpaper, region=de-DE, local time is 2026-04-15 12:36:51.113921+02:00
[10:36:51] Successful get url: https://www.bing.com/th?id=OHR.VanGoghFields_DE-DE5579767701_UHD.jpg
[10:36:51] Picture infomations saved to  global/de-DE/README.md
[10:36:51] Picture infomations saved to global/de-DE/history/2026/04/15_de-DE.md
[10:36:51] Start geting global Bing Wallpaper, region=en-CA, local time is 2026-04-15 06:36:51.403528-04:00
[10:36:51] Successful get url: https://www.bing.com/th?id=OHR.VanGoghFields_EN-CA4117156978_UHD.jpg
[10:36:51] Picture infomations saved to  global/en-CA/README.md
[10:36:51] Picture infomations saved to global/en-CA/history/2026/04/16_en-CA.md
[10:36:51] Start geting global Bing Wallpaper, region=en-GB, local time is 2026-04-15 11:36:51.666025+01:00
[10:36:51] Successful get url: https://www.bing.com/th?id=OHR.VanGoghFields_EN-GB8594559434_UHD.jpg
[10:36:51] Picture infomations saved to  global/en-GB/README.md
[10:36:51] Picture infomations saved to global/en-GB/history/2026/04/15_en-GB.md
[10:36:51] Start geting global Bing Wallpaper, region=it-IT, local time is 2026-04-15 12:36:51.921109+02:00
[10:36:52] Successful get url: https://www.bing.com/th?id=OHR.VanGoghFields_IT-IT4420676529_UHD.jpg
[10:36:52] Picture infomations saved to  global/it-IT/README.md
[10:36:52] Picture infomations saved to global/it-IT/history/2026/04/15_it-IT.md
[10:36:52] Start geting global Bing Wallpaper, region=es-ES, local time is 2026-04-15 12:36:52.207996+02:00
[10:36:52] Successful get url: https://www.bing.com/th?id=OHR.VanGoghFields_ES-ES6924277283_UHD.jpg
[10:36:52] Picture infomations saved to  global/es-ES/README.md
[10:36:52] Picture infomations saved to global/es-ES/history/2026/04/15_es-ES.md
[10:36:52] Start geting global Bing Wallpaper, region=fr-CA, local time is 2026-04-15 06:36:52.521626-04:00
[10:36:52] Successful get url: https://www.bing.com/th?id=OHR.VanGoghFields_FR-CA6262463456_UHD.jpg
[10:36:52] Picture infomations saved to  global/fr-CA/README.md
[10:36:52] Picture infomations saved to global/fr-CA/history/2026/04/16_fr-CA.md
Program exit at 10:36:52
