
Program started at 09:58:09
Operating System Name: Linux
Operating System Version: #10~24.04.1-Ubuntu SMP Fri Mar  6 22:00:57 UTC 2026
System Architecture: ('64bit', 'ELF')
Computer Type: x86_64
Computer Name: runnervm35a4x
Processor Type: x86_64
Python Version: 3.12.13
Python Interpreter Name: CPython
[09:58:09] Start geting CN Bing Wallpaper
[09:58:09] Successful get url: https://www.bing.com/th?id=OHR.SpaceTrails_ZH-CN8377463217_UHD.jpg
[09:58:09] Image saved to img/background.jpg
[09:58:09] Info saved to README.md
[09:58:09] Image saved to history/2026/04/12.md
[09:58:09] Start geting global Bing Wallpaper, region=en-US, local time is 2026-04-12 05:58:09.905760-04:00
[09:58:09] Successful get url: https://www.bing.com/th?id=OHR.SpaceTrails_EN-US8009082939_UHD.jpg
[09:58:10] Picture infomations saved to  global/en-US/README.md
[09:58:10] Picture infomations saved to global/en-US/history/2026/04/13_en-US.md
[09:58:10] Start geting global Bing Wallpaper, region=ja-JP, local time is 2026-04-12 18:58:10.080400+09:00
[09:58:10] Successful get url: https://www.bing.com/th?id=OHR.SpaceTrails_JA-JP7486143829_UHD.jpg
[09:58:10] Picture infomations saved to  global/ja-JP/README.md
[09:58:10] Picture infomations saved to global/ja-JP/history/2026/04/12_ja-JP.md
[09:58:10] Start geting global Bing Wallpaper, region=en-IN, local time is 2026-04-12 15:28:10.307353+05:30
[09:58:10] Successful get url: https://www.bing.com/th?id=OHR.SpaceTrails_EN-IN2633640541_UHD.jpg
[09:58:10] Picture infomations saved to  global/en-IN/README.md
[09:58:10] Picture infomations saved to global/en-IN/history/2026/04/12_en-IN.md
[09:58:10] Start geting global Bing Wallpaper, region=pt-BR, local time is 2026-04-12 06:58:10.479098-03:00
[09:58:10] Successful get url: https://www.bing.com/th?id=OHR.SpaceTrails_PT-BR7404949008_UHD.jpg
[09:58:10] Picture infomations saved to  global/pt-BR/README.md
[09:58:10] Picture infomations saved to global/pt-BR/history/2026/04/13_pt-BR.md
[09:58:10] Start geting global Bing Wallpaper, region=fr-FR, local time is 2026-04-12 11:58:10.646405+02:00
[09:58:10] Successful get url: https://www.bing.com/th?id=OHR.SpaceTrails_FR-FR5305463637_UHD.jpg
[09:58:10] Picture infomations saved to  global/fr-FR/README.md
[09:58:10] Picture infomations saved to global/fr-FR/history/2026/04/12_fr-FR.md
[09:58:10] Start geting global Bing Wallpaper, region=de-DE, local time is 2026-04-12 11:58:10.877267+02:00
[09:58:10] Successful get url: https://www.bing.com/th?id=OHR.SpaceTrails_DE-DE4428560014_UHD.jpg
[09:58:11] Picture infomations saved to  global/de-DE/README.md
[09:58:11] Picture infomations saved to global/de-DE/history/2026/04/12_de-DE.md
[09:58:11] Start geting global Bing Wallpaper, region=en-CA, local time is 2026-04-12 05:58:11.060621-04:00
[09:58:11] Successful get url: https://www.bing.com/th?id=OHR.SpaceTrails_EN-CA4327583525_UHD.jpg
[09:58:11] Picture infomations saved to  global/en-CA/README.md
[09:58:11] Picture infomations saved to global/en-CA/history/2026/04/13_en-CA.md
[09:58:11] Start geting global Bing Wallpaper, region=en-GB, local time is 2026-04-12 10:58:11.236708+01:00
[09:58:11] Successful get url: https://www.bing.com/th?id=OHR.SpaceTrails_EN-GB7928814675_UHD.jpg
[09:58:11] Picture infomations saved to  global/en-GB/README.md
[09:58:11] Picture infomations saved to global/en-GB/history/2026/04/12_en-GB.md
[09:58:11] Start geting global Bing Wallpaper, region=it-IT, local time is 2026-04-12 11:58:11.418746+02:00
[09:58:11] Successful get url: https://www.bing.com/th?id=OHR.SpaceTrails_IT-IT2393301171_UHD.jpg
[09:58:11] Picture infomations saved to  global/it-IT/README.md
[09:58:11] Picture infomations saved to global/it-IT/history/2026/04/12_it-IT.md
[09:58:11] Start geting global Bing Wallpaper, region=es-ES, local time is 2026-04-12 11:58:11.616685+02:00
[09:58:11] Successful get url: https://www.bing.com/th?id=OHR.SpaceTrails_ES-ES6596295414_UHD.jpg
[09:58:11] Picture infomations saved to  global/es-ES/README.md
[09:58:11] Picture infomations saved to global/es-ES/history/2026/04/12_es-ES.md
[09:58:11] Start geting global Bing Wallpaper, region=fr-CA, local time is 2026-04-12 05:58:11.796380-04:00
[09:58:11] Successful get url: https://www.bing.com/th?id=OHR.SpaceTrails_FR-CA7836422839_UHD.jpg
[09:58:11] Picture infomations saved to  global/fr-CA/README.md
[09:58:11] Picture infomations saved to global/fr-CA/history/2026/04/13_fr-CA.md
Program exit at 09:58:11

Program started at 16:29:59
Operating System Name: Linux
Operating System Version: #10~24.04.1-Ubuntu SMP Fri Mar  6 22:00:57 UTC 2026
System Architecture: ('64bit', 'ELF')
Computer Type: x86_64
Computer Name: runnervm35a4x
Processor Type: x86_64
Python Version: 3.12.13
Python Interpreter Name: CPython
[16:29:59] Start geting CN Bing Wallpaper
[16:29:59] Successful get url: https://www.bing.com/th?id=OHR.BorregoStars_ZH-CN8915519147_UHD.jpg
[16:29:59] Image saved to img/background.jpg
[16:29:59] Info saved to README.md
[16:29:59] Image saved to history/2026/04/13.md
[16:29:59] Start geting global Bing Wallpaper, region=en-US, local time is 2026-04-12 12:29:59.346914-04:00
[16:29:59] Successful get url: https://www.bing.com/th?id=OHR.SpaceTrails_EN-US8009082939_UHD.jpg
[16:29:59] Picture infomations saved to  global/en-US/README.md
[16:29:59] Picture infomations saved to global/en-US/history/2026/04/13_en-US.md
[16:29:59] Start geting global Bing Wallpaper, region=ja-JP, local time is 2026-04-13 01:29:59.537555+09:00
[16:29:59] Successful get url: https://www.bing.com/th?id=OHR.BorregoStars_JA-JP7872026496_UHD.jpg
[16:29:59] Picture infomations saved to  global/ja-JP/README.md
[16:29:59] Picture infomations saved to global/ja-JP/history/2026/04/13_ja-JP.md
[16:29:59] Start geting global Bing Wallpaper, region=en-IN, local time is 2026-04-12 21:59:59.724005+05:30
[16:29:59] Successful get url: https://www.bing.com/th?id=OHR.SpaceTrails_EN-IN2633640541_UHD.jpg
[16:29:59] Picture infomations saved to  global/en-IN/README.md
[16:29:59] Picture infomations saved to global/en-IN/history/2026/04/12_en-IN.md
[16:29:59] Start geting global Bing Wallpaper, region=pt-BR, local time is 2026-04-12 13:29:59.899835-03:00
[16:29:59] Successful get url: https://www.bing.com/th?id=OHR.SpaceTrails_PT-BR7404949008_UHD.jpg
[16:30:00] Picture infomations saved to  global/pt-BR/README.md
[16:30:00] Picture infomations saved to global/pt-BR/history/2026/04/13_pt-BR.md
[16:30:00] Start geting global Bing Wallpaper, region=fr-FR, local time is 2026-04-12 18:30:00.080623+02:00
[16:30:00] Successful get url: https://www.bing.com/th?id=OHR.SpaceTrails_FR-FR5305463637_UHD.jpg
[16:30:00] Picture infomations saved to  global/fr-FR/README.md
[16:30:00] Picture infomations saved to global/fr-FR/history/2026/04/12_fr-FR.md
[16:30:00] Start geting global Bing Wallpaper, region=de-DE, local time is 2026-04-12 18:30:00.312527+02:00
[16:30:00] Successful get url: https://www.bing.com/th?id=OHR.SpaceTrails_DE-DE4428560014_UHD.jpg
[16:30:00] Picture infomations saved to  global/de-DE/README.md
[16:30:00] Picture infomations saved to global/de-DE/history/2026/04/12_de-DE.md
[16:30:00] Start geting global Bing Wallpaper, region=en-CA, local time is 2026-04-12 12:30:00.490496-04:00
[16:30:00] Successful get url: https://www.bing.com/th?id=OHR.SpaceTrails_EN-CA4327583525_UHD.jpg
[16:30:00] Picture infomations saved to  global/en-CA/README.md
[16:30:00] Picture infomations saved to global/en-CA/history/2026/04/13_en-CA.md
[16:30:00] Start geting global Bing Wallpaper, region=en-GB, local time is 2026-04-12 17:30:00.653866+01:00
[16:30:00] Successful get url: https://www.bing.com/th?id=OHR.SpaceTrails_EN-GB7928814675_UHD.jpg
[16:30:00] Picture infomations saved to  global/en-GB/README.md
[16:30:00] Picture infomations saved to global/en-GB/history/2026/04/12_en-GB.md
[16:30:00] Start geting global Bing Wallpaper, region=it-IT, local time is 2026-04-12 18:30:00.850476+02:00
[16:30:00] Successful get url: https://www.bing.com/th?id=OHR.SpaceTrails_IT-IT2393301171_UHD.jpg
[16:30:01] Picture infomations saved to  global/it-IT/README.md
[16:30:01] Picture infomations saved to global/it-IT/history/2026/04/12_it-IT.md
[16:30:01] Start geting global Bing Wallpaper, region=es-ES, local time is 2026-04-12 18:30:01.057200+02:00
[16:30:01] Successful get url: https://www.bing.com/th?id=OHR.SpaceTrails_ES-ES6596295414_UHD.jpg
[16:30:01] Picture infomations saved to  global/es-ES/README.md
[16:30:01] Picture infomations saved to global/es-ES/history/2026/04/12_es-ES.md
[16:30:01] Start geting global Bing Wallpaper, region=fr-CA, local time is 2026-04-12 12:30:01.234071-04:00
[16:30:01] Successful get url: https://www.bing.com/th?id=OHR.SpaceTrails_FR-CA7836422839_UHD.jpg
[16:30:01] Picture infomations saved to  global/fr-CA/README.md
[16:30:01] Picture infomations saved to global/fr-CA/history/2026/04/13_fr-CA.md
Program exit at 16:30:01
