
Program started at 11:03:54
Operating System Name: Linux
Operating System Version: #10~24.04.1-Ubuntu SMP Fri Mar  6 22:00:57 UTC 2026
System Architecture: ('64bit', 'ELF')
Computer Type: x86_64
Computer Name: runnervmeorf1
Processor Type: x86_64
Python Version: 3.12.13
Python Interpreter Name: CPython
[11:03:54] Start geting CN Bing Wallpaper
[11:03:54] Successful get url: https://www.bing.com/th?id=OHR.DutchTulips_ZH-CN6394892537_UHD.jpg
[11:03:54] Image saved to img/background.jpg
[11:03:54] Info saved to README.md
[11:03:54] Image saved to history/2026/04/30.md
[11:03:54] Start geting global Bing Wallpaper, region=en-US, local time is 2026-04-30 07:03:54.282443-04:00
[11:03:54] Successful get url: https://www.bing.com/th?id=OHR.DutchTulips_EN-US2575617067_UHD.jpg
[11:03:54] Picture infomations saved to  global/en-US/README.md
[11:03:54] Picture infomations saved to global/en-US/history/2026/05/01_en-US.md
[11:03:54] Start geting global Bing Wallpaper, region=ja-JP, local time is 2026-04-30 20:03:54.403433+09:00
[11:03:54] Successful get url: https://www.bing.com/th?id=OHR.DutchTulips_JA-JP3809671349_UHD.jpg
[11:03:54] Picture infomations saved to  global/ja-JP/README.md
[11:03:54] Picture infomations saved to global/ja-JP/history/2026/04/30_ja-JP.md
[11:03:54] Start geting global Bing Wallpaper, region=en-IN, local time is 2026-04-30 16:33:54.566530+05:30
[11:03:54] Successful get url: https://www.bing.com/th?id=OHR.DutchTulips_EN-IN3094932538_UHD.jpg
[11:03:54] Picture infomations saved to  global/en-IN/README.md
[11:03:54] Picture infomations saved to global/en-IN/history/2026/04/30_en-IN.md
[11:03:54] Start geting global Bing Wallpaper, region=pt-BR, local time is 2026-04-30 08:03:54.695159-03:00
[11:03:54] Successful get url: https://www.bing.com/th?id=OHR.DutchTulips_PT-BR9358504949_UHD.jpg
[11:03:54] Picture infomations saved to  global/pt-BR/README.md
[11:03:54] Picture infomations saved to global/pt-BR/history/2026/05/01_pt-BR.md
[11:03:54] Start geting global Bing Wallpaper, region=fr-FR, local time is 2026-04-30 13:03:54.824226+02:00
[11:03:54] Successful get url: https://www.bing.com/th?id=OHR.DutchTulips_FR-FR7047413722_UHD.jpg
[11:03:54] Picture infomations saved to  global/fr-FR/README.md
[11:03:54] Picture infomations saved to global/fr-FR/history/2026/04/30_fr-FR.md
[11:03:54] Start geting global Bing Wallpaper, region=de-DE, local time is 2026-04-30 13:03:54.961431+02:00
[11:03:55] Successful get url: https://www.bing.com/th?id=OHR.DutchTulips_DE-DE6573946518_UHD.jpg
[11:03:55] Picture infomations saved to  global/de-DE/README.md
[11:03:55] Picture infomations saved to global/de-DE/history/2026/04/30_de-DE.md
[11:03:55] Start geting global Bing Wallpaper, region=en-CA, local time is 2026-04-30 07:03:55.165579-04:00
[11:03:55] Successful get url: https://www.bing.com/th?id=OHR.DutchTulips_EN-CA7547956552_UHD.jpg
[11:03:55] Picture infomations saved to  global/en-CA/README.md
[11:03:55] Picture infomations saved to global/en-CA/history/2026/05/01_en-CA.md
[11:03:55] Start geting global Bing Wallpaper, region=en-GB, local time is 2026-04-30 12:03:55.286170+01:00
[11:03:55] Successful get url: https://www.bing.com/th?id=OHR.DutchTulips_EN-GB7175502570_UHD.jpg
[11:03:55] Picture infomations saved to  global/en-GB/README.md
[11:03:55] Picture infomations saved to global/en-GB/history/2026/04/30_en-GB.md
[11:03:55] Start geting global Bing Wallpaper, region=it-IT, local time is 2026-04-30 13:03:55.409236+02:00
[11:03:55] Successful get url: https://www.bing.com/th?id=OHR.DutchTulips_IT-IT3654570550_UHD.jpg
[11:03:55] Picture infomations saved to  global/it-IT/README.md
[11:03:55] Picture infomations saved to global/it-IT/history/2026/04/30_it-IT.md
[11:03:55] Start geting global Bing Wallpaper, region=es-ES, local time is 2026-04-30 13:03:55.536070+02:00
[11:03:55] Successful get url: https://www.bing.com/th?id=OHR.DutchTulips_ES-ES1084356423_UHD.jpg
[11:03:55] Picture infomations saved to  global/es-ES/README.md
[11:03:55] Picture infomations saved to global/es-ES/history/2026/04/30_es-ES.md
[11:03:55] Start geting global Bing Wallpaper, region=fr-CA, local time is 2026-04-30 07:03:55.711939-04:00
[11:03:55] Successful get url: https://www.bing.com/th?id=OHR.DutchTulips_FR-CA7221211969_UHD.jpg
[11:03:55] Picture infomations saved to  global/fr-CA/README.md
[11:03:55] Picture infomations saved to global/fr-CA/history/2026/05/01_fr-CA.md
Program exit at 11:03:55
