
Program started at 10:39:11
Operating System Name: Linux
Operating System Version: #10~24.04.1-Ubuntu SMP Fri Mar  6 22:00:57 UTC 2026
System Architecture: ('64bit', 'ELF')
Computer Type: x86_64
Computer Name: runnervm35a4x
Processor Type: x86_64
Python Version: 3.12.13
Python Interpreter Name: CPython
[10:39:11] Start geting CN Bing Wallpaper
[10:39:11] Successful get url: https://www.bing.com/th?id=OHR.OcellarisClownfish_ZH-CN9362948727_UHD.jpg
[10:39:11] Image saved to img/background.jpg
[10:39:11] Info saved to README.md
[10:39:11] Image saved to history/2026/04/14.md
[10:39:11] Start geting global Bing Wallpaper, region=en-US, local time is 2026-04-14 06:39:11.884849-04:00
[10:39:11] Successful get url: https://www.bing.com/th?id=OHR.OcellarisClownfish_EN-US8509728179_UHD.jpg
[10:39:12] Picture infomations saved to  global/en-US/README.md
[10:39:12] Picture infomations saved to global/en-US/history/2026/04/15_en-US.md
[10:39:12] Start geting global Bing Wallpaper, region=ja-JP, local time is 2026-04-14 19:39:12.489258+09:00
[10:39:12] Successful get url: https://www.bing.com/th?id=OHR.OcellarisClownfish_JA-JP4425106127_UHD.jpg
[10:39:12] Picture infomations saved to  global/ja-JP/README.md
[10:39:12] Picture infomations saved to global/ja-JP/history/2026/04/14_ja-JP.md
[10:39:12] Start geting global Bing Wallpaper, region=en-IN, local time is 2026-04-14 16:09:12.984465+05:30
[10:39:13] Successful get url: https://www.bing.com/th?id=OHR.AmbedkarJayanti2026_EN-IN3641683791_UHD.jpg
[10:39:13] Picture infomations saved to  global/en-IN/README.md
[10:39:13] Picture infomations saved to global/en-IN/history/2026/04/14_en-IN.md
[10:39:13] Start geting global Bing Wallpaper, region=pt-BR, local time is 2026-04-14 07:39:13.411099-03:00
[10:39:13] Successful get url: https://www.bing.com/th?id=OHR.OcellarisClownfish_PT-BR6919356359_UHD.jpg
[10:39:13] Picture infomations saved to  global/pt-BR/README.md
[10:39:13] Picture infomations saved to global/pt-BR/history/2026/04/15_pt-BR.md
[10:39:13] Start geting global Bing Wallpaper, region=fr-FR, local time is 2026-04-14 12:39:13.869287+02:00
[10:39:13] Successful get url: https://www.bing.com/th?id=OHR.OcellarisClownfish_FR-FR5954512656_UHD.jpg
[10:39:14] Picture infomations saved to  global/fr-FR/README.md
[10:39:14] Picture infomations saved to global/fr-FR/history/2026/04/14_fr-FR.md
[10:39:14] Start geting global Bing Wallpaper, region=de-DE, local time is 2026-04-14 12:39:14.292108+02:00
[10:39:14] Successful get url: https://www.bing.com/th?id=OHR.OcellarisClownfish_DE-DE4824723739_UHD.jpg
[10:39:14] Picture infomations saved to  global/de-DE/README.md
[10:39:14] Picture infomations saved to global/de-DE/history/2026/04/14_de-DE.md
[10:39:14] Start geting global Bing Wallpaper, region=en-CA, local time is 2026-04-14 06:39:14.589204-04:00
[10:39:14] Successful get url: https://www.bing.com/th?id=OHR.OcellarisClownfish_EN-CA5297847752_UHD.jpg
[10:39:14] Picture infomations saved to  global/en-CA/README.md
[10:39:14] Picture infomations saved to global/en-CA/history/2026/04/15_en-CA.md
[10:39:14] Start geting global Bing Wallpaper, region=en-GB, local time is 2026-04-14 11:39:15.000751+01:00
[10:39:15] Successful get url: https://www.bing.com/th?id=OHR.OcellarisClownfish_EN-GB8330340192_UHD.jpg
[10:39:15] Picture infomations saved to  global/en-GB/README.md
[10:39:15] Picture infomations saved to global/en-GB/history/2026/04/14_en-GB.md
[10:39:15] Start geting global Bing Wallpaper, region=it-IT, local time is 2026-04-14 12:39:15.483900+02:00
[10:39:15] Successful get url: https://www.bing.com/th?id=OHR.OcellarisClownfish_IT-IT2484458415_UHD.jpg
[10:39:15] Picture infomations saved to  global/it-IT/README.md
[10:39:15] Picture infomations saved to global/it-IT/history/2026/04/14_it-IT.md
[10:39:15] Start geting global Bing Wallpaper, region=es-ES, local time is 2026-04-14 12:39:15.907470+02:00
[10:39:15] Successful get url: https://www.bing.com/th?id=OHR.OcellarisClownfish_ES-ES6754950938_UHD.jpg
[10:39:16] Picture infomations saved to  global/es-ES/README.md
[10:39:16] Picture infomations saved to global/es-ES/history/2026/04/14_es-ES.md
[10:39:16] Start geting global Bing Wallpaper, region=fr-CA, local time is 2026-04-14 06:39:16.365659-04:00
[10:39:16] Successful get url: https://www.bing.com/th?id=OHR.OcellarisClownfish_FR-CA1982457017_UHD.jpg
[10:39:16] Picture infomations saved to  global/fr-CA/README.md
[10:39:16] Picture infomations saved to global/fr-CA/history/2026/04/15_fr-CA.md
Program exit at 10:39:16
