
Program started at 09:59:21
Operating System Name: Linux
Operating System Version: #10~24.04.1-Ubuntu SMP Fri Mar  6 22:00:57 UTC 2026
System Architecture: ('64bit', 'ELF')
Computer Type: x86_64
Computer Name: runnervmeorf1
Processor Type: x86_64
Python Version: 3.12.13
Python Interpreter Name: CPython
[09:59:21] Start geting CN Bing Wallpaper
[09:59:21] Successful get url: https://www.bing.com/th?id=OHR.MaoiStatues_ZH-CN3219447748_UHD.jpg
[09:59:21] Image saved to img/background.jpg
[09:59:21] Info saved to README.md
[09:59:21] Image saved to history/2026/04/18.md
[09:59:21] Start geting global Bing Wallpaper, region=en-US, local time is 2026-04-18 05:59:21.636448-04:00
[09:59:21] Successful get url: https://www.bing.com/th?id=OHR.MaoiStatues_EN-US0752877903_UHD.jpg
[09:59:21] Picture infomations saved to  global/en-US/README.md
[09:59:21] Picture infomations saved to global/en-US/history/2026/04/19_en-US.md
[09:59:21] Start geting global Bing Wallpaper, region=ja-JP, local time is 2026-04-18 18:59:21.806362+09:00
[09:59:21] Successful get url: https://www.bing.com/th?id=OHR.MaoiStatues_JA-JP0155278246_UHD.jpg
[09:59:21] Picture infomations saved to  global/ja-JP/README.md
[09:59:21] Picture infomations saved to global/ja-JP/history/2026/04/18_ja-JP.md
[09:59:21] Start geting global Bing Wallpaper, region=en-IN, local time is 2026-04-18 15:29:21.965497+05:30
[09:59:22] Successful get url: https://www.bing.com/th?id=OHR.MaoiStatues_EN-IN8684829616_UHD.jpg
[09:59:22] Picture infomations saved to  global/en-IN/README.md
[09:59:22] Picture infomations saved to global/en-IN/history/2026/04/18_en-IN.md
[09:59:22] Start geting global Bing Wallpaper, region=pt-BR, local time is 2026-04-18 06:59:22.143149-03:00
[09:59:22] Successful get url: https://www.bing.com/th?id=OHR.MaoiStatues_PT-BR8807635419_UHD.jpg
[09:59:22] Picture infomations saved to  global/pt-BR/README.md
[09:59:22] Picture infomations saved to global/pt-BR/history/2026/04/19_pt-BR.md
[09:59:22] Start geting global Bing Wallpaper, region=fr-FR, local time is 2026-04-18 11:59:22.324139+02:00
[09:59:22] Successful get url: https://www.bing.com/th?id=OHR.MillauViaductFrance_FR-FR3718442345_UHD.jpg
[09:59:22] Picture infomations saved to  global/fr-FR/README.md
[09:59:22] Picture infomations saved to global/fr-FR/history/2026/04/18_fr-FR.md
[09:59:22] Start geting global Bing Wallpaper, region=de-DE, local time is 2026-04-18 11:59:22.456058+02:00
[09:59:22] Successful get url: https://www.bing.com/th?id=OHR.CathedralCologne_DE-DE0399722778_UHD.jpg
[09:59:22] Picture infomations saved to  global/de-DE/README.md
[09:59:22] Picture infomations saved to global/de-DE/history/2026/04/18_de-DE.md
[09:59:22] Start geting global Bing Wallpaper, region=en-CA, local time is 2026-04-18 05:59:22.572306-04:00
[09:59:22] Successful get url: https://www.bing.com/th?id=OHR.MaoiStatues_EN-CA3351921457_UHD.jpg
[09:59:22] Picture infomations saved to  global/en-CA/README.md
[09:59:22] Picture infomations saved to global/en-CA/history/2026/04/19_en-CA.md
[09:59:22] Start geting global Bing Wallpaper, region=en-GB, local time is 2026-04-18 10:59:22.689520+01:00
[09:59:22] Successful get url: https://www.bing.com/th?id=OHR.MaoiStatues_EN-GB2286908744_UHD.jpg
[09:59:22] Picture infomations saved to  global/en-GB/README.md
[09:59:22] Picture infomations saved to global/en-GB/history/2026/04/18_en-GB.md
[09:59:22] Start geting global Bing Wallpaper, region=it-IT, local time is 2026-04-18 11:59:22.800261+02:00
[09:59:22] Successful get url: https://www.bing.com/th?id=OHR.MaoiStatues_IT-IT3537431977_UHD.jpg
[09:59:22] Picture infomations saved to  global/it-IT/README.md
[09:59:22] Picture infomations saved to global/it-IT/history/2026/04/18_it-IT.md
[09:59:22] Start geting global Bing Wallpaper, region=es-ES, local time is 2026-04-18 11:59:22.908178+02:00
[09:59:22] Successful get url: https://www.bing.com/th?id=OHR.MaoiStatues_ES-ES1501322349_UHD.jpg
[09:59:23] Picture infomations saved to  global/es-ES/README.md
[09:59:23] Picture infomations saved to global/es-ES/history/2026/04/18_es-ES.md
[09:59:23] Start geting global Bing Wallpaper, region=fr-CA, local time is 2026-04-18 05:59:23.017908-04:00
[09:59:23] Successful get url: https://www.bing.com/th?id=OHR.MaoiStatues_FR-CA1347038100_UHD.jpg
[09:59:23] Picture infomations saved to  global/fr-CA/README.md
[09:59:23] Picture infomations saved to global/fr-CA/history/2026/04/19_fr-CA.md
Program exit at 09:59:23

Program started at 16:31:44
Operating System Name: Linux
Operating System Version: #10~24.04.1-Ubuntu SMP Fri Mar  6 22:00:57 UTC 2026
System Architecture: ('64bit', 'ELF')
Computer Type: x86_64
Computer Name: runnervmeorf1
Processor Type: x86_64
Python Version: 3.12.13
Python Interpreter Name: CPython
[16:31:44] Start geting CN Bing Wallpaper
[16:31:44] Successful get url: https://www.bing.com/th?id=OHR.TranBA_ZH-CN3467060262_UHD.jpg
[16:31:44] Image saved to img/background.jpg
[16:31:44] Info saved to README.md
[16:31:44] Image saved to history/2026/04/19.md
[16:31:44] Start geting global Bing Wallpaper, region=en-US, local time is 2026-04-18 12:31:44.869514-04:00
[16:31:44] Successful get url: https://www.bing.com/th?id=OHR.MaoiStatues_EN-US0752877903_UHD.jpg
[16:31:45] Picture infomations saved to  global/en-US/README.md
[16:31:45] Picture infomations saved to global/en-US/history/2026/04/19_en-US.md
[16:31:45] Start geting global Bing Wallpaper, region=ja-JP, local time is 2026-04-19 01:31:45.234327+09:00
[16:31:45] Successful get url: https://www.bing.com/th?id=OHR.BelemTowerBank_JA-JP0304685153_UHD.jpg
[16:31:45] Picture infomations saved to  global/ja-JP/README.md
[16:31:45] Picture infomations saved to global/ja-JP/history/2026/04/19_ja-JP.md
[16:31:45] Start geting global Bing Wallpaper, region=en-IN, local time is 2026-04-18 22:01:45.652958+05:30
[16:31:45] Successful get url: https://www.bing.com/th?id=OHR.MaoiStatues_EN-IN8684829616_UHD.jpg
[16:31:45] Picture infomations saved to  global/en-IN/README.md
[16:31:45] Picture infomations saved to global/en-IN/history/2026/04/18_en-IN.md
[16:31:45] Start geting global Bing Wallpaper, region=pt-BR, local time is 2026-04-18 13:31:45.988127-03:00
[16:31:46] Successful get url: https://www.bing.com/th?id=OHR.MaoiStatues_PT-BR8807635419_UHD.jpg
[16:31:46] Picture infomations saved to  global/pt-BR/README.md
[16:31:46] Picture infomations saved to global/pt-BR/history/2026/04/19_pt-BR.md
[16:31:46] Start geting global Bing Wallpaper, region=fr-FR, local time is 2026-04-18 18:31:46.378897+02:00
[16:31:46] Successful get url: https://www.bing.com/th?id=OHR.MillauViaductFrance_FR-FR3718442345_UHD.jpg
[16:31:46] Picture infomations saved to  global/fr-FR/README.md
[16:31:46] Picture infomations saved to global/fr-FR/history/2026/04/18_fr-FR.md
[16:31:46] Start geting global Bing Wallpaper, region=de-DE, local time is 2026-04-18 18:31:46.743418+02:00
[16:31:46] Successful get url: https://www.bing.com/th?id=OHR.CathedralCologne_DE-DE0399722778_UHD.jpg
[16:31:47] Picture infomations saved to  global/de-DE/README.md
[16:31:47] Picture infomations saved to global/de-DE/history/2026/04/18_de-DE.md
[16:31:47] Start geting global Bing Wallpaper, region=en-CA, local time is 2026-04-18 12:31:47.094211-04:00
[16:31:47] Successful get url: https://www.bing.com/th?id=OHR.MaoiStatues_EN-CA3351921457_UHD.jpg
[16:31:47] Picture infomations saved to  global/en-CA/README.md
[16:31:47] Picture infomations saved to global/en-CA/history/2026/04/19_en-CA.md
[16:31:47] Start geting global Bing Wallpaper, region=en-GB, local time is 2026-04-18 17:31:47.424131+01:00
[16:31:47] Successful get url: https://www.bing.com/th?id=OHR.MaoiStatues_EN-GB2286908744_UHD.jpg
[16:31:47] Picture infomations saved to  global/en-GB/README.md
[16:31:47] Picture infomations saved to global/en-GB/history/2026/04/18_en-GB.md
[16:31:47] Start geting global Bing Wallpaper, region=it-IT, local time is 2026-04-18 18:31:47.760909+02:00
[16:31:47] Successful get url: https://www.bing.com/th?id=OHR.MaoiStatues_IT-IT3537431977_UHD.jpg
[16:31:48] Picture infomations saved to  global/it-IT/README.md
[16:31:48] Picture infomations saved to global/it-IT/history/2026/04/18_it-IT.md
[16:31:48] Start geting global Bing Wallpaper, region=es-ES, local time is 2026-04-18 18:31:48.113384+02:00
[16:31:48] Successful get url: https://www.bing.com/th?id=OHR.MaoiStatues_ES-ES1501322349_UHD.jpg
[16:31:48] Picture infomations saved to  global/es-ES/README.md
[16:31:48] Picture infomations saved to global/es-ES/history/2026/04/18_es-ES.md
[16:31:48] Start geting global Bing Wallpaper, region=fr-CA, local time is 2026-04-18 12:31:48.536085-04:00
[16:31:48] Successful get url: https://www.bing.com/th?id=OHR.MaoiStatues_FR-CA1347038100_UHD.jpg
[16:31:48] Picture infomations saved to  global/fr-CA/README.md
[16:31:48] Picture infomations saved to global/fr-CA/history/2026/04/19_fr-CA.md
Program exit at 16:31:48
