
Program started at 10:54:05
Operating System Name: Linux
Operating System Version: #10~24.04.1-Ubuntu SMP Fri Mar  6 22:00:57 UTC 2026
System Architecture: ('64bit', 'ELF')
Computer Type: x86_64
Computer Name: runnervm35a4x
Processor Type: x86_64
Python Version: 3.12.13
Python Interpreter Name: CPython
[10:54:05] Start geting CN Bing Wallpaper
[10:54:05] Successful get url: https://www.bing.com/th?id=OHR.BorregoStars_ZH-CN8915519147_UHD.jpg
[10:54:06] Image saved to img/background.jpg
[10:54:06] Info saved to README.md
[10:54:06] Image saved to history/2026/04/13.md
[10:54:06] Start geting global Bing Wallpaper, region=en-US, local time is 2026-04-13 06:54:06.148777-04:00
[10:54:06] Successful get url: https://www.bing.com/th?id=OHR.BorregoStars_EN-US8252825773_UHD.jpg
[10:54:06] Picture infomations saved to  global/en-US/README.md
[10:54:06] Picture infomations saved to global/en-US/history/2026/04/14_en-US.md
[10:54:06] Start geting global Bing Wallpaper, region=ja-JP, local time is 2026-04-13 19:54:06.282460+09:00
[10:54:06] Successful get url: https://www.bing.com/th?id=OHR.BorregoStars_JA-JP7872026496_UHD.jpg
[10:54:06] Picture infomations saved to  global/ja-JP/README.md
[10:54:06] Picture infomations saved to global/ja-JP/history/2026/04/13_ja-JP.md
[10:54:06] Start geting global Bing Wallpaper, region=en-IN, local time is 2026-04-13 16:24:06.460609+05:30
[10:54:06] Successful get url: https://www.bing.com/th?id=OHR.BorregoStars_EN-IN2846815950_UHD.jpg
[10:54:06] Picture infomations saved to  global/en-IN/README.md
[10:54:06] Picture infomations saved to global/en-IN/history/2026/04/13_en-IN.md
[10:54:06] Start geting global Bing Wallpaper, region=pt-BR, local time is 2026-04-13 07:54:06.580144-03:00
[10:54:06] Successful get url: https://www.bing.com/th?id=OHR.BorregoStars_PT-BR7203223722_UHD.jpg
[10:54:06] Picture infomations saved to  global/pt-BR/README.md
[10:54:06] Picture infomations saved to global/pt-BR/history/2026/04/14_pt-BR.md
[10:54:06] Start geting global Bing Wallpaper, region=fr-FR, local time is 2026-04-13 12:54:06.699884+02:00
[10:54:06] Successful get url: https://www.bing.com/th?id=OHR.BorregoStars_FR-FR4220178429_UHD.jpg
[10:54:06] Picture infomations saved to  global/fr-FR/README.md
[10:54:06] Picture infomations saved to global/fr-FR/history/2026/04/13_fr-FR.md
[10:54:06] Start geting global Bing Wallpaper, region=de-DE, local time is 2026-04-13 12:54:06.835683+02:00
[10:54:06] Successful get url: https://www.bing.com/th?id=OHR.ChiffchaffSpring_DE-DE4997065919_UHD.jpg
[10:54:06] Picture infomations saved to  global/de-DE/README.md
[10:54:06] Picture infomations saved to global/de-DE/history/2026/04/13_de-DE.md
[10:54:06] Start geting global Bing Wallpaper, region=en-CA, local time is 2026-04-13 06:54:06.967246-04:00
[10:54:07] Successful get url: https://www.bing.com/th?id=OHR.BorregoStars_EN-CA4735972360_UHD.jpg
[10:54:07] Picture infomations saved to  global/en-CA/README.md
[10:54:07] Picture infomations saved to global/en-CA/history/2026/04/14_en-CA.md
[10:54:07] Start geting global Bing Wallpaper, region=en-GB, local time is 2026-04-13 11:54:07.120521+01:00
[10:54:07] Successful get url: https://www.bing.com/th?id=OHR.BorregoStars_EN-GB8139506405_UHD.jpg
[10:54:07] Picture infomations saved to  global/en-GB/README.md
[10:54:07] Picture infomations saved to global/en-GB/history/2026/04/13_en-GB.md
[10:54:07] Start geting global Bing Wallpaper, region=it-IT, local time is 2026-04-13 12:54:07.292342+02:00
[10:54:07] Successful get url: https://www.bing.com/th?id=OHR.BorregoStars_IT-IT3311374255_UHD.jpg
[10:54:07] Picture infomations saved to  global/it-IT/README.md
[10:54:07] Picture infomations saved to global/it-IT/history/2026/04/13_it-IT.md
[10:54:07] Start geting global Bing Wallpaper, region=es-ES, local time is 2026-04-13 12:54:07.559744+02:00
[10:54:07] Successful get url: https://www.bing.com/th?id=OHR.TeruelSpain_ES-ES8314942173_UHD.jpg
[10:54:07] Picture infomations saved to  global/es-ES/README.md
[10:54:07] Picture infomations saved to global/es-ES/history/2026/04/13_es-ES.md
[10:54:07] Start geting global Bing Wallpaper, region=fr-CA, local time is 2026-04-13 06:54:07.675795-04:00
[10:54:07] Successful get url: https://www.bing.com/th?id=OHR.BorregoStars_FR-CA4546952201_UHD.jpg
[10:54:07] Picture infomations saved to  global/fr-CA/README.md
[10:54:07] Picture infomations saved to global/fr-CA/history/2026/04/14_fr-CA.md
Program exit at 10:54:07
