
Program started at 10:40:48
Operating System Name: Linux
Operating System Version: #10~24.04.1-Ubuntu SMP Fri Mar  6 22:00:57 UTC 2026
System Architecture: ('64bit', 'ELF')
Computer Type: x86_64
Computer Name: runnervmeorf1
Processor Type: x86_64
Python Version: 3.12.13
Python Interpreter Name: CPython
[10:40:48] Start geting CN Bing Wallpaper
[10:40:48] Successful get url: https://www.bing.com/th?id=OHR.TartuEstonia_ZH-CN5477370206_UHD.jpg
[10:40:48] Image saved to img/background.jpg
[10:40:48] Info saved to README.md
[10:40:48] Image saved to history/2026/04/22.md
[10:40:48] Start geting global Bing Wallpaper, region=en-US, local time is 2026-04-22 06:40:48.633888-04:00
[10:40:48] Successful get url: https://www.bing.com/th?id=OHR.TartuEstonia_EN-US1627168155_UHD.jpg
[10:40:48] Picture infomations saved to  global/en-US/README.md
[10:40:48] Picture infomations saved to global/en-US/history/2026/04/23_en-US.md
[10:40:48] Start geting global Bing Wallpaper, region=ja-JP, local time is 2026-04-22 19:40:48.866715+09:00
[10:40:48] Successful get url: https://www.bing.com/th?id=OHR.TartuEstonia_JA-JP0849293902_UHD.jpg
[10:40:49] Picture infomations saved to  global/ja-JP/README.md
[10:40:49] Picture infomations saved to global/ja-JP/history/2026/04/22_ja-JP.md
[10:40:49] Start geting global Bing Wallpaper, region=en-IN, local time is 2026-04-22 16:10:49.106729+05:30
[10:40:49] Successful get url: https://www.bing.com/th?id=OHR.TartuEstonia_EN-IN0962469731_UHD.jpg
[10:40:49] Picture infomations saved to  global/en-IN/README.md
[10:40:49] Picture infomations saved to global/en-IN/history/2026/04/22_en-IN.md
[10:40:49] Start geting global Bing Wallpaper, region=pt-BR, local time is 2026-04-22 07:40:49.288722-03:00
[10:40:49] Successful get url: https://www.bing.com/th?id=OHR.TartuEstonia_PT-BR2801749923_UHD.jpg
[10:40:49] Picture infomations saved to  global/pt-BR/README.md
[10:40:49] Picture infomations saved to global/pt-BR/history/2026/04/23_pt-BR.md
[10:40:49] Start geting global Bing Wallpaper, region=fr-FR, local time is 2026-04-22 12:40:49.487694+02:00
[10:40:49] Successful get url: https://www.bing.com/th?id=OHR.TartuEstonia_FR-FR1798225339_UHD.jpg
[10:40:49] Picture infomations saved to  global/fr-FR/README.md
[10:40:49] Picture infomations saved to global/fr-FR/history/2026/04/22_fr-FR.md
[10:40:49] Start geting global Bing Wallpaper, region=de-DE, local time is 2026-04-22 12:40:49.672963+02:00
[10:40:49] Successful get url: https://www.bing.com/th?id=OHR.TartuEstonia_DE-DE1682620724_UHD.jpg
[10:40:49] Picture infomations saved to  global/de-DE/README.md
[10:40:49] Picture infomations saved to global/de-DE/history/2026/04/22_de-DE.md
[10:40:49] Start geting global Bing Wallpaper, region=en-CA, local time is 2026-04-22 06:40:49.876421-04:00
[10:40:49] Successful get url: https://www.bing.com/th?id=OHR.TartuEstonia_EN-CA4441646278_UHD.jpg
[10:40:50] Picture infomations saved to  global/en-CA/README.md
[10:40:50] Picture infomations saved to global/en-CA/history/2026/04/23_en-CA.md
[10:40:50] Start geting global Bing Wallpaper, region=en-GB, local time is 2026-04-22 11:40:50.025295+01:00
[10:40:50] Successful get url: https://www.bing.com/th?id=OHR.TartuEstonia_EN-GB3828067814_UHD.jpg
[10:40:50] Picture infomations saved to  global/en-GB/README.md
[10:40:50] Picture infomations saved to global/en-GB/history/2026/04/22_en-GB.md
[10:40:50] Start geting global Bing Wallpaper, region=it-IT, local time is 2026-04-22 12:40:50.256427+02:00
[10:40:50] Successful get url: https://www.bing.com/th?id=OHR.TartuEstonia_IT-IT3277915557_UHD.jpg
[10:40:50] Picture infomations saved to  global/it-IT/README.md
[10:40:50] Picture infomations saved to global/it-IT/history/2026/04/22_it-IT.md
[10:40:50] Start geting global Bing Wallpaper, region=es-ES, local time is 2026-04-22 12:40:50.416974+02:00
[10:40:50] Successful get url: https://www.bing.com/th?id=OHR.TartuEstonia_ES-ES2455762289_UHD.jpg
[10:40:51] Picture infomations saved to  global/es-ES/README.md
[10:40:51] Picture infomations saved to global/es-ES/history/2026/04/22_es-ES.md
[10:40:51] Start geting global Bing Wallpaper, region=fr-CA, local time is 2026-04-22 06:40:51.030408-04:00
[10:40:51] Successful get url: https://www.bing.com/th?id=OHR.TartuEstonia_FR-CA1772107471_UHD.jpg
[10:40:51] Picture infomations saved to  global/fr-CA/README.md
[10:40:51] Picture infomations saved to global/fr-CA/history/2026/04/23_fr-CA.md
Program exit at 10:40:51
