
Program started at 11:15:08
Operating System Name: Linux
Operating System Version: #10~24.04.1-Ubuntu SMP Fri Mar  6 22:00:57 UTC 2026
System Architecture: ('64bit', 'ELF')
Computer Type: x86_64
Computer Name: runnervmeorf1
Processor Type: x86_64
Python Version: 3.12.13
Python Interpreter Name: CPython
[11:15:08] Start geting CN Bing Wallpaper
[11:15:08] Successful get url: https://www.bing.com/th?id=OHR.AndeanBear_ZH-CN6152330738_UHD.jpg
[11:15:08] Image saved to img/background.jpg
[11:15:08] Info saved to README.md
[11:15:08] Image saved to history/2026/04/28.md
[11:15:08] Start geting global Bing Wallpaper, region=en-US, local time is 2026-04-28 07:15:08.404148-04:00
[11:15:08] Successful get url: https://www.bing.com/th?id=OHR.AndeanBear_EN-US2465945308_UHD.jpg
[11:15:08] Picture infomations saved to  global/en-US/README.md
[11:15:08] Picture infomations saved to global/en-US/history/2026/04/29_en-US.md
[11:15:08] Start geting global Bing Wallpaper, region=ja-JP, local time is 2026-04-28 20:15:08.603806+09:00
[11:15:08] Successful get url: https://www.bing.com/th?id=OHR.AndeanBear_JA-JP1349028050_UHD.jpg
[11:15:08] Picture infomations saved to  global/ja-JP/README.md
[11:15:08] Picture infomations saved to global/ja-JP/history/2026/04/28_ja-JP.md
[11:15:08] Start geting global Bing Wallpaper, region=en-IN, local time is 2026-04-28 16:45:08.814798+05:30
[11:15:08] Successful get url: https://www.bing.com/th?id=OHR.AndeanBear_EN-IN2726227738_UHD.jpg
[11:15:08] Picture infomations saved to  global/en-IN/README.md
[11:15:08] Picture infomations saved to global/en-IN/history/2026/04/28_en-IN.md
[11:15:08] Start geting global Bing Wallpaper, region=pt-BR, local time is 2026-04-28 08:15:08.935043-03:00
[11:15:08] Successful get url: https://www.bing.com/th?id=OHR.AndeanBear_PT-BR8313253312_UHD.jpg
[11:15:09] Picture infomations saved to  global/pt-BR/README.md
[11:15:09] Picture infomations saved to global/pt-BR/history/2026/04/29_pt-BR.md
[11:15:09] Start geting global Bing Wallpaper, region=fr-FR, local time is 2026-04-28 13:15:09.104723+02:00
[11:15:09] Successful get url: https://www.bing.com/th?id=OHR.AndeanBear_FR-FR7657835639_UHD.jpg
[11:15:09] Picture infomations saved to  global/fr-FR/README.md
[11:15:09] Picture infomations saved to global/fr-FR/history/2026/04/28_fr-FR.md
[11:15:09] Start geting global Bing Wallpaper, region=de-DE, local time is 2026-04-28 13:15:09.213863+02:00
[11:15:09] Successful get url: https://www.bing.com/th?id=OHR.AndeanBear_DE-DE6978814593_UHD.jpg
[11:15:09] Picture infomations saved to  global/de-DE/README.md
[11:15:09] Picture infomations saved to global/de-DE/history/2026/04/28_de-DE.md
[11:15:09] Start geting global Bing Wallpaper, region=en-CA, local time is 2026-04-28 07:15:09.357139-04:00
[11:15:09] Successful get url: https://www.bing.com/th?id=OHR.AndeanBear_EN-CA5387573161_UHD.jpg
[11:15:09] Picture infomations saved to  global/en-CA/README.md
[11:15:09] Picture infomations saved to global/en-CA/history/2026/04/29_en-CA.md
[11:15:09] Start geting global Bing Wallpaper, region=en-GB, local time is 2026-04-28 12:15:09.482247+01:00
[11:15:09] Successful get url: https://www.bing.com/th?id=OHR.AndeanBear_EN-GB6464683386_UHD.jpg
[11:15:09] Picture infomations saved to  global/en-GB/README.md
[11:15:09] Picture infomations saved to global/en-GB/history/2026/04/28_en-GB.md
[11:15:09] Start geting global Bing Wallpaper, region=it-IT, local time is 2026-04-28 13:15:09.659673+02:00
[11:15:09] Successful get url: https://www.bing.com/th?id=OHR.AndeanBear_IT-IT4311061113_UHD.jpg
[11:15:09] Picture infomations saved to  global/it-IT/README.md
[11:15:09] Picture infomations saved to global/it-IT/history/2026/04/28_it-IT.md
[11:15:09] Start geting global Bing Wallpaper, region=es-ES, local time is 2026-04-28 13:15:09.796697+02:00
[11:15:09] Successful get url: https://www.bing.com/th?id=OHR.AndeanBear_ES-ES0586629243_UHD.jpg
[11:15:10] Picture infomations saved to  global/es-ES/README.md
[11:15:10] Picture infomations saved to global/es-ES/history/2026/04/28_es-ES.md
[11:15:10] Start geting global Bing Wallpaper, region=fr-CA, local time is 2026-04-28 07:15:10.166387-04:00
[11:15:10] Successful get url: https://www.bing.com/th?id=OHR.AndeanBear_FR-CA3119338378_UHD.jpg
[11:15:10] Picture infomations saved to  global/fr-CA/README.md
[11:15:10] Picture infomations saved to global/fr-CA/history/2026/04/29_fr-CA.md
Program exit at 11:15:10
