
Program started at 09:53:17
Operating System Name: Linux
Operating System Version: #8~24.04.1-Ubuntu SMP Mon Jan 26 18:35:40 UTC 2026
System Architecture: ('64bit', 'ELF')
Computer Type: x86_64
Computer Name: runnervm727z3
Processor Type: x86_64
Python Version: 3.12.13
Python Interpreter Name: CPython
[09:53:17] Start geting CN Bing Wallpaper
[09:53:17] Successful get url: https://www.bing.com/th?id=OHR.GrouseGuff_ZH-CN2647001885_UHD.jpg
[09:53:17] Image saved to img/background.jpg
[09:53:17] Info saved to README.md
[09:53:17] Image saved to history/2026/04/04.md
[09:53:17] Start geting global Bing Wallpaper, region=en-US, local time is 2026-04-04 05:53:17.839274-04:00
[09:53:17] Successful get url: https://www.bing.com/th?id=OHR.GrouseGuff_EN-US4212457538_UHD.jpg
[09:53:18] Picture infomations saved to  global/en-US/README.md
[09:53:18] Picture infomations saved to global/en-US/history/2026/04/05_en-US.md
[09:53:18] Start geting global Bing Wallpaper, region=ja-JP, local time is 2026-04-04 18:53:18.189328+09:00
[09:53:18] Successful get url: https://www.bing.com/th?id=OHR.QingmingFestival2026_JA-JP3473610824_UHD.jpg
[09:53:18] Picture infomations saved to  global/ja-JP/README.md
[09:53:18] Picture infomations saved to global/ja-JP/history/2026/04/04_ja-JP.md
[09:53:18] Start geting global Bing Wallpaper, region=en-IN, local time is 2026-04-04 15:23:18.529608+05:30
[09:53:18] Successful get url: https://www.bing.com/th?id=OHR.GrouseGuff_EN-IN5681124078_UHD.jpg
[09:53:18] Picture infomations saved to  global/en-IN/README.md
[09:53:18] Picture infomations saved to global/en-IN/history/2026/04/04_en-IN.md
[09:53:18] Start geting global Bing Wallpaper, region=pt-BR, local time is 2026-04-04 06:53:18.899941-03:00
[09:53:18] Successful get url: https://www.bing.com/th?id=OHR.GrouseGuff_PT-BR5557091800_UHD.jpg
[09:53:19] Picture infomations saved to  global/pt-BR/README.md
[09:53:19] Picture infomations saved to global/pt-BR/history/2026/04/05_pt-BR.md
[09:53:19] Start geting global Bing Wallpaper, region=fr-FR, local time is 2026-04-04 11:53:19.266569+02:00
[09:53:19] Successful get url: https://www.bing.com/th?id=OHR.GrouseGuff_FR-FR1806901977_UHD.jpg
[09:53:19] Picture infomations saved to  global/fr-FR/README.md
[09:53:19] Picture infomations saved to global/fr-FR/history/2026/04/04_fr-FR.md
[09:53:19] Start geting global Bing Wallpaper, region=de-DE, local time is 2026-04-04 11:53:19.616718+02:00
[09:53:19] Successful get url: https://www.bing.com/th?id=OHR.GrouseGuff_DE-DE7947498839_UHD.jpg
[09:53:19] Picture infomations saved to  global/de-DE/README.md
[09:53:19] Picture infomations saved to global/de-DE/history/2026/04/04_de-DE.md
[09:53:19] Start geting global Bing Wallpaper, region=en-CA, local time is 2026-04-04 05:53:20.061537-04:00
[09:53:20] Successful get url: https://www.bing.com/th?id=OHR.GrouseGuff_EN-CA6763957448_UHD.jpg
[09:53:20] Picture infomations saved to  global/en-CA/README.md
[09:53:20] Picture infomations saved to global/en-CA/history/2026/04/05_en-CA.md
[09:53:20] Start geting global Bing Wallpaper, region=en-GB, local time is 2026-04-04 10:53:20.467018+01:00
[09:53:20] Successful get url: https://www.bing.com/th?id=OHR.NPFortnight2026_EN-GB6135344631_UHD.jpg
[09:53:20] Picture infomations saved to  global/en-GB/README.md
[09:53:20] Picture infomations saved to global/en-GB/history/2026/04/04_en-GB.md
[09:53:20] Start geting global Bing Wallpaper, region=it-IT, local time is 2026-04-04 11:53:20.909369+02:00
[09:53:20] Successful get url: https://www.bing.com/th?id=OHR.CastleBlossoms_IT-IT1656060709_UHD.jpg
[09:53:21] Picture infomations saved to  global/it-IT/README.md
[09:53:21] Picture infomations saved to global/it-IT/history/2026/04/04_it-IT.md
[09:53:21] Start geting global Bing Wallpaper, region=es-ES, local time is 2026-04-04 11:53:21.280869+02:00
[09:53:21] Successful get url: https://www.bing.com/th?id=OHR.GrouseGuff_ES-ES5279399090_UHD.jpg
[09:53:21] Picture infomations saved to  global/es-ES/README.md
[09:53:21] Picture infomations saved to global/es-ES/history/2026/04/04_es-ES.md
[09:53:21] Start geting global Bing Wallpaper, region=fr-CA, local time is 2026-04-04 05:53:21.612607-04:00
[09:53:21] Successful get url: https://www.bing.com/th?id=OHR.GrouseGuff_FR-CA7421141421_UHD.jpg
[09:53:21] Picture infomations saved to  global/fr-CA/README.md
[09:53:21] Picture infomations saved to global/fr-CA/history/2026/04/05_fr-CA.md
Program exit at 09:53:21
