
Program started at 09:22:59
Operating System Name: Linux
Operating System Version: #15~22.04.1-Ubuntu SMP Tue Feb 13 01:15:12 UTC 2024
System Architecture: ('64bit', 'ELF')
Computer Type: x86_64
Computer Name: fv-az1251-612
Processor Type: x86_64
Python Version: 3.12.2
Python Interpreter Name: CPython
[09:22:59] Start geting CN Bing Wallpaper
[09:22:59] Successful get url: https://www.bing.com/th?id=OHR.BistiBlue_ZH-CN4991705833_UHD.jpg
[09:22:59] Image saved to img/background.jpg
[09:22:59] Info saved to README.md
[09:22:59] Image saved to history/2024/03/09.md
[09:22:59] Start geting global Bing Wallpaper, region=en-US, local time is 2024-03-09 04:22:59.931339-05:00
[09:23:00] Successful get url: https://www.bing.com/th?id=OHR.BistiBlue_EN-US1090853434_UHD.jpg
[09:23:00] Picture infomations saved to  global/en-US/README.md
[09:23:00] Picture infomations saved to global/en-US/history/2024/03/10_en-US.md
[09:23:00] Start geting global Bing Wallpaper, region=ja-JP, local time is 2024-03-09 18:23:00.152133+09:00
[09:23:00] Successful get url: https://www.bing.com/th?id=OHR.BistiBlue_JA-JP2352512218_UHD.jpg
[09:23:00] Picture infomations saved to  global/ja-JP/README.md
[09:23:00] Picture infomations saved to global/ja-JP/history/2024/03/09_ja-JP.md
[09:23:00] Start geting global Bing Wallpaper, region=en-IN, local time is 2024-03-09 14:53:00.334324+05:30
[09:23:00] Successful get url: https://www.bing.com/th?id=OHR.BistiBlue_EN-IN1019261604_UHD.jpg
[09:23:00] Picture infomations saved to  global/en-IN/README.md
[09:23:00] Picture infomations saved to global/en-IN/history/2024/03/09_en-IN.md
[09:23:00] Start geting global Bing Wallpaper, region=pt-BR, local time is 2024-03-09 06:23:00.517785-03:00
[09:23:00] Successful get url: https://www.bing.com/th?id=OHR.ArdeAlba_PT-BR8363660380_UHD.jpg
[09:23:00] Picture infomations saved to  global/pt-BR/README.md
[09:23:00] Picture infomations saved to global/pt-BR/history/2024/03/10_pt-BR.md
[09:23:00] Start geting global Bing Wallpaper, region=fr-FR, local time is 2024-03-09 10:23:00.711087+01:00
[09:23:00] Successful get url: https://www.bing.com/th?id=OHR.BistiBlue_FR-FR0934555196_UHD.jpg
[09:23:00] Picture infomations saved to  global/fr-FR/README.md
[09:23:00] Picture infomations saved to global/fr-FR/history/2024/03/09_fr-FR.md
[09:23:00] Start geting global Bing Wallpaper, region=de-DE, local time is 2024-03-09 10:23:00.878449+01:00
[09:23:00] Successful get url: https://www.bing.com/th?id=OHR.BistiBlue_DE-DE4146045796_UHD.jpg
[09:23:01] Picture infomations saved to  global/de-DE/README.md
[09:23:01] Picture infomations saved to global/de-DE/history/2024/03/09_de-DE.md
[09:23:01] Start geting global Bing Wallpaper, region=en-CA, local time is 2024-03-09 04:23:01.052627-05:00
[09:23:01] Successful get url: https://www.bing.com/th?id=OHR.BistiBlue_EN-CA4421892310_UHD.jpg
[09:23:01] Picture infomations saved to  global/en-CA/README.md
[09:23:01] Picture infomations saved to global/en-CA/history/2024/03/10_en-CA.md
[09:23:01] Start geting global Bing Wallpaper, region=en-GB, local time is 2024-03-09 09:23:01.227034+00:00
[09:23:01] Successful get url: https://www.bing.com/th?id=OHR.BistiBlue_EN-GB9222273593_UHD.jpg
[09:23:01] Picture infomations saved to  global/en-GB/README.md
[09:23:01] Picture infomations saved to global/en-GB/history/2024/03/10_en-GB.md
[09:23:01] Start geting global Bing Wallpaper, region=it-IT, local time is 2024-03-09 10:23:01.400711+01:00
[09:23:01] Successful get url: https://www.bing.com/th?id=OHR.BistiBlue_IT-IT0491354330_UHD.jpg
[09:23:01] Picture infomations saved to  global/it-IT/README.md
[09:23:01] Picture infomations saved to global/it-IT/history/2024/03/09_it-IT.md
[09:23:01] Start geting global Bing Wallpaper, region=es-ES, local time is 2024-03-09 10:23:01.575103+01:00
[09:23:01] Successful get url: https://www.bing.com/th?id=OHR.BistiBlue_ES-ES5203614111_UHD.jpg
[09:23:01] Picture infomations saved to  global/es-ES/README.md
[09:23:01] Picture infomations saved to global/es-ES/history/2024/03/09_es-ES.md
[09:23:01] Start geting global Bing Wallpaper, region=fr-CA, local time is 2024-03-09 04:23:01.747533-05:00
[09:23:01] Successful get url: https://www.bing.com/th?id=OHR.BistiBlue_FR-CA0558895041_UHD.jpg
[09:23:01] Picture infomations saved to  global/fr-CA/README.md
[09:23:01] Picture infomations saved to global/fr-CA/history/2024/03/10_fr-CA.md
Program exit at 09:23:01
