
Program started at 09:23:13
Operating System Name: Linux
Operating System Version: #16~22.04.1-Ubuntu SMP Fri Feb 16 15:42:02 UTC 2024
System Architecture: ('64bit', 'ELF')
Computer Type: x86_64
Computer Name: fv-az1498-325
Processor Type: x86_64
Python Version: 3.12.2
Python Interpreter Name: CPython
[09:23:13] Start geting CN Bing Wallpaper
[09:23:13] Successful get url: https://www.bing.com/th?id=OHR.WaikatoWater_ZH-CN0417438809_UHD.jpg
[09:23:13] Image saved to img/background.jpg
[09:23:13] Info saved to README.md
[09:23:13] Image saved to history/2024/03/22.md
[09:23:13] Start geting global Bing Wallpaper, region=en-US, local time is 2024-03-22 05:23:13.989781-04:00
[09:23:14] Successful get url: https://www.bing.com/th?id=OHR.WaikatoWater_EN-US1360247236_UHD.jpg
[09:23:14] Picture infomations saved to  global/en-US/README.md
[09:23:14] Picture infomations saved to global/en-US/history/2024/03/23_en-US.md
[09:23:14] Start geting global Bing Wallpaper, region=ja-JP, local time is 2024-03-22 18:23:14.223209+09:00
[09:23:14] Successful get url: https://www.bing.com/th?id=OHR.WaikatoWater_JA-JP3608135323_UHD.jpg
[09:23:14] Picture infomations saved to  global/ja-JP/README.md
[09:23:14] Picture infomations saved to global/ja-JP/history/2024/03/22_ja-JP.md
[09:23:14] Start geting global Bing Wallpaper, region=en-IN, local time is 2024-03-22 14:53:14.535746+05:30
[09:23:14] Successful get url: https://www.bing.com/th?id=OHR.WaikatoWater_EN-IN0496434558_UHD.jpg
[09:23:14] Picture infomations saved to  global/en-IN/README.md
[09:23:14] Picture infomations saved to global/en-IN/history/2024/03/22_en-IN.md
[09:23:14] Start geting global Bing Wallpaper, region=pt-BR, local time is 2024-03-22 06:23:14.726891-03:00
[09:23:14] Successful get url: https://www.bing.com/th?id=OHR.WaikatoWater_PT-BR6097354065_UHD.jpg
[09:23:14] Picture infomations saved to  global/pt-BR/README.md
[09:23:14] Picture infomations saved to global/pt-BR/history/2024/03/23_pt-BR.md
[09:23:14] Start geting global Bing Wallpaper, region=fr-FR, local time is 2024-03-22 10:23:14.916114+01:00
[09:23:14] Successful get url: https://www.bing.com/th?id=OHR.WaikatoWater_FR-FR8437603608_UHD.jpg
[09:23:15] Picture infomations saved to  global/fr-FR/README.md
[09:23:15] Picture infomations saved to global/fr-FR/history/2024/03/22_fr-FR.md
[09:23:15] Start geting global Bing Wallpaper, region=de-DE, local time is 2024-03-22 10:23:15.097037+01:00
[09:23:15] Successful get url: https://www.bing.com/th?id=OHR.WaikatoWater_DE-DE6943306276_UHD.jpg
[09:23:15] Picture infomations saved to  global/de-DE/README.md
[09:23:15] Picture infomations saved to global/de-DE/history/2024/03/22_de-DE.md
[09:23:15] Start geting global Bing Wallpaper, region=en-CA, local time is 2024-03-22 05:23:15.292010-04:00
[09:23:15] Successful get url: https://www.bing.com/th?id=OHR.WaikatoWater_EN-CA3565028886_UHD.jpg
[09:23:15] Picture infomations saved to  global/en-CA/README.md
[09:23:15] Picture infomations saved to global/en-CA/history/2024/03/23_en-CA.md
[09:23:15] Start geting global Bing Wallpaper, region=en-GB, local time is 2024-03-22 09:23:15.460118+00:00
[09:23:15] Successful get url: https://www.bing.com/th?id=OHR.WaikatoWater_EN-GB8519481849_UHD.jpg
[09:23:15] Picture infomations saved to  global/en-GB/README.md
[09:23:15] Picture infomations saved to global/en-GB/history/2024/03/23_en-GB.md
[09:23:15] Start geting global Bing Wallpaper, region=it-IT, local time is 2024-03-22 10:23:15.664223+01:00
[09:23:15] Successful get url: https://www.bing.com/th?id=OHR.WaikatoWater_IT-IT0972621598_UHD.jpg
[09:23:15] Picture infomations saved to  global/it-IT/README.md
[09:23:15] Picture infomations saved to global/it-IT/history/2024/03/22_it-IT.md
[09:23:15] Start geting global Bing Wallpaper, region=es-ES, local time is 2024-03-22 10:23:15.861326+01:00
[09:23:15] Successful get url: https://www.bing.com/th?id=OHR.FloweingBerrys_ES-ES1933465626_UHD.jpg
[09:23:16] Picture infomations saved to  global/es-ES/README.md
[09:23:16] Picture infomations saved to global/es-ES/history/2024/03/22_es-ES.md
[09:23:16] Start geting global Bing Wallpaper, region=fr-CA, local time is 2024-03-22 05:23:16.050308-04:00
[09:23:16] Successful get url: https://www.bing.com/th?id=OHR.WaikatoWater_FR-CA6553276729_UHD.jpg
[09:23:16] Picture infomations saved to  global/fr-CA/README.md
[09:23:16] Picture infomations saved to global/fr-CA/history/2024/03/23_fr-CA.md
Program exit at 09:23:16
