
Program started at 09:22:31
Operating System Name: Linux
Operating System Version: #15~22.04.1-Ubuntu SMP Tue Feb 13 01:15:12 UTC 2024
System Architecture: ('64bit', 'ELF')
Computer Type: x86_64
Computer Name: fv-az1493-8
Processor Type: x86_64
Python Version: 3.12.2
Python Interpreter Name: CPython
[09:22:31] Start geting CN Bing Wallpaper
[09:22:31] Successful get url: https://www.bing.com/th?id=OHR.ProseccoItaly_ZH-CN6802010344_UHD.jpg
[09:22:31] Image saved to img/background.jpg
[09:22:31] Info saved to README.md
[09:22:31] Image saved to history/2024/03/11.md
[09:22:31] Start geting global Bing Wallpaper, region=en-US, local time is 2024-03-11 05:22:31.605474-04:00
[09:22:31] Successful get url: https://www.bing.com/th?id=OHR.SleepyKoala_EN-US1399776436_UHD.jpg
[09:22:31] Picture infomations saved to  global/en-US/README.md
[09:22:31] Picture infomations saved to global/en-US/history/2024/03/12_en-US.md
[09:22:31] Start geting global Bing Wallpaper, region=ja-JP, local time is 2024-03-11 18:22:31.769210+09:00
[09:22:31] Successful get url: https://www.bing.com/th?id=OHR.Earthquake2024_JA-JP2825640638_UHD.jpg
[09:22:31] Picture infomations saved to  global/ja-JP/README.md
[09:22:31] Picture infomations saved to global/ja-JP/history/2024/03/11_ja-JP.md
[09:22:31] Start geting global Bing Wallpaper, region=en-IN, local time is 2024-03-11 14:52:31.932080+05:30
[09:22:32] Successful get url: https://www.bing.com/th?id=OHR.SleepyKoala_EN-IN1567307093_UHD.jpg
[09:22:32] Picture infomations saved to  global/en-IN/README.md
[09:22:32] Picture infomations saved to global/en-IN/history/2024/03/11_en-IN.md
[09:22:32] Start geting global Bing Wallpaper, region=pt-BR, local time is 2024-03-11 06:22:32.154407-03:00
[09:22:32] Successful get url: https://www.bing.com/th?id=OHR.SleepyKoala_PT-BR9818387982_UHD.jpg
[09:22:32] Picture infomations saved to  global/pt-BR/README.md
[09:22:32] Picture infomations saved to global/pt-BR/history/2024/03/12_pt-BR.md
[09:22:32] Start geting global Bing Wallpaper, region=fr-FR, local time is 2024-03-11 10:22:32.346740+01:00
[09:22:32] Successful get url: https://www.bing.com/th?id=OHR.SleepyKoala_FR-FR0968348231_UHD.jpg
[09:22:32] Picture infomations saved to  global/fr-FR/README.md
[09:22:32] Picture infomations saved to global/fr-FR/history/2024/03/11_fr-FR.md
[09:22:32] Start geting global Bing Wallpaper, region=de-DE, local time is 2024-03-11 10:22:32.492500+01:00
[09:22:32] Successful get url: https://www.bing.com/th?id=OHR.SleepyKoala_DE-DE9658817284_UHD.jpg
[09:22:32] Picture infomations saved to  global/de-DE/README.md
[09:22:32] Picture infomations saved to global/de-DE/history/2024/03/11_de-DE.md
[09:22:32] Start geting global Bing Wallpaper, region=en-CA, local time is 2024-03-11 05:22:32.644290-04:00
[09:22:32] Successful get url: https://www.bing.com/th?id=OHR.SleepyKoala_EN-CA5375269205_UHD.jpg
[09:22:32] Picture infomations saved to  global/en-CA/README.md
[09:22:32] Picture infomations saved to global/en-CA/history/2024/03/12_en-CA.md
[09:22:32] Start geting global Bing Wallpaper, region=en-GB, local time is 2024-03-11 09:22:32.802049+00:00
[09:22:32] Successful get url: https://www.bing.com/th?id=OHR.SleepyKoala_EN-GB8056580586_UHD.jpg
[09:22:32] Picture infomations saved to  global/en-GB/README.md
[09:22:32] Picture infomations saved to global/en-GB/history/2024/03/12_en-GB.md
[09:22:32] Start geting global Bing Wallpaper, region=it-IT, local time is 2024-03-11 10:22:32.960535+01:00
[09:22:33] Successful get url: https://www.bing.com/th?id=OHR.SleepyKoala_IT-IT1648374764_UHD.jpg
[09:22:33] Picture infomations saved to  global/it-IT/README.md
[09:22:33] Picture infomations saved to global/it-IT/history/2024/03/11_it-IT.md
[09:22:33] Start geting global Bing Wallpaper, region=es-ES, local time is 2024-03-11 10:22:33.112426+01:00
[09:22:33] Successful get url: https://www.bing.com/th?id=OHR.SleepyKoala_ES-ES6859106237_UHD.jpg
[09:22:33] Picture infomations saved to  global/es-ES/README.md
[09:22:33] Picture infomations saved to global/es-ES/history/2024/03/11_es-ES.md
[09:22:33] Start geting global Bing Wallpaper, region=fr-CA, local time is 2024-03-11 05:22:33.260599-04:00
[09:22:33] Successful get url: https://www.bing.com/th?id=OHR.SleepyKoala_FR-CA7476339707_UHD.jpg
[09:22:33] Picture infomations saved to  global/fr-CA/README.md
[09:22:33] Picture infomations saved to global/fr-CA/history/2024/03/12_fr-CA.md
Program exit at 09:22:33

Program started at 16:11:06
Operating System Name: Linux
Operating System Version: #15~22.04.1-Ubuntu SMP Tue Feb 13 01:15:12 UTC 2024
System Architecture: ('64bit', 'ELF')
Computer Type: x86_64
Computer Name: fv-az566-506
Processor Type: x86_64
Python Version: 3.12.2
Python Interpreter Name: CPython
[16:11:06] Start geting CN Bing Wallpaper
[16:11:06] Successful get url: https://www.bing.com/th?id=OHR.BryceSnow_ZH-CN7489999663_UHD.jpg
[16:11:06] Image saved to img/background.jpg
[16:11:06] Info saved to README.md
[16:11:06] Image saved to history/2024/03/12.md
[16:11:06] Start geting global Bing Wallpaper, region=en-US, local time is 2024-03-11 12:11:06.871375-04:00
[16:11:06] Successful get url: https://www.bing.com/th?id=OHR.SleepyKoala_EN-US1399776436_UHD.jpg
[16:11:07] Picture infomations saved to  global/en-US/README.md
[16:11:07] Picture infomations saved to global/en-US/history/2024/03/12_en-US.md
[16:11:07] Start geting global Bing Wallpaper, region=ja-JP, local time is 2024-03-12 01:11:07.067867+09:00
[16:11:07] Successful get url: https://www.bing.com/th?id=OHR.OmizutoriNew_JA-JP3433655435_UHD.jpg
[16:11:07] Picture infomations saved to  global/ja-JP/README.md
[16:11:07] Picture infomations saved to global/ja-JP/history/2024/03/12_ja-JP.md
[16:11:07] Start geting global Bing Wallpaper, region=en-IN, local time is 2024-03-11 21:41:07.349510+05:30
[16:11:07] Successful get url: https://www.bing.com/th?id=OHR.SleepyKoala_EN-IN1567307093_UHD.jpg
[16:11:07] Picture infomations saved to  global/en-IN/README.md
[16:11:07] Picture infomations saved to global/en-IN/history/2024/03/11_en-IN.md
[16:11:07] Start geting global Bing Wallpaper, region=pt-BR, local time is 2024-03-11 13:11:07.528979-03:00
[16:11:07] Successful get url: https://www.bing.com/th?id=OHR.SleepyKoala_PT-BR9818387982_UHD.jpg
[16:11:07] Picture infomations saved to  global/pt-BR/README.md
[16:11:07] Picture infomations saved to global/pt-BR/history/2024/03/12_pt-BR.md
[16:11:07] Start geting global Bing Wallpaper, region=fr-FR, local time is 2024-03-11 17:11:07.678107+01:00
[16:11:07] Successful get url: https://www.bing.com/th?id=OHR.SleepyKoala_FR-FR0968348231_UHD.jpg
[16:11:09] Picture infomations saved to  global/fr-FR/README.md
[16:11:09] Picture infomations saved to global/fr-FR/history/2024/03/11_fr-FR.md
[16:11:09] Start geting global Bing Wallpaper, region=de-DE, local time is 2024-03-11 17:11:09.072588+01:00
[16:11:09] Successful get url: https://www.bing.com/th?id=OHR.SleepyKoala_DE-DE9658817284_UHD.jpg
[16:11:09] Picture infomations saved to  global/de-DE/README.md
[16:11:09] Picture infomations saved to global/de-DE/history/2024/03/11_de-DE.md
[16:11:09] Start geting global Bing Wallpaper, region=en-CA, local time is 2024-03-11 12:11:09.219639-04:00
[16:11:09] Successful get url: https://www.bing.com/th?id=OHR.SleepyKoala_EN-CA5375269205_UHD.jpg
[16:11:09] Picture infomations saved to  global/en-CA/README.md
[16:11:09] Picture infomations saved to global/en-CA/history/2024/03/12_en-CA.md
[16:11:09] Start geting global Bing Wallpaper, region=en-GB, local time is 2024-03-11 16:11:09.371813+00:00
[16:11:09] Successful get url: https://www.bing.com/th?id=OHR.SleepyKoala_EN-GB8056580586_UHD.jpg
[16:11:09] Picture infomations saved to  global/en-GB/README.md
[16:11:09] Picture infomations saved to global/en-GB/history/2024/03/12_en-GB.md
[16:11:09] Start geting global Bing Wallpaper, region=it-IT, local time is 2024-03-11 17:11:09.604009+01:00
[16:11:09] Successful get url: https://www.bing.com/th?id=OHR.SleepyKoala_IT-IT1648374764_UHD.jpg
[16:11:09] Picture infomations saved to  global/it-IT/README.md
[16:11:09] Picture infomations saved to global/it-IT/history/2024/03/11_it-IT.md
[16:11:09] Start geting global Bing Wallpaper, region=es-ES, local time is 2024-03-11 17:11:09.795500+01:00
[16:11:09] Successful get url: https://www.bing.com/th?id=OHR.SleepyKoala_ES-ES6859106237_UHD.jpg
[16:11:09] Picture infomations saved to  global/es-ES/README.md
[16:11:09] Picture infomations saved to global/es-ES/history/2024/03/11_es-ES.md
[16:11:09] Start geting global Bing Wallpaper, region=fr-CA, local time is 2024-03-11 12:11:09.986518-04:00
[16:11:10] Successful get url: https://www.bing.com/th?id=OHR.SleepyKoala_FR-CA7476339707_UHD.jpg
[16:11:10] Picture infomations saved to  global/fr-CA/README.md
[16:11:10] Picture infomations saved to global/fr-CA/history/2024/03/12_fr-CA.md
Program exit at 16:11:10
