
Program started at 09:21:48
Operating System Name: Linux
Operating System Version: #16~22.04.1-Ubuntu SMP Fri Feb 16 15:42:02 UTC 2024
System Architecture: ('64bit', 'ELF')
Computer Type: x86_64
Computer Name: fv-az1426-867
Processor Type: x86_64
Python Version: 3.12.2
Python Interpreter Name: CPython
[09:21:48] Start geting CN Bing Wallpaper
[09:21:49] Successful get url: https://www.bing.com/th?id=OHR.ElephantRock_ZH-CN9293300383_UHD.jpg
[09:21:49] Image saved to img/background.jpg
[09:21:49] Info saved to README.md
[09:21:49] Image saved to history/2024/03/18.md
[09:21:49] Start geting global Bing Wallpaper, region=en-US, local time is 2024-03-18 05:21:49.170941-04:00
[09:21:49] Successful get url: https://www.bing.com/th?id=OHR.ElephantRock_EN-US2340789308_UHD.jpg
[09:21:49] Picture infomations saved to  global/en-US/README.md
[09:21:49] Picture infomations saved to global/en-US/history/2024/03/19_en-US.md
[09:21:49] Start geting global Bing Wallpaper, region=ja-JP, local time is 2024-03-18 18:21:49.342560+09:00
[09:21:49] Successful get url: https://www.bing.com/th?id=OHR.ElephantRock_JA-JP4769472131_UHD.jpg
[09:21:49] Picture infomations saved to  global/ja-JP/README.md
[09:21:49] Picture infomations saved to global/ja-JP/history/2024/03/18_ja-JP.md
[09:21:49] Start geting global Bing Wallpaper, region=en-IN, local time is 2024-03-18 14:51:49.504951+05:30
[09:21:49] Successful get url: https://www.bing.com/th?id=OHR.ElephantRock_EN-IN2152093542_UHD.jpg
[09:21:49] Picture infomations saved to  global/en-IN/README.md
[09:21:49] Picture infomations saved to global/en-IN/history/2024/03/18_en-IN.md
[09:21:49] Start geting global Bing Wallpaper, region=pt-BR, local time is 2024-03-18 06:21:49.652179-03:00
[09:21:49] Successful get url: https://www.bing.com/th?id=OHR.ElephantRock_PT-BR3465039308_UHD.jpg
[09:21:49] Picture infomations saved to  global/pt-BR/README.md
[09:21:49] Picture infomations saved to global/pt-BR/history/2024/03/19_pt-BR.md
[09:21:49] Start geting global Bing Wallpaper, region=fr-FR, local time is 2024-03-18 10:21:49.802158+01:00
[09:21:49] Successful get url: https://www.bing.com/th?id=OHR.ElephantRock_FR-FR3098144712_UHD.jpg
[09:21:49] Picture infomations saved to  global/fr-FR/README.md
[09:21:49] Picture infomations saved to global/fr-FR/history/2024/03/18_fr-FR.md
[09:21:49] Start geting global Bing Wallpaper, region=de-DE, local time is 2024-03-18 10:21:49.954156+01:00
[09:21:50] Successful get url: https://www.bing.com/th?id=OHR.ElephantRock_DE-DE1966506205_UHD.jpg
[09:21:50] Picture infomations saved to  global/de-DE/README.md
[09:21:50] Picture infomations saved to global/de-DE/history/2024/03/18_de-DE.md
[09:21:50] Start geting global Bing Wallpaper, region=en-CA, local time is 2024-03-18 05:21:50.103909-04:00
[09:21:50] Successful get url: https://www.bing.com/th?id=OHR.ElephantRock_EN-CA1969254350_UHD.jpg
[09:21:50] Picture infomations saved to  global/en-CA/README.md
[09:21:50] Picture infomations saved to global/en-CA/history/2024/03/19_en-CA.md
[09:21:50] Start geting global Bing Wallpaper, region=en-GB, local time is 2024-03-18 09:21:50.270800+00:00
[09:21:50] Successful get url: https://www.bing.com/th?id=OHR.ElephantRock_EN-GB2587880881_UHD.jpg
[09:21:50] Picture infomations saved to  global/en-GB/README.md
[09:21:50] Picture infomations saved to global/en-GB/history/2024/03/19_en-GB.md
[09:21:50] Start geting global Bing Wallpaper, region=it-IT, local time is 2024-03-18 10:21:50.431731+01:00
[09:21:50] Successful get url: https://www.bing.com/th?id=OHR.ElephantRock_IT-IT7160275980_UHD.jpg
[09:21:50] Picture infomations saved to  global/it-IT/README.md
[09:21:50] Picture infomations saved to global/it-IT/history/2024/03/18_it-IT.md
[09:21:50] Start geting global Bing Wallpaper, region=es-ES, local time is 2024-03-18 10:21:50.582495+01:00
[09:21:50] Successful get url: https://www.bing.com/th?id=OHR.ElephantRock_ES-ES8654521374_UHD.jpg
[09:21:50] Picture infomations saved to  global/es-ES/README.md
[09:21:50] Picture infomations saved to global/es-ES/history/2024/03/18_es-ES.md
[09:21:50] Start geting global Bing Wallpaper, region=fr-CA, local time is 2024-03-18 05:21:50.733444-04:00
[09:21:50] Successful get url: https://www.bing.com/th?id=OHR.ElephantRock_FR-CA9111346663_UHD.jpg
[09:21:51] Picture infomations saved to  global/fr-CA/README.md
[09:21:51] Picture infomations saved to global/fr-CA/history/2024/03/19_fr-CA.md
Program exit at 09:21:51

Program started at 16:12:15
Operating System Name: Linux
Operating System Version: #16~22.04.1-Ubuntu SMP Fri Feb 16 15:42:02 UTC 2024
System Architecture: ('64bit', 'ELF')
Computer Type: x86_64
Computer Name: fv-az1196-986
Processor Type: x86_64
Python Version: 3.12.2
Python Interpreter Name: CPython
[16:12:15] Start geting CN Bing Wallpaper
[16:12:15] Successful get url: https://www.bing.com/th?id=OHR.AlmondBloom_ZH-CN9441550492_UHD.jpg
[16:12:15] Image saved to img/background.jpg
[16:12:15] Info saved to README.md
[16:12:15] Image saved to history/2024/03/19.md
[16:12:15] Start geting global Bing Wallpaper, region=en-US, local time is 2024-03-18 12:12:15.861468-04:00
[16:12:15] Successful get url: https://www.bing.com/th?id=OHR.ElephantRock_EN-US2340789308_UHD.jpg
[16:12:16] Picture infomations saved to  global/en-US/README.md
[16:12:16] Picture infomations saved to global/en-US/history/2024/03/19_en-US.md
[16:12:16] Start geting global Bing Wallpaper, region=ja-JP, local time is 2024-03-19 01:12:16.424704+09:00
[16:12:16] Successful get url: https://www.bing.com/th?id=OHR.BryceSnow_JA-JP4938121574_UHD.jpg
[16:12:16] Picture infomations saved to  global/ja-JP/README.md
[16:12:16] Picture infomations saved to global/ja-JP/history/2024/03/19_ja-JP.md
[16:12:16] Start geting global Bing Wallpaper, region=en-IN, local time is 2024-03-18 21:42:16.741976+05:30
[16:12:16] Successful get url: https://www.bing.com/th?id=OHR.ElephantRock_EN-IN2152093542_UHD.jpg
[16:12:17] Picture infomations saved to  global/en-IN/README.md
[16:12:17] Picture infomations saved to global/en-IN/history/2024/03/18_en-IN.md
[16:12:17] Start geting global Bing Wallpaper, region=pt-BR, local time is 2024-03-18 13:12:17.065679-03:00
[16:12:17] Successful get url: https://www.bing.com/th?id=OHR.ElephantRock_PT-BR3465039308_UHD.jpg
[16:12:17] Picture infomations saved to  global/pt-BR/README.md
[16:12:17] Picture infomations saved to global/pt-BR/history/2024/03/19_pt-BR.md
[16:12:17] Start geting global Bing Wallpaper, region=fr-FR, local time is 2024-03-18 17:12:17.926010+01:00
[16:12:18] Successful get url: https://www.bing.com/th?id=OHR.ElephantRock_FR-FR3098144712_UHD.jpg
[16:12:18] Picture infomations saved to  global/fr-FR/README.md
[16:12:18] Picture infomations saved to global/fr-FR/history/2024/03/18_fr-FR.md
[16:12:18] Start geting global Bing Wallpaper, region=de-DE, local time is 2024-03-18 17:12:18.246556+01:00
[16:12:18] Successful get url: https://www.bing.com/th?id=OHR.ElephantRock_DE-DE1966506205_UHD.jpg
[16:12:18] Picture infomations saved to  global/de-DE/README.md
[16:12:18] Picture infomations saved to global/de-DE/history/2024/03/18_de-DE.md
[16:12:18] Start geting global Bing Wallpaper, region=en-CA, local time is 2024-03-18 12:12:18.559186-04:00
[16:12:18] Successful get url: https://www.bing.com/th?id=OHR.ElephantRock_EN-CA1969254350_UHD.jpg
[16:12:18] Picture infomations saved to  global/en-CA/README.md
[16:12:18] Picture infomations saved to global/en-CA/history/2024/03/19_en-CA.md
[16:12:18] Start geting global Bing Wallpaper, region=en-GB, local time is 2024-03-18 16:12:18.862901+00:00
[16:12:18] Successful get url: https://www.bing.com/th?id=OHR.ElephantRock_EN-GB2587880881_UHD.jpg
[16:12:19] Picture infomations saved to  global/en-GB/README.md
[16:12:19] Picture infomations saved to global/en-GB/history/2024/03/19_en-GB.md
[16:12:19] Start geting global Bing Wallpaper, region=it-IT, local time is 2024-03-18 17:12:19.212403+01:00
[16:12:19] Successful get url: https://www.bing.com/th?id=OHR.ElephantRock_IT-IT7160275980_UHD.jpg
[16:12:19] Picture infomations saved to  global/it-IT/README.md
[16:12:19] Picture infomations saved to global/it-IT/history/2024/03/18_it-IT.md
[16:12:19] Start geting global Bing Wallpaper, region=es-ES, local time is 2024-03-18 17:12:19.555332+01:00
[16:12:19] Successful get url: https://www.bing.com/th?id=OHR.ElephantRock_ES-ES8654521374_UHD.jpg
[16:12:19] Picture infomations saved to  global/es-ES/README.md
[16:12:19] Picture infomations saved to global/es-ES/history/2024/03/18_es-ES.md
[16:12:19] Start geting global Bing Wallpaper, region=fr-CA, local time is 2024-03-18 12:12:19.868903-04:00
[16:12:19] Successful get url: https://www.bing.com/th?id=OHR.ElephantRock_FR-CA9111346663_UHD.jpg
[16:12:20] Picture infomations saved to  global/fr-CA/README.md
[16:12:20] Picture infomations saved to global/fr-CA/history/2024/03/19_fr-CA.md
Program exit at 16:12:20
