
Program started at 09:21:42
Operating System Name: Linux
Operating System Version: #15~22.04.1-Ubuntu SMP Tue Feb 13 01:15:12 UTC 2024
System Architecture: ('64bit', 'ELF')
Computer Type: x86_64
Computer Name: fv-az774-0
Processor Type: x86_64
Python Version: 3.12.2
Python Interpreter Name: CPython
[09:21:42] Start geting CN Bing Wallpaper
[09:21:42] Successful get url: https://www.bing.com/th?id=OHR.MagadiFlamingos_ZH-CN7888437841_UHD.jpg
[09:21:42] Image saved to img/background.jpg
[09:21:42] Info saved to README.md
[09:21:42] Image saved to history/2024/03/13.md
[09:21:42] Start geting global Bing Wallpaper, region=en-US, local time is 2024-03-13 05:21:42.835497-04:00
[09:21:42] Successful get url: https://www.bing.com/th?id=OHR.MagadiFlamingos_EN-US1720896379_UHD.jpg
[09:21:42] Picture infomations saved to  global/en-US/README.md
[09:21:42] Picture infomations saved to global/en-US/history/2024/03/14_en-US.md
[09:21:42] Start geting global Bing Wallpaper, region=ja-JP, local time is 2024-03-13 18:21:42.992903+09:00
[09:21:43] Successful get url: https://www.bing.com/th?id=OHR.MagadiFlamingos_JA-JP3870887285_UHD.jpg
[09:21:43] Picture infomations saved to  global/ja-JP/README.md
[09:21:43] Picture infomations saved to global/ja-JP/history/2024/03/13_ja-JP.md
[09:21:43] Start geting global Bing Wallpaper, region=en-IN, local time is 2024-03-13 14:51:43.128884+05:30
[09:21:43] Successful get url: https://www.bing.com/th?id=OHR.MagadiFlamingos_EN-IN1729964021_UHD.jpg
[09:21:43] Picture infomations saved to  global/en-IN/README.md
[09:21:43] Picture infomations saved to global/en-IN/history/2024/03/13_en-IN.md
[09:21:43] Start geting global Bing Wallpaper, region=pt-BR, local time is 2024-03-13 06:21:43.287371-03:00
[09:21:43] Successful get url: https://www.bing.com/th?id=OHR.MagadiFlamingos_PT-BR0452597039_UHD.jpg
[09:21:43] Picture infomations saved to  global/pt-BR/README.md
[09:21:43] Picture infomations saved to global/pt-BR/history/2024/03/14_pt-BR.md
[09:21:43] Start geting global Bing Wallpaper, region=fr-FR, local time is 2024-03-13 10:21:43.480762+01:00
[09:21:43] Successful get url: https://www.bing.com/th?id=OHR.MagadiFlamingos_FR-FR1596921851_UHD.jpg
[09:21:43] Picture infomations saved to  global/fr-FR/README.md
[09:21:43] Picture infomations saved to global/fr-FR/history/2024/03/13_fr-FR.md
[09:21:43] Start geting global Bing Wallpaper, region=de-DE, local time is 2024-03-13 10:21:43.695210+01:00
[09:21:43] Successful get url: https://www.bing.com/th?id=OHR.MagadiFlamingos_DE-DE1454409448_UHD.jpg
[09:21:43] Picture infomations saved to  global/de-DE/README.md
[09:21:43] Picture infomations saved to global/de-DE/history/2024/03/13_de-DE.md
[09:21:43] Start geting global Bing Wallpaper, region=en-CA, local time is 2024-03-13 05:21:43.922001-04:00
[09:21:43] Successful get url: https://www.bing.com/th?id=OHR.MagadiFlamingos_EN-CA6539676228_UHD.jpg
[09:21:44] Picture infomations saved to  global/en-CA/README.md
[09:21:44] Picture infomations saved to global/en-CA/history/2024/03/14_en-CA.md
[09:21:44] Start geting global Bing Wallpaper, region=en-GB, local time is 2024-03-13 09:21:44.109467+00:00
[09:21:44] Successful get url: https://www.bing.com/th?id=OHR.MagadiFlamingos_EN-GB8544970880_UHD.jpg
[09:21:44] Picture infomations saved to  global/en-GB/README.md
[09:21:44] Picture infomations saved to global/en-GB/history/2024/03/14_en-GB.md
[09:21:44] Start geting global Bing Wallpaper, region=it-IT, local time is 2024-03-13 10:21:44.313569+01:00
[09:21:44] Successful get url: https://www.bing.com/th?id=OHR.MagadiFlamingos_IT-IT3571024430_UHD.jpg
[09:21:44] Picture infomations saved to  global/it-IT/README.md
[09:21:44] Picture infomations saved to global/it-IT/history/2024/03/13_it-IT.md
[09:21:44] Start geting global Bing Wallpaper, region=es-ES, local time is 2024-03-13 10:21:44.499164+01:00
[09:21:44] Successful get url: https://www.bing.com/th?id=OHR.MagadiFlamingos_ES-ES7116146101_UHD.jpg
[09:21:44] Picture infomations saved to  global/es-ES/README.md
[09:21:44] Picture infomations saved to global/es-ES/history/2024/03/13_es-ES.md
[09:21:44] Start geting global Bing Wallpaper, region=fr-CA, local time is 2024-03-13 05:21:44.636069-04:00
[09:21:44] Successful get url: https://www.bing.com/th?id=OHR.MagadiFlamingos_FR-CA8007407387_UHD.jpg
[09:21:44] Picture infomations saved to  global/fr-CA/README.md
[09:21:44] Picture infomations saved to global/fr-CA/history/2024/03/14_fr-CA.md
Program exit at 09:21:44
