
Program started at 09:21:27
Operating System Name: Linux
Operating System Version: #15~22.04.1-Ubuntu SMP Tue Feb 13 01:15:12 UTC 2024
System Architecture: ('64bit', 'ELF')
Computer Type: x86_64
Computer Name: fv-az842-374
Processor Type: x86_64
Python Version: 3.12.2
Python Interpreter Name: CPython
[09:21:27] Start geting CN Bing Wallpaper
[09:21:27] Successful get url: https://www.bing.com/th?id=OHR.WahclellaFalls_ZH-CN4932852217_UHD.jpg
[09:21:27] Image saved to img/background.jpg
[09:21:27] Info saved to README.md
[09:21:27] Image saved to history/2024/03/06.md
[09:21:27] Start geting global Bing Wallpaper, region=en-US, local time is 2024-03-06 04:21:27.325108-05:00
[09:21:27] Successful get url: https://www.bing.com/th?id=OHR.WahclellaFalls_EN-US4371863309_UHD.jpg
[09:21:27] Picture infomations saved to  global/en-US/README.md
[09:21:27] Picture infomations saved to global/en-US/history/2024/03/07_en-US.md
[09:21:27] Start geting global Bing Wallpaper, region=ja-JP, local time is 2024-03-06 18:21:27.547956+09:00
[09:21:27] Successful get url: https://www.bing.com/th?id=OHR.WahclellaFalls_JA-JP1412765410_UHD.jpg
[09:21:27] Picture infomations saved to  global/ja-JP/README.md
[09:21:27] Picture infomations saved to global/ja-JP/history/2024/03/06_ja-JP.md
[09:21:27] Start geting global Bing Wallpaper, region=en-IN, local time is 2024-03-06 14:51:27.735531+05:30
[09:21:27] Successful get url: https://www.bing.com/th?id=OHR.WahclellaFalls_EN-IN2266702818_UHD.jpg
[09:21:27] Picture infomations saved to  global/en-IN/README.md
[09:21:27] Picture infomations saved to global/en-IN/history/2024/03/06_en-IN.md
[09:21:27] Start geting global Bing Wallpaper, region=pt-BR, local time is 2024-03-06 06:21:27.939633-03:00
[09:21:28] Successful get url: https://www.bing.com/th?id=OHR.WahclellaFalls_PT-BR3300718426_UHD.jpg
[09:21:28] Picture infomations saved to  global/pt-BR/README.md
[09:21:28] Picture infomations saved to global/pt-BR/history/2024/03/07_pt-BR.md
[09:21:28] Start geting global Bing Wallpaper, region=fr-FR, local time is 2024-03-06 10:21:28.130483+01:00
[09:21:28] Successful get url: https://www.bing.com/th?id=OHR.WahclellaFalls_FR-FR6884948477_UHD.jpg
[09:21:28] Picture infomations saved to  global/fr-FR/README.md
[09:21:28] Picture infomations saved to global/fr-FR/history/2024/03/06_fr-FR.md
[09:21:28] Start geting global Bing Wallpaper, region=de-DE, local time is 2024-03-06 10:21:28.336960+01:00
[09:21:28] Successful get url: https://www.bing.com/th?id=OHR.WahclellaFalls_DE-DE6758659326_UHD.jpg
[09:21:28] Picture infomations saved to  global/de-DE/README.md
[09:21:28] Picture infomations saved to global/de-DE/history/2024/03/06_de-DE.md
[09:21:28] Start geting global Bing Wallpaper, region=en-CA, local time is 2024-03-06 04:21:28.569475-05:00
[09:21:28] Successful get url: https://www.bing.com/th?id=OHR.WahclellaFalls_EN-CA9749764776_UHD.jpg
[09:21:28] Picture infomations saved to  global/en-CA/README.md
[09:21:28] Picture infomations saved to global/en-CA/history/2024/03/07_en-CA.md
[09:21:28] Start geting global Bing Wallpaper, region=en-GB, local time is 2024-03-06 09:21:28.772858+00:00
[09:21:28] Successful get url: https://www.bing.com/th?id=OHR.WahclellaFalls_EN-GB8488291917_UHD.jpg
[09:21:28] Picture infomations saved to  global/en-GB/README.md
[09:21:28] Picture infomations saved to global/en-GB/history/2024/03/07_en-GB.md
[09:21:28] Start geting global Bing Wallpaper, region=it-IT, local time is 2024-03-06 10:21:28.968784+01:00
[09:21:29] Successful get url: https://www.bing.com/th?id=OHR.WahclellaFalls_IT-IT1579861571_UHD.jpg
[09:21:29] Picture infomations saved to  global/it-IT/README.md
[09:21:29] Picture infomations saved to global/it-IT/history/2024/03/06_it-IT.md
[09:21:29] Start geting global Bing Wallpaper, region=es-ES, local time is 2024-03-06 10:21:29.152229+01:00
[09:21:29] Successful get url: https://www.bing.com/th?id=OHR.WahclellaFalls_ES-ES6891915374_UHD.jpg
[09:21:29] Picture infomations saved to  global/es-ES/README.md
[09:21:29] Picture infomations saved to global/es-ES/history/2024/03/06_es-ES.md
[09:21:29] Start geting global Bing Wallpaper, region=fr-CA, local time is 2024-03-06 04:21:29.330070-05:00
[09:21:29] Successful get url: https://www.bing.com/th?id=OHR.WahclellaFalls_FR-CA5508571587_UHD.jpg
[09:21:29] Picture infomations saved to  global/fr-CA/README.md
[09:21:29] Picture infomations saved to global/fr-CA/history/2024/03/07_fr-CA.md
Program exit at 09:21:29
