
Program started at 09:21:33
Operating System Name: Linux
Operating System Version: #16~22.04.1-Ubuntu SMP Fri Feb 16 15:42:02 UTC 2024
System Architecture: ('64bit', 'ELF')
Computer Type: x86_64
Computer Name: fv-az840-334
Processor Type: x86_64
Python Version: 3.12.2
Python Interpreter Name: CPython
[09:21:33] Start geting CN Bing Wallpaper
[09:21:34] Successful get url: https://www.bing.com/th?id=OHR.WhiteEyes_ZH-CN1130380430_UHD.jpg
[09:21:34] Image saved to img/background.jpg
[09:21:34] Info saved to README.md
[09:21:34] Image saved to history/2024/03/24.md
[09:21:34] Start geting global Bing Wallpaper, region=en-US, local time is 2024-03-24 05:21:34.170604-04:00
[09:21:34] Successful get url: https://www.bing.com/th?id=OHR.WhiteEyes_EN-US2249866810_UHD.jpg
[09:21:34] Picture infomations saved to  global/en-US/README.md
[09:21:34] Picture infomations saved to global/en-US/history/2024/03/25_en-US.md
[09:21:34] Start geting global Bing Wallpaper, region=ja-JP, local time is 2024-03-24 18:21:34.434777+09:00
[09:21:34] Successful get url: https://www.bing.com/th?id=OHR.AntelopeBotswana_JA-JP4419409957_UHD.jpg
[09:21:34] Picture infomations saved to  global/ja-JP/README.md
[09:21:34] Picture infomations saved to global/ja-JP/history/2024/03/24_ja-JP.md
[09:21:34] Start geting global Bing Wallpaper, region=en-IN, local time is 2024-03-24 14:51:34.645471+05:30
[09:21:34] Successful get url: https://www.bing.com/th?id=OHR.WhiteEyes_EN-IN1161324930_UHD.jpg
[09:21:34] Picture infomations saved to  global/en-IN/README.md
[09:21:34] Picture infomations saved to global/en-IN/history/2024/03/24_en-IN.md
[09:21:34] Start geting global Bing Wallpaper, region=pt-BR, local time is 2024-03-24 06:21:34.847799-03:00
[09:21:34] Successful get url: https://www.bing.com/th?id=OHR.WhiteEyes_PT-BR8910495803_UHD.jpg
[09:21:35] Picture infomations saved to  global/pt-BR/README.md
[09:21:35] Picture infomations saved to global/pt-BR/history/2024/03/25_pt-BR.md
[09:21:35] Start geting global Bing Wallpaper, region=fr-FR, local time is 2024-03-24 10:21:35.022175+01:00
[09:21:35] Successful get url: https://www.bing.com/th?id=OHR.WhiteEyes_FR-FR8585803906_UHD.jpg
[09:21:35] Picture infomations saved to  global/fr-FR/README.md
[09:21:35] Picture infomations saved to global/fr-FR/history/2024/03/24_fr-FR.md
[09:21:35] Start geting global Bing Wallpaper, region=de-DE, local time is 2024-03-24 10:21:35.186083+01:00
[09:21:35] Successful get url: https://www.bing.com/th?id=OHR.ViewFieldsBavaria_DE-DE3928372966_UHD.jpg
[09:21:35] Picture infomations saved to  global/de-DE/README.md
[09:21:35] Picture infomations saved to global/de-DE/history/2024/03/24_de-DE.md
[09:21:35] Start geting global Bing Wallpaper, region=en-CA, local time is 2024-03-24 05:21:35.378625-04:00
[09:21:35] Successful get url: https://www.bing.com/th?id=OHR.WhiteEyes_EN-CA4348567130_UHD.jpg
[09:21:35] Picture infomations saved to  global/en-CA/README.md
[09:21:35] Picture infomations saved to global/en-CA/history/2024/03/25_en-CA.md
[09:21:35] Start geting global Bing Wallpaper, region=en-GB, local time is 2024-03-24 09:21:35.555184+00:00
[09:21:35] Successful get url: https://www.bing.com/th?id=OHR.WhiteEyes_EN-GB5831374525_UHD.jpg
[09:21:35] Picture infomations saved to  global/en-GB/README.md
[09:21:35] Picture infomations saved to global/en-GB/history/2024/03/25_en-GB.md
[09:21:35] Start geting global Bing Wallpaper, region=it-IT, local time is 2024-03-24 10:21:35.726253+01:00
[09:21:35] Successful get url: https://www.bing.com/th?id=OHR.WhiteEyes_IT-IT2367465138_UHD.jpg
[09:21:35] Picture infomations saved to  global/it-IT/README.md
[09:21:35] Picture infomations saved to global/it-IT/history/2024/03/24_it-IT.md
[09:21:35] Start geting global Bing Wallpaper, region=es-ES, local time is 2024-03-24 10:21:35.915416+01:00
[09:21:35] Successful get url: https://www.bing.com/th?id=OHR.WhiteEyes_ES-ES7879462917_UHD.jpg
[09:21:36] Picture infomations saved to  global/es-ES/README.md
[09:21:36] Picture infomations saved to global/es-ES/history/2024/03/24_es-ES.md
[09:21:36] Start geting global Bing Wallpaper, region=fr-CA, local time is 2024-03-24 05:21:36.082309-04:00
[09:21:36] Successful get url: https://www.bing.com/th?id=OHR.WhiteEyes_FR-CA7033584242_UHD.jpg
[09:21:36] Picture infomations saved to  global/fr-CA/README.md
[09:21:36] Picture infomations saved to global/fr-CA/history/2024/03/25_fr-CA.md
Program exit at 09:21:36
