
Program started at 09:24:05
Operating System Name: Linux
Operating System Version: #15~22.04.1-Ubuntu SMP Tue Feb 13 01:15:12 UTC 2024
System Architecture: ('64bit', 'ELF')
Computer Type: x86_64
Computer Name: fv-az1205-976
Processor Type: x86_64
Python Version: 3.12.2
Python Interpreter Name: CPython
[09:24:05] Start geting CN Bing Wallpaper
[09:24:05] Successful get url: https://www.bing.com/th?id=OHR.Schmetterlingswiese_ZH-CN3740804088_UHD.jpg
[09:24:05] Image saved to img/background.jpg
[09:24:05] Info saved to README.md
[09:24:05] Image saved to history/2024/03/01.md
[09:24:05] Start geting global Bing Wallpaper, region=en-US, local time is 2024-03-01 04:24:05.609496-05:00
[09:24:05] Successful get url: https://www.bing.com/th?id=OHR.SuffrageParade_EN-US3648247280_UHD.jpg
[09:24:05] Picture infomations saved to  global/en-US/README.md
[09:24:05] Picture infomations saved to global/en-US/history/2024/03/02_en-US.md
[09:24:05] Start geting global Bing Wallpaper, region=ja-JP, local time is 2024-03-01 18:24:05.794987+09:00
[09:24:05] Successful get url: https://www.bing.com/th?id=OHR.ModicaItaly_JA-JP0616823869_UHD.jpg
[09:24:05] Picture infomations saved to  global/ja-JP/README.md
[09:24:05] Picture infomations saved to global/ja-JP/history/2024/03/01_ja-JP.md
[09:24:05] Start geting global Bing Wallpaper, region=en-IN, local time is 2024-03-01 14:54:05.976168+05:30
[09:24:06] Successful get url: https://www.bing.com/th?id=OHR.HolyVaranasi_EN-IN2569299872_UHD.jpg
[09:24:06] Picture infomations saved to  global/en-IN/README.md
[09:24:06] Picture infomations saved to global/en-IN/history/2024/03/01_en-IN.md
[09:24:06] Start geting global Bing Wallpaper, region=pt-BR, local time is 2024-03-01 06:24:06.190109-03:00
[09:24:06] Successful get url: https://www.bing.com/th?id=OHR.Schmetterlingswiese_PT-BR1454975701_UHD.jpg
[09:24:06] Picture infomations saved to  global/pt-BR/README.md
[09:24:06] Picture infomations saved to global/pt-BR/history/2024/03/02_pt-BR.md
[09:24:06] Start geting global Bing Wallpaper, region=fr-FR, local time is 2024-03-01 10:24:06.366448+01:00
[09:24:06] Successful get url: https://www.bing.com/th?id=OHR.Badger_FR-FR5236947017_UHD.jpg
[09:24:06] Picture infomations saved to  global/fr-FR/README.md
[09:24:06] Picture infomations saved to global/fr-FR/history/2024/03/01_fr-FR.md
[09:24:06] Start geting global Bing Wallpaper, region=de-DE, local time is 2024-03-01 10:24:06.567479+01:00
[09:24:06] Successful get url: https://www.bing.com/th?id=OHR.Schmetterlingswiese_DE-DE0613438088_UHD.jpg
[09:24:06] Picture infomations saved to  global/de-DE/README.md
[09:24:06] Picture infomations saved to global/de-DE/history/2024/03/01_de-DE.md
[09:24:06] Start geting global Bing Wallpaper, region=en-CA, local time is 2024-03-01 04:24:06.766214-05:00
[09:24:06] Successful get url: https://www.bing.com/th?id=OHR.WheatonRiverYukon_EN-CA9040567643_UHD.jpg
[09:24:06] Picture infomations saved to  global/en-CA/README.md
[09:24:06] Picture infomations saved to global/en-CA/history/2024/03/02_en-CA.md
[09:24:06] Start geting global Bing Wallpaper, region=en-GB, local time is 2024-03-01 09:24:06.940557+00:00
[09:24:07] Successful get url: https://www.bing.com/th?id=OHR.StDavidsPembrokeshire_EN-GB6636392308_UHD.jpg
[09:24:07] Picture infomations saved to  global/en-GB/README.md
[09:24:07] Picture infomations saved to global/en-GB/history/2024/03/02_en-GB.md
[09:24:07] Start geting global Bing Wallpaper, region=it-IT, local time is 2024-03-01 10:24:07.140424+01:00
[09:24:07] Successful get url: https://www.bing.com/th?id=OHR.CinqueTorriCortina_IT-IT1456925506_UHD.jpg
[09:24:07] Picture infomations saved to  global/it-IT/README.md
[09:24:07] Picture infomations saved to global/it-IT/history/2024/03/01_it-IT.md
[09:24:07] Start geting global Bing Wallpaper, region=es-ES, local time is 2024-03-01 10:24:07.314456+01:00
[09:24:07] Successful get url: https://www.bing.com/th?id=OHR.FilmFestivalMalaga_ES-ES5797431476_UHD.jpg
[09:24:07] Picture infomations saved to  global/es-ES/README.md
[09:24:07] Picture infomations saved to global/es-ES/history/2024/03/01_es-ES.md
[09:24:07] Start geting global Bing Wallpaper, region=fr-CA, local time is 2024-03-01 04:24:07.493586-05:00
[09:24:07] Successful get url: https://www.bing.com/th?id=OHR.WheatonRiverYukon_FR-CA1750282426_UHD.jpg
[09:24:07] Picture infomations saved to  global/fr-CA/README.md
[09:24:07] Picture infomations saved to global/fr-CA/history/2024/03/02_fr-CA.md
Program exit at 09:24:07

Program started at 16:10:48
Operating System Name: Linux
Operating System Version: #15~22.04.1-Ubuntu SMP Tue Feb 13 01:15:12 UTC 2024
System Architecture: ('64bit', 'ELF')
Computer Type: x86_64
Computer Name: fv-az738-63
Processor Type: x86_64
Python Version: 3.12.2
Python Interpreter Name: CPython
[16:10:48] Start geting CN Bing Wallpaper
[16:10:48] Successful get url: https://www.bing.com/th?id=OHR.ModicaItaly_ZH-CN3893147952_UHD.jpg
[16:10:48] Image saved to img/background.jpg
[16:10:48] Info saved to README.md
[16:10:48] Image saved to history/2024/03/02.md
[16:10:48] Start geting global Bing Wallpaper, region=en-US, local time is 2024-03-01 11:10:48.858373-05:00
[16:10:48] Successful get url: https://www.bing.com/th?id=OHR.SuffrageParade_EN-US3648247280_UHD.jpg
[16:10:49] Picture infomations saved to  global/en-US/README.md
[16:10:49] Picture infomations saved to global/en-US/history/2024/03/02_en-US.md
[16:10:49] Start geting global Bing Wallpaper, region=ja-JP, local time is 2024-03-02 01:10:49.093670+09:00
[16:10:49] Successful get url: https://www.bing.com/th?id=OHR.KrugerLeopard_JA-JP0770741894_UHD.jpg
[16:10:49] Picture infomations saved to  global/ja-JP/README.md
[16:10:49] Picture infomations saved to global/ja-JP/history/2024/03/02_ja-JP.md
[16:10:49] Start geting global Bing Wallpaper, region=en-IN, local time is 2024-03-01 21:40:49.302515+05:30
[16:10:49] Successful get url: https://www.bing.com/th?id=OHR.HolyVaranasi_EN-IN2569299872_UHD.jpg
[16:10:49] Picture infomations saved to  global/en-IN/README.md
[16:10:49] Picture infomations saved to global/en-IN/history/2024/03/01_en-IN.md
[16:10:49] Start geting global Bing Wallpaper, region=pt-BR, local time is 2024-03-01 13:10:49.513775-03:00
[16:10:49] Successful get url: https://www.bing.com/th?id=OHR.Schmetterlingswiese_PT-BR1454975701_UHD.jpg
[16:10:49] Picture infomations saved to  global/pt-BR/README.md
[16:10:49] Picture infomations saved to global/pt-BR/history/2024/03/02_pt-BR.md
[16:10:49] Start geting global Bing Wallpaper, region=fr-FR, local time is 2024-03-01 17:10:49.710456+01:00
[16:10:49] Successful get url: https://www.bing.com/th?id=OHR.Badger_FR-FR5236947017_UHD.jpg
[16:10:49] Picture infomations saved to  global/fr-FR/README.md
[16:10:49] Picture infomations saved to global/fr-FR/history/2024/03/01_fr-FR.md
[16:10:49] Start geting global Bing Wallpaper, region=de-DE, local time is 2024-03-01 17:10:49.895984+01:00
[16:10:49] Successful get url: https://www.bing.com/th?id=OHR.Schmetterlingswiese_DE-DE0613438088_UHD.jpg
[16:10:50] Picture infomations saved to  global/de-DE/README.md
[16:10:50] Picture infomations saved to global/de-DE/history/2024/03/01_de-DE.md
[16:10:50] Start geting global Bing Wallpaper, region=en-CA, local time is 2024-03-01 11:10:50.124292-05:00
[16:10:50] Successful get url: https://www.bing.com/th?id=OHR.WheatonRiverYukon_EN-CA9040567643_UHD.jpg
[16:10:50] Picture infomations saved to  global/en-CA/README.md
[16:10:50] Picture infomations saved to global/en-CA/history/2024/03/02_en-CA.md
[16:10:50] Start geting global Bing Wallpaper, region=en-GB, local time is 2024-03-01 16:10:50.318592+00:00
[16:10:50] Successful get url: https://www.bing.com/th?id=OHR.StDavidsPembrokeshire_EN-GB6636392308_UHD.jpg
[16:10:50] Picture infomations saved to  global/en-GB/README.md
[16:10:50] Picture infomations saved to global/en-GB/history/2024/03/02_en-GB.md
[16:10:50] Start geting global Bing Wallpaper, region=it-IT, local time is 2024-03-01 17:10:50.540236+01:00
[16:10:50] Successful get url: https://www.bing.com/th?id=OHR.CinqueTorriCortina_IT-IT1456925506_UHD.jpg
[16:10:50] Picture infomations saved to  global/it-IT/README.md
[16:10:50] Picture infomations saved to global/it-IT/history/2024/03/01_it-IT.md
[16:10:50] Start geting global Bing Wallpaper, region=es-ES, local time is 2024-03-01 17:10:50.730610+01:00
[16:10:50] Successful get url: https://www.bing.com/th?id=OHR.FilmFestivalMalaga_ES-ES1114429111_UHD.jpg
[16:10:50] Picture infomations saved to  global/es-ES/README.md
[16:10:50] Picture infomations saved to global/es-ES/history/2024/03/01_es-ES.md
[16:10:50] Start geting global Bing Wallpaper, region=fr-CA, local time is 2024-03-01 11:10:50.924800-05:00
[16:10:50] Successful get url: https://www.bing.com/th?id=OHR.WheatonRiverYukon_FR-CA1750282426_UHD.jpg
[16:10:51] Picture infomations saved to  global/fr-CA/README.md
[16:10:51] Picture infomations saved to global/fr-CA/history/2024/03/02_fr-CA.md
Program exit at 16:10:51
