
Program started at 09:19:27
Operating System Name: Linux
Operating System Version: #16~22.04.1-Ubuntu SMP Fri Feb 16 15:42:02 UTC 2024
System Architecture: ('64bit', 'ELF')
Computer Type: x86_64
Computer Name: fv-az1205-712
Processor Type: x86_64
Python Version: 3.12.2
Python Interpreter Name: CPython
[09:19:27] Start geting CN Bing Wallpaper
[09:19:27] Successful get url: https://www.bing.com/th?id=OHR.BambooPanda_ZH-CN8455481760_UHD.jpg
[09:19:27] Image saved to img/background.jpg
[09:19:27] Info saved to README.md
[09:19:27] Image saved to history/2024/03/16.md
[09:19:27] Start geting global Bing Wallpaper, region=en-US, local time is 2024-03-16 05:19:27.866631-04:00
[09:19:27] Successful get url: https://www.bing.com/th?id=OHR.BambooPanda_EN-US2038899729_UHD.jpg
[09:19:28] Picture infomations saved to  global/en-US/README.md
[09:19:28] Picture infomations saved to global/en-US/history/2024/03/17_en-US.md
[09:19:28] Start geting global Bing Wallpaper, region=ja-JP, local time is 2024-03-16 18:19:28.092115+09:00
[09:19:28] Successful get url: https://www.bing.com/th?id=OHR.BambooPanda_JA-JP4357227516_UHD.jpg
[09:19:28] Picture infomations saved to  global/ja-JP/README.md
[09:19:28] Picture infomations saved to global/ja-JP/history/2024/03/16_ja-JP.md
[09:19:28] Start geting global Bing Wallpaper, region=en-IN, local time is 2024-03-16 14:49:28.279994+05:30
[09:19:28] Successful get url: https://www.bing.com/th?id=OHR.BambooPanda_EN-IN2073859171_UHD.jpg
[09:19:28] Picture infomations saved to  global/en-IN/README.md
[09:19:28] Picture infomations saved to global/en-IN/history/2024/03/16_en-IN.md
[09:19:28] Start geting global Bing Wallpaper, region=pt-BR, local time is 2024-03-16 06:19:28.474610-03:00
[09:19:28] Successful get url: https://www.bing.com/th?id=OHR.BambooPanda_PT-BR2137672411_UHD.jpg
[09:19:28] Picture infomations saved to  global/pt-BR/README.md
[09:19:28] Picture infomations saved to global/pt-BR/history/2024/03/17_pt-BR.md
[09:19:28] Start geting global Bing Wallpaper, region=fr-FR, local time is 2024-03-16 10:19:28.639546+01:00
[09:19:28] Successful get url: https://www.bing.com/th?id=OHR.BambooPanda_FR-FR2591411752_UHD.jpg
[09:19:28] Picture infomations saved to  global/fr-FR/README.md
[09:19:28] Picture infomations saved to global/fr-FR/history/2024/03/16_fr-FR.md
[09:19:28] Start geting global Bing Wallpaper, region=de-DE, local time is 2024-03-16 10:19:28.822855+01:00
[09:19:28] Successful get url: https://www.bing.com/th?id=OHR.BambooPanda_DE-DE5582492401_UHD.jpg
[09:19:28] Picture infomations saved to  global/de-DE/README.md
[09:19:28] Picture infomations saved to global/de-DE/history/2024/03/16_de-DE.md
[09:19:28] Start geting global Bing Wallpaper, region=en-CA, local time is 2024-03-16 05:19:28.981260-04:00
[09:19:29] Successful get url: https://www.bing.com/th?id=OHR.BambooPanda_EN-CA7469688452_UHD.jpg
[09:19:29] Picture infomations saved to  global/en-CA/README.md
[09:19:29] Picture infomations saved to global/en-CA/history/2024/03/17_en-CA.md
[09:19:29] Start geting global Bing Wallpaper, region=en-GB, local time is 2024-03-16 09:19:29.164782+00:00
[09:19:29] Successful get url: https://www.bing.com/th?id=OHR.BambooPanda_EN-GB5869925596_UHD.jpg
[09:19:29] Picture infomations saved to  global/en-GB/README.md
[09:19:29] Picture infomations saved to global/en-GB/history/2024/03/17_en-GB.md
[09:19:29] Start geting global Bing Wallpaper, region=it-IT, local time is 2024-03-16 10:19:29.362802+01:00
[09:19:29] Successful get url: https://www.bing.com/th?id=OHR.BambooPanda_IT-IT5188324890_UHD.jpg
[09:19:29] Picture infomations saved to  global/it-IT/README.md
[09:19:29] Picture infomations saved to global/it-IT/history/2024/03/16_it-IT.md
[09:19:29] Start geting global Bing Wallpaper, region=es-ES, local time is 2024-03-16 10:19:29.554924+01:00
[09:19:29] Successful get url: https://www.bing.com/th?id=OHR.BambooPanda_ES-ES8233000547_UHD.jpg
[09:19:29] Picture infomations saved to  global/es-ES/README.md
[09:19:29] Picture infomations saved to global/es-ES/history/2024/03/16_es-ES.md
[09:19:29] Start geting global Bing Wallpaper, region=fr-CA, local time is 2024-03-16 05:19:29.739081-04:00
[09:19:29] Successful get url: https://www.bing.com/th?id=OHR.BambooPanda_FR-CA8643351568_UHD.jpg
[09:19:29] Picture infomations saved to  global/fr-CA/README.md
[09:19:29] Picture infomations saved to global/fr-CA/history/2024/03/17_fr-CA.md
Program exit at 09:19:29
