
Program started at 09:21:38
Operating System Name: Linux
Operating System Version: #16~22.04.1-Ubuntu SMP Fri Feb 16 15:42:02 UTC 2024
System Architecture: ('64bit', 'ELF')
Computer Type: x86_64
Computer Name: fv-az1200-640
Processor Type: x86_64
Python Version: 3.12.2
Python Interpreter Name: CPython
[09:21:38] Start geting CN Bing Wallpaper
[09:21:38] Successful get url: https://www.bing.com/th?id=OHR.TulipAbbotsford_ZH-CN1401627293_UHD.jpg
[09:21:38] Image saved to img/background.jpg
[09:21:38] Info saved to README.md
[09:21:38] Image saved to history/2024/03/25.md
[09:21:38] Start geting global Bing Wallpaper, region=en-US, local time is 2024-03-25 05:21:38.914560-04:00
[09:21:38] Successful get url: https://www.bing.com/th?id=OHR.ColorfulHoli_EN-US2354988297_UHD.jpg
[09:21:39] Picture infomations saved to  global/en-US/README.md
[09:21:39] Picture infomations saved to global/en-US/history/2024/03/26_en-US.md
[09:21:39] Start geting global Bing Wallpaper, region=ja-JP, local time is 2024-03-25 18:21:39.130307+09:00
[09:21:39] Successful get url: https://www.bing.com/th?id=OHR.ColorfulHoli_JA-JP4638350581_UHD.jpg
[09:21:39] Picture infomations saved to  global/ja-JP/README.md
[09:21:39] Picture infomations saved to global/ja-JP/history/2024/03/25_ja-JP.md
[09:21:39] Start geting global Bing Wallpaper, region=en-IN, local time is 2024-03-25 14:51:39.363099+05:30
[09:21:39] Successful get url: https://www.bing.com/th?id=OHR.ColorfulHoli_EN-IN1408702608_UHD.jpg
[09:21:39] Picture infomations saved to  global/en-IN/README.md
[09:21:39] Picture infomations saved to global/en-IN/history/2024/03/25_en-IN.md
[09:21:39] Start geting global Bing Wallpaper, region=pt-BR, local time is 2024-03-25 06:21:39.558011-03:00
[09:21:39] Successful get url: https://www.bing.com/th?id=OHR.ColorfulHoli_PT-BR7363563541_UHD.jpg
[09:21:39] Picture infomations saved to  global/pt-BR/README.md
[09:21:39] Picture infomations saved to global/pt-BR/history/2024/03/26_pt-BR.md
[09:21:39] Start geting global Bing Wallpaper, region=fr-FR, local time is 2024-03-25 10:21:39.758345+01:00
[09:21:39] Successful get url: https://www.bing.com/th?id=OHR.ProcrastinationDay_FR-FR8703277811_UHD.jpg
[09:21:39] Picture infomations saved to  global/fr-FR/README.md
[09:21:39] Picture infomations saved to global/fr-FR/history/2024/03/25_fr-FR.md
[09:21:39] Start geting global Bing Wallpaper, region=de-DE, local time is 2024-03-25 10:21:39.959849+01:00
[09:21:40] Successful get url: https://www.bing.com/th?id=OHR.ColorfulHoli_DE-DE3992457522_UHD.jpg
[09:21:40] Picture infomations saved to  global/de-DE/README.md
[09:21:40] Picture infomations saved to global/de-DE/history/2024/03/25_de-DE.md
[09:21:40] Start geting global Bing Wallpaper, region=en-CA, local time is 2024-03-25 05:21:40.182456-04:00
[09:21:40] Successful get url: https://www.bing.com/th?id=OHR.ColorfulHoli_EN-CA4586969756_UHD.jpg
[09:21:40] Picture infomations saved to  global/en-CA/README.md
[09:21:40] Picture infomations saved to global/en-CA/history/2024/03/26_en-CA.md
[09:21:40] Start geting global Bing Wallpaper, region=en-GB, local time is 2024-03-25 09:21:40.394557+00:00
[09:21:40] Successful get url: https://www.bing.com/th?id=OHR.ColorfulHoli_EN-GB2645468196_UHD.jpg
[09:21:40] Picture infomations saved to  global/en-GB/README.md
[09:21:40] Picture infomations saved to global/en-GB/history/2024/03/26_en-GB.md
[09:21:40] Start geting global Bing Wallpaper, region=it-IT, local time is 2024-03-25 10:21:40.595563+01:00
[09:21:40] Successful get url: https://www.bing.com/th?id=OHR.ColorfulHoli_IT-IT7690011331_UHD.jpg
[09:21:40] Picture infomations saved to  global/it-IT/README.md
[09:21:40] Picture infomations saved to global/it-IT/history/2024/03/25_it-IT.md
[09:21:40] Start geting global Bing Wallpaper, region=es-ES, local time is 2024-03-25 10:21:40.773855+01:00
[09:21:40] Successful get url: https://www.bing.com/th?id=OHR.ColorfulHoli_ES-ES7983447833_UHD.jpg
[09:21:41] Picture infomations saved to  global/es-ES/README.md
[09:21:41] Picture infomations saved to global/es-ES/history/2024/03/25_es-ES.md
[09:21:41] Start geting global Bing Wallpaper, region=fr-CA, local time is 2024-03-25 05:21:41.042206-04:00
[09:21:41] Successful get url: https://www.bing.com/th?id=OHR.ColorfulHoli_FR-CA7316925467_UHD.jpg
[09:21:41] Picture infomations saved to  global/fr-CA/README.md
[09:21:41] Picture infomations saved to global/fr-CA/history/2024/03/26_fr-CA.md
Program exit at 09:21:41
