
Program started at 09:20:58
Operating System Name: Linux
Operating System Version: #16~22.04.1-Ubuntu SMP Fri Feb 16 15:42:02 UTC 2024
System Architecture: ('64bit', 'ELF')
Computer Type: x86_64
Computer Name: fv-az849-488
Processor Type: x86_64
Python Version: 3.12.2
Python Interpreter Name: CPython
[09:20:59] Start geting CN Bing Wallpaper
[09:20:59] Successful get url: https://www.bing.com/th?id=OHR.AlmondBloom_ZH-CN9441550492_UHD.jpg
[09:20:59] Image saved to img/background.jpg
[09:20:59] Info saved to README.md
[09:20:59] Image saved to history/2024/03/19.md
[09:20:59] Start geting global Bing Wallpaper, region=en-US, local time is 2024-03-19 05:20:59.277868-04:00
[09:20:59] Successful get url: https://www.bing.com/th?id=OHR.SpringFrog_EN-US7109699294_UHD.jpg
[09:20:59] Picture infomations saved to  global/en-US/README.md
[09:20:59] Picture infomations saved to global/en-US/history/2024/03/20_en-US.md
[09:20:59] Start geting global Bing Wallpaper, region=ja-JP, local time is 2024-03-19 18:20:59.446320+09:00
[09:20:59] Successful get url: https://www.bing.com/th?id=OHR.BryceSnow_JA-JP4938121574_UHD.jpg
[09:20:59] Picture infomations saved to  global/ja-JP/README.md
[09:20:59] Picture infomations saved to global/ja-JP/history/2024/03/19_ja-JP.md
[09:20:59] Start geting global Bing Wallpaper, region=en-IN, local time is 2024-03-19 14:50:59.601899+05:30
[09:20:59] Successful get url: https://www.bing.com/th?id=OHR.SpringFrog_EN-IN2337818146_UHD.jpg
[09:20:59] Picture infomations saved to  global/en-IN/README.md
[09:20:59] Picture infomations saved to global/en-IN/history/2024/03/19_en-IN.md
[09:20:59] Start geting global Bing Wallpaper, region=pt-BR, local time is 2024-03-19 06:20:59.774930-03:00
[09:20:59] Successful get url: https://www.bing.com/th?id=OHR.SpringFrog_PT-BR2957338911_UHD.jpg
[09:20:59] Picture infomations saved to  global/pt-BR/README.md
[09:20:59] Picture infomations saved to global/pt-BR/history/2024/03/20_pt-BR.md
[09:20:59] Start geting global Bing Wallpaper, region=fr-FR, local time is 2024-03-19 10:20:59.933517+01:00
[09:21:00] Successful get url: https://www.bing.com/th?id=OHR.SpringFrog_FR-FR3345406891_UHD.jpg
[09:21:00] Picture infomations saved to  global/fr-FR/README.md
[09:21:00] Picture infomations saved to global/fr-FR/history/2024/03/19_fr-FR.md
[09:21:00] Start geting global Bing Wallpaper, region=de-DE, local time is 2024-03-19 10:21:00.076072+01:00
[09:21:00] Successful get url: https://www.bing.com/th?id=OHR.SpringCaveDale_DE-DE4412731356_UHD.jpg
[09:21:00] Picture infomations saved to  global/de-DE/README.md
[09:21:00] Picture infomations saved to global/de-DE/history/2024/03/19_de-DE.md
[09:21:00] Start geting global Bing Wallpaper, region=en-CA, local time is 2024-03-19 05:21:00.231777-04:00
[09:21:00] Successful get url: https://www.bing.com/th?id=OHR.SpringFrog_EN-CA2338821027_UHD.jpg
[09:21:00] Picture infomations saved to  global/en-CA/README.md
[09:21:00] Picture infomations saved to global/en-CA/history/2024/03/20_en-CA.md
[09:21:00] Start geting global Bing Wallpaper, region=en-GB, local time is 2024-03-19 09:21:00.370334+00:00
[09:21:00] Successful get url: https://www.bing.com/th?id=OHR.SpringCaveDale_EN-GB2092563802_UHD.jpg
[09:21:00] Picture infomations saved to  global/en-GB/README.md
[09:21:00] Picture infomations saved to global/en-GB/history/2024/03/20_en-GB.md
[09:21:00] Start geting global Bing Wallpaper, region=it-IT, local time is 2024-03-19 10:21:00.514058+01:00
[09:21:00] Successful get url: https://www.bing.com/th?id=OHR.RedFox_IT-IT0563708572_UHD.jpg
[09:21:00] Picture infomations saved to  global/it-IT/README.md
[09:21:00] Picture infomations saved to global/it-IT/history/2024/03/19_it-IT.md
[09:21:00] Start geting global Bing Wallpaper, region=es-ES, local time is 2024-03-19 10:21:00.699469+01:00
[09:21:00] Successful get url: https://www.bing.com/th?id=OHR.RedFox_ES-ES2820174785_UHD.jpg
[09:21:00] Picture infomations saved to  global/es-ES/README.md
[09:21:00] Picture infomations saved to global/es-ES/history/2024/03/19_es-ES.md
[09:21:00] Start geting global Bing Wallpaper, region=fr-CA, local time is 2024-03-19 05:21:00.849017-04:00
[09:21:00] Successful get url: https://www.bing.com/th?id=OHR.SpringFrog_FR-CA0188635283_UHD.jpg
[09:21:01] Picture infomations saved to  global/fr-CA/README.md
[09:21:01] Picture infomations saved to global/fr-CA/history/2024/03/20_fr-CA.md
Program exit at 09:21:01

Program started at 16:12:05
Operating System Name: Linux
Operating System Version: #16~22.04.1-Ubuntu SMP Fri Feb 16 15:42:02 UTC 2024
System Architecture: ('64bit', 'ELF')
Computer Type: x86_64
Computer Name: fv-az775-56
Processor Type: x86_64
Python Version: 3.12.2
Python Interpreter Name: CPython
[16:12:05] Start geting CN Bing Wallpaper
[16:12:05] Successful get url: https://www.bing.com/th?id=OHR.Springequinox2024_ZH-CN5647214924_UHD.jpg
[16:12:05] Image saved to img/background.jpg
[16:12:05] Info saved to README.md
[16:12:05] Image saved to history/2024/03/20.md
[16:12:05] Start geting global Bing Wallpaper, region=en-US, local time is 2024-03-19 12:12:05.852246-04:00
[16:12:05] Successful get url: https://www.bing.com/th?id=OHR.SpringFrog_EN-US7109699294_UHD.jpg
[16:12:06] Picture infomations saved to  global/en-US/README.md
[16:12:06] Picture infomations saved to global/en-US/history/2024/03/20_en-US.md
[16:12:06] Start geting global Bing Wallpaper, region=ja-JP, local time is 2024-03-20 01:12:06.049937+09:00
[16:12:06] Successful get url: https://www.bing.com/th?id=OHR.MtPrevostDuncan_JA-JP5482628998_UHD.jpg
[16:12:06] Picture infomations saved to  global/ja-JP/README.md
[16:12:06] Picture infomations saved to global/ja-JP/history/2024/03/20_ja-JP.md
[16:12:06] Start geting global Bing Wallpaper, region=en-IN, local time is 2024-03-19 21:42:06.241947+05:30
[16:12:06] Successful get url: https://www.bing.com/th?id=OHR.SpringFrog_EN-IN2337818146_UHD.jpg
[16:12:06] Picture infomations saved to  global/en-IN/README.md
[16:12:06] Picture infomations saved to global/en-IN/history/2024/03/19_en-IN.md
[16:12:06] Start geting global Bing Wallpaper, region=pt-BR, local time is 2024-03-19 13:12:06.417976-03:00
[16:12:06] Successful get url: https://www.bing.com/th?id=OHR.SpringFrog_PT-BR2957338911_UHD.jpg
[16:12:06] Picture infomations saved to  global/pt-BR/README.md
[16:12:06] Picture infomations saved to global/pt-BR/history/2024/03/20_pt-BR.md
[16:12:06] Start geting global Bing Wallpaper, region=fr-FR, local time is 2024-03-19 17:12:06.606980+01:00
[16:12:06] Successful get url: https://www.bing.com/th?id=OHR.SpringFrog_FR-FR3345406891_UHD.jpg
[16:12:06] Picture infomations saved to  global/fr-FR/README.md
[16:12:06] Picture infomations saved to global/fr-FR/history/2024/03/19_fr-FR.md
[16:12:06] Start geting global Bing Wallpaper, region=de-DE, local time is 2024-03-19 17:12:06.800188+01:00
[16:12:06] Successful get url: https://www.bing.com/th?id=OHR.SpringCaveDale_DE-DE4412731356_UHD.jpg
[16:12:07] Picture infomations saved to  global/de-DE/README.md
[16:12:07] Picture infomations saved to global/de-DE/history/2024/03/19_de-DE.md
[16:12:07] Start geting global Bing Wallpaper, region=en-CA, local time is 2024-03-19 12:12:07.004031-04:00
[16:12:07] Successful get url: https://www.bing.com/th?id=OHR.SpringFrog_EN-CA2338821027_UHD.jpg
[16:12:07] Picture infomations saved to  global/en-CA/README.md
[16:12:07] Picture infomations saved to global/en-CA/history/2024/03/20_en-CA.md
[16:12:07] Start geting global Bing Wallpaper, region=en-GB, local time is 2024-03-19 16:12:07.200369+00:00
[16:12:07] Successful get url: https://www.bing.com/th?id=OHR.SpringCaveDale_EN-GB2092563802_UHD.jpg
[16:12:07] Picture infomations saved to  global/en-GB/README.md
[16:12:07] Picture infomations saved to global/en-GB/history/2024/03/20_en-GB.md
[16:12:07] Start geting global Bing Wallpaper, region=it-IT, local time is 2024-03-19 17:12:07.412551+01:00
[16:12:07] Successful get url: https://www.bing.com/th?id=OHR.RedFox_IT-IT0563708572_UHD.jpg
[16:12:07] Picture infomations saved to  global/it-IT/README.md
[16:12:07] Picture infomations saved to global/it-IT/history/2024/03/19_it-IT.md
[16:12:07] Start geting global Bing Wallpaper, region=es-ES, local time is 2024-03-19 17:12:07.612093+01:00
[16:12:07] Successful get url: https://www.bing.com/th?id=OHR.RedFox_ES-ES2820174785_UHD.jpg
[16:12:07] Picture infomations saved to  global/es-ES/README.md
[16:12:07] Picture infomations saved to global/es-ES/history/2024/03/19_es-ES.md
[16:12:07] Start geting global Bing Wallpaper, region=fr-CA, local time is 2024-03-19 12:12:07.817859-04:00
[16:12:07] Successful get url: https://www.bing.com/th?id=OHR.SpringFrog_FR-CA0188635283_UHD.jpg
[16:12:07] Picture infomations saved to  global/fr-CA/README.md
[16:12:07] Picture infomations saved to global/fr-CA/history/2024/03/20_fr-CA.md
Program exit at 16:12:07
