
Program started at 09:21:41
Operating System Name: Linux
Operating System Version: #16~22.04.1-Ubuntu SMP Fri Feb 16 15:42:02 UTC 2024
System Architecture: ('64bit', 'ELF')
Computer Type: x86_64
Computer Name: fv-az1432-539
Processor Type: x86_64
Python Version: 3.12.2
Python Interpreter Name: CPython
[09:21:41] Start geting CN Bing Wallpaper
[09:21:41] Successful get url: https://www.bing.com/th?id=OHR.HangRaiVietnam_ZH-CN1601428109_UHD.jpg
[09:21:41] Image saved to img/background.jpg
[09:21:41] Info saved to README.md
[09:21:41] Image saved to history/2024/03/26.md
[09:21:41] Start geting global Bing Wallpaper, region=en-US, local time is 2024-03-26 05:21:41.531603-04:00
[09:21:41] Successful get url: https://www.bing.com/th?id=OHR.HangRaiVietnam_EN-US2418713642_UHD.jpg
[09:21:41] Picture infomations saved to  global/en-US/README.md
[09:21:41] Picture infomations saved to global/en-US/history/2024/03/27_en-US.md
[09:21:41] Start geting global Bing Wallpaper, region=ja-JP, local time is 2024-03-26 18:21:41.898419+09:00
[09:21:41] Successful get url: https://www.bing.com/th?id=OHR.CherryBlossom2024_JA-JP4820412066_UHD.jpg
[09:21:42] Picture infomations saved to  global/ja-JP/README.md
[09:21:42] Picture infomations saved to global/ja-JP/history/2024/03/26_ja-JP.md
[09:21:42] Start geting global Bing Wallpaper, region=en-IN, local time is 2024-03-26 14:51:42.298446+05:30
[09:21:42] Successful get url: https://www.bing.com/th?id=OHR.HangRaiVietnam_EN-IN1740946404_UHD.jpg
[09:21:42] Picture infomations saved to  global/en-IN/README.md
[09:21:42] Picture infomations saved to global/en-IN/history/2024/03/26_en-IN.md
[09:21:42] Start geting global Bing Wallpaper, region=pt-BR, local time is 2024-03-26 06:21:42.594478-03:00
[09:21:42] Successful get url: https://www.bing.com/th?id=OHR.HangRaiVietnam_PT-BR9135997938_UHD.jpg
[09:21:42] Picture infomations saved to  global/pt-BR/README.md
[09:21:42] Picture infomations saved to global/pt-BR/history/2024/03/27_pt-BR.md
[09:21:42] Start geting global Bing Wallpaper, region=fr-FR, local time is 2024-03-26 10:21:42.784070+01:00
[09:21:42] Successful get url: https://www.bing.com/th?id=OHR.HangRaiVietnam_FR-FR8788707911_UHD.jpg
[09:21:42] Picture infomations saved to  global/fr-FR/README.md
[09:21:42] Picture infomations saved to global/fr-FR/history/2024/03/26_fr-FR.md
[09:21:42] Start geting global Bing Wallpaper, region=de-DE, local time is 2024-03-26 10:21:42.982189+01:00
[09:21:43] Successful get url: https://www.bing.com/th?id=OHR.HangRaiVietnam_DE-DE4086995351_UHD.jpg
[09:21:43] Picture infomations saved to  global/de-DE/README.md
[09:21:43] Picture infomations saved to global/de-DE/history/2024/03/26_de-DE.md
[09:21:43] Start geting global Bing Wallpaper, region=en-CA, local time is 2024-03-26 05:21:43.307843-04:00
[09:21:43] Successful get url: https://www.bing.com/th?id=OHR.HangRaiVietnam_EN-CA5331953765_UHD.jpg
[09:21:43] Picture infomations saved to  global/en-CA/README.md
[09:21:43] Picture infomations saved to global/en-CA/history/2024/03/27_en-CA.md
[09:21:43] Start geting global Bing Wallpaper, region=en-GB, local time is 2024-03-26 09:21:43.507053+00:00
[09:21:43] Successful get url: https://www.bing.com/th?id=OHR.HangRaiVietnam_EN-GB3016593740_UHD.jpg
[09:21:43] Picture infomations saved to  global/en-GB/README.md
[09:21:43] Picture infomations saved to global/en-GB/history/2024/03/27_en-GB.md
[09:21:43] Start geting global Bing Wallpaper, region=it-IT, local time is 2024-03-26 10:21:43.708610+01:00
[09:21:43] Successful get url: https://www.bing.com/th?id=OHR.Milanbusinesscenter_IT-IT6797515629_UHD.jpg
[09:21:43] Picture infomations saved to  global/it-IT/README.md
[09:21:43] Picture infomations saved to global/it-IT/history/2024/03/26_it-IT.md
[09:21:43] Start geting global Bing Wallpaper, region=es-ES, local time is 2024-03-26 10:21:43.910423+01:00
[09:21:43] Successful get url: https://www.bing.com/th?id=OHR.HangRaiVietnam_ES-ES8273650345_UHD.jpg
[09:21:44] Picture infomations saved to  global/es-ES/README.md
[09:21:44] Picture infomations saved to global/es-ES/history/2024/03/26_es-ES.md
[09:21:44] Start geting global Bing Wallpaper, region=fr-CA, local time is 2024-03-26 05:21:44.126290-04:00
[09:21:44] Successful get url: https://www.bing.com/th?id=OHR.HangRaiVietnam_FR-CA7557188364_UHD.jpg
[09:21:44] Picture infomations saved to  global/fr-CA/README.md
[09:21:44] Picture infomations saved to global/fr-CA/history/2024/03/27_fr-CA.md
Program exit at 09:21:44

Program started at 16:11:52
Operating System Name: Linux
Operating System Version: #16~22.04.1-Ubuntu SMP Fri Feb 16 15:42:02 UTC 2024
System Architecture: ('64bit', 'ELF')
Computer Type: x86_64
Computer Name: fv-az1198-555
Processor Type: x86_64
Python Version: 3.12.2
Python Interpreter Name: CPython
[16:11:52] Start geting CN Bing Wallpaper
[16:11:52] Successful get url: https://www.bing.com/th?id=OHR.TeatroColon_ZH-CN5378730986_UHD.jpg
[16:11:52] Image saved to img/background.jpg
[16:11:52] Info saved to README.md
[16:11:52] Image saved to history/2024/03/27.md
[16:11:52] Start geting global Bing Wallpaper, region=en-US, local time is 2024-03-26 12:11:52.844796-04:00
[16:11:52] Successful get url: https://www.bing.com/th?id=OHR.HangRaiVietnam_EN-US2418713642_UHD.jpg
[16:11:53] Picture infomations saved to  global/en-US/README.md
[16:11:53] Picture infomations saved to global/en-US/history/2024/03/27_en-US.md
[16:11:53] Start geting global Bing Wallpaper, region=ja-JP, local time is 2024-03-27 01:11:53.285977+09:00
[16:11:53] Successful get url: https://www.bing.com/th?id=OHR.TeatroColon_JA-JP5032198346_UHD.jpg
[16:11:53] Picture infomations saved to  global/ja-JP/README.md
[16:11:53] Picture infomations saved to global/ja-JP/history/2024/03/27_ja-JP.md
[16:11:53] Start geting global Bing Wallpaper, region=en-IN, local time is 2024-03-26 21:41:53.696623+05:30
[16:11:53] Successful get url: https://www.bing.com/th?id=OHR.HangRaiVietnam_EN-IN1740946404_UHD.jpg
[16:11:54] Picture infomations saved to  global/en-IN/README.md
[16:11:54] Picture infomations saved to global/en-IN/history/2024/03/26_en-IN.md
[16:11:54] Start geting global Bing Wallpaper, region=pt-BR, local time is 2024-03-26 13:11:54.090373-03:00
[16:11:54] Successful get url: https://www.bing.com/th?id=OHR.HangRaiVietnam_PT-BR9135997938_UHD.jpg
[16:11:54] Picture infomations saved to  global/pt-BR/README.md
[16:11:54] Picture infomations saved to global/pt-BR/history/2024/03/27_pt-BR.md
[16:11:54] Start geting global Bing Wallpaper, region=fr-FR, local time is 2024-03-26 17:11:54.649408+01:00
[16:11:54] Successful get url: https://www.bing.com/th?id=OHR.HangRaiVietnam_FR-FR8788707911_UHD.jpg
[16:11:55] Picture infomations saved to  global/fr-FR/README.md
[16:11:55] Picture infomations saved to global/fr-FR/history/2024/03/26_fr-FR.md
[16:11:55] Start geting global Bing Wallpaper, region=de-DE, local time is 2024-03-26 17:11:55.046920+01:00
[16:11:55] Successful get url: https://www.bing.com/th?id=OHR.HangRaiVietnam_DE-DE4086995351_UHD.jpg
[16:11:55] Picture infomations saved to  global/de-DE/README.md
[16:11:55] Picture infomations saved to global/de-DE/history/2024/03/26_de-DE.md
[16:11:55] Start geting global Bing Wallpaper, region=en-CA, local time is 2024-03-26 12:11:55.516879-04:00
[16:11:55] Successful get url: https://www.bing.com/th?id=OHR.HangRaiVietnam_EN-CA5331953765_UHD.jpg
[16:11:55] Picture infomations saved to  global/en-CA/README.md
[16:11:55] Picture infomations saved to global/en-CA/history/2024/03/27_en-CA.md
[16:11:55] Start geting global Bing Wallpaper, region=en-GB, local time is 2024-03-26 16:11:55.913671+00:00
[16:11:56] Successful get url: https://www.bing.com/th?id=OHR.HangRaiVietnam_EN-GB3016593740_UHD.jpg
[16:11:56] Picture infomations saved to  global/en-GB/README.md
[16:11:56] Picture infomations saved to global/en-GB/history/2024/03/27_en-GB.md
[16:11:56] Start geting global Bing Wallpaper, region=it-IT, local time is 2024-03-26 17:11:56.355465+01:00
[16:11:56] Successful get url: https://www.bing.com/th?id=OHR.Milanbusinesscenter_IT-IT6797515629_UHD.jpg
[16:11:56] Picture infomations saved to  global/it-IT/README.md
[16:11:56] Picture infomations saved to global/it-IT/history/2024/03/26_it-IT.md
[16:11:56] Start geting global Bing Wallpaper, region=es-ES, local time is 2024-03-26 17:11:56.879481+01:00
[16:11:56] Successful get url: https://www.bing.com/th?id=OHR.HangRaiVietnam_ES-ES8273650345_UHD.jpg
[16:11:57] Picture infomations saved to  global/es-ES/README.md
[16:11:57] Picture infomations saved to global/es-ES/history/2024/03/26_es-ES.md
[16:11:57] Start geting global Bing Wallpaper, region=fr-CA, local time is 2024-03-26 12:11:57.277755-04:00
[16:11:57] Successful get url: https://www.bing.com/th?id=OHR.HangRaiVietnam_FR-CA7557188364_UHD.jpg
[16:11:57] Picture infomations saved to  global/fr-CA/README.md
[16:11:57] Picture infomations saved to global/fr-CA/history/2024/03/27_fr-CA.md
Program exit at 16:11:57
