
Program started at 09:19:23
Operating System Name: Linux
Operating System Version: #15~22.04.1-Ubuntu SMP Tue Feb 13 01:15:12 UTC 2024
System Architecture: ('64bit', 'ELF')
Computer Type: x86_64
Computer Name: fv-az569-456
Processor Type: x86_64
Python Version: 3.12.2
Python Interpreter Name: CPython
[09:19:23] Start geting CN Bing Wallpaper
[09:19:23] Successful get url: https://www.bing.com/th?id=OHR.TarragonaSpain_ZH-CN5488361711_UHD.jpg
[09:19:23] Image saved to img/background.jpg
[09:19:23] Info saved to README.md
[09:19:23] Image saved to history/2024/03/07.md
[09:19:23] Start geting global Bing Wallpaper, region=en-US, local time is 2024-03-07 04:19:23.407009-05:00
[09:19:23] Successful get url: https://www.bing.com/th?id=OHR.TarragonaSpain_EN-US4664908149_UHD.jpg
[09:19:23] Picture infomations saved to  global/en-US/README.md
[09:19:23] Picture infomations saved to global/en-US/history/2024/03/08_en-US.md
[09:19:23] Start geting global Bing Wallpaper, region=ja-JP, local time is 2024-03-07 18:19:23.586674+09:00
[09:19:23] Successful get url: https://www.bing.com/th?id=OHR.TarragonaSpain_JA-JP1624420185_UHD.jpg
[09:19:23] Picture infomations saved to  global/ja-JP/README.md
[09:19:23] Picture infomations saved to global/ja-JP/history/2024/03/07_ja-JP.md
[09:19:23] Start geting global Bing Wallpaper, region=en-IN, local time is 2024-03-07 14:49:23.736343+05:30
[09:19:23] Successful get url: https://www.bing.com/th?id=OHR.TarragonaSpain_EN-IN2183884361_UHD.jpg
[09:19:23] Picture infomations saved to  global/en-IN/README.md
[09:19:23] Picture infomations saved to global/en-IN/history/2024/03/07_en-IN.md
[09:19:23] Start geting global Bing Wallpaper, region=pt-BR, local time is 2024-03-07 06:19:23.884484-03:00
[09:19:23] Successful get url: https://www.bing.com/th?id=OHR.TarragonaSpain_PT-BR3520793083_UHD.jpg
[09:19:24] Picture infomations saved to  global/pt-BR/README.md
[09:19:24] Picture infomations saved to global/pt-BR/history/2024/03/08_pt-BR.md
[09:19:24] Start geting global Bing Wallpaper, region=fr-FR, local time is 2024-03-07 10:19:24.033047+01:00
[09:19:24] Successful get url: https://www.bing.com/th?id=OHR.TarragonaSpain_FR-FR7145786425_UHD.jpg
[09:19:24] Picture infomations saved to  global/fr-FR/README.md
[09:19:24] Picture infomations saved to global/fr-FR/history/2024/03/07_fr-FR.md
[09:19:24] Start geting global Bing Wallpaper, region=de-DE, local time is 2024-03-07 10:19:24.173388+01:00
[09:19:24] Successful get url: https://www.bing.com/th?id=OHR.TarragonaSpain_DE-DE8015147907_UHD.jpg
[09:19:24] Picture infomations saved to  global/de-DE/README.md
[09:19:24] Picture infomations saved to global/de-DE/history/2024/03/07_de-DE.md
[09:19:24] Start geting global Bing Wallpaper, region=en-CA, local time is 2024-03-07 04:19:24.332789-05:00
[09:19:24] Successful get url: https://www.bing.com/th?id=OHR.TarragonaSpain_EN-CA0184990294_UHD.jpg
[09:19:24] Picture infomations saved to  global/en-CA/README.md
[09:19:24] Picture infomations saved to global/en-CA/history/2024/03/08_en-CA.md
[09:19:24] Start geting global Bing Wallpaper, region=en-GB, local time is 2024-03-07 09:19:24.478296+00:00
[09:19:24] Successful get url: https://www.bing.com/th?id=OHR.TarragonaSpain_EN-GB6677575953_UHD.jpg
[09:19:24] Picture infomations saved to  global/en-GB/README.md
[09:19:24] Picture infomations saved to global/en-GB/history/2024/03/08_en-GB.md
[09:19:24] Start geting global Bing Wallpaper, region=it-IT, local time is 2024-03-07 10:19:24.624571+01:00
[09:19:24] Successful get url: https://www.bing.com/th?id=OHR.TarragonaSpain_IT-IT1704210976_UHD.jpg
[09:19:24] Picture infomations saved to  global/it-IT/README.md
[09:19:24] Picture infomations saved to global/it-IT/history/2024/03/07_it-IT.md
[09:19:24] Start geting global Bing Wallpaper, region=es-ES, local time is 2024-03-07 10:19:24.757865+01:00
[09:19:24] Successful get url: https://www.bing.com/th?id=OHR.TarragonaSpain_ES-ES7042057551_UHD.jpg
[09:19:24] Picture infomations saved to  global/es-ES/README.md
[09:19:24] Picture infomations saved to global/es-ES/history/2024/03/07_es-ES.md
[09:19:24] Start geting global Bing Wallpaper, region=fr-CA, local time is 2024-03-07 04:19:24.989390-05:00
[09:19:25] Successful get url: https://www.bing.com/th?id=OHR.TarragonaSpain_FR-CA5706201102_UHD.jpg
[09:19:25] Picture infomations saved to  global/fr-CA/README.md
[09:19:25] Picture infomations saved to global/fr-CA/history/2024/03/08_fr-CA.md
Program exit at 09:19:25
