
Program started at 09:22:39
Operating System Name: Linux
Operating System Version: #16~22.04.1-Ubuntu SMP Fri Feb 16 15:42:02 UTC 2024
System Architecture: ('64bit', 'ELF')
Computer Type: x86_64
Computer Name: fv-az1498-724
Processor Type: x86_64
Python Version: 3.12.2
Python Interpreter Name: CPython
[09:22:39] Start geting CN Bing Wallpaper
[09:22:39] Successful get url: https://www.bing.com/th?id=OHR.TeatroColon_ZH-CN5378730986_UHD.jpg
[09:22:39] Image saved to img/background.jpg
[09:22:39] Info saved to README.md
[09:22:39] Image saved to history/2024/03/27.md
[09:22:39] Start geting global Bing Wallpaper, region=en-US, local time is 2024-03-27 05:22:39.251624-04:00
[09:22:39] Successful get url: https://www.bing.com/th?id=OHR.TeatroColon_EN-US2518867279_UHD.jpg
[09:22:39] Picture infomations saved to  global/en-US/README.md
[09:22:39] Picture infomations saved to global/en-US/history/2024/03/28_en-US.md
[09:22:39] Start geting global Bing Wallpaper, region=ja-JP, local time is 2024-03-27 18:22:39.479745+09:00
[09:22:39] Successful get url: https://www.bing.com/th?id=OHR.TeatroColon_JA-JP5032198346_UHD.jpg
[09:22:39] Picture infomations saved to  global/ja-JP/README.md
[09:22:39] Picture infomations saved to global/ja-JP/history/2024/03/27_ja-JP.md
[09:22:39] Start geting global Bing Wallpaper, region=en-IN, local time is 2024-03-27 14:52:39.700713+05:30
[09:22:39] Successful get url: https://www.bing.com/th?id=OHR.AmerFortJaipur_EN-IN2082526909_UHD.jpg
[09:22:39] Picture infomations saved to  global/en-IN/README.md
[09:22:39] Picture infomations saved to global/en-IN/history/2024/03/27_en-IN.md
[09:22:39] Start geting global Bing Wallpaper, region=pt-BR, local time is 2024-03-27 06:22:39.885840-03:00
[09:22:39] Successful get url: https://www.bing.com/th?id=OHR.TeatroColon_PT-BR9483499387_UHD.jpg
[09:22:40] Picture infomations saved to  global/pt-BR/README.md
[09:22:40] Picture infomations saved to global/pt-BR/history/2024/03/28_pt-BR.md
[09:22:40] Start geting global Bing Wallpaper, region=fr-FR, local time is 2024-03-27 10:22:40.093439+01:00
[09:22:40] Successful get url: https://www.bing.com/th?id=OHR.TeatroColon_FR-FR8848862049_UHD.jpg
[09:22:40] Picture infomations saved to  global/fr-FR/README.md
[09:22:40] Picture infomations saved to global/fr-FR/history/2024/03/27_fr-FR.md
[09:22:40] Start geting global Bing Wallpaper, region=de-DE, local time is 2024-03-27 10:22:40.311446+01:00
[09:22:40] Successful get url: https://www.bing.com/th?id=OHR.TeatroColon_DE-DE4190221983_UHD.jpg
[09:22:40] Picture infomations saved to  global/de-DE/README.md
[09:22:40] Picture infomations saved to global/de-DE/history/2024/03/27_de-DE.md
[09:22:40] Start geting global Bing Wallpaper, region=en-CA, local time is 2024-03-27 05:22:40.522067-04:00
[09:22:40] Successful get url: https://www.bing.com/th?id=OHR.TeatroColon_EN-CA3441577861_UHD.jpg
[09:22:40] Picture infomations saved to  global/en-CA/README.md
[09:22:40] Picture infomations saved to global/en-CA/history/2024/03/28_en-CA.md
[09:22:40] Start geting global Bing Wallpaper, region=en-GB, local time is 2024-03-27 09:22:40.734269+00:00
[09:22:40] Successful get url: https://www.bing.com/th?id=OHR.TeatroColon_EN-GB2271752304_UHD.jpg
[09:22:40] Picture infomations saved to  global/en-GB/README.md
[09:22:40] Picture infomations saved to global/en-GB/history/2024/03/28_en-GB.md
[09:22:40] Start geting global Bing Wallpaper, region=it-IT, local time is 2024-03-27 10:22:40.921715+01:00
[09:22:40] Successful get url: https://www.bing.com/th?id=OHR.TeatroColon_IT-IT6266704589_UHD.jpg
[09:22:41] Picture infomations saved to  global/it-IT/README.md
[09:22:41] Picture infomations saved to global/it-IT/history/2024/03/27_it-IT.md
[09:22:41] Start geting global Bing Wallpaper, region=es-ES, local time is 2024-03-27 10:22:41.124282+01:00
[09:22:41] Successful get url: https://www.bing.com/th?id=OHR.TeatroColon_ES-ES8480561009_UHD.jpg
[09:22:41] Picture infomations saved to  global/es-ES/README.md
[09:22:41] Picture infomations saved to global/es-ES/history/2024/03/27_es-ES.md
[09:22:41] Start geting global Bing Wallpaper, region=fr-CA, local time is 2024-03-27 05:22:41.332607-04:00
[09:22:41] Successful get url: https://www.bing.com/th?id=OHR.TeatroColon_FR-CA7881984396_UHD.jpg
[09:22:41] Picture infomations saved to  global/fr-CA/README.md
[09:22:41] Picture infomations saved to global/fr-CA/history/2024/03/28_fr-CA.md
Program exit at 09:22:41
