
Program started at 09:45:25
Operating System Name: Linux
Operating System Version: #17~24.04.1-Ubuntu SMP Mon Dec  1 20:10:50 UTC 2025
System Architecture: ('64bit', 'ELF')
Computer Type: x86_64
Computer Name: runnervmjduv7
Processor Type: x86_64
Python Version: 3.12.12
Python Interpreter Name: CPython
[09:45:25] Start geting CN Bing Wallpaper
[09:45:25] Successful get url: https://www.bing.com/th?id=OHR.MontereyHumpbacks_ZH-CN5426789466_UHD.jpg
[09:45:25] Image saved to img/background.jpg
[09:45:25] Info saved to README.md
[09:45:25] Image saved to history/2026/02/15.md
[09:45:25] Start geting global Bing Wallpaper, region=en-US, local time is 2026-02-15 04:45:25.738579-05:00
[09:45:25] Successful get url: https://www.bing.com/th?id=OHR.MontereyHumpbacks_EN-US6328970690_UHD.jpg
[09:45:25] Picture infomations saved to  global/en-US/README.md
[09:45:25] Picture infomations saved to global/en-US/history/2026/02/16_en-US.md
[09:45:25] Start geting global Bing Wallpaper, region=ja-JP, local time is 2026-02-15 18:45:25.864435+09:00
[09:45:25] Successful get url: https://www.bing.com/th?id=OHR.MontereyHumpbacks_JA-JP5360073142_UHD.jpg
[09:45:25] Picture infomations saved to  global/ja-JP/README.md
[09:45:25] Picture infomations saved to global/ja-JP/history/2026/02/15_ja-JP.md
[09:45:25] Start geting global Bing Wallpaper, region=en-IN, local time is 2026-02-15 15:15:25.988195+05:30
[09:45:26] Successful get url: https://www.bing.com/th?id=OHR.MahaShivaratri2026_EN-IN9432301075_UHD.jpg
[09:45:26] Picture infomations saved to  global/en-IN/README.md
[09:45:26] Picture infomations saved to global/en-IN/history/2026/02/15_en-IN.md
[09:45:26] Start geting global Bing Wallpaper, region=pt-BR, local time is 2026-02-15 06:45:26.118952-03:00
[09:45:26] Successful get url: https://www.bing.com/th?id=OHR.MontereyHumpbacks_PT-BR6399797691_UHD.jpg
[09:45:26] Picture infomations saved to  global/pt-BR/README.md
[09:45:26] Picture infomations saved to global/pt-BR/history/2026/02/16_pt-BR.md
[09:45:26] Start geting global Bing Wallpaper, region=fr-FR, local time is 2026-02-15 10:45:26.249737+01:00
[09:45:26] Successful get url: https://www.bing.com/th?id=OHR.MontereyHumpbacks_FR-FR2588165622_UHD.jpg
[09:45:26] Picture infomations saved to  global/fr-FR/README.md
[09:45:26] Picture infomations saved to global/fr-FR/history/2026/02/15_fr-FR.md
[09:45:26] Start geting global Bing Wallpaper, region=de-DE, local time is 2026-02-15 10:45:26.378420+01:00
[09:45:26] Successful get url: https://www.bing.com/th?id=OHR.MontereyHumpbacks_DE-DE4095114088_UHD.jpg
[09:45:26] Picture infomations saved to  global/de-DE/README.md
[09:45:26] Picture infomations saved to global/de-DE/history/2026/02/15_de-DE.md
[09:45:26] Start geting global Bing Wallpaper, region=en-CA, local time is 2026-02-15 04:45:26.504849-05:00
[09:45:26] Successful get url: https://www.bing.com/th?id=OHR.MontereyHumpbacks_EN-CA0486848533_UHD.jpg
[09:45:26] Picture infomations saved to  global/en-CA/README.md
[09:45:26] Picture infomations saved to global/en-CA/history/2026/02/16_en-CA.md
[09:45:26] Start geting global Bing Wallpaper, region=en-GB, local time is 2026-02-15 09:45:26.620860+00:00
[09:45:26] Successful get url: https://www.bing.com/th?id=OHR.MontereyHumpbacks_EN-GB9754437276_UHD.jpg
[09:45:26] Picture infomations saved to  global/en-GB/README.md
[09:45:26] Picture infomations saved to global/en-GB/history/2026/02/16_en-GB.md
[09:45:26] Start geting global Bing Wallpaper, region=it-IT, local time is 2026-02-15 10:45:26.746173+01:00
[09:45:26] Successful get url: https://www.bing.com/th?id=OHR.MontereyHumpbacks_IT-IT5095312358_UHD.jpg
[09:45:26] Picture infomations saved to  global/it-IT/README.md
[09:45:26] Picture infomations saved to global/it-IT/history/2026/02/15_it-IT.md
[09:45:26] Start geting global Bing Wallpaper, region=es-ES, local time is 2026-02-15 10:45:26.858499+01:00
[09:45:26] Successful get url: https://www.bing.com/th?id=OHR.IbizaIslets_ES-ES3095870118_UHD.jpg
[09:45:26] Picture infomations saved to  global/es-ES/README.md
[09:45:26] Picture infomations saved to global/es-ES/history/2026/02/15_es-ES.md
[09:45:26] Start geting global Bing Wallpaper, region=fr-CA, local time is 2026-02-15 04:45:26.979463-05:00
[09:45:27] Successful get url: https://www.bing.com/th?id=OHR.MontereyHumpbacks_FR-CA6777518726_UHD.jpg
[09:45:27] Picture infomations saved to  global/fr-CA/README.md
[09:45:27] Picture infomations saved to global/fr-CA/history/2026/02/16_fr-CA.md
Program exit at 09:45:27

Program started at 16:20:58
Operating System Name: Linux
Operating System Version: #17~24.04.1-Ubuntu SMP Mon Dec  1 20:10:50 UTC 2025
System Architecture: ('64bit', 'ELF')
Computer Type: x86_64
Computer Name: runnervmjduv7
Processor Type: x86_64
Python Version: 3.12.12
Python Interpreter Name: CPython
[16:20:58] Start geting CN Bing Wallpaper
[16:20:58] Successful get url: https://www.bing.com/th?id=OHR.ChineseNewYearEveY26_ZH-CN7770318975_UHD.jpg
[16:20:59] Image saved to img/background.jpg
[16:20:59] Info saved to README.md
[16:20:59] Image saved to history/2026/02/16.md
[16:20:59] Start geting global Bing Wallpaper, region=en-US, local time is 2026-02-15 11:20:59.016540-05:00
[16:20:59] Successful get url: https://www.bing.com/th?id=OHR.MontereyHumpbacks_EN-US6328970690_UHD.jpg
[16:20:59] Picture infomations saved to  global/en-US/README.md
[16:20:59] Picture infomations saved to global/en-US/history/2026/02/16_en-US.md
[16:20:59] Start geting global Bing Wallpaper, region=ja-JP, local time is 2026-02-16 01:20:59.153527+09:00
[16:20:59] Successful get url: https://www.bing.com/th?id=OHR.BigGardenBirdwatch2026_JA-JP2834863474_UHD.jpg
[16:20:59] Picture infomations saved to  global/ja-JP/README.md
[16:20:59] Picture infomations saved to global/ja-JP/history/2026/02/16_ja-JP.md
[16:20:59] Start geting global Bing Wallpaper, region=en-IN, local time is 2026-02-15 21:50:59.290129+05:30
[16:20:59] Successful get url: https://www.bing.com/th?id=OHR.MahaShivaratri2026_EN-IN9432301075_UHD.jpg
[16:20:59] Picture infomations saved to  global/en-IN/README.md
[16:20:59] Picture infomations saved to global/en-IN/history/2026/02/15_en-IN.md
[16:20:59] Start geting global Bing Wallpaper, region=pt-BR, local time is 2026-02-15 13:20:59.531698-03:00
[16:20:59] Successful get url: https://www.bing.com/th?id=OHR.MontereyHumpbacks_PT-BR6399797691_UHD.jpg
[16:20:59] Picture infomations saved to  global/pt-BR/README.md
[16:20:59] Picture infomations saved to global/pt-BR/history/2026/02/16_pt-BR.md
[16:20:59] Start geting global Bing Wallpaper, region=fr-FR, local time is 2026-02-15 17:20:59.683601+01:00
[16:20:59] Successful get url: https://www.bing.com/th?id=OHR.MontereyHumpbacks_FR-FR2588165622_UHD.jpg
[16:20:59] Picture infomations saved to  global/fr-FR/README.md
[16:20:59] Picture infomations saved to global/fr-FR/history/2026/02/15_fr-FR.md
[16:20:59] Start geting global Bing Wallpaper, region=de-DE, local time is 2026-02-15 17:20:59.817820+01:00
[16:20:59] Successful get url: https://www.bing.com/th?id=OHR.MontereyHumpbacks_DE-DE4095114088_UHD.jpg
[16:21:00] Picture infomations saved to  global/de-DE/README.md
[16:21:00] Picture infomations saved to global/de-DE/history/2026/02/15_de-DE.md
[16:21:00] Start geting global Bing Wallpaper, region=en-CA, local time is 2026-02-15 11:21:00.028525-05:00
[16:21:00] Successful get url: https://www.bing.com/th?id=OHR.MontereyHumpbacks_EN-CA0486848533_UHD.jpg
[16:21:00] Picture infomations saved to  global/en-CA/README.md
[16:21:00] Picture infomations saved to global/en-CA/history/2026/02/16_en-CA.md
[16:21:00] Start geting global Bing Wallpaper, region=en-GB, local time is 2026-02-15 16:21:00.206061+00:00
[16:21:00] Successful get url: https://www.bing.com/th?id=OHR.MontereyHumpbacks_EN-GB9754437276_UHD.jpg
[16:21:00] Picture infomations saved to  global/en-GB/README.md
[16:21:00] Picture infomations saved to global/en-GB/history/2026/02/16_en-GB.md
[16:21:00] Start geting global Bing Wallpaper, region=it-IT, local time is 2026-02-15 17:21:00.364027+01:00
[16:21:00] Successful get url: https://www.bing.com/th?id=OHR.MontereyHumpbacks_IT-IT5095312358_UHD.jpg
[16:21:00] Picture infomations saved to  global/it-IT/README.md
[16:21:00] Picture infomations saved to global/it-IT/history/2026/02/15_it-IT.md
[16:21:00] Start geting global Bing Wallpaper, region=es-ES, local time is 2026-02-15 17:21:00.511886+01:00
[16:21:00] Successful get url: https://www.bing.com/th?id=OHR.IbizaIslets_ES-ES3095870118_UHD.jpg
[16:21:00] Picture infomations saved to  global/es-ES/README.md
[16:21:00] Picture infomations saved to global/es-ES/history/2026/02/15_es-ES.md
[16:21:00] Start geting global Bing Wallpaper, region=fr-CA, local time is 2026-02-15 11:21:00.665430-05:00
[16:21:00] Successful get url: https://www.bing.com/th?id=OHR.MontereyHumpbacks_FR-CA6777518726_UHD.jpg
[16:21:00] Picture infomations saved to  global/fr-CA/README.md
[16:21:00] Picture infomations saved to global/fr-CA/history/2026/02/16_fr-CA.md
Program exit at 16:21:00
