
Program started at 10:05:48
Operating System Name: Linux
Operating System Version: #18~24.04.1-Ubuntu SMP Sat Jun 28 04:46:03 UTC 2025
System Architecture: ('64bit', 'ELF')
Computer Type: x86_64
Computer Name: runnervmwffz4
Processor Type: x86_64
Python Version: 3.12.12
Python Interpreter Name: CPython
[10:05:48] Start geting CN Bing Wallpaper
[10:05:48] Successful get url: https://www.bing.com/th?id=OHR.DarwinBooby_ZH-CN4925779873_UHD.jpg
[10:05:48] Image saved to img/background.jpg
[10:05:48] Info saved to README.md
[10:05:48] Image saved to history/2026/02/12.md
[10:05:48] Start geting global Bing Wallpaper, region=en-US, local time is 2026-02-12 05:05:48.918073-05:00
[10:05:49] Successful get url: https://www.bing.com/th?id=OHR.DarwinBooby_EN-US4839738451_UHD.jpg
[10:05:49] Picture infomations saved to  global/en-US/README.md
[10:05:49] Picture infomations saved to global/en-US/history/2026/02/13_en-US.md
[10:05:49] Start geting global Bing Wallpaper, region=ja-JP, local time is 2026-02-12 19:05:49.239159+09:00
[10:05:49] Successful get url: https://www.bing.com/th?id=OHR.Olinda_JA-JP1273177244_UHD.jpg
[10:05:49] Picture infomations saved to  global/ja-JP/README.md
[10:05:49] Picture infomations saved to global/ja-JP/history/2026/02/12_ja-JP.md
[10:05:49] Start geting global Bing Wallpaper, region=en-IN, local time is 2026-02-12 15:35:49.516614+05:30
[10:05:49] Successful get url: https://www.bing.com/th?id=OHR.DarwinBooby_EN-IN9220190564_UHD.jpg
[10:05:49] Picture infomations saved to  global/en-IN/README.md
[10:05:49] Picture infomations saved to global/en-IN/history/2026/02/12_en-IN.md
[10:05:49] Start geting global Bing Wallpaper, region=pt-BR, local time is 2026-02-12 07:05:49.824219-03:00
[10:05:49] Successful get url: https://www.bing.com/th?id=OHR.DarwinBooby_PT-BR0902787838_UHD.jpg
[10:05:50] Picture infomations saved to  global/pt-BR/README.md
[10:05:50] Picture infomations saved to global/pt-BR/history/2026/02/13_pt-BR.md
[10:05:50] Start geting global Bing Wallpaper, region=fr-FR, local time is 2026-02-12 11:05:50.107723+01:00
[10:05:50] Successful get url: https://www.bing.com/th?id=OHR.DarwinBooby_FR-FR2410210068_UHD.jpg
[10:05:50] Picture infomations saved to  global/fr-FR/README.md
[10:05:50] Picture infomations saved to global/fr-FR/history/2026/02/12_fr-FR.md
[10:05:50] Start geting global Bing Wallpaper, region=de-DE, local time is 2026-02-12 11:05:50.385796+01:00
[10:05:50] Successful get url: https://www.bing.com/th?id=OHR.BerlinaleHall_DE-DE3416408525_UHD.jpg
[10:05:50] Picture infomations saved to  global/de-DE/README.md
[10:05:50] Picture infomations saved to global/de-DE/history/2026/02/12_de-DE.md
[10:05:50] Start geting global Bing Wallpaper, region=en-CA, local time is 2026-02-12 05:05:50.685192-05:00
[10:05:50] Successful get url: https://www.bing.com/th?id=OHR.DarwinBooby_EN-CA8905313156_UHD.jpg
[10:05:50] Picture infomations saved to  global/en-CA/README.md
[10:05:50] Picture infomations saved to global/en-CA/history/2026/02/13_en-CA.md
[10:05:50] Start geting global Bing Wallpaper, region=en-GB, local time is 2026-02-12 10:05:50.989114+00:00
[10:05:51] Successful get url: https://www.bing.com/th?id=OHR.DarwinBooby_EN-GB7767254645_UHD.jpg
[10:05:51] Picture infomations saved to  global/en-GB/README.md
[10:05:51] Picture infomations saved to global/en-GB/history/2026/02/13_en-GB.md
[10:05:51] Start geting global Bing Wallpaper, region=it-IT, local time is 2026-02-12 11:05:51.270299+01:00
[10:05:51] Successful get url: https://www.bing.com/th?id=OHR.DarwinBooby_IT-IT4879885475_UHD.jpg
[10:05:51] Picture infomations saved to  global/it-IT/README.md
[10:05:51] Picture infomations saved to global/it-IT/history/2026/02/12_it-IT.md
[10:05:51] Start geting global Bing Wallpaper, region=es-ES, local time is 2026-02-12 11:05:51.564232+01:00
[10:05:51] Successful get url: https://www.bing.com/th?id=OHR.DarwinBooby_ES-ES2893793809_UHD.jpg
[10:05:51] Picture infomations saved to  global/es-ES/README.md
[10:05:51] Picture infomations saved to global/es-ES/history/2026/02/12_es-ES.md
[10:05:51] Start geting global Bing Wallpaper, region=fr-CA, local time is 2026-02-12 05:05:51.872953-05:00
[10:05:51] Successful get url: https://www.bing.com/th?id=OHR.DarwinBooby_FR-CA5256691798_UHD.jpg
[10:05:52] Picture infomations saved to  global/fr-CA/README.md
[10:05:52] Picture infomations saved to global/fr-CA/history/2026/02/13_fr-CA.md
Program exit at 10:05:52
