
Program started at 10:00:16
Operating System Name: Linux
Operating System Version: #18~24.04.1-Ubuntu SMP Sat Jun 28 04:46:03 UTC 2025
System Architecture: ('64bit', 'ELF')
Computer Type: x86_64
Computer Name: runnervmkj6or
Processor Type: x86_64
Python Version: 3.12.12
Python Interpreter Name: CPython
[10:00:16] Start geting CN Bing Wallpaper
[10:00:16] Successful get url: https://www.bing.com/th?id=OHR.BigGardenBirdwatch2026_ZH-CN6864628198_UHD.jpg
[10:00:16] Image saved to img/background.jpg
[10:00:16] Info saved to README.md
[10:00:16] Image saved to history/2026/02/04.md
[10:00:16] Start geting global Bing Wallpaper, region=en-US, local time is 2026-02-04 05:00:16.972555-05:00
[10:00:17] Successful get url: https://www.bing.com/th?id=OHR.ParksGlass_EN-US0280057691_UHD.jpg
[10:00:17] Picture infomations saved to  global/en-US/README.md
[10:00:17] Picture infomations saved to global/en-US/history/2026/02/05_en-US.md
[10:00:17] Start geting global Bing Wallpaper, region=ja-JP, local time is 2026-02-04 19:00:17.135523+09:00
[10:00:17] Successful get url: https://www.bing.com/th?id=OHR.Risshun2026_JA-JP6581085415_UHD.jpg
[10:00:17] Picture infomations saved to  global/ja-JP/README.md
[10:00:17] Picture infomations saved to global/ja-JP/history/2026/02/04_ja-JP.md
[10:00:17] Start geting global Bing Wallpaper, region=en-IN, local time is 2026-02-04 15:30:17.331577+05:30
[10:00:17] Successful get url: https://www.bing.com/th?id=OHR.BigGardenBirdwatch2026_EN-IN1823015725_UHD.jpg
[10:00:17] Picture infomations saved to  global/en-IN/README.md
[10:00:17] Picture infomations saved to global/en-IN/history/2026/02/04_en-IN.md
[10:00:17] Start geting global Bing Wallpaper, region=pt-BR, local time is 2026-02-04 07:00:17.492148-03:00
[10:00:17] Successful get url: https://www.bing.com/th?id=OHR.BigGardenBirdwatch2026_PT-BR2333314404_UHD.jpg
[10:00:17] Picture infomations saved to  global/pt-BR/README.md
[10:00:17] Picture infomations saved to global/pt-BR/history/2026/02/05_pt-BR.md
[10:00:17] Start geting global Bing Wallpaper, region=fr-FR, local time is 2026-02-04 11:00:17.673843+01:00
[10:00:17] Successful get url: https://www.bing.com/th?id=OHR.BigGardenBirdwatch2026_FR-FR1936767123_UHD.jpg
[10:00:17] Picture infomations saved to  global/fr-FR/README.md
[10:00:17] Picture infomations saved to global/fr-FR/history/2026/02/04_fr-FR.md
[10:00:17] Start geting global Bing Wallpaper, region=de-DE, local time is 2026-02-04 11:00:17.837338+01:00
[10:00:17] Successful get url: https://www.bing.com/th?id=OHR.HamburgSpeicherstadt_DE-DE2204805313_UHD.jpg
[10:00:18] Picture infomations saved to  global/de-DE/README.md
[10:00:18] Picture infomations saved to global/de-DE/history/2026/02/04_de-DE.md
[10:00:18] Start geting global Bing Wallpaper, region=en-CA, local time is 2026-02-04 05:00:18.052852-05:00
[10:00:18] Successful get url: https://www.bing.com/th?id=OHR.BigGardenBirdwatch2026_EN-CA7577460062_UHD.jpg
[10:00:18] Picture infomations saved to  global/en-CA/README.md
[10:00:18] Picture infomations saved to global/en-CA/history/2026/02/05_en-CA.md
[10:00:18] Start geting global Bing Wallpaper, region=en-GB, local time is 2026-02-04 10:00:18.329220+00:00
[10:00:18] Successful get url: https://www.bing.com/th?id=OHR.AndermattSwiss_EN-GB4496349406_UHD.jpg
[10:00:18] Picture infomations saved to  global/en-GB/README.md
[10:00:18] Picture infomations saved to global/en-GB/history/2026/02/05_en-GB.md
[10:00:18] Start geting global Bing Wallpaper, region=it-IT, local time is 2026-02-04 11:00:18.514504+01:00
[10:00:18] Successful get url: https://www.bing.com/th?id=OHR.BigGardenBirdwatch2026_IT-IT4671101896_UHD.jpg
[10:00:18] Picture infomations saved to  global/it-IT/README.md
[10:00:18] Picture infomations saved to global/it-IT/history/2026/02/04_it-IT.md
[10:00:18] Start geting global Bing Wallpaper, region=es-ES, local time is 2026-02-04 11:00:18.752827+01:00
[10:00:18] Successful get url: https://www.bing.com/th?id=OHR.NeuschwansteinWinter_ES-ES8143316489_UHD.jpg
[10:00:18] Picture infomations saved to  global/es-ES/README.md
[10:00:18] Picture infomations saved to global/es-ES/history/2026/02/04_es-ES.md
[10:00:18] Start geting global Bing Wallpaper, region=fr-CA, local time is 2026-02-04 05:00:18.940360-05:00
[10:00:19] Successful get url: https://www.bing.com/th?id=OHR.BigGardenBirdwatch2026_FR-CA8000079517_UHD.jpg
[10:00:19] Picture infomations saved to  global/fr-CA/README.md
[10:00:19] Picture infomations saved to global/fr-CA/history/2026/02/05_fr-CA.md
Program exit at 10:00:19
