
Program started at 09:44:56
Operating System Name: Linux
Operating System Version: #17~24.04.1-Ubuntu SMP Mon Dec  1 20:10:50 UTC 2025
System Architecture: ('64bit', 'ELF')
Computer Type: x86_64
Computer Name: runnervmjduv7
Processor Type: x86_64
Python Version: 3.12.12
Python Interpreter Name: CPython
[09:44:56] Start geting CN Bing Wallpaper
[09:44:57] Successful get url: https://www.bing.com/th?id=OHR.ValentineHearts_ZH-CN5332774664_UHD.jpg
[09:44:57] Image saved to img/background.jpg
[09:44:57] Info saved to README.md
[09:44:57] Image saved to history/2026/02/14.md
[09:44:57] Start geting global Bing Wallpaper, region=en-US, local time is 2026-02-14 04:44:57.341559-05:00
[09:44:57] Successful get url: https://www.bing.com/th?id=OHR.ValentineHearts_EN-US6208359150_UHD.jpg
[09:44:57] Picture infomations saved to  global/en-US/README.md
[09:44:57] Picture infomations saved to global/en-US/history/2026/02/15_en-US.md
[09:44:57] Start geting global Bing Wallpaper, region=ja-JP, local time is 2026-02-14 18:44:57.658224+09:00
[09:44:57] Successful get url: https://www.bing.com/th?id=OHR.ValentineHearts_JA-JP1565993875_UHD.jpg
[09:44:57] Picture infomations saved to  global/ja-JP/README.md
[09:44:57] Picture infomations saved to global/ja-JP/history/2026/02/14_ja-JP.md
[09:44:57] Start geting global Bing Wallpaper, region=en-IN, local time is 2026-02-14 15:14:57.938344+05:30
[09:44:58] Successful get url: https://www.bing.com/th?id=OHR.ValentineHearts_EN-IN9333874983_UHD.jpg
[09:44:58] Picture infomations saved to  global/en-IN/README.md
[09:44:58] Picture infomations saved to global/en-IN/history/2026/02/14_en-IN.md
[09:44:58] Start geting global Bing Wallpaper, region=pt-BR, local time is 2026-02-14 06:44:58.215742-03:00
[09:44:58] Successful get url: https://www.bing.com/th?id=OHR.Carnaval26_PT-BR4981816549_UHD.jpg
[09:44:58] Picture infomations saved to  global/pt-BR/README.md
[09:44:58] Picture infomations saved to global/pt-BR/history/2026/02/15_pt-BR.md
[09:44:58] Start geting global Bing Wallpaper, region=fr-FR, local time is 2026-02-14 10:44:58.514195+01:00
[09:44:58] Successful get url: https://www.bing.com/th?id=OHR.ValentineHearts_FR-FR1591236824_UHD.jpg
[09:44:58] Picture infomations saved to  global/fr-FR/README.md
[09:44:58] Picture infomations saved to global/fr-FR/history/2026/02/14_fr-FR.md
[09:44:58] Start geting global Bing Wallpaper, region=de-DE, local time is 2026-02-14 10:44:58.808486+01:00
[09:44:58] Successful get url: https://www.bing.com/th?id=OHR.ValentineHearts_DE-DE3786630140_UHD.jpg
[09:44:59] Picture infomations saved to  global/de-DE/README.md
[09:44:59] Picture infomations saved to global/de-DE/history/2026/02/14_de-DE.md
[09:44:59] Start geting global Bing Wallpaper, region=en-CA, local time is 2026-02-14 04:44:59.108611-05:00
[09:44:59] Successful get url: https://www.bing.com/th?id=OHR.ValentineHearts_EN-CA0194351855_UHD.jpg
[09:44:59] Picture infomations saved to  global/en-CA/README.md
[09:44:59] Picture infomations saved to global/en-CA/history/2026/02/15_en-CA.md
[09:44:59] Start geting global Bing Wallpaper, region=en-GB, local time is 2026-02-14 09:44:59.391635+00:00
[09:44:59] Successful get url: https://www.bing.com/th?id=OHR.ValentineHearts_EN-GB9308860747_UHD.jpg
[09:44:59] Picture infomations saved to  global/en-GB/README.md
[09:44:59] Picture infomations saved to global/en-GB/history/2026/02/15_en-GB.md
[09:44:59] Start geting global Bing Wallpaper, region=it-IT, local time is 2026-02-14 10:44:59.683996+01:00
[09:44:59] Successful get url: https://www.bing.com/th?id=OHR.SanValentino_IT-IT4953032598_UHD.jpg
[09:44:59] Picture infomations saved to  global/it-IT/README.md
[09:44:59] Picture infomations saved to global/it-IT/history/2026/02/14_it-IT.md
[09:44:59] Start geting global Bing Wallpaper, region=es-ES, local time is 2026-02-14 10:44:59.983596+01:00
[09:45:00] Successful get url: https://www.bing.com/th?id=OHR.ValentineHearts_ES-ES3038334122_UHD.jpg
[09:45:00] Picture infomations saved to  global/es-ES/README.md
[09:45:00] Picture infomations saved to global/es-ES/history/2026/02/14_es-ES.md
[09:45:00] Start geting global Bing Wallpaper, region=fr-CA, local time is 2026-02-14 04:45:00.318681-05:00
[09:45:00] Successful get url: https://www.bing.com/th?id=OHR.ValentineHearts_FR-CA7167207051_UHD.jpg
[09:45:00] Picture infomations saved to  global/fr-CA/README.md
[09:45:00] Picture infomations saved to global/fr-CA/history/2026/02/15_fr-CA.md
Program exit at 09:45:00

Program started at 16:20:49
Operating System Name: Linux
Operating System Version: #17~24.04.1-Ubuntu SMP Mon Dec  1 20:10:50 UTC 2025
System Architecture: ('64bit', 'ELF')
Computer Type: x86_64
Computer Name: runnervmjduv7
Processor Type: x86_64
Python Version: 3.12.12
Python Interpreter Name: CPython
[16:20:49] Start geting CN Bing Wallpaper
[16:20:50] Successful get url: https://www.bing.com/th?id=OHR.MontereyHumpbacks_ZH-CN5426789466_UHD.jpg
[16:20:50] Image saved to img/background.jpg
[16:20:50] Info saved to README.md
[16:20:50] Image saved to history/2026/02/15.md
[16:20:50] Start geting global Bing Wallpaper, region=en-US, local time is 2026-02-14 11:20:50.270632-05:00
[16:20:50] Successful get url: https://www.bing.com/th?id=OHR.ValentineHearts_EN-US6208359150_UHD.jpg
[16:20:50] Picture infomations saved to  global/en-US/README.md
[16:20:50] Picture infomations saved to global/en-US/history/2026/02/15_en-US.md
[16:20:50] Start geting global Bing Wallpaper, region=ja-JP, local time is 2026-02-15 01:20:50.395995+09:00
[16:20:50] Successful get url: https://www.bing.com/th?id=OHR.MontereyHumpbacks_JA-JP5360073142_UHD.jpg
[16:20:50] Picture infomations saved to  global/ja-JP/README.md
[16:20:50] Picture infomations saved to global/ja-JP/history/2026/02/15_ja-JP.md
[16:20:50] Start geting global Bing Wallpaper, region=en-IN, local time is 2026-02-14 21:50:50.561080+05:30
[16:20:50] Successful get url: https://www.bing.com/th?id=OHR.ValentineHearts_EN-IN9333874983_UHD.jpg
[16:20:50] Picture infomations saved to  global/en-IN/README.md
[16:20:50] Picture infomations saved to global/en-IN/history/2026/02/14_en-IN.md
[16:20:50] Start geting global Bing Wallpaper, region=pt-BR, local time is 2026-02-14 13:20:50.796752-03:00
[16:20:50] Successful get url: https://www.bing.com/th?id=OHR.Carnaval26_PT-BR4981816549_UHD.jpg
[16:20:50] Picture infomations saved to  global/pt-BR/README.md
[16:20:50] Picture infomations saved to global/pt-BR/history/2026/02/15_pt-BR.md
[16:20:50] Start geting global Bing Wallpaper, region=fr-FR, local time is 2026-02-14 17:20:50.924814+01:00
[16:20:50] Successful get url: https://www.bing.com/th?id=OHR.ValentineHearts_FR-FR1591236824_UHD.jpg
[16:20:51] Picture infomations saved to  global/fr-FR/README.md
[16:20:51] Picture infomations saved to global/fr-FR/history/2026/02/14_fr-FR.md
[16:20:51] Start geting global Bing Wallpaper, region=de-DE, local time is 2026-02-14 17:20:51.033830+01:00
[16:20:51] Successful get url: https://www.bing.com/th?id=OHR.ValentineHearts_DE-DE3786630140_UHD.jpg
[16:20:51] Picture infomations saved to  global/de-DE/README.md
[16:20:51] Picture infomations saved to global/de-DE/history/2026/02/14_de-DE.md
[16:20:51] Start geting global Bing Wallpaper, region=en-CA, local time is 2026-02-14 11:20:51.150167-05:00
[16:20:51] Successful get url: https://www.bing.com/th?id=OHR.ValentineHearts_EN-CA0194351855_UHD.jpg
[16:20:51] Picture infomations saved to  global/en-CA/README.md
[16:20:51] Picture infomations saved to global/en-CA/history/2026/02/15_en-CA.md
[16:20:51] Start geting global Bing Wallpaper, region=en-GB, local time is 2026-02-14 16:20:51.286092+00:00
[16:20:51] Successful get url: https://www.bing.com/th?id=OHR.ValentineHearts_EN-GB9308860747_UHD.jpg
[16:20:51] Picture infomations saved to  global/en-GB/README.md
[16:20:51] Picture infomations saved to global/en-GB/history/2026/02/15_en-GB.md
[16:20:51] Start geting global Bing Wallpaper, region=it-IT, local time is 2026-02-14 17:20:51.407513+01:00
[16:20:51] Successful get url: https://www.bing.com/th?id=OHR.SanValentino_IT-IT4953032598_UHD.jpg
[16:20:51] Picture infomations saved to  global/it-IT/README.md
[16:20:51] Picture infomations saved to global/it-IT/history/2026/02/14_it-IT.md
[16:20:51] Start geting global Bing Wallpaper, region=es-ES, local time is 2026-02-14 17:20:51.556253+01:00
[16:20:51] Successful get url: https://www.bing.com/th?id=OHR.ValentineHearts_ES-ES3038334122_UHD.jpg
[16:20:51] Picture infomations saved to  global/es-ES/README.md
[16:20:51] Picture infomations saved to global/es-ES/history/2026/02/14_es-ES.md
[16:20:51] Start geting global Bing Wallpaper, region=fr-CA, local time is 2026-02-14 11:20:51.670195-05:00
[16:20:51] Successful get url: https://www.bing.com/th?id=OHR.ValentineHearts_FR-CA7167207051_UHD.jpg
[16:20:51] Picture infomations saved to  global/fr-CA/README.md
[16:20:51] Picture infomations saved to global/fr-CA/history/2026/02/15_fr-CA.md
Program exit at 16:20:51
