
Program started at 09:20:56
Operating System Name: Linux
Operating System Version: #18~22.04.1-Ubuntu SMP Tue Nov 21 19:25:02 UTC 2023
System Architecture: ('64bit', 'ELF')
Computer Type: x86_64
Computer Name: fv-az975-244
Processor Type: x86_64
Python Version: 3.12.1
Python Interpreter Name: CPython
[09:20:56] Start geting CN Bing Wallpaper
[09:20:56] Successful get url: https://www.bing.com/th?id=OHR.MacaroniPenguins_ZH-CN0600867997_UHD.jpg
[09:20:56] Image saved to img/background.jpg
[09:20:56] Info saved to README.md
[09:20:56] Image saved to history/2024/01/20.md
[09:20:56] Start geting global Bing Wallpaper, region=en-US, local time is 2024-01-20 04:20:56.915660-05:00
[09:20:56] Successful get url: https://www.bing.com/th?id=OHR.MacaroniPenguins_EN-US2046934125_UHD.jpg
[09:20:57] Picture infomations saved to  global/en-US/README.md
[09:20:57] Picture infomations saved to global/en-US/history/2024/01/21_en-US.md
[09:20:57] Start geting global Bing Wallpaper, region=ja-JP, local time is 2024-01-20 18:20:57.138841+09:00
[09:20:57] Successful get url: https://www.bing.com/th?id=OHR.Daikan2024_JA-JP9341510234_UHD.jpg
[09:20:57] Picture infomations saved to  global/ja-JP/README.md
[09:20:57] Picture infomations saved to global/ja-JP/history/2024/01/20_ja-JP.md
[09:20:57] Start geting global Bing Wallpaper, region=en-IN, local time is 2024-01-20 14:50:57.360209+05:30
[09:20:57] Successful get url: https://www.bing.com/th?id=OHR.MacaroniPenguins_EN-IN3516700130_UHD.jpg
[09:20:57] Picture infomations saved to  global/en-IN/README.md
[09:20:57] Picture infomations saved to global/en-IN/history/2024/01/20_en-IN.md
[09:20:57] Start geting global Bing Wallpaper, region=pt-BR, local time is 2024-01-20 06:20:57.543841-03:00
[09:20:57] Successful get url: https://www.bing.com/th?id=OHR.MacaroniPenguins_PT-BR1446877304_UHD.jpg
[09:20:57] Picture infomations saved to  global/pt-BR/README.md
[09:20:57] Picture infomations saved to global/pt-BR/history/2024/01/21_pt-BR.md
[09:20:57] Start geting global Bing Wallpaper, region=fr-FR, local time is 2024-01-20 10:20:57.721568+01:00
[09:20:57] Successful get url: https://www.bing.com/th?id=OHR.Castlenaud_FR-FR4922909582_UHD.jpg
[09:20:57] Picture infomations saved to  global/fr-FR/README.md
[09:20:57] Picture infomations saved to global/fr-FR/history/2024/01/20_fr-FR.md
[09:20:57] Start geting global Bing Wallpaper, region=de-DE, local time is 2024-01-20 10:20:57.927450+01:00
[09:20:58] Successful get url: https://www.bing.com/th?id=OHR.MacaroniPenguins_DE-DE9243593440_UHD.jpg
[09:20:58] Picture infomations saved to  global/de-DE/README.md
[09:20:58] Picture infomations saved to global/de-DE/history/2024/01/20_de-DE.md
[09:20:58] Start geting global Bing Wallpaper, region=en-CA, local time is 2024-01-20 04:20:58.138624-05:00
[09:20:58] Successful get url: https://www.bing.com/th?id=OHR.MacaroniPenguins_EN-CA8464340368_UHD.jpg
[09:20:58] Picture infomations saved to  global/en-CA/README.md
[09:20:58] Picture infomations saved to global/en-CA/history/2024/01/21_en-CA.md
[09:20:58] Start geting global Bing Wallpaper, region=en-GB, local time is 2024-01-20 09:20:58.486339+00:00
[09:20:58] Successful get url: https://www.bing.com/th?id=OHR.MacaroniPenguins_EN-GB2958332106_UHD.jpg
[09:20:58] Picture infomations saved to  global/en-GB/README.md
[09:20:58] Picture infomations saved to global/en-GB/history/2024/01/21_en-GB.md
[09:20:58] Start geting global Bing Wallpaper, region=it-IT, local time is 2024-01-20 10:20:58.701695+01:00
[09:20:58] Successful get url: https://www.bing.com/th?id=OHR.MacaroniPenguins_IT-IT1123912901_UHD.jpg
[09:20:58] Picture infomations saved to  global/it-IT/README.md
[09:20:58] Picture infomations saved to global/it-IT/history/2024/01/20_it-IT.md
[09:20:58] Start geting global Bing Wallpaper, region=es-ES, local time is 2024-01-20 10:20:58.915553+01:00
[09:20:58] Successful get url: https://www.bing.com/th?id=OHR.MacaroniPenguins_ES-ES2099572646_UHD.jpg
[09:20:59] Picture infomations saved to  global/es-ES/README.md
[09:20:59] Picture infomations saved to global/es-ES/history/2024/01/20_es-ES.md
[09:20:59] Start geting global Bing Wallpaper, region=fr-CA, local time is 2024-01-20 04:20:59.095608-05:00
[09:20:59] Successful get url: https://www.bing.com/th?id=OHR.MacaroniPenguins_FR-CA3166351888_UHD.jpg
[09:20:59] Picture infomations saved to  global/fr-CA/README.md
[09:20:59] Picture infomations saved to global/fr-CA/history/2024/01/21_fr-CA.md
Program exit at 09:20:59
