
Program started at 09:20:48
Operating System Name: Linux
Operating System Version: #18~22.04.1-Ubuntu SMP Tue Nov 21 19:25:02 UTC 2023
System Architecture: ('64bit', 'ELF')
Computer Type: x86_64
Computer Name: fv-az568-328
Processor Type: x86_64
Python Version: 3.12.1
Python Interpreter Name: CPython
[09:20:48] Start geting CN Bing Wallpaper
[09:20:48] Successful get url: https://www.bing.com/th?id=OHR.DevilsMarbles_ZH-CN4897809914_UHD.jpg
[09:20:48] Image saved to img/background.jpg
[09:20:48] Info saved to README.md
[09:20:48] Image saved to history/2024/01/07.md
[09:20:48] Start geting global Bing Wallpaper, region=en-US, local time is 2024-01-07 04:20:48.502462-05:00
[09:20:48] Successful get url: https://www.bing.com/th?id=OHR.DevilsMarbles_EN-US8559239074_UHD.jpg
[09:20:48] Picture infomations saved to  global/en-US/README.md
[09:20:48] Picture infomations saved to global/en-US/history/2024/01/08_en-US.md
[09:20:48] Start geting global Bing Wallpaper, region=ja-JP, local time is 2024-01-07 18:20:48.693186+09:00
[09:20:48] Successful get url: https://www.bing.com/th?id=OHR.DevilsMarbles_JA-JP2428291852_UHD.jpg
[09:20:48] Picture infomations saved to  global/ja-JP/README.md
[09:20:48] Picture infomations saved to global/ja-JP/history/2024/01/07_ja-JP.md
[09:20:48] Start geting global Bing Wallpaper, region=en-IN, local time is 2024-01-07 14:50:48.888763+05:30
[09:20:48] Successful get url: https://www.bing.com/th?id=OHR.DevilsMarbles_EN-IN6479219710_UHD.jpg
[09:20:49] Picture infomations saved to  global/en-IN/README.md
[09:20:49] Picture infomations saved to global/en-IN/history/2024/01/07_en-IN.md
[09:20:49] Start geting global Bing Wallpaper, region=pt-BR, local time is 2024-01-07 06:20:49.139135-03:00
[09:20:49] Successful get url: https://www.bing.com/th?id=OHR.DevilsMarbles_PT-BR1760984393_UHD.jpg
[09:20:49] Picture infomations saved to  global/pt-BR/README.md
[09:20:49] Picture infomations saved to global/pt-BR/history/2024/01/08_pt-BR.md
[09:20:49] Start geting global Bing Wallpaper, region=fr-FR, local time is 2024-01-07 10:20:49.329920+01:00
[09:20:49] Successful get url: https://www.bing.com/th?id=OHR.DevilsMarbles_FR-FR1418224441_UHD.jpg
[09:20:49] Picture infomations saved to  global/fr-FR/README.md
[09:20:49] Picture infomations saved to global/fr-FR/history/2024/01/07_fr-FR.md
[09:20:49] Start geting global Bing Wallpaper, region=de-DE, local time is 2024-01-07 10:20:49.503071+01:00
[09:20:49] Successful get url: https://www.bing.com/th?id=OHR.DevilsMarbles_DE-DE1638220976_UHD.jpg
[09:20:49] Picture infomations saved to  global/de-DE/README.md
[09:20:49] Picture infomations saved to global/de-DE/history/2024/01/07_de-DE.md
[09:20:49] Start geting global Bing Wallpaper, region=en-CA, local time is 2024-01-07 04:20:49.684564-05:00
[09:20:49] Successful get url: https://www.bing.com/th?id=OHR.DevilsMarbles_EN-CA8561451534_UHD.jpg
[09:20:49] Picture infomations saved to  global/en-CA/README.md
[09:20:49] Picture infomations saved to global/en-CA/history/2024/01/08_en-CA.md
[09:20:49] Start geting global Bing Wallpaper, region=en-GB, local time is 2024-01-07 09:20:49.861941+00:00
[09:20:49] Successful get url: https://www.bing.com/th?id=OHR.GreatStapleSnowUK_EN-GB2875416954_UHD.jpg
[09:20:50] Picture infomations saved to  global/en-GB/README.md
[09:20:50] Picture infomations saved to global/en-GB/history/2024/01/08_en-GB.md
[09:20:50] Start geting global Bing Wallpaper, region=it-IT, local time is 2024-01-07 10:20:50.093647+01:00
[09:20:50] Successful get url: https://www.bing.com/th?id=OHR.DevilsMarbles_IT-IT1859405943_UHD.jpg
[09:20:50] Picture infomations saved to  global/it-IT/README.md
[09:20:50] Picture infomations saved to global/it-IT/history/2024/01/07_it-IT.md
[09:20:50] Start geting global Bing Wallpaper, region=es-ES, local time is 2024-01-07 10:20:50.284510+01:00
[09:20:50] Successful get url: https://www.bing.com/th?id=OHR.DevilsMarbles_ES-ES9592851915_UHD.jpg
[09:20:50] Picture infomations saved to  global/es-ES/README.md
[09:20:50] Picture infomations saved to global/es-ES/history/2024/01/07_es-ES.md
[09:20:50] Start geting global Bing Wallpaper, region=fr-CA, local time is 2024-01-07 04:20:50.499710-05:00
[09:20:50] Successful get url: https://www.bing.com/th?id=OHR.DevilsMarbles_FR-CA0294680098_UHD.jpg
[09:20:50] Picture infomations saved to  global/fr-CA/README.md
[09:20:50] Picture infomations saved to global/fr-CA/history/2024/01/08_fr-CA.md
Program exit at 09:20:50

Program started at 16:10:58
Operating System Name: Linux
Operating System Version: #18~22.04.1-Ubuntu SMP Tue Nov 21 19:25:02 UTC 2023
System Architecture: ('64bit', 'ELF')
Computer Type: x86_64
Computer Name: fv-az1040-525
Processor Type: x86_64
Python Version: 3.12.1
Python Interpreter Name: CPython
[16:10:58] Start geting CN Bing Wallpaper
[16:10:58] Successful get url: https://www.bing.com/th?id=OHR.BerninaPass_ZH-CN5776010452_UHD.jpg
[16:10:58] Image saved to img/background.jpg
[16:10:58] Info saved to README.md
[16:10:58] Image saved to history/2024/01/08.md
[16:10:58] Start geting global Bing Wallpaper, region=en-US, local time is 2024-01-07 11:10:58.291821-05:00
[16:10:58] Successful get url: https://www.bing.com/th?id=OHR.DevilsMarbles_EN-US8559239074_UHD.jpg
[16:10:58] Picture infomations saved to  global/en-US/README.md
[16:10:58] Picture infomations saved to global/en-US/history/2024/01/08_en-US.md
[16:10:58] Start geting global Bing Wallpaper, region=ja-JP, local time is 2024-01-08 01:10:58.486067+09:00
[16:10:58] Successful get url: https://www.bing.com/th?id=OHR.BerninaPass_JA-JP7712918425_UHD.jpg
[16:10:58] Picture infomations saved to  global/ja-JP/README.md
[16:10:58] Picture infomations saved to global/ja-JP/history/2024/01/08_ja-JP.md
[16:10:58] Start geting global Bing Wallpaper, region=en-IN, local time is 2024-01-07 21:40:58.706366+05:30
[16:10:58] Successful get url: https://www.bing.com/th?id=OHR.DevilsMarbles_EN-IN6479219710_UHD.jpg
[16:10:58] Picture infomations saved to  global/en-IN/README.md
[16:10:58] Picture infomations saved to global/en-IN/history/2024/01/07_en-IN.md
[16:10:58] Start geting global Bing Wallpaper, region=pt-BR, local time is 2024-01-07 13:10:58.869777-03:00
[16:10:58] Successful get url: https://www.bing.com/th?id=OHR.DevilsMarbles_PT-BR1760984393_UHD.jpg
[16:10:59] Picture infomations saved to  global/pt-BR/README.md
[16:10:59] Picture infomations saved to global/pt-BR/history/2024/01/08_pt-BR.md
[16:10:59] Start geting global Bing Wallpaper, region=fr-FR, local time is 2024-01-07 17:10:59.036298+01:00
[16:10:59] Successful get url: https://www.bing.com/th?id=OHR.DevilsMarbles_FR-FR1418224441_UHD.jpg
[16:10:59] Picture infomations saved to  global/fr-FR/README.md
[16:10:59] Picture infomations saved to global/fr-FR/history/2024/01/07_fr-FR.md
[16:10:59] Start geting global Bing Wallpaper, region=de-DE, local time is 2024-01-07 17:10:59.213509+01:00
[16:10:59] Successful get url: https://www.bing.com/th?id=OHR.DevilsMarbles_DE-DE1638220976_UHD.jpg
[16:10:59] Picture infomations saved to  global/de-DE/README.md
[16:10:59] Picture infomations saved to global/de-DE/history/2024/01/07_de-DE.md
[16:10:59] Start geting global Bing Wallpaper, region=en-CA, local time is 2024-01-07 11:10:59.444177-05:00
[16:10:59] Successful get url: https://www.bing.com/th?id=OHR.DevilsMarbles_EN-CA8561451534_UHD.jpg
[16:10:59] Picture infomations saved to  global/en-CA/README.md
[16:10:59] Picture infomations saved to global/en-CA/history/2024/01/08_en-CA.md
[16:10:59] Start geting global Bing Wallpaper, region=en-GB, local time is 2024-01-07 16:10:59.626931+00:00
[16:10:59] Successful get url: https://www.bing.com/th?id=OHR.GreatStapleSnowUK_EN-GB2875416954_UHD.jpg
[16:10:59] Picture infomations saved to  global/en-GB/README.md
[16:10:59] Picture infomations saved to global/en-GB/history/2024/01/08_en-GB.md
[16:10:59] Start geting global Bing Wallpaper, region=it-IT, local time is 2024-01-07 17:10:59.805344+01:00
[16:10:59] Successful get url: https://www.bing.com/th?id=OHR.DevilsMarbles_IT-IT1859405943_UHD.jpg
[16:10:59] Picture infomations saved to  global/it-IT/README.md
[16:10:59] Picture infomations saved to global/it-IT/history/2024/01/07_it-IT.md
[16:10:59] Start geting global Bing Wallpaper, region=es-ES, local time is 2024-01-07 17:10:59.967229+01:00
[16:11:00] Successful get url: https://www.bing.com/th?id=OHR.DevilsMarbles_ES-ES9592851915_UHD.jpg
[16:11:00] Picture infomations saved to  global/es-ES/README.md
[16:11:00] Picture infomations saved to global/es-ES/history/2024/01/07_es-ES.md
[16:11:00] Start geting global Bing Wallpaper, region=fr-CA, local time is 2024-01-07 11:11:00.148098-05:00
[16:11:00] Successful get url: https://www.bing.com/th?id=OHR.DevilsMarbles_FR-CA0294680098_UHD.jpg
[16:11:00] Picture infomations saved to  global/fr-CA/README.md
[16:11:00] Picture infomations saved to global/fr-CA/history/2024/01/08_fr-CA.md
Program exit at 16:11:00
