
Program started at 09:20:29
Operating System Name: Linux
Operating System Version: #18~22.04.1-Ubuntu SMP Tue Nov 21 19:25:02 UTC 2023
System Architecture: ('64bit', 'ELF')
Computer Type: x86_64
Computer Name: fv-az773-27
Processor Type: x86_64
Python Version: 3.12.1
Python Interpreter Name: CPython
[09:20:29] Start geting CN Bing Wallpaper
[09:20:29] Successful get url: https://www.bing.com/th?id=OHR.CrabappleChaffinch_ZH-CN4458529756_UHD.jpg
[09:20:30] Image saved to img/background.jpg
[09:20:30] Info saved to README.md
[09:20:30] Image saved to history/2024/01/06.md
[09:20:30] Start geting global Bing Wallpaper, region=en-US, local time is 2024-01-06 04:20:30.001886-05:00
[09:20:30] Successful get url: https://www.bing.com/th?id=OHR.CrabappleChaffinch_EN-US1781584314_UHD.jpg
[09:20:30] Picture infomations saved to  global/en-US/README.md
[09:20:30] Picture infomations saved to global/en-US/history/2024/01/07_en-US.md
[09:20:30] Start geting global Bing Wallpaper, region=ja-JP, local time is 2024-01-06 18:20:30.216440+09:00
[09:20:30] Successful get url: https://www.bing.com/th?id=OHR.CrabappleChaffinch_JA-JP2354093241_UHD.jpg
[09:20:30] Picture infomations saved to  global/ja-JP/README.md
[09:20:30] Picture infomations saved to global/ja-JP/history/2024/01/06_ja-JP.md
[09:20:30] Start geting global Bing Wallpaper, region=en-IN, local time is 2024-01-06 14:50:30.390873+05:30
[09:20:30] Successful get url: https://www.bing.com/th?id=OHR.CrabappleChaffinch_EN-IN8958634852_UHD.jpg
[09:20:30] Picture infomations saved to  global/en-IN/README.md
[09:20:30] Picture infomations saved to global/en-IN/history/2024/01/06_en-IN.md
[09:20:30] Start geting global Bing Wallpaper, region=pt-BR, local time is 2024-01-06 06:20:30.567526-03:00
[09:20:30] Successful get url: https://www.bing.com/th?id=OHR.CrabappleChaffinch_PT-BR1131580779_UHD.jpg
[09:20:30] Picture infomations saved to  global/pt-BR/README.md
[09:20:30] Picture infomations saved to global/pt-BR/history/2024/01/07_pt-BR.md
[09:20:30] Start geting global Bing Wallpaper, region=fr-FR, local time is 2024-01-06 10:20:30.740340+01:00
[09:20:30] Successful get url: https://www.bing.com/th?id=OHR.GuadeloupeCarnival_FR-FR1231104335_UHD.jpg
[09:20:30] Picture infomations saved to  global/fr-FR/README.md
[09:20:30] Picture infomations saved to global/fr-FR/history/2024/01/06_fr-FR.md
[09:20:30] Start geting global Bing Wallpaper, region=de-DE, local time is 2024-01-06 10:20:30.928604+01:00
[09:20:31] Successful get url: https://www.bing.com/th?id=OHR.GoldenGateLight_DE-DE1352725160_UHD.jpg
[09:20:31] Picture infomations saved to  global/de-DE/README.md
[09:20:31] Picture infomations saved to global/de-DE/history/2024/01/06_de-DE.md
[09:20:31] Start geting global Bing Wallpaper, region=en-CA, local time is 2024-01-06 04:20:31.123007-05:00
[09:20:31] Successful get url: https://www.bing.com/th?id=OHR.VermilionLakesCA_EN-CA5785272161_UHD.jpg
[09:20:31] Picture infomations saved to  global/en-CA/README.md
[09:20:31] Picture infomations saved to global/en-CA/history/2024/01/07_en-CA.md
[09:20:31] Start geting global Bing Wallpaper, region=en-GB, local time is 2024-01-06 09:20:31.310387+00:00
[09:20:31] Successful get url: https://www.bing.com/th?id=OHR.BlueAmsterdam_EN-GB2503528249_UHD.jpg
[09:20:31] Picture infomations saved to  global/en-GB/README.md
[09:20:31] Picture infomations saved to global/en-GB/history/2024/01/07_en-GB.md
[09:20:31] Start geting global Bing Wallpaper, region=it-IT, local time is 2024-01-06 10:20:31.538413+01:00
[09:20:31] Successful get url: https://www.bing.com/th?id=OHR.BefanaPiazzaNavona_459973167_IT-IT4250570937_UHD.jpg
[09:20:31] Picture infomations saved to  global/it-IT/README.md
[09:20:31] Picture infomations saved to global/it-IT/history/2024/01/06_it-IT.md
[09:20:31] Start geting global Bing Wallpaper, region=es-ES, local time is 2024-01-06 10:20:31.713574+01:00
[09:20:31] Successful get url: https://www.bing.com/th?id=OHR.CrabappleChaffinch_ES-ES9402342278_UHD.jpg
[09:20:31] Picture infomations saved to  global/es-ES/README.md
[09:20:31] Picture infomations saved to global/es-ES/history/2024/01/06_es-ES.md
[09:20:31] Start geting global Bing Wallpaper, region=fr-CA, local time is 2024-01-06 04:20:31.910760-05:00
[09:20:32] Successful get url: https://www.bing.com/th?id=OHR.VermilionLakesCA_FR-CA0230229812_UHD.jpg
[09:20:32] Picture infomations saved to  global/fr-CA/README.md
[09:20:32] Picture infomations saved to global/fr-CA/history/2024/01/07_fr-CA.md
Program exit at 09:20:32

Program started at 16:10:49
Operating System Name: Linux
Operating System Version: #18~22.04.1-Ubuntu SMP Tue Nov 21 19:25:02 UTC 2023
System Architecture: ('64bit', 'ELF')
Computer Type: x86_64
Computer Name: fv-az979-838
Processor Type: x86_64
Python Version: 3.12.1
Python Interpreter Name: CPython
[16:10:49] Start geting CN Bing Wallpaper
[16:10:49] Successful get url: https://www.bing.com/th?id=OHR.DevilsMarbles_ZH-CN4897809914_UHD.jpg
[16:10:49] Image saved to img/background.jpg
[16:10:49] Info saved to README.md
[16:10:49] Image saved to history/2024/01/07.md
[16:10:49] Start geting global Bing Wallpaper, region=en-US, local time is 2024-01-06 11:10:49.522163-05:00
[16:10:49] Successful get url: https://www.bing.com/th?id=OHR.CrabappleChaffinch_EN-US1781584314_UHD.jpg
[16:10:49] Picture infomations saved to  global/en-US/README.md
[16:10:49] Picture infomations saved to global/en-US/history/2024/01/07_en-US.md
[16:10:49] Start geting global Bing Wallpaper, region=ja-JP, local time is 2024-01-07 01:10:49.779705+09:00
[16:10:49] Successful get url: https://www.bing.com/th?id=OHR.DevilsMarbles_JA-JP2428291852_UHD.jpg
[16:10:49] Picture infomations saved to  global/ja-JP/README.md
[16:10:49] Picture infomations saved to global/ja-JP/history/2024/01/07_ja-JP.md
[16:10:49] Start geting global Bing Wallpaper, region=en-IN, local time is 2024-01-06 21:40:49.968451+05:30
[16:10:50] Successful get url: https://www.bing.com/th?id=OHR.CrabappleChaffinch_EN-IN8958634852_UHD.jpg
[16:10:50] Picture infomations saved to  global/en-IN/README.md
[16:10:50] Picture infomations saved to global/en-IN/history/2024/01/06_en-IN.md
[16:10:50] Start geting global Bing Wallpaper, region=pt-BR, local time is 2024-01-06 13:10:50.159115-03:00
[16:10:50] Successful get url: https://www.bing.com/th?id=OHR.CrabappleChaffinch_PT-BR1131580779_UHD.jpg
[16:10:50] Picture infomations saved to  global/pt-BR/README.md
[16:10:50] Picture infomations saved to global/pt-BR/history/2024/01/07_pt-BR.md
[16:10:50] Start geting global Bing Wallpaper, region=fr-FR, local time is 2024-01-06 17:10:50.437097+01:00
[16:10:50] Successful get url: https://www.bing.com/th?id=OHR.GuadeloupeCarnival_FR-FR1231104335_UHD.jpg
[16:10:50] Picture infomations saved to  global/fr-FR/README.md
[16:10:50] Picture infomations saved to global/fr-FR/history/2024/01/06_fr-FR.md
[16:10:50] Start geting global Bing Wallpaper, region=de-DE, local time is 2024-01-06 17:10:50.616926+01:00
[16:10:50] Successful get url: https://www.bing.com/th?id=OHR.GoldenGateLight_DE-DE1352725160_UHD.jpg
[16:10:50] Picture infomations saved to  global/de-DE/README.md
[16:10:50] Picture infomations saved to global/de-DE/history/2024/01/06_de-DE.md
[16:10:50] Start geting global Bing Wallpaper, region=en-CA, local time is 2024-01-06 11:10:50.837923-05:00
[16:10:50] Successful get url: https://www.bing.com/th?id=OHR.VermilionLakesCA_EN-CA5785272161_UHD.jpg
[16:10:51] Picture infomations saved to  global/en-CA/README.md
[16:10:51] Picture infomations saved to global/en-CA/history/2024/01/07_en-CA.md
[16:10:51] Start geting global Bing Wallpaper, region=en-GB, local time is 2024-01-06 16:10:51.018519+00:00
[16:10:51] Successful get url: https://www.bing.com/th?id=OHR.BlueAmsterdam_EN-GB2503528249_UHD.jpg
[16:10:51] Picture infomations saved to  global/en-GB/README.md
[16:10:51] Picture infomations saved to global/en-GB/history/2024/01/07_en-GB.md
[16:10:51] Start geting global Bing Wallpaper, region=it-IT, local time is 2024-01-06 17:10:51.268543+01:00
[16:10:51] Successful get url: https://www.bing.com/th?id=OHR.BefanaPiazzaNavona_459973167_IT-IT4250570937_UHD.jpg
[16:10:51] Picture infomations saved to  global/it-IT/README.md
[16:10:51] Picture infomations saved to global/it-IT/history/2024/01/06_it-IT.md
[16:10:51] Start geting global Bing Wallpaper, region=es-ES, local time is 2024-01-06 17:10:51.507105+01:00
[16:10:51] Successful get url: https://www.bing.com/th?id=OHR.CrabappleChaffinch_ES-ES9402342278_UHD.jpg
[16:10:51] Picture infomations saved to  global/es-ES/README.md
[16:10:51] Picture infomations saved to global/es-ES/history/2024/01/06_es-ES.md
[16:10:51] Start geting global Bing Wallpaper, region=fr-CA, local time is 2024-01-06 11:10:51.701565-05:00
[16:10:51] Successful get url: https://www.bing.com/th?id=OHR.VermilionLakesCA_FR-CA0230229812_UHD.jpg
[16:10:51] Picture infomations saved to  global/fr-CA/README.md
[16:10:51] Picture infomations saved to global/fr-CA/history/2024/01/07_fr-CA.md
Program exit at 16:10:51
