
Program started at 09:21:07
Operating System Name: Linux
Operating System Version: #18~22.04.1-Ubuntu SMP Tue Nov 21 19:25:02 UTC 2023
System Architecture: ('64bit', 'ELF')
Computer Type: x86_64
Computer Name: fv-az573-548
Processor Type: x86_64
Python Version: 3.12.1
Python Interpreter Name: CPython
[09:21:07] Start geting CN Bing Wallpaper
[09:21:07] Successful get url: https://www.bing.com/th?id=OHR.HanaHighway_ZH-CN8601588011_UHD.jpg
[09:21:07] Image saved to img/background.jpg
[09:21:07] Info saved to README.md
[09:21:07] Image saved to history/2024/01/13.md
[09:21:07] Start geting global Bing Wallpaper, region=en-US, local time is 2024-01-13 04:21:07.914405-05:00
[09:21:07] Successful get url: https://www.bing.com/th?id=OHR.HanaHighway_EN-US0637770298_UHD.jpg
[09:21:08] Picture infomations saved to  global/en-US/README.md
[09:21:08] Picture infomations saved to global/en-US/history/2024/01/14_en-US.md
[09:21:08] Start geting global Bing Wallpaper, region=ja-JP, local time is 2024-01-13 18:21:08.152500+09:00
[09:21:08] Successful get url: https://www.bing.com/th?id=OHR.Daruma2024_JA-JP9897104150_UHD.jpg
[09:21:08] Picture infomations saved to  global/ja-JP/README.md
[09:21:08] Picture infomations saved to global/ja-JP/history/2024/01/13_ja-JP.md
[09:21:08] Start geting global Bing Wallpaper, region=en-IN, local time is 2024-01-13 14:51:08.375698+05:30
[09:21:08] Successful get url: https://www.bing.com/th?id=OHR.HanaHighway_EN-IN2324182593_UHD.jpg
[09:21:08] Picture infomations saved to  global/en-IN/README.md
[09:21:08] Picture infomations saved to global/en-IN/history/2024/01/13_en-IN.md
[09:21:08] Start geting global Bing Wallpaper, region=pt-BR, local time is 2024-01-13 06:21:08.591621-03:00
[09:21:08] Successful get url: https://www.bing.com/th?id=OHR.HanaHighway_PT-BR9575647146_UHD.jpg
[09:21:08] Picture infomations saved to  global/pt-BR/README.md
[09:21:08] Picture infomations saved to global/pt-BR/history/2024/01/14_pt-BR.md
[09:21:08] Start geting global Bing Wallpaper, region=fr-FR, local time is 2024-01-13 10:21:08.892006+01:00
[09:21:08] Successful get url: https://www.bing.com/th?id=OHR.HanaHighway_FR-FR2322911528_UHD.jpg
[09:21:09] Picture infomations saved to  global/fr-FR/README.md
[09:21:09] Picture infomations saved to global/fr-FR/history/2024/01/13_fr-FR.md
[09:21:09] Start geting global Bing Wallpaper, region=de-DE, local time is 2024-01-13 10:21:09.093274+01:00
[09:21:09] Successful get url: https://www.bing.com/th?id=OHR.HanaHighway_DE-DE3152977646_UHD.jpg
[09:21:09] Picture infomations saved to  global/de-DE/README.md
[09:21:09] Picture infomations saved to global/de-DE/history/2024/01/13_de-DE.md
[09:21:09] Start geting global Bing Wallpaper, region=en-CA, local time is 2024-01-13 04:21:09.305561-05:00
[09:21:09] Successful get url: https://www.bing.com/th?id=OHR.HanaHighway_EN-CA7042798392_UHD.jpg
[09:21:09] Picture infomations saved to  global/en-CA/README.md
[09:21:09] Picture infomations saved to global/en-CA/history/2024/01/14_en-CA.md
[09:21:09] Start geting global Bing Wallpaper, region=en-GB, local time is 2024-01-13 09:21:09.521902+00:00
[09:21:09] Successful get url: https://www.bing.com/th?id=OHR.HanaHighway_EN-GB1532378824_UHD.jpg
[09:21:09] Picture infomations saved to  global/en-GB/README.md
[09:21:09] Picture infomations saved to global/en-GB/history/2024/01/14_en-GB.md
[09:21:09] Start geting global Bing Wallpaper, region=it-IT, local time is 2024-01-13 10:21:09.765840+01:00
[09:21:09] Successful get url: https://www.bing.com/th?id=OHR.SanLucanoValley_IT-IT3035454153_UHD.jpg
[09:21:09] Picture infomations saved to  global/it-IT/README.md
[09:21:09] Picture infomations saved to global/it-IT/history/2024/01/13_it-IT.md
[09:21:09] Start geting global Bing Wallpaper, region=es-ES, local time is 2024-01-13 10:21:09.974492+01:00
[09:21:10] Successful get url: https://www.bing.com/th?id=OHR.HanaHighway_ES-ES1267688219_UHD.jpg
[09:21:10] Picture infomations saved to  global/es-ES/README.md
[09:21:10] Picture infomations saved to global/es-ES/history/2024/01/13_es-ES.md
[09:21:10] Start geting global Bing Wallpaper, region=fr-CA, local time is 2024-01-13 04:21:10.179730-05:00
[09:21:10] Successful get url: https://www.bing.com/th?id=OHR.HanaHighway_FR-CA8279096953_UHD.jpg
[09:21:10] Picture infomations saved to  global/fr-CA/README.md
[09:21:10] Picture infomations saved to global/fr-CA/history/2024/01/14_fr-CA.md
Program exit at 09:21:10
