
Program started at 09:21:57
Operating System Name: Linux
Operating System Version: #18~22.04.1-Ubuntu SMP Tue Nov 21 19:25:02 UTC 2023
System Architecture: ('64bit', 'ELF')
Computer Type: x86_64
Computer Name: fv-az714-877
Processor Type: x86_64
Python Version: 3.12.1
Python Interpreter Name: CPython
[09:21:57] Start geting CN Bing Wallpaper
[09:21:58] Successful get url: https://www.bing.com/th?id=OHR.HawkOwl_ZH-CN3401920167_UHD.jpg
[09:21:58] Image saved to img/background.jpg
[09:21:58] Info saved to README.md
[09:21:58] Image saved to history/2024/01/26.md
[09:21:58] Start geting global Bing Wallpaper, region=en-US, local time is 2024-01-26 04:21:58.534575-05:00
[09:21:58] Successful get url: https://www.bing.com/th?id=OHR.HawkOwl_EN-US6646901652_UHD.jpg
[09:21:59] Picture infomations saved to  global/en-US/README.md
[09:21:59] Picture infomations saved to global/en-US/history/2024/01/27_en-US.md
[09:21:59] Start geting global Bing Wallpaper, region=ja-JP, local time is 2024-01-26 18:21:59.122198+09:00
[09:21:59] Successful get url: https://www.bing.com/th?id=OHR.HawkOwl_JA-JP5530639554_UHD.jpg
[09:21:59] Picture infomations saved to  global/ja-JP/README.md
[09:21:59] Picture infomations saved to global/ja-JP/history/2024/01/26_ja-JP.md
[09:21:59] Start geting global Bing Wallpaper, region=en-IN, local time is 2024-01-26 14:51:59.721263+05:30
[09:21:59] Successful get url: https://www.bing.com/th?id=OHR.RepublicDayIN_EN-IN0100062780_UHD.jpg
[09:22:00] Picture infomations saved to  global/en-IN/README.md
[09:22:00] Picture infomations saved to global/en-IN/history/2024/01/26_en-IN.md
[09:22:00] Start geting global Bing Wallpaper, region=pt-BR, local time is 2024-01-26 06:22:00.366732-03:00
[09:22:00] Successful get url: https://www.bing.com/th?id=OHR.HawkOwl_PT-BR7690108757_UHD.jpg
[09:22:00] Picture infomations saved to  global/pt-BR/README.md
[09:22:00] Picture infomations saved to global/pt-BR/history/2024/01/27_pt-BR.md
[09:22:00] Start geting global Bing Wallpaper, region=fr-FR, local time is 2024-01-26 10:22:00.941193+01:00
[09:22:01] Successful get url: https://www.bing.com/th?id=OHR.HawkOwl_FR-FR1707000792_UHD.jpg
[09:22:01] Picture infomations saved to  global/fr-FR/README.md
[09:22:01] Picture infomations saved to global/fr-FR/history/2024/01/26_fr-FR.md
[09:22:01] Start geting global Bing Wallpaper, region=de-DE, local time is 2024-01-26 10:22:01.511453+01:00
[09:22:01] Successful get url: https://www.bing.com/th?id=OHR.HawkOwl_DE-DE8185827416_UHD.jpg
[09:22:02] Picture infomations saved to  global/de-DE/README.md
[09:22:02] Picture infomations saved to global/de-DE/history/2024/01/26_de-DE.md
[09:22:02] Start geting global Bing Wallpaper, region=en-CA, local time is 2024-01-26 04:22:02.094281-05:00
[09:22:02] Successful get url: https://www.bing.com/th?id=OHR.HawkOwl_EN-CA9957367188_UHD.jpg
[09:22:02] Picture infomations saved to  global/en-CA/README.md
[09:22:02] Picture infomations saved to global/en-CA/history/2024/01/27_en-CA.md
[09:22:02] Start geting global Bing Wallpaper, region=en-GB, local time is 2024-01-26 09:22:02.686697+00:00
[09:22:02] Successful get url: https://www.bing.com/th?id=OHR.EurasianBlueTitUK_EN-GB5165508087_UHD.jpg
[09:22:03] Picture infomations saved to  global/en-GB/README.md
[09:22:03] Picture infomations saved to global/en-GB/history/2024/01/27_en-GB.md
[09:22:03] Start geting global Bing Wallpaper, region=it-IT, local time is 2024-01-26 10:22:03.302258+01:00
[09:22:03] Successful get url: https://www.bing.com/th?id=OHR.HawkOwl_IT-IT8168664237_UHD.jpg
[09:22:03] Picture infomations saved to  global/it-IT/README.md
[09:22:03] Picture infomations saved to global/it-IT/history/2024/01/26_it-IT.md
[09:22:03] Start geting global Bing Wallpaper, region=es-ES, local time is 2024-01-26 10:22:03.883132+01:00
[09:22:03] Successful get url: https://www.bing.com/th?id=OHR.HawkOwl_ES-ES0489194970_UHD.jpg
[09:22:04] Picture infomations saved to  global/es-ES/README.md
[09:22:04] Picture infomations saved to global/es-ES/history/2024/01/26_es-ES.md
[09:22:04] Start geting global Bing Wallpaper, region=fr-CA, local time is 2024-01-26 04:22:04.449244-05:00
[09:22:04] Successful get url: https://www.bing.com/th?id=OHR.HawkOwl_FR-CA2139519726_UHD.jpg
[09:22:05] Picture infomations saved to  global/fr-CA/README.md
[09:22:05] Picture infomations saved to global/fr-CA/history/2024/01/27_fr-CA.md
Program exit at 09:22:05
