
Program started at 09:21:22
Operating System Name: Linux
Operating System Version: #18~22.04.1-Ubuntu SMP Tue Nov 21 19:25:02 UTC 2023
System Architecture: ('64bit', 'ELF')
Computer Type: x86_64
Computer Name: fv-az777-300
Processor Type: x86_64
Python Version: 3.12.1
Python Interpreter Name: CPython
[09:21:22] Start geting CN Bing Wallpaper
[09:21:22] Successful get url: https://www.bing.com/th?id=OHR.GollingerFalls_ZH-CN1137680822_UHD.jpg
[09:21:22] Image saved to img/background.jpg
[09:21:22] Info saved to README.md
[09:21:22] Image saved to history/2024/01/29.md
[09:21:22] Start geting global Bing Wallpaper, region=en-US, local time is 2024-01-29 04:21:22.723295-05:00
[09:21:22] Successful get url: https://www.bing.com/th?id=OHR.GollingerFalls_EN-US7184224692_UHD.jpg
[09:21:22] Picture infomations saved to  global/en-US/README.md
[09:21:22] Picture infomations saved to global/en-US/history/2024/01/30_en-US.md
[09:21:22] Start geting global Bing Wallpaper, region=ja-JP, local time is 2024-01-29 18:21:22.909992+09:00
[09:21:22] Successful get url: https://www.bing.com/th?id=OHR.GollingerFalls_JA-JP9041099728_UHD.jpg
[09:21:23] Picture infomations saved to  global/ja-JP/README.md
[09:21:23] Picture infomations saved to global/ja-JP/history/2024/01/29_ja-JP.md
[09:21:23] Start geting global Bing Wallpaper, region=en-IN, local time is 2024-01-29 14:51:23.128710+05:30
[09:21:23] Successful get url: https://www.bing.com/th?id=OHR.GollingerFalls_EN-IN2127634667_UHD.jpg
[09:21:23] Picture infomations saved to  global/en-IN/README.md
[09:21:23] Picture infomations saved to global/en-IN/history/2024/01/29_en-IN.md
[09:21:23] Start geting global Bing Wallpaper, region=pt-BR, local time is 2024-01-29 06:21:23.370053-03:00
[09:21:23] Successful get url: https://www.bing.com/th?id=OHR.GollingerFalls_PT-BR0731696047_UHD.jpg
[09:21:23] Picture infomations saved to  global/pt-BR/README.md
[09:21:23] Picture infomations saved to global/pt-BR/history/2024/01/30_pt-BR.md
[09:21:23] Start geting global Bing Wallpaper, region=fr-FR, local time is 2024-01-29 10:21:23.575744+01:00
[09:21:23] Successful get url: https://www.bing.com/th?id=OHR.GollingerFalls_FR-FR3295584531_UHD.jpg
[09:21:23] Picture infomations saved to  global/fr-FR/README.md
[09:21:23] Picture infomations saved to global/fr-FR/history/2024/01/29_fr-FR.md
[09:21:23] Start geting global Bing Wallpaper, region=de-DE, local time is 2024-01-29 10:21:23.751518+01:00
[09:21:23] Successful get url: https://www.bing.com/th?id=OHR.GollingerFalls_DE-DE0072333494_UHD.jpg
[09:21:24] Picture infomations saved to  global/de-DE/README.md
[09:21:24] Picture infomations saved to global/de-DE/history/2024/01/29_de-DE.md
[09:21:24] Start geting global Bing Wallpaper, region=en-CA, local time is 2024-01-29 04:21:24.040137-05:00
[09:21:24] Successful get url: https://www.bing.com/th?id=OHR.GollingerFalls_EN-CA5492770721_UHD.jpg
[09:21:24] Picture infomations saved to  global/en-CA/README.md
[09:21:24] Picture infomations saved to global/en-CA/history/2024/01/30_en-CA.md
[09:21:24] Start geting global Bing Wallpaper, region=en-GB, local time is 2024-01-29 09:21:24.248193+00:00
[09:21:24] Successful get url: https://www.bing.com/th?id=OHR.GollingerFalls_EN-GB7103601086_UHD.jpg
[09:21:24] Picture infomations saved to  global/en-GB/README.md
[09:21:24] Picture infomations saved to global/en-GB/history/2024/01/30_en-GB.md
[09:21:24] Start geting global Bing Wallpaper, region=it-IT, local time is 2024-01-29 10:21:24.436037+01:00
[09:21:24] Successful get url: https://www.bing.com/th?id=OHR.GollingerFalls_IT-IT3317217540_UHD.jpg
[09:21:24] Picture infomations saved to  global/it-IT/README.md
[09:21:24] Picture infomations saved to global/it-IT/history/2024/01/29_it-IT.md
[09:21:24] Start geting global Bing Wallpaper, region=es-ES, local time is 2024-01-29 10:21:24.691219+01:00
[09:21:24] Successful get url: https://www.bing.com/th?id=OHR.GollingerFalls_ES-ES0904440430_UHD.jpg
[09:21:24] Picture infomations saved to  global/es-ES/README.md
[09:21:24] Picture infomations saved to global/es-ES/history/2024/01/29_es-ES.md
[09:21:24] Start geting global Bing Wallpaper, region=fr-CA, local time is 2024-01-29 04:21:24.854774-05:00
[09:21:24] Successful get url: https://www.bing.com/th?id=OHR.GollingerFalls_FR-CA8735743106_UHD.jpg
[09:21:25] Picture infomations saved to  global/fr-CA/README.md
[09:21:25] Picture infomations saved to global/fr-CA/history/2024/01/30_fr-CA.md
Program exit at 09:21:25
