
Program started at 09:22:33
Operating System Name: Linux
Operating System Version: #18~22.04.1-Ubuntu SMP Tue Nov 21 19:25:02 UTC 2023
System Architecture: ('64bit', 'ELF')
Computer Type: x86_64
Computer Name: fv-az1493-787
Processor Type: x86_64
Python Version: 3.12.1
Python Interpreter Name: CPython
[09:22:33] Start geting CN Bing Wallpaper
[09:22:33] Successful get url: https://www.bing.com/th?id=OHR.BalloonDay_ZH-CN7571792218_UHD.jpg
[09:22:33] Image saved to img/background.jpg
[09:22:33] Info saved to README.md
[09:22:33] Image saved to history/2024/01/09.md
[09:22:33] Start geting global Bing Wallpaper, region=en-US, local time is 2024-01-09 04:22:33.291995-05:00
[09:22:33] Successful get url: https://www.bing.com/th?id=OHR.BalloonDay_EN-US9019911805_UHD.jpg
[09:22:33] Picture infomations saved to  global/en-US/README.md
[09:22:33] Picture infomations saved to global/en-US/history/2024/01/10_en-US.md
[09:22:33] Start geting global Bing Wallpaper, region=ja-JP, local time is 2024-01-09 18:22:33.471050+09:00
[09:22:33] Successful get url: https://www.bing.com/th?id=OHR.BalloonDay_JA-JP2573832501_UHD.jpg
[09:22:33] Picture infomations saved to  global/ja-JP/README.md
[09:22:33] Picture infomations saved to global/ja-JP/history/2024/01/09_ja-JP.md
[09:22:33] Start geting global Bing Wallpaper, region=en-IN, local time is 2024-01-09 14:52:33.682402+05:30
[09:22:33] Successful get url: https://www.bing.com/th?id=OHR.GayathriReservoir_EN-IN7178721819_UHD.jpg
[09:22:33] Picture infomations saved to  global/en-IN/README.md
[09:22:33] Picture infomations saved to global/en-IN/history/2024/01/09_en-IN.md
[09:22:33] Start geting global Bing Wallpaper, region=pt-BR, local time is 2024-01-09 06:22:33.878302-03:00
[09:22:33] Successful get url: https://www.bing.com/th?id=OHR.BalloonDay_PT-BR2020170449_UHD.jpg
[09:22:34] Picture infomations saved to  global/pt-BR/README.md
[09:22:34] Picture infomations saved to global/pt-BR/history/2024/01/10_pt-BR.md
[09:22:34] Start geting global Bing Wallpaper, region=fr-FR, local time is 2024-01-09 10:22:34.145858+01:00
[09:22:34] Successful get url: https://www.bing.com/th?id=OHR.BalloonDay_FR-FR1975351459_UHD.jpg
[09:22:34] Picture infomations saved to  global/fr-FR/README.md
[09:22:34] Picture infomations saved to global/fr-FR/history/2024/01/09_fr-FR.md
[09:22:34] Start geting global Bing Wallpaper, region=de-DE, local time is 2024-01-09 10:22:34.343011+01:00
[09:22:34] Successful get url: https://www.bing.com/th?id=OHR.BalloonDay_DE-DE2164566346_UHD.jpg
[09:22:34] Picture infomations saved to  global/de-DE/README.md
[09:22:34] Picture infomations saved to global/de-DE/history/2024/01/09_de-DE.md
[09:22:34] Start geting global Bing Wallpaper, region=en-CA, local time is 2024-01-09 04:22:34.565746-05:00
[09:22:34] Successful get url: https://www.bing.com/th?id=OHR.BalloonDay_EN-CA0285762156_UHD.jpg
[09:22:34] Picture infomations saved to  global/en-CA/README.md
[09:22:34] Picture infomations saved to global/en-CA/history/2024/01/10_en-CA.md
[09:22:34] Start geting global Bing Wallpaper, region=en-GB, local time is 2024-01-09 09:22:34.730621+00:00
[09:22:34] Successful get url: https://www.bing.com/th?id=OHR.BalloonDay_EN-GB9560500420_UHD.jpg
[09:22:34] Picture infomations saved to  global/en-GB/README.md
[09:22:34] Picture infomations saved to global/en-GB/history/2024/01/10_en-GB.md
[09:22:34] Start geting global Bing Wallpaper, region=it-IT, local time is 2024-01-09 10:22:34.914243+01:00
[09:22:35] Successful get url: https://www.bing.com/th?id=OHR.BalloonDay_IT-IT9345867684_UHD.jpg
[09:22:35] Picture infomations saved to  global/it-IT/README.md
[09:22:35] Picture infomations saved to global/it-IT/history/2024/01/09_it-IT.md
[09:22:35] Start geting global Bing Wallpaper, region=es-ES, local time is 2024-01-09 10:22:35.101539+01:00
[09:22:35] Successful get url: https://www.bing.com/th?id=OHR.BalloonDay_ES-ES6385510449_UHD.jpg
[09:22:35] Picture infomations saved to  global/es-ES/README.md
[09:22:35] Picture infomations saved to global/es-ES/history/2024/01/09_es-ES.md
[09:22:35] Start geting global Bing Wallpaper, region=fr-CA, local time is 2024-01-09 04:22:35.275075-05:00
[09:22:35] Successful get url: https://www.bing.com/th?id=OHR.BalloonDay_FR-CA0625295007_UHD.jpg
[09:22:35] Picture infomations saved to  global/fr-CA/README.md
[09:22:35] Picture infomations saved to global/fr-CA/history/2024/01/10_fr-CA.md
Program exit at 09:22:35

Program started at 16:12:04
Operating System Name: Linux
Operating System Version: #18~22.04.1-Ubuntu SMP Tue Nov 21 19:25:02 UTC 2023
System Architecture: ('64bit', 'ELF')
Computer Type: x86_64
Computer Name: fv-az1153-24
Processor Type: x86_64
Python Version: 3.12.1
Python Interpreter Name: CPython
[16:12:04] Start geting CN Bing Wallpaper
[16:12:04] Successful get url: https://www.bing.com/th?id=OHR.MilopotamosStairs_ZH-CN8013521384_UHD.jpg
[16:12:05] Image saved to img/background.jpg
[16:12:05] Info saved to README.md
[16:12:05] Image saved to history/2024/01/10.md
[16:12:05] Start geting global Bing Wallpaper, region=en-US, local time is 2024-01-09 11:12:05.231993-05:00
[16:12:05] Successful get url: https://www.bing.com/th?id=OHR.BalloonDay_EN-US9019911805_UHD.jpg
[16:12:05] Picture infomations saved to  global/en-US/README.md
[16:12:05] Picture infomations saved to global/en-US/history/2024/01/10_en-US.md
[16:12:05] Start geting global Bing Wallpaper, region=ja-JP, local time is 2024-01-10 01:12:05.453644+09:00
[16:12:05] Successful get url: https://www.bing.com/th?id=OHR.MilopotamosStairs_JA-JP2627387814_UHD.jpg
[16:12:05] Picture infomations saved to  global/ja-JP/README.md
[16:12:05] Picture infomations saved to global/ja-JP/history/2024/01/10_ja-JP.md
[16:12:05] Start geting global Bing Wallpaper, region=en-IN, local time is 2024-01-09 21:42:05.692694+05:30
[16:12:05] Successful get url: https://www.bing.com/th?id=OHR.GayathriReservoir_EN-IN7178721819_UHD.jpg
[16:12:05] Picture infomations saved to  global/en-IN/README.md
[16:12:05] Picture infomations saved to global/en-IN/history/2024/01/09_en-IN.md
[16:12:05] Start geting global Bing Wallpaper, region=pt-BR, local time is 2024-01-09 13:12:05.924126-03:00
[16:12:06] Successful get url: https://www.bing.com/th?id=OHR.BalloonDay_PT-BR2020170449_UHD.jpg
[16:12:06] Picture infomations saved to  global/pt-BR/README.md
[16:12:06] Picture infomations saved to global/pt-BR/history/2024/01/10_pt-BR.md
[16:12:06] Start geting global Bing Wallpaper, region=fr-FR, local time is 2024-01-09 17:12:06.211574+01:00
[16:12:06] Successful get url: https://www.bing.com/th?id=OHR.BalloonDay_FR-FR1975351459_UHD.jpg
[16:12:06] Picture infomations saved to  global/fr-FR/README.md
[16:12:06] Picture infomations saved to global/fr-FR/history/2024/01/09_fr-FR.md
[16:12:06] Start geting global Bing Wallpaper, region=de-DE, local time is 2024-01-09 17:12:06.425111+01:00
[16:12:06] Successful get url: https://www.bing.com/th?id=OHR.BalloonDay_DE-DE2164566346_UHD.jpg
[16:12:06] Picture infomations saved to  global/de-DE/README.md
[16:12:06] Picture infomations saved to global/de-DE/history/2024/01/09_de-DE.md
[16:12:06] Start geting global Bing Wallpaper, region=en-CA, local time is 2024-01-09 11:12:06.656087-05:00
[16:12:06] Successful get url: https://www.bing.com/th?id=OHR.BalloonDay_EN-CA0285762156_UHD.jpg
[16:12:06] Picture infomations saved to  global/en-CA/README.md
[16:12:06] Picture infomations saved to global/en-CA/history/2024/01/10_en-CA.md
[16:12:06] Start geting global Bing Wallpaper, region=en-GB, local time is 2024-01-09 16:12:06.872419+00:00
[16:12:06] Successful get url: https://www.bing.com/th?id=OHR.BalloonDay_EN-GB9560500420_UHD.jpg
[16:12:07] Picture infomations saved to  global/en-GB/README.md
[16:12:07] Picture infomations saved to global/en-GB/history/2024/01/10_en-GB.md
[16:12:07] Start geting global Bing Wallpaper, region=it-IT, local time is 2024-01-09 17:12:07.444348+01:00
[16:12:07] Successful get url: https://www.bing.com/th?id=OHR.BalloonDay_IT-IT9345867684_UHD.jpg
[16:12:07] Picture infomations saved to  global/it-IT/README.md
[16:12:07] Picture infomations saved to global/it-IT/history/2024/01/09_it-IT.md
[16:12:07] Start geting global Bing Wallpaper, region=es-ES, local time is 2024-01-09 17:12:07.664848+01:00
[16:12:07] Successful get url: https://www.bing.com/th?id=OHR.BalloonDay_ES-ES6385510449_UHD.jpg
[16:12:07] Picture infomations saved to  global/es-ES/README.md
[16:12:07] Picture infomations saved to global/es-ES/history/2024/01/09_es-ES.md
[16:12:07] Start geting global Bing Wallpaper, region=fr-CA, local time is 2024-01-09 11:12:07.893934-05:00
[16:12:07] Successful get url: https://www.bing.com/th?id=OHR.BalloonDay_FR-CA0625295007_UHD.jpg
[16:12:08] Picture infomations saved to  global/fr-CA/README.md
[16:12:08] Picture infomations saved to global/fr-CA/history/2024/01/10_fr-CA.md
Program exit at 16:12:08
