
Program started at 09:23:10
Operating System Name: Linux
Operating System Version: #18~22.04.1-Ubuntu SMP Tue Nov 21 19:25:02 UTC 2023
System Architecture: ('64bit', 'ELF')
Computer Type: x86_64
Computer Name: fv-az736-928
Processor Type: x86_64
Python Version: 3.12.1
Python Interpreter Name: CPython
[09:23:10] Start geting CN Bing Wallpaper
[09:23:10] Successful get url: https://www.bing.com/th?id=OHR.ParisBridge_ZH-CN0173421630_UHD.jpg
[09:23:10] Image saved to img/background.jpg
[09:23:10] Info saved to README.md
[09:23:10] Image saved to history/2024/01/18.md
[09:23:10] Start geting global Bing Wallpaper, region=en-US, local time is 2024-01-18 04:23:10.772590-05:00
[09:23:10] Successful get url: https://www.bing.com/th?id=OHR.ParisBridge_EN-US1771484789_UHD.jpg
[09:23:11] Picture infomations saved to  global/en-US/README.md
[09:23:11] Picture infomations saved to global/en-US/history/2024/01/19_en-US.md
[09:23:11] Start geting global Bing Wallpaper, region=ja-JP, local time is 2024-01-18 18:23:11.016860+09:00
[09:23:11] Successful get url: https://www.bing.com/th?id=OHR.ParisBridge_JA-JP7502194315_UHD.jpg
[09:23:11] Picture infomations saved to  global/ja-JP/README.md
[09:23:11] Picture infomations saved to global/ja-JP/history/2024/01/18_ja-JP.md
[09:23:11] Start geting global Bing Wallpaper, region=en-IN, local time is 2024-01-18 14:53:11.235366+05:30
[09:23:11] Successful get url: https://www.bing.com/th?id=OHR.ParisBridge_EN-IN3371045784_UHD.jpg
[09:23:11] Picture infomations saved to  global/en-IN/README.md
[09:23:11] Picture infomations saved to global/en-IN/history/2024/01/18_en-IN.md
[09:23:11] Start geting global Bing Wallpaper, region=pt-BR, local time is 2024-01-18 06:23:11.450338-03:00
[09:23:11] Successful get url: https://www.bing.com/th?id=OHR.ParisBridge_PT-BR1047809633_UHD.jpg
[09:23:11] Picture infomations saved to  global/pt-BR/README.md
[09:23:11] Picture infomations saved to global/pt-BR/history/2024/01/19_pt-BR.md
[09:23:11] Start geting global Bing Wallpaper, region=fr-FR, local time is 2024-01-18 10:23:11.675014+01:00
[09:23:11] Successful get url: https://www.bing.com/th?id=OHR.ParisBridge_FR-FR4526044555_UHD.jpg
[09:23:11] Picture infomations saved to  global/fr-FR/README.md
[09:23:11] Picture infomations saved to global/fr-FR/history/2024/01/18_fr-FR.md
[09:23:11] Start geting global Bing Wallpaper, region=de-DE, local time is 2024-01-18 10:23:11.885135+01:00
[09:23:11] Successful get url: https://www.bing.com/th?id=OHR.ParisBridge_DE-DE4033680304_UHD.jpg
[09:23:12] Picture infomations saved to  global/de-DE/README.md
[09:23:12] Picture infomations saved to global/de-DE/history/2024/01/18_de-DE.md
[09:23:12] Start geting global Bing Wallpaper, region=en-CA, local time is 2024-01-18 04:23:12.096586-05:00
[09:23:12] Successful get url: https://www.bing.com/th?id=OHR.ParisBridge_EN-CA5986391133_UHD.jpg
[09:23:12] Picture infomations saved to  global/en-CA/README.md
[09:23:12] Picture infomations saved to global/en-CA/history/2024/01/19_en-CA.md
[09:23:12] Start geting global Bing Wallpaper, region=en-GB, local time is 2024-01-18 09:23:12.310455+00:00
[09:23:12] Successful get url: https://www.bing.com/th?id=OHR.WinnieDaySussex_EN-GB2530368112_UHD.jpg
[09:23:12] Picture infomations saved to  global/en-GB/README.md
[09:23:12] Picture infomations saved to global/en-GB/history/2024/01/19_en-GB.md
[09:23:12] Start geting global Bing Wallpaper, region=it-IT, local time is 2024-01-18 10:23:12.565132+01:00
[09:23:12] Successful get url: https://www.bing.com/th?id=OHR.ParisBridge_IT-IT8868576406_UHD.jpg
[09:23:12] Picture infomations saved to  global/it-IT/README.md
[09:23:12] Picture infomations saved to global/it-IT/history/2024/01/18_it-IT.md
[09:23:12] Start geting global Bing Wallpaper, region=es-ES, local time is 2024-01-18 10:23:12.775009+01:00
[09:23:12] Successful get url: https://www.bing.com/th?id=OHR.EstanyColomina_ES-ES2289553231_UHD.jpg
[09:23:12] Picture infomations saved to  global/es-ES/README.md
[09:23:12] Picture infomations saved to global/es-ES/history/2024/01/18_es-ES.md
[09:23:12] Start geting global Bing Wallpaper, region=fr-CA, local time is 2024-01-18 04:23:12.990035-05:00
[09:23:13] Successful get url: https://www.bing.com/th?id=OHR.ParisBridge_FR-CA4429140206_UHD.jpg
[09:23:13] Picture infomations saved to  global/fr-CA/README.md
[09:23:13] Picture infomations saved to global/fr-CA/history/2024/01/19_fr-CA.md
Program exit at 09:23:13
