
Program started at 09:21:29
Operating System Name: Linux
Operating System Version: #19~22.04.1-Ubuntu SMP Wed Jan 10 22:57:03 UTC 2024
System Architecture: ('64bit', 'ELF')
Computer Type: x86_64
Computer Name: fv-az887-352
Processor Type: x86_64
Python Version: 3.12.1
Python Interpreter Name: CPython
[09:21:29] Start geting CN Bing Wallpaper
[09:21:29] Successful get url: https://www.bing.com/th?id=OHR.AlbaceteSpain_ZH-CN1597281896_UHD.jpg
[09:21:30] Image saved to img/background.jpg
[09:21:30] Info saved to README.md
[09:21:30] Image saved to history/2024/01/30.md
[09:21:30] Start geting global Bing Wallpaper, region=en-US, local time is 2024-01-30 04:21:30.068711-05:00
[09:21:30] Successful get url: https://www.bing.com/th?id=OHR.AlbaceteSpain_EN-US7443919036_UHD.jpg
[09:21:30] Picture infomations saved to  global/en-US/README.md
[09:21:30] Picture infomations saved to global/en-US/history/2024/01/31_en-US.md
[09:21:30] Start geting global Bing Wallpaper, region=ja-JP, local time is 2024-01-30 18:21:30.232075+09:00
[09:21:30] Successful get url: https://www.bing.com/th?id=OHR.AlbaceteSpain_JA-JP9272536909_UHD.jpg
[09:21:30] Picture infomations saved to  global/ja-JP/README.md
[09:21:30] Picture infomations saved to global/ja-JP/history/2024/01/30_ja-JP.md
[09:21:30] Start geting global Bing Wallpaper, region=en-IN, local time is 2024-01-30 14:51:30.382371+05:30
[09:21:30] Successful get url: https://www.bing.com/th?id=OHR.MartyrsDayIndia_EN-IN0212578144_UHD.jpg
[09:21:30] Picture infomations saved to  global/en-IN/README.md
[09:21:30] Picture infomations saved to global/en-IN/history/2024/01/30_en-IN.md
[09:21:30] Start geting global Bing Wallpaper, region=pt-BR, local time is 2024-01-30 06:21:30.529941-03:00
[09:21:30] Successful get url: https://www.bing.com/th?id=OHR.AlbaceteSpain_PT-BR1055348221_UHD.jpg
[09:21:30] Picture infomations saved to  global/pt-BR/README.md
[09:21:30] Picture infomations saved to global/pt-BR/history/2024/01/31_pt-BR.md
[09:21:30] Start geting global Bing Wallpaper, region=fr-FR, local time is 2024-01-30 10:21:30.678094+01:00
[09:21:30] Successful get url: https://www.bing.com/th?id=OHR.AlbaceteSpain_FR-FR3668738448_UHD.jpg
[09:21:30] Picture infomations saved to  global/fr-FR/README.md
[09:21:30] Picture infomations saved to global/fr-FR/history/2024/01/30_fr-FR.md
[09:21:30] Start geting global Bing Wallpaper, region=de-DE, local time is 2024-01-30 10:21:30.830372+01:00
[09:21:30] Successful get url: https://www.bing.com/th?id=OHR.AlbaceteSpain_DE-DE8393270432_UHD.jpg
[09:21:31] Picture infomations saved to  global/de-DE/README.md
[09:21:31] Picture infomations saved to global/de-DE/history/2024/01/30_de-DE.md
[09:21:31] Start geting global Bing Wallpaper, region=en-CA, local time is 2024-01-30 04:21:31.024882-05:00
[09:21:31] Successful get url: https://www.bing.com/th?id=OHR.AlbaceteSpain_EN-CA6620755478_UHD.jpg
[09:21:31] Picture infomations saved to  global/en-CA/README.md
[09:21:31] Picture infomations saved to global/en-CA/history/2024/01/31_en-CA.md
[09:21:31] Start geting global Bing Wallpaper, region=en-GB, local time is 2024-01-30 09:21:31.210611+00:00
[09:21:31] Successful get url: https://www.bing.com/th?id=OHR.AlbaceteSpain_EN-GB4279721479_UHD.jpg
[09:21:31] Picture infomations saved to  global/en-GB/README.md
[09:21:31] Picture infomations saved to global/en-GB/history/2024/01/31_en-GB.md
[09:21:31] Start geting global Bing Wallpaper, region=it-IT, local time is 2024-01-30 10:21:31.358216+01:00
[09:21:31] Successful get url: https://www.bing.com/th?id=OHR.AlbaceteSpain_IT-IT3657513736_UHD.jpg
[09:21:31] Picture infomations saved to  global/it-IT/README.md
[09:21:31] Picture infomations saved to global/it-IT/history/2024/01/30_it-IT.md
[09:21:31] Start geting global Bing Wallpaper, region=es-ES, local time is 2024-01-30 10:21:31.550350+01:00
[09:21:31] Successful get url: https://www.bing.com/th?id=OHR.AlbaceteSpain_ES-ES6264558269_UHD.jpg
[09:21:31] Picture infomations saved to  global/es-ES/README.md
[09:21:31] Picture infomations saved to global/es-ES/history/2024/01/30_es-ES.md
[09:21:31] Start geting global Bing Wallpaper, region=fr-CA, local time is 2024-01-30 04:21:31.752136-05:00
[09:21:31] Successful get url: https://www.bing.com/th?id=OHR.AlbaceteSpain_FR-CA8897837933_UHD.jpg
[09:21:31] Picture infomations saved to  global/fr-CA/README.md
[09:21:31] Picture infomations saved to global/fr-CA/history/2024/01/31_fr-CA.md
Program exit at 09:21:31
