
Program started at 09:23:29
Operating System Name: Linux
Operating System Version: #18~22.04.1-Ubuntu SMP Tue Nov 21 19:25:02 UTC 2023
System Architecture: ('64bit', 'ELF')
Computer Type: x86_64
Computer Name: fv-az841-706
Processor Type: x86_64
Python Version: 3.12.1
Python Interpreter Name: CPython
[09:23:29] Start geting CN Bing Wallpaper
[09:23:29] Successful get url: https://www.bing.com/th?id=OHR.MinnewankaLake_ZH-CN3020982568_UHD.jpg
[09:23:29] Image saved to img/background.jpg
[09:23:29] Info saved to README.md
[09:23:29] Image saved to history/2024/01/03.md
[09:23:29] Start geting global Bing Wallpaper, region=en-US, local time is 2024-01-03 04:23:29.737514-05:00
[09:23:29] Successful get url: https://www.bing.com/th?id=OHR.BodleianCeiling_EN-US7552379941_UHD.jpg
[09:23:29] Picture infomations saved to  global/en-US/README.md
[09:23:29] Picture infomations saved to global/en-US/history/2024/01/04_en-US.md
[09:23:29] Start geting global Bing Wallpaper, region=ja-JP, local time is 2024-01-03 18:23:29.934329+09:00
[09:23:30] Successful get url: https://www.bing.com/th?id=OHR.BodleianCeiling_JA-JP1889636385_UHD.jpg
[09:23:30] Picture infomations saved to  global/ja-JP/README.md
[09:23:30] Picture infomations saved to global/ja-JP/history/2024/01/03_ja-JP.md
[09:23:30] Start geting global Bing Wallpaper, region=en-IN, local time is 2024-01-03 14:53:30.129214+05:30
[09:23:30] Successful get url: https://www.bing.com/th?id=OHR.VirupakshaTempleIN_EN-IN4741302858_UHD.jpg
[09:23:30] Picture infomations saved to  global/en-IN/README.md
[09:23:30] Picture infomations saved to global/en-IN/history/2024/01/03_en-IN.md
[09:23:30] Start geting global Bing Wallpaper, region=pt-BR, local time is 2024-01-03 06:23:30.296131-03:00
[09:23:30] Successful get url: https://www.bing.com/th?id=OHR.BodleianCeiling_PT-BR0267945002_UHD.jpg
[09:23:30] Picture infomations saved to  global/pt-BR/README.md
[09:23:30] Picture infomations saved to global/pt-BR/history/2024/01/04_pt-BR.md
[09:23:30] Start geting global Bing Wallpaper, region=fr-FR, local time is 2024-01-03 10:23:30.482509+01:00
[09:23:30] Successful get url: https://www.bing.com/th?id=OHR.Cheserys_FR-FR0495311297_UHD.jpg
[09:23:30] Picture infomations saved to  global/fr-FR/README.md
[09:23:30] Picture infomations saved to global/fr-FR/history/2024/01/03_fr-FR.md
[09:23:30] Start geting global Bing Wallpaper, region=de-DE, local time is 2024-01-03 10:23:30.647932+01:00
[09:23:30] Successful get url: https://www.bing.com/th?id=OHR.BodleianCeiling_DE-DE0740071981_UHD.jpg
[09:23:30] Picture infomations saved to  global/de-DE/README.md
[09:23:30] Picture infomations saved to global/de-DE/history/2024/01/03_de-DE.md
[09:23:30] Start geting global Bing Wallpaper, region=en-CA, local time is 2024-01-03 04:23:30.824272-05:00
[09:23:30] Successful get url: https://www.bing.com/th?id=OHR.BodleianCeiling_EN-CA4231401380_UHD.jpg
[09:23:30] Picture infomations saved to  global/en-CA/README.md
[09:23:30] Picture infomations saved to global/en-CA/history/2024/01/04_en-CA.md
[09:23:30] Start geting global Bing Wallpaper, region=en-GB, local time is 2024-01-03 09:23:30.994920+00:00
[09:23:31] Successful get url: https://www.bing.com/th?id=OHR.BodleianCeiling_EN-GB7979385278_UHD.jpg
[09:23:31] Picture infomations saved to  global/en-GB/README.md
[09:23:31] Picture infomations saved to global/en-GB/history/2024/01/04_en-GB.md
[09:23:31] Start geting global Bing Wallpaper, region=it-IT, local time is 2024-01-03 10:23:31.167739+01:00
[09:23:31] Successful get url: https://www.bing.com/th?id=OHR.BodleianCeiling_IT-IT4543985613_UHD.jpg
[09:23:31] Picture infomations saved to  global/it-IT/README.md
[09:23:31] Picture infomations saved to global/it-IT/history/2024/01/03_it-IT.md
[09:23:31] Start geting global Bing Wallpaper, region=es-ES, local time is 2024-01-03 10:23:31.335868+01:00
[09:23:31] Successful get url: https://www.bing.com/th?id=OHR.BodleianCeiling_ES-ES8751450139_UHD.jpg
[09:23:31] Picture infomations saved to  global/es-ES/README.md
[09:23:31] Picture infomations saved to global/es-ES/history/2024/01/03_es-ES.md
[09:23:31] Start geting global Bing Wallpaper, region=fr-CA, local time is 2024-01-03 04:23:31.502350-05:00
[09:23:31] Successful get url: https://www.bing.com/th?id=OHR.BodleianCeiling_FR-CA9474362716_UHD.jpg
[09:23:31] Picture infomations saved to  global/fr-CA/README.md
[09:23:31] Picture infomations saved to global/fr-CA/history/2024/01/04_fr-CA.md
Program exit at 09:23:31

Program started at 16:11:59
Operating System Name: Linux
Operating System Version: #18~22.04.1-Ubuntu SMP Tue Nov 21 19:25:02 UTC 2023
System Architecture: ('64bit', 'ELF')
Computer Type: x86_64
Computer Name: fv-az1249-691
Processor Type: x86_64
Python Version: 3.12.1
Python Interpreter Name: CPython
[16:11:59] Start geting CN Bing Wallpaper
[16:11:59] Successful get url: https://www.bing.com/th?id=OHR.GoldenGateLight_ZH-CN3874822904_UHD.jpg
[16:11:59] Image saved to img/background.jpg
[16:11:59] Info saved to README.md
[16:11:59] Image saved to history/2024/01/04.md
[16:11:59] Start geting global Bing Wallpaper, region=en-US, local time is 2024-01-03 11:11:59.904866-05:00
[16:11:59] Successful get url: https://www.bing.com/th?id=OHR.BodleianCeiling_EN-US7552379941_UHD.jpg
[16:12:00] Picture infomations saved to  global/en-US/README.md
[16:12:00] Picture infomations saved to global/en-US/history/2024/01/04_en-US.md
[16:12:00] Start geting global Bing Wallpaper, region=ja-JP, local time is 2024-01-04 01:12:00.077654+09:00
[16:12:00] Successful get url: https://www.bing.com/th?id=OHR.GoldenGateLight_JA-JP2205373586_UHD.jpg
[16:12:00] Picture infomations saved to  global/ja-JP/README.md
[16:12:00] Picture infomations saved to global/ja-JP/history/2024/01/04_ja-JP.md
[16:12:00] Start geting global Bing Wallpaper, region=en-IN, local time is 2024-01-03 21:42:00.315431+05:30
[16:12:00] Successful get url: https://www.bing.com/th?id=OHR.VirupakshaTempleIN_EN-IN4741302858_UHD.jpg
[16:12:00] Picture infomations saved to  global/en-IN/README.md
[16:12:00] Picture infomations saved to global/en-IN/history/2024/01/03_en-IN.md
[16:12:00] Start geting global Bing Wallpaper, region=pt-BR, local time is 2024-01-03 13:12:00.478750-03:00
[16:12:00] Successful get url: https://www.bing.com/th?id=OHR.BodleianCeiling_PT-BR0267945002_UHD.jpg
[16:12:00] Picture infomations saved to  global/pt-BR/README.md
[16:12:00] Picture infomations saved to global/pt-BR/history/2024/01/04_pt-BR.md
[16:12:00] Start geting global Bing Wallpaper, region=fr-FR, local time is 2024-01-03 17:12:00.670135+01:00
[16:12:00] Successful get url: https://www.bing.com/th?id=OHR.Cheserys_FR-FR0495311297_UHD.jpg
[16:12:00] Picture infomations saved to  global/fr-FR/README.md
[16:12:00] Picture infomations saved to global/fr-FR/history/2024/01/03_fr-FR.md
[16:12:00] Start geting global Bing Wallpaper, region=de-DE, local time is 2024-01-03 17:12:00.860497+01:00
[16:12:00] Successful get url: https://www.bing.com/th?id=OHR.BodleianCeiling_DE-DE0740071981_UHD.jpg
[16:12:01] Picture infomations saved to  global/de-DE/README.md
[16:12:01] Picture infomations saved to global/de-DE/history/2024/01/03_de-DE.md
[16:12:01] Start geting global Bing Wallpaper, region=en-CA, local time is 2024-01-03 11:12:01.103660-05:00
[16:12:01] Successful get url: https://www.bing.com/th?id=OHR.BodleianCeiling_EN-CA4231401380_UHD.jpg
[16:12:01] Picture infomations saved to  global/en-CA/README.md
[16:12:01] Picture infomations saved to global/en-CA/history/2024/01/04_en-CA.md
[16:12:01] Start geting global Bing Wallpaper, region=en-GB, local time is 2024-01-03 16:12:01.271741+00:00
[16:12:01] Successful get url: https://www.bing.com/th?id=OHR.BodleianCeiling_EN-GB7979385278_UHD.jpg
[16:12:01] Picture infomations saved to  global/en-GB/README.md
[16:12:01] Picture infomations saved to global/en-GB/history/2024/01/04_en-GB.md
[16:12:01] Start geting global Bing Wallpaper, region=it-IT, local time is 2024-01-03 17:12:01.451903+01:00
[16:12:01] Successful get url: https://www.bing.com/th?id=OHR.BodleianCeiling_IT-IT4543985613_UHD.jpg
[16:12:01] Picture infomations saved to  global/it-IT/README.md
[16:12:01] Picture infomations saved to global/it-IT/history/2024/01/03_it-IT.md
[16:12:01] Start geting global Bing Wallpaper, region=es-ES, local time is 2024-01-03 17:12:01.636404+01:00
[16:12:01] Successful get url: https://www.bing.com/th?id=OHR.BodleianCeiling_ES-ES8751450139_UHD.jpg
[16:12:01] Picture infomations saved to  global/es-ES/README.md
[16:12:01] Picture infomations saved to global/es-ES/history/2024/01/03_es-ES.md
[16:12:01] Start geting global Bing Wallpaper, region=fr-CA, local time is 2024-01-03 11:12:01.816133-05:00
[16:12:01] Successful get url: https://www.bing.com/th?id=OHR.BodleianCeiling_FR-CA9474362716_UHD.jpg
[16:12:02] Picture infomations saved to  global/fr-CA/README.md
[16:12:02] Picture infomations saved to global/fr-CA/history/2024/01/04_fr-CA.md
Program exit at 16:12:02
