
Program started at 09:22:51
Operating System Name: Linux
Operating System Version: #18~22.04.1-Ubuntu SMP Tue Nov 21 19:25:02 UTC 2023
System Architecture: ('64bit', 'ELF')
Computer Type: x86_64
Computer Name: fv-az1024-387
Processor Type: x86_64
Python Version: 3.12.1
Python Interpreter Name: CPython
[09:22:51] Start geting CN Bing Wallpaper
[09:22:51] Successful get url: https://www.bing.com/th?id=OHR.LynxSnow_ZH-CN8908082275_UHD.jpg
[09:22:51] Image saved to img/background.jpg
[09:22:51] Info saved to README.md
[09:22:51] Image saved to history/2024/01/11.md
[09:22:51] Start geting global Bing Wallpaper, region=en-US, local time is 2024-01-11 04:22:51.870209-05:00
[09:22:51] Successful get url: https://www.bing.com/th?id=OHR.LynxSnow_EN-US9261675170_UHD.jpg
[09:22:52] Picture infomations saved to  global/en-US/README.md
[09:22:52] Picture infomations saved to global/en-US/history/2024/01/12_en-US.md
[09:22:52] Start geting global Bing Wallpaper, region=ja-JP, local time is 2024-01-11 18:22:52.048402+09:00
[09:22:52] Successful get url: https://www.bing.com/th?id=OHR.LynxSnow_JA-JP2676099304_UHD.jpg
[09:22:52] Picture infomations saved to  global/ja-JP/README.md
[09:22:52] Picture infomations saved to global/ja-JP/history/2024/01/11_ja-JP.md
[09:22:52] Start geting global Bing Wallpaper, region=en-IN, local time is 2024-01-11 14:52:52.273919+05:30
[09:22:52] Successful get url: https://www.bing.com/th?id=OHR.LynxSnow_EN-IN7700742978_UHD.jpg
[09:22:52] Picture infomations saved to  global/en-IN/README.md
[09:22:52] Picture infomations saved to global/en-IN/history/2024/01/11_en-IN.md
[09:22:52] Start geting global Bing Wallpaper, region=pt-BR, local time is 2024-01-11 06:22:52.444822-03:00
[09:22:52] Successful get url: https://www.bing.com/th?id=OHR.LynxSnow_PT-BR2256931375_UHD.jpg
[09:22:52] Picture infomations saved to  global/pt-BR/README.md
[09:22:52] Picture infomations saved to global/pt-BR/history/2024/01/12_pt-BR.md
[09:22:52] Start geting global Bing Wallpaper, region=fr-FR, local time is 2024-01-11 10:22:52.633642+01:00
[09:22:52] Successful get url: https://www.bing.com/th?id=OHR.LynxSnow_FR-FR2285365573_UHD.jpg
[09:22:52] Picture infomations saved to  global/fr-FR/README.md
[09:22:52] Picture infomations saved to global/fr-FR/history/2024/01/11_fr-FR.md
[09:22:52] Start geting global Bing Wallpaper, region=de-DE, local time is 2024-01-11 10:22:52.834506+01:00
[09:22:52] Successful get url: https://www.bing.com/th?id=OHR.OrnamentalAppleTree_DE-DE2719116255_UHD.jpg
[09:22:53] Picture infomations saved to  global/de-DE/README.md
[09:22:53] Picture infomations saved to global/de-DE/history/2024/01/11_de-DE.md
[09:22:53] Start geting global Bing Wallpaper, region=en-CA, local time is 2024-01-11 04:22:53.012590-05:00
[09:22:53] Successful get url: https://www.bing.com/th?id=OHR.LynxSnow_EN-CA9725800228_UHD.jpg
[09:22:53] Picture infomations saved to  global/en-CA/README.md
[09:22:53] Picture infomations saved to global/en-CA/history/2024/01/12_en-CA.md
[09:22:53] Start geting global Bing Wallpaper, region=en-GB, local time is 2024-01-11 09:22:53.178179+00:00
[09:22:53] Successful get url: https://www.bing.com/th?id=OHR.LynxSnow_EN-GB4274178722_UHD.jpg
[09:22:53] Picture infomations saved to  global/en-GB/README.md
[09:22:53] Picture infomations saved to global/en-GB/history/2024/01/12_en-GB.md
[09:22:53] Start geting global Bing Wallpaper, region=it-IT, local time is 2024-01-11 10:22:53.347045+01:00
[09:22:53] Successful get url: https://www.bing.com/th?id=OHR.LynxSnow_IT-IT4529092262_UHD.jpg
[09:22:53] Picture infomations saved to  global/it-IT/README.md
[09:22:53] Picture infomations saved to global/it-IT/history/2024/01/11_it-IT.md
[09:22:53] Start geting global Bing Wallpaper, region=es-ES, local time is 2024-01-11 10:22:53.543760+01:00
[09:22:53] Successful get url: https://www.bing.com/th?id=OHR.LynxSnow_ES-ES0115513442_UHD.jpg
[09:22:53] Picture infomations saved to  global/es-ES/README.md
[09:22:53] Picture infomations saved to global/es-ES/history/2024/01/11_es-ES.md
[09:22:53] Start geting global Bing Wallpaper, region=fr-CA, local time is 2024-01-11 04:22:53.714502-05:00
[09:22:53] Successful get url: https://www.bing.com/th?id=OHR.LynxSnow_FR-CA0947513351_UHD.jpg
[09:22:53] Picture infomations saved to  global/fr-CA/README.md
[09:22:53] Picture infomations saved to global/fr-CA/history/2024/01/12_fr-CA.md
Program exit at 09:22:53

Program started at 16:12:29
Operating System Name: Linux
Operating System Version: #18~22.04.1-Ubuntu SMP Tue Nov 21 19:25:02 UTC 2023
System Architecture: ('64bit', 'ELF')
Computer Type: x86_64
Computer Name: fv-az1240-119
Processor Type: x86_64
Python Version: 3.12.1
Python Interpreter Name: CPython
[16:12:29] Start geting CN Bing Wallpaper
[16:12:29] Successful get url: https://www.bing.com/th?id=OHR.BukhansanSeoul_ZH-CN8002920750_UHD.jpg
[16:12:29] Image saved to img/background.jpg
[16:12:29] Info saved to README.md
[16:12:29] Image saved to history/2024/01/12.md
[16:12:29] Start geting global Bing Wallpaper, region=en-US, local time is 2024-01-11 11:12:29.865413-05:00
[16:12:29] Successful get url: https://www.bing.com/th?id=OHR.LynxSnow_EN-US9261675170_UHD.jpg
[16:12:30] Picture infomations saved to  global/en-US/README.md
[16:12:30] Picture infomations saved to global/en-US/history/2024/01/12_en-US.md
[16:12:30] Start geting global Bing Wallpaper, region=ja-JP, local time is 2024-01-12 01:12:30.187763+09:00
[16:12:30] Successful get url: https://www.bing.com/th?id=OHR.BukhansanSeoul_JA-JP1162904036_UHD.jpg
[16:12:30] Picture infomations saved to  global/ja-JP/README.md
[16:12:30] Picture infomations saved to global/ja-JP/history/2024/01/12_ja-JP.md
[16:12:30] Start geting global Bing Wallpaper, region=en-IN, local time is 2024-01-11 21:42:30.406731+05:30
[16:12:30] Successful get url: https://www.bing.com/th?id=OHR.LynxSnow_EN-IN7700742978_UHD.jpg
[16:12:30] Picture infomations saved to  global/en-IN/README.md
[16:12:30] Picture infomations saved to global/en-IN/history/2024/01/11_en-IN.md
[16:12:30] Start geting global Bing Wallpaper, region=pt-BR, local time is 2024-01-11 13:12:30.624449-03:00
[16:12:30] Successful get url: https://www.bing.com/th?id=OHR.LynxSnow_PT-BR2256931375_UHD.jpg
[16:12:30] Picture infomations saved to  global/pt-BR/README.md
[16:12:30] Picture infomations saved to global/pt-BR/history/2024/01/12_pt-BR.md
[16:12:30] Start geting global Bing Wallpaper, region=fr-FR, local time is 2024-01-11 17:12:30.870319+01:00
[16:12:30] Successful get url: https://www.bing.com/th?id=OHR.LynxSnow_FR-FR2285365573_UHD.jpg
[16:12:31] Picture infomations saved to  global/fr-FR/README.md
[16:12:31] Picture infomations saved to global/fr-FR/history/2024/01/11_fr-FR.md
[16:12:31] Start geting global Bing Wallpaper, region=de-DE, local time is 2024-01-11 17:12:31.084272+01:00
[16:12:31] Successful get url: https://www.bing.com/th?id=OHR.OrnamentalAppleTree_DE-DE2719116255_UHD.jpg
[16:12:31] Picture infomations saved to  global/de-DE/README.md
[16:12:31] Picture infomations saved to global/de-DE/history/2024/01/11_de-DE.md
[16:12:31] Start geting global Bing Wallpaper, region=en-CA, local time is 2024-01-11 11:12:31.314925-05:00
[16:12:31] Successful get url: https://www.bing.com/th?id=OHR.LynxSnow_EN-CA9725800228_UHD.jpg
[16:12:31] Picture infomations saved to  global/en-CA/README.md
[16:12:31] Picture infomations saved to global/en-CA/history/2024/01/12_en-CA.md
[16:12:31] Start geting global Bing Wallpaper, region=en-GB, local time is 2024-01-11 16:12:31.708553+00:00
[16:12:31] Successful get url: https://www.bing.com/th?id=OHR.LynxSnow_EN-GB4274178722_UHD.jpg
[16:12:31] Picture infomations saved to  global/en-GB/README.md
[16:12:31] Picture infomations saved to global/en-GB/history/2024/01/12_en-GB.md
[16:12:31] Start geting global Bing Wallpaper, region=it-IT, local time is 2024-01-11 17:12:31.904582+01:00
[16:12:31] Successful get url: https://www.bing.com/th?id=OHR.LynxSnow_IT-IT4529092262_UHD.jpg
[16:12:32] Picture infomations saved to  global/it-IT/README.md
[16:12:32] Picture infomations saved to global/it-IT/history/2024/01/11_it-IT.md
[16:12:32] Start geting global Bing Wallpaper, region=es-ES, local time is 2024-01-11 17:12:32.145948+01:00
[16:12:32] Successful get url: https://www.bing.com/th?id=OHR.LynxSnow_ES-ES0115513442_UHD.jpg
[16:12:32] Picture infomations saved to  global/es-ES/README.md
[16:12:32] Picture infomations saved to global/es-ES/history/2024/01/11_es-ES.md
[16:12:32] Start geting global Bing Wallpaper, region=fr-CA, local time is 2024-01-11 11:12:32.372709-05:00
[16:12:32] Successful get url: https://www.bing.com/th?id=OHR.LynxSnow_FR-CA0947513351_UHD.jpg
[16:12:32] Picture infomations saved to  global/fr-CA/README.md
[16:12:32] Picture infomations saved to global/fr-CA/history/2024/01/12_fr-CA.md
Program exit at 16:12:32
