
Program started at 09:24:38
Operating System Name: Linux
Operating System Version: #18~22.04.1-Ubuntu SMP Tue Nov 21 19:25:02 UTC 2023
System Architecture: ('64bit', 'ELF')
Computer Type: x86_64
Computer Name: fv-az1456-822
Processor Type: x86_64
Python Version: 3.12.1
Python Interpreter Name: CPython
[09:24:38] Start geting CN Bing Wallpaper
[09:24:38] Successful get url: https://www.bing.com/th?id=OHR.SantaCruzSunrise_ZH-CN3074203377_UHD.jpg
[09:24:39] Image saved to img/background.jpg
[09:24:39] Info saved to README.md
[09:24:39] Image saved to history/2024/01/22.md
[09:24:39] Start geting global Bing Wallpaper, region=en-US, local time is 2024-01-22 04:24:39.180096-05:00
[09:24:39] Successful get url: https://www.bing.com/th?id=OHR.SantaCruzSunrise_EN-US6436233856_UHD.jpg
[09:24:39] Picture infomations saved to  global/en-US/README.md
[09:24:39] Picture infomations saved to global/en-US/history/2024/01/23_en-US.md
[09:24:39] Start geting global Bing Wallpaper, region=ja-JP, local time is 2024-01-22 18:24:39.799793+09:00
[09:24:39] Successful get url: https://www.bing.com/th?id=OHR.SantaCruzSunrise_JA-JP5594322328_UHD.jpg
[09:24:40] Picture infomations saved to  global/ja-JP/README.md
[09:24:40] Picture infomations saved to global/ja-JP/history/2024/01/22_ja-JP.md
[09:24:40] Start geting global Bing Wallpaper, region=en-IN, local time is 2024-01-22 14:54:40.390878+05:30
[09:24:40] Successful get url: https://www.bing.com/th?id=OHR.SantaCruzSunrise_EN-IN4813866194_UHD.jpg
[09:24:40] Picture infomations saved to  global/en-IN/README.md
[09:24:40] Picture infomations saved to global/en-IN/history/2024/01/22_en-IN.md
[09:24:40] Start geting global Bing Wallpaper, region=pt-BR, local time is 2024-01-22 06:24:40.999096-03:00
[09:24:41] Successful get url: https://www.bing.com/th?id=OHR.SantaCruzSunrise_PT-BR7110866378_UHD.jpg
[09:24:41] Picture infomations saved to  global/pt-BR/README.md
[09:24:41] Picture infomations saved to global/pt-BR/history/2024/01/23_pt-BR.md
[09:24:41] Start geting global Bing Wallpaper, region=fr-FR, local time is 2024-01-22 10:24:41.579774+01:00
[09:24:41] Successful get url: https://www.bing.com/th?id=OHR.SantaCruzSunrise_FR-FR1541398588_UHD.jpg
[09:24:42] Picture infomations saved to  global/fr-FR/README.md
[09:24:42] Picture infomations saved to global/fr-FR/history/2024/01/22_fr-FR.md
[09:24:42] Start geting global Bing Wallpaper, region=de-DE, local time is 2024-01-22 10:24:42.148328+01:00
[09:24:42] Successful get url: https://www.bing.com/th?id=OHR.RenanusBridge_DE-DE1445260424_UHD.jpg
[09:24:42] Picture infomations saved to  global/de-DE/README.md
[09:24:42] Picture infomations saved to global/de-DE/history/2024/01/22_de-DE.md
[09:24:42] Start geting global Bing Wallpaper, region=en-CA, local time is 2024-01-22 04:24:42.730766-05:00
[09:24:42] Successful get url: https://www.bing.com/th?id=OHR.SantaCruzSunrise_EN-CA9651520074_UHD.jpg
[09:24:43] Picture infomations saved to  global/en-CA/README.md
[09:24:43] Picture infomations saved to global/en-CA/history/2024/01/23_en-CA.md
[09:24:43] Start geting global Bing Wallpaper, region=en-GB, local time is 2024-01-22 09:24:43.284915+00:00
[09:24:43] Successful get url: https://www.bing.com/th?id=OHR.SantaCruzSunrise_EN-GB0952968899_UHD.jpg
[09:24:43] Picture infomations saved to  global/en-GB/README.md
[09:24:43] Picture infomations saved to global/en-GB/history/2024/01/23_en-GB.md
[09:24:43] Start geting global Bing Wallpaper, region=it-IT, local time is 2024-01-22 10:24:43.853224+01:00
[09:24:43] Successful get url: https://www.bing.com/th?id=OHR.SantaCruzSunrise_IT-IT2418215934_UHD.jpg
[09:24:44] Picture infomations saved to  global/it-IT/README.md
[09:24:44] Picture infomations saved to global/it-IT/history/2024/01/22_it-IT.md
[09:24:44] Start geting global Bing Wallpaper, region=es-ES, local time is 2024-01-22 10:24:44.461425+01:00
[09:24:44] Successful get url: https://www.bing.com/th?id=OHR.SantaCruzSunrise_ES-ES1191004799_UHD.jpg
[09:24:45] Picture infomations saved to  global/es-ES/README.md
[09:24:45] Picture infomations saved to global/es-ES/history/2024/01/22_es-ES.md
[09:24:45] Start geting global Bing Wallpaper, region=fr-CA, local time is 2024-01-22 04:24:45.033496-05:00
[09:24:45] Successful get url: https://www.bing.com/th?id=OHR.SantaCruzSunrise_FR-CA1920260402_UHD.jpg
[09:24:45] Picture infomations saved to  global/fr-CA/README.md
[09:24:45] Picture infomations saved to global/fr-CA/history/2024/01/23_fr-CA.md
Program exit at 09:24:45

Program started at 16:12:50
Operating System Name: Linux
Operating System Version: #18~22.04.1-Ubuntu SMP Tue Nov 21 19:25:02 UTC 2023
System Architecture: ('64bit', 'ELF')
Computer Type: x86_64
Computer Name: fv-az1272-883
Processor Type: x86_64
Python Version: 3.12.1
Python Interpreter Name: CPython
[16:12:50] Start geting CN Bing Wallpaper
[16:12:50] Successful get url: https://www.bing.com/th?id=OHR.MaldivesAtolls_ZH-CN1365670653_UHD.jpg
[16:12:51] Image saved to img/background.jpg
[16:12:51] Info saved to README.md
[16:12:51] Image saved to history/2024/01/23.md
[16:12:51] Start geting global Bing Wallpaper, region=en-US, local time is 2024-01-22 11:12:51.095390-05:00
[16:12:51] Successful get url: https://www.bing.com/th?id=OHR.SantaCruzSunrise_EN-US6436233856_UHD.jpg
[16:12:51] Picture infomations saved to  global/en-US/README.md
[16:12:51] Picture infomations saved to global/en-US/history/2024/01/23_en-US.md
[16:12:51] Start geting global Bing Wallpaper, region=ja-JP, local time is 2024-01-23 01:12:51.704523+09:00
[16:12:51] Successful get url: https://www.bing.com/th?id=OHR.MaldivesAtolls_JA-JP0994970307_UHD.jpg
[16:12:52] Picture infomations saved to  global/ja-JP/README.md
[16:12:52] Picture infomations saved to global/ja-JP/history/2024/01/23_ja-JP.md
[16:12:52] Start geting global Bing Wallpaper, region=en-IN, local time is 2024-01-22 21:42:52.326585+05:30
[16:12:52] Successful get url: https://www.bing.com/th?id=OHR.SantaCruzSunrise_EN-IN4813866194_UHD.jpg
[16:12:52] Picture infomations saved to  global/en-IN/README.md
[16:12:52] Picture infomations saved to global/en-IN/history/2024/01/22_en-IN.md
[16:12:52] Start geting global Bing Wallpaper, region=pt-BR, local time is 2024-01-22 13:12:52.814826-03:00
[16:12:52] Successful get url: https://www.bing.com/th?id=OHR.SantaCruzSunrise_PT-BR7110866378_UHD.jpg
[16:12:53] Picture infomations saved to  global/pt-BR/README.md
[16:12:53] Picture infomations saved to global/pt-BR/history/2024/01/23_pt-BR.md
[16:12:53] Start geting global Bing Wallpaper, region=fr-FR, local time is 2024-01-22 17:12:53.390404+01:00
[16:12:53] Successful get url: https://www.bing.com/th?id=OHR.SantaCruzSunrise_FR-FR1541398588_UHD.jpg
[16:12:53] Picture infomations saved to  global/fr-FR/README.md
[16:12:53] Picture infomations saved to global/fr-FR/history/2024/01/22_fr-FR.md
[16:12:53] Start geting global Bing Wallpaper, region=de-DE, local time is 2024-01-22 17:12:53.964062+01:00
[16:12:54] Successful get url: https://www.bing.com/th?id=OHR.RenanusBridge_DE-DE1445260424_UHD.jpg
[16:12:54] Picture infomations saved to  global/de-DE/README.md
[16:12:54] Picture infomations saved to global/de-DE/history/2024/01/22_de-DE.md
[16:12:54] Start geting global Bing Wallpaper, region=en-CA, local time is 2024-01-22 11:12:54.607016-05:00
[16:12:54] Successful get url: https://www.bing.com/th?id=OHR.SantaCruzSunrise_EN-CA9651520074_UHD.jpg
[16:12:55] Picture infomations saved to  global/en-CA/README.md
[16:12:55] Picture infomations saved to global/en-CA/history/2024/01/23_en-CA.md
[16:12:55] Start geting global Bing Wallpaper, region=en-GB, local time is 2024-01-22 16:12:55.110861+00:00
[16:12:55] Successful get url: https://www.bing.com/th?id=OHR.SantaCruzSunrise_EN-GB0952968899_UHD.jpg
[16:12:55] Picture infomations saved to  global/en-GB/README.md
[16:12:55] Picture infomations saved to global/en-GB/history/2024/01/23_en-GB.md
[16:12:55] Start geting global Bing Wallpaper, region=it-IT, local time is 2024-01-22 17:12:55.817992+01:00
[16:12:55] Successful get url: https://www.bing.com/th?id=OHR.SantaCruzSunrise_IT-IT2418215934_UHD.jpg
[16:12:56] Picture infomations saved to  global/it-IT/README.md
[16:12:56] Picture infomations saved to global/it-IT/history/2024/01/22_it-IT.md
[16:12:56] Start geting global Bing Wallpaper, region=es-ES, local time is 2024-01-22 17:12:56.349201+01:00
[16:12:56] Successful get url: https://www.bing.com/th?id=OHR.SantaCruzSunrise_ES-ES1191004799_UHD.jpg
[16:12:56] Picture infomations saved to  global/es-ES/README.md
[16:12:56] Picture infomations saved to global/es-ES/history/2024/01/22_es-ES.md
[16:12:56] Start geting global Bing Wallpaper, region=fr-CA, local time is 2024-01-22 11:12:56.878661-05:00
[16:12:56] Successful get url: https://www.bing.com/th?id=OHR.SantaCruzSunrise_FR-CA1920260402_UHD.jpg
[16:12:57] Picture infomations saved to  global/fr-CA/README.md
[16:12:57] Picture infomations saved to global/fr-CA/history/2024/01/23_fr-CA.md
Program exit at 16:12:57
