
Program started at 09:45:23
Operating System Name: Linux
Operating System Version: #18~24.04.1-Ubuntu SMP Sat Jun 28 04:46:03 UTC 2025
System Architecture: ('64bit', 'ELF')
Computer Type: x86_64
Computer Name: runnervm6qbrg
Processor Type: x86_64
Python Version: 3.12.12
Python Interpreter Name: CPython
[09:45:23] Start geting CN Bing Wallpaper
[09:45:23] Successful get url: https://www.bing.com/th?id=OHR.AmsterdamLights_ZH-CN4288146509_UHD.jpg
[09:45:23] Image saved to img/background.jpg
[09:45:23] Info saved to README.md
[09:45:23] Image saved to history/2025/12/15.md
[09:45:23] Start geting global Bing Wallpaper, region=en-US, local time is 2025-12-15 04:45:23.868707-05:00
[09:45:24] Successful get url: https://www.bing.com/th?id=OHR.AmsterdamLights_EN-US4980559514_UHD.jpg
[09:45:24] Picture infomations saved to  global/en-US/README.md
[09:45:24] Picture infomations saved to global/en-US/history/2025/12/16_en-US.md
[09:45:24] Start geting global Bing Wallpaper, region=ja-JP, local time is 2025-12-15 18:45:24.245133+09:00
[09:45:24] Successful get url: https://www.bing.com/th?id=OHR.AmsterdamLights_JA-JP0747282471_UHD.jpg
[09:45:24] Picture infomations saved to  global/ja-JP/README.md
[09:45:24] Picture infomations saved to global/ja-JP/history/2025/12/15_ja-JP.md
[09:45:24] Start geting global Bing Wallpaper, region=en-IN, local time is 2025-12-15 15:15:24.577056+05:30
[09:45:24] Successful get url: https://www.bing.com/th?id=OHR.AmsterdamLights_EN-IN6264972688_UHD.jpg
[09:45:24] Picture infomations saved to  global/en-IN/README.md
[09:45:24] Picture infomations saved to global/en-IN/history/2025/12/15_en-IN.md
[09:45:24] Start geting global Bing Wallpaper, region=pt-BR, local time is 2025-12-15 06:45:24.873613-03:00
[09:45:24] Successful get url: https://www.bing.com/th?id=OHR.AmsterdamLights_PT-BR5962118640_UHD.jpg
[09:45:25] Picture infomations saved to  global/pt-BR/README.md
[09:45:25] Picture infomations saved to global/pt-BR/history/2025/12/16_pt-BR.md
[09:45:25] Start geting global Bing Wallpaper, region=fr-FR, local time is 2025-12-15 10:45:25.158837+01:00
[09:45:25] Successful get url: https://www.bing.com/th?id=OHR.AmsterdamLights_FR-FR4107666936_UHD.jpg
[09:45:25] Picture infomations saved to  global/fr-FR/README.md
[09:45:25] Picture infomations saved to global/fr-FR/history/2025/12/15_fr-FR.md
[09:45:25] Start geting global Bing Wallpaper, region=de-DE, local time is 2025-12-15 10:45:25.452715+01:00
[09:45:25] Successful get url: https://www.bing.com/th?id=OHR.AmsterdamLights_DE-DE8640101096_UHD.jpg
[09:45:25] Picture infomations saved to  global/de-DE/README.md
[09:45:25] Picture infomations saved to global/de-DE/history/2025/12/15_de-DE.md
[09:45:25] Start geting global Bing Wallpaper, region=en-CA, local time is 2025-12-15 04:45:25.764988-05:00
[09:45:25] Successful get url: https://www.bing.com/th?id=OHR.AmsterdamLights_EN-CA0631336225_UHD.jpg
[09:45:26] Picture infomations saved to  global/en-CA/README.md
[09:45:26] Picture infomations saved to global/en-CA/history/2025/12/16_en-CA.md
[09:45:26] Start geting global Bing Wallpaper, region=en-GB, local time is 2025-12-15 09:45:26.061885+00:00
[09:45:26] Successful get url: https://www.bing.com/th?id=OHR.AmsterdamLights_EN-GB0625197619_UHD.jpg
[09:45:26] Picture infomations saved to  global/en-GB/README.md
[09:45:26] Picture infomations saved to global/en-GB/history/2025/12/16_en-GB.md
[09:45:26] Start geting global Bing Wallpaper, region=it-IT, local time is 2025-12-15 10:45:26.363499+01:00
[09:45:26] Successful get url: https://www.bing.com/th?id=OHR.AmsterdamLights_IT-IT0966951501_UHD.jpg
[09:45:26] Picture infomations saved to  global/it-IT/README.md
[09:45:26] Picture infomations saved to global/it-IT/history/2025/12/15_it-IT.md
[09:45:26] Start geting global Bing Wallpaper, region=es-ES, local time is 2025-12-15 10:45:26.669502+01:00
[09:45:26] Successful get url: https://www.bing.com/th?id=OHR.AmsterdamLights_ES-ES3912023749_UHD.jpg
[09:45:26] Picture infomations saved to  global/es-ES/README.md
[09:45:26] Picture infomations saved to global/es-ES/history/2025/12/15_es-ES.md
[09:45:26] Start geting global Bing Wallpaper, region=fr-CA, local time is 2025-12-15 04:45:26.969758-05:00
[09:45:27] Successful get url: https://www.bing.com/th?id=OHR.AmsterdamLights_FR-CA8725223562_UHD.jpg
[09:45:27] Picture infomations saved to  global/fr-CA/README.md
[09:45:27] Picture infomations saved to global/fr-CA/history/2025/12/16_fr-CA.md
Program exit at 09:45:27

Program started at 16:21:34
Operating System Name: Linux
Operating System Version: #18~24.04.1-Ubuntu SMP Sat Jun 28 04:46:03 UTC 2025
System Architecture: ('64bit', 'ELF')
Computer Type: x86_64
Computer Name: runnervm6qbrg
Processor Type: x86_64
Python Version: 3.12.12
Python Interpreter Name: CPython
[16:21:34] Start geting CN Bing Wallpaper
[16:21:35] Successful get url: https://www.bing.com/th?id=OHR.ChristmasGnomes_ZH-CN4405839101_UHD.jpg
[16:21:35] Image saved to img/background.jpg
[16:21:35] Info saved to README.md
[16:21:35] Image saved to history/2025/12/16.md
[16:21:35] Start geting global Bing Wallpaper, region=en-US, local time is 2025-12-15 11:21:35.444965-05:00
[16:21:35] Successful get url: https://www.bing.com/th?id=OHR.AmsterdamLights_EN-US4980559514_UHD.jpg
[16:21:35] Picture infomations saved to  global/en-US/README.md
[16:21:35] Picture infomations saved to global/en-US/history/2025/12/16_en-US.md
[16:21:35] Start geting global Bing Wallpaper, region=ja-JP, local time is 2025-12-16 01:21:35.783630+09:00
[16:21:35] Successful get url: https://www.bing.com/th?id=OHR.ChristmasGnomes_JA-JP0954643924_UHD.jpg
[16:21:36] Picture infomations saved to  global/ja-JP/README.md
[16:21:36] Picture infomations saved to global/ja-JP/history/2025/12/16_ja-JP.md
[16:21:36] Start geting global Bing Wallpaper, region=en-IN, local time is 2025-12-15 21:51:36.106090+05:30
[16:21:36] Successful get url: https://www.bing.com/th?id=OHR.AmsterdamLights_EN-IN6264972688_UHD.jpg
[16:21:36] Picture infomations saved to  global/en-IN/README.md
[16:21:36] Picture infomations saved to global/en-IN/history/2025/12/15_en-IN.md
[16:21:36] Start geting global Bing Wallpaper, region=pt-BR, local time is 2025-12-15 13:21:36.448365-03:00
[16:21:36] Successful get url: https://www.bing.com/th?id=OHR.AmsterdamLights_PT-BR5962118640_UHD.jpg
[16:21:36] Picture infomations saved to  global/pt-BR/README.md
[16:21:36] Picture infomations saved to global/pt-BR/history/2025/12/16_pt-BR.md
[16:21:36] Start geting global Bing Wallpaper, region=fr-FR, local time is 2025-12-15 17:21:36.763312+01:00
[16:21:36] Successful get url: https://www.bing.com/th?id=OHR.AmsterdamLights_FR-FR4107666936_UHD.jpg
[16:21:37] Picture infomations saved to  global/fr-FR/README.md
[16:21:37] Picture infomations saved to global/fr-FR/history/2025/12/15_fr-FR.md
[16:21:37] Start geting global Bing Wallpaper, region=de-DE, local time is 2025-12-15 17:21:37.371879+01:00
[16:21:37] Successful get url: https://www.bing.com/th?id=OHR.AmsterdamLights_DE-DE8640101096_UHD.jpg
[16:21:37] Picture infomations saved to  global/de-DE/README.md
[16:21:37] Picture infomations saved to global/de-DE/history/2025/12/15_de-DE.md
[16:21:37] Start geting global Bing Wallpaper, region=en-CA, local time is 2025-12-15 11:21:37.719447-05:00
[16:21:37] Successful get url: https://www.bing.com/th?id=OHR.AmsterdamLights_EN-CA0631336225_UHD.jpg
[16:21:38] Picture infomations saved to  global/en-CA/README.md
[16:21:38] Picture infomations saved to global/en-CA/history/2025/12/16_en-CA.md
[16:21:38] Start geting global Bing Wallpaper, region=en-GB, local time is 2025-12-15 16:21:38.165483+00:00
[16:21:38] Successful get url: https://www.bing.com/th?id=OHR.AmsterdamLights_EN-GB0625197619_UHD.jpg
[16:21:38] Picture infomations saved to  global/en-GB/README.md
[16:21:38] Picture infomations saved to global/en-GB/history/2025/12/16_en-GB.md
[16:21:38] Start geting global Bing Wallpaper, region=it-IT, local time is 2025-12-15 17:21:38.568488+01:00
[16:21:38] Successful get url: https://www.bing.com/th?id=OHR.AmsterdamLights_IT-IT0966951501_UHD.jpg
[16:21:38] Picture infomations saved to  global/it-IT/README.md
[16:21:38] Picture infomations saved to global/it-IT/history/2025/12/15_it-IT.md
[16:21:38] Start geting global Bing Wallpaper, region=es-ES, local time is 2025-12-15 17:21:38.918652+01:00
[16:21:38] Successful get url: https://www.bing.com/th?id=OHR.AmsterdamLights_ES-ES3912023749_UHD.jpg
[16:21:39] Picture infomations saved to  global/es-ES/README.md
[16:21:39] Picture infomations saved to global/es-ES/history/2025/12/15_es-ES.md
[16:21:39] Start geting global Bing Wallpaper, region=fr-CA, local time is 2025-12-15 11:21:39.332363-05:00
[16:21:39] Successful get url: https://www.bing.com/th?id=OHR.AmsterdamLights_FR-CA8725223562_UHD.jpg
[16:21:39] Picture infomations saved to  global/fr-CA/README.md
[16:21:39] Picture infomations saved to global/fr-CA/history/2025/12/16_fr-CA.md
Program exit at 16:21:39
