
Program started at 09:29:22
Operating System Name: Linux
Operating System Version: #18~24.04.1-Ubuntu SMP Sat Jun 28 04:46:03 UTC 2025
System Architecture: ('64bit', 'ELF')
Computer Type: x86_64
Computer Name: runnervmoqczp
Processor Type: x86_64
Python Version: 3.12.12
Python Interpreter Name: CPython
[09:29:22] Start geting CN Bing Wallpaper
[09:29:22] Successful get url: https://www.bing.com/th?id=OHR.EvergladesSunrise_ZH-CN2298606730_UHD.jpg
[09:29:22] Image saved to img/background.jpg
[09:29:22] Info saved to README.md
[09:29:22] Image saved to history/2025/12/06.md
[09:29:22] Start geting global Bing Wallpaper, region=en-US, local time is 2025-12-06 04:29:22.834668-05:00
[09:29:22] Successful get url: https://www.bing.com/th?id=OHR.EvergladesSunrise_EN-US5606230133_UHD.jpg
[09:29:23] Picture infomations saved to  global/en-US/README.md
[09:29:23] Picture infomations saved to global/en-US/history/2025/12/07_en-US.md
[09:29:23] Start geting global Bing Wallpaper, region=ja-JP, local time is 2025-12-06 18:29:23.107729+09:00
[09:29:23] Successful get url: https://www.bing.com/th?id=OHR.EvergladesSunrise_JA-JP2745208080_UHD.jpg
[09:29:23] Picture infomations saved to  global/ja-JP/README.md
[09:29:23] Picture infomations saved to global/ja-JP/history/2025/12/06_ja-JP.md
[09:29:23] Start geting global Bing Wallpaper, region=en-IN, local time is 2025-12-06 14:59:23.495571+05:30
[09:29:23] Successful get url: https://www.bing.com/th?id=OHR.EvergladesSunrise_EN-IN1506652339_UHD.jpg
[09:29:23] Picture infomations saved to  global/en-IN/README.md
[09:29:23] Picture infomations saved to global/en-IN/history/2025/12/06_en-IN.md
[09:29:23] Start geting global Bing Wallpaper, region=pt-BR, local time is 2025-12-06 06:29:23.771409-03:00
[09:29:23] Successful get url: https://www.bing.com/th?id=OHR.EvergladesSunrise_PT-BR9624463483_UHD.jpg
[09:29:24] Picture infomations saved to  global/pt-BR/README.md
[09:29:24] Picture infomations saved to global/pt-BR/history/2025/12/07_pt-BR.md
[09:29:24] Start geting global Bing Wallpaper, region=fr-FR, local time is 2025-12-06 10:29:24.091045+01:00
[09:29:24] Successful get url: https://www.bing.com/th?id=OHR.StrasbourgNicolas_FR-FR8648061434_UHD.jpg
[09:29:24] Picture infomations saved to  global/fr-FR/README.md
[09:29:24] Picture infomations saved to global/fr-FR/history/2025/12/06_fr-FR.md
[09:29:24] Start geting global Bing Wallpaper, region=de-DE, local time is 2025-12-06 10:29:24.434444+01:00
[09:29:24] Successful get url: https://www.bing.com/th?id=OHR.NicholasChocolate_DE-DE9261454162_UHD.jpg
[09:29:24] Picture infomations saved to  global/de-DE/README.md
[09:29:24] Picture infomations saved to global/de-DE/history/2025/12/06_de-DE.md
[09:29:24] Start geting global Bing Wallpaper, region=en-CA, local time is 2025-12-06 04:29:24.682302-05:00
[09:29:24] Successful get url: https://www.bing.com/th?id=OHR.EvergladesSunrise_EN-CA3131159053_UHD.jpg
[09:29:25] Picture infomations saved to  global/en-CA/README.md
[09:29:25] Picture infomations saved to global/en-CA/history/2025/12/07_en-CA.md
[09:29:25] Start geting global Bing Wallpaper, region=en-GB, local time is 2025-12-06 09:29:25.049884+00:00
[09:29:25] Successful get url: https://www.bing.com/th?id=OHR.EvergladesSunrise_EN-GB6383912502_UHD.jpg
[09:29:25] Picture infomations saved to  global/en-GB/README.md
[09:29:25] Picture infomations saved to global/en-GB/history/2025/12/07_en-GB.md
[09:29:25] Start geting global Bing Wallpaper, region=it-IT, local time is 2025-12-06 10:29:25.449880+01:00
[09:29:25] Successful get url: https://www.bing.com/th?id=OHR.EvergladesSunrise_IT-IT0190194789_UHD.jpg
[09:29:25] Picture infomations saved to  global/it-IT/README.md
[09:29:25] Picture infomations saved to global/it-IT/history/2025/12/06_it-IT.md
[09:29:25] Start geting global Bing Wallpaper, region=es-ES, local time is 2025-12-06 10:29:25.694076+01:00
[09:29:25] Successful get url: https://www.bing.com/th?id=OHR.ConstitutionSpainDay_ES-ES1916135600_UHD.jpg
[09:29:26] Picture infomations saved to  global/es-ES/README.md
[09:29:26] Picture infomations saved to global/es-ES/history/2025/12/06_es-ES.md
[09:29:26] Start geting global Bing Wallpaper, region=fr-CA, local time is 2025-12-06 04:29:26.053203-05:00
[09:29:26] Successful get url: https://www.bing.com/th?id=OHR.EvergladesSunrise_FR-CA6022655582_UHD.jpg
[09:29:26] Picture infomations saved to  global/fr-CA/README.md
[09:29:26] Picture infomations saved to global/fr-CA/history/2025/12/07_fr-CA.md
Program exit at 09:29:26

Program started at 16:15:50
Operating System Name: Linux
Operating System Version: #18~24.04.1-Ubuntu SMP Sat Jun 28 04:46:03 UTC 2025
System Architecture: ('64bit', 'ELF')
Computer Type: x86_64
Computer Name: runnervmoqczp
Processor Type: x86_64
Python Version: 3.12.12
Python Interpreter Name: CPython
[16:15:50] Start geting CN Bing Wallpaper
[16:15:50] Successful get url: https://www.bing.com/th?id=OHR.TheGreatSnowY25_ZH-CN2448918230_UHD.jpg
[16:15:51] Image saved to img/background.jpg
[16:15:51] Info saved to README.md
[16:15:51] Image saved to history/2025/12/07.md
[16:15:51] Start geting global Bing Wallpaper, region=en-US, local time is 2025-12-06 11:15:51.018917-05:00
[16:15:51] Successful get url: https://www.bing.com/th?id=OHR.EvergladesSunrise_EN-US5606230133_UHD.jpg
[16:15:51] Picture infomations saved to  global/en-US/README.md
[16:15:51] Picture infomations saved to global/en-US/history/2025/12/07_en-US.md
[16:15:51] Start geting global Bing Wallpaper, region=ja-JP, local time is 2025-12-07 01:15:51.185570+09:00
[16:15:51] Successful get url: https://www.bing.com/th?id=OHR.Daxue2025_JA-JP6833558565_UHD.jpg
[16:15:51] Picture infomations saved to  global/ja-JP/README.md
[16:15:51] Picture infomations saved to global/ja-JP/history/2025/12/07_ja-JP.md
[16:15:51] Start geting global Bing Wallpaper, region=en-IN, local time is 2025-12-06 21:45:51.400002+05:30
[16:15:51] Successful get url: https://www.bing.com/th?id=OHR.EvergladesSunrise_EN-IN1506652339_UHD.jpg
[16:15:51] Picture infomations saved to  global/en-IN/README.md
[16:15:51] Picture infomations saved to global/en-IN/history/2025/12/06_en-IN.md
[16:15:51] Start geting global Bing Wallpaper, region=pt-BR, local time is 2025-12-06 13:15:51.557175-03:00
[16:15:51] Successful get url: https://www.bing.com/th?id=OHR.EvergladesSunrise_PT-BR9624463483_UHD.jpg
[16:15:51] Picture infomations saved to  global/pt-BR/README.md
[16:15:51] Picture infomations saved to global/pt-BR/history/2025/12/07_pt-BR.md
[16:15:51] Start geting global Bing Wallpaper, region=fr-FR, local time is 2025-12-06 17:15:51.701813+01:00
[16:15:51] Successful get url: https://www.bing.com/th?id=OHR.StrasbourgNicolas_FR-FR8648061434_UHD.jpg
[16:15:51] Picture infomations saved to  global/fr-FR/README.md
[16:15:51] Picture infomations saved to global/fr-FR/history/2025/12/06_fr-FR.md
[16:15:51] Start geting global Bing Wallpaper, region=de-DE, local time is 2025-12-06 17:15:51.851654+01:00
[16:15:51] Successful get url: https://www.bing.com/th?id=OHR.NicholasChocolate_DE-DE9261454162_UHD.jpg
[16:15:52] Picture infomations saved to  global/de-DE/README.md
[16:15:52] Picture infomations saved to global/de-DE/history/2025/12/06_de-DE.md
[16:15:52] Start geting global Bing Wallpaper, region=en-CA, local time is 2025-12-06 11:15:52.035793-05:00
[16:15:52] Successful get url: https://www.bing.com/th?id=OHR.EvergladesSunrise_EN-CA3131159053_UHD.jpg
[16:15:52] Picture infomations saved to  global/en-CA/README.md
[16:15:52] Picture infomations saved to global/en-CA/history/2025/12/07_en-CA.md
[16:15:52] Start geting global Bing Wallpaper, region=en-GB, local time is 2025-12-06 16:15:52.185596+00:00
[16:15:52] Successful get url: https://www.bing.com/th?id=OHR.EvergladesSunrise_EN-GB6383912502_UHD.jpg
[16:15:52] Picture infomations saved to  global/en-GB/README.md
[16:15:52] Picture infomations saved to global/en-GB/history/2025/12/07_en-GB.md
[16:15:52] Start geting global Bing Wallpaper, region=it-IT, local time is 2025-12-06 17:15:52.314854+01:00
[16:15:52] Successful get url: https://www.bing.com/th?id=OHR.EvergladesSunrise_IT-IT0190194789_UHD.jpg
[16:15:52] Picture infomations saved to  global/it-IT/README.md
[16:15:52] Picture infomations saved to global/it-IT/history/2025/12/06_it-IT.md
[16:15:52] Start geting global Bing Wallpaper, region=es-ES, local time is 2025-12-06 17:15:52.481384+01:00
[16:15:52] Successful get url: https://www.bing.com/th?id=OHR.ConstitutionSpainDay_ES-ES1916135600_UHD.jpg
[16:15:52] Picture infomations saved to  global/es-ES/README.md
[16:15:52] Picture infomations saved to global/es-ES/history/2025/12/06_es-ES.md
[16:15:52] Start geting global Bing Wallpaper, region=fr-CA, local time is 2025-12-06 11:15:52.897396-05:00
[16:15:52] Successful get url: https://www.bing.com/th?id=OHR.EvergladesSunrise_FR-CA6022655582_UHD.jpg
[16:15:53] Picture infomations saved to  global/fr-CA/README.md
[16:15:53] Picture infomations saved to global/fr-CA/history/2025/12/07_fr-CA.md
Program exit at 16:15:53
