
Program started at 09:30:37
Operating System Name: Linux
Operating System Version: #18~24.04.1-Ubuntu SMP Sat Jun 28 04:46:03 UTC 2025
System Architecture: ('64bit', 'ELF')
Computer Type: x86_64
Computer Name: runnervmh13bl
Processor Type: x86_64
Python Version: 3.12.12
Python Interpreter Name: CPython
[09:30:37] Start geting CN Bing Wallpaper
[09:30:37] Successful get url: https://www.bing.com/th?id=OHR.WintersolsticeY25_ZH-CN6462419684_UHD.jpg
[09:30:38] Image saved to img/background.jpg
[09:30:38] Info saved to README.md
[09:30:38] Image saved to history/2025/12/21.md
[09:30:38] Start geting global Bing Wallpaper, region=en-US, local time is 2025-12-21 04:30:38.360358-05:00
[09:30:38] Successful get url: https://www.bing.com/th?id=OHR.SwedenSolstice_EN-US5470044971_UHD.jpg
[09:30:38] Picture infomations saved to  global/en-US/README.md
[09:30:38] Picture infomations saved to global/en-US/history/2025/12/22_en-US.md
[09:30:38] Start geting global Bing Wallpaper, region=ja-JP, local time is 2025-12-21 18:30:38.607683+09:00
[09:30:38] Successful get url: https://www.bing.com/th?id=OHR.WinterSolstice2025_JA-JP2351386518_UHD.jpg
[09:30:38] Picture infomations saved to  global/ja-JP/README.md
[09:30:38] Picture infomations saved to global/ja-JP/history/2025/12/21_ja-JP.md
[09:30:38] Start geting global Bing Wallpaper, region=en-IN, local time is 2025-12-21 15:00:38.881052+05:30
[09:30:38] Successful get url: https://www.bing.com/th?id=OHR.SwedenSolstice_EN-IN7550918752_UHD.jpg
[09:30:39] Picture infomations saved to  global/en-IN/README.md
[09:30:39] Picture infomations saved to global/en-IN/history/2025/12/21_en-IN.md
[09:30:39] Start geting global Bing Wallpaper, region=pt-BR, local time is 2025-12-21 06:30:39.255273-03:00
[09:30:39] Successful get url: https://www.bing.com/th?id=OHR.Chevroned_PT-BR2327788537_UHD.jpg
[09:30:39] Picture infomations saved to  global/pt-BR/README.md
[09:30:39] Picture infomations saved to global/pt-BR/history/2025/12/22_pt-BR.md
[09:30:39] Start geting global Bing Wallpaper, region=fr-FR, local time is 2025-12-21 10:30:39.552950+01:00
[09:30:39] Successful get url: https://www.bing.com/th?id=OHR.SwedenSolstice_FR-FR1371775798_UHD.jpg
[09:30:39] Picture infomations saved to  global/fr-FR/README.md
[09:30:39] Picture infomations saved to global/fr-FR/history/2025/12/21_fr-FR.md
[09:30:39] Start geting global Bing Wallpaper, region=de-DE, local time is 2025-12-21 10:30:39.972976+01:00
[09:30:40] Successful get url: https://www.bing.com/th?id=OHR.SwedenSolstice_DE-DE1312651216_UHD.jpg
[09:30:40] Picture infomations saved to  global/de-DE/README.md
[09:30:40] Picture infomations saved to global/de-DE/history/2025/12/21_de-DE.md
[09:30:40] Start geting global Bing Wallpaper, region=en-CA, local time is 2025-12-21 04:30:40.421672-05:00
[09:30:40] Successful get url: https://www.bing.com/th?id=OHR.SwedenSolstice_EN-CA1532001237_UHD.jpg
[09:30:40] Picture infomations saved to  global/en-CA/README.md
[09:30:40] Picture infomations saved to global/en-CA/history/2025/12/22_en-CA.md
[09:30:40] Start geting global Bing Wallpaper, region=en-GB, local time is 2025-12-21 09:30:40.676192+00:00
[09:30:40] Successful get url: https://www.bing.com/th?id=OHR.SwedenSolstice_EN-GB1586766616_UHD.jpg
[09:30:41] Picture infomations saved to  global/en-GB/README.md
[09:30:41] Picture infomations saved to global/en-GB/history/2025/12/22_en-GB.md
[09:30:41] Start geting global Bing Wallpaper, region=it-IT, local time is 2025-12-21 10:30:41.002079+01:00
[09:30:41] Successful get url: https://www.bing.com/th?id=OHR.SwedenSolstice_IT-IT0210098439_UHD.jpg
[09:30:41] Picture infomations saved to  global/it-IT/README.md
[09:30:41] Picture infomations saved to global/it-IT/history/2025/12/21_it-IT.md
[09:30:41] Start geting global Bing Wallpaper, region=es-ES, local time is 2025-12-21 10:30:41.242028+01:00
[09:30:41] Successful get url: https://www.bing.com/th?id=OHR.WinterCovadonga_ES-ES5041137538_UHD.jpg
[09:30:41] Picture infomations saved to  global/es-ES/README.md
[09:30:41] Picture infomations saved to global/es-ES/history/2025/12/21_es-ES.md
[09:30:41] Start geting global Bing Wallpaper, region=fr-CA, local time is 2025-12-21 04:30:41.504007-05:00
[09:30:41] Successful get url: https://www.bing.com/th?id=OHR.SwedenSolstice_FR-CA0269299029_UHD.jpg
[09:30:41] Picture infomations saved to  global/fr-CA/README.md
[09:30:41] Picture infomations saved to global/fr-CA/history/2025/12/22_fr-CA.md
Program exit at 09:30:41

Program started at 16:16:17
Operating System Name: Linux
Operating System Version: #18~24.04.1-Ubuntu SMP Sat Jun 28 04:46:03 UTC 2025
System Architecture: ('64bit', 'ELF')
Computer Type: x86_64
Computer Name: runnervmh13bl
Processor Type: x86_64
Python Version: 3.12.12
Python Interpreter Name: CPython
[16:16:17] Start geting CN Bing Wallpaper
[16:16:17] Successful get url: https://www.bing.com/th?id=OHR.FrankfurtAlteBruecke_ZH-CN6621478221_UHD.jpg
[16:16:17] Image saved to img/background.jpg
[16:16:17] Info saved to README.md
[16:16:17] Image saved to history/2025/12/22.md
[16:16:17] Start geting global Bing Wallpaper, region=en-US, local time is 2025-12-21 11:16:17.877948-05:00
[16:16:17] Successful get url: https://www.bing.com/th?id=OHR.SwedenSolstice_EN-US5470044971_UHD.jpg
[16:16:18] Picture infomations saved to  global/en-US/README.md
[16:16:18] Picture infomations saved to global/en-US/history/2025/12/22_en-US.md
[16:16:18] Start geting global Bing Wallpaper, region=ja-JP, local time is 2025-12-22 01:16:18.194177+09:00
[16:16:18] Successful get url: https://www.bing.com/th?id=OHR.ReindeerFinland_JA-JP2648977140_UHD.jpg
[16:16:18] Picture infomations saved to  global/ja-JP/README.md
[16:16:18] Picture infomations saved to global/ja-JP/history/2025/12/22_ja-JP.md
[16:16:18] Start geting global Bing Wallpaper, region=en-IN, local time is 2025-12-21 21:46:18.604454+05:30
[16:16:18] Successful get url: https://www.bing.com/th?id=OHR.SwedenSolstice_EN-IN7550918752_UHD.jpg
[16:16:18] Picture infomations saved to  global/en-IN/README.md
[16:16:18] Picture infomations saved to global/en-IN/history/2025/12/21_en-IN.md
[16:16:18] Start geting global Bing Wallpaper, region=pt-BR, local time is 2025-12-21 13:16:18.921480-03:00
[16:16:18] Successful get url: https://www.bing.com/th?id=OHR.Chevroned_PT-BR2327788537_UHD.jpg
[16:16:19] Picture infomations saved to  global/pt-BR/README.md
[16:16:19] Picture infomations saved to global/pt-BR/history/2025/12/22_pt-BR.md
[16:16:19] Start geting global Bing Wallpaper, region=fr-FR, local time is 2025-12-21 17:16:19.249020+01:00
[16:16:19] Successful get url: https://www.bing.com/th?id=OHR.SwedenSolstice_FR-FR1371775798_UHD.jpg
[16:16:19] Picture infomations saved to  global/fr-FR/README.md
[16:16:19] Picture infomations saved to global/fr-FR/history/2025/12/21_fr-FR.md
[16:16:19] Start geting global Bing Wallpaper, region=de-DE, local time is 2025-12-21 17:16:19.555102+01:00
[16:16:19] Successful get url: https://www.bing.com/th?id=OHR.SwedenSolstice_DE-DE1312651216_UHD.jpg
[16:16:19] Picture infomations saved to  global/de-DE/README.md
[16:16:19] Picture infomations saved to global/de-DE/history/2025/12/21_de-DE.md
[16:16:19] Start geting global Bing Wallpaper, region=en-CA, local time is 2025-12-21 11:16:19.995013-05:00
[16:16:20] Successful get url: https://www.bing.com/th?id=OHR.SwedenSolstice_EN-CA1532001237_UHD.jpg
[16:16:20] Picture infomations saved to  global/en-CA/README.md
[16:16:20] Picture infomations saved to global/en-CA/history/2025/12/22_en-CA.md
[16:16:20] Start geting global Bing Wallpaper, region=en-GB, local time is 2025-12-21 16:16:20.355771+00:00
[16:16:20] Successful get url: https://www.bing.com/th?id=OHR.SwedenSolstice_EN-GB1586766616_UHD.jpg
[16:16:20] Picture infomations saved to  global/en-GB/README.md
[16:16:20] Picture infomations saved to global/en-GB/history/2025/12/22_en-GB.md
[16:16:20] Start geting global Bing Wallpaper, region=it-IT, local time is 2025-12-21 17:16:20.650505+01:00
[16:16:20] Successful get url: https://www.bing.com/th?id=OHR.SwedenSolstice_IT-IT0210098439_UHD.jpg
[16:16:20] Picture infomations saved to  global/it-IT/README.md
[16:16:20] Picture infomations saved to global/it-IT/history/2025/12/21_it-IT.md
[16:16:20] Start geting global Bing Wallpaper, region=es-ES, local time is 2025-12-21 17:16:20.991638+01:00
[16:16:21] Successful get url: https://www.bing.com/th?id=OHR.WinterCovadonga_ES-ES5041137538_UHD.jpg
[16:16:21] Picture infomations saved to  global/es-ES/README.md
[16:16:21] Picture infomations saved to global/es-ES/history/2025/12/21_es-ES.md
[16:16:21] Start geting global Bing Wallpaper, region=fr-CA, local time is 2025-12-21 11:16:21.334292-05:00
[16:16:21] Successful get url: https://www.bing.com/th?id=OHR.SwedenSolstice_FR-CA0269299029_UHD.jpg
[16:16:21] Picture infomations saved to  global/fr-CA/README.md
[16:16:21] Picture infomations saved to global/fr-CA/history/2025/12/22_fr-CA.md
Program exit at 16:16:21
