
Program started at 09:35:37
Operating System Name: Linux
Operating System Version: #18~24.04.1-Ubuntu SMP Sat Jun 28 04:46:03 UTC 2025
System Architecture: ('64bit', 'ELF')
Computer Type: x86_64
Computer Name: runnervmh13bl
Processor Type: x86_64
Python Version: 3.12.12
Python Interpreter Name: CPython
[09:35:37] Start geting CN Bing Wallpaper
[09:35:37] Successful get url: https://www.bing.com/th?id=OHR.BormioItaly_ZH-CN5397313772_UHD.jpg
[09:35:37] Image saved to img/background.jpg
[09:35:37] Info saved to README.md
[09:35:37] Image saved to history/2025/12/19.md
[09:35:37] Start geting global Bing Wallpaper, region=en-US, local time is 2025-12-19 04:35:37.820768-05:00
[09:35:37] Successful get url: https://www.bing.com/th?id=OHR.BormioItaly_EN-US5324526286_UHD.jpg
[09:35:38] Picture infomations saved to  global/en-US/README.md
[09:35:38] Picture infomations saved to global/en-US/history/2025/12/20_en-US.md
[09:35:38] Start geting global Bing Wallpaper, region=ja-JP, local time is 2025-12-19 18:35:38.157501+09:00
[09:35:38] Successful get url: https://www.bing.com/th?id=OHR.BormioItaly_JA-JP1791938778_UHD.jpg
[09:35:38] Picture infomations saved to  global/ja-JP/README.md
[09:35:38] Picture infomations saved to global/ja-JP/history/2025/12/19_ja-JP.md
[09:35:38] Start geting global Bing Wallpaper, region=en-IN, local time is 2025-12-19 15:05:38.504829+05:30
[09:35:38] Successful get url: https://www.bing.com/th?id=OHR.BormioItaly_EN-IN7065763250_UHD.jpg
[09:35:38] Picture infomations saved to  global/en-IN/README.md
[09:35:38] Picture infomations saved to global/en-IN/history/2025/12/19_en-IN.md
[09:35:38] Start geting global Bing Wallpaper, region=pt-BR, local time is 2025-12-19 06:35:38.799535-03:00
[09:35:38] Successful get url: https://www.bing.com/th?id=OHR.MonaValePool_PT-BR3761325411_UHD.jpg
[09:35:39] Picture infomations saved to  global/pt-BR/README.md
[09:35:39] Picture infomations saved to global/pt-BR/history/2025/12/20_pt-BR.md
[09:35:39] Start geting global Bing Wallpaper, region=fr-FR, local time is 2025-12-19 10:35:39.096854+01:00
[09:35:39] Successful get url: https://www.bing.com/th?id=OHR.YosemiteWinter_FR-FR0908929457_UHD.jpg
[09:35:39] Picture infomations saved to  global/fr-FR/README.md
[09:35:39] Picture infomations saved to global/fr-FR/history/2025/12/19_fr-FR.md
[09:35:39] Start geting global Bing Wallpaper, region=de-DE, local time is 2025-12-19 10:35:39.440467+01:00
[09:35:39] Successful get url: https://www.bing.com/th?id=OHR.BormioItaly_DE-DE0438792611_UHD.jpg
[09:35:39] Picture infomations saved to  global/de-DE/README.md
[09:35:39] Picture infomations saved to global/de-DE/history/2025/12/19_de-DE.md
[09:35:39] Start geting global Bing Wallpaper, region=en-CA, local time is 2025-12-19 04:35:39.742398-05:00
[09:35:39] Successful get url: https://www.bing.com/th?id=OHR.BormioItaly_EN-CA1256491790_UHD.jpg
[09:35:40] Picture infomations saved to  global/en-CA/README.md
[09:35:40] Picture infomations saved to global/en-CA/history/2025/12/20_en-CA.md
[09:35:40] Start geting global Bing Wallpaper, region=en-GB, local time is 2025-12-19 09:35:40.049673+00:00
[09:35:40] Successful get url: https://www.bing.com/th?id=OHR.BormioItaly_EN-GB1277241027_UHD.jpg
[09:35:40] Picture infomations saved to  global/en-GB/README.md
[09:35:40] Picture infomations saved to global/en-GB/history/2025/12/20_en-GB.md
[09:35:40] Start geting global Bing Wallpaper, region=it-IT, local time is 2025-12-19 10:35:40.338337+01:00
[09:35:40] Successful get url: https://www.bing.com/th?id=OHR.BormioItaly_IT-IT9940500837_UHD.jpg
[09:35:40] Picture infomations saved to  global/it-IT/README.md
[09:35:40] Picture infomations saved to global/it-IT/history/2025/12/19_it-IT.md
[09:35:40] Start geting global Bing Wallpaper, region=es-ES, local time is 2025-12-19 10:35:40.626840+01:00
[09:35:40] Successful get url: https://www.bing.com/th?id=OHR.BormioItaly_ES-ES9743879453_UHD.jpg
[09:35:40] Picture infomations saved to  global/es-ES/README.md
[09:35:40] Picture infomations saved to global/es-ES/history/2025/12/19_es-ES.md
[09:35:40] Start geting global Bing Wallpaper, region=fr-CA, local time is 2025-12-19 04:35:40.914351-05:00
[09:35:40] Successful get url: https://www.bing.com/th?id=OHR.BormioItaly_FR-CA9819049708_UHD.jpg
[09:35:41] Picture infomations saved to  global/fr-CA/README.md
[09:35:41] Picture infomations saved to global/fr-CA/history/2025/12/20_fr-CA.md
Program exit at 09:35:41
