
Program started at 09:34:14
Operating System Name: Linux
Operating System Version: #18~24.04.1-Ubuntu SMP Sat Jun 28 04:46:03 UTC 2025
System Architecture: ('64bit', 'ELF')
Computer Type: x86_64
Computer Name: runnervmh13bl
Processor Type: x86_64
Python Version: 3.12.12
Python Interpreter Name: CPython
[09:34:14] Start geting CN Bing Wallpaper
[09:34:14] Successful get url: https://www.bing.com/th?id=OHR.SantaGlobe_ZH-CN7032279153_UHD.jpg
[09:34:14] Image saved to img/background.jpg
[09:34:14] Info saved to README.md
[09:34:14] Image saved to history/2025/12/25.md
[09:34:14] Start geting global Bing Wallpaper, region=en-US, local time is 2025-12-25 04:34:14.357916-05:00
[09:34:14] Successful get url: https://www.bing.com/th?id=OHR.SantaGlobe_EN-US5819361091_UHD.jpg
[09:34:14] Picture infomations saved to  global/en-US/README.md
[09:34:14] Picture infomations saved to global/en-US/history/2025/12/26_en-US.md
[09:34:14] Start geting global Bing Wallpaper, region=ja-JP, local time is 2025-12-25 18:34:14.507602+09:00
[09:34:14] Successful get url: https://www.bing.com/th?id=OHR.SantaGlobe_JA-JP3196648040_UHD.jpg
[09:34:14] Picture infomations saved to  global/ja-JP/README.md
[09:34:14] Picture infomations saved to global/ja-JP/history/2025/12/25_ja-JP.md
[09:34:14] Start geting global Bing Wallpaper, region=en-IN, local time is 2025-12-25 15:04:14.669081+05:30
[09:34:14] Successful get url: https://www.bing.com/th?id=OHR.SantaGlobe_EN-IN8671777119_UHD.jpg
[09:34:14] Picture infomations saved to  global/en-IN/README.md
[09:34:14] Picture infomations saved to global/en-IN/history/2025/12/25_en-IN.md
[09:34:14] Start geting global Bing Wallpaper, region=pt-BR, local time is 2025-12-25 06:34:14.822035-03:00
[09:34:14] Successful get url: https://www.bing.com/th?id=OHR.XmasRio_PT-BR9436214235_UHD.jpg
[09:34:15] Picture infomations saved to  global/pt-BR/README.md
[09:34:15] Picture infomations saved to global/pt-BR/history/2025/12/26_pt-BR.md
[09:34:15] Start geting global Bing Wallpaper, region=fr-FR, local time is 2025-12-25 10:34:15.022281+01:00
[09:34:15] Successful get url: https://www.bing.com/th?id=OHR.SantaGlobe_FR-FR4387473652_UHD.jpg
[09:34:15] Picture infomations saved to  global/fr-FR/README.md
[09:34:15] Picture infomations saved to global/fr-FR/history/2025/12/25_fr-FR.md
[09:34:15] Start geting global Bing Wallpaper, region=de-DE, local time is 2025-12-25 10:34:15.188324+01:00
[09:34:15] Successful get url: https://www.bing.com/th?id=OHR.SantaGlobe_DE-DE3146908571_UHD.jpg
[09:34:15] Picture infomations saved to  global/de-DE/README.md
[09:34:15] Picture infomations saved to global/de-DE/history/2025/12/25_de-DE.md
[09:34:15] Start geting global Bing Wallpaper, region=en-CA, local time is 2025-12-25 04:34:15.371825-05:00
[09:34:15] Successful get url: https://www.bing.com/th?id=OHR.XmasTree_EN-CA1915827603_UHD.jpg
[09:34:15] Picture infomations saved to  global/en-CA/README.md
[09:34:15] Picture infomations saved to global/en-CA/history/2025/12/26_en-CA.md
[09:34:15] Start geting global Bing Wallpaper, region=en-GB, local time is 2025-12-25 09:34:15.624002+00:00
[09:34:15] Successful get url: https://www.bing.com/th?id=OHR.SantaGlobe_EN-GB2190475589_UHD.jpg
[09:34:15] Picture infomations saved to  global/en-GB/README.md
[09:34:15] Picture infomations saved to global/en-GB/history/2025/12/26_en-GB.md
[09:34:15] Start geting global Bing Wallpaper, region=it-IT, local time is 2025-12-25 10:34:15.874291+01:00
[09:34:15] Successful get url: https://www.bing.com/th?id=OHR.MilanoNatale_IT-IT0776124040_UHD.jpg
[09:34:16] Picture infomations saved to  global/it-IT/README.md
[09:34:16] Picture infomations saved to global/it-IT/history/2025/12/25_it-IT.md
[09:34:16] Start geting global Bing Wallpaper, region=es-ES, local time is 2025-12-25 10:34:16.173256+01:00
[09:34:16] Successful get url: https://www.bing.com/th?id=OHR.SantaGlobe_ES-ES4718622311_UHD.jpg
[09:34:16] Picture infomations saved to  global/es-ES/README.md
[09:34:16] Picture infomations saved to global/es-ES/history/2025/12/25_es-ES.md
[09:34:16] Start geting global Bing Wallpaper, region=fr-CA, local time is 2025-12-25 04:34:16.319744-05:00
[09:34:16] Successful get url: https://www.bing.com/th?id=OHR.XmasTree_FR-CA7882563077_UHD.jpg
[09:34:16] Picture infomations saved to  global/fr-CA/README.md
[09:34:16] Picture infomations saved to global/fr-CA/history/2025/12/26_fr-CA.md
Program exit at 09:34:16

Program started at 16:18:07
Operating System Name: Linux
Operating System Version: #18~24.04.1-Ubuntu SMP Sat Jun 28 04:46:03 UTC 2025
System Architecture: ('64bit', 'ELF')
Computer Type: x86_64
Computer Name: runnervmh13bl
Processor Type: x86_64
Python Version: 3.12.12
Python Interpreter Name: CPython
[16:18:07] Start geting CN Bing Wallpaper
[16:18:07] Successful get url: https://www.bing.com/th?id=OHR.WiltshireDawn_ZH-CN2887906329_UHD.jpg
[16:18:07] Image saved to img/background.jpg
[16:18:07] Info saved to README.md
[16:18:07] Image saved to history/2025/12/26.md
[16:18:07] Start geting global Bing Wallpaper, region=en-US, local time is 2025-12-25 11:18:07.443373-05:00
[16:18:07] Successful get url: https://www.bing.com/th?id=OHR.SantaGlobe_EN-US5819361091_UHD.jpg
[16:18:07] Picture infomations saved to  global/en-US/README.md
[16:18:07] Picture infomations saved to global/en-US/history/2025/12/26_en-US.md
[16:18:07] Start geting global Bing Wallpaper, region=ja-JP, local time is 2025-12-26 01:18:07.629860+09:00
[16:18:07] Successful get url: https://www.bing.com/th?id=OHR.WiltshireDawn_JA-JP8756136772_UHD.jpg
[16:18:07] Picture infomations saved to  global/ja-JP/README.md
[16:18:07] Picture infomations saved to global/ja-JP/history/2025/12/26_ja-JP.md
[16:18:07] Start geting global Bing Wallpaper, region=en-IN, local time is 2025-12-25 21:48:07.882116+05:30
[16:18:07] Successful get url: https://www.bing.com/th?id=OHR.SantaGlobe_EN-IN8671777119_UHD.jpg
[16:18:08] Picture infomations saved to  global/en-IN/README.md
[16:18:08] Picture infomations saved to global/en-IN/history/2025/12/25_en-IN.md
[16:18:08] Start geting global Bing Wallpaper, region=pt-BR, local time is 2025-12-25 13:18:08.053233-03:00
[16:18:08] Successful get url: https://www.bing.com/th?id=OHR.XmasRio_PT-BR9436214235_UHD.jpg
[16:18:08] Picture infomations saved to  global/pt-BR/README.md
[16:18:08] Picture infomations saved to global/pt-BR/history/2025/12/26_pt-BR.md
[16:18:08] Start geting global Bing Wallpaper, region=fr-FR, local time is 2025-12-25 17:18:08.285701+01:00
[16:18:08] Successful get url: https://www.bing.com/th?id=OHR.SantaGlobe_FR-FR4387473652_UHD.jpg
[16:18:08] Picture infomations saved to  global/fr-FR/README.md
[16:18:08] Picture infomations saved to global/fr-FR/history/2025/12/25_fr-FR.md
[16:18:08] Start geting global Bing Wallpaper, region=de-DE, local time is 2025-12-25 17:18:08.541472+01:00
[16:18:08] Successful get url: https://www.bing.com/th?id=OHR.SantaGlobe_DE-DE3146908571_UHD.jpg
[16:18:08] Picture infomations saved to  global/de-DE/README.md
[16:18:08] Picture infomations saved to global/de-DE/history/2025/12/25_de-DE.md
[16:18:08] Start geting global Bing Wallpaper, region=en-CA, local time is 2025-12-25 11:18:08.795150-05:00
[16:18:08] Successful get url: https://www.bing.com/th?id=OHR.XmasTree_EN-CA1915827603_UHD.jpg
[16:18:09] Picture infomations saved to  global/en-CA/README.md
[16:18:09] Picture infomations saved to global/en-CA/history/2025/12/26_en-CA.md
[16:18:09] Start geting global Bing Wallpaper, region=en-GB, local time is 2025-12-25 16:18:09.015515+00:00
[16:18:09] Successful get url: https://www.bing.com/th?id=OHR.SantaGlobe_EN-GB2190475589_UHD.jpg
[16:18:09] Picture infomations saved to  global/en-GB/README.md
[16:18:09] Picture infomations saved to global/en-GB/history/2025/12/26_en-GB.md
[16:18:09] Start geting global Bing Wallpaper, region=it-IT, local time is 2025-12-25 17:18:09.228259+01:00
[16:18:09] Successful get url: https://www.bing.com/th?id=OHR.MilanoNatale_IT-IT0776124040_UHD.jpg
[16:18:09] Picture infomations saved to  global/it-IT/README.md
[16:18:09] Picture infomations saved to global/it-IT/history/2025/12/25_it-IT.md
[16:18:09] Start geting global Bing Wallpaper, region=es-ES, local time is 2025-12-25 17:18:09.655800+01:00
[16:18:09] Successful get url: https://www.bing.com/th?id=OHR.SantaGlobe_ES-ES4718622311_UHD.jpg
[16:18:09] Picture infomations saved to  global/es-ES/README.md
[16:18:09] Picture infomations saved to global/es-ES/history/2025/12/25_es-ES.md
[16:18:09] Start geting global Bing Wallpaper, region=fr-CA, local time is 2025-12-25 11:18:09.866437-05:00
[16:18:09] Successful get url: https://www.bing.com/th?id=OHR.XmasTree_FR-CA7882563077_UHD.jpg
[16:18:10] Picture infomations saved to  global/fr-CA/README.md
[16:18:10] Picture infomations saved to global/fr-CA/history/2025/12/26_fr-CA.md
Program exit at 16:18:10
