
Program started at 09:36:27
Operating System Name: Linux
Operating System Version: #18~24.04.1-Ubuntu SMP Sat Jun 28 04:46:03 UTC 2025
System Architecture: ('64bit', 'ELF')
Computer Type: x86_64
Computer Name: runnervmoqczp
Processor Type: x86_64
Python Version: 3.12.12
Python Interpreter Name: CPython
[09:36:28] Start geting CN Bing Wallpaper
[09:36:28] Successful get url: https://www.bing.com/th?id=OHR.CordobaCathedral_ZH-CN4603063077_UHD.jpg
[09:36:28] Image saved to img/background.jpg
[09:36:28] Info saved to README.md
[09:36:28] Image saved to history/2025/12/10.md
[09:36:28] Start geting global Bing Wallpaper, region=en-US, local time is 2025-12-10 04:36:28.185310-05:00
[09:36:28] Successful get url: https://www.bing.com/th?id=OHR.CordobaCathedral_EN-US6045311068_UHD.jpg
[09:36:28] Picture infomations saved to  global/en-US/README.md
[09:36:28] Picture infomations saved to global/en-US/history/2025/12/11_en-US.md
[09:36:28] Start geting global Bing Wallpaper, region=ja-JP, local time is 2025-12-10 18:36:28.349365+09:00
[09:36:28] Successful get url: https://www.bing.com/th?id=OHR.CordobaCathedral_JA-JP3405653486_UHD.jpg
[09:36:28] Picture infomations saved to  global/ja-JP/README.md
[09:36:28] Picture infomations saved to global/ja-JP/history/2025/12/10_ja-JP.md
[09:36:28] Start geting global Bing Wallpaper, region=en-IN, local time is 2025-12-10 15:06:28.513430+05:30
[09:36:28] Successful get url: https://www.bing.com/th?id=OHR.CordobaCathedral_EN-IN2305166633_UHD.jpg
[09:36:28] Picture infomations saved to  global/en-IN/README.md
[09:36:28] Picture infomations saved to global/en-IN/history/2025/12/10_en-IN.md
[09:36:28] Start geting global Bing Wallpaper, region=pt-BR, local time is 2025-12-10 06:36:28.636865-03:00
[09:36:28] Successful get url: https://www.bing.com/th?id=OHR.CordobaCathedral_PT-BR2100403879_UHD.jpg
[09:36:28] Picture infomations saved to  global/pt-BR/README.md
[09:36:28] Picture infomations saved to global/pt-BR/history/2025/12/11_pt-BR.md
[09:36:28] Start geting global Bing Wallpaper, region=fr-FR, local time is 2025-12-10 10:36:28.759483+01:00
[09:36:28] Successful get url: https://www.bing.com/th?id=OHR.CordobaCathedral_FR-FR9536997294_UHD.jpg
[09:36:28] Picture infomations saved to  global/fr-FR/README.md
[09:36:28] Picture infomations saved to global/fr-FR/history/2025/12/10_fr-FR.md
[09:36:28] Start geting global Bing Wallpaper, region=de-DE, local time is 2025-12-10 10:36:28.881171+01:00
[09:36:28] Successful get url: https://www.bing.com/th?id=OHR.CordobaCathedral_DE-DE5800559694_UHD.jpg
[09:36:29] Picture infomations saved to  global/de-DE/README.md
[09:36:29] Picture infomations saved to global/de-DE/history/2025/12/10_de-DE.md
[09:36:29] Start geting global Bing Wallpaper, region=en-CA, local time is 2025-12-10 04:36:29.046040-05:00
[09:36:29] Successful get url: https://www.bing.com/th?id=OHR.CordobaCathedral_EN-CA3988311305_UHD.jpg
[09:36:29] Picture infomations saved to  global/en-CA/README.md
[09:36:29] Picture infomations saved to global/en-CA/history/2025/12/11_en-CA.md
[09:36:29] Start geting global Bing Wallpaper, region=en-GB, local time is 2025-12-10 09:36:29.202150+00:00
[09:36:29] Successful get url: https://www.bing.com/th?id=OHR.CordobaCathedral_EN-GB6957554963_UHD.jpg
[09:36:29] Picture infomations saved to  global/en-GB/README.md
[09:36:29] Picture infomations saved to global/en-GB/history/2025/12/11_en-GB.md
[09:36:29] Start geting global Bing Wallpaper, region=it-IT, local time is 2025-12-10 10:36:29.338346+01:00
[09:36:29] Successful get url: https://www.bing.com/th?id=OHR.CordobaCathedral_IT-IT0518392649_UHD.jpg
[09:36:29] Picture infomations saved to  global/it-IT/README.md
[09:36:29] Picture infomations saved to global/it-IT/history/2025/12/10_it-IT.md
[09:36:29] Start geting global Bing Wallpaper, region=es-ES, local time is 2025-12-10 10:36:29.479243+01:00
[09:36:29] Successful get url: https://www.bing.com/th?id=OHR.CordobaCathedral_ES-ES0926965367_UHD.jpg
[09:36:29] Picture infomations saved to  global/es-ES/README.md
[09:36:29] Picture infomations saved to global/es-ES/history/2025/12/10_es-ES.md
[09:36:29] Start geting global Bing Wallpaper, region=fr-CA, local time is 2025-12-10 04:36:29.618562-05:00
[09:36:29] Successful get url: https://www.bing.com/th?id=OHR.CordobaCathedral_FR-CA8527580622_UHD.jpg
[09:36:29] Picture infomations saved to  global/fr-CA/README.md
[09:36:29] Picture infomations saved to global/fr-CA/history/2025/12/11_fr-CA.md
Program exit at 09:36:29
