
Program started at 09:35:01
Operating System Name: Linux
Operating System Version: #18~24.04.1-Ubuntu SMP Sat Jun 28 04:46:03 UTC 2025
System Architecture: ('64bit', 'ELF')
Computer Type: x86_64
Computer Name: runnervmh13bl
Processor Type: x86_64
Python Version: 3.12.12
Python Interpreter Name: CPython
[09:35:01] Start geting CN Bing Wallpaper
[09:35:01] Successful get url: https://www.bing.com/th?id=OHR.ElmauChapel_ZH-CN6919330333_UHD.jpg
[09:35:01] Image saved to img/background.jpg
[09:35:01] Info saved to README.md
[09:35:01] Image saved to history/2025/12/24.md
[09:35:01] Start geting global Bing Wallpaper, region=en-US, local time is 2025-12-24 04:35:01.457876-05:00
[09:35:01] Successful get url: https://www.bing.com/th?id=OHR.ElmauChapel_EN-US5704228113_UHD.jpg
[09:35:01] Picture infomations saved to  global/en-US/README.md
[09:35:01] Picture infomations saved to global/en-US/history/2025/12/25_en-US.md
[09:35:01] Start geting global Bing Wallpaper, region=ja-JP, local time is 2025-12-24 18:35:02.002675+09:00
[09:35:02] Successful get url: https://www.bing.com/th?id=OHR.ElmauChapel_JA-JP2947590238_UHD.jpg
[09:35:02] Picture infomations saved to  global/ja-JP/README.md
[09:35:02] Picture infomations saved to global/ja-JP/history/2025/12/24_ja-JP.md
[09:35:02] Start geting global Bing Wallpaper, region=en-IN, local time is 2025-12-24 15:05:02.135223+05:30
[09:35:02] Successful get url: https://www.bing.com/th?id=OHR.ElmauChapel_EN-IN8516225171_UHD.jpg
[09:35:02] Picture infomations saved to  global/en-IN/README.md
[09:35:02] Picture infomations saved to global/en-IN/history/2025/12/24_en-IN.md
[09:35:02] Start geting global Bing Wallpaper, region=pt-BR, local time is 2025-12-24 06:35:02.298877-03:00
[09:35:02] Successful get url: https://www.bing.com/th?id=OHR.ElmauChapel_PT-BR9995437015_UHD.jpg
[09:35:02] Picture infomations saved to  global/pt-BR/README.md
[09:35:02] Picture infomations saved to global/pt-BR/history/2025/12/25_pt-BR.md
[09:35:02] Start geting global Bing Wallpaper, region=fr-FR, local time is 2025-12-24 10:35:02.440443+01:00
[09:35:02] Successful get url: https://www.bing.com/th?id=OHR.ElmauChapel_FR-FR3119291708_UHD.jpg
[09:35:02] Picture infomations saved to  global/fr-FR/README.md
[09:35:02] Picture infomations saved to global/fr-FR/history/2025/12/24_fr-FR.md
[09:35:02] Start geting global Bing Wallpaper, region=de-DE, local time is 2025-12-24 10:35:02.548056+01:00
[09:35:02] Successful get url: https://www.bing.com/th?id=OHR.ElmauSnow_DE-DE2680814765_UHD.jpg
[09:35:02] Picture infomations saved to  global/de-DE/README.md
[09:35:02] Picture infomations saved to global/de-DE/history/2025/12/24_de-DE.md
[09:35:02] Start geting global Bing Wallpaper, region=en-CA, local time is 2025-12-24 04:35:02.670582-05:00
[09:35:02] Successful get url: https://www.bing.com/th?id=OHR.ElmauChapel_EN-CA2001669304_UHD.jpg
[09:35:02] Picture infomations saved to  global/en-CA/README.md
[09:35:02] Picture infomations saved to global/en-CA/history/2025/12/25_en-CA.md
[09:35:02] Start geting global Bing Wallpaper, region=en-GB, local time is 2025-12-24 09:35:02.888744+00:00
[09:35:02] Successful get url: https://www.bing.com/th?id=OHR.ElmauChapel_EN-GB2006634958_UHD.jpg
[09:35:02] Picture infomations saved to  global/en-GB/README.md
[09:35:02] Picture infomations saved to global/en-GB/history/2025/12/25_en-GB.md
[09:35:02] Start geting global Bing Wallpaper, region=it-IT, local time is 2025-12-24 10:35:02.990184+01:00
[09:35:03] Successful get url: https://www.bing.com/th?id=OHR.ElmauChapel_IT-IT0705069498_UHD.jpg
[09:35:03] Picture infomations saved to  global/it-IT/README.md
[09:35:03] Picture infomations saved to global/it-IT/history/2025/12/24_it-IT.md
[09:35:03] Start geting global Bing Wallpaper, region=es-ES, local time is 2025-12-24 10:35:03.127308+01:00
[09:35:03] Successful get url: https://www.bing.com/th?id=OHR.SibylSongMallorca_ES-ES5129981423_UHD.jpg
[09:35:03] Picture infomations saved to  global/es-ES/README.md
[09:35:03] Picture infomations saved to global/es-ES/history/2025/12/24_es-ES.md
[09:35:03] Start geting global Bing Wallpaper, region=fr-CA, local time is 2025-12-24 04:35:03.233459-05:00
[09:35:03] Successful get url: https://www.bing.com/th?id=OHR.ElmauChapel_FR-CA1701868165_UHD.jpg
[09:35:03] Picture infomations saved to  global/fr-CA/README.md
[09:35:03] Picture infomations saved to global/fr-CA/history/2025/12/25_fr-CA.md
Program exit at 09:35:03

Program started at 16:18:22
Operating System Name: Linux
Operating System Version: #18~24.04.1-Ubuntu SMP Sat Jun 28 04:46:03 UTC 2025
System Architecture: ('64bit', 'ELF')
Computer Type: x86_64
Computer Name: runnervmh13bl
Processor Type: x86_64
Python Version: 3.12.12
Python Interpreter Name: CPython
[16:18:22] Start geting CN Bing Wallpaper
[16:18:22] Successful get url: https://www.bing.com/th?id=OHR.SantaGlobe_ZH-CN7032279153_UHD.jpg
[16:18:22] Image saved to img/background.jpg
[16:18:22] Info saved to README.md
[16:18:22] Image saved to history/2025/12/25.md
[16:18:22] Start geting global Bing Wallpaper, region=en-US, local time is 2025-12-24 11:18:22.428689-05:00
[16:18:22] Successful get url: https://www.bing.com/th?id=OHR.ElmauChapel_EN-US5704228113_UHD.jpg
[16:18:22] Picture infomations saved to  global/en-US/README.md
[16:18:22] Picture infomations saved to global/en-US/history/2025/12/25_en-US.md
[16:18:22] Start geting global Bing Wallpaper, region=ja-JP, local time is 2025-12-25 01:18:22.587025+09:00
[16:18:22] Successful get url: https://www.bing.com/th?id=OHR.SantaGlobe_JA-JP3196648040_UHD.jpg
[16:18:22] Picture infomations saved to  global/ja-JP/README.md
[16:18:22] Picture infomations saved to global/ja-JP/history/2025/12/25_ja-JP.md
[16:18:22] Start geting global Bing Wallpaper, region=en-IN, local time is 2025-12-24 21:48:22.865784+05:30
[16:18:22] Successful get url: https://www.bing.com/th?id=OHR.ElmauChapel_EN-IN8516225171_UHD.jpg
[16:18:23] Picture infomations saved to  global/en-IN/README.md
[16:18:23] Picture infomations saved to global/en-IN/history/2025/12/24_en-IN.md
[16:18:23] Start geting global Bing Wallpaper, region=pt-BR, local time is 2025-12-24 13:18:23.030905-03:00
[16:18:23] Successful get url: https://www.bing.com/th?id=OHR.ElmauChapel_PT-BR9995437015_UHD.jpg
[16:18:23] Picture infomations saved to  global/pt-BR/README.md
[16:18:23] Picture infomations saved to global/pt-BR/history/2025/12/25_pt-BR.md
[16:18:23] Start geting global Bing Wallpaper, region=fr-FR, local time is 2025-12-24 17:18:23.196503+01:00
[16:18:23] Successful get url: https://www.bing.com/th?id=OHR.ElmauChapel_FR-FR3119291708_UHD.jpg
[16:18:23] Picture infomations saved to  global/fr-FR/README.md
[16:18:23] Picture infomations saved to global/fr-FR/history/2025/12/24_fr-FR.md
[16:18:23] Start geting global Bing Wallpaper, region=de-DE, local time is 2025-12-24 17:18:23.365976+01:00
[16:18:23] Successful get url: https://www.bing.com/th?id=OHR.ElmauSnow_DE-DE2680814765_UHD.jpg
[16:18:23] Picture infomations saved to  global/de-DE/README.md
[16:18:23] Picture infomations saved to global/de-DE/history/2025/12/24_de-DE.md
[16:18:23] Start geting global Bing Wallpaper, region=en-CA, local time is 2025-12-24 11:18:23.619478-05:00
[16:18:23] Successful get url: https://www.bing.com/th?id=OHR.ElmauChapel_EN-CA2001669304_UHD.jpg
[16:18:23] Picture infomations saved to  global/en-CA/README.md
[16:18:23] Picture infomations saved to global/en-CA/history/2025/12/25_en-CA.md
[16:18:23] Start geting global Bing Wallpaper, region=en-GB, local time is 2025-12-24 16:18:23.799185+00:00
[16:18:23] Successful get url: https://www.bing.com/th?id=OHR.ElmauChapel_EN-GB2006634958_UHD.jpg
[16:18:23] Picture infomations saved to  global/en-GB/README.md
[16:18:23] Picture infomations saved to global/en-GB/history/2025/12/25_en-GB.md
[16:18:23] Start geting global Bing Wallpaper, region=it-IT, local time is 2025-12-24 17:18:23.975264+01:00
[16:18:24] Successful get url: https://www.bing.com/th?id=OHR.ElmauChapel_IT-IT0705069498_UHD.jpg
[16:18:24] Picture infomations saved to  global/it-IT/README.md
[16:18:24] Picture infomations saved to global/it-IT/history/2025/12/24_it-IT.md
[16:18:24] Start geting global Bing Wallpaper, region=es-ES, local time is 2025-12-24 17:18:24.149681+01:00
[16:18:24] Successful get url: https://www.bing.com/th?id=OHR.SibylSongMallorca_ES-ES5129981423_UHD.jpg
[16:18:24] Picture infomations saved to  global/es-ES/README.md
[16:18:24] Picture infomations saved to global/es-ES/history/2025/12/24_es-ES.md
[16:18:24] Start geting global Bing Wallpaper, region=fr-CA, local time is 2025-12-24 11:18:24.425483-05:00
[16:18:24] Successful get url: https://www.bing.com/th?id=OHR.ElmauChapel_FR-CA1701868165_UHD.jpg
[16:18:24] Picture infomations saved to  global/fr-CA/README.md
[16:18:24] Picture infomations saved to global/fr-CA/history/2025/12/25_fr-CA.md
Program exit at 16:18:24
