
Program started at 09:30:13
Operating System Name: Linux
Operating System Version: #18~24.04.1-Ubuntu SMP Sat Jun 28 04:46:03 UTC 2025
System Architecture: ('64bit', 'ELF')
Computer Type: x86_64
Computer Name: runnervm6qbrg
Processor Type: x86_64
Python Version: 3.12.12
Python Interpreter Name: CPython
[09:30:13] Start geting CN Bing Wallpaper
[09:30:13] Successful get url: https://www.bing.com/th?id=OHR.TuftedTitmouse_ZH-CN4154825372_UHD.jpg
[09:30:13] Image saved to img/background.jpg
[09:30:13] Info saved to README.md
[09:30:13] Image saved to history/2025/12/14.md
[09:30:13] Start geting global Bing Wallpaper, region=en-US, local time is 2025-12-14 04:30:13.986705-05:00
[09:30:14] Successful get url: https://www.bing.com/th?id=OHR.TuftedTitmouse_EN-US4835376471_UHD.jpg
[09:30:14] Picture infomations saved to  global/en-US/README.md
[09:30:14] Picture infomations saved to global/en-US/history/2025/12/15_en-US.md
[09:30:14] Start geting global Bing Wallpaper, region=ja-JP, local time is 2025-12-14 18:30:14.204632+09:00
[09:30:14] Successful get url: https://www.bing.com/th?id=OHR.TuftedTitmouse_JA-JP0548402698_UHD.jpg
[09:30:14] Picture infomations saved to  global/ja-JP/README.md
[09:30:14] Picture infomations saved to global/ja-JP/history/2025/12/14_ja-JP.md
[09:30:14] Start geting global Bing Wallpaper, region=en-IN, local time is 2025-12-14 15:00:14.439564+05:30
[09:30:14] Successful get url: https://www.bing.com/th?id=OHR.RBtiger_EN-IN6114298961_UHD.jpg
[09:30:14] Picture infomations saved to  global/en-IN/README.md
[09:30:14] Picture infomations saved to global/en-IN/history/2025/12/14_en-IN.md
[09:30:14] Start geting global Bing Wallpaper, region=pt-BR, local time is 2025-12-14 06:30:14.682454-03:00
[09:30:14] Successful get url: https://www.bing.com/th?id=OHR.TuftedTitmouse_PT-BR8020048731_UHD.jpg
[09:30:14] Picture infomations saved to  global/pt-BR/README.md
[09:30:14] Picture infomations saved to global/pt-BR/history/2025/12/15_pt-BR.md
[09:30:14] Start geting global Bing Wallpaper, region=fr-FR, local time is 2025-12-14 10:30:14.907339+01:00
[09:30:14] Successful get url: https://www.bing.com/th?id=OHR.TuftedTitmouse_FR-FR1797167944_UHD.jpg
[09:30:15] Picture infomations saved to  global/fr-FR/README.md
[09:30:15] Picture infomations saved to global/fr-FR/history/2025/12/14_fr-FR.md
[09:30:15] Start geting global Bing Wallpaper, region=de-DE, local time is 2025-12-14 10:30:15.211832+01:00
[09:30:15] Successful get url: https://www.bing.com/th?id=OHR.TuftedTitmouse_DE-DE8240500684_UHD.jpg
[09:30:15] Picture infomations saved to  global/de-DE/README.md
[09:30:15] Picture infomations saved to global/de-DE/history/2025/12/14_de-DE.md
[09:30:15] Start geting global Bing Wallpaper, region=en-CA, local time is 2025-12-14 04:30:15.489905-05:00
[09:30:15] Successful get url: https://www.bing.com/th?id=OHR.TuftedTitmouse_EN-CA0345023104_UHD.jpg
[09:30:15] Picture infomations saved to  global/en-CA/README.md
[09:30:15] Picture infomations saved to global/en-CA/history/2025/12/15_en-CA.md
[09:30:15] Start geting global Bing Wallpaper, region=en-GB, local time is 2025-12-14 09:30:15.718443+00:00
[09:30:15] Successful get url: https://www.bing.com/th?id=OHR.BrightonRoyalPavilion2025_EN-GB0413792609_UHD.jpg
[09:30:15] Picture infomations saved to  global/en-GB/README.md
[09:30:15] Picture infomations saved to global/en-GB/history/2025/12/15_en-GB.md
[09:30:15] Start geting global Bing Wallpaper, region=it-IT, local time is 2025-12-14 10:30:15.939495+01:00
[09:30:16] Successful get url: https://www.bing.com/th?id=OHR.ChristmasGnomes_IT-IT0880472693_UHD.jpg
[09:30:16] Picture infomations saved to  global/it-IT/README.md
[09:30:16] Picture infomations saved to global/it-IT/history/2025/12/14_it-IT.md
[09:30:16] Start geting global Bing Wallpaper, region=es-ES, local time is 2025-12-14 10:30:16.170948+01:00
[09:30:16] Successful get url: https://www.bing.com/th?id=OHR.ReindeerFinland_ES-ES3822671431_UHD.jpg
[09:30:16] Picture infomations saved to  global/es-ES/README.md
[09:30:16] Picture infomations saved to global/es-ES/history/2025/12/14_es-ES.md
[09:30:16] Start geting global Bing Wallpaper, region=fr-CA, local time is 2025-12-14 04:30:16.432557-05:00
[09:30:16] Successful get url: https://www.bing.com/th?id=OHR.TuftedTitmouse_FR-CA8502944575_UHD.jpg
[09:30:16] Picture infomations saved to  global/fr-CA/README.md
[09:30:16] Picture infomations saved to global/fr-CA/history/2025/12/15_fr-CA.md
Program exit at 09:30:16

Program started at 16:16:25
Operating System Name: Linux
Operating System Version: #18~24.04.1-Ubuntu SMP Sat Jun 28 04:46:03 UTC 2025
System Architecture: ('64bit', 'ELF')
Computer Type: x86_64
Computer Name: runnervm6qbrg
Processor Type: x86_64
Python Version: 3.12.12
Python Interpreter Name: CPython
[16:16:25] Start geting CN Bing Wallpaper
[16:16:25] Successful get url: https://www.bing.com/th?id=OHR.AmsterdamLights_ZH-CN4288146509_UHD.jpg
[16:16:25] Image saved to img/background.jpg
[16:16:25] Info saved to README.md
[16:16:25] Image saved to history/2025/12/15.md
[16:16:25] Start geting global Bing Wallpaper, region=en-US, local time is 2025-12-14 11:16:25.777732-05:00
[16:16:25] Successful get url: https://www.bing.com/th?id=OHR.TuftedTitmouse_EN-US4835376471_UHD.jpg
[16:16:25] Picture infomations saved to  global/en-US/README.md
[16:16:25] Picture infomations saved to global/en-US/history/2025/12/15_en-US.md
[16:16:25] Start geting global Bing Wallpaper, region=ja-JP, local time is 2025-12-15 01:16:25.939469+09:00
[16:16:26] Successful get url: https://www.bing.com/th?id=OHR.AmsterdamLights_JA-JP0747282471_UHD.jpg
[16:16:26] Picture infomations saved to  global/ja-JP/README.md
[16:16:26] Picture infomations saved to global/ja-JP/history/2025/12/15_ja-JP.md
[16:16:26] Start geting global Bing Wallpaper, region=en-IN, local time is 2025-12-14 21:46:26.165411+05:30
[16:16:26] Successful get url: https://www.bing.com/th?id=OHR.RBtiger_EN-IN6114298961_UHD.jpg
[16:16:26] Picture infomations saved to  global/en-IN/README.md
[16:16:26] Picture infomations saved to global/en-IN/history/2025/12/14_en-IN.md
[16:16:26] Start geting global Bing Wallpaper, region=pt-BR, local time is 2025-12-14 13:16:26.321214-03:00
[16:16:26] Successful get url: https://www.bing.com/th?id=OHR.TuftedTitmouse_PT-BR8020048731_UHD.jpg
[16:16:26] Picture infomations saved to  global/pt-BR/README.md
[16:16:26] Picture infomations saved to global/pt-BR/history/2025/12/15_pt-BR.md
[16:16:26] Start geting global Bing Wallpaper, region=fr-FR, local time is 2025-12-14 17:16:26.585062+01:00
[16:16:26] Successful get url: https://www.bing.com/th?id=OHR.TuftedTitmouse_FR-FR1797167944_UHD.jpg
[16:16:26] Picture infomations saved to  global/fr-FR/README.md
[16:16:26] Picture infomations saved to global/fr-FR/history/2025/12/14_fr-FR.md
[16:16:26] Start geting global Bing Wallpaper, region=de-DE, local time is 2025-12-14 17:16:26.725097+01:00
[16:16:26] Successful get url: https://www.bing.com/th?id=OHR.TuftedTitmouse_DE-DE8240500684_UHD.jpg
[16:16:26] Picture infomations saved to  global/de-DE/README.md
[16:16:26] Picture infomations saved to global/de-DE/history/2025/12/14_de-DE.md
[16:16:26] Start geting global Bing Wallpaper, region=en-CA, local time is 2025-12-14 11:16:26.955919-05:00
[16:16:27] Successful get url: https://www.bing.com/th?id=OHR.TuftedTitmouse_EN-CA0345023104_UHD.jpg
[16:16:27] Picture infomations saved to  global/en-CA/README.md
[16:16:27] Picture infomations saved to global/en-CA/history/2025/12/15_en-CA.md
[16:16:27] Start geting global Bing Wallpaper, region=en-GB, local time is 2025-12-14 16:16:27.093782+00:00
[16:16:27] Successful get url: https://www.bing.com/th?id=OHR.BrightonRoyalPavilion2025_EN-GB0413792609_UHD.jpg
[16:16:27] Picture infomations saved to  global/en-GB/README.md
[16:16:27] Picture infomations saved to global/en-GB/history/2025/12/15_en-GB.md
[16:16:27] Start geting global Bing Wallpaper, region=it-IT, local time is 2025-12-14 17:16:27.236330+01:00
[16:16:27] Successful get url: https://www.bing.com/th?id=OHR.ChristmasGnomes_IT-IT0880472693_UHD.jpg
[16:16:27] Picture infomations saved to  global/it-IT/README.md
[16:16:27] Picture infomations saved to global/it-IT/history/2025/12/14_it-IT.md
[16:16:27] Start geting global Bing Wallpaper, region=es-ES, local time is 2025-12-14 17:16:27.419308+01:00
[16:16:27] Successful get url: https://www.bing.com/th?id=OHR.ReindeerFinland_ES-ES3822671431_UHD.jpg
[16:16:27] Picture infomations saved to  global/es-ES/README.md
[16:16:27] Picture infomations saved to global/es-ES/history/2025/12/14_es-ES.md
[16:16:27] Start geting global Bing Wallpaper, region=fr-CA, local time is 2025-12-14 11:16:27.569159-05:00
[16:16:27] Successful get url: https://www.bing.com/th?id=OHR.TuftedTitmouse_FR-CA8502944575_UHD.jpg
[16:16:27] Picture infomations saved to  global/fr-CA/README.md
[16:16:27] Picture infomations saved to global/fr-CA/history/2025/12/15_fr-CA.md
Program exit at 16:16:27
