
Program started at 09:36:14
Operating System Name: Linux
Operating System Version: #18~24.04.1-Ubuntu SMP Sat Jun 28 04:46:03 UTC 2025
System Architecture: ('64bit', 'ELF')
Computer Type: x86_64
Computer Name: runnervm6qbrg
Processor Type: x86_64
Python Version: 3.12.12
Python Interpreter Name: CPython
[09:36:14] Start geting CN Bing Wallpaper
[09:36:14] Successful get url: https://www.bing.com/th?id=OHR.SpeckledPoinsettia_ZH-CN3726763235_UHD.jpg
[09:36:14] Image saved to img/background.jpg
[09:36:14] Info saved to README.md
[09:36:14] Image saved to history/2025/12/12.md
[09:36:14] Start geting global Bing Wallpaper, region=en-US, local time is 2025-12-12 04:36:14.739356-05:00
[09:36:14] Successful get url: https://www.bing.com/th?id=OHR.SpeckledPoinsettia_EN-US4098165068_UHD.jpg
[09:36:14] Picture infomations saved to  global/en-US/README.md
[09:36:14] Picture infomations saved to global/en-US/history/2025/12/13_en-US.md
[09:36:14] Start geting global Bing Wallpaper, region=ja-JP, local time is 2025-12-12 18:36:14.898119+09:00
[09:36:14] Successful get url: https://www.bing.com/th?id=OHR.SpeckledPoinsettia_JA-JP0214216812_UHD.jpg
[09:36:15] Picture infomations saved to  global/ja-JP/README.md
[09:36:15] Picture infomations saved to global/ja-JP/history/2025/12/12_ja-JP.md
[09:36:15] Start geting global Bing Wallpaper, region=en-IN, local time is 2025-12-12 15:06:15.069603+05:30
[09:36:15] Successful get url: https://www.bing.com/th?id=OHR.SpeckledPoinsettia_EN-IN7588134069_UHD.jpg
[09:36:15] Picture infomations saved to  global/en-IN/README.md
[09:36:15] Picture infomations saved to global/en-IN/history/2025/12/12_en-IN.md
[09:36:15] Start geting global Bing Wallpaper, region=pt-BR, local time is 2025-12-12 06:36:15.209684-03:00
[09:36:15] Successful get url: https://www.bing.com/th?id=OHR.SpeckledPoinsettia_PT-BR8754988281_UHD.jpg
[09:36:15] Picture infomations saved to  global/pt-BR/README.md
[09:36:15] Picture infomations saved to global/pt-BR/history/2025/12/13_pt-BR.md
[09:36:15] Start geting global Bing Wallpaper, region=fr-FR, local time is 2025-12-12 10:36:15.362237+01:00
[09:36:15] Successful get url: https://www.bing.com/th?id=OHR.SpeckledPoinsettia_FR-FR0741474217_UHD.jpg
[09:36:15] Picture infomations saved to  global/fr-FR/README.md
[09:36:15] Picture infomations saved to global/fr-FR/history/2025/12/12_fr-FR.md
[09:36:15] Start geting global Bing Wallpaper, region=de-DE, local time is 2025-12-12 10:36:15.489885+01:00
[09:36:15] Successful get url: https://www.bing.com/th?id=OHR.SpeckledPoinsettia_DE-DE7616872771_UHD.jpg
[09:36:15] Picture infomations saved to  global/de-DE/README.md
[09:36:15] Picture infomations saved to global/de-DE/history/2025/12/12_de-DE.md
[09:36:15] Start geting global Bing Wallpaper, region=en-CA, local time is 2025-12-12 04:36:15.632046-05:00
[09:36:15] Successful get url: https://www.bing.com/th?id=OHR.SuspensionLights_EN-CA1736218976_UHD.jpg
[09:36:15] Picture infomations saved to  global/en-CA/README.md
[09:36:15] Picture infomations saved to global/en-CA/history/2025/12/13_en-CA.md
[09:36:15] Start geting global Bing Wallpaper, region=en-GB, local time is 2025-12-12 09:36:15.753517+00:00
[09:36:15] Successful get url: https://www.bing.com/th?id=OHR.SpeckledPoinsettia_EN-GB9791433495_UHD.jpg
[09:36:15] Picture infomations saved to  global/en-GB/README.md
[09:36:15] Picture infomations saved to global/en-GB/history/2025/12/13_en-GB.md
[09:36:15] Start geting global Bing Wallpaper, region=it-IT, local time is 2025-12-12 10:36:15.955474+01:00
[09:36:18] Successful get url: https://www.bing.com/th?id=OHR.SpeckledPoinsettia_IT-IT0030863548_UHD.jpg
[09:36:18] Picture infomations saved to  global/it-IT/README.md
[09:36:18] Picture infomations saved to global/it-IT/history/2025/12/12_it-IT.md
[09:36:18] Start geting global Bing Wallpaper, region=es-ES, local time is 2025-12-12 10:36:18.151655+01:00
[09:36:18] Successful get url: https://www.bing.com/th?id=OHR.SpeckledPoinsettia_ES-ES3605658250_UHD.jpg
[09:36:18] Picture infomations saved to  global/es-ES/README.md
[09:36:18] Picture infomations saved to global/es-ES/history/2025/12/12_es-ES.md
[09:36:18] Start geting global Bing Wallpaper, region=fr-CA, local time is 2025-12-12 04:36:18.315117-05:00
[09:36:18] Successful get url: https://www.bing.com/th?id=OHR.SuspensionLights_FR-CA6920947835_UHD.jpg
[09:36:18] Picture infomations saved to  global/fr-CA/README.md
[09:36:18] Picture infomations saved to global/fr-CA/history/2025/12/13_fr-CA.md
Program exit at 09:36:18

Program started at 16:17:27
Operating System Name: Linux
Operating System Version: #18~24.04.1-Ubuntu SMP Sat Jun 28 04:46:03 UTC 2025
System Architecture: ('64bit', 'ELF')
Computer Type: x86_64
Computer Name: runnervm6qbrg
Processor Type: x86_64
Python Version: 3.12.12
Python Interpreter Name: CPython
[16:17:27] Start geting CN Bing Wallpaper
[16:17:27] Successful get url: https://www.bing.com/th?id=OHR.YosemiteWinter_ZH-CN3824387818_UHD.jpg
[16:17:28] Image saved to img/background.jpg
[16:17:28] Info saved to README.md
[16:17:28] Image saved to history/2025/12/13.md
[16:17:28] Start geting global Bing Wallpaper, region=en-US, local time is 2025-12-12 11:17:28.023018-05:00
[16:17:28] Successful get url: https://www.bing.com/th?id=OHR.SpeckledPoinsettia_EN-US4098165068_UHD.jpg
[16:17:28] Picture infomations saved to  global/en-US/README.md
[16:17:28] Picture infomations saved to global/en-US/history/2025/12/13_en-US.md
[16:17:28] Start geting global Bing Wallpaper, region=ja-JP, local time is 2025-12-13 01:17:28.488788+09:00
[16:17:28] Successful get url: https://www.bing.com/th?id=OHR.YosemiteWinter_JA-JP0378777748_UHD.jpg
[16:17:28] Picture infomations saved to  global/ja-JP/README.md
[16:17:28] Picture infomations saved to global/ja-JP/history/2025/12/13_ja-JP.md
[16:17:28] Start geting global Bing Wallpaper, region=en-IN, local time is 2025-12-12 21:47:28.806283+05:30
[16:17:28] Successful get url: https://www.bing.com/th?id=OHR.SpeckledPoinsettia_EN-IN7588134069_UHD.jpg
[16:17:29] Picture infomations saved to  global/en-IN/README.md
[16:17:29] Picture infomations saved to global/en-IN/history/2025/12/12_en-IN.md
[16:17:29] Start geting global Bing Wallpaper, region=pt-BR, local time is 2025-12-12 13:17:29.125056-03:00
[16:17:29] Successful get url: https://www.bing.com/th?id=OHR.SpeckledPoinsettia_PT-BR8754988281_UHD.jpg
[16:17:29] Picture infomations saved to  global/pt-BR/README.md
[16:17:29] Picture infomations saved to global/pt-BR/history/2025/12/13_pt-BR.md
[16:17:29] Start geting global Bing Wallpaper, region=fr-FR, local time is 2025-12-12 17:17:29.428383+01:00
[16:17:29] Successful get url: https://www.bing.com/th?id=OHR.SpeckledPoinsettia_FR-FR0741474217_UHD.jpg
[16:17:29] Picture infomations saved to  global/fr-FR/README.md
[16:17:29] Picture infomations saved to global/fr-FR/history/2025/12/12_fr-FR.md
[16:17:29] Start geting global Bing Wallpaper, region=de-DE, local time is 2025-12-12 17:17:29.718503+01:00
[16:17:29] Successful get url: https://www.bing.com/th?id=OHR.SpeckledPoinsettia_DE-DE7616872771_UHD.jpg
[16:17:30] Picture infomations saved to  global/de-DE/README.md
[16:17:30] Picture infomations saved to global/de-DE/history/2025/12/12_de-DE.md
[16:17:30] Start geting global Bing Wallpaper, region=en-CA, local time is 2025-12-12 11:17:30.096142-05:00
[16:17:30] Successful get url: https://www.bing.com/th?id=OHR.SuspensionLights_EN-CA1736218976_UHD.jpg
[16:17:30] Picture infomations saved to  global/en-CA/README.md
[16:17:30] Picture infomations saved to global/en-CA/history/2025/12/13_en-CA.md
[16:17:30] Start geting global Bing Wallpaper, region=en-GB, local time is 2025-12-12 16:17:30.499165+00:00
[16:17:30] Successful get url: https://www.bing.com/th?id=OHR.SpeckledPoinsettia_EN-GB9791433495_UHD.jpg
[16:17:30] Picture infomations saved to  global/en-GB/README.md
[16:17:30] Picture infomations saved to global/en-GB/history/2025/12/13_en-GB.md
[16:17:30] Start geting global Bing Wallpaper, region=it-IT, local time is 2025-12-12 17:17:30.813666+01:00
[16:17:30] Successful get url: https://www.bing.com/th?id=OHR.SpeckledPoinsettia_IT-IT1139304078_UHD.jpg
[16:17:31] Picture infomations saved to  global/it-IT/README.md
[16:17:31] Picture infomations saved to global/it-IT/history/2025/12/12_it-IT.md
[16:17:31] Start geting global Bing Wallpaper, region=es-ES, local time is 2025-12-12 17:17:31.148003+01:00
[16:17:31] Successful get url: https://www.bing.com/th?id=OHR.SpeckledPoinsettia_ES-ES3605658250_UHD.jpg
[16:17:31] Picture infomations saved to  global/es-ES/README.md
[16:17:31] Picture infomations saved to global/es-ES/history/2025/12/12_es-ES.md
[16:17:31] Start geting global Bing Wallpaper, region=fr-CA, local time is 2025-12-12 11:17:31.448913-05:00
[16:17:31] Successful get url: https://www.bing.com/th?id=OHR.SuspensionLights_FR-CA6920947835_UHD.jpg
[16:17:31] Picture infomations saved to  global/fr-CA/README.md
[16:17:31] Picture infomations saved to global/fr-CA/history/2025/12/13_fr-CA.md
Program exit at 16:17:31
