
Program started at 09:37:00
Operating System Name: Linux
Operating System Version: #18~24.04.1-Ubuntu SMP Sat Jun 28 04:46:03 UTC 2025
System Architecture: ('64bit', 'ELF')
Computer Type: x86_64
Computer Name: runnervmh13bl
Processor Type: x86_64
Python Version: 3.12.12
Python Interpreter Name: CPython
[09:37:00] Start geting CN Bing Wallpaper
[09:37:00] Successful get url: https://www.bing.com/th?id=OHR.ReindeerFinland_ZH-CN6822163943_UHD.jpg
[09:37:01] Image saved to img/background.jpg
[09:37:01] Info saved to README.md
[09:37:01] Image saved to history/2025/12/23.md
[09:37:01] Start geting global Bing Wallpaper, region=en-US, local time is 2025-12-23 04:37:01.102294-05:00
[09:37:01] Successful get url: https://www.bing.com/th?id=OHR.ReindeerFinland_EN-US5636971050_UHD.jpg
[09:37:01] Picture infomations saved to  global/en-US/README.md
[09:37:01] Picture infomations saved to global/en-US/history/2025/12/24_en-US.md
[09:37:01] Start geting global Bing Wallpaper, region=ja-JP, local time is 2025-12-23 18:37:01.274692+09:00
[09:37:01] Successful get url: https://www.bing.com/th?id=OHR.TokyoTower2025_JA-JP2794529209_UHD.jpg
[09:37:01] Picture infomations saved to  global/ja-JP/README.md
[09:37:01] Picture infomations saved to global/ja-JP/history/2025/12/23_ja-JP.md
[09:37:01] Start geting global Bing Wallpaper, region=en-IN, local time is 2025-12-23 15:07:01.458030+05:30
[09:37:01] Successful get url: https://www.bing.com/th?id=OHR.ReindeerFinland_EN-IN8311415017_UHD.jpg
[09:37:01] Picture infomations saved to  global/en-IN/README.md
[09:37:01] Picture infomations saved to global/en-IN/history/2025/12/23_en-IN.md
[09:37:01] Start geting global Bing Wallpaper, region=pt-BR, local time is 2025-12-23 06:37:01.573491-03:00
[09:37:01] Successful get url: https://www.bing.com/th?id=OHR.ReindeerFinland_PT-BR1670775077_UHD.jpg
[09:37:01] Picture infomations saved to  global/pt-BR/README.md
[09:37:01] Picture infomations saved to global/pt-BR/history/2025/12/24_pt-BR.md
[09:37:01] Start geting global Bing Wallpaper, region=fr-FR, local time is 2025-12-23 10:37:01.700739+01:00
[09:37:01] Successful get url: https://www.bing.com/th?id=OHR.ReindeerFinland_FR-FR2344358270_UHD.jpg
[09:37:01] Picture infomations saved to  global/fr-FR/README.md
[09:37:01] Picture infomations saved to global/fr-FR/history/2025/12/23_fr-FR.md
[09:37:01] Start geting global Bing Wallpaper, region=de-DE, local time is 2025-12-23 10:37:01.815814+01:00
[09:37:01] Successful get url: https://www.bing.com/th?id=OHR.ReindeerFinland_DE-DE2067489685_UHD.jpg
[09:37:01] Picture infomations saved to  global/de-DE/README.md
[09:37:01] Picture infomations saved to global/de-DE/history/2025/12/23_de-DE.md
[09:37:01] Start geting global Bing Wallpaper, region=en-CA, local time is 2025-12-23 04:37:01.944841-05:00
[09:37:01] Successful get url: https://www.bing.com/th?id=OHR.ReindeerFinland_EN-CA1872537703_UHD.jpg
[09:37:02] Picture infomations saved to  global/en-CA/README.md
[09:37:02] Picture infomations saved to global/en-CA/history/2025/12/24_en-CA.md
[09:37:02] Start geting global Bing Wallpaper, region=en-GB, local time is 2025-12-23 09:37:02.076790+00:00
[09:37:02] Successful get url: https://www.bing.com/th?id=OHR.ReindeerFinland_EN-GB1843825252_UHD.jpg
[09:37:02] Picture infomations saved to  global/en-GB/README.md
[09:37:02] Picture infomations saved to global/en-GB/history/2025/12/24_en-GB.md
[09:37:02] Start geting global Bing Wallpaper, region=it-IT, local time is 2025-12-23 10:37:02.208206+01:00
[09:37:02] Successful get url: https://www.bing.com/th?id=OHR.ReindeerFinland_IT-IT0404647782_UHD.jpg
[09:37:02] Picture infomations saved to  global/it-IT/README.md
[09:37:02] Picture infomations saved to global/it-IT/history/2025/12/23_it-IT.md
[09:37:02] Start geting global Bing Wallpaper, region=es-ES, local time is 2025-12-23 10:37:02.345647+01:00
[09:37:02] Successful get url: https://www.bing.com/th?id=OHR.ElmauChapel_ES-ES4634628234_UHD.jpg
[09:37:02] Picture infomations saved to  global/es-ES/README.md
[09:37:02] Picture infomations saved to global/es-ES/history/2025/12/23_es-ES.md
[09:37:02] Start geting global Bing Wallpaper, region=fr-CA, local time is 2025-12-23 04:37:02.488846-05:00
[09:37:02] Successful get url: https://www.bing.com/th?id=OHR.ReindeerFinland_FR-CA1541127830_UHD.jpg
[09:37:02] Picture infomations saved to  global/fr-CA/README.md
[09:37:02] Picture infomations saved to global/fr-CA/history/2025/12/24_fr-CA.md
Program exit at 09:37:02

Program started at 16:19:15
Operating System Name: Linux
Operating System Version: #18~24.04.1-Ubuntu SMP Sat Jun 28 04:46:03 UTC 2025
System Architecture: ('64bit', 'ELF')
Computer Type: x86_64
Computer Name: runnervmh13bl
Processor Type: x86_64
Python Version: 3.12.12
Python Interpreter Name: CPython
[16:19:15] Start geting CN Bing Wallpaper
[16:19:15] Successful get url: https://www.bing.com/th?id=OHR.ElmauChapel_ZH-CN6919330333_UHD.jpg
[16:19:15] Image saved to img/background.jpg
[16:19:15] Info saved to README.md
[16:19:15] Image saved to history/2025/12/24.md
[16:19:15] Start geting global Bing Wallpaper, region=en-US, local time is 2025-12-23 11:19:15.762186-05:00
[16:19:15] Successful get url: https://www.bing.com/th?id=OHR.ReindeerFinland_EN-US5636971050_UHD.jpg
[16:19:15] Picture infomations saved to  global/en-US/README.md
[16:19:15] Picture infomations saved to global/en-US/history/2025/12/24_en-US.md
[16:19:15] Start geting global Bing Wallpaper, region=ja-JP, local time is 2025-12-24 01:19:15.925568+09:00
[16:19:15] Successful get url: https://www.bing.com/th?id=OHR.ElmauChapel_JA-JP2947590238_UHD.jpg
[16:19:16] Picture infomations saved to  global/ja-JP/README.md
[16:19:16] Picture infomations saved to global/ja-JP/history/2025/12/24_ja-JP.md
[16:19:16] Start geting global Bing Wallpaper, region=en-IN, local time is 2025-12-23 21:49:16.152529+05:30
[16:19:16] Successful get url: https://www.bing.com/th?id=OHR.ReindeerFinland_EN-IN8311415017_UHD.jpg
[16:19:16] Picture infomations saved to  global/en-IN/README.md
[16:19:16] Picture infomations saved to global/en-IN/history/2025/12/23_en-IN.md
[16:19:16] Start geting global Bing Wallpaper, region=pt-BR, local time is 2025-12-23 13:19:16.266443-03:00
[16:19:16] Successful get url: https://www.bing.com/th?id=OHR.ReindeerFinland_PT-BR1670775077_UHD.jpg
[16:19:16] Picture infomations saved to  global/pt-BR/README.md
[16:19:16] Picture infomations saved to global/pt-BR/history/2025/12/24_pt-BR.md
[16:19:16] Start geting global Bing Wallpaper, region=fr-FR, local time is 2025-12-23 17:19:16.433931+01:00
[16:19:16] Successful get url: https://www.bing.com/th?id=OHR.ReindeerFinland_FR-FR2344358270_UHD.jpg
[16:19:16] Picture infomations saved to  global/fr-FR/README.md
[16:19:16] Picture infomations saved to global/fr-FR/history/2025/12/23_fr-FR.md
[16:19:16] Start geting global Bing Wallpaper, region=de-DE, local time is 2025-12-23 17:19:16.584880+01:00
[16:19:16] Successful get url: https://www.bing.com/th?id=OHR.ReindeerFinland_DE-DE2067489685_UHD.jpg
[16:19:16] Picture infomations saved to  global/de-DE/README.md
[16:19:16] Picture infomations saved to global/de-DE/history/2025/12/23_de-DE.md
[16:19:16] Start geting global Bing Wallpaper, region=en-CA, local time is 2025-12-23 11:19:16.734631-05:00
[16:19:16] Successful get url: https://www.bing.com/th?id=OHR.ReindeerFinland_EN-CA1872537703_UHD.jpg
[16:19:16] Picture infomations saved to  global/en-CA/README.md
[16:19:16] Picture infomations saved to global/en-CA/history/2025/12/24_en-CA.md
[16:19:16] Start geting global Bing Wallpaper, region=en-GB, local time is 2025-12-23 16:19:16.866022+00:00
[16:19:16] Successful get url: https://www.bing.com/th?id=OHR.ReindeerFinland_EN-GB1843825252_UHD.jpg
[16:19:17] Picture infomations saved to  global/en-GB/README.md
[16:19:17] Picture infomations saved to global/en-GB/history/2025/12/24_en-GB.md
[16:19:17] Start geting global Bing Wallpaper, region=it-IT, local time is 2025-12-23 17:19:17.062088+01:00
[16:19:17] Successful get url: https://www.bing.com/th?id=OHR.ReindeerFinland_IT-IT0404647782_UHD.jpg
[16:19:17] Picture infomations saved to  global/it-IT/README.md
[16:19:17] Picture infomations saved to global/it-IT/history/2025/12/23_it-IT.md
[16:19:17] Start geting global Bing Wallpaper, region=es-ES, local time is 2025-12-23 17:19:17.190449+01:00
[16:19:17] Successful get url: https://www.bing.com/th?id=OHR.ElmauChapel_ES-ES4634628234_UHD.jpg
[16:19:17] Picture infomations saved to  global/es-ES/README.md
[16:19:17] Picture infomations saved to global/es-ES/history/2025/12/23_es-ES.md
[16:19:17] Start geting global Bing Wallpaper, region=fr-CA, local time is 2025-12-23 11:19:17.312122-05:00
[16:19:17] Successful get url: https://www.bing.com/th?id=OHR.ReindeerFinland_FR-CA1541127830_UHD.jpg
[16:19:17] Picture infomations saved to  global/fr-CA/README.md
[16:19:17] Picture infomations saved to global/fr-CA/history/2025/12/24_fr-CA.md
Program exit at 16:19:17
