
Program started at 09:37:26
Operating System Name: Linux
Operating System Version: #18~24.04.1-Ubuntu SMP Sat Jun 28 04:46:03 UTC 2025
System Architecture: ('64bit', 'ELF')
Computer Type: x86_64
Computer Name: runnervm6qbrg
Processor Type: x86_64
Python Version: 3.12.12
Python Interpreter Name: CPython
[09:37:26] Start geting CN Bing Wallpaper
[09:37:26] Successful get url: https://www.bing.com/th?id=OHR.EverestGlow_ZH-CN4985720231_UHD.jpg
[09:37:27] Image saved to img/background.jpg
[09:37:27] Info saved to README.md
[09:37:27] Image saved to history/2025/12/11.md
[09:37:27] Start geting global Bing Wallpaper, region=en-US, local time is 2025-12-11 04:37:27.018443-05:00
[09:37:27] Successful get url: https://www.bing.com/th?id=OHR.EverestGlow_EN-US6131667612_UHD.jpg
[09:37:27] Picture infomations saved to  global/en-US/README.md
[09:37:27] Picture infomations saved to global/en-US/history/2025/12/12_en-US.md
[09:37:27] Start geting global Bing Wallpaper, region=ja-JP, local time is 2025-12-11 18:37:27.145727+09:00
[09:37:27] Successful get url: https://www.bing.com/th?id=OHR.EverestGlow_JA-JP3566583579_UHD.jpg
[09:37:27] Picture infomations saved to  global/ja-JP/README.md
[09:37:27] Picture infomations saved to global/ja-JP/history/2025/12/11_ja-JP.md
[09:37:27] Start geting global Bing Wallpaper, region=en-IN, local time is 2025-12-11 15:07:27.277853+05:30
[09:37:27] Successful get url: https://www.bing.com/th?id=OHR.EverestGlow_EN-IN2485244668_UHD.jpg
[09:37:27] Picture infomations saved to  global/en-IN/README.md
[09:37:27] Picture infomations saved to global/en-IN/history/2025/12/11_en-IN.md
[09:37:27] Start geting global Bing Wallpaper, region=pt-BR, local time is 2025-12-11 06:37:27.426261-03:00
[09:37:27] Successful get url: https://www.bing.com/th?id=OHR.EverestGlow_PT-BR2321595835_UHD.jpg
[09:37:27] Picture infomations saved to  global/pt-BR/README.md
[09:37:27] Picture infomations saved to global/pt-BR/history/2025/12/12_pt-BR.md
[09:37:27] Start geting global Bing Wallpaper, region=fr-FR, local time is 2025-12-11 10:37:27.634845+01:00
[09:37:27] Successful get url: https://www.bing.com/th?id=OHR.EverestGlow_FR-FR9669906927_UHD.jpg
[09:37:27] Picture infomations saved to  global/fr-FR/README.md
[09:37:27] Picture infomations saved to global/fr-FR/history/2025/12/11_fr-FR.md
[09:37:27] Start geting global Bing Wallpaper, region=de-DE, local time is 2025-12-11 10:37:27.771433+01:00
[09:37:27] Successful get url: https://www.bing.com/th?id=OHR.EverestGlow_DE-DE5000653393_UHD.jpg
[09:37:27] Picture infomations saved to  global/de-DE/README.md
[09:37:27] Picture infomations saved to global/de-DE/history/2025/12/11_de-DE.md
[09:37:27] Start geting global Bing Wallpaper, region=en-CA, local time is 2025-12-11 04:37:27.904187-05:00
[09:37:28] Successful get url: https://www.bing.com/th?id=OHR.EverestGlow_EN-CA4280192102_UHD.jpg
[09:37:28] Picture infomations saved to  global/en-CA/README.md
[09:37:28] Picture infomations saved to global/en-CA/history/2025/12/12_en-CA.md
[09:37:28] Start geting global Bing Wallpaper, region=en-GB, local time is 2025-12-11 09:37:28.238774+00:00
[09:37:28] Successful get url: https://www.bing.com/th?id=OHR.EverestGlow_EN-GB7184566187_UHD.jpg
[09:37:28] Picture infomations saved to  global/en-GB/README.md
[09:37:28] Picture infomations saved to global/en-GB/history/2025/12/12_en-GB.md
[09:37:28] Start geting global Bing Wallpaper, region=it-IT, local time is 2025-12-11 10:37:28.363216+01:00
[09:37:28] Successful get url: https://www.bing.com/th?id=OHR.EverestGlow_IT-IT0574844074_UHD.jpg
[09:37:28] Picture infomations saved to  global/it-IT/README.md
[09:37:28] Picture infomations saved to global/it-IT/history/2025/12/11_it-IT.md
[09:37:28] Start geting global Bing Wallpaper, region=es-ES, local time is 2025-12-11 10:37:28.494626+01:00
[09:37:28] Successful get url: https://www.bing.com/th?id=OHR.EverestGlow_ES-ES2074158502_UHD.jpg
[09:37:28] Picture infomations saved to  global/es-ES/README.md
[09:37:28] Picture infomations saved to global/es-ES/history/2025/12/11_es-ES.md
[09:37:28] Start geting global Bing Wallpaper, region=fr-CA, local time is 2025-12-11 04:37:28.636412-05:00
[09:37:28] Successful get url: https://www.bing.com/th?id=OHR.EverestGlow_FR-CA8671922583_UHD.jpg
[09:37:28] Picture infomations saved to  global/fr-CA/README.md
[09:37:28] Picture infomations saved to global/fr-CA/history/2025/12/12_fr-CA.md
Program exit at 09:37:28

Program started at 16:21:01
Operating System Name: Linux
Operating System Version: #18~24.04.1-Ubuntu SMP Sat Jun 28 04:46:03 UTC 2025
System Architecture: ('64bit', 'ELF')
Computer Type: x86_64
Computer Name: runnervm6qbrg
Processor Type: x86_64
Python Version: 3.12.12
Python Interpreter Name: CPython
[16:21:01] Start geting CN Bing Wallpaper
[16:21:01] Successful get url: https://www.bing.com/th?id=OHR.SpeckledPoinsettia_ZH-CN3726763235_UHD.jpg
[16:21:01] Image saved to img/background.jpg
[16:21:01] Info saved to README.md
[16:21:01] Image saved to history/2025/12/12.md
[16:21:01] Start geting global Bing Wallpaper, region=en-US, local time is 2025-12-11 11:21:01.886434-05:00
[16:21:02] Successful get url: https://www.bing.com/th?id=OHR.EverestGlow_EN-US6131667612_UHD.jpg
[16:21:02] Picture infomations saved to  global/en-US/README.md
[16:21:02] Picture infomations saved to global/en-US/history/2025/12/12_en-US.md
[16:21:02] Start geting global Bing Wallpaper, region=ja-JP, local time is 2025-12-12 01:21:02.096991+09:00
[16:21:02] Successful get url: https://www.bing.com/th?id=OHR.SpeckledPoinsettia_JA-JP0214216812_UHD.jpg
[16:21:02] Picture infomations saved to  global/ja-JP/README.md
[16:21:02] Picture infomations saved to global/ja-JP/history/2025/12/12_ja-JP.md
[16:21:02] Start geting global Bing Wallpaper, region=en-IN, local time is 2025-12-11 21:51:02.328241+05:30
[16:21:02] Successful get url: https://www.bing.com/th?id=OHR.EverestGlow_EN-IN2485244668_UHD.jpg
[16:21:02] Picture infomations saved to  global/en-IN/README.md
[16:21:02] Picture infomations saved to global/en-IN/history/2025/12/11_en-IN.md
[16:21:02] Start geting global Bing Wallpaper, region=pt-BR, local time is 2025-12-11 13:21:02.500671-03:00
[16:21:02] Successful get url: https://www.bing.com/th?id=OHR.EverestGlow_PT-BR2321595835_UHD.jpg
[16:21:02] Picture infomations saved to  global/pt-BR/README.md
[16:21:02] Picture infomations saved to global/pt-BR/history/2025/12/12_pt-BR.md
[16:21:02] Start geting global Bing Wallpaper, region=fr-FR, local time is 2025-12-11 17:21:02.647658+01:00
[16:21:02] Successful get url: https://www.bing.com/th?id=OHR.EverestGlow_FR-FR9669906927_UHD.jpg
[16:21:02] Picture infomations saved to  global/fr-FR/README.md
[16:21:02] Picture infomations saved to global/fr-FR/history/2025/12/11_fr-FR.md
[16:21:02] Start geting global Bing Wallpaper, region=de-DE, local time is 2025-12-11 17:21:02.788545+01:00
[16:21:02] Successful get url: https://www.bing.com/th?id=OHR.EverestGlow_DE-DE5000653393_UHD.jpg
[16:21:03] Picture infomations saved to  global/de-DE/README.md
[16:21:03] Picture infomations saved to global/de-DE/history/2025/12/11_de-DE.md
[16:21:03] Start geting global Bing Wallpaper, region=en-CA, local time is 2025-12-11 11:21:03.052268-05:00
[16:21:03] Successful get url: https://www.bing.com/th?id=OHR.EverestGlow_EN-CA4280192102_UHD.jpg
[16:21:03] Picture infomations saved to  global/en-CA/README.md
[16:21:03] Picture infomations saved to global/en-CA/history/2025/12/12_en-CA.md
[16:21:03] Start geting global Bing Wallpaper, region=en-GB, local time is 2025-12-11 16:21:03.190238+00:00
[16:21:03] Successful get url: https://www.bing.com/th?id=OHR.EverestGlow_EN-GB7184566187_UHD.jpg
[16:21:03] Picture infomations saved to  global/en-GB/README.md
[16:21:03] Picture infomations saved to global/en-GB/history/2025/12/12_en-GB.md
[16:21:03] Start geting global Bing Wallpaper, region=it-IT, local time is 2025-12-11 17:21:03.344408+01:00
[16:21:03] Successful get url: https://www.bing.com/th?id=OHR.EverestGlow_IT-IT0574844074_UHD.jpg
[16:21:04] Picture infomations saved to  global/it-IT/README.md
[16:21:04] Picture infomations saved to global/it-IT/history/2025/12/11_it-IT.md
[16:21:04] Start geting global Bing Wallpaper, region=es-ES, local time is 2025-12-11 17:21:04.044764+01:00
[16:21:04] Successful get url: https://www.bing.com/th?id=OHR.EverestGlow_ES-ES2074158502_UHD.jpg
[16:21:04] Picture infomations saved to  global/es-ES/README.md
[16:21:04] Picture infomations saved to global/es-ES/history/2025/12/11_es-ES.md
[16:21:04] Start geting global Bing Wallpaper, region=fr-CA, local time is 2025-12-11 11:21:04.192584-05:00
[16:21:04] Successful get url: https://www.bing.com/th?id=OHR.EverestGlow_FR-CA8671922583_UHD.jpg
[16:21:04] Picture infomations saved to  global/fr-CA/README.md
[16:21:04] Picture infomations saved to global/fr-CA/history/2025/12/12_fr-CA.md
Program exit at 16:21:04
