
Program started at 09:37:36
Operating System Name: Linux
Operating System Version: #18~24.04.1-Ubuntu SMP Sat Jun 28 04:46:03 UTC 2025
System Architecture: ('64bit', 'ELF')
Computer Type: x86_64
Computer Name: runnervm6qbrg
Processor Type: x86_64
Python Version: 3.12.12
Python Interpreter Name: CPython
[09:37:36] Start geting CN Bing Wallpaper
[09:37:36] Successful get url: https://www.bing.com/th?id=OHR.ChristmasGnomes_ZH-CN4405839101_UHD.jpg
[09:37:36] Image saved to img/background.jpg
[09:37:36] Info saved to README.md
[09:37:36] Image saved to history/2025/12/16.md
[09:37:36] Start geting global Bing Wallpaper, region=en-US, local time is 2025-12-16 04:37:36.592883-05:00
[09:37:36] Successful get url: https://www.bing.com/th?id=OHR.ChristmasGnomes_EN-US5094302697_UHD.jpg
[09:37:36] Picture infomations saved to  global/en-US/README.md
[09:37:36] Picture infomations saved to global/en-US/history/2025/12/17_en-US.md
[09:37:36] Start geting global Bing Wallpaper, region=ja-JP, local time is 2025-12-16 18:37:36.797278+09:00
[09:37:36] Successful get url: https://www.bing.com/th?id=OHR.ChristmasGnomes_JA-JP0954643924_UHD.jpg
[09:37:36] Picture infomations saved to  global/ja-JP/README.md
[09:37:36] Picture infomations saved to global/ja-JP/history/2025/12/16_ja-JP.md
[09:37:36] Start geting global Bing Wallpaper, region=en-IN, local time is 2025-12-16 15:07:36.950234+05:30
[09:37:37] Successful get url: https://www.bing.com/th?id=OHR.ChristmasGnomes_EN-IN6386449553_UHD.jpg
[09:37:37] Picture infomations saved to  global/en-IN/README.md
[09:37:37] Picture infomations saved to global/en-IN/history/2025/12/16_en-IN.md
[09:37:37] Start geting global Bing Wallpaper, region=pt-BR, local time is 2025-12-16 06:37:37.154622-03:00
[09:37:37] Successful get url: https://www.bing.com/th?id=OHR.ChristmasGnomes_PT-BR4901751398_UHD.jpg
[09:37:37] Picture infomations saved to  global/pt-BR/README.md
[09:37:37] Picture infomations saved to global/pt-BR/history/2025/12/17_pt-BR.md
[09:37:37] Start geting global Bing Wallpaper, region=fr-FR, local time is 2025-12-16 10:37:37.366384+01:00
[09:37:37] Successful get url: https://www.bing.com/th?id=OHR.ChristmasGnomes_FR-FR4723574609_UHD.jpg
[09:37:37] Picture infomations saved to  global/fr-FR/README.md
[09:37:37] Picture infomations saved to global/fr-FR/history/2025/12/16_fr-FR.md
[09:37:37] Start geting global Bing Wallpaper, region=de-DE, local time is 2025-12-16 10:37:37.570035+01:00
[09:37:37] Successful get url: https://www.bing.com/th?id=OHR.ChristmasGnomes_DE-DE8958661114_UHD.jpg
[09:37:37] Picture infomations saved to  global/de-DE/README.md
[09:37:37] Picture infomations saved to global/de-DE/history/2025/12/16_de-DE.md
[09:37:37] Start geting global Bing Wallpaper, region=en-CA, local time is 2025-12-16 04:37:37.768741-05:00
[09:37:37] Successful get url: https://www.bing.com/th?id=OHR.ChristmasGnomes_EN-CA0774102277_UHD.jpg
[09:37:37] Picture infomations saved to  global/en-CA/README.md
[09:37:37] Picture infomations saved to global/en-CA/history/2025/12/17_en-CA.md
[09:37:37] Start geting global Bing Wallpaper, region=en-GB, local time is 2025-12-16 09:37:37.925913+00:00
[09:37:37] Successful get url: https://www.bing.com/th?id=OHR.ChristmasGnomes_EN-GB0782931323_UHD.jpg
[09:37:38] Picture infomations saved to  global/en-GB/README.md
[09:37:38] Picture infomations saved to global/en-GB/history/2025/12/17_en-GB.md
[09:37:38] Start geting global Bing Wallpaper, region=it-IT, local time is 2025-12-16 10:37:38.142435+01:00
[09:37:38] Successful get url: https://www.bing.com/th?id=OHR.ItalySpaceDay_IT-IT1038189118_UHD.jpg
[09:37:38] Picture infomations saved to  global/it-IT/README.md
[09:37:38] Picture infomations saved to global/it-IT/history/2025/12/16_it-IT.md
[09:37:38] Start geting global Bing Wallpaper, region=es-ES, local time is 2025-12-16 10:37:38.320717+01:00
[09:37:38] Successful get url: https://www.bing.com/th?id=OHR.ChristmasGnomes_ES-ES4014499424_UHD.jpg
[09:37:38] Picture infomations saved to  global/es-ES/README.md
[09:37:38] Picture infomations saved to global/es-ES/history/2025/12/16_es-ES.md
[09:37:38] Start geting global Bing Wallpaper, region=fr-CA, local time is 2025-12-16 04:37:38.512060-05:00
[09:37:38] Successful get url: https://www.bing.com/th?id=OHR.ChristmasGnomes_FR-CA9024355683_UHD.jpg
[09:37:38] Picture infomations saved to  global/fr-CA/README.md
[09:37:38] Picture infomations saved to global/fr-CA/history/2025/12/17_fr-CA.md
Program exit at 09:37:38
