
Program started at 09:35:53
Operating System Name: Linux
Operating System Version: #18~24.04.1-Ubuntu SMP Sat Jun 28 04:46:03 UTC 2025
System Architecture: ('64bit', 'ELF')
Computer Type: x86_64
Computer Name: runnervmoqczp
Processor Type: x86_64
Python Version: 3.12.12
Python Interpreter Name: CPython
[09:35:53] Start geting CN Bing Wallpaper
[09:35:53] Successful get url: https://www.bing.com/th?id=OHR.CheetahMound_ZH-CN1970221812_UHD.jpg
[09:35:53] Image saved to img/background.jpg
[09:35:53] Info saved to README.md
[09:35:53] Image saved to history/2025/12/04.md
[09:35:53] Start geting global Bing Wallpaper, region=en-US, local time is 2025-12-04 04:35:53.399269-05:00
[09:35:53] Successful get url: https://www.bing.com/th?id=OHR.CheetahMound_EN-US5447540393_UHD.jpg
[09:35:53] Picture infomations saved to  global/en-US/README.md
[09:35:53] Picture infomations saved to global/en-US/history/2025/12/05_en-US.md
[09:35:53] Start geting global Bing Wallpaper, region=ja-JP, local time is 2025-12-04 18:35:53.551318+09:00
[09:35:53] Successful get url: https://www.bing.com/th?id=OHR.CheetahMound_JA-JP6984308413_UHD.jpg
[09:35:53] Picture infomations saved to  global/ja-JP/README.md
[09:35:53] Picture infomations saved to global/ja-JP/history/2025/12/04_ja-JP.md
[09:35:53] Start geting global Bing Wallpaper, region=en-IN, local time is 2025-12-04 15:05:53.733138+05:30
[09:35:53] Successful get url: https://www.bing.com/th?id=OHR.IndianNavyDay2025_EN-IN1202327501_UHD.jpg
[09:35:53] Picture infomations saved to  global/en-IN/README.md
[09:35:53] Picture infomations saved to global/en-IN/history/2025/12/04_en-IN.md
[09:35:53] Start geting global Bing Wallpaper, region=pt-BR, local time is 2025-12-04 06:35:53.895296-03:00
[09:35:53] Successful get url: https://www.bing.com/th?id=OHR.CheetahMound_PT-BR1635774221_UHD.jpg
[09:35:54] Picture infomations saved to  global/pt-BR/README.md
[09:35:54] Picture infomations saved to global/pt-BR/history/2025/12/05_pt-BR.md
[09:35:54] Start geting global Bing Wallpaper, region=fr-FR, local time is 2025-12-04 10:35:54.029503+01:00
[09:35:54] Successful get url: https://www.bing.com/th?id=OHR.CheetahMound_FR-FR7890726905_UHD.jpg
[09:35:54] Picture infomations saved to  global/fr-FR/README.md
[09:35:54] Picture infomations saved to global/fr-FR/history/2025/12/04_fr-FR.md
[09:35:54] Start geting global Bing Wallpaper, region=de-DE, local time is 2025-12-04 10:35:54.183006+01:00
[09:35:54] Successful get url: https://www.bing.com/th?id=OHR.CheetahMound_DE-DE6320566908_UHD.jpg
[09:35:54] Picture infomations saved to  global/de-DE/README.md
[09:35:54] Picture infomations saved to global/de-DE/history/2025/12/04_de-DE.md
[09:35:54] Start geting global Bing Wallpaper, region=en-CA, local time is 2025-12-04 04:35:54.335784-05:00
[09:35:54] Successful get url: https://www.bing.com/th?id=OHR.CheetahMound_EN-CA6737537090_UHD.jpg
[09:35:54] Picture infomations saved to  global/en-CA/README.md
[09:35:54] Picture infomations saved to global/en-CA/history/2025/12/05_en-CA.md
[09:35:54] Start geting global Bing Wallpaper, region=en-GB, local time is 2025-12-04 09:35:54.477644+00:00
[09:35:55] Successful get url: https://www.bing.com/th?id=OHR.CheetahMound_EN-GB6062998879_UHD.jpg
[09:35:55] Picture infomations saved to  global/en-GB/README.md
[09:35:55] Picture infomations saved to global/en-GB/history/2025/12/05_en-GB.md
[09:35:55] Start geting global Bing Wallpaper, region=it-IT, local time is 2025-12-04 10:35:55.715616+01:00
[09:35:55] Successful get url: https://www.bing.com/th?id=OHR.CheetahMound_IT-IT9936285996_UHD.jpg
[09:35:55] Picture infomations saved to  global/it-IT/README.md
[09:35:55] Picture infomations saved to global/it-IT/history/2025/12/04_it-IT.md
[09:35:55] Start geting global Bing Wallpaper, region=es-ES, local time is 2025-12-04 10:35:55.889368+01:00
[09:35:55] Successful get url: https://www.bing.com/th?id=OHR.CheetahMound_ES-ES1632145491_UHD.jpg
[09:35:56] Picture infomations saved to  global/es-ES/README.md
[09:35:56] Picture infomations saved to global/es-ES/history/2025/12/04_es-ES.md
[09:35:56] Start geting global Bing Wallpaper, region=fr-CA, local time is 2025-12-04 04:35:56.040342-05:00
[09:35:56] Successful get url: https://www.bing.com/th?id=OHR.CheetahMound_FR-CA5750613409_UHD.jpg
[09:35:56] Picture infomations saved to  global/fr-CA/README.md
[09:35:56] Picture infomations saved to global/fr-CA/history/2025/12/05_fr-CA.md
Program exit at 09:35:56

Program started at 16:20:24
Operating System Name: Linux
Operating System Version: #18~24.04.1-Ubuntu SMP Sat Jun 28 04:46:03 UTC 2025
System Architecture: ('64bit', 'ELF')
Computer Type: x86_64
Computer Name: runnervmoqczp
Processor Type: x86_64
Python Version: 3.12.12
Python Interpreter Name: CPython
[16:20:24] Start geting CN Bing Wallpaper
[16:20:24] Successful get url: https://www.bing.com/th?id=OHR.CopanRuins_ZH-CN2157795324_UHD.jpg
[16:20:24] Image saved to img/background.jpg
[16:20:24] Info saved to README.md
[16:20:24] Image saved to history/2025/12/05.md
[16:20:24] Start geting global Bing Wallpaper, region=en-US, local time is 2025-12-04 11:20:24.830872-05:00
[16:20:24] Successful get url: https://www.bing.com/th?id=OHR.CheetahMound_EN-US5447540393_UHD.jpg
[16:20:24] Picture infomations saved to  global/en-US/README.md
[16:20:24] Picture infomations saved to global/en-US/history/2025/12/05_en-US.md
[16:20:24] Start geting global Bing Wallpaper, region=ja-JP, local time is 2025-12-05 01:20:24.967767+09:00
[16:20:25] Successful get url: https://www.bing.com/th?id=OHR.CopanRuins_JA-JP2710848355_UHD.jpg
[16:20:25] Picture infomations saved to  global/ja-JP/README.md
[16:20:25] Picture infomations saved to global/ja-JP/history/2025/12/05_ja-JP.md
[16:20:25] Start geting global Bing Wallpaper, region=en-IN, local time is 2025-12-04 21:50:25.149035+05:30
[16:20:25] Successful get url: https://www.bing.com/th?id=OHR.IndianNavyDay2025_EN-IN1202327501_UHD.jpg
[16:20:25] Picture infomations saved to  global/en-IN/README.md
[16:20:25] Picture infomations saved to global/en-IN/history/2025/12/04_en-IN.md
[16:20:25] Start geting global Bing Wallpaper, region=pt-BR, local time is 2025-12-04 13:20:25.345353-03:00
[16:20:25] Successful get url: https://www.bing.com/th?id=OHR.CheetahMound_PT-BR1635774221_UHD.jpg
[16:20:25] Picture infomations saved to  global/pt-BR/README.md
[16:20:25] Picture infomations saved to global/pt-BR/history/2025/12/05_pt-BR.md
[16:20:25] Start geting global Bing Wallpaper, region=fr-FR, local time is 2025-12-04 17:20:25.516086+01:00
[16:20:25] Successful get url: https://www.bing.com/th?id=OHR.CheetahMound_FR-FR7890726905_UHD.jpg
[16:20:25] Picture infomations saved to  global/fr-FR/README.md
[16:20:25] Picture infomations saved to global/fr-FR/history/2025/12/04_fr-FR.md
[16:20:25] Start geting global Bing Wallpaper, region=de-DE, local time is 2025-12-04 17:20:25.652660+01:00
[16:20:25] Successful get url: https://www.bing.com/th?id=OHR.CheetahMound_DE-DE6320566908_UHD.jpg
[16:20:25] Picture infomations saved to  global/de-DE/README.md
[16:20:25] Picture infomations saved to global/de-DE/history/2025/12/04_de-DE.md
[16:20:25] Start geting global Bing Wallpaper, region=en-CA, local time is 2025-12-04 11:20:25.852200-05:00
[16:20:25] Successful get url: https://www.bing.com/th?id=OHR.CheetahMound_EN-CA6737537090_UHD.jpg
[16:20:26] Picture infomations saved to  global/en-CA/README.md
[16:20:26] Picture infomations saved to global/en-CA/history/2025/12/05_en-CA.md
[16:20:26] Start geting global Bing Wallpaper, region=en-GB, local time is 2025-12-04 16:20:26.054117+00:00
[16:20:26] Successful get url: https://www.bing.com/th?id=OHR.CheetahMound_EN-GB6062998879_UHD.jpg
[16:20:26] Picture infomations saved to  global/en-GB/README.md
[16:20:26] Picture infomations saved to global/en-GB/history/2025/12/05_en-GB.md
[16:20:26] Start geting global Bing Wallpaper, region=it-IT, local time is 2025-12-04 17:20:26.188976+01:00
[16:20:26] Successful get url: https://www.bing.com/th?id=OHR.CheetahMound_IT-IT9936285996_UHD.jpg
[16:20:26] Picture infomations saved to  global/it-IT/README.md
[16:20:26] Picture infomations saved to global/it-IT/history/2025/12/04_it-IT.md
[16:20:26] Start geting global Bing Wallpaper, region=es-ES, local time is 2025-12-04 17:20:26.319677+01:00
[16:20:26] Successful get url: https://www.bing.com/th?id=OHR.CheetahMound_ES-ES1632145491_UHD.jpg
[16:20:26] Picture infomations saved to  global/es-ES/README.md
[16:20:26] Picture infomations saved to global/es-ES/history/2025/12/04_es-ES.md
[16:20:26] Start geting global Bing Wallpaper, region=fr-CA, local time is 2025-12-04 11:20:26.518782-05:00
[16:20:26] Successful get url: https://www.bing.com/th?id=OHR.CheetahMound_FR-CA5750613409_UHD.jpg
[16:20:26] Picture infomations saved to  global/fr-CA/README.md
[16:20:26] Picture infomations saved to global/fr-CA/history/2025/12/05_fr-CA.md
Program exit at 16:20:26
