
Program started at 09:35:25
Operating System Name: Linux
Operating System Version: #18~24.04.1-Ubuntu SMP Sat Jun 28 04:46:03 UTC 2025
System Architecture: ('64bit', 'ELF')
Computer Type: x86_64
Computer Name: runnervmoqczp
Processor Type: x86_64
Python Version: 3.12.12
Python Interpreter Name: CPython
[09:35:25] Start geting CN Bing Wallpaper
[09:35:25] Successful get url: https://www.bing.com/th?id=OHR.LlamaDay_ZH-CN2646855786_UHD.jpg
[09:35:25] Image saved to img/background.jpg
[09:35:25] Info saved to README.md
[09:35:25] Image saved to history/2025/12/09.md
[09:35:25] Start geting global Bing Wallpaper, region=en-US, local time is 2025-12-09 04:35:25.893951-05:00
[09:35:25] Successful get url: https://www.bing.com/th?id=OHR.LlamaDay_EN-US5971354659_UHD.jpg
[09:35:26] Picture infomations saved to  global/en-US/README.md
[09:35:26] Picture infomations saved to global/en-US/history/2025/12/10_en-US.md
[09:35:26] Start geting global Bing Wallpaper, region=ja-JP, local time is 2025-12-09 18:35:26.065077+09:00
[09:35:26] Successful get url: https://www.bing.com/th?id=OHR.LlamaDay_JA-JP7586440652_UHD.jpg
[09:35:26] Picture infomations saved to  global/ja-JP/README.md
[09:35:26] Picture infomations saved to global/ja-JP/history/2025/12/09_ja-JP.md
[09:35:26] Start geting global Bing Wallpaper, region=en-IN, local time is 2025-12-09 15:05:26.190303+05:30
[09:35:26] Successful get url: https://www.bing.com/th?id=OHR.LlamaDay_EN-IN2162059613_UHD.jpg
[09:35:26] Picture infomations saved to  global/en-IN/README.md
[09:35:26] Picture infomations saved to global/en-IN/history/2025/12/09_en-IN.md
[09:35:26] Start geting global Bing Wallpaper, region=pt-BR, local time is 2025-12-09 06:35:26.299618-03:00
[09:35:26] Successful get url: https://www.bing.com/th?id=OHR.LlamaDay_PT-BR1735380490_UHD.jpg
[09:35:26] Picture infomations saved to  global/pt-BR/README.md
[09:35:26] Picture infomations saved to global/pt-BR/history/2025/12/10_pt-BR.md
[09:35:26] Start geting global Bing Wallpaper, region=fr-FR, local time is 2025-12-09 10:35:26.423548+01:00
[09:35:26] Successful get url: https://www.bing.com/th?id=OHR.LlamaDay_FR-FR9248267589_UHD.jpg
[09:35:26] Picture infomations saved to  global/fr-FR/README.md
[09:35:26] Picture infomations saved to global/fr-FR/history/2025/12/09_fr-FR.md
[09:35:26] Start geting global Bing Wallpaper, region=de-DE, local time is 2025-12-09 10:35:26.534249+01:00
[09:35:26] Successful get url: https://www.bing.com/th?id=OHR.LlamaDay_DE-DE8597548065_UHD.jpg
[09:35:26] Picture infomations saved to  global/de-DE/README.md
[09:35:26] Picture infomations saved to global/de-DE/history/2025/12/09_de-DE.md
[09:35:26] Start geting global Bing Wallpaper, region=en-CA, local time is 2025-12-09 04:35:26.661794-05:00
[09:35:26] Successful get url: https://www.bing.com/th?id=OHR.LlamaDay_EN-CA2711777961_UHD.jpg
[09:35:26] Picture infomations saved to  global/en-CA/README.md
[09:35:26] Picture infomations saved to global/en-CA/history/2025/12/10_en-CA.md
[09:35:26] Start geting global Bing Wallpaper, region=en-GB, local time is 2025-12-09 09:35:26.783149+00:00
[09:35:26] Successful get url: https://www.bing.com/th?id=OHR.LlamaDay_EN-GB8598553400_UHD.jpg
[09:35:26] Picture infomations saved to  global/en-GB/README.md
[09:35:26] Picture infomations saved to global/en-GB/history/2025/12/10_en-GB.md
[09:35:26] Start geting global Bing Wallpaper, region=it-IT, local time is 2025-12-09 10:35:26.894649+01:00
[09:35:26] Successful get url: https://www.bing.com/th?id=OHR.LlamaDay_IT-IT0450906187_UHD.jpg
[09:35:27] Picture infomations saved to  global/it-IT/README.md
[09:35:27] Picture infomations saved to global/it-IT/history/2025/12/09_it-IT.md
[09:35:27] Start geting global Bing Wallpaper, region=es-ES, local time is 2025-12-09 10:35:27.022997+01:00
[09:35:27] Successful get url: https://www.bing.com/th?id=OHR.LlamaDay_ES-ES5630891489_UHD.jpg
[09:35:27] Picture infomations saved to  global/es-ES/README.md
[09:35:27] Picture infomations saved to global/es-ES/history/2025/12/09_es-ES.md
[09:35:27] Start geting global Bing Wallpaper, region=fr-CA, local time is 2025-12-09 04:35:27.138694-05:00
[09:35:27] Successful get url: https://www.bing.com/th?id=OHR.LlamaDay_FR-CA8121646684_UHD.jpg
[09:35:27] Picture infomations saved to  global/fr-CA/README.md
[09:35:27] Picture infomations saved to global/fr-CA/history/2025/12/10_fr-CA.md
Program exit at 09:35:27
