
Program started at 09:26:11
Operating System Name: Linux
Operating System Version: #25~22.04.1-Ubuntu SMP Mon Jun 17 18:38:57 UTC 2024
System Architecture: ('64bit', 'ELF')
Computer Type: x86_64
Computer Name: fv-az1567-925
Processor Type: x86_64
Python Version: 3.12.4
Python Interpreter Name: CPython
[09:26:11] Start geting CN Bing Wallpaper
[09:26:11] Successful get url: https://www.bing.com/th?id=OHR.SmokyMountainTrail_ZH-CN4691667074_UHD.jpg
[09:26:11] Image saved to img/background.jpg
[09:26:11] Info saved to README.md
[09:26:11] Image saved to history/2024/07/25.md
[09:26:11] Start geting global Bing Wallpaper, region=en-US, local time is 2024-07-25 05:26:11.749044-04:00
[09:26:11] Successful get url: https://www.bing.com/th?id=OHR.SmokyMountainTrail_EN-US9730767535_UHD.jpg
[09:26:12] Picture infomations saved to  global/en-US/README.md
[09:26:12] Picture infomations saved to global/en-US/history/2024/07/26_en-US.md
[09:26:12] Start geting global Bing Wallpaper, region=ja-JP, local time is 2024-07-25 18:26:12.153169+09:00
[09:26:12] Successful get url: https://www.bing.com/th?id=OHR.SmokyMountainTrail_JA-JP3526148027_UHD.jpg
[09:26:12] Picture infomations saved to  global/ja-JP/README.md
[09:26:12] Picture infomations saved to global/ja-JP/history/2024/07/25_ja-JP.md
[09:26:12] Start geting global Bing Wallpaper, region=en-IN, local time is 2024-07-25 14:56:12.548315+05:30
[09:26:12] Successful get url: https://www.bing.com/th?id=OHR.SmokyMountainTrail_EN-IN0121082113_UHD.jpg
[09:26:12] Picture infomations saved to  global/en-IN/README.md
[09:26:12] Picture infomations saved to global/en-IN/history/2024/07/25_en-IN.md
[09:26:12] Start geting global Bing Wallpaper, region=pt-BR, local time is 2024-07-25 06:26:12.939951-03:00
[09:26:13] Successful get url: https://www.bing.com/th?id=OHR.SmokyMountainTrail_PT-BR2635483756_UHD.jpg
[09:26:13] Picture infomations saved to  global/pt-BR/README.md
[09:26:13] Picture infomations saved to global/pt-BR/history/2024/07/26_pt-BR.md
[09:26:13] Start geting global Bing Wallpaper, region=fr-FR, local time is 2024-07-25 11:26:13.468759+02:00
[09:26:13] Successful get url: https://www.bing.com/th?id=OHR.SmokyMountainTrail_FR-FR2588316883_UHD.jpg
[09:26:13] Picture infomations saved to  global/fr-FR/README.md
[09:26:13] Picture infomations saved to global/fr-FR/history/2024/07/25_fr-FR.md
[09:26:13] Start geting global Bing Wallpaper, region=de-DE, local time is 2024-07-25 11:26:13.899598+02:00
[09:26:13] Successful get url: https://www.bing.com/th?id=OHR.SmokyMountainTrail_DE-DE2050151888_UHD.jpg
[09:26:14] Picture infomations saved to  global/de-DE/README.md
[09:26:14] Picture infomations saved to global/de-DE/history/2024/07/25_de-DE.md
[09:26:14] Start geting global Bing Wallpaper, region=en-CA, local time is 2024-07-25 05:26:14.271286-04:00
[09:26:14] Successful get url: https://www.bing.com/th?id=OHR.SmokyMountainTrail_EN-CA9002253362_UHD.jpg
[09:26:14] Picture infomations saved to  global/en-CA/README.md
[09:26:14] Picture infomations saved to global/en-CA/history/2024/07/26_en-CA.md
[09:26:14] Start geting global Bing Wallpaper, region=en-GB, local time is 2024-07-25 10:26:14.661854+01:00
[09:26:14] Successful get url: https://www.bing.com/th?id=OHR.SmokyMountainTrail_EN-GB9959939764_UHD.jpg
[09:26:15] Picture infomations saved to  global/en-GB/README.md
[09:26:15] Picture infomations saved to global/en-GB/history/2024/07/25_en-GB.md
[09:26:15] Start geting global Bing Wallpaper, region=it-IT, local time is 2024-07-25 11:26:15.025825+02:00
[09:26:15] Successful get url: https://www.bing.com/th?id=OHR.SmokyMountainTrail_IT-IT2739269969_UHD.jpg
[09:26:15] Picture infomations saved to  global/it-IT/README.md
[09:26:15] Picture infomations saved to global/it-IT/history/2024/07/25_it-IT.md
[09:26:15] Start geting global Bing Wallpaper, region=es-ES, local time is 2024-07-25 11:26:15.459208+02:00
[09:26:15] Successful get url: https://www.bing.com/th?id=OHR.SmokyMountainTrail_ES-ES0918901089_UHD.jpg
[09:26:15] Picture infomations saved to  global/es-ES/README.md
[09:26:15] Picture infomations saved to global/es-ES/history/2024/07/25_es-ES.md
[09:26:15] Start geting global Bing Wallpaper, region=fr-CA, local time is 2024-07-25 05:26:15.830047-04:00
[09:26:15] Successful get url: https://www.bing.com/th?id=OHR.SmokyMountainTrail_FR-CA1099318024_UHD.jpg
[09:26:16] Picture infomations saved to  global/fr-CA/README.md
[09:26:16] Picture infomations saved to global/fr-CA/history/2024/07/26_fr-CA.md
Program exit at 09:26:16

Program started at 16:13:38
Operating System Name: Linux
Operating System Version: #25~22.04.1-Ubuntu SMP Mon Jun 17 18:38:57 UTC 2024
System Architecture: ('64bit', 'ELF')
Computer Type: x86_64
Computer Name: fv-az1756-796
Processor Type: x86_64
Python Version: 3.12.4
Python Interpreter Name: CPython
[16:13:38] Start geting CN Bing Wallpaper
[16:13:38] Successful get url: https://www.bing.com/th?id=OHR.PontNeuf_ZH-CN3158359446_UHD.jpg
[16:13:38] Image saved to img/background.jpg
[16:13:38] Info saved to README.md
[16:13:38] Image saved to history/2024/07/26.md
[16:13:38] Start geting global Bing Wallpaper, region=en-US, local time is 2024-07-25 12:13:38.801686-04:00
[16:13:38] Successful get url: https://www.bing.com/th?id=OHR.SmokyMountainTrail_EN-US9730767535_UHD.jpg
[16:13:38] Picture infomations saved to  global/en-US/README.md
[16:13:38] Picture infomations saved to global/en-US/history/2024/07/26_en-US.md
[16:13:38] Start geting global Bing Wallpaper, region=ja-JP, local time is 2024-07-26 01:13:38.973948+09:00
[16:13:39] Successful get url: https://www.bing.com/th?id=OHR.PontNeuf_JA-JP6539297380_UHD.jpg
[16:13:39] Picture infomations saved to  global/ja-JP/README.md
[16:13:39] Picture infomations saved to global/ja-JP/history/2024/07/26_ja-JP.md
[16:13:39] Start geting global Bing Wallpaper, region=en-IN, local time is 2024-07-25 21:43:39.085284+05:30
[16:13:39] Successful get url: https://www.bing.com/th?id=OHR.SmokyMountainTrail_EN-IN0121082113_UHD.jpg
[16:13:39] Picture infomations saved to  global/en-IN/README.md
[16:13:39] Picture infomations saved to global/en-IN/history/2024/07/25_en-IN.md
[16:13:39] Start geting global Bing Wallpaper, region=pt-BR, local time is 2024-07-25 13:13:39.195310-03:00
[16:13:39] Successful get url: https://www.bing.com/th?id=OHR.SmokyMountainTrail_PT-BR2635483756_UHD.jpg
[16:13:39] Picture infomations saved to  global/pt-BR/README.md
[16:13:39] Picture infomations saved to global/pt-BR/history/2024/07/26_pt-BR.md
[16:13:39] Start geting global Bing Wallpaper, region=fr-FR, local time is 2024-07-25 18:13:39.288175+02:00
[16:13:39] Successful get url: https://www.bing.com/th?id=OHR.SmokyMountainTrail_FR-FR2588316883_UHD.jpg
[16:13:39] Picture infomations saved to  global/fr-FR/README.md
[16:13:39] Picture infomations saved to global/fr-FR/history/2024/07/25_fr-FR.md
[16:13:39] Start geting global Bing Wallpaper, region=de-DE, local time is 2024-07-25 18:13:39.382310+02:00
[16:13:39] Successful get url: https://www.bing.com/th?id=OHR.SmokyMountainTrail_DE-DE2050151888_UHD.jpg
[16:13:39] Picture infomations saved to  global/de-DE/README.md
[16:13:39] Picture infomations saved to global/de-DE/history/2024/07/25_de-DE.md
[16:13:39] Start geting global Bing Wallpaper, region=en-CA, local time is 2024-07-25 12:13:39.494498-04:00
[16:13:39] Successful get url: https://www.bing.com/th?id=OHR.SmokyMountainTrail_EN-CA9002253362_UHD.jpg
[16:13:39] Picture infomations saved to  global/en-CA/README.md
[16:13:39] Picture infomations saved to global/en-CA/history/2024/07/26_en-CA.md
[16:13:39] Start geting global Bing Wallpaper, region=en-GB, local time is 2024-07-25 17:13:39.614089+01:00
[16:13:39] Successful get url: https://www.bing.com/th?id=OHR.SmokyMountainTrail_EN-GB9959939764_UHD.jpg
[16:13:39] Picture infomations saved to  global/en-GB/README.md
[16:13:39] Picture infomations saved to global/en-GB/history/2024/07/25_en-GB.md
[16:13:39] Start geting global Bing Wallpaper, region=it-IT, local time is 2024-07-25 18:13:39.718954+02:00
[16:13:39] Successful get url: https://www.bing.com/th?id=OHR.SmokyMountainTrail_IT-IT2739269969_UHD.jpg
[16:13:39] Picture infomations saved to  global/it-IT/README.md
[16:13:39] Picture infomations saved to global/it-IT/history/2024/07/25_it-IT.md
[16:13:39] Start geting global Bing Wallpaper, region=es-ES, local time is 2024-07-25 18:13:39.913575+02:00
[16:13:39] Successful get url: https://www.bing.com/th?id=OHR.SmokyMountainTrail_ES-ES0918901089_UHD.jpg
[16:13:40] Picture infomations saved to  global/es-ES/README.md
[16:13:40] Picture infomations saved to global/es-ES/history/2024/07/25_es-ES.md
[16:13:40] Start geting global Bing Wallpaper, region=fr-CA, local time is 2024-07-25 12:13:40.012986-04:00
[16:13:40] Successful get url: https://www.bing.com/th?id=OHR.SmokyMountainTrail_FR-CA1099318024_UHD.jpg
[16:13:40] Picture infomations saved to  global/fr-CA/README.md
[16:13:40] Picture infomations saved to global/fr-CA/history/2024/07/26_fr-CA.md
Program exit at 16:13:40
