
Program started at 09:28:43
Operating System Name: Linux
Operating System Version: #24~22.04.1-Ubuntu SMP Wed Jun 12 19:55:26 UTC 2024
System Architecture: ('64bit', 'ELF')
Computer Type: x86_64
Computer Name: fv-az1426-422
Processor Type: x86_64
Python Version: 3.12.4
Python Interpreter Name: CPython
[09:28:43] Start geting CN Bing Wallpaper
[09:28:43] Successful get url: https://www.bing.com/th?id=OHR.TheGreatHeat2024_ZH-CN5359095820_UHD.jpg
[09:28:43] Image saved to img/background.jpg
[09:28:43] Info saved to README.md
[09:28:43] Image saved to history/2024/07/22.md
[09:28:43] Start geting global Bing Wallpaper, region=en-US, local time is 2024-07-22 05:28:43.171244-04:00
[09:28:43] Successful get url: https://www.bing.com/th?id=OHR.HammockCamping_EN-US9298465355_UHD.jpg
[09:28:43] Picture infomations saved to  global/en-US/README.md
[09:28:43] Picture infomations saved to global/en-US/history/2024/07/23_en-US.md
[09:28:43] Start geting global Bing Wallpaper, region=ja-JP, local time is 2024-07-22 18:28:43.282777+09:00
[09:28:43] Successful get url: https://www.bing.com/th?id=OHR.MedievalRothenburg_JA-JP3111613598_UHD.jpg
[09:28:43] Picture infomations saved to  global/ja-JP/README.md
[09:28:43] Picture infomations saved to global/ja-JP/history/2024/07/22_ja-JP.md
[09:28:43] Start geting global Bing Wallpaper, region=en-IN, local time is 2024-07-22 14:58:43.414589+05:30
[09:28:43] Successful get url: https://www.bing.com/th?id=OHR.ElloraCavesMH_EN-IN9734367387_UHD.jpg
[09:28:43] Picture infomations saved to  global/en-IN/README.md
[09:28:43] Picture infomations saved to global/en-IN/history/2024/07/22_en-IN.md
[09:28:43] Start geting global Bing Wallpaper, region=pt-BR, local time is 2024-07-22 06:28:43.547814-03:00
[09:28:43] Successful get url: https://www.bing.com/th?id=OHR.HammockCamping_PT-BR1798965099_UHD.jpg
[09:28:43] Picture infomations saved to  global/pt-BR/README.md
[09:28:43] Picture infomations saved to global/pt-BR/history/2024/07/23_pt-BR.md
[09:28:43] Start geting global Bing Wallpaper, region=fr-FR, local time is 2024-07-22 11:28:43.686578+02:00
[09:28:43] Successful get url: https://www.bing.com/th?id=OHR.SaintFrancois_FR-FR9354176013_UHD.jpg
[09:28:43] Picture infomations saved to  global/fr-FR/README.md
[09:28:43] Picture infomations saved to global/fr-FR/history/2024/07/22_fr-FR.md
[09:28:43] Start geting global Bing Wallpaper, region=de-DE, local time is 2024-07-22 11:28:43.805656+02:00
[09:28:43] Successful get url: https://www.bing.com/th?id=OHR.WickerBeachBaskets_DE-DE6881369278_UHD.jpg
[09:28:43] Picture infomations saved to  global/de-DE/README.md
[09:28:43] Picture infomations saved to global/de-DE/history/2024/07/22_de-DE.md
[09:28:43] Start geting global Bing Wallpaper, region=en-CA, local time is 2024-07-22 05:28:43.914557-04:00
[09:28:43] Successful get url: https://www.bing.com/th?id=OHR.HammockCamping_EN-CA7138576311_UHD.jpg
[09:28:44] Picture infomations saved to  global/en-CA/README.md
[09:28:44] Picture infomations saved to global/en-CA/history/2024/07/23_en-CA.md
[09:28:44] Start geting global Bing Wallpaper, region=en-GB, local time is 2024-07-22 10:28:44.034780+01:00
[09:28:44] Successful get url: https://www.bing.com/th?id=OHR.BuckinghamOpening2024_EN-GB9070142687_UHD.jpg
[09:28:44] Picture infomations saved to  global/en-GB/README.md
[09:28:44] Picture infomations saved to global/en-GB/history/2024/07/22_en-GB.md
[09:28:44] Start geting global Bing Wallpaper, region=it-IT, local time is 2024-07-22 11:28:44.162970+02:00
[09:28:44] Successful get url: https://www.bing.com/th?id=OHR.ZanzibarBoats_IT-IT2498729421_UHD.jpg
[09:28:44] Picture infomations saved to  global/it-IT/README.md
[09:28:44] Picture infomations saved to global/it-IT/history/2024/07/22_it-IT.md
[09:28:44] Start geting global Bing Wallpaper, region=es-ES, local time is 2024-07-22 11:28:44.320886+02:00
[09:28:44] Successful get url: https://www.bing.com/th?id=OHR.PerseidasExtremadura_ES-ES2162397207_UHD.jpg
[09:28:44] Picture infomations saved to  global/es-ES/README.md
[09:28:44] Picture infomations saved to global/es-ES/history/2024/07/22_es-ES.md
[09:28:44] Start geting global Bing Wallpaper, region=fr-CA, local time is 2024-07-22 05:28:44.468710-04:00
[09:28:44] Successful get url: https://www.bing.com/th?id=OHR.HammockCamping_FR-CA0644251921_UHD.jpg
[09:28:44] Picture infomations saved to  global/fr-CA/README.md
[09:28:44] Picture infomations saved to global/fr-CA/history/2024/07/23_fr-CA.md
Program exit at 09:28:44

Program started at 16:13:28
Operating System Name: Linux
Operating System Version: #24~22.04.1-Ubuntu SMP Wed Jun 12 19:55:26 UTC 2024
System Architecture: ('64bit', 'ELF')
Computer Type: x86_64
Computer Name: fv-az1382-47
Processor Type: x86_64
Python Version: 3.12.4
Python Interpreter Name: CPython
[16:13:28] Start geting CN Bing Wallpaper
[16:13:28] Successful get url: https://www.bing.com/th?id=OHR.MethoniCastle_ZH-CN4054146065_UHD.jpg
[16:13:28] Image saved to img/background.jpg
[16:13:28] Info saved to README.md
[16:13:28] Image saved to history/2024/07/23.md
[16:13:28] Start geting global Bing Wallpaper, region=en-US, local time is 2024-07-22 12:13:28.648107-04:00
[16:13:28] Successful get url: https://www.bing.com/th?id=OHR.HammockCamping_EN-US9298465355_UHD.jpg
[16:13:28] Picture infomations saved to  global/en-US/README.md
[16:13:28] Picture infomations saved to global/en-US/history/2024/07/23_en-US.md
[16:13:28] Start geting global Bing Wallpaper, region=ja-JP, local time is 2024-07-23 01:13:28.817924+09:00
[16:13:28] Successful get url: https://www.bing.com/th?id=OHR.MethoniCastle_JA-JP3234736349_UHD.jpg
[16:13:28] Picture infomations saved to  global/ja-JP/README.md
[16:13:28] Picture infomations saved to global/ja-JP/history/2024/07/23_ja-JP.md
[16:13:28] Start geting global Bing Wallpaper, region=en-IN, local time is 2024-07-22 21:43:28.959107+05:30
[16:13:29] Successful get url: https://www.bing.com/th?id=OHR.ElloraCavesMH_EN-IN9734367387_UHD.jpg
[16:13:29] Picture infomations saved to  global/en-IN/README.md
[16:13:29] Picture infomations saved to global/en-IN/history/2024/07/22_en-IN.md
[16:13:29] Start geting global Bing Wallpaper, region=pt-BR, local time is 2024-07-22 13:13:29.101285-03:00
[16:13:29] Successful get url: https://www.bing.com/th?id=OHR.HammockCamping_PT-BR1798965099_UHD.jpg
[16:13:29] Picture infomations saved to  global/pt-BR/README.md
[16:13:29] Picture infomations saved to global/pt-BR/history/2024/07/23_pt-BR.md
[16:13:29] Start geting global Bing Wallpaper, region=fr-FR, local time is 2024-07-22 18:13:29.256095+02:00
[16:13:29] Successful get url: https://www.bing.com/th?id=OHR.SaintFrancois_FR-FR9354176013_UHD.jpg
[16:13:29] Picture infomations saved to  global/fr-FR/README.md
[16:13:29] Picture infomations saved to global/fr-FR/history/2024/07/22_fr-FR.md
[16:13:29] Start geting global Bing Wallpaper, region=de-DE, local time is 2024-07-22 18:13:29.400853+02:00
[16:13:29] Successful get url: https://www.bing.com/th?id=OHR.WickerBeachBaskets_DE-DE6881369278_UHD.jpg
[16:13:29] Picture infomations saved to  global/de-DE/README.md
[16:13:29] Picture infomations saved to global/de-DE/history/2024/07/22_de-DE.md
[16:13:29] Start geting global Bing Wallpaper, region=en-CA, local time is 2024-07-22 12:13:29.537727-04:00
[16:13:29] Successful get url: https://www.bing.com/th?id=OHR.HammockCamping_EN-CA7138576311_UHD.jpg
[16:13:29] Picture infomations saved to  global/en-CA/README.md
[16:13:29] Picture infomations saved to global/en-CA/history/2024/07/23_en-CA.md
[16:13:29] Start geting global Bing Wallpaper, region=en-GB, local time is 2024-07-22 17:13:29.682795+01:00
[16:13:29] Successful get url: https://www.bing.com/th?id=OHR.BuckinghamOpening2024_EN-GB9070142687_UHD.jpg
[16:13:29] Picture infomations saved to  global/en-GB/README.md
[16:13:29] Picture infomations saved to global/en-GB/history/2024/07/22_en-GB.md
[16:13:29] Start geting global Bing Wallpaper, region=it-IT, local time is 2024-07-22 18:13:29.817756+02:00
[16:13:29] Successful get url: https://www.bing.com/th?id=OHR.ZanzibarBoats_IT-IT2498729421_UHD.jpg
[16:13:29] Picture infomations saved to  global/it-IT/README.md
[16:13:29] Picture infomations saved to global/it-IT/history/2024/07/22_it-IT.md
[16:13:29] Start geting global Bing Wallpaper, region=es-ES, local time is 2024-07-22 18:13:29.985426+02:00
[16:13:30] Successful get url: https://www.bing.com/th?id=OHR.PerseidasExtremadura_ES-ES2162397207_UHD.jpg
[16:13:30] Picture infomations saved to  global/es-ES/README.md
[16:13:30] Picture infomations saved to global/es-ES/history/2024/07/22_es-ES.md
[16:13:30] Start geting global Bing Wallpaper, region=fr-CA, local time is 2024-07-22 12:13:30.139952-04:00
[16:13:30] Successful get url: https://www.bing.com/th?id=OHR.HammockCamping_FR-CA0644251921_UHD.jpg
[16:13:30] Picture infomations saved to  global/fr-CA/README.md
[16:13:30] Picture infomations saved to global/fr-CA/history/2024/07/23_fr-CA.md
Program exit at 16:13:30
