
Program started at 09:24:36
Operating System Name: Linux
Operating System Version: #24~22.04.1-Ubuntu SMP Wed Jun 12 19:55:26 UTC 2024
System Architecture: ('64bit', 'ELF')
Computer Type: x86_64
Computer Name: fv-az573-275
Processor Type: x86_64
Python Version: 3.12.4
Python Interpreter Name: CPython
[09:24:36] Start geting CN Bing Wallpaper
[09:24:36] Successful get url: https://www.bing.com/th?id=OHR.ZanzibarBoats_ZH-CN2915388379_UHD.jpg
[09:24:36] Image saved to img/background.jpg
[09:24:36] Info saved to README.md
[09:24:36] Image saved to history/2024/07/21.md
[09:24:36] Start geting global Bing Wallpaper, region=en-US, local time is 2024-07-21 05:24:36.704891-04:00
[09:24:36] Successful get url: https://www.bing.com/th?id=OHR.ZanzibarBoats_EN-US9009404410_UHD.jpg
[09:24:36] Picture infomations saved to  global/en-US/README.md
[09:24:36] Picture infomations saved to global/en-US/history/2024/07/22_en-US.md
[09:24:36] Start geting global Bing Wallpaper, region=ja-JP, local time is 2024-07-21 18:24:36.846171+09:00
[09:24:36] Successful get url: https://www.bing.com/th?id=OHR.ZanzibarBoats_JA-JP2984048559_UHD.jpg
[09:24:36] Picture infomations saved to  global/ja-JP/README.md
[09:24:36] Picture infomations saved to global/ja-JP/history/2024/07/21_ja-JP.md
[09:24:36] Start geting global Bing Wallpaper, region=en-IN, local time is 2024-07-21 14:54:36.990353+05:30
[09:24:37] Successful get url: https://www.bing.com/th?id=OHR.ZanzibarBoats_EN-IN4365742596_UHD.jpg
[09:24:37] Picture infomations saved to  global/en-IN/README.md
[09:24:37] Picture infomations saved to global/en-IN/history/2024/07/21_en-IN.md
[09:24:37] Start geting global Bing Wallpaper, region=pt-BR, local time is 2024-07-21 06:24:37.122433-03:00
[09:24:37] Successful get url: https://www.bing.com/th?id=OHR.ZanzibarBoats_PT-BR1541762225_UHD.jpg
[09:24:37] Picture infomations saved to  global/pt-BR/README.md
[09:24:37] Picture infomations saved to global/pt-BR/history/2024/07/22_pt-BR.md
[09:24:37] Start geting global Bing Wallpaper, region=fr-FR, local time is 2024-07-21 11:24:37.249906+02:00
[09:24:37] Successful get url: https://www.bing.com/th?id=OHR.ZanzibarBoats_FR-FR1025363657_UHD.jpg
[09:24:37] Picture infomations saved to  global/fr-FR/README.md
[09:24:37] Picture infomations saved to global/fr-FR/history/2024/07/21_fr-FR.md
[09:24:37] Start geting global Bing Wallpaper, region=de-DE, local time is 2024-07-21 11:24:37.393297+02:00
[09:24:37] Successful get url: https://www.bing.com/th?id=OHR.ZanzibarBoats_DE-DE5749143467_UHD.jpg
[09:24:37] Picture infomations saved to  global/de-DE/README.md
[09:24:37] Picture infomations saved to global/de-DE/history/2024/07/21_de-DE.md
[09:24:37] Start geting global Bing Wallpaper, region=en-CA, local time is 2024-07-21 05:24:37.530017-04:00
[09:24:37] Successful get url: https://www.bing.com/th?id=OHR.ZanzibarBoats_EN-CA8357127050_UHD.jpg
[09:24:37] Picture infomations saved to  global/en-CA/README.md
[09:24:37] Picture infomations saved to global/en-CA/history/2024/07/22_en-CA.md
[09:24:37] Start geting global Bing Wallpaper, region=en-GB, local time is 2024-07-21 10:24:37.672434+01:00
[09:24:37] Successful get url: https://www.bing.com/th?id=OHR.ZanzibarBoats_EN-GB8434940826_UHD.jpg
[09:24:37] Picture infomations saved to  global/en-GB/README.md
[09:24:37] Picture infomations saved to global/en-GB/history/2024/07/21_en-GB.md
[09:24:37] Start geting global Bing Wallpaper, region=it-IT, local time is 2024-07-21 11:24:37.865689+02:00
[09:24:37] Successful get url: https://www.bing.com/th?id=OHR.RedentorVenezia_IT-IT2428174506_UHD.jpg
[09:24:38] Picture infomations saved to  global/it-IT/README.md
[09:24:38] Picture infomations saved to global/it-IT/history/2024/07/21_it-IT.md
[09:24:38] Start geting global Bing Wallpaper, region=es-ES, local time is 2024-07-21 11:24:38.014983+02:00
[09:24:38] Successful get url: https://www.bing.com/th?id=OHR.ZanzibarBoats_ES-ES9050362882_UHD.jpg
[09:24:38] Picture infomations saved to  global/es-ES/README.md
[09:24:38] Picture infomations saved to global/es-ES/history/2024/07/21_es-ES.md
[09:24:38] Start geting global Bing Wallpaper, region=fr-CA, local time is 2024-07-21 05:24:38.142507-04:00
[09:24:38] Successful get url: https://www.bing.com/th?id=OHR.ZanzibarBoats_FR-CA0477237134_UHD.jpg
[09:24:38] Picture infomations saved to  global/fr-CA/README.md
[09:24:38] Picture infomations saved to global/fr-CA/history/2024/07/22_fr-CA.md
Program exit at 09:24:38
