
Program started at 09:25:05
Operating System Name: Linux
Operating System Version: #24~22.04.1-Ubuntu SMP Wed Jun 12 19:55:26 UTC 2024
System Architecture: ('64bit', 'ELF')
Computer Type: x86_64
Computer Name: fv-az1106-944
Processor Type: x86_64
Python Version: 3.12.4
Python Interpreter Name: CPython
[09:25:05] Start geting CN Bing Wallpaper
[09:25:05] Successful get url: https://www.bing.com/th?id=OHR.SheepCousins_ZH-CN4262132476_UHD.jpg
[09:25:05] Image saved to img/background.jpg
[09:25:05] Info saved to README.md
[09:25:05] Image saved to history/2024/07/24.md
[09:25:05] Start geting global Bing Wallpaper, region=en-US, local time is 2024-07-24 05:25:05.419411-04:00
[09:25:05] Successful get url: https://www.bing.com/th?id=OHR.SheepCousins_EN-US9566915151_UHD.jpg
[09:25:05] Picture infomations saved to  global/en-US/README.md
[09:25:05] Picture infomations saved to global/en-US/history/2024/07/25_en-US.md
[09:25:05] Start geting global Bing Wallpaper, region=ja-JP, local time is 2024-07-24 18:25:05.560515+09:00
[09:25:05] Successful get url: https://www.bing.com/th?id=OHR.WindBell2024_JA-JP3427351394_UHD.jpg
[09:25:05] Picture infomations saved to  global/ja-JP/README.md
[09:25:05] Picture infomations saved to global/ja-JP/history/2024/07/24_ja-JP.md
[09:25:05] Start geting global Bing Wallpaper, region=en-IN, local time is 2024-07-24 14:55:05.773913+05:30
[09:25:05] Successful get url: https://www.bing.com/th?id=OHR.SheepCousins_EN-IN5841559829_UHD.jpg
[09:25:05] Picture infomations saved to  global/en-IN/README.md
[09:25:05] Picture infomations saved to global/en-IN/history/2024/07/24_en-IN.md
[09:25:05] Start geting global Bing Wallpaper, region=pt-BR, local time is 2024-07-24 06:25:05.880990-03:00
[09:25:05] Successful get url: https://www.bing.com/th?id=OHR.YoungJaguar_PT-BR2280455172_UHD.jpg
[09:25:05] Picture infomations saved to  global/pt-BR/README.md
[09:25:05] Picture infomations saved to global/pt-BR/history/2024/07/25_pt-BR.md
[09:25:05] Start geting global Bing Wallpaper, region=fr-FR, local time is 2024-07-24 11:25:05.976101+02:00
[09:25:06] Successful get url: https://www.bing.com/th?id=OHR.SheepCousins_FR-FR2246016593_UHD.jpg
[09:25:06] Picture infomations saved to  global/fr-FR/README.md
[09:25:06] Picture infomations saved to global/fr-FR/history/2024/07/24_fr-FR.md
[09:25:06] Start geting global Bing Wallpaper, region=de-DE, local time is 2024-07-24 11:25:06.137561+02:00
[09:25:06] Successful get url: https://www.bing.com/th?id=OHR.SheepCousins_DE-DE1595160882_UHD.jpg
[09:25:06] Picture infomations saved to  global/de-DE/README.md
[09:25:06] Picture infomations saved to global/de-DE/history/2024/07/24_de-DE.md
[09:25:06] Start geting global Bing Wallpaper, region=en-CA, local time is 2024-07-24 05:25:06.264229-04:00
[09:25:06] Successful get url: https://www.bing.com/th?id=OHR.SheepCousins_EN-CA1277302803_UHD.jpg
[09:25:06] Picture infomations saved to  global/en-CA/README.md
[09:25:06] Picture infomations saved to global/en-CA/history/2024/07/25_en-CA.md
[09:25:06] Start geting global Bing Wallpaper, region=en-GB, local time is 2024-07-24 10:25:06.389700+01:00
[09:25:06] Successful get url: https://www.bing.com/th?id=OHR.SheepCousins_EN-GB9631410299_UHD.jpg
[09:25:06] Picture infomations saved to  global/en-GB/README.md
[09:25:06] Picture infomations saved to global/en-GB/history/2024/07/24_en-GB.md
[09:25:06] Start geting global Bing Wallpaper, region=it-IT, local time is 2024-07-24 11:25:06.476154+02:00
[09:25:06] Successful get url: https://www.bing.com/th?id=OHR.SheepCousins_IT-IT2624157981_UHD.jpg
[09:25:06] Picture infomations saved to  global/it-IT/README.md
[09:25:06] Picture infomations saved to global/it-IT/history/2024/07/24_it-IT.md
[09:25:06] Start geting global Bing Wallpaper, region=es-ES, local time is 2024-07-24 11:25:06.564683+02:00
[09:25:06] Successful get url: https://www.bing.com/th?id=OHR.SaintJamesGalicia_ES-ES2247735379_UHD.jpg
[09:25:06] Picture infomations saved to  global/es-ES/README.md
[09:25:06] Picture infomations saved to global/es-ES/history/2024/07/24_es-ES.md
[09:25:06] Start geting global Bing Wallpaper, region=fr-CA, local time is 2024-07-24 05:25:06.719487-04:00
[09:25:06] Successful get url: https://www.bing.com/th?id=OHR.SheepCousins_FR-CA0942728657_UHD.jpg
[09:25:06] Picture infomations saved to  global/fr-CA/README.md
[09:25:06] Picture infomations saved to global/fr-CA/history/2024/07/25_fr-CA.md
Program exit at 09:25:06

Program started at 16:13:05
Operating System Name: Linux
Operating System Version: #25~22.04.1-Ubuntu SMP Mon Jun 17 18:38:57 UTC 2024
System Architecture: ('64bit', 'ELF')
Computer Type: x86_64
Computer Name: fv-az849-622
Processor Type: x86_64
Python Version: 3.12.4
Python Interpreter Name: CPython
[16:13:05] Start geting CN Bing Wallpaper
[16:13:05] Successful get url: https://www.bing.com/th?id=OHR.SmokyMountainTrail_ZH-CN4691667074_UHD.jpg
[16:13:05] Image saved to img/background.jpg
[16:13:05] Info saved to README.md
[16:13:05] Image saved to history/2024/07/25.md
[16:13:05] Start geting global Bing Wallpaper, region=en-US, local time is 2024-07-24 12:13:05.540644-04:00
[16:13:05] Successful get url: https://www.bing.com/th?id=OHR.SheepCousins_EN-US9566915151_UHD.jpg
[16:13:05] Picture infomations saved to  global/en-US/README.md
[16:13:05] Picture infomations saved to global/en-US/history/2024/07/25_en-US.md
[16:13:05] Start geting global Bing Wallpaper, region=ja-JP, local time is 2024-07-25 01:13:05.662190+09:00
[16:13:05] Successful get url: https://www.bing.com/th?id=OHR.SmokyMountainTrail_JA-JP3526148027_UHD.jpg
[16:13:05] Picture infomations saved to  global/ja-JP/README.md
[16:13:05] Picture infomations saved to global/ja-JP/history/2024/07/25_ja-JP.md
[16:13:05] Start geting global Bing Wallpaper, region=en-IN, local time is 2024-07-24 21:43:05.780472+05:30
[16:13:05] Successful get url: https://www.bing.com/th?id=OHR.SheepCousins_EN-IN5841559829_UHD.jpg
[16:13:05] Picture infomations saved to  global/en-IN/README.md
[16:13:05] Picture infomations saved to global/en-IN/history/2024/07/24_en-IN.md
[16:13:05] Start geting global Bing Wallpaper, region=pt-BR, local time is 2024-07-24 13:13:05.943331-03:00
[16:13:05] Successful get url: https://www.bing.com/th?id=OHR.YoungJaguar_PT-BR2280455172_UHD.jpg
[16:13:06] Picture infomations saved to  global/pt-BR/README.md
[16:13:06] Picture infomations saved to global/pt-BR/history/2024/07/25_pt-BR.md
[16:13:06] Start geting global Bing Wallpaper, region=fr-FR, local time is 2024-07-24 18:13:06.032328+02:00
[16:13:06] Successful get url: https://www.bing.com/th?id=OHR.SheepCousins_FR-FR2246016593_UHD.jpg
[16:13:06] Picture infomations saved to  global/fr-FR/README.md
[16:13:06] Picture infomations saved to global/fr-FR/history/2024/07/24_fr-FR.md
[16:13:06] Start geting global Bing Wallpaper, region=de-DE, local time is 2024-07-24 18:13:06.123316+02:00
[16:13:06] Successful get url: https://www.bing.com/th?id=OHR.SheepCousins_DE-DE1595160882_UHD.jpg
[16:13:06] Picture infomations saved to  global/de-DE/README.md
[16:13:06] Picture infomations saved to global/de-DE/history/2024/07/24_de-DE.md
[16:13:06] Start geting global Bing Wallpaper, region=en-CA, local time is 2024-07-24 12:13:06.303213-04:00
[16:13:06] Successful get url: https://www.bing.com/th?id=OHR.SheepCousins_EN-CA1277302803_UHD.jpg
[16:13:06] Picture infomations saved to  global/en-CA/README.md
[16:13:06] Picture infomations saved to global/en-CA/history/2024/07/25_en-CA.md
[16:13:06] Start geting global Bing Wallpaper, region=en-GB, local time is 2024-07-24 17:13:06.437933+01:00
[16:13:06] Successful get url: https://www.bing.com/th?id=OHR.SheepCousins_EN-GB9631410299_UHD.jpg
[16:13:06] Picture infomations saved to  global/en-GB/README.md
[16:13:06] Picture infomations saved to global/en-GB/history/2024/07/24_en-GB.md
[16:13:06] Start geting global Bing Wallpaper, region=it-IT, local time is 2024-07-24 18:13:06.603523+02:00
[16:13:06] Successful get url: https://www.bing.com/th?id=OHR.SheepCousins_IT-IT2624157981_UHD.jpg
[16:13:06] Picture infomations saved to  global/it-IT/README.md
[16:13:06] Picture infomations saved to global/it-IT/history/2024/07/24_it-IT.md
[16:13:06] Start geting global Bing Wallpaper, region=es-ES, local time is 2024-07-24 18:13:06.764749+02:00
[16:13:06] Successful get url: https://www.bing.com/th?id=OHR.SaintJamesGalicia_ES-ES2247735379_UHD.jpg
[16:13:06] Picture infomations saved to  global/es-ES/README.md
[16:13:06] Picture infomations saved to global/es-ES/history/2024/07/24_es-ES.md
[16:13:06] Start geting global Bing Wallpaper, region=fr-CA, local time is 2024-07-24 12:13:06.919438-04:00
[16:13:06] Successful get url: https://www.bing.com/th?id=OHR.SheepCousins_FR-CA0942728657_UHD.jpg
[16:13:07] Picture infomations saved to  global/fr-CA/README.md
[16:13:07] Picture infomations saved to global/fr-CA/history/2024/07/25_fr-CA.md
Program exit at 16:13:07
