
Program started at 09:26:14
Operating System Name: Linux
Operating System Version: #23~22.04.1-Ubuntu SMP Thu May  9 17:59:24 UTC 2024
System Architecture: ('64bit', 'ELF')
Computer Type: x86_64
Computer Name: fv-az529-705
Processor Type: x86_64
Python Version: 3.12.4
Python Interpreter Name: CPython
[09:26:14] Start geting CN Bing Wallpaper
[09:26:14] Successful get url: https://www.bing.com/th?id=OHR.NorwayBlueberries_ZH-CN7643097235_UHD.jpg
[09:26:14] Image saved to img/background.jpg
[09:26:14] Info saved to README.md
[09:26:14] Image saved to history/2024/07/08.md
[09:26:14] Start geting global Bing Wallpaper, region=en-US, local time is 2024-07-08 05:26:14.877253-04:00
[09:26:14] Successful get url: https://www.bing.com/th?id=OHR.NorwayBlueberries_EN-US4598733420_UHD.jpg
[09:26:15] Picture infomations saved to  global/en-US/README.md
[09:26:15] Picture infomations saved to global/en-US/history/2024/07/09_en-US.md
[09:26:15] Start geting global Bing Wallpaper, region=ja-JP, local time is 2024-07-08 18:26:15.033244+09:00
[09:26:15] Successful get url: https://www.bing.com/th?id=OHR.NorwayBlueberries_JA-JP1900215964_UHD.jpg
[09:26:15] Picture infomations saved to  global/ja-JP/README.md
[09:26:15] Picture infomations saved to global/ja-JP/history/2024/07/08_ja-JP.md
[09:26:15] Start geting global Bing Wallpaper, region=en-IN, local time is 2024-07-08 14:56:15.223583+05:30
[09:26:15] Successful get url: https://www.bing.com/th?id=OHR.NorwayBlueberries_EN-IN9622921626_UHD.jpg
[09:26:15] Picture infomations saved to  global/en-IN/README.md
[09:26:15] Picture infomations saved to global/en-IN/history/2024/07/08_en-IN.md
[09:26:15] Start geting global Bing Wallpaper, region=pt-BR, local time is 2024-07-08 06:26:15.361349-03:00
[09:26:15] Successful get url: https://www.bing.com/th?id=OHR.AniversarioOuroPreto_PT-BR1746358764_UHD.jpg
[09:26:15] Picture infomations saved to  global/pt-BR/README.md
[09:26:15] Picture infomations saved to global/pt-BR/history/2024/07/09_pt-BR.md
[09:26:15] Start geting global Bing Wallpaper, region=fr-FR, local time is 2024-07-08 11:26:15.521817+02:00
[09:26:15] Successful get url: https://www.bing.com/th?id=OHR.PontBordeaux_FR-FR0361302965_UHD.jpg
[09:26:15] Picture infomations saved to  global/fr-FR/README.md
[09:26:15] Picture infomations saved to global/fr-FR/history/2024/07/08_fr-FR.md
[09:26:15] Start geting global Bing Wallpaper, region=de-DE, local time is 2024-07-08 11:26:15.673456+02:00
[09:26:15] Successful get url: https://www.bing.com/th?id=OHR.NorwayBlueberries_DE-DE3041672461_UHD.jpg
[09:26:15] Picture infomations saved to  global/de-DE/README.md
[09:26:15] Picture infomations saved to global/de-DE/history/2024/07/08_de-DE.md
[09:26:15] Start geting global Bing Wallpaper, region=en-CA, local time is 2024-07-08 05:26:15.803261-04:00
[09:26:15] Successful get url: https://www.bing.com/th?id=OHR.NorwayBlueberries_EN-CA2657408447_UHD.jpg
[09:26:15] Picture infomations saved to  global/en-CA/README.md
[09:26:15] Picture infomations saved to global/en-CA/history/2024/07/09_en-CA.md
[09:26:15] Start geting global Bing Wallpaper, region=en-GB, local time is 2024-07-08 10:26:15.937587+01:00
[09:26:15] Successful get url: https://www.bing.com/th?id=OHR.NorwayBlueberries_EN-GB7208908364_UHD.jpg
[09:26:16] Picture infomations saved to  global/en-GB/README.md
[09:26:16] Picture infomations saved to global/en-GB/history/2024/07/08_en-GB.md
[09:26:16] Start geting global Bing Wallpaper, region=it-IT, local time is 2024-07-08 11:26:16.072527+02:00
[09:26:16] Successful get url: https://www.bing.com/th?id=OHR.NorwayBlueberries_IT-IT6071091887_UHD.jpg
[09:26:16] Picture infomations saved to  global/it-IT/README.md
[09:26:16] Picture infomations saved to global/it-IT/history/2024/07/08_it-IT.md
[09:26:16] Start geting global Bing Wallpaper, region=es-ES, local time is 2024-07-08 11:26:16.207944+02:00
[09:26:16] Successful get url: https://www.bing.com/th?id=OHR.NorwayBlueberries_ES-ES1837982963_UHD.jpg
[09:26:16] Picture infomations saved to  global/es-ES/README.md
[09:26:16] Picture infomations saved to global/es-ES/history/2024/07/08_es-ES.md
[09:26:16] Start geting global Bing Wallpaper, region=fr-CA, local time is 2024-07-08 05:26:16.303377-04:00
[09:26:16] Successful get url: https://www.bing.com/th?id=OHR.NorwayBlueberries_FR-CA7308941830_UHD.jpg
[09:26:16] Picture infomations saved to  global/fr-CA/README.md
[09:26:16] Picture infomations saved to global/fr-CA/history/2024/07/09_fr-CA.md
Program exit at 09:26:16

Program started at 16:13:26
Operating System Name: Linux
Operating System Version: #23~22.04.1-Ubuntu SMP Thu May  9 17:59:24 UTC 2024
System Architecture: ('64bit', 'ELF')
Computer Type: x86_64
Computer Name: fv-az881-65
Processor Type: x86_64
Python Version: 3.12.4
Python Interpreter Name: CPython
[16:13:27] Start geting CN Bing Wallpaper
[16:13:27] Successful get url: https://www.bing.com/th?id=OHR.TalampayaNP_ZH-CN7905859626_UHD.jpg
[16:13:27] Image saved to img/background.jpg
[16:13:27] Info saved to README.md
[16:13:27] Image saved to history/2024/07/09.md
[16:13:27] Start geting global Bing Wallpaper, region=en-US, local time is 2024-07-08 12:13:27.274838-04:00
[16:13:27] Successful get url: https://www.bing.com/th?id=OHR.NorwayBlueberries_EN-US4598733420_UHD.jpg
[16:13:27] Picture infomations saved to  global/en-US/README.md
[16:13:27] Picture infomations saved to global/en-US/history/2024/07/09_en-US.md
[16:13:27] Start geting global Bing Wallpaper, region=ja-JP, local time is 2024-07-09 01:13:27.405134+09:00
[16:13:27] Successful get url: https://www.bing.com/th?id=OHR.TalampayaNP_JA-JP2093558410_UHD.jpg
[16:13:27] Picture infomations saved to  global/ja-JP/README.md
[16:13:27] Picture infomations saved to global/ja-JP/history/2024/07/09_ja-JP.md
[16:13:27] Start geting global Bing Wallpaper, region=en-IN, local time is 2024-07-08 21:43:27.566707+05:30
[16:13:27] Successful get url: https://www.bing.com/th?id=OHR.NorwayBlueberries_EN-IN9622921626_UHD.jpg
[16:13:27] Picture infomations saved to  global/en-IN/README.md
[16:13:27] Picture infomations saved to global/en-IN/history/2024/07/08_en-IN.md
[16:13:27] Start geting global Bing Wallpaper, region=pt-BR, local time is 2024-07-08 13:13:27.715287-03:00
[16:13:27] Successful get url: https://www.bing.com/th?id=OHR.AniversarioOuroPreto_PT-BR1746358764_UHD.jpg
[16:13:27] Picture infomations saved to  global/pt-BR/README.md
[16:13:27] Picture infomations saved to global/pt-BR/history/2024/07/09_pt-BR.md
[16:13:27] Start geting global Bing Wallpaper, region=fr-FR, local time is 2024-07-08 18:13:27.822897+02:00
[16:13:27] Successful get url: https://www.bing.com/th?id=OHR.PontBordeaux_FR-FR0361302965_UHD.jpg
[16:13:27] Picture infomations saved to  global/fr-FR/README.md
[16:13:27] Picture infomations saved to global/fr-FR/history/2024/07/08_fr-FR.md
[16:13:27] Start geting global Bing Wallpaper, region=de-DE, local time is 2024-07-08 18:13:27.926289+02:00
[16:13:27] Successful get url: https://www.bing.com/th?id=OHR.NorwayBlueberries_DE-DE3041672461_UHD.jpg
[16:13:28] Picture infomations saved to  global/de-DE/README.md
[16:13:28] Picture infomations saved to global/de-DE/history/2024/07/08_de-DE.md
[16:13:28] Start geting global Bing Wallpaper, region=en-CA, local time is 2024-07-08 12:13:28.019742-04:00
[16:13:28] Successful get url: https://www.bing.com/th?id=OHR.NorwayBlueberries_EN-CA2657408447_UHD.jpg
[16:13:28] Picture infomations saved to  global/en-CA/README.md
[16:13:28] Picture infomations saved to global/en-CA/history/2024/07/09_en-CA.md
[16:13:28] Start geting global Bing Wallpaper, region=en-GB, local time is 2024-07-08 17:13:28.156487+01:00
[16:13:28] Successful get url: https://www.bing.com/th?id=OHR.NorwayBlueberries_EN-GB7208908364_UHD.jpg
[16:13:28] Picture infomations saved to  global/en-GB/README.md
[16:13:28] Picture infomations saved to global/en-GB/history/2024/07/08_en-GB.md
[16:13:28] Start geting global Bing Wallpaper, region=it-IT, local time is 2024-07-08 18:13:28.258262+02:00
[16:13:28] Successful get url: https://www.bing.com/th?id=OHR.NorwayBlueberries_IT-IT6071091887_UHD.jpg
[16:13:28] Picture infomations saved to  global/it-IT/README.md
[16:13:28] Picture infomations saved to global/it-IT/history/2024/07/08_it-IT.md
[16:13:28] Start geting global Bing Wallpaper, region=es-ES, local time is 2024-07-08 18:13:28.364985+02:00
[16:13:28] Successful get url: https://www.bing.com/th?id=OHR.NorwayBlueberries_ES-ES1837982963_UHD.jpg
[16:13:28] Picture infomations saved to  global/es-ES/README.md
[16:13:28] Picture infomations saved to global/es-ES/history/2024/07/08_es-ES.md
[16:13:28] Start geting global Bing Wallpaper, region=fr-CA, local time is 2024-07-08 12:13:28.465972-04:00
[16:13:28] Successful get url: https://www.bing.com/th?id=OHR.NorwayBlueberries_FR-CA7308941830_UHD.jpg
[16:13:28] Picture infomations saved to  global/fr-CA/README.md
[16:13:28] Picture infomations saved to global/fr-CA/history/2024/07/09_fr-CA.md
Program exit at 16:13:28
