
Program started at 09:25:47
Operating System Name: Linux
Operating System Version: #23~22.04.1-Ubuntu SMP Thu May  9 17:59:24 UTC 2024
System Architecture: ('64bit', 'ELF')
Computer Type: x86_64
Computer Name: fv-az775-255
Processor Type: x86_64
Python Version: 3.12.4
Python Interpreter Name: CPython
[09:25:47] Start geting CN Bing Wallpaper
[09:25:47] Successful get url: https://www.bing.com/th?id=OHR.ConwyRiver_ZH-CN6871799250_UHD.jpg
[09:25:47] Image saved to img/background.jpg
[09:25:47] Info saved to README.md
[09:25:47] Image saved to history/2024/07/06.md
[09:25:47] Start geting global Bing Wallpaper, region=en-US, local time is 2024-07-06 05:25:47.577884-04:00
[09:25:47] Successful get url: https://www.bing.com/th?id=OHR.ConwyRiver_EN-US4472231451_UHD.jpg
[09:25:47] Picture infomations saved to  global/en-US/README.md
[09:25:47] Picture infomations saved to global/en-US/history/2024/07/07_en-US.md
[09:25:47] Start geting global Bing Wallpaper, region=ja-JP, local time is 2024-07-06 18:25:47.717473+09:00
[09:25:47] Successful get url: https://www.bing.com/th?id=OHR.ConwyRiver_JA-JP1379612776_UHD.jpg
[09:25:47] Picture infomations saved to  global/ja-JP/README.md
[09:25:47] Picture infomations saved to global/ja-JP/history/2024/07/06_ja-JP.md
[09:25:47] Start geting global Bing Wallpaper, region=en-IN, local time is 2024-07-06 14:55:47.846441+05:30
[09:25:47] Successful get url: https://www.bing.com/th?id=OHR.ConwyRiver_EN-IN8974486695_UHD.jpg
[09:25:47] Picture infomations saved to  global/en-IN/README.md
[09:25:47] Picture infomations saved to global/en-IN/history/2024/07/06_en-IN.md
[09:25:47] Start geting global Bing Wallpaper, region=pt-BR, local time is 2024-07-06 06:25:47.980468-03:00
[09:25:48] Successful get url: https://www.bing.com/th?id=OHR.ConwyRiver_PT-BR8493712176_UHD.jpg
[09:25:48] Picture infomations saved to  global/pt-BR/README.md
[09:25:48] Picture infomations saved to global/pt-BR/history/2024/07/07_pt-BR.md
[09:25:48] Start geting global Bing Wallpaper, region=fr-FR, local time is 2024-07-06 11:25:48.121871+02:00
[09:25:48] Successful get url: https://www.bing.com/th?id=OHR.ConwyRiver_FR-FR8883858197_UHD.jpg
[09:25:48] Picture infomations saved to  global/fr-FR/README.md
[09:25:48] Picture infomations saved to global/fr-FR/history/2024/07/06_fr-FR.md
[09:25:48] Start geting global Bing Wallpaper, region=de-DE, local time is 2024-07-06 11:25:48.260505+02:00
[09:25:48] Successful get url: https://www.bing.com/th?id=OHR.ConwyRiver_DE-DE2411903151_UHD.jpg
[09:25:48] Picture infomations saved to  global/de-DE/README.md
[09:25:48] Picture infomations saved to global/de-DE/history/2024/07/06_de-DE.md
[09:25:48] Start geting global Bing Wallpaper, region=en-CA, local time is 2024-07-06 05:25:48.428478-04:00
[09:25:48] Successful get url: https://www.bing.com/th?id=OHR.ConwyRiver_EN-CA1909669827_UHD.jpg
[09:25:48] Picture infomations saved to  global/en-CA/README.md
[09:25:48] Picture infomations saved to global/en-CA/history/2024/07/07_en-CA.md
[09:25:48] Start geting global Bing Wallpaper, region=en-GB, local time is 2024-07-06 10:25:48.585468+01:00
[09:25:48] Successful get url: https://www.bing.com/th?id=OHR.ConwyRiver_EN-GB6240387587_UHD.jpg
[09:25:48] Picture infomations saved to  global/en-GB/README.md
[09:25:48] Picture infomations saved to global/en-GB/history/2024/07/06_en-GB.md
[09:25:48] Start geting global Bing Wallpaper, region=it-IT, local time is 2024-07-06 11:25:48.715885+02:00
[09:25:48] Successful get url: https://www.bing.com/th?id=OHR.ConwyRiver_IT-IT5239937929_UHD.jpg
[09:25:48] Picture infomations saved to  global/it-IT/README.md
[09:25:48] Picture infomations saved to global/it-IT/history/2024/07/06_it-IT.md
[09:25:48] Start geting global Bing Wallpaper, region=es-ES, local time is 2024-07-06 11:25:48.849341+02:00
[09:25:48] Successful get url: https://www.bing.com/th?id=OHR.ConwyRiver_ES-ES1249409412_UHD.jpg
[09:25:48] Picture infomations saved to  global/es-ES/README.md
[09:25:48] Picture infomations saved to global/es-ES/history/2024/07/06_es-ES.md
[09:25:48] Start geting global Bing Wallpaper, region=fr-CA, local time is 2024-07-06 05:25:48.985030-04:00
[09:25:49] Successful get url: https://www.bing.com/th?id=OHR.ConwyRiver_FR-CA6980269240_UHD.jpg
[09:25:49] Picture infomations saved to  global/fr-CA/README.md
[09:25:49] Picture infomations saved to global/fr-CA/history/2024/07/07_fr-CA.md
Program exit at 09:25:49
