
Program started at 09:25:00
Operating System Name: Linux
Operating System Version: #23~22.04.1-Ubuntu SMP Thu May  9 17:59:24 UTC 2024
System Architecture: ('64bit', 'ELF')
Computer Type: x86_64
Computer Name: fv-az2022-88
Processor Type: x86_64
Python Version: 3.12.4
Python Interpreter Name: CPython
[09:25:00] Start geting CN Bing Wallpaper
[09:25:00] Successful get url: https://www.bing.com/th?id=OHR.CollaredAracari_ZH-CN8787234462_UHD.jpg
[09:25:00] Image saved to img/background.jpg
[09:25:00] Info saved to README.md
[09:25:00] Image saved to history/2024/07/10.md
[09:25:00] Start geting global Bing Wallpaper, region=en-US, local time is 2024-07-10 05:25:00.954184-04:00
[09:25:01] Successful get url: https://www.bing.com/th?id=OHR.CollaredAracari_EN-US4924599176_UHD.jpg
[09:25:01] Picture infomations saved to  global/en-US/README.md
[09:25:01] Picture infomations saved to global/en-US/history/2024/07/11_en-US.md
[09:25:01] Start geting global Bing Wallpaper, region=ja-JP, local time is 2024-07-10 18:25:01.064466+09:00
[09:25:01] Successful get url: https://www.bing.com/th?id=OHR.Lanternplant2024_JA-JP2260534010_UHD.jpg
[09:25:01] Picture infomations saved to  global/ja-JP/README.md
[09:25:01] Picture infomations saved to global/ja-JP/history/2024/07/10_ja-JP.md
[09:25:01] Start geting global Bing Wallpaper, region=en-IN, local time is 2024-07-10 14:55:01.185631+05:30
[09:25:01] Successful get url: https://www.bing.com/th?id=OHR.CollaredAracari_EN-IN5723111528_UHD.jpg
[09:25:01] Picture infomations saved to  global/en-IN/README.md
[09:25:01] Picture infomations saved to global/en-IN/history/2024/07/10_en-IN.md
[09:25:01] Start geting global Bing Wallpaper, region=pt-BR, local time is 2024-07-10 06:25:01.293421-03:00
[09:25:01] Successful get url: https://www.bing.com/th?id=OHR.CollaredAracari_PT-BR9257323315_UHD.jpg
[09:25:01] Picture infomations saved to  global/pt-BR/README.md
[09:25:01] Picture infomations saved to global/pt-BR/history/2024/07/11_pt-BR.md
[09:25:01] Start geting global Bing Wallpaper, region=fr-FR, local time is 2024-07-10 11:25:01.400057+02:00
[09:25:01] Successful get url: https://www.bing.com/th?id=OHR.CollaredAracari_FR-FR3432712660_UHD.jpg
[09:25:01] Picture infomations saved to  global/fr-FR/README.md
[09:25:01] Picture infomations saved to global/fr-FR/history/2024/07/10_fr-FR.md
[09:25:01] Start geting global Bing Wallpaper, region=de-DE, local time is 2024-07-10 11:25:01.495973+02:00
[09:25:01] Successful get url: https://www.bing.com/th?id=OHR.CollaredAracari_DE-DE4220062788_UHD.jpg
[09:25:01] Picture infomations saved to  global/de-DE/README.md
[09:25:01] Picture infomations saved to global/de-DE/history/2024/07/10_de-DE.md
[09:25:01] Start geting global Bing Wallpaper, region=en-CA, local time is 2024-07-10 05:25:01.606361-04:00
[09:25:01] Successful get url: https://www.bing.com/th?id=OHR.CollaredAracari_EN-CA3486856563_UHD.jpg
[09:25:01] Picture infomations saved to  global/en-CA/README.md
[09:25:01] Picture infomations saved to global/en-CA/history/2024/07/11_en-CA.md
[09:25:01] Start geting global Bing Wallpaper, region=en-GB, local time is 2024-07-10 10:25:01.699820+01:00
[09:25:01] Successful get url: https://www.bing.com/th?id=OHR.CollaredAracari_EN-GB7730593943_UHD.jpg
[09:25:01] Picture infomations saved to  global/en-GB/README.md
[09:25:01] Picture infomations saved to global/en-GB/history/2024/07/10_en-GB.md
[09:25:01] Start geting global Bing Wallpaper, region=it-IT, local time is 2024-07-10 11:25:01.813847+02:00
[09:25:01] Successful get url: https://www.bing.com/th?id=OHR.UbudBali_IT-IT6720560821_UHD.jpg
[09:25:01] Picture infomations saved to  global/it-IT/README.md
[09:25:01] Picture infomations saved to global/it-IT/history/2024/07/10_it-IT.md
[09:25:01] Start geting global Bing Wallpaper, region=es-ES, local time is 2024-07-10 11:25:01.919818+02:00
[09:25:01] Successful get url: https://www.bing.com/th?id=OHR.CollaredAracari_ES-ES2235219577_UHD.jpg
[09:25:02] Picture infomations saved to  global/es-ES/README.md
[09:25:02] Picture infomations saved to global/es-ES/history/2024/07/10_es-ES.md
[09:25:02] Start geting global Bing Wallpaper, region=fr-CA, local time is 2024-07-10 05:25:02.016105-04:00
[09:25:02] Successful get url: https://www.bing.com/th?id=OHR.CollaredAracari_FR-CA7760432627_UHD.jpg
[09:25:02] Picture infomations saved to  global/fr-CA/README.md
[09:25:02] Picture infomations saved to global/fr-CA/history/2024/07/11_fr-CA.md
Program exit at 09:25:02
