
Program started at 09:22:46
Operating System Name: Linux
Operating System Version: #24~22.04.1-Ubuntu SMP Wed Jun 12 19:55:26 UTC 2024
System Architecture: ('64bit', 'ELF')
Computer Type: x86_64
Computer Name: fv-az730-940
Processor Type: x86_64
Python Version: 3.12.4
Python Interpreter Name: CPython
[09:22:46] Start geting CN Bing Wallpaper
[09:22:46] Successful get url: https://www.bing.com/th?id=OHR.CappadociaRocks_ZH-CN9283633861_UHD.jpg
[09:22:46] Image saved to img/background.jpg
[09:22:46] Info saved to README.md
[09:22:46] Image saved to history/2024/07/13.md
[09:22:46] Start geting global Bing Wallpaper, region=en-US, local time is 2024-07-13 05:22:46.399474-04:00
[09:22:46] Successful get url: https://www.bing.com/th?id=OHR.CappadociaRocks_EN-US8162611189_UHD.jpg
[09:22:46] Picture infomations saved to  global/en-US/README.md
[09:22:46] Picture infomations saved to global/en-US/history/2024/07/14_en-US.md
[09:22:46] Start geting global Bing Wallpaper, region=ja-JP, local time is 2024-07-13 18:22:46.530619+09:00
[09:22:46] Successful get url: https://www.bing.com/th?id=OHR.CappadociaRocks_JA-JP5563518724_UHD.jpg
[09:22:46] Picture infomations saved to  global/ja-JP/README.md
[09:22:46] Picture infomations saved to global/ja-JP/history/2024/07/13_ja-JP.md
[09:22:46] Start geting global Bing Wallpaper, region=en-IN, local time is 2024-07-13 14:52:46.652876+05:30
[09:22:46] Successful get url: https://www.bing.com/th?id=OHR.CappadociaRocks_EN-IN8308543174_UHD.jpg
[09:22:46] Picture infomations saved to  global/en-IN/README.md
[09:22:46] Picture infomations saved to global/en-IN/history/2024/07/13_en-IN.md
[09:22:46] Start geting global Bing Wallpaper, region=pt-BR, local time is 2024-07-13 06:22:46.737839-03:00
[09:22:46] Successful get url: https://www.bing.com/th?id=OHR.CappadociaRocks_PT-BR0064255602_UHD.jpg
[09:22:46] Picture infomations saved to  global/pt-BR/README.md
[09:22:46] Picture infomations saved to global/pt-BR/history/2024/07/14_pt-BR.md
[09:22:46] Start geting global Bing Wallpaper, region=fr-FR, local time is 2024-07-13 11:22:46.832089+02:00
[09:22:46] Successful get url: https://www.bing.com/th?id=OHR.CappadociaRocks_FR-FR1620184980_UHD.jpg
[09:22:46] Picture infomations saved to  global/fr-FR/README.md
[09:22:46] Picture infomations saved to global/fr-FR/history/2024/07/13_fr-FR.md
[09:22:46] Start geting global Bing Wallpaper, region=de-DE, local time is 2024-07-13 11:22:46.972694+02:00
[09:22:47] Successful get url: https://www.bing.com/th?id=OHR.CappadociaRocks_DE-DE6351998618_UHD.jpg
[09:22:47] Picture infomations saved to  global/de-DE/README.md
[09:22:47] Picture infomations saved to global/de-DE/history/2024/07/13_de-DE.md
[09:22:47] Start geting global Bing Wallpaper, region=en-CA, local time is 2024-07-13 05:22:47.091284-04:00
[09:22:47] Successful get url: https://www.bing.com/th?id=OHR.CappadociaRocks_EN-CA1807054291_UHD.jpg
[09:22:47] Picture infomations saved to  global/en-CA/README.md
[09:22:47] Picture infomations saved to global/en-CA/history/2024/07/14_en-CA.md
[09:22:47] Start geting global Bing Wallpaper, region=en-GB, local time is 2024-07-13 10:22:47.246344+01:00
[09:22:47] Successful get url: https://www.bing.com/th?id=OHR.CappadociaRocks_EN-GB3775326662_UHD.jpg
[09:22:47] Picture infomations saved to  global/en-GB/README.md
[09:22:47] Picture infomations saved to global/en-GB/history/2024/07/13_en-GB.md
[09:22:47] Start geting global Bing Wallpaper, region=it-IT, local time is 2024-07-13 11:22:47.328817+02:00
[09:22:47] Successful get url: https://www.bing.com/th?id=OHR.CappadociaRocks_IT-IT4089475911_UHD.jpg
[09:22:47] Picture infomations saved to  global/it-IT/README.md
[09:22:47] Picture infomations saved to global/it-IT/history/2024/07/13_it-IT.md
[09:22:47] Start geting global Bing Wallpaper, region=es-ES, local time is 2024-07-13 11:22:47.419396+02:00
[09:22:47] Successful get url: https://www.bing.com/th?id=OHR.CappadociaRocks_ES-ES4124443837_UHD.jpg
[09:22:47] Picture infomations saved to  global/es-ES/README.md
[09:22:47] Picture infomations saved to global/es-ES/history/2024/07/13_es-ES.md
[09:22:47] Start geting global Bing Wallpaper, region=fr-CA, local time is 2024-07-13 05:22:47.515490-04:00
[09:22:47] Successful get url: https://www.bing.com/th?id=OHR.CappadociaRocks_FR-CA8969564790_UHD.jpg
[09:22:47] Picture infomations saved to  global/fr-CA/README.md
[09:22:47] Picture infomations saved to global/fr-CA/history/2024/07/14_fr-CA.md
Program exit at 09:22:47

Program started at 16:11:10
Operating System Name: Linux
Operating System Version: #24~22.04.1-Ubuntu SMP Wed Jun 12 19:55:26 UTC 2024
System Architecture: ('64bit', 'ELF')
Computer Type: x86_64
Computer Name: fv-az1391-779
Processor Type: x86_64
Python Version: 3.12.4
Python Interpreter Name: CPython
[16:11:10] Start geting CN Bing Wallpaper
[16:11:11] Successful get url: https://www.bing.com/th?id=OHR.SilkyShark_ZH-CN9523915460_UHD.jpg
[16:11:11] Image saved to img/background.jpg
[16:11:11] Info saved to README.md
[16:11:11] Image saved to history/2024/07/14.md
[16:11:11] Start geting global Bing Wallpaper, region=en-US, local time is 2024-07-13 12:11:11.171053-04:00
[16:11:11] Successful get url: https://www.bing.com/th?id=OHR.CappadociaRocks_EN-US8162611189_UHD.jpg
[16:11:11] Picture infomations saved to  global/en-US/README.md
[16:11:11] Picture infomations saved to global/en-US/history/2024/07/14_en-US.md
[16:11:11] Start geting global Bing Wallpaper, region=ja-JP, local time is 2024-07-14 01:11:11.332769+09:00
[16:11:11] Successful get url: https://www.bing.com/th?id=OHR.MuseumIsland_JA-JP9009131694_UHD.jpg
[16:11:11] Picture infomations saved to  global/ja-JP/README.md
[16:11:11] Picture infomations saved to global/ja-JP/history/2024/07/14_ja-JP.md
[16:11:11] Start geting global Bing Wallpaper, region=en-IN, local time is 2024-07-13 21:41:11.515405+05:30
[16:11:11] Successful get url: https://www.bing.com/th?id=OHR.CappadociaRocks_EN-IN8308543174_UHD.jpg
[16:11:11] Picture infomations saved to  global/en-IN/README.md
[16:11:11] Picture infomations saved to global/en-IN/history/2024/07/13_en-IN.md
[16:11:11] Start geting global Bing Wallpaper, region=pt-BR, local time is 2024-07-13 13:11:11.968885-03:00
[16:11:12] Successful get url: https://www.bing.com/th?id=OHR.CappadociaRocks_PT-BR0064255602_UHD.jpg
[16:11:12] Picture infomations saved to  global/pt-BR/README.md
[16:11:12] Picture infomations saved to global/pt-BR/history/2024/07/14_pt-BR.md
[16:11:12] Start geting global Bing Wallpaper, region=fr-FR, local time is 2024-07-13 18:11:12.115248+02:00
[16:11:12] Successful get url: https://www.bing.com/th?id=OHR.CappadociaRocks_FR-FR1620184980_UHD.jpg
[16:11:12] Picture infomations saved to  global/fr-FR/README.md
[16:11:12] Picture infomations saved to global/fr-FR/history/2024/07/13_fr-FR.md
[16:11:12] Start geting global Bing Wallpaper, region=de-DE, local time is 2024-07-13 18:11:12.264411+02:00
[16:11:12] Successful get url: https://www.bing.com/th?id=OHR.CappadociaRocks_DE-DE6351998618_UHD.jpg
[16:11:12] Picture infomations saved to  global/de-DE/README.md
[16:11:12] Picture infomations saved to global/de-DE/history/2024/07/13_de-DE.md
[16:11:12] Start geting global Bing Wallpaper, region=en-CA, local time is 2024-07-13 12:11:12.614077-04:00
[16:11:12] Successful get url: https://www.bing.com/th?id=OHR.CappadociaRocks_EN-CA1807054291_UHD.jpg
[16:11:12] Picture infomations saved to  global/en-CA/README.md
[16:11:12] Picture infomations saved to global/en-CA/history/2024/07/14_en-CA.md
[16:11:12] Start geting global Bing Wallpaper, region=en-GB, local time is 2024-07-13 17:11:12.785598+01:00
[16:11:12] Successful get url: https://www.bing.com/th?id=OHR.CappadociaRocks_EN-GB3775326662_UHD.jpg
[16:11:12] Picture infomations saved to  global/en-GB/README.md
[16:11:12] Picture infomations saved to global/en-GB/history/2024/07/13_en-GB.md
[16:11:12] Start geting global Bing Wallpaper, region=it-IT, local time is 2024-07-13 18:11:12.929163+02:00
[16:11:12] Successful get url: https://www.bing.com/th?id=OHR.CappadociaRocks_IT-IT4089475911_UHD.jpg
[16:11:13] Picture infomations saved to  global/it-IT/README.md
[16:11:13] Picture infomations saved to global/it-IT/history/2024/07/13_it-IT.md
[16:11:13] Start geting global Bing Wallpaper, region=es-ES, local time is 2024-07-13 18:11:13.087507+02:00
[16:11:13] Successful get url: https://www.bing.com/th?id=OHR.CappadociaRocks_ES-ES4124443837_UHD.jpg
[16:11:13] Picture infomations saved to  global/es-ES/README.md
[16:11:13] Picture infomations saved to global/es-ES/history/2024/07/13_es-ES.md
[16:11:13] Start geting global Bing Wallpaper, region=fr-CA, local time is 2024-07-13 12:11:13.213266-04:00
[16:11:13] Successful get url: https://www.bing.com/th?id=OHR.CappadociaRocks_FR-CA8969564790_UHD.jpg
[16:11:13] Picture infomations saved to  global/fr-CA/README.md
[16:11:13] Picture infomations saved to global/fr-CA/history/2024/07/14_fr-CA.md
Program exit at 16:11:13
