
Program started at 09:25:43
Operating System Name: Linux
Operating System Version: #24~22.04.1-Ubuntu SMP Wed Jun 12 19:55:26 UTC 2024
System Architecture: ('64bit', 'ELF')
Computer Type: x86_64
Computer Name: fv-az1391-45
Processor Type: x86_64
Python Version: 3.12.4
Python Interpreter Name: CPython
[09:25:43] Start geting CN Bing Wallpaper
[09:25:43] Successful get url: https://www.bing.com/th?id=OHR.MethoniCastle_ZH-CN4054146065_UHD.jpg
[09:25:43] Image saved to img/background.jpg
[09:25:43] Info saved to README.md
[09:25:43] Image saved to history/2024/07/23.md
[09:25:43] Start geting global Bing Wallpaper, region=en-US, local time is 2024-07-23 05:25:43.416789-04:00
[09:25:43] Successful get url: https://www.bing.com/th?id=OHR.MethoniCastle_EN-US9447007951_UHD.jpg
[09:25:43] Picture infomations saved to  global/en-US/README.md
[09:25:43] Picture infomations saved to global/en-US/history/2024/07/24_en-US.md
[09:25:43] Start geting global Bing Wallpaper, region=ja-JP, local time is 2024-07-23 18:25:43.556424+09:00
[09:25:43] Successful get url: https://www.bing.com/th?id=OHR.MethoniCastle_JA-JP3234736349_UHD.jpg
[09:25:43] Picture infomations saved to  global/ja-JP/README.md
[09:25:43] Picture infomations saved to global/ja-JP/history/2024/07/23_ja-JP.md
[09:25:43] Start geting global Bing Wallpaper, region=en-IN, local time is 2024-07-23 14:55:43.701223+05:30
[09:25:43] Successful get url: https://www.bing.com/th?id=OHR.MethoniCastle_EN-IN6995431738_UHD.jpg
[09:25:43] Picture infomations saved to  global/en-IN/README.md
[09:25:43] Picture infomations saved to global/en-IN/history/2024/07/23_en-IN.md
[09:25:43] Start geting global Bing Wallpaper, region=pt-BR, local time is 2024-07-23 06:25:43.815942-03:00
[09:25:43] Successful get url: https://www.bing.com/th?id=OHR.MethoniCastle_PT-BR2033564506_UHD.jpg
[09:25:43] Picture infomations saved to  global/pt-BR/README.md
[09:25:43] Picture infomations saved to global/pt-BR/history/2024/07/24_pt-BR.md
[09:25:43] Start geting global Bing Wallpaper, region=fr-FR, local time is 2024-07-23 11:25:43.955457+02:00
[09:25:43] Successful get url: https://www.bing.com/th?id=OHR.MethoniCastle_FR-FR1765128924_UHD.jpg
[09:25:44] Picture infomations saved to  global/fr-FR/README.md
[09:25:44] Picture infomations saved to global/fr-FR/history/2024/07/23_fr-FR.md
[09:25:44] Start geting global Bing Wallpaper, region=de-DE, local time is 2024-07-23 11:25:44.100300+02:00
[09:25:44] Successful get url: https://www.bing.com/th?id=OHR.MethoniCastle_DE-DE8197335840_UHD.jpg
[09:25:44] Picture infomations saved to  global/de-DE/README.md
[09:25:44] Picture infomations saved to global/de-DE/history/2024/07/23_de-DE.md
[09:25:44] Start geting global Bing Wallpaper, region=en-CA, local time is 2024-07-23 05:25:44.228214-04:00
[09:25:44] Successful get url: https://www.bing.com/th?id=OHR.MethoniCastle_EN-CA0696523421_UHD.jpg
[09:25:44] Picture infomations saved to  global/en-CA/README.md
[09:25:44] Picture infomations saved to global/en-CA/history/2024/07/24_en-CA.md
[09:25:44] Start geting global Bing Wallpaper, region=en-GB, local time is 2024-07-23 10:25:44.363762+01:00
[09:25:44] Successful get url: https://www.bing.com/th?id=OHR.MethoniCastle_EN-GB9389537440_UHD.jpg
[09:25:44] Picture infomations saved to  global/en-GB/README.md
[09:25:44] Picture infomations saved to global/en-GB/history/2024/07/23_en-GB.md
[09:25:44] Start geting global Bing Wallpaper, region=it-IT, local time is 2024-07-23 11:25:44.475358+02:00
[09:25:44] Successful get url: https://www.bing.com/th?id=OHR.MethoniCastle_IT-IT2567271010_UHD.jpg
[09:25:44] Picture infomations saved to  global/it-IT/README.md
[09:25:44] Picture infomations saved to global/it-IT/history/2024/07/23_it-IT.md
[09:25:44] Start geting global Bing Wallpaper, region=es-ES, local time is 2024-07-23 11:25:44.606134+02:00
[09:25:44] Successful get url: https://www.bing.com/th?id=OHR.MethoniCastle_ES-ES0213833516_UHD.jpg
[09:25:44] Picture infomations saved to  global/es-ES/README.md
[09:25:44] Picture infomations saved to global/es-ES/history/2024/07/23_es-ES.md
[09:25:44] Start geting global Bing Wallpaper, region=fr-CA, local time is 2024-07-23 05:25:44.715590-04:00
[09:25:44] Successful get url: https://www.bing.com/th?id=OHR.MethoniCastle_FR-CA0782109984_UHD.jpg
[09:25:44] Picture infomations saved to  global/fr-CA/README.md
[09:25:44] Picture infomations saved to global/fr-CA/history/2024/07/24_fr-CA.md
Program exit at 09:25:44
