
Program started at 09:26:33
Operating System Name: Linux
Operating System Version: #24~22.04.1-Ubuntu SMP Wed Jun 12 19:55:26 UTC 2024
System Architecture: ('64bit', 'ELF')
Computer Type: x86_64
Computer Name: fv-az1148-616
Processor Type: x86_64
Python Version: 3.12.4
Python Interpreter Name: CPython
[09:26:33] Start geting CN Bing Wallpaper
[09:26:33] Successful get url: https://www.bing.com/th?id=OHR.AncientOrkney_ZH-CN1110318653_UHD.jpg
[09:26:33] Image saved to img/background.jpg
[09:26:33] Info saved to README.md
[09:26:33] Image saved to history/2024/07/16.md
[09:26:33] Start geting global Bing Wallpaper, region=en-US, local time is 2024-07-16 05:26:33.612358-04:00
[09:26:33] Successful get url: https://www.bing.com/th?id=OHR.AncientOrkney_EN-US8469766447_UHD.jpg
[09:26:33] Picture infomations saved to  global/en-US/README.md
[09:26:33] Picture infomations saved to global/en-US/history/2024/07/17_en-US.md
[09:26:33] Start geting global Bing Wallpaper, region=ja-JP, local time is 2024-07-16 18:26:33.717554+09:00
[09:26:33] Successful get url: https://www.bing.com/th?id=OHR.AncientOrkney_JA-JP2155595314_UHD.jpg
[09:26:33] Picture infomations saved to  global/ja-JP/README.md
[09:26:33] Picture infomations saved to global/ja-JP/history/2024/07/16_ja-JP.md
[09:26:33] Start geting global Bing Wallpaper, region=en-IN, local time is 2024-07-16 14:56:33.830860+05:30
[09:26:33] Successful get url: https://www.bing.com/th?id=OHR.HammockCamping_EN-IN2367011958_UHD.jpg
[09:26:33] Picture infomations saved to  global/en-IN/README.md
[09:26:33] Picture infomations saved to global/en-IN/history/2024/07/16_en-IN.md
[09:26:33] Start geting global Bing Wallpaper, region=pt-BR, local time is 2024-07-16 06:26:33.942465-03:00
[09:26:34] Successful get url: https://www.bing.com/th?id=OHR.AncientOrkney_PT-BR0835986378_UHD.jpg
[09:26:34] Picture infomations saved to  global/pt-BR/README.md
[09:26:34] Picture infomations saved to global/pt-BR/history/2024/07/17_pt-BR.md
[09:26:34] Start geting global Bing Wallpaper, region=fr-FR, local time is 2024-07-16 11:26:34.049697+02:00
[09:26:34] Successful get url: https://www.bing.com/th?id=OHR.AncientOrkney_FR-FR2608784328_UHD.jpg
[09:26:34] Picture infomations saved to  global/fr-FR/README.md
[09:26:34] Picture infomations saved to global/fr-FR/history/2024/07/16_fr-FR.md
[09:26:34] Start geting global Bing Wallpaper, region=de-DE, local time is 2024-07-16 11:26:34.158923+02:00
[09:26:34] Successful get url: https://www.bing.com/th?id=OHR.AncientOrkney_DE-DE5345026370_UHD.jpg
[09:26:34] Picture infomations saved to  global/de-DE/README.md
[09:26:34] Picture infomations saved to global/de-DE/history/2024/07/16_de-DE.md
[09:26:34] Start geting global Bing Wallpaper, region=en-CA, local time is 2024-07-16 05:26:34.261720-04:00
[09:26:34] Successful get url: https://www.bing.com/th?id=OHR.DinosaurProvPark_EN-CA7737524155_UHD.jpg
[09:26:34] Picture infomations saved to  global/en-CA/README.md
[09:26:34] Picture infomations saved to global/en-CA/history/2024/07/17_en-CA.md
[09:26:34] Start geting global Bing Wallpaper, region=en-GB, local time is 2024-07-16 10:26:34.373820+01:00
[09:26:34] Successful get url: https://www.bing.com/th?id=OHR.AncientOrkney_EN-GB6273973665_UHD.jpg
[09:26:34] Picture infomations saved to  global/en-GB/README.md
[09:26:34] Picture infomations saved to global/en-GB/history/2024/07/16_en-GB.md
[09:26:34] Start geting global Bing Wallpaper, region=it-IT, local time is 2024-07-16 11:26:34.486241+02:00
[09:26:34] Successful get url: https://www.bing.com/th?id=OHR.AncientOrkney_IT-IT9302214437_UHD.jpg
[09:26:34] Picture infomations saved to  global/it-IT/README.md
[09:26:34] Picture infomations saved to global/it-IT/history/2024/07/16_it-IT.md
[09:26:34] Start geting global Bing Wallpaper, region=es-ES, local time is 2024-07-16 11:26:34.581536+02:00
[09:26:34] Successful get url: https://www.bing.com/th?id=OHR.AncientOrkney_ES-ES6955943044_UHD.jpg
[09:26:34] Picture infomations saved to  global/es-ES/README.md
[09:26:34] Picture infomations saved to global/es-ES/history/2024/07/16_es-ES.md
[09:26:34] Start geting global Bing Wallpaper, region=fr-CA, local time is 2024-07-16 05:26:34.668828-04:00
[09:26:34] Successful get url: https://www.bing.com/th?id=OHR.DinosaurProvPark_FR-CA9600205303_UHD.jpg
[09:26:34] Picture infomations saved to  global/fr-CA/README.md
[09:26:34] Picture infomations saved to global/fr-CA/history/2024/07/17_fr-CA.md
Program exit at 09:26:34

Program started at 16:12:16
Operating System Name: Linux
Operating System Version: #24~22.04.1-Ubuntu SMP Wed Jun 12 19:55:26 UTC 2024
System Architecture: ('64bit', 'ELF')
Computer Type: x86_64
Computer Name: fv-az695-814
Processor Type: x86_64
Python Version: 3.12.4
Python Interpreter Name: CPython
[16:12:16] Start geting CN Bing Wallpaper
[16:12:16] Successful get url: https://www.bing.com/th?id=OHR.MedievalRothenburg_ZH-CN1522774136_UHD.jpg
[16:12:16] Image saved to img/background.jpg
[16:12:16] Info saved to README.md
[16:12:16] Image saved to history/2024/07/17.md
[16:12:16] Start geting global Bing Wallpaper, region=en-US, local time is 2024-07-16 12:12:16.470303-04:00
[16:12:16] Successful get url: https://www.bing.com/th?id=OHR.AncientOrkney_EN-US8469766447_UHD.jpg
[16:12:16] Picture infomations saved to  global/en-US/README.md
[16:12:16] Picture infomations saved to global/en-US/history/2024/07/17_en-US.md
[16:12:16] Start geting global Bing Wallpaper, region=ja-JP, local time is 2024-07-17 01:12:16.760844+09:00
[16:12:16] Successful get url: https://www.bing.com/th?id=OHR.GionFestival2024_JA-JP2391295161_UHD.jpg
[16:12:16] Picture infomations saved to  global/ja-JP/README.md
[16:12:16] Picture infomations saved to global/ja-JP/history/2024/07/17_ja-JP.md
[16:12:16] Start geting global Bing Wallpaper, region=en-IN, local time is 2024-07-16 21:42:16.883872+05:30
[16:12:16] Successful get url: https://www.bing.com/th?id=OHR.HammockCamping_EN-IN2367011958_UHD.jpg
[16:12:17] Picture infomations saved to  global/en-IN/README.md
[16:12:17] Picture infomations saved to global/en-IN/history/2024/07/16_en-IN.md
[16:12:17] Start geting global Bing Wallpaper, region=pt-BR, local time is 2024-07-16 13:12:17.031543-03:00
[16:12:17] Successful get url: https://www.bing.com/th?id=OHR.AncientOrkney_PT-BR0835986378_UHD.jpg
[16:12:17] Picture infomations saved to  global/pt-BR/README.md
[16:12:17] Picture infomations saved to global/pt-BR/history/2024/07/17_pt-BR.md
[16:12:17] Start geting global Bing Wallpaper, region=fr-FR, local time is 2024-07-16 18:12:17.335903+02:00
[16:12:17] Successful get url: https://www.bing.com/th?id=OHR.AncientOrkney_FR-FR2608784328_UHD.jpg
[16:12:17] Picture infomations saved to  global/fr-FR/README.md
[16:12:17] Picture infomations saved to global/fr-FR/history/2024/07/16_fr-FR.md
[16:12:17] Start geting global Bing Wallpaper, region=de-DE, local time is 2024-07-16 18:12:17.462991+02:00
[16:12:17] Successful get url: https://www.bing.com/th?id=OHR.AncientOrkney_DE-DE5345026370_UHD.jpg
[16:12:17] Picture infomations saved to  global/de-DE/README.md
[16:12:17] Picture infomations saved to global/de-DE/history/2024/07/16_de-DE.md
[16:12:17] Start geting global Bing Wallpaper, region=en-CA, local time is 2024-07-16 12:12:17.769296-04:00
[16:12:17] Successful get url: https://www.bing.com/th?id=OHR.DinosaurProvPark_EN-CA7737524155_UHD.jpg
[16:12:17] Picture infomations saved to  global/en-CA/README.md
[16:12:17] Picture infomations saved to global/en-CA/history/2024/07/17_en-CA.md
[16:12:17] Start geting global Bing Wallpaper, region=en-GB, local time is 2024-07-16 17:12:17.896004+01:00
[16:12:17] Successful get url: https://www.bing.com/th?id=OHR.AncientOrkney_EN-GB6273973665_UHD.jpg
[16:12:18] Picture infomations saved to  global/en-GB/README.md
[16:12:18] Picture infomations saved to global/en-GB/history/2024/07/16_en-GB.md
[16:12:18] Start geting global Bing Wallpaper, region=it-IT, local time is 2024-07-16 18:12:18.009135+02:00
[16:12:18] Successful get url: https://www.bing.com/th?id=OHR.AncientOrkney_IT-IT9302214437_UHD.jpg
[16:12:18] Picture infomations saved to  global/it-IT/README.md
[16:12:18] Picture infomations saved to global/it-IT/history/2024/07/16_it-IT.md
[16:12:18] Start geting global Bing Wallpaper, region=es-ES, local time is 2024-07-16 18:12:18.258130+02:00
[16:12:18] Successful get url: https://www.bing.com/th?id=OHR.AncientOrkney_ES-ES6955943044_UHD.jpg
[16:12:18] Picture infomations saved to  global/es-ES/README.md
[16:12:18] Picture infomations saved to global/es-ES/history/2024/07/16_es-ES.md
[16:12:18] Start geting global Bing Wallpaper, region=fr-CA, local time is 2024-07-16 12:12:18.359052-04:00
[16:12:18] Successful get url: https://www.bing.com/th?id=OHR.DinosaurProvPark_FR-CA9600205303_UHD.jpg
[16:12:18] Picture infomations saved to  global/fr-CA/README.md
[16:12:18] Picture infomations saved to global/fr-CA/history/2024/07/17_fr-CA.md
Program exit at 16:12:18
