
Program started at 09:28:48
Operating System Name: Linux
Operating System Version: #23~22.04.1-Ubuntu SMP Thu May  9 17:59:24 UTC 2024
System Architecture: ('64bit', 'ELF')
Computer Type: x86_64
Computer Name: fv-az1269-204
Processor Type: x86_64
Python Version: 3.12.4
Python Interpreter Name: CPython
[09:28:48] Start geting CN Bing Wallpaper
[09:28:48] Successful get url: https://www.bing.com/th?id=OHR.FisgardLighthouse_ZH-CN5474064913_UHD.jpg
[09:28:49] Image saved to img/background.jpg
[09:28:49] Info saved to README.md
[09:28:49] Image saved to history/2024/07/01.md
[09:28:49] Start geting global Bing Wallpaper, region=en-US, local time is 2024-07-01 05:28:49.143969-04:00
[09:28:49] Successful get url: https://www.bing.com/th?id=OHR.FisgardLighthouse_EN-US3880792118_UHD.jpg
[09:28:49] Picture infomations saved to  global/en-US/README.md
[09:28:49] Picture infomations saved to global/en-US/history/2024/07/02_en-US.md
[09:28:49] Start geting global Bing Wallpaper, region=ja-JP, local time is 2024-07-01 18:28:49.506254+09:00
[09:28:49] Successful get url: https://www.bing.com/th?id=OHR.FisgardLighthouse_JA-JP9618708130_UHD.jpg
[09:28:49] Picture infomations saved to  global/ja-JP/README.md
[09:28:49] Picture infomations saved to global/ja-JP/history/2024/07/01_ja-JP.md
[09:28:49] Start geting global Bing Wallpaper, region=en-IN, local time is 2024-07-01 14:58:49.806301+05:30
[09:28:49] Successful get url: https://www.bing.com/th?id=OHR.FisgardLighthouse_EN-IN6359811191_UHD.jpg
[09:28:50] Picture infomations saved to  global/en-IN/README.md
[09:28:50] Picture infomations saved to global/en-IN/history/2024/07/01_en-IN.md
[09:28:50] Start geting global Bing Wallpaper, region=pt-BR, local time is 2024-07-01 06:28:50.110491-03:00
[09:28:50] Successful get url: https://www.bing.com/th?id=OHR.FisgardLighthouse_PT-BR7039409660_UHD.jpg
[09:28:50] Picture infomations saved to  global/pt-BR/README.md
[09:28:50] Picture infomations saved to global/pt-BR/history/2024/07/02_pt-BR.md
[09:28:50] Start geting global Bing Wallpaper, region=fr-FR, local time is 2024-07-01 11:28:50.392530+02:00
[09:28:50] Successful get url: https://www.bing.com/th?id=OHR.FisgardLighthouse_FR-FR7596685906_UHD.jpg
[09:28:50] Picture infomations saved to  global/fr-FR/README.md
[09:28:50] Picture infomations saved to global/fr-FR/history/2024/07/01_fr-FR.md
[09:28:50] Start geting global Bing Wallpaper, region=de-DE, local time is 2024-07-01 11:28:50.652842+02:00
[09:28:50] Successful get url: https://www.bing.com/th?id=OHR.HeidelbergCastle_DE-DE7111251205_UHD.jpg
[09:28:50] Picture infomations saved to  global/de-DE/README.md
[09:28:50] Picture infomations saved to global/de-DE/history/2024/07/01_de-DE.md
[09:28:50] Start geting global Bing Wallpaper, region=en-CA, local time is 2024-07-01 05:28:50.939503-04:00
[09:28:51] Successful get url: https://www.bing.com/th?id=OHR.CanadaDayOttawa_EN-CA8916971167_UHD.jpg
[09:28:51] Picture infomations saved to  global/en-CA/README.md
[09:28:51] Picture infomations saved to global/en-CA/history/2024/07/02_en-CA.md
[09:28:51] Start geting global Bing Wallpaper, region=en-GB, local time is 2024-07-01 10:28:51.240031+01:00
[09:28:51] Successful get url: https://www.bing.com/th?id=OHR.FisgardLighthouse_EN-GB4370736522_UHD.jpg
[09:28:51] Picture infomations saved to  global/en-GB/README.md
[09:28:51] Picture infomations saved to global/en-GB/history/2024/07/01_en-GB.md
[09:28:51] Start geting global Bing Wallpaper, region=it-IT, local time is 2024-07-01 11:28:51.503962+02:00
[09:28:51] Successful get url: https://www.bing.com/th?id=OHR.ItalicaRuins_IT-IT3637207546_UHD.jpg
[09:28:51] Picture infomations saved to  global/it-IT/README.md
[09:28:51] Picture infomations saved to global/it-IT/history/2024/07/01_it-IT.md
[09:28:51] Start geting global Bing Wallpaper, region=es-ES, local time is 2024-07-01 11:28:51.770969+02:00
[09:28:51] Successful get url: https://www.bing.com/th?id=OHR.FisgardLighthouse_ES-ES6235120426_UHD.jpg
[09:28:52] Picture infomations saved to  global/es-ES/README.md
[09:28:52] Picture infomations saved to global/es-ES/history/2024/07/01_es-ES.md
[09:28:52] Start geting global Bing Wallpaper, region=fr-CA, local time is 2024-07-01 05:28:52.041782-04:00
[09:28:52] Successful get url: https://www.bing.com/th?id=OHR.CanadaDayOttawa_FR-CA8632022668_UHD.jpg
[09:28:52] Picture infomations saved to  global/fr-CA/README.md
[09:28:52] Picture infomations saved to global/fr-CA/history/2024/07/02_fr-CA.md
Program exit at 09:28:52

Program started at 16:12:35
Operating System Name: Linux
Operating System Version: #23~22.04.1-Ubuntu SMP Thu May  9 17:59:24 UTC 2024
System Architecture: ('64bit', 'ELF')
Computer Type: x86_64
Computer Name: fv-az1118-715
Processor Type: x86_64
Python Version: 3.12.4
Python Interpreter Name: CPython
[16:12:35] Start geting CN Bing Wallpaper
[16:12:35] Successful get url: https://www.bing.com/th?id=OHR.ItalicaRuins_ZH-CN5932138207_UHD.jpg
[16:12:35] Image saved to img/background.jpg
[16:12:35] Info saved to README.md
[16:12:35] Image saved to history/2024/07/02.md
[16:12:35] Start geting global Bing Wallpaper, region=en-US, local time is 2024-07-01 12:12:35.343481-04:00
[16:12:35] Successful get url: https://www.bing.com/th?id=OHR.FisgardLighthouse_EN-US3880792118_UHD.jpg
[16:12:35] Picture infomations saved to  global/en-US/README.md
[16:12:35] Picture infomations saved to global/en-US/history/2024/07/02_en-US.md
[16:12:35] Start geting global Bing Wallpaper, region=ja-JP, local time is 2024-07-02 01:12:35.499510+09:00
[16:12:35] Successful get url: https://www.bing.com/th?id=OHR.ItalicaRuins_JA-JP9815947599_UHD.jpg
[16:12:35] Picture infomations saved to  global/ja-JP/README.md
[16:12:35] Picture infomations saved to global/ja-JP/history/2024/07/02_ja-JP.md
[16:12:35] Start geting global Bing Wallpaper, region=en-IN, local time is 2024-07-01 21:42:35.633664+05:30
[16:12:35] Successful get url: https://www.bing.com/th?id=OHR.FisgardLighthouse_EN-IN6359811191_UHD.jpg
[16:12:35] Picture infomations saved to  global/en-IN/README.md
[16:12:35] Picture infomations saved to global/en-IN/history/2024/07/01_en-IN.md
[16:12:35] Start geting global Bing Wallpaper, region=pt-BR, local time is 2024-07-01 13:12:35.777442-03:00
[16:12:35] Successful get url: https://www.bing.com/th?id=OHR.FisgardLighthouse_PT-BR7039409660_UHD.jpg
[16:12:35] Picture infomations saved to  global/pt-BR/README.md
[16:12:35] Picture infomations saved to global/pt-BR/history/2024/07/02_pt-BR.md
[16:12:35] Start geting global Bing Wallpaper, region=fr-FR, local time is 2024-07-01 18:12:35.916634+02:00
[16:12:35] Successful get url: https://www.bing.com/th?id=OHR.FisgardLighthouse_FR-FR7596685906_UHD.jpg
[16:12:36] Picture infomations saved to  global/fr-FR/README.md
[16:12:36] Picture infomations saved to global/fr-FR/history/2024/07/01_fr-FR.md
[16:12:36] Start geting global Bing Wallpaper, region=de-DE, local time is 2024-07-01 18:12:36.412484+02:00
[16:12:36] Successful get url: https://www.bing.com/th?id=OHR.HeidelbergCastle_DE-DE7111251205_UHD.jpg
[16:12:36] Picture infomations saved to  global/de-DE/README.md
[16:12:36] Picture infomations saved to global/de-DE/history/2024/07/01_de-DE.md
[16:12:36] Start geting global Bing Wallpaper, region=en-CA, local time is 2024-07-01 12:12:36.775764-04:00
[16:12:36] Successful get url: https://www.bing.com/th?id=OHR.CanadaDayOttawa_EN-CA8916971167_UHD.jpg
[16:12:36] Picture infomations saved to  global/en-CA/README.md
[16:12:36] Picture infomations saved to global/en-CA/history/2024/07/02_en-CA.md
[16:12:36] Start geting global Bing Wallpaper, region=en-GB, local time is 2024-07-01 17:12:36.914405+01:00
[16:12:36] Successful get url: https://www.bing.com/th?id=OHR.FisgardLighthouse_EN-GB4370736522_UHD.jpg
[16:12:37] Picture infomations saved to  global/en-GB/README.md
[16:12:37] Picture infomations saved to global/en-GB/history/2024/07/01_en-GB.md
[16:12:37] Start geting global Bing Wallpaper, region=it-IT, local time is 2024-07-01 18:12:37.066357+02:00
[16:12:37] Successful get url: https://www.bing.com/th?id=OHR.ItalicaRuins_IT-IT3637207546_UHD.jpg
[16:12:37] Picture infomations saved to  global/it-IT/README.md
[16:12:37] Picture infomations saved to global/it-IT/history/2024/07/01_it-IT.md
[16:12:37] Start geting global Bing Wallpaper, region=es-ES, local time is 2024-07-01 18:12:37.197851+02:00
[16:12:37] Successful get url: https://www.bing.com/th?id=OHR.FisgardLighthouse_ES-ES6235120426_UHD.jpg
[16:12:37] Picture infomations saved to  global/es-ES/README.md
[16:12:37] Picture infomations saved to global/es-ES/history/2024/07/01_es-ES.md
[16:12:37] Start geting global Bing Wallpaper, region=fr-CA, local time is 2024-07-01 12:12:37.341494-04:00
[16:12:37] Successful get url: https://www.bing.com/th?id=OHR.CanadaDayOttawa_FR-CA8632022668_UHD.jpg
[16:12:37] Picture infomations saved to  global/fr-CA/README.md
[16:12:37] Picture infomations saved to global/fr-CA/history/2024/07/02_fr-CA.md
Program exit at 16:12:37
