
Program started at 09:24:18
Operating System Name: Linux
Operating System Version: #16~22.04.1-Ubuntu SMP Fri Feb 16 15:42:02 UTC 2024
System Architecture: ('64bit', 'ELF')
Computer Type: x86_64
Computer Name: fv-az1501-662
Processor Type: x86_64
Python Version: 3.12.2
Python Interpreter Name: CPython
[09:24:18] Start geting CN Bing Wallpaper
[09:24:18] Successful get url: https://www.bing.com/th?id=OHR.KyrgyzstanRainbow_ZH-CN8027219590_UHD.jpg
[09:24:18] Image saved to img/background.jpg
[09:24:18] Info saved to README.md
[09:24:18] Image saved to history/2024/04/03.md
[09:24:18] Start geting global Bing Wallpaper, region=en-US, local time is 2024-04-03 05:24:18.675993-04:00
[09:24:18] Successful get url: https://www.bing.com/th?id=OHR.KyrgyzstanRainbow_EN-US3266651913_UHD.jpg
[09:24:18] Picture infomations saved to  global/en-US/README.md
[09:24:18] Picture infomations saved to global/en-US/history/2024/04/04_en-US.md
[09:24:18] Start geting global Bing Wallpaper, region=ja-JP, local time is 2024-04-03 18:24:18.867026+09:00
[09:24:18] Successful get url: https://www.bing.com/th?id=OHR.KyrgyzstanRainbow_JA-JP6458656191_UHD.jpg
[09:24:19] Picture infomations saved to  global/ja-JP/README.md
[09:24:19] Picture infomations saved to global/ja-JP/history/2024/04/03_ja-JP.md
[09:24:19] Start geting global Bing Wallpaper, region=en-IN, local time is 2024-04-03 14:54:19.074802+05:30
[09:24:19] Successful get url: https://www.bing.com/th?id=OHR.TeaPlantation_EN-IN7563100977_UHD.jpg
[09:24:19] Picture infomations saved to  global/en-IN/README.md
[09:24:19] Picture infomations saved to global/en-IN/history/2024/04/03_en-IN.md
[09:24:19] Start geting global Bing Wallpaper, region=pt-BR, local time is 2024-04-03 06:24:19.312254-03:00
[09:24:19] Successful get url: https://www.bing.com/th?id=OHR.KyrgyzstanRainbow_PT-BR1032098140_UHD.jpg
[09:24:19] Picture infomations saved to  global/pt-BR/README.md
[09:24:19] Picture infomations saved to global/pt-BR/history/2024/04/04_pt-BR.md
[09:24:19] Start geting global Bing Wallpaper, region=fr-FR, local time is 2024-04-03 11:24:19.509642+02:00
[09:24:19] Successful get url: https://www.bing.com/th?id=OHR.ChambordCastle_FR-FR1183220484_UHD.jpg
[09:24:19] Picture infomations saved to  global/fr-FR/README.md
[09:24:19] Picture infomations saved to global/fr-FR/history/2024/04/03_fr-FR.md
[09:24:19] Start geting global Bing Wallpaper, region=de-DE, local time is 2024-04-03 11:24:19.754104+02:00
[09:24:19] Successful get url: https://www.bing.com/th?id=OHR.KyrgyzstanRainbow_DE-DE6804066855_UHD.jpg
[09:24:19] Picture infomations saved to  global/de-DE/README.md
[09:24:19] Picture infomations saved to global/de-DE/history/2024/04/03_de-DE.md
[09:24:19] Start geting global Bing Wallpaper, region=en-CA, local time is 2024-04-03 05:24:19.943998-04:00
[09:24:20] Successful get url: https://www.bing.com/th?id=OHR.PacificRimNationalPark_EN-CA1275623465_UHD.jpg
[09:24:20] Picture infomations saved to  global/en-CA/README.md
[09:24:20] Picture infomations saved to global/en-CA/history/2024/04/04_en-CA.md
[09:24:20] Start geting global Bing Wallpaper, region=en-GB, local time is 2024-04-03 10:24:20.131431+01:00
[09:24:20] Successful get url: https://www.bing.com/th?id=OHR.NewcastleUponTyneUK_EN-GB5615473754_UHD.jpg
[09:24:20] Picture infomations saved to  global/en-GB/README.md
[09:24:20] Picture infomations saved to global/en-GB/history/2024/04/03_en-GB.md
[09:24:20] Start geting global Bing Wallpaper, region=it-IT, local time is 2024-04-03 11:24:20.399062+02:00
[09:24:20] Successful get url: https://www.bing.com/th?id=OHR.KyrgyzstanRainbow_IT-IT9404693194_UHD.jpg
[09:24:20] Picture infomations saved to  global/it-IT/README.md
[09:24:20] Picture infomations saved to global/it-IT/history/2024/04/03_it-IT.md
[09:24:20] Start geting global Bing Wallpaper, region=es-ES, local time is 2024-04-03 11:24:20.597827+02:00
[09:24:20] Successful get url: https://www.bing.com/th?id=OHR.KyrgyzstanRainbow_ES-ES0679850164_UHD.jpg
[09:24:20] Picture infomations saved to  global/es-ES/README.md
[09:24:20] Picture infomations saved to global/es-ES/history/2024/04/03_es-ES.md
[09:24:20] Start geting global Bing Wallpaper, region=fr-CA, local time is 2024-04-03 05:24:20.795150-04:00
[09:24:20] Successful get url: https://www.bing.com/th?id=OHR.PacificRimNationalPark_FR-CA2619127702_UHD.jpg
[09:24:20] Picture infomations saved to  global/fr-CA/README.md
[09:24:20] Picture infomations saved to global/fr-CA/history/2024/04/04_fr-CA.md
Program exit at 09:24:20

Program started at 16:11:27
Operating System Name: Linux
Operating System Version: #17~22.04.1-Ubuntu SMP Sat Mar  9 04:50:38 UTC 2024
System Architecture: ('64bit', 'ELF')
Computer Type: x86_64
Computer Name: fv-az1040-586
Processor Type: x86_64
Python Version: 3.12.2
Python Interpreter Name: CPython
[16:11:27] Start geting CN Bing Wallpaper
[16:11:27] Successful get url: https://www.bing.com/th?id=OHR.AntelopeBotswana_ZH-CN8253323519_UHD.jpg
[16:11:27] Image saved to img/background.jpg
[16:11:27] Info saved to README.md
[16:11:27] Image saved to history/2024/04/04.md
[16:11:27] Start geting global Bing Wallpaper, region=en-US, local time is 2024-04-03 12:11:27.488681-04:00
[16:11:27] Successful get url: https://www.bing.com/th?id=OHR.KyrgyzstanRainbow_EN-US3266651913_UHD.jpg
[16:11:27] Picture infomations saved to  global/en-US/README.md
[16:11:27] Picture infomations saved to global/en-US/history/2024/04/04_en-US.md
[16:11:27] Start geting global Bing Wallpaper, region=ja-JP, local time is 2024-04-04 01:11:27.684421+09:00
[16:11:27] Successful get url: https://www.bing.com/th?id=OHR.YoshinoyamaSpring_JA-JP6657067611_UHD.jpg
[16:11:27] Picture infomations saved to  global/ja-JP/README.md
[16:11:27] Picture infomations saved to global/ja-JP/history/2024/04/04_ja-JP.md
[16:11:27] Start geting global Bing Wallpaper, region=en-IN, local time is 2024-04-03 21:41:27.850687+05:30
[16:11:27] Successful get url: https://www.bing.com/th?id=OHR.TeaPlantation_EN-IN7563100977_UHD.jpg
[16:11:28] Picture infomations saved to  global/en-IN/README.md
[16:11:28] Picture infomations saved to global/en-IN/history/2024/04/03_en-IN.md
[16:11:28] Start geting global Bing Wallpaper, region=pt-BR, local time is 2024-04-03 13:11:28.036806-03:00
[16:11:28] Successful get url: https://www.bing.com/th?id=OHR.KyrgyzstanRainbow_PT-BR1032098140_UHD.jpg
[16:11:28] Picture infomations saved to  global/pt-BR/README.md
[16:11:28] Picture infomations saved to global/pt-BR/history/2024/04/04_pt-BR.md
[16:11:28] Start geting global Bing Wallpaper, region=fr-FR, local time is 2024-04-03 18:11:28.200695+02:00
[16:11:28] Successful get url: https://www.bing.com/th?id=OHR.ChambordCastle_FR-FR1183220484_UHD.jpg
[16:11:28] Picture infomations saved to  global/fr-FR/README.md
[16:11:28] Picture infomations saved to global/fr-FR/history/2024/04/03_fr-FR.md
[16:11:28] Start geting global Bing Wallpaper, region=de-DE, local time is 2024-04-03 18:11:28.355716+02:00
[16:11:28] Successful get url: https://www.bing.com/th?id=OHR.KyrgyzstanRainbow_DE-DE6804066855_UHD.jpg
[16:11:28] Picture infomations saved to  global/de-DE/README.md
[16:11:28] Picture infomations saved to global/de-DE/history/2024/04/03_de-DE.md
[16:11:28] Start geting global Bing Wallpaper, region=en-CA, local time is 2024-04-03 12:11:28.619688-04:00
[16:11:28] Successful get url: https://www.bing.com/th?id=OHR.PacificRimNationalPark_EN-CA1275623465_UHD.jpg
[16:11:28] Picture infomations saved to  global/en-CA/README.md
[16:11:28] Picture infomations saved to global/en-CA/history/2024/04/04_en-CA.md
[16:11:28] Start geting global Bing Wallpaper, region=en-GB, local time is 2024-04-03 17:11:28.873290+01:00
[16:11:28] Successful get url: https://www.bing.com/th?id=OHR.NewcastleUponTyneUK_EN-GB5615473754_UHD.jpg
[16:11:29] Picture infomations saved to  global/en-GB/README.md
[16:11:29] Picture infomations saved to global/en-GB/history/2024/04/03_en-GB.md
[16:11:29] Start geting global Bing Wallpaper, region=it-IT, local time is 2024-04-03 18:11:29.113094+02:00
[16:11:29] Successful get url: https://www.bing.com/th?id=OHR.KyrgyzstanRainbow_IT-IT9404693194_UHD.jpg
[16:11:29] Picture infomations saved to  global/it-IT/README.md
[16:11:29] Picture infomations saved to global/it-IT/history/2024/04/03_it-IT.md
[16:11:29] Start geting global Bing Wallpaper, region=es-ES, local time is 2024-04-03 18:11:29.374737+02:00
[16:11:29] Successful get url: https://www.bing.com/th?id=OHR.KyrgyzstanRainbow_ES-ES0679850164_UHD.jpg
[16:11:29] Picture infomations saved to  global/es-ES/README.md
[16:11:29] Picture infomations saved to global/es-ES/history/2024/04/03_es-ES.md
[16:11:29] Start geting global Bing Wallpaper, region=fr-CA, local time is 2024-04-03 12:11:29.546770-04:00
[16:11:29] Successful get url: https://www.bing.com/th?id=OHR.PacificRimNationalPark_FR-CA2619127702_UHD.jpg
[16:11:29] Picture infomations saved to  global/fr-CA/README.md
[16:11:29] Picture infomations saved to global/fr-CA/history/2024/04/04_fr-CA.md
Program exit at 16:11:29
