
Program started at 09:22:19
Operating System Name: Linux
Operating System Version: #17~22.04.1-Ubuntu SMP Sat Mar  9 04:50:38 UTC 2024
System Architecture: ('64bit', 'ELF')
Computer Type: x86_64
Computer Name: fv-az1487-303
Processor Type: x86_64
Python Version: 3.12.2
Python Interpreter Name: CPython
[09:22:19] Start geting CN Bing Wallpaper
[09:22:19] Successful get url: https://www.bing.com/th?id=OHR.DragonWaterfall_ZH-CN9580105565_UHD.jpg
[09:22:19] Image saved to img/background.jpg
[09:22:19] Info saved to README.md
[09:22:19] Image saved to history/2024/04/11.md
[09:22:19] Start geting global Bing Wallpaper, region=en-US, local time is 2024-04-11 05:22:19.548715-04:00
[09:22:19] Successful get url: https://www.bing.com/th?id=OHR.DragonWaterfall_EN-US2799967886_UHD.jpg
[09:22:19] Picture infomations saved to  global/en-US/README.md
[09:22:19] Picture infomations saved to global/en-US/history/2024/04/12_en-US.md
[09:22:19] Start geting global Bing Wallpaper, region=ja-JP, local time is 2024-04-11 18:22:19.725704+09:00
[09:22:19] Successful get url: https://www.bing.com/th?id=OHR.DragonWaterfall_JA-JP4588588498_UHD.jpg
[09:22:19] Picture infomations saved to  global/ja-JP/README.md
[09:22:19] Picture infomations saved to global/ja-JP/history/2024/04/11_ja-JP.md
[09:22:19] Start geting global Bing Wallpaper, region=en-IN, local time is 2024-04-11 14:52:19.910438+05:30
[09:22:19] Successful get url: https://www.bing.com/th?id=OHR.EidPrayers_EN-IN0060751560_UHD.jpg
[09:22:20] Picture infomations saved to  global/en-IN/README.md
[09:22:20] Picture infomations saved to global/en-IN/history/2024/04/11_en-IN.md
[09:22:20] Start geting global Bing Wallpaper, region=pt-BR, local time is 2024-04-11 06:22:20.121062-03:00
[09:22:20] Successful get url: https://www.bing.com/th?id=OHR.DragonWaterfall_PT-BR5875441012_UHD.jpg
[09:22:20] Picture infomations saved to  global/pt-BR/README.md
[09:22:20] Picture infomations saved to global/pt-BR/history/2024/04/12_pt-BR.md
[09:22:20] Start geting global Bing Wallpaper, region=fr-FR, local time is 2024-04-11 11:22:20.326117+02:00
[09:22:20] Successful get url: https://www.bing.com/th?id=OHR.DragonWaterfall_FR-FR6498141179_UHD.jpg
[09:22:20] Picture infomations saved to  global/fr-FR/README.md
[09:22:20] Picture infomations saved to global/fr-FR/history/2024/04/11_fr-FR.md
[09:22:20] Start geting global Bing Wallpaper, region=de-DE, local time is 2024-04-11 11:22:20.504093+02:00
[09:22:20] Successful get url: https://www.bing.com/th?id=OHR.DragonWaterfall_DE-DE4647448695_UHD.jpg
[09:22:20] Picture infomations saved to  global/de-DE/README.md
[09:22:20] Picture infomations saved to global/de-DE/history/2024/04/11_de-DE.md
[09:22:20] Start geting global Bing Wallpaper, region=en-CA, local time is 2024-04-11 05:22:20.714344-04:00
[09:22:20] Successful get url: https://www.bing.com/th?id=OHR.DragonWaterfall_EN-CA2526860272_UHD.jpg
[09:22:20] Picture infomations saved to  global/en-CA/README.md
[09:22:20] Picture infomations saved to global/en-CA/history/2024/04/12_en-CA.md
[09:22:20] Start geting global Bing Wallpaper, region=en-GB, local time is 2024-04-11 10:22:20.928802+01:00
[09:22:21] Successful get url: https://www.bing.com/th?id=OHR.DragonWaterfall_EN-GB5111698733_UHD.jpg
[09:22:21] Picture infomations saved to  global/en-GB/README.md
[09:22:21] Picture infomations saved to global/en-GB/history/2024/04/11_en-GB.md
[09:22:21] Start geting global Bing Wallpaper, region=it-IT, local time is 2024-04-11 11:22:21.135078+02:00
[09:22:21] Successful get url: https://www.bing.com/th?id=OHR.DragonWaterfall_IT-IT3577761002_UHD.jpg
[09:22:21] Picture infomations saved to  global/it-IT/README.md
[09:22:21] Picture infomations saved to global/it-IT/history/2024/04/11_it-IT.md
[09:22:21] Start geting global Bing Wallpaper, region=es-ES, local time is 2024-04-11 11:22:21.379081+02:00
[09:22:21] Successful get url: https://www.bing.com/th?id=OHR.DragonWaterfall_ES-ES7444409826_UHD.jpg
[09:22:21] Picture infomations saved to  global/es-ES/README.md
[09:22:21] Picture infomations saved to global/es-ES/history/2024/04/11_es-ES.md
[09:22:21] Start geting global Bing Wallpaper, region=fr-CA, local time is 2024-04-11 05:22:21.567897-04:00
[09:22:21] Successful get url: https://www.bing.com/th?id=OHR.DragonWaterfall_FR-CA2237979317_UHD.jpg
[09:22:21] Picture infomations saved to  global/fr-CA/README.md
[09:22:21] Picture infomations saved to global/fr-CA/history/2024/04/12_fr-CA.md
Program exit at 09:22:21

Program started at 16:10:32
Operating System Name: Linux
Operating System Version: #17~22.04.1-Ubuntu SMP Sat Mar  9 04:50:38 UTC 2024
System Architecture: ('64bit', 'ELF')
Computer Type: x86_64
Computer Name: fv-az774-42
Processor Type: x86_64
Python Version: 3.12.2
Python Interpreter Name: CPython
[16:10:32] Start geting CN Bing Wallpaper
[16:10:32] Successful get url: https://www.bing.com/th?id=OHR.SunsetArchesNP_ZH-CN9875945974_UHD.jpg
[16:10:32] Image saved to img/background.jpg
[16:10:32] Info saved to README.md
[16:10:32] Image saved to history/2024/04/12.md
[16:10:32] Start geting global Bing Wallpaper, region=en-US, local time is 2024-04-11 12:10:32.917371-04:00
[16:10:33] Successful get url: https://www.bing.com/th?id=OHR.DragonWaterfall_EN-US2799967886_UHD.jpg
[16:10:33] Picture infomations saved to  global/en-US/README.md
[16:10:33] Picture infomations saved to global/en-US/history/2024/04/12_en-US.md
[16:10:33] Start geting global Bing Wallpaper, region=ja-JP, local time is 2024-04-12 01:10:33.090265+09:00
[16:10:33] Successful get url: https://www.bing.com/th?id=OHR.SunsetArchesNP_JA-JP4875080007_UHD.jpg
[16:10:33] Picture infomations saved to  global/ja-JP/README.md
[16:10:33] Picture infomations saved to global/ja-JP/history/2024/04/12_ja-JP.md
[16:10:33] Start geting global Bing Wallpaper, region=en-IN, local time is 2024-04-11 21:40:33.264571+05:30
[16:10:33] Successful get url: https://www.bing.com/th?id=OHR.EidPrayers_EN-IN0060751560_UHD.jpg
[16:10:33] Picture infomations saved to  global/en-IN/README.md
[16:10:33] Picture infomations saved to global/en-IN/history/2024/04/11_en-IN.md
[16:10:33] Start geting global Bing Wallpaper, region=pt-BR, local time is 2024-04-11 13:10:33.491499-03:00
[16:10:33] Successful get url: https://www.bing.com/th?id=OHR.DragonWaterfall_PT-BR5875441012_UHD.jpg
[16:10:33] Picture infomations saved to  global/pt-BR/README.md
[16:10:33] Picture infomations saved to global/pt-BR/history/2024/04/12_pt-BR.md
[16:10:33] Start geting global Bing Wallpaper, region=fr-FR, local time is 2024-04-11 18:10:33.683978+02:00
[16:10:33] Successful get url: https://www.bing.com/th?id=OHR.DragonWaterfall_FR-FR6498141179_UHD.jpg
[16:10:33] Picture infomations saved to  global/fr-FR/README.md
[16:10:33] Picture infomations saved to global/fr-FR/history/2024/04/11_fr-FR.md
[16:10:33] Start geting global Bing Wallpaper, region=de-DE, local time is 2024-04-11 18:10:33.908914+02:00
[16:10:33] Successful get url: https://www.bing.com/th?id=OHR.DragonWaterfall_DE-DE4647448695_UHD.jpg
[16:10:34] Picture infomations saved to  global/de-DE/README.md
[16:10:34] Picture infomations saved to global/de-DE/history/2024/04/11_de-DE.md
[16:10:34] Start geting global Bing Wallpaper, region=en-CA, local time is 2024-04-11 12:10:34.083025-04:00
[16:10:34] Successful get url: https://www.bing.com/th?id=OHR.DragonWaterfall_EN-CA2526860272_UHD.jpg
[16:10:34] Picture infomations saved to  global/en-CA/README.md
[16:10:34] Picture infomations saved to global/en-CA/history/2024/04/12_en-CA.md
[16:10:34] Start geting global Bing Wallpaper, region=en-GB, local time is 2024-04-11 17:10:34.238450+01:00
[16:10:34] Successful get url: https://www.bing.com/th?id=OHR.DragonWaterfall_EN-GB5111698733_UHD.jpg
[16:10:34] Picture infomations saved to  global/en-GB/README.md
[16:10:34] Picture infomations saved to global/en-GB/history/2024/04/11_en-GB.md
[16:10:34] Start geting global Bing Wallpaper, region=it-IT, local time is 2024-04-11 18:10:34.421469+02:00
[16:10:34] Successful get url: https://www.bing.com/th?id=OHR.DragonWaterfall_IT-IT3577761002_UHD.jpg
[16:10:34] Picture infomations saved to  global/it-IT/README.md
[16:10:34] Picture infomations saved to global/it-IT/history/2024/04/11_it-IT.md
[16:10:34] Start geting global Bing Wallpaper, region=es-ES, local time is 2024-04-11 18:10:34.588503+02:00
[16:10:34] Successful get url: https://www.bing.com/th?id=OHR.DragonWaterfall_ES-ES7444409826_UHD.jpg
[16:10:34] Picture infomations saved to  global/es-ES/README.md
[16:10:34] Picture infomations saved to global/es-ES/history/2024/04/11_es-ES.md
[16:10:34] Start geting global Bing Wallpaper, region=fr-CA, local time is 2024-04-11 12:10:34.775223-04:00
[16:10:34] Successful get url: https://www.bing.com/th?id=OHR.DragonWaterfall_FR-CA2237979317_UHD.jpg
[16:10:35] Picture infomations saved to  global/fr-CA/README.md
[16:10:35] Picture infomations saved to global/fr-CA/history/2024/04/12_fr-CA.md
Program exit at 16:10:35
