
Program started at 09:22:40
Operating System Name: Linux
Operating System Version: #19~22.04.2-Ubuntu SMP Thu Mar 21 16:45:46 UTC 2024
System Architecture: ('64bit', 'ELF')
Computer Type: x86_64
Computer Name: fv-az1215-32
Processor Type: x86_64
Python Version: 3.12.3
Python Interpreter Name: CPython
[09:22:40] Start geting CN Bing Wallpaper
[09:22:40] Successful get url: https://www.bing.com/th?id=OHR.CadesCove_ZH-CN3950297181_UHD.jpg
[09:22:40] Image saved to img/background.jpg
[09:22:40] Info saved to README.md
[09:22:40] Image saved to history/2024/04/21.md
[09:22:40] Start geting global Bing Wallpaper, region=en-US, local time is 2024-04-21 05:22:40.512534-04:00
[09:22:40] Successful get url: https://www.bing.com/th?id=OHR.CadesCove_EN-US4359486356_UHD.jpg
[09:22:40] Picture infomations saved to  global/en-US/README.md
[09:22:40] Picture infomations saved to global/en-US/history/2024/04/22_en-US.md
[09:22:40] Start geting global Bing Wallpaper, region=ja-JP, local time is 2024-04-21 18:22:40.670916+09:00
[09:22:40] Successful get url: https://www.bing.com/th?id=OHR.CadesCove_JA-JP4163759564_UHD.jpg
[09:22:40] Picture infomations saved to  global/ja-JP/README.md
[09:22:40] Picture infomations saved to global/ja-JP/history/2024/04/21_ja-JP.md
[09:22:40] Start geting global Bing Wallpaper, region=en-IN, local time is 2024-04-21 14:52:40.862918+05:30
[09:22:40] Successful get url: https://www.bing.com/th?id=OHR.CadesCove_EN-IN8065236190_UHD.jpg
[09:22:41] Picture infomations saved to  global/en-IN/README.md
[09:22:41] Picture infomations saved to global/en-IN/history/2024/04/21_en-IN.md
[09:22:41] Start geting global Bing Wallpaper, region=pt-BR, local time is 2024-04-21 06:22:41.009087-03:00
[09:22:41] Successful get url: https://www.bing.com/th?id=OHR.CadesCove_PT-BR2584359483_UHD.jpg
[09:22:41] Picture infomations saved to  global/pt-BR/README.md
[09:22:41] Picture infomations saved to global/pt-BR/history/2024/04/22_pt-BR.md
[09:22:41] Start geting global Bing Wallpaper, region=fr-FR, local time is 2024-04-21 11:22:41.160884+02:00
[09:22:41] Successful get url: https://www.bing.com/th?id=OHR.ChauseyIslands_FR-FR2335923449_UHD.jpg
[09:22:41] Picture infomations saved to  global/fr-FR/README.md
[09:22:41] Picture infomations saved to global/fr-FR/history/2024/04/21_fr-FR.md
[09:22:41] Start geting global Bing Wallpaper, region=de-DE, local time is 2024-04-21 11:22:41.321746+02:00
[09:22:41] Successful get url: https://www.bing.com/th?id=OHR.CologneFlowerBed_DE-DE3966467653_UHD.jpg
[09:22:41] Picture infomations saved to  global/de-DE/README.md
[09:22:41] Picture infomations saved to global/de-DE/history/2024/04/21_de-DE.md
[09:22:41] Start geting global Bing Wallpaper, region=en-CA, local time is 2024-04-21 05:22:41.471721-04:00
[09:22:41] Successful get url: https://www.bing.com/th?id=OHR.CadesCove_EN-CA1410633031_UHD.jpg
[09:22:41] Picture infomations saved to  global/en-CA/README.md
[09:22:41] Picture infomations saved to global/en-CA/history/2024/04/22_en-CA.md
[09:22:41] Start geting global Bing Wallpaper, region=en-GB, local time is 2024-04-21 10:22:41.628293+01:00
[09:22:41] Successful get url: https://www.bing.com/th?id=OHR.LondonMarathon2017_EN-GB9757388511_UHD.jpg
[09:22:41] Picture infomations saved to  global/en-GB/README.md
[09:22:41] Picture infomations saved to global/en-GB/history/2024/04/21_en-GB.md
[09:22:41] Start geting global Bing Wallpaper, region=it-IT, local time is 2024-04-21 11:22:41.767596+02:00
[09:22:41] Successful get url: https://www.bing.com/th?id=OHR.CadesCove_IT-IT3109778366_UHD.jpg
[09:22:41] Picture infomations saved to  global/it-IT/README.md
[09:22:41] Picture infomations saved to global/it-IT/history/2024/04/21_it-IT.md
[09:22:41] Start geting global Bing Wallpaper, region=es-ES, local time is 2024-04-21 11:22:41.909535+02:00
[09:22:41] Successful get url: https://www.bing.com/th?id=OHR.CadesCove_ES-ES1523935320_UHD.jpg
[09:22:42] Picture infomations saved to  global/es-ES/README.md
[09:22:42] Picture infomations saved to global/es-ES/history/2024/04/21_es-ES.md
[09:22:42] Start geting global Bing Wallpaper, region=fr-CA, local time is 2024-04-21 05:22:42.054914-04:00
[09:22:42] Successful get url: https://www.bing.com/th?id=OHR.CadesCove_FR-CA3331686496_UHD.jpg
[09:22:42] Picture infomations saved to  global/fr-CA/README.md
[09:22:42] Picture infomations saved to global/fr-CA/history/2024/04/22_fr-CA.md
Program exit at 09:22:42

Program started at 16:11:45
Operating System Name: Linux
Operating System Version: #19~22.04.2-Ubuntu SMP Thu Mar 21 16:45:46 UTC 2024
System Architecture: ('64bit', 'ELF')
Computer Type: x86_64
Computer Name: fv-az1146-510
Processor Type: x86_64
Python Version: 3.12.3
Python Interpreter Name: CPython
[16:11:45] Start geting CN Bing Wallpaper
[16:11:45] Successful get url: https://www.bing.com/th?id=OHR.EarthDayTurtle_ZH-CN4642042701_UHD.jpg
[16:11:45] Image saved to img/background.jpg
[16:11:45] Info saved to README.md
[16:11:45] Image saved to history/2024/04/22.md
[16:11:45] Start geting global Bing Wallpaper, region=en-US, local time is 2024-04-21 12:11:45.564101-04:00
[16:11:45] Successful get url: https://www.bing.com/th?id=OHR.CadesCove_EN-US4359486356_UHD.jpg
[16:11:45] Picture infomations saved to  global/en-US/README.md
[16:11:45] Picture infomations saved to global/en-US/history/2024/04/22_en-US.md
[16:11:45] Start geting global Bing Wallpaper, region=ja-JP, local time is 2024-04-22 01:11:45.747173+09:00
[16:11:45] Successful get url: https://www.bing.com/th?id=OHR.EarthDayTurtle_JA-JP4280227627_UHD.jpg
[16:11:45] Picture infomations saved to  global/ja-JP/README.md
[16:11:45] Picture infomations saved to global/ja-JP/history/2024/04/22_ja-JP.md
[16:11:45] Start geting global Bing Wallpaper, region=en-IN, local time is 2024-04-21 21:41:45.981823+05:30
[16:11:46] Successful get url: https://www.bing.com/th?id=OHR.CadesCove_EN-IN8065236190_UHD.jpg
[16:11:46] Picture infomations saved to  global/en-IN/README.md
[16:11:46] Picture infomations saved to global/en-IN/history/2024/04/21_en-IN.md
[16:11:46] Start geting global Bing Wallpaper, region=pt-BR, local time is 2024-04-21 13:11:46.223497-03:00
[16:11:46] Successful get url: https://www.bing.com/th?id=OHR.CadesCove_PT-BR2584359483_UHD.jpg
[16:11:46] Picture infomations saved to  global/pt-BR/README.md
[16:11:46] Picture infomations saved to global/pt-BR/history/2024/04/22_pt-BR.md
[16:11:46] Start geting global Bing Wallpaper, region=fr-FR, local time is 2024-04-21 18:11:46.426105+02:00
[16:11:46] Successful get url: https://www.bing.com/th?id=OHR.ChauseyIslands_FR-FR2335923449_UHD.jpg
[16:11:46] Picture infomations saved to  global/fr-FR/README.md
[16:11:46] Picture infomations saved to global/fr-FR/history/2024/04/21_fr-FR.md
[16:11:46] Start geting global Bing Wallpaper, region=de-DE, local time is 2024-04-21 18:11:46.678563+02:00
[16:11:46] Successful get url: https://www.bing.com/th?id=OHR.CologneFlowerBed_DE-DE3966467653_UHD.jpg
[16:11:46] Picture infomations saved to  global/de-DE/README.md
[16:11:46] Picture infomations saved to global/de-DE/history/2024/04/21_de-DE.md
[16:11:46] Start geting global Bing Wallpaper, region=en-CA, local time is 2024-04-21 12:11:46.943605-04:00
[16:11:47] Successful get url: https://www.bing.com/th?id=OHR.CadesCove_EN-CA1410633031_UHD.jpg
[16:11:47] Picture infomations saved to  global/en-CA/README.md
[16:11:47] Picture infomations saved to global/en-CA/history/2024/04/22_en-CA.md
[16:11:47] Start geting global Bing Wallpaper, region=en-GB, local time is 2024-04-21 17:11:47.171881+01:00
[16:11:47] Successful get url: https://www.bing.com/th?id=OHR.LondonMarathon2017_EN-GB9757388511_UHD.jpg
[16:11:47] Picture infomations saved to  global/en-GB/README.md
[16:11:47] Picture infomations saved to global/en-GB/history/2024/04/21_en-GB.md
[16:11:47] Start geting global Bing Wallpaper, region=it-IT, local time is 2024-04-21 18:11:47.421372+02:00
[16:11:47] Successful get url: https://www.bing.com/th?id=OHR.CadesCove_IT-IT3109778366_UHD.jpg
[16:11:47] Picture infomations saved to  global/it-IT/README.md
[16:11:47] Picture infomations saved to global/it-IT/history/2024/04/21_it-IT.md
[16:11:47] Start geting global Bing Wallpaper, region=es-ES, local time is 2024-04-21 18:11:47.635905+02:00
[16:11:47] Successful get url: https://www.bing.com/th?id=OHR.CadesCove_ES-ES1523935320_UHD.jpg
[16:11:47] Picture infomations saved to  global/es-ES/README.md
[16:11:47] Picture infomations saved to global/es-ES/history/2024/04/21_es-ES.md
[16:11:47] Start geting global Bing Wallpaper, region=fr-CA, local time is 2024-04-21 12:11:47.879841-04:00
[16:11:47] Successful get url: https://www.bing.com/th?id=OHR.CadesCove_FR-CA3331686496_UHD.jpg
[16:11:48] Picture infomations saved to  global/fr-CA/README.md
[16:11:48] Picture infomations saved to global/fr-CA/history/2024/04/22_fr-CA.md
Program exit at 16:11:48
