
Program started at 09:23:12
Operating System Name: Linux
Operating System Version: #19~22.04.2-Ubuntu SMP Thu Mar 21 16:45:46 UTC 2024
System Architecture: ('64bit', 'ELF')
Computer Type: x86_64
Computer Name: fv-az1205-535
Processor Type: x86_64
Python Version: 3.12.3
Python Interpreter Name: CPython
[09:23:13] Start geting CN Bing Wallpaper
[09:23:13] Successful get url: https://www.bing.com/th?id=OHR.OrkneyStones_ZH-CN2287350110_UHD.jpg
[09:23:13] Image saved to img/background.jpg
[09:23:13] Info saved to README.md
[09:23:13] Image saved to history/2024/04/19.md
[09:23:13] Start geting global Bing Wallpaper, region=en-US, local time is 2024-04-19 05:23:13.232160-04:00
[09:23:13] Successful get url: https://www.bing.com/th?id=OHR.OrkneyStones_EN-US3355508244_UHD.jpg
[09:23:13] Picture infomations saved to  global/en-US/README.md
[09:23:13] Picture infomations saved to global/en-US/history/2024/04/20_en-US.md
[09:23:13] Start geting global Bing Wallpaper, region=ja-JP, local time is 2024-04-19 18:23:13.452428+09:00
[09:23:13] Successful get url: https://www.bing.com/th?id=OHR.OrkneyStones_JA-JP3906042620_UHD.jpg
[09:23:13] Picture infomations saved to  global/ja-JP/README.md
[09:23:13] Picture infomations saved to global/ja-JP/history/2024/04/19_ja-JP.md
[09:23:13] Start geting global Bing Wallpaper, region=en-IN, local time is 2024-04-19 14:53:13.678513+05:30
[09:23:13] Successful get url: https://www.bing.com/th?id=OHR.OrkneyStones_EN-IN7374836671_UHD.jpg
[09:23:13] Picture infomations saved to  global/en-IN/README.md
[09:23:13] Picture infomations saved to global/en-IN/history/2024/04/19_en-IN.md
[09:23:13] Start geting global Bing Wallpaper, region=pt-BR, local time is 2024-04-19 06:23:13.894411-03:00
[09:23:13] Successful get url: https://www.bing.com/th?id=OHR.PovoIndigena_PT-BR1924645253_UHD.jpg
[09:23:14] Picture infomations saved to  global/pt-BR/README.md
[09:23:14] Picture infomations saved to global/pt-BR/history/2024/04/20_pt-BR.md
[09:23:14] Start geting global Bing Wallpaper, region=fr-FR, local time is 2024-04-19 11:23:14.162602+02:00
[09:23:14] Successful get url: https://www.bing.com/th?id=OHR.OrkneyStones_FR-FR1638921700_UHD.jpg
[09:23:14] Picture infomations saved to  global/fr-FR/README.md
[09:23:14] Picture infomations saved to global/fr-FR/history/2024/04/19_fr-FR.md
[09:23:14] Start geting global Bing Wallpaper, region=de-DE, local time is 2024-04-19 11:23:14.368341+02:00
[09:23:14] Successful get url: https://www.bing.com/th?id=OHR.OrkneyStones_DE-DE4276550885_UHD.jpg
[09:23:14] Picture infomations saved to  global/de-DE/README.md
[09:23:14] Picture infomations saved to global/de-DE/history/2024/04/19_de-DE.md
[09:23:14] Start geting global Bing Wallpaper, region=en-CA, local time is 2024-04-19 05:23:14.585114-04:00
[09:23:14] Successful get url: https://www.bing.com/th?id=OHR.OrkneyStones_EN-CA6136487173_UHD.jpg
[09:23:14] Picture infomations saved to  global/en-CA/README.md
[09:23:14] Picture infomations saved to global/en-CA/history/2024/04/20_en-CA.md
[09:23:14] Start geting global Bing Wallpaper, region=en-GB, local time is 2024-04-19 10:23:14.793272+01:00
[09:23:14] Successful get url: https://www.bing.com/th?id=OHR.OrkneyStones_EN-GB3162909571_UHD.jpg
[09:23:15] Picture infomations saved to  global/en-GB/README.md
[09:23:15] Picture infomations saved to global/en-GB/history/2024/04/19_en-GB.md
[09:23:15] Start geting global Bing Wallpaper, region=it-IT, local time is 2024-04-19 11:23:15.009760+02:00
[09:23:15] Successful get url: https://www.bing.com/th?id=OHR.PerugiaPriori_IT-IT0077173597_UHD.jpg
[09:23:15] Picture infomations saved to  global/it-IT/README.md
[09:23:15] Picture infomations saved to global/it-IT/history/2024/04/19_it-IT.md
[09:23:15] Start geting global Bing Wallpaper, region=es-ES, local time is 2024-04-19 11:23:15.230700+02:00
[09:23:15] Successful get url: https://www.bing.com/th?id=OHR.OrkneyStones_ES-ES1176985734_UHD.jpg
[09:23:15] Picture infomations saved to  global/es-ES/README.md
[09:23:15] Picture infomations saved to global/es-ES/history/2024/04/19_es-ES.md
[09:23:15] Start geting global Bing Wallpaper, region=fr-CA, local time is 2024-04-19 05:23:15.433960-04:00
[09:23:15] Successful get url: https://www.bing.com/th?id=OHR.OrkneyStones_FR-CA2648833702_UHD.jpg
[09:23:15] Picture infomations saved to  global/fr-CA/README.md
[09:23:15] Picture infomations saved to global/fr-CA/history/2024/04/20_fr-CA.md
Program exit at 09:23:15
