
Program started at 09:22:01
Operating System Name: Linux
Operating System Version: #16~22.04.1-Ubuntu SMP Fri Feb 16 15:42:02 UTC 2024
System Architecture: ('64bit', 'ELF')
Computer Type: x86_64
Computer Name: fv-az651-360
Processor Type: x86_64
Python Version: 3.12.2
Python Interpreter Name: CPython
[09:22:01] Start geting CN Bing Wallpaper
[09:22:01] Successful get url: https://www.bing.com/th?id=OHR.AntelopeBotswana_ZH-CN8253323519_UHD.jpg
[09:22:01] Image saved to img/background.jpg
[09:22:01] Info saved to README.md
[09:22:01] Image saved to history/2024/04/04.md
[09:22:01] Start geting global Bing Wallpaper, region=en-US, local time is 2024-04-04 05:22:01.882156-04:00
[09:22:01] Successful get url: https://www.bing.com/th?id=OHR.AntelopeBotswana_EN-US3335739405_UHD.jpg
[09:22:02] Picture infomations saved to  global/en-US/README.md
[09:22:02] Picture infomations saved to global/en-US/history/2024/04/05_en-US.md
[09:22:02] Start geting global Bing Wallpaper, region=ja-JP, local time is 2024-04-04 18:22:02.147611+09:00
[09:22:02] Successful get url: https://www.bing.com/th?id=OHR.YoshinoyamaSpring_JA-JP6657067611_UHD.jpg
[09:22:02] Picture infomations saved to  global/ja-JP/README.md
[09:22:02] Picture infomations saved to global/ja-JP/history/2024/04/04_ja-JP.md
[09:22:02] Start geting global Bing Wallpaper, region=en-IN, local time is 2024-04-04 14:52:02.463777+05:30
[09:22:02] Successful get url: https://www.bing.com/th?id=OHR.AntelopeBotswana_EN-IN7984191548_UHD.jpg
[09:22:02] Picture infomations saved to  global/en-IN/README.md
[09:22:02] Picture infomations saved to global/en-IN/history/2024/04/04_en-IN.md
[09:22:02] Start geting global Bing Wallpaper, region=pt-BR, local time is 2024-04-04 06:22:02.713433-03:00
[09:22:02] Successful get url: https://www.bing.com/th?id=OHR.AntelopeBotswana_PT-BR1126611308_UHD.jpg
[09:22:02] Picture infomations saved to  global/pt-BR/README.md
[09:22:02] Picture infomations saved to global/pt-BR/history/2024/04/05_pt-BR.md
[09:22:02] Start geting global Bing Wallpaper, region=fr-FR, local time is 2024-04-04 11:22:02.981875+02:00
[09:22:03] Successful get url: https://www.bing.com/th?id=OHR.AntelopeBotswana_FR-FR1380338577_UHD.jpg
[09:22:03] Picture infomations saved to  global/fr-FR/README.md
[09:22:03] Picture infomations saved to global/fr-FR/history/2024/04/04_fr-FR.md
[09:22:03] Start geting global Bing Wallpaper, region=de-DE, local time is 2024-04-04 11:22:03.281825+02:00
[09:22:03] Successful get url: https://www.bing.com/th?id=OHR.AntelopeBotswana_DE-DE6866899384_UHD.jpg
[09:22:03] Picture infomations saved to  global/de-DE/README.md
[09:22:03] Picture infomations saved to global/de-DE/history/2024/04/04_de-DE.md
[09:22:03] Start geting global Bing Wallpaper, region=en-CA, local time is 2024-04-04 05:22:03.468358-04:00
[09:22:03] Successful get url: https://www.bing.com/th?id=OHR.AntelopeBotswana_EN-CA1764175316_UHD.jpg
[09:22:03] Picture infomations saved to  global/en-CA/README.md
[09:22:03] Picture infomations saved to global/en-CA/history/2024/04/05_en-CA.md
[09:22:03] Start geting global Bing Wallpaper, region=en-GB, local time is 2024-04-04 10:22:03.648594+01:00
[09:22:03] Successful get url: https://www.bing.com/th?id=OHR.AntelopeBotswana_EN-GB5529352670_UHD.jpg
[09:22:03] Picture infomations saved to  global/en-GB/README.md
[09:22:03] Picture infomations saved to global/en-GB/history/2024/04/04_en-GB.md
[09:22:03] Start geting global Bing Wallpaper, region=it-IT, local time is 2024-04-04 11:22:03.865810+02:00
[09:22:03] Successful get url: https://www.bing.com/th?id=OHR.DolomitesSeiserAlm_IT-IT7507692792_UHD.jpg
[09:22:04] Picture infomations saved to  global/it-IT/README.md
[09:22:04] Picture infomations saved to global/it-IT/history/2024/04/04_it-IT.md
[09:22:04] Start geting global Bing Wallpaper, region=es-ES, local time is 2024-04-04 11:22:04.063614+02:00
[09:22:04] Successful get url: https://www.bing.com/th?id=OHR.AntelopeBotswana_ES-ES0796068308_UHD.jpg
[09:22:04] Picture infomations saved to  global/es-ES/README.md
[09:22:04] Picture infomations saved to global/es-ES/history/2024/04/04_es-ES.md
[09:22:04] Start geting global Bing Wallpaper, region=fr-CA, local time is 2024-04-04 05:22:04.248699-04:00
[09:22:04] Successful get url: https://www.bing.com/th?id=OHR.AntelopeBotswana_FR-CA7386810053_UHD.jpg
[09:22:04] Picture infomations saved to  global/fr-CA/README.md
[09:22:04] Picture infomations saved to global/fr-CA/history/2024/04/05_fr-CA.md
Program exit at 09:22:04

Program started at 16:11:43
Operating System Name: Linux
Operating System Version: #16~22.04.1-Ubuntu SMP Fri Feb 16 15:42:02 UTC 2024
System Architecture: ('64bit', 'ELF')
Computer Type: x86_64
Computer Name: fv-az1543-228
Processor Type: x86_64
Python Version: 3.12.2
Python Interpreter Name: CPython
[16:11:43] Start geting CN Bing Wallpaper
[16:11:43] Successful get url: https://www.bing.com/th?id=OHR.BahamasSpace_ZH-CN8053657656_UHD.jpg
[16:11:43] Image saved to img/background.jpg
[16:11:43] Info saved to README.md
[16:11:43] Image saved to history/2024/04/05.md
[16:11:43] Start geting global Bing Wallpaper, region=en-US, local time is 2024-04-04 12:11:43.934360-04:00
[16:11:44] Successful get url: https://www.bing.com/th?id=OHR.AntelopeBotswana_EN-US3335739405_UHD.jpg
[16:11:44] Picture infomations saved to  global/en-US/README.md
[16:11:44] Picture infomations saved to global/en-US/history/2024/04/05_en-US.md
[16:11:44] Start geting global Bing Wallpaper, region=ja-JP, local time is 2024-04-05 01:11:44.146020+09:00
[16:11:44] Successful get url: https://www.bing.com/th?id=OHR.BahamasSpace_JA-JP3451367539_UHD.jpg
[16:11:44] Picture infomations saved to  global/ja-JP/README.md
[16:11:44] Picture infomations saved to global/ja-JP/history/2024/04/05_ja-JP.md
[16:11:44] Start geting global Bing Wallpaper, region=en-IN, local time is 2024-04-04 21:41:44.411455+05:30
[16:11:44] Successful get url: https://www.bing.com/th?id=OHR.AntelopeBotswana_EN-IN7984191548_UHD.jpg
[16:11:44] Picture infomations saved to  global/en-IN/README.md
[16:11:44] Picture infomations saved to global/en-IN/history/2024/04/04_en-IN.md
[16:11:44] Start geting global Bing Wallpaper, region=pt-BR, local time is 2024-04-04 13:11:44.672515-03:00
[16:11:44] Successful get url: https://www.bing.com/th?id=OHR.AntelopeBotswana_PT-BR1126611308_UHD.jpg
[16:11:44] Picture infomations saved to  global/pt-BR/README.md
[16:11:44] Picture infomations saved to global/pt-BR/history/2024/04/05_pt-BR.md
[16:11:44] Start geting global Bing Wallpaper, region=fr-FR, local time is 2024-04-04 18:11:44.950360+02:00
[16:11:45] Successful get url: https://www.bing.com/th?id=OHR.AntelopeBotswana_FR-FR1380338577_UHD.jpg
[16:11:45] Picture infomations saved to  global/fr-FR/README.md
[16:11:45] Picture infomations saved to global/fr-FR/history/2024/04/04_fr-FR.md
[16:11:45] Start geting global Bing Wallpaper, region=de-DE, local time is 2024-04-04 18:11:45.189197+02:00
[16:11:45] Successful get url: https://www.bing.com/th?id=OHR.AntelopeBotswana_DE-DE6866899384_UHD.jpg
[16:11:45] Picture infomations saved to  global/de-DE/README.md
[16:11:45] Picture infomations saved to global/de-DE/history/2024/04/04_de-DE.md
[16:11:45] Start geting global Bing Wallpaper, region=en-CA, local time is 2024-04-04 12:11:45.454047-04:00
[16:11:45] Successful get url: https://www.bing.com/th?id=OHR.AntelopeBotswana_EN-CA1764175316_UHD.jpg
[16:11:45] Picture infomations saved to  global/en-CA/README.md
[16:11:45] Picture infomations saved to global/en-CA/history/2024/04/05_en-CA.md
[16:11:45] Start geting global Bing Wallpaper, region=en-GB, local time is 2024-04-04 17:11:45.704634+01:00
[16:11:45] Successful get url: https://www.bing.com/th?id=OHR.AntelopeBotswana_EN-GB5529352670_UHD.jpg
[16:11:45] Picture infomations saved to  global/en-GB/README.md
[16:11:45] Picture infomations saved to global/en-GB/history/2024/04/04_en-GB.md
[16:11:45] Start geting global Bing Wallpaper, region=it-IT, local time is 2024-04-04 18:11:45.972216+02:00
[16:11:46] Successful get url: https://www.bing.com/th?id=OHR.DolomitesSeiserAlm_IT-IT7507692792_UHD.jpg
[16:11:46] Picture infomations saved to  global/it-IT/README.md
[16:11:46] Picture infomations saved to global/it-IT/history/2024/04/04_it-IT.md
[16:11:46] Start geting global Bing Wallpaper, region=es-ES, local time is 2024-04-04 18:11:46.251856+02:00
[16:11:46] Successful get url: https://www.bing.com/th?id=OHR.AntelopeBotswana_ES-ES0796068308_UHD.jpg
[16:11:46] Picture infomations saved to  global/es-ES/README.md
[16:11:46] Picture infomations saved to global/es-ES/history/2024/04/04_es-ES.md
[16:11:46] Start geting global Bing Wallpaper, region=fr-CA, local time is 2024-04-04 12:11:46.530962-04:00
[16:11:46] Successful get url: https://www.bing.com/th?id=OHR.AntelopeBotswana_FR-CA7386810053_UHD.jpg
[16:11:46] Picture infomations saved to  global/fr-CA/README.md
[16:11:46] Picture infomations saved to global/fr-CA/history/2024/04/05_fr-CA.md
Program exit at 16:11:46
