
Program started at 09:22:47
Operating System Name: Linux
Operating System Version: #17~22.04.1-Ubuntu SMP Sat Mar  9 04:50:38 UTC 2024
System Architecture: ('64bit', 'ELF')
Computer Type: x86_64
Computer Name: fv-az1433-687
Processor Type: x86_64
Python Version: 3.12.2
Python Interpreter Name: CPython
[09:22:47] Start geting CN Bing Wallpaper
[09:22:47] Successful get url: https://www.bing.com/th?id=OHR.SunsetArchesNP_ZH-CN9875945974_UHD.jpg
[09:22:47] Image saved to img/background.jpg
[09:22:47] Info saved to README.md
[09:22:47] Image saved to history/2024/04/12.md
[09:22:47] Start geting global Bing Wallpaper, region=en-US, local time is 2024-04-12 05:22:47.263001-04:00
[09:22:47] Successful get url: https://www.bing.com/th?id=OHR.SunsetArchesNP_EN-US2974318595_UHD.jpg
[09:22:47] Picture infomations saved to  global/en-US/README.md
[09:22:47] Picture infomations saved to global/en-US/history/2024/04/13_en-US.md
[09:22:47] Start geting global Bing Wallpaper, region=ja-JP, local time is 2024-04-12 18:22:47.436443+09:00
[09:22:47] Successful get url: https://www.bing.com/th?id=OHR.SunsetArchesNP_JA-JP4875080007_UHD.jpg
[09:22:47] Picture infomations saved to  global/ja-JP/README.md
[09:22:47] Picture infomations saved to global/ja-JP/history/2024/04/12_ja-JP.md
[09:22:47] Start geting global Bing Wallpaper, region=en-IN, local time is 2024-04-12 14:52:47.588556+05:30
[09:22:47] Successful get url: https://www.bing.com/th?id=OHR.SunsetArchesNP_EN-IN6303798919_UHD.jpg
[09:22:47] Picture infomations saved to  global/en-IN/README.md
[09:22:47] Picture infomations saved to global/en-IN/history/2024/04/12_en-IN.md
[09:22:47] Start geting global Bing Wallpaper, region=pt-BR, local time is 2024-04-12 06:22:47.749755-03:00
[09:22:47] Successful get url: https://www.bing.com/th?id=OHR.Curitiba_PT-BR8811404397_UHD.jpg
[09:22:47] Picture infomations saved to  global/pt-BR/README.md
[09:22:47] Picture infomations saved to global/pt-BR/history/2024/04/13_pt-BR.md
[09:22:47] Start geting global Bing Wallpaper, region=fr-FR, local time is 2024-04-12 11:22:47.906180+02:00
[09:22:47] Successful get url: https://www.bing.com/th?id=OHR.SunsetArchesNP_FR-FR6671864096_UHD.jpg
[09:22:48] Picture infomations saved to  global/fr-FR/README.md
[09:22:48] Picture infomations saved to global/fr-FR/history/2024/04/12_fr-FR.md
[09:22:48] Start geting global Bing Wallpaper, region=de-DE, local time is 2024-04-12 11:22:48.068186+02:00
[09:22:48] Successful get url: https://www.bing.com/th?id=OHR.SunsetArchesNP_DE-DE3760698211_UHD.jpg
[09:22:48] Picture infomations saved to  global/de-DE/README.md
[09:22:48] Picture infomations saved to global/de-DE/history/2024/04/12_de-DE.md
[09:22:48] Start geting global Bing Wallpaper, region=en-CA, local time is 2024-04-12 05:22:48.215220-04:00
[09:22:48] Successful get url: https://www.bing.com/th?id=OHR.SunsetArchesNP_EN-CA3137398130_UHD.jpg
[09:22:48] Picture infomations saved to  global/en-CA/README.md
[09:22:48] Picture infomations saved to global/en-CA/history/2024/04/13_en-CA.md
[09:22:48] Start geting global Bing Wallpaper, region=en-GB, local time is 2024-04-12 10:22:48.430076+01:00
[09:22:48] Successful get url: https://www.bing.com/th?id=OHR.SunsetArchesNP_EN-GB5962271625_UHD.jpg
[09:22:48] Picture infomations saved to  global/en-GB/README.md
[09:22:48] Picture infomations saved to global/en-GB/history/2024/04/12_en-GB.md
[09:22:48] Start geting global Bing Wallpaper, region=it-IT, local time is 2024-04-12 11:22:48.578500+02:00
[09:22:48] Successful get url: https://www.bing.com/th?id=OHR.SunsetArchesNP_IT-IT3537789525_UHD.jpg
[09:22:48] Picture infomations saved to  global/it-IT/README.md
[09:22:48] Picture infomations saved to global/it-IT/history/2024/04/12_it-IT.md
[09:22:48] Start geting global Bing Wallpaper, region=es-ES, local time is 2024-04-12 11:22:48.736054+02:00
[09:22:48] Successful get url: https://www.bing.com/th?id=OHR.SunsetArchesNP_ES-ES7566145703_UHD.jpg
[09:22:48] Picture infomations saved to  global/es-ES/README.md
[09:22:48] Picture infomations saved to global/es-ES/history/2024/04/12_es-ES.md
[09:22:48] Start geting global Bing Wallpaper, region=fr-CA, local time is 2024-04-12 05:22:48.888348-04:00
[09:22:48] Successful get url: https://www.bing.com/th?id=OHR.SunsetArchesNP_FR-CA2562295831_UHD.jpg
[09:22:49] Picture infomations saved to  global/fr-CA/README.md
[09:22:49] Picture infomations saved to global/fr-CA/history/2024/04/13_fr-CA.md
Program exit at 09:22:49
