
Program started at 09:23:27
Operating System Name: Linux
Operating System Version: #17~22.04.1-Ubuntu SMP Sat Mar  9 04:50:38 UTC 2024
System Architecture: ('64bit', 'ELF')
Computer Type: x86_64
Computer Name: fv-az773-806
Processor Type: x86_64
Python Version: 3.12.2
Python Interpreter Name: CPython
[09:23:27] Start geting CN Bing Wallpaper
[09:23:27] Successful get url: https://www.bing.com/th?id=OHR.OwlSiblings_ZH-CN9441687518_UHD.jpg
[09:23:27] Image saved to img/background.jpg
[09:23:27] Info saved to README.md
[09:23:27] Image saved to history/2024/04/10.md
[09:23:27] Start geting global Bing Wallpaper, region=en-US, local time is 2024-04-10 05:23:27.536906-04:00
[09:23:27] Successful get url: https://www.bing.com/th?id=OHR.OwlSiblings_EN-US2594321387_UHD.jpg
[09:23:27] Picture infomations saved to  global/en-US/README.md
[09:23:27] Picture infomations saved to global/en-US/history/2024/04/11_en-US.md
[09:23:27] Start geting global Bing Wallpaper, region=ja-JP, local time is 2024-04-10 18:23:27.712749+09:00
[09:23:27] Successful get url: https://www.bing.com/th?id=OHR.OwlSiblings_JA-JP4322199651_UHD.jpg
[09:23:27] Picture infomations saved to  global/ja-JP/README.md
[09:23:27] Picture infomations saved to global/ja-JP/history/2024/04/10_ja-JP.md
[09:23:27] Start geting global Bing Wallpaper, region=en-IN, local time is 2024-04-10 14:53:27.914385+05:30
[09:23:28] Successful get url: https://www.bing.com/th?id=OHR.DragonWaterfall_EN-IN9973868102_UHD.jpg
[09:23:28] Picture infomations saved to  global/en-IN/README.md
[09:23:28] Picture infomations saved to global/en-IN/history/2024/04/10_en-IN.md
[09:23:28] Start geting global Bing Wallpaper, region=pt-BR, local time is 2024-04-10 06:23:28.113590-03:00
[09:23:28] Successful get url: https://www.bing.com/th?id=OHR.OwlSiblings_PT-BR5674103316_UHD.jpg
[09:23:28] Picture infomations saved to  global/pt-BR/README.md
[09:23:28] Picture infomations saved to global/pt-BR/history/2024/04/11_pt-BR.md
[09:23:28] Start geting global Bing Wallpaper, region=fr-FR, local time is 2024-04-10 11:23:28.297921+02:00
[09:23:28] Successful get url: https://www.bing.com/th?id=OHR.OwlSiblings_FR-FR6049514538_UHD.jpg
[09:23:28] Picture infomations saved to  global/fr-FR/README.md
[09:23:28] Picture infomations saved to global/fr-FR/history/2024/04/10_fr-FR.md
[09:23:28] Start geting global Bing Wallpaper, region=de-DE, local time is 2024-04-10 11:23:28.475872+02:00
[09:23:28] Successful get url: https://www.bing.com/th?id=OHR.OwlSiblings_DE-DE4556808000_UHD.jpg
[09:23:28] Picture infomations saved to  global/de-DE/README.md
[09:23:28] Picture infomations saved to global/de-DE/history/2024/04/10_de-DE.md
[09:23:28] Start geting global Bing Wallpaper, region=en-CA, local time is 2024-04-10 05:23:28.633779-04:00
[09:23:28] Successful get url: https://www.bing.com/th?id=OHR.OwlSiblings_EN-CA1132160372_UHD.jpg
[09:23:28] Picture infomations saved to  global/en-CA/README.md
[09:23:28] Picture infomations saved to global/en-CA/history/2024/04/11_en-CA.md
[09:23:28] Start geting global Bing Wallpaper, region=en-GB, local time is 2024-04-10 10:23:28.790271+01:00
[09:23:28] Successful get url: https://www.bing.com/th?id=OHR.SpringApple_EN-GB3722989537_UHD.jpg
[09:23:28] Picture infomations saved to  global/en-GB/README.md
[09:23:28] Picture infomations saved to global/en-GB/history/2024/04/10_en-GB.md
[09:23:28] Start geting global Bing Wallpaper, region=it-IT, local time is 2024-04-10 11:23:28.955380+02:00
[09:23:29] Successful get url: https://www.bing.com/th?id=OHR.OwlSiblings_IT-IT3656877654_UHD.jpg
[09:23:29] Picture infomations saved to  global/it-IT/README.md
[09:23:29] Picture infomations saved to global/it-IT/history/2024/04/10_it-IT.md
[09:23:29] Start geting global Bing Wallpaper, region=es-ES, local time is 2024-04-10 11:23:29.111851+02:00
[09:23:29] Successful get url: https://www.bing.com/th?id=OHR.OwlSiblings_ES-ES3032029640_UHD.jpg
[09:23:29] Picture infomations saved to  global/es-ES/README.md
[09:23:29] Picture infomations saved to global/es-ES/history/2024/04/10_es-ES.md
[09:23:29] Start geting global Bing Wallpaper, region=fr-CA, local time is 2024-04-10 05:23:29.262420-04:00
[09:23:29] Successful get url: https://www.bing.com/th?id=OHR.OwlSiblings_FR-CA1744834969_UHD.jpg
[09:23:29] Picture infomations saved to  global/fr-CA/README.md
[09:23:29] Picture infomations saved to global/fr-CA/history/2024/04/11_fr-CA.md
Program exit at 09:23:29
