
Program started at 09:17:20
Operating System Name: Linux
Operating System Version: #17~22.04.1-Ubuntu SMP Sat Mar  9 04:50:38 UTC 2024
System Architecture: ('64bit', 'ELF')
Computer Type: x86_64
Computer Name: fv-az711-921
Processor Type: x86_64
Python Version: 3.12.2
Python Interpreter Name: CPython
[09:17:20] Start geting CN Bing Wallpaper
[09:17:20] Successful get url: https://www.bing.com/th?id=OHR.SpringApple_ZH-CN0101917345_UHD.jpg
[09:17:21] Image saved to img/background.jpg
[09:17:21] Info saved to README.md
[09:17:21] Image saved to history/2024/04/13.md
[09:17:21] Start geting global Bing Wallpaper, region=en-US, local time is 2024-04-13 05:17:21.212062-04:00
[09:17:21] Successful get url: https://www.bing.com/th?id=OHR.SpringApple_EN-US3148648329_UHD.jpg
[09:17:21] Picture infomations saved to  global/en-US/README.md
[09:17:21] Picture infomations saved to global/en-US/history/2024/04/14_en-US.md
[09:17:21] Start geting global Bing Wallpaper, region=ja-JP, local time is 2024-04-13 18:17:21.624310+09:00
[09:17:21] Successful get url: https://www.bing.com/th?id=OHR.ShibaZakura2024_JA-JP5037441018_UHD.jpg
[09:17:22] Picture infomations saved to  global/ja-JP/README.md
[09:17:22] Picture infomations saved to global/ja-JP/history/2024/04/13_ja-JP.md
[09:17:22] Start geting global Bing Wallpaper, region=en-IN, local time is 2024-04-13 14:47:22.020588+05:30
[09:17:22] Successful get url: https://www.bing.com/th?id=OHR.SpringApple_EN-IN6919337165_UHD.jpg
[09:17:22] Picture infomations saved to  global/en-IN/README.md
[09:17:22] Picture infomations saved to global/en-IN/history/2024/04/13_en-IN.md
[09:17:22] Start geting global Bing Wallpaper, region=pt-BR, local time is 2024-04-13 06:17:22.421809-03:00
[09:17:22] Successful get url: https://www.bing.com/th?id=OHR.SunsetArchesNP_PT-BR6301905431_UHD.jpg
[09:17:22] Picture infomations saved to  global/pt-BR/README.md
[09:17:22] Picture infomations saved to global/pt-BR/history/2024/04/14_pt-BR.md
[09:17:22] Start geting global Bing Wallpaper, region=fr-FR, local time is 2024-04-13 11:17:22.809639+02:00
[09:17:22] Successful get url: https://www.bing.com/th?id=OHR.LyonGastronomy_FR-FR6987706290_UHD.jpg
[09:17:23] Picture infomations saved to  global/fr-FR/README.md
[09:17:23] Picture infomations saved to global/fr-FR/history/2024/04/13_fr-FR.md
[09:17:23] Start geting global Bing Wallpaper, region=de-DE, local time is 2024-04-13 11:17:23.202527+02:00
[09:17:23] Successful get url: https://www.bing.com/th?id=OHR.SpringApple_DE-DE5480839920_UHD.jpg
[09:17:23] Picture infomations saved to  global/de-DE/README.md
[09:17:23] Picture infomations saved to global/de-DE/history/2024/04/13_de-DE.md
[09:17:23] Start geting global Bing Wallpaper, region=en-CA, local time is 2024-04-13 05:17:23.597989-04:00
[09:17:23] Successful get url: https://www.bing.com/th?id=OHR.SakuraDaysJapanFair_EN-CA3687472576_UHD.jpg
[09:17:23] Picture infomations saved to  global/en-CA/README.md
[09:17:23] Picture infomations saved to global/en-CA/history/2024/04/14_en-CA.md
[09:17:23] Start geting global Bing Wallpaper, region=en-GB, local time is 2024-04-13 10:17:23.970537+01:00
[09:17:24] Successful get url: https://www.bing.com/th?id=OHR.GrandNationalDayUK_EN-GB7349486395_UHD.jpg
[09:17:24] Picture infomations saved to  global/en-GB/README.md
[09:17:24] Picture infomations saved to global/en-GB/history/2024/04/13_en-GB.md
[09:17:24] Start geting global Bing Wallpaper, region=it-IT, local time is 2024-04-13 11:17:24.350199+02:00
[09:17:24] Successful get url: https://www.bing.com/th?id=OHR.SpringApple_IT-IT3617593822_UHD.jpg
[09:17:24] Picture infomations saved to  global/it-IT/README.md
[09:17:24] Picture infomations saved to global/it-IT/history/2024/04/13_it-IT.md
[09:17:24] Start geting global Bing Wallpaper, region=es-ES, local time is 2024-04-13 11:17:24.763938+02:00
[09:17:24] Successful get url: https://www.bing.com/th?id=OHR.SpringApple_ES-ES7671231855_UHD.jpg
[09:17:25] Picture infomations saved to  global/es-ES/README.md
[09:17:25] Picture infomations saved to global/es-ES/history/2024/04/13_es-ES.md
[09:17:25] Start geting global Bing Wallpaper, region=fr-CA, local time is 2024-04-13 05:17:25.159982-04:00
[09:17:25] Successful get url: https://www.bing.com/th?id=OHR.SakuraDaysJapanFair_FR-CA3620667456_UHD.jpg
[09:17:25] Picture infomations saved to  global/fr-CA/README.md
[09:17:25] Picture infomations saved to global/fr-CA/history/2024/04/14_fr-CA.md
Program exit at 09:17:25

Program started at 16:11:21
Operating System Name: Linux
Operating System Version: #17~22.04.1-Ubuntu SMP Sat Mar  9 04:50:38 UTC 2024
System Architecture: ('64bit', 'ELF')
Computer Type: x86_64
Computer Name: fv-az665-93
Processor Type: x86_64
Python Version: 3.12.2
Python Interpreter Name: CPython
[16:11:21] Start geting CN Bing Wallpaper
[16:11:21] Successful get url: https://www.bing.com/th?id=OHR.BowlingBallCali_ZH-CN0434558966_UHD.jpg
[16:11:21] Image saved to img/background.jpg
[16:11:21] Info saved to README.md
[16:11:21] Image saved to history/2024/04/14.md
[16:11:21] Start geting global Bing Wallpaper, region=en-US, local time is 2024-04-13 12:11:21.558948-04:00
[16:11:21] Successful get url: https://www.bing.com/th?id=OHR.SpringApple_EN-US3148648329_UHD.jpg
[16:11:21] Picture infomations saved to  global/en-US/README.md
[16:11:21] Picture infomations saved to global/en-US/history/2024/04/14_en-US.md
[16:11:21] Start geting global Bing Wallpaper, region=ja-JP, local time is 2024-04-14 01:11:21.742357+09:00
[16:11:21] Successful get url: https://www.bing.com/th?id=OHR.BowlingBallCali_JA-JP1174732417_UHD.jpg
[16:11:21] Picture infomations saved to  global/ja-JP/README.md
[16:11:21] Picture infomations saved to global/ja-JP/history/2024/04/14_ja-JP.md
[16:11:21] Start geting global Bing Wallpaper, region=en-IN, local time is 2024-04-13 21:41:21.979456+05:30
[16:11:22] Successful get url: https://www.bing.com/th?id=OHR.SpringApple_EN-IN6919337165_UHD.jpg
[16:11:22] Picture infomations saved to  global/en-IN/README.md
[16:11:22] Picture infomations saved to global/en-IN/history/2024/04/13_en-IN.md
[16:11:22] Start geting global Bing Wallpaper, region=pt-BR, local time is 2024-04-13 13:11:22.135917-03:00
[16:11:22] Successful get url: https://www.bing.com/th?id=OHR.SunsetArchesNP_PT-BR6301905431_UHD.jpg
[16:11:22] Picture infomations saved to  global/pt-BR/README.md
[16:11:22] Picture infomations saved to global/pt-BR/history/2024/04/14_pt-BR.md
[16:11:22] Start geting global Bing Wallpaper, region=fr-FR, local time is 2024-04-13 18:11:22.279221+02:00
[16:11:22] Successful get url: https://www.bing.com/th?id=OHR.LyonGastronomy_FR-FR6987706290_UHD.jpg
[16:11:22] Picture infomations saved to  global/fr-FR/README.md
[16:11:22] Picture infomations saved to global/fr-FR/history/2024/04/13_fr-FR.md
[16:11:22] Start geting global Bing Wallpaper, region=de-DE, local time is 2024-04-13 18:11:22.443424+02:00
[16:11:22] Successful get url: https://www.bing.com/th?id=OHR.SpringApple_DE-DE5480839920_UHD.jpg
[16:11:22] Picture infomations saved to  global/de-DE/README.md
[16:11:22] Picture infomations saved to global/de-DE/history/2024/04/13_de-DE.md
[16:11:22] Start geting global Bing Wallpaper, region=en-CA, local time is 2024-04-13 12:11:22.605288-04:00
[16:11:22] Successful get url: https://www.bing.com/th?id=OHR.SakuraDaysJapanFair_EN-CA3687472576_UHD.jpg
[16:11:22] Picture infomations saved to  global/en-CA/README.md
[16:11:22] Picture infomations saved to global/en-CA/history/2024/04/14_en-CA.md
[16:11:22] Start geting global Bing Wallpaper, region=en-GB, local time is 2024-04-13 17:11:22.776412+01:00
[16:11:22] Successful get url: https://www.bing.com/th?id=OHR.GrandNationalDayUK_EN-GB7349486395_UHD.jpg
[16:11:22] Picture infomations saved to  global/en-GB/README.md
[16:11:22] Picture infomations saved to global/en-GB/history/2024/04/13_en-GB.md
[16:11:22] Start geting global Bing Wallpaper, region=it-IT, local time is 2024-04-13 18:11:22.937964+02:00
[16:11:23] Successful get url: https://www.bing.com/th?id=OHR.SpringApple_IT-IT3617593822_UHD.jpg
[16:11:23] Picture infomations saved to  global/it-IT/README.md
[16:11:23] Picture infomations saved to global/it-IT/history/2024/04/13_it-IT.md
[16:11:23] Start geting global Bing Wallpaper, region=es-ES, local time is 2024-04-13 18:11:23.090729+02:00
[16:11:23] Successful get url: https://www.bing.com/th?id=OHR.SpringApple_ES-ES7671231855_UHD.jpg
[16:11:23] Picture infomations saved to  global/es-ES/README.md
[16:11:23] Picture infomations saved to global/es-ES/history/2024/04/13_es-ES.md
[16:11:23] Start geting global Bing Wallpaper, region=fr-CA, local time is 2024-04-13 12:11:23.277106-04:00
[16:11:23] Successful get url: https://www.bing.com/th?id=OHR.SakuraDaysJapanFair_FR-CA3620667456_UHD.jpg
[16:11:23] Picture infomations saved to  global/fr-CA/README.md
[16:11:23] Picture infomations saved to global/fr-CA/history/2024/04/14_fr-CA.md
Program exit at 16:11:23
