
Program started at 09:23:18
Operating System Name: Linux
Operating System Version: #19~22.04.2-Ubuntu SMP Thu Mar 21 16:45:46 UTC 2024
System Architecture: ('64bit', 'ELF')
Computer Type: x86_64
Computer Name: fv-az1424-975
Processor Type: x86_64
Python Version: 3.12.3
Python Interpreter Name: CPython
[09:23:18] Start geting CN Bing Wallpaper
[09:23:18] Successful get url: https://www.bing.com/th?id=OHR.EarthDayTurtle_ZH-CN4642042701_UHD.jpg
[09:23:18] Image saved to img/background.jpg
[09:23:18] Info saved to README.md
[09:23:18] Image saved to history/2024/04/22.md
[09:23:18] Start geting global Bing Wallpaper, region=en-US, local time is 2024-04-22 05:23:18.559919-04:00
[09:23:18] Successful get url: https://www.bing.com/th?id=OHR.EarthDayTurtle_EN-US4769423754_UHD.jpg
[09:23:18] Picture infomations saved to  global/en-US/README.md
[09:23:18] Picture infomations saved to global/en-US/history/2024/04/23_en-US.md
[09:23:18] Start geting global Bing Wallpaper, region=ja-JP, local time is 2024-04-22 18:23:18.816951+09:00
[09:23:18] Successful get url: https://www.bing.com/th?id=OHR.EarthDayTurtle_JA-JP4280227627_UHD.jpg
[09:23:18] Picture infomations saved to  global/ja-JP/README.md
[09:23:18] Picture infomations saved to global/ja-JP/history/2024/04/22_ja-JP.md
[09:23:18] Start geting global Bing Wallpaper, region=en-IN, local time is 2024-04-22 14:53:19.000240+05:30
[09:23:19] Successful get url: https://www.bing.com/th?id=OHR.EarthDayTurtle_EN-IN8345337323_UHD.jpg
[09:23:19] Picture infomations saved to  global/en-IN/README.md
[09:23:19] Picture infomations saved to global/en-IN/history/2024/04/22_en-IN.md
[09:23:19] Start geting global Bing Wallpaper, region=pt-BR, local time is 2024-04-22 06:23:19.200026-03:00
[09:23:19] Successful get url: https://www.bing.com/th?id=OHR.EarthDayTurtle_PT-BR2849722316_UHD.jpg
[09:23:19] Picture infomations saved to  global/pt-BR/README.md
[09:23:19] Picture infomations saved to global/pt-BR/history/2024/04/23_pt-BR.md
[09:23:19] Start geting global Bing Wallpaper, region=fr-FR, local time is 2024-04-22 11:23:19.445127+02:00
[09:23:19] Successful get url: https://www.bing.com/th?id=OHR.EarthDayTurtle_FR-FR6121121892_UHD.jpg
[09:23:19] Picture infomations saved to  global/fr-FR/README.md
[09:23:19] Picture infomations saved to global/fr-FR/history/2024/04/22_fr-FR.md
[09:23:19] Start geting global Bing Wallpaper, region=de-DE, local time is 2024-04-22 11:23:19.608526+02:00
[09:23:19] Successful get url: https://www.bing.com/th?id=OHR.EarthDayTurtle_DE-DE6584075378_UHD.jpg
[09:23:19] Picture infomations saved to  global/de-DE/README.md
[09:23:19] Picture infomations saved to global/de-DE/history/2024/04/22_de-DE.md
[09:23:19] Start geting global Bing Wallpaper, region=en-CA, local time is 2024-04-22 05:23:19.808168-04:00
[09:23:19] Successful get url: https://www.bing.com/th?id=OHR.EarthDayTurtle_EN-CA2152023096_UHD.jpg
[09:23:20] Picture infomations saved to  global/en-CA/README.md
[09:23:20] Picture infomations saved to global/en-CA/history/2024/04/23_en-CA.md
[09:23:20] Start geting global Bing Wallpaper, region=en-GB, local time is 2024-04-22 10:23:20.075203+01:00
[09:23:20] Successful get url: https://www.bing.com/th?id=OHR.EarthDayTurtle_EN-GB3948660559_UHD.jpg
[09:23:20] Picture infomations saved to  global/en-GB/README.md
[09:23:20] Picture infomations saved to global/en-GB/history/2024/04/22_en-GB.md
[09:23:20] Start geting global Bing Wallpaper, region=it-IT, local time is 2024-04-22 11:23:20.439341+02:00
[09:23:20] Successful get url: https://www.bing.com/th?id=OHR.EarthDayTurtle_IT-IT4132854501_UHD.jpg
[09:23:20] Picture infomations saved to  global/it-IT/README.md
[09:23:20] Picture infomations saved to global/it-IT/history/2024/04/22_it-IT.md
[09:23:20] Start geting global Bing Wallpaper, region=es-ES, local time is 2024-04-22 11:23:20.641474+02:00
[09:23:20] Successful get url: https://www.bing.com/th?id=OHR.EarthDayTurtle_ES-ES1732756969_UHD.jpg
[09:23:20] Picture infomations saved to  global/es-ES/README.md
[09:23:20] Picture infomations saved to global/es-ES/history/2024/04/22_es-ES.md
[09:23:20] Start geting global Bing Wallpaper, region=fr-CA, local time is 2024-04-22 05:23:20.848971-04:00
[09:23:20] Successful get url: https://www.bing.com/th?id=OHR.EarthDayTurtle_FR-CA3475454635_UHD.jpg
[09:23:21] Picture infomations saved to  global/fr-CA/README.md
[09:23:21] Picture infomations saved to global/fr-CA/history/2024/04/23_fr-CA.md
Program exit at 09:23:21
