
Program started at 09:23:11
Operating System Name: Linux
Operating System Version: #16~22.04.1-Ubuntu SMP Fri Feb 16 15:42:02 UTC 2024
System Architecture: ('64bit', 'ELF')
Computer Type: x86_64
Computer Name: fv-az1269-58
Processor Type: x86_64
Python Version: 3.12.2
Python Interpreter Name: CPython
[09:23:11] Start geting CN Bing Wallpaper
[09:23:11] Successful get url: https://www.bing.com/th?id=OHR.MontBlancGlacier_ZH-CN2918240023_UHD.jpg
[09:23:11] Image saved to img/background.jpg
[09:23:11] Info saved to README.md
[09:23:11] Image saved to history/2024/04/01.md
[09:23:11] Start geting global Bing Wallpaper, region=en-US, local time is 2024-04-01 05:23:11.554416-04:00
[09:23:11] Successful get url: https://www.bing.com/th?id=OHR.PalazzoFarnese_EN-US3142967327_UHD.jpg
[09:23:11] Picture infomations saved to  global/en-US/README.md
[09:23:11] Picture infomations saved to global/en-US/history/2024/04/02_en-US.md
[09:23:11] Start geting global Bing Wallpaper, region=ja-JP, local time is 2024-04-01 18:23:11.898795+09:00
[09:23:12] Successful get url: https://www.bing.com/th?id=OHR.PalazzoFarnese_JA-JP7372412499_UHD.jpg
[09:23:12] Picture infomations saved to  global/ja-JP/README.md
[09:23:12] Picture infomations saved to global/ja-JP/history/2024/04/01_ja-JP.md
[09:23:12] Start geting global Bing Wallpaper, region=en-IN, local time is 2024-04-01 14:53:12.228824+05:30
[09:23:12] Successful get url: https://www.bing.com/th?id=OHR.PalazzoFarnese_EN-IN6555201202_UHD.jpg
[09:23:12] Picture infomations saved to  global/en-IN/README.md
[09:23:12] Picture infomations saved to global/en-IN/history/2024/04/01_en-IN.md
[09:23:12] Start geting global Bing Wallpaper, region=pt-BR, local time is 2024-04-01 06:23:12.560365-03:00
[09:23:12] Successful get url: https://www.bing.com/th?id=OHR.PalazzoFarnese_PT-BR0676715061_UHD.jpg
[09:23:12] Picture infomations saved to  global/pt-BR/README.md
[09:23:12] Picture infomations saved to global/pt-BR/history/2024/04/02_pt-BR.md
[09:23:12] Start geting global Bing Wallpaper, region=fr-FR, local time is 2024-04-01 11:23:12.883682+02:00
[09:23:13] Successful get url: https://www.bing.com/th?id=OHR.PalazzoFarnese_FR-FR9572652511_UHD.jpg
[09:23:13] Picture infomations saved to  global/fr-FR/README.md
[09:23:13] Picture infomations saved to global/fr-FR/history/2024/04/01_fr-FR.md
[09:23:13] Start geting global Bing Wallpaper, region=de-DE, local time is 2024-04-01 11:23:13.217066+02:00
[09:23:13] Successful get url: https://www.bing.com/th?id=OHR.StGeorgiRide_DE-DE6646277481_UHD.jpg
[09:23:13] Picture infomations saved to  global/de-DE/README.md
[09:23:13] Picture infomations saved to global/de-DE/history/2024/04/01_de-DE.md
[09:23:13] Start geting global Bing Wallpaper, region=en-CA, local time is 2024-04-01 05:23:13.551679-04:00
[09:23:13] Successful get url: https://www.bing.com/th?id=OHR.PalazzoFarnese_EN-CA0548986466_UHD.jpg
[09:23:13] Picture infomations saved to  global/en-CA/README.md
[09:23:13] Picture infomations saved to global/en-CA/history/2024/04/02_en-CA.md
[09:23:13] Start geting global Bing Wallpaper, region=en-GB, local time is 2024-04-01 10:23:13.864960+01:00
[09:23:13] Successful get url: https://www.bing.com/th?id=OHR.PalazzoFarnese_EN-GB1907923067_UHD.jpg
[09:23:14] Picture infomations saved to  global/en-GB/README.md
[09:23:14] Picture infomations saved to global/en-GB/history/2024/04/01_en-GB.md
[09:23:14] Start geting global Bing Wallpaper, region=it-IT, local time is 2024-04-01 11:23:14.180651+02:00
[09:23:14] Successful get url: https://www.bing.com/th?id=OHR.PalazzoFarnese_IT-IT8737632028_UHD.jpg
[09:23:14] Picture infomations saved to  global/it-IT/README.md
[09:23:14] Picture infomations saved to global/it-IT/history/2024/04/01_it-IT.md
[09:23:14] Start geting global Bing Wallpaper, region=es-ES, local time is 2024-04-01 11:23:14.501011+02:00
[09:23:14] Successful get url: https://www.bing.com/th?id=OHR.PalazzoFarnese_ES-ES9713992360_UHD.jpg
[09:23:14] Picture infomations saved to  global/es-ES/README.md
[09:23:14] Picture infomations saved to global/es-ES/history/2024/04/01_es-ES.md
[09:23:14] Start geting global Bing Wallpaper, region=fr-CA, local time is 2024-04-01 05:23:14.818514-04:00
[09:23:14] Successful get url: https://www.bing.com/th?id=OHR.PalazzoFarnese_FR-CA6022284524_UHD.jpg
[09:23:15] Picture infomations saved to  global/fr-CA/README.md
[09:23:15] Picture infomations saved to global/fr-CA/history/2024/04/02_fr-CA.md
Program exit at 09:23:15

Program started at 16:12:19
Operating System Name: Linux
Operating System Version: #16~22.04.1-Ubuntu SMP Fri Feb 16 15:42:02 UTC 2024
System Architecture: ('64bit', 'ELF')
Computer Type: x86_64
Computer Name: fv-az692-845
Processor Type: x86_64
Python Version: 3.12.2
Python Interpreter Name: CPython
[16:12:19] Start geting CN Bing Wallpaper
[16:12:19] Successful get url: https://www.bing.com/th?id=OHR.JutlandSpring_ZH-CN7785758539_UHD.jpg
[16:12:20] Image saved to img/background.jpg
[16:12:20] Info saved to README.md
[16:12:20] Image saved to history/2024/04/02.md
[16:12:20] Start geting global Bing Wallpaper, region=en-US, local time is 2024-04-01 12:12:20.097437-04:00
[16:12:20] Successful get url: https://www.bing.com/th?id=OHR.PalazzoFarnese_EN-US3142967327_UHD.jpg
[16:12:20] Picture infomations saved to  global/en-US/README.md
[16:12:20] Picture infomations saved to global/en-US/history/2024/04/02_en-US.md
[16:12:20] Start geting global Bing Wallpaper, region=ja-JP, local time is 2024-04-02 01:12:20.312162+09:00
[16:12:20] Successful get url: https://www.bing.com/th?id=OHR.JutlandSpring_JA-JP6178777806_UHD.jpg
[16:12:20] Picture infomations saved to  global/ja-JP/README.md
[16:12:20] Picture infomations saved to global/ja-JP/history/2024/04/02_ja-JP.md
[16:12:20] Start geting global Bing Wallpaper, region=en-IN, local time is 2024-04-01 21:42:20.545249+05:30
[16:12:20] Successful get url: https://www.bing.com/th?id=OHR.PalazzoFarnese_EN-IN6555201202_UHD.jpg
[16:12:20] Picture infomations saved to  global/en-IN/README.md
[16:12:20] Picture infomations saved to global/en-IN/history/2024/04/01_en-IN.md
[16:12:20] Start geting global Bing Wallpaper, region=pt-BR, local time is 2024-04-01 13:12:20.757779-03:00
[16:12:20] Successful get url: https://www.bing.com/th?id=OHR.PalazzoFarnese_PT-BR0676715061_UHD.jpg
[16:12:21] Picture infomations saved to  global/pt-BR/README.md
[16:12:21] Picture infomations saved to global/pt-BR/history/2024/04/02_pt-BR.md
[16:12:21] Start geting global Bing Wallpaper, region=fr-FR, local time is 2024-04-01 18:12:21.105367+02:00
[16:12:21] Successful get url: https://www.bing.com/th?id=OHR.PalazzoFarnese_FR-FR9572652511_UHD.jpg
[16:12:21] Picture infomations saved to  global/fr-FR/README.md
[16:12:21] Picture infomations saved to global/fr-FR/history/2024/04/01_fr-FR.md
[16:12:21] Start geting global Bing Wallpaper, region=de-DE, local time is 2024-04-01 18:12:21.310828+02:00
[16:12:21] Successful get url: https://www.bing.com/th?id=OHR.StGeorgiRide_DE-DE6646277481_UHD.jpg
[16:12:21] Picture infomations saved to  global/de-DE/README.md
[16:12:21] Picture infomations saved to global/de-DE/history/2024/04/01_de-DE.md
[16:12:21] Start geting global Bing Wallpaper, region=en-CA, local time is 2024-04-01 12:12:21.534809-04:00
[16:12:21] Successful get url: https://www.bing.com/th?id=OHR.PalazzoFarnese_EN-CA0548986466_UHD.jpg
[16:12:21] Picture infomations saved to  global/en-CA/README.md
[16:12:21] Picture infomations saved to global/en-CA/history/2024/04/02_en-CA.md
[16:12:21] Start geting global Bing Wallpaper, region=en-GB, local time is 2024-04-01 17:12:21.737020+01:00
[16:12:21] Successful get url: https://www.bing.com/th?id=OHR.PalazzoFarnese_EN-GB1907923067_UHD.jpg
[16:12:21] Picture infomations saved to  global/en-GB/README.md
[16:12:21] Picture infomations saved to global/en-GB/history/2024/04/01_en-GB.md
[16:12:21] Start geting global Bing Wallpaper, region=it-IT, local time is 2024-04-01 18:12:21.964904+02:00
[16:12:22] Successful get url: https://www.bing.com/th?id=OHR.PalazzoFarnese_IT-IT8737632028_UHD.jpg
[16:12:22] Picture infomations saved to  global/it-IT/README.md
[16:12:22] Picture infomations saved to global/it-IT/history/2024/04/01_it-IT.md
[16:12:22] Start geting global Bing Wallpaper, region=es-ES, local time is 2024-04-01 18:12:22.164019+02:00
[16:12:22] Successful get url: https://www.bing.com/th?id=OHR.PalazzoFarnese_ES-ES9713992360_UHD.jpg
[16:12:22] Picture infomations saved to  global/es-ES/README.md
[16:12:22] Picture infomations saved to global/es-ES/history/2024/04/01_es-ES.md
[16:12:22] Start geting global Bing Wallpaper, region=fr-CA, local time is 2024-04-01 12:12:22.375510-04:00
[16:12:22] Successful get url: https://www.bing.com/th?id=OHR.PalazzoFarnese_FR-CA6022284524_UHD.jpg
[16:12:22] Picture infomations saved to  global/fr-CA/README.md
[16:12:22] Picture infomations saved to global/fr-CA/history/2024/04/02_fr-CA.md
Program exit at 16:12:22
