
Program started at 09:23:20
Operating System Name: Linux
Operating System Version: #17~22.04.1-Ubuntu SMP Sat Mar  9 04:50:38 UTC 2024
System Architecture: ('64bit', 'ELF')
Computer Type: x86_64
Computer Name: fv-az1490-898
Processor Type: x86_64
Python Version: 3.12.2
Python Interpreter Name: CPython
[09:23:20] Start geting CN Bing Wallpaper
[09:23:20] Successful get url: https://www.bing.com/th?id=OHR.SkagitValleyTulips_ZH-CN9034120306_UHD.jpg
[09:23:20] Image saved to img/background.jpg
[09:23:20] Info saved to README.md
[09:23:20] Image saved to history/2024/04/09.md
[09:23:20] Start geting global Bing Wallpaper, region=en-US, local time is 2024-04-09 05:23:20.700066-04:00
[09:23:20] Successful get url: https://www.bing.com/th?id=OHR.SkagitValleyTulips_EN-US2489408645_UHD.jpg
[09:23:20] Picture infomations saved to  global/en-US/README.md
[09:23:20] Picture infomations saved to global/en-US/history/2024/04/10_en-US.md
[09:23:20] Start geting global Bing Wallpaper, region=ja-JP, local time is 2024-04-09 18:23:20.945852+09:00
[09:23:21] Successful get url: https://www.bing.com/th?id=OHR.SkagitValleyTulips_JA-JP4166297873_UHD.jpg
[09:23:21] Picture infomations saved to  global/ja-JP/README.md
[09:23:21] Picture infomations saved to global/ja-JP/history/2024/04/09_ja-JP.md
[09:23:21] Start geting global Bing Wallpaper, region=en-IN, local time is 2024-04-09 14:53:21.137456+05:30
[09:23:21] Successful get url: https://www.bing.com/th?id=OHR.SpringCub_EN-IN5365120354_UHD.jpg
[09:23:21] Picture infomations saved to  global/en-IN/README.md
[09:23:21] Picture infomations saved to global/en-IN/history/2024/04/09_en-IN.md
[09:23:21] Start geting global Bing Wallpaper, region=pt-BR, local time is 2024-04-09 06:23:21.369439-03:00
[09:23:21] Successful get url: https://www.bing.com/th?id=OHR.SkagitValleyTulips_PT-BR5378800364_UHD.jpg
[09:23:21] Picture infomations saved to  global/pt-BR/README.md
[09:23:21] Picture infomations saved to global/pt-BR/history/2024/04/10_pt-BR.md
[09:23:21] Start geting global Bing Wallpaper, region=fr-FR, local time is 2024-04-09 11:23:21.591318+02:00
[09:23:21] Successful get url: https://www.bing.com/th?id=OHR.SkagitValleyTulips_FR-FR5605427883_UHD.jpg
[09:23:21] Picture infomations saved to  global/fr-FR/README.md
[09:23:21] Picture infomations saved to global/fr-FR/history/2024/04/09_fr-FR.md
[09:23:21] Start geting global Bing Wallpaper, region=de-DE, local time is 2024-04-09 11:23:21.805176+02:00
[09:23:21] Successful get url: https://www.bing.com/th?id=OHR.SkagitValleyTulips_DE-DE4476556053_UHD.jpg
[09:23:22] Picture infomations saved to  global/de-DE/README.md
[09:23:22] Picture infomations saved to global/de-DE/history/2024/04/09_de-DE.md
[09:23:22] Start geting global Bing Wallpaper, region=en-CA, local time is 2024-04-09 05:23:22.032058-04:00
[09:23:22] Successful get url: https://www.bing.com/th?id=OHR.WhistlerWSSF_EN-CA2290953999_UHD.jpg
[09:23:22] Picture infomations saved to  global/en-CA/README.md
[09:23:22] Picture infomations saved to global/en-CA/history/2024/04/10_en-CA.md
[09:23:22] Start geting global Bing Wallpaper, region=en-GB, local time is 2024-04-09 10:23:22.250357+01:00
[09:23:22] Successful get url: https://www.bing.com/th?id=OHR.SkagitValleyTulips_EN-GB3144179284_UHD.jpg
[09:23:22] Picture infomations saved to  global/en-GB/README.md
[09:23:22] Picture infomations saved to global/en-GB/history/2024/04/09_en-GB.md
[09:23:22] Start geting global Bing Wallpaper, region=it-IT, local time is 2024-04-09 11:23:22.427063+02:00
[09:23:22] Successful get url: https://www.bing.com/th?id=OHR.SardiniaSalt_IT-IT3748947428_UHD.jpg
[09:23:22] Picture infomations saved to  global/it-IT/README.md
[09:23:22] Picture infomations saved to global/it-IT/history/2024/04/09_it-IT.md
[09:23:22] Start geting global Bing Wallpaper, region=es-ES, local time is 2024-04-09 11:23:22.651598+02:00
[09:23:22] Successful get url: https://www.bing.com/th?id=OHR.SkagitValleyTulips_ES-ES6696432400_UHD.jpg
[09:23:22] Picture infomations saved to  global/es-ES/README.md
[09:23:22] Picture infomations saved to global/es-ES/history/2024/04/09_es-ES.md
[09:23:22] Start geting global Bing Wallpaper, region=fr-CA, local time is 2024-04-09 05:23:22.868668-04:00
[09:23:22] Successful get url: https://www.bing.com/th?id=OHR.WhistlerWSSF_FR-CA7628245051_UHD.jpg
[09:23:23] Picture infomations saved to  global/fr-CA/README.md
[09:23:23] Picture infomations saved to global/fr-CA/history/2024/04/10_fr-CA.md
Program exit at 09:23:23

Program started at 16:10:41
Operating System Name: Linux
Operating System Version: #17~22.04.1-Ubuntu SMP Sat Mar  9 04:50:38 UTC 2024
System Architecture: ('64bit', 'ELF')
Computer Type: x86_64
Computer Name: fv-az1429-804
Processor Type: x86_64
Python Version: 3.12.2
Python Interpreter Name: CPython
[16:10:41] Start geting CN Bing Wallpaper
[16:10:41] Successful get url: https://www.bing.com/th?id=OHR.OwlSiblings_ZH-CN9441687518_UHD.jpg
[16:10:41] Image saved to img/background.jpg
[16:10:41] Info saved to README.md
[16:10:41] Image saved to history/2024/04/10.md
[16:10:41] Start geting global Bing Wallpaper, region=en-US, local time is 2024-04-09 12:10:41.843247-04:00
[16:10:42] Successful get url: https://www.bing.com/th?id=OHR.SkagitValleyTulips_EN-US2489408645_UHD.jpg
[16:10:42] Picture infomations saved to  global/en-US/README.md
[16:10:42] Picture infomations saved to global/en-US/history/2024/04/10_en-US.md
[16:10:42] Start geting global Bing Wallpaper, region=ja-JP, local time is 2024-04-10 01:10:42.142685+09:00
[16:10:42] Successful get url: https://www.bing.com/th?id=OHR.OwlSiblings_JA-JP4322199651_UHD.jpg
[16:10:42] Picture infomations saved to  global/ja-JP/README.md
[16:10:42] Picture infomations saved to global/ja-JP/history/2024/04/10_ja-JP.md
[16:10:42] Start geting global Bing Wallpaper, region=en-IN, local time is 2024-04-09 21:40:42.313078+05:30
[16:10:42] Successful get url: https://www.bing.com/th?id=OHR.SpringCub_EN-IN5365120354_UHD.jpg
[16:10:42] Picture infomations saved to  global/en-IN/README.md
[16:10:42] Picture infomations saved to global/en-IN/history/2024/04/09_en-IN.md
[16:10:42] Start geting global Bing Wallpaper, region=pt-BR, local time is 2024-04-09 13:10:42.537118-03:00
[16:10:42] Successful get url: https://www.bing.com/th?id=OHR.SkagitValleyTulips_PT-BR5378800364_UHD.jpg
[16:10:42] Picture infomations saved to  global/pt-BR/README.md
[16:10:42] Picture infomations saved to global/pt-BR/history/2024/04/10_pt-BR.md
[16:10:42] Start geting global Bing Wallpaper, region=fr-FR, local time is 2024-04-09 18:10:42.697264+02:00
[16:10:42] Successful get url: https://www.bing.com/th?id=OHR.SkagitValleyTulips_FR-FR5605427883_UHD.jpg
[16:10:42] Picture infomations saved to  global/fr-FR/README.md
[16:10:42] Picture infomations saved to global/fr-FR/history/2024/04/09_fr-FR.md
[16:10:42] Start geting global Bing Wallpaper, region=de-DE, local time is 2024-04-09 18:10:42.858307+02:00
[16:10:42] Successful get url: https://www.bing.com/th?id=OHR.SkagitValleyTulips_DE-DE4476556053_UHD.jpg
[16:10:43] Picture infomations saved to  global/de-DE/README.md
[16:10:43] Picture infomations saved to global/de-DE/history/2024/04/09_de-DE.md
[16:10:43] Start geting global Bing Wallpaper, region=en-CA, local time is 2024-04-09 12:10:43.029957-04:00
[16:10:43] Successful get url: https://www.bing.com/th?id=OHR.WhistlerWSSF_EN-CA2290953999_UHD.jpg
[16:10:43] Picture infomations saved to  global/en-CA/README.md
[16:10:43] Picture infomations saved to global/en-CA/history/2024/04/10_en-CA.md
[16:10:43] Start geting global Bing Wallpaper, region=en-GB, local time is 2024-04-09 17:10:43.216140+01:00
[16:10:43] Successful get url: https://www.bing.com/th?id=OHR.SkagitValleyTulips_EN-GB3144179284_UHD.jpg
[16:10:43] Picture infomations saved to  global/en-GB/README.md
[16:10:43] Picture infomations saved to global/en-GB/history/2024/04/09_en-GB.md
[16:10:43] Start geting global Bing Wallpaper, region=it-IT, local time is 2024-04-09 18:10:43.395497+02:00
[16:10:43] Successful get url: https://www.bing.com/th?id=OHR.SardiniaSalt_IT-IT3748947428_UHD.jpg
[16:10:43] Picture infomations saved to  global/it-IT/README.md
[16:10:43] Picture infomations saved to global/it-IT/history/2024/04/09_it-IT.md
[16:10:43] Start geting global Bing Wallpaper, region=es-ES, local time is 2024-04-09 18:10:43.556592+02:00
[16:10:43] Successful get url: https://www.bing.com/th?id=OHR.SkagitValleyTulips_ES-ES6696432400_UHD.jpg
[16:10:43] Picture infomations saved to  global/es-ES/README.md
[16:10:43] Picture infomations saved to global/es-ES/history/2024/04/09_es-ES.md
[16:10:43] Start geting global Bing Wallpaper, region=fr-CA, local time is 2024-04-09 12:10:43.736758-04:00
[16:10:43] Successful get url: https://www.bing.com/th?id=OHR.WhistlerWSSF_FR-CA7628245051_UHD.jpg
[16:10:43] Picture infomations saved to  global/fr-CA/README.md
[16:10:43] Picture infomations saved to global/fr-CA/history/2024/04/10_fr-CA.md
Program exit at 16:10:43
