
Program started at 09:20:47
Operating System Name: Linux
Operating System Version: #19~22.04.2-Ubuntu SMP Thu Mar 21 16:45:46 UTC 2024
System Architecture: ('64bit', 'ELF')
Computer Type: x86_64
Computer Name: fv-az979-609
Processor Type: x86_64
Python Version: 3.12.3
Python Interpreter Name: CPython
[09:20:47] Start geting CN Bing Wallpaper
[09:20:47] Successful get url: https://www.bing.com/th?id=OHR.LeucisticHummingbird_ZH-CN2921653789_UHD.jpg
[09:20:47] Image saved to img/background.jpg
[09:20:47] Info saved to README.md
[09:20:47] Image saved to history/2024/04/27.md
[09:20:47] Start geting global Bing Wallpaper, region=en-US, local time is 2024-04-27 05:20:47.886206-04:00
[09:20:47] Successful get url: https://www.bing.com/th?id=OHR.LeucisticHummingbird_EN-US5796079642_UHD.jpg
[09:20:48] Picture infomations saved to  global/en-US/README.md
[09:20:48] Picture infomations saved to global/en-US/history/2024/04/28_en-US.md
[09:20:48] Start geting global Bing Wallpaper, region=ja-JP, local time is 2024-04-27 18:20:48.059648+09:00
[09:20:48] Successful get url: https://www.bing.com/th?id=OHR.LeucisticHummingbird_JA-JP4843663786_UHD.jpg
[09:20:48] Picture infomations saved to  global/ja-JP/README.md
[09:20:48] Picture infomations saved to global/ja-JP/history/2024/04/27_ja-JP.md
[09:20:48] Start geting global Bing Wallpaper, region=en-IN, local time is 2024-04-27 14:50:48.231733+05:30
[09:20:48] Successful get url: https://www.bing.com/th?id=OHR.LeucisticHummingbird_EN-IN0052515058_UHD.jpg
[09:20:48] Picture infomations saved to  global/en-IN/README.md
[09:20:48] Picture infomations saved to global/en-IN/history/2024/04/27_en-IN.md
[09:20:48] Start geting global Bing Wallpaper, region=pt-BR, local time is 2024-04-27 06:20:48.397318-03:00
[09:20:48] Successful get url: https://www.bing.com/th?id=OHR.LeucisticHummingbird_PT-BR4306978820_UHD.jpg
[09:20:48] Picture infomations saved to  global/pt-BR/README.md
[09:20:48] Picture infomations saved to global/pt-BR/history/2024/04/28_pt-BR.md
[09:20:48] Start geting global Bing Wallpaper, region=fr-FR, local time is 2024-04-27 11:20:48.556461+02:00
[09:20:48] Successful get url: https://www.bing.com/th?id=OHR.Canigou_FR-FR9013566099_UHD.jpg
[09:20:48] Picture infomations saved to  global/fr-FR/README.md
[09:20:48] Picture infomations saved to global/fr-FR/history/2024/04/27_fr-FR.md
[09:20:48] Start geting global Bing Wallpaper, region=de-DE, local time is 2024-04-27 11:20:48.731529+02:00
[09:20:48] Successful get url: https://www.bing.com/th?id=OHR.LeucisticHummingbird_DE-DE2322778119_UHD.jpg
[09:20:48] Picture infomations saved to  global/de-DE/README.md
[09:20:48] Picture infomations saved to global/de-DE/history/2024/04/27_de-DE.md
[09:20:48] Start geting global Bing Wallpaper, region=en-CA, local time is 2024-04-27 05:20:48.908712-04:00
[09:20:49] Successful get url: https://www.bing.com/th?id=OHR.LeucisticHummingbird_EN-CA9003598564_UHD.jpg
[09:20:49] Picture infomations saved to  global/en-CA/README.md
[09:20:49] Picture infomations saved to global/en-CA/history/2024/04/28_en-CA.md
[09:20:49] Start geting global Bing Wallpaper, region=en-GB, local time is 2024-04-27 10:20:49.150432+01:00
[09:20:49] Successful get url: https://www.bing.com/th?id=OHR.LeucisticHummingbird_EN-GB5146934481_UHD.jpg
[09:20:49] Picture infomations saved to  global/en-GB/README.md
[09:20:49] Picture infomations saved to global/en-GB/history/2024/04/27_en-GB.md
[09:20:49] Start geting global Bing Wallpaper, region=it-IT, local time is 2024-04-27 11:20:49.370955+02:00
[09:20:49] Successful get url: https://www.bing.com/th?id=OHR.LeucisticHummingbird_IT-IT7331627780_UHD.jpg
[09:20:49] Picture infomations saved to  global/it-IT/README.md
[09:20:49] Picture infomations saved to global/it-IT/history/2024/04/27_it-IT.md
[09:20:49] Start geting global Bing Wallpaper, region=es-ES, local time is 2024-04-27 11:20:49.574658+02:00
[09:20:49] Successful get url: https://www.bing.com/th?id=OHR.LeucisticHummingbird_ES-ES2319692244_UHD.jpg
[09:20:49] Picture infomations saved to  global/es-ES/README.md
[09:20:49] Picture infomations saved to global/es-ES/history/2024/04/27_es-ES.md
[09:20:49] Start geting global Bing Wallpaper, region=fr-CA, local time is 2024-04-27 05:20:49.762823-04:00
[09:20:49] Successful get url: https://www.bing.com/th?id=OHR.LeucisticHummingbird_FR-CA6720640063_UHD.jpg
[09:20:50] Picture infomations saved to  global/fr-CA/README.md
[09:20:50] Picture infomations saved to global/fr-CA/history/2024/04/28_fr-CA.md
Program exit at 09:20:50
