
Program started at 09:30:51
Operating System Name: Linux
Operating System Version: #18~24.04.1-Ubuntu SMP Sat Jun 28 04:46:03 UTC 2025
System Architecture: ('64bit', 'ELF')
Computer Type: x86_64
Computer Name: runnervmwhb2z
Processor Type: x86_64
Python Version: 3.12.11
Python Interpreter Name: CPython
[09:30:51] Start geting CN Bing Wallpaper
[09:30:51] Successful get url: https://www.bing.com/th?id=OHR.OctopusCyanea_ZH-CN8948609460_UHD.jpg
[09:30:51] Image saved to img/background.jpg
[09:30:51] Info saved to README.md
[09:30:51] Image saved to history/2025/10/08.md
[09:30:51] Start geting global Bing Wallpaper, region=en-US, local time is 2025-10-08 05:30:51.598481-04:00
[09:30:51] Successful get url: https://www.bing.com/th?id=OHR.OctopusCyanea_EN-US0194861123_UHD.jpg
[09:30:51] Picture infomations saved to  global/en-US/README.md
[09:30:51] Picture infomations saved to global/en-US/history/2025/10/09_en-US.md
[09:30:51] Start geting global Bing Wallpaper, region=ja-JP, local time is 2025-10-08 18:30:51.734300+09:00
[09:30:51] Successful get url: https://www.bing.com/th?id=OHR.Ryuzufalls2025_JA-JP6418303608_UHD.jpg
[09:30:51] Picture infomations saved to  global/ja-JP/README.md
[09:30:51] Picture infomations saved to global/ja-JP/history/2025/10/08_ja-JP.md
[09:30:51] Start geting global Bing Wallpaper, region=en-IN, local time is 2025-10-08 15:00:51.888450+05:30
[09:30:51] Successful get url: https://www.bing.com/th?id=OHR.OctopusCyanea_EN-IN9999645050_UHD.jpg
[09:30:52] Picture infomations saved to  global/en-IN/README.md
[09:30:52] Picture infomations saved to global/en-IN/history/2025/10/08_en-IN.md
[09:30:52] Start geting global Bing Wallpaper, region=pt-BR, local time is 2025-10-08 06:30:52.018073-03:00
[09:30:52] Successful get url: https://www.bing.com/th?id=OHR.OctopusCyanea_PT-BR6333276319_UHD.jpg
[09:30:52] Picture infomations saved to  global/pt-BR/README.md
[09:30:52] Picture infomations saved to global/pt-BR/history/2025/10/09_pt-BR.md
[09:30:52] Start geting global Bing Wallpaper, region=fr-FR, local time is 2025-10-08 11:30:52.165310+02:00
[09:30:52] Successful get url: https://www.bing.com/th?id=OHR.OctopusCyanea_FR-FR1796300491_UHD.jpg
[09:30:52] Picture infomations saved to  global/fr-FR/README.md
[09:30:52] Picture infomations saved to global/fr-FR/history/2025/10/08_fr-FR.md
[09:30:52] Start geting global Bing Wallpaper, region=de-DE, local time is 2025-10-08 11:30:52.403340+02:00
[09:30:52] Successful get url: https://www.bing.com/th?id=OHR.OctopusCyanea_DE-DE3244013803_UHD.jpg
[09:30:52] Picture infomations saved to  global/de-DE/README.md
[09:30:52] Picture infomations saved to global/de-DE/history/2025/10/08_de-DE.md
[09:30:52] Start geting global Bing Wallpaper, region=en-CA, local time is 2025-10-08 05:30:52.545686-04:00
[09:30:52] Successful get url: https://www.bing.com/th?id=OHR.OctopusCyanea_EN-CA7864486363_UHD.jpg
[09:30:52] Picture infomations saved to  global/en-CA/README.md
[09:30:52] Picture infomations saved to global/en-CA/history/2025/10/09_en-CA.md
[09:30:52] Start geting global Bing Wallpaper, region=en-GB, local time is 2025-10-08 10:30:52.662005+01:00
[09:30:52] Successful get url: https://www.bing.com/th?id=OHR.OctopusCyanea_EN-GB5018105251_UHD.jpg
[09:30:52] Picture infomations saved to  global/en-GB/README.md
[09:30:52] Picture infomations saved to global/en-GB/history/2025/10/08_en-GB.md
[09:30:52] Start geting global Bing Wallpaper, region=it-IT, local time is 2025-10-08 11:30:52.792598+02:00
[09:30:52] Successful get url: https://www.bing.com/th?id=OHR.OctopusCyanea_IT-IT0571963002_UHD.jpg
[09:30:52] Picture infomations saved to  global/it-IT/README.md
[09:30:52] Picture infomations saved to global/it-IT/history/2025/10/08_it-IT.md
[09:30:52] Start geting global Bing Wallpaper, region=es-ES, local time is 2025-10-08 11:30:52.907729+02:00
[09:30:52] Successful get url: https://www.bing.com/th?id=OHR.OctopusCyanea_ES-ES0861664902_UHD.jpg
[09:30:53] Picture infomations saved to  global/es-ES/README.md
[09:30:53] Picture infomations saved to global/es-ES/history/2025/10/08_es-ES.md
[09:30:53] Start geting global Bing Wallpaper, region=fr-CA, local time is 2025-10-08 05:30:53.061346-04:00
[09:30:53] Successful get url: https://www.bing.com/th?id=OHR.OctopusCyanea_FR-CA5704542701_UHD.jpg
[09:30:53] Picture infomations saved to  global/fr-CA/README.md
[09:30:53] Picture infomations saved to global/fr-CA/history/2025/10/09_fr-CA.md
Program exit at 09:30:53

Program started at 16:16:29
Operating System Name: Linux
Operating System Version: #18~24.04.1-Ubuntu SMP Sat Jun 28 04:46:03 UTC 2025
System Architecture: ('64bit', 'ELF')
Computer Type: x86_64
Computer Name: runnervmwhb2z
Processor Type: x86_64
Python Version: 3.12.11
Python Interpreter Name: CPython
[16:16:29] Start geting CN Bing Wallpaper
[16:16:29] Successful get url: https://www.bing.com/th?id=OHR.WebbPillars_ZH-CN9054137596_UHD.jpg
[16:16:30] Image saved to img/background.jpg
[16:16:30] Info saved to README.md
[16:16:30] Image saved to history/2025/10/09.md
[16:16:30] Start geting global Bing Wallpaper, region=en-US, local time is 2025-10-08 12:16:30.021653-04:00
[16:16:30] Successful get url: https://www.bing.com/th?id=OHR.OctopusCyanea_EN-US0194861123_UHD.jpg
[16:16:30] Picture infomations saved to  global/en-US/README.md
[16:16:30] Picture infomations saved to global/en-US/history/2025/10/09_en-US.md
[16:16:30] Start geting global Bing Wallpaper, region=ja-JP, local time is 2025-10-09 01:16:30.169215+09:00
[16:16:30] Successful get url: https://www.bing.com/th?id=OHR.WebbPillars_JA-JP7847589500_UHD.jpg
[16:16:30] Picture infomations saved to  global/ja-JP/README.md
[16:16:30] Picture infomations saved to global/ja-JP/history/2025/10/09_ja-JP.md
[16:16:30] Start geting global Bing Wallpaper, region=en-IN, local time is 2025-10-08 21:46:30.307246+05:30
[16:16:30] Successful get url: https://www.bing.com/th?id=OHR.OctopusCyanea_EN-IN9999645050_UHD.jpg
[16:16:30] Picture infomations saved to  global/en-IN/README.md
[16:16:30] Picture infomations saved to global/en-IN/history/2025/10/08_en-IN.md
[16:16:30] Start geting global Bing Wallpaper, region=pt-BR, local time is 2025-10-08 13:16:30.449486-03:00
[16:16:30] Successful get url: https://www.bing.com/th?id=OHR.OctopusCyanea_PT-BR6333276319_UHD.jpg
[16:16:30] Picture infomations saved to  global/pt-BR/README.md
[16:16:30] Picture infomations saved to global/pt-BR/history/2025/10/09_pt-BR.md
[16:16:30] Start geting global Bing Wallpaper, region=fr-FR, local time is 2025-10-08 18:16:30.791905+02:00
[16:16:30] Successful get url: https://www.bing.com/th?id=OHR.OctopusCyanea_FR-FR1796300491_UHD.jpg
[16:16:30] Picture infomations saved to  global/fr-FR/README.md
[16:16:30] Picture infomations saved to global/fr-FR/history/2025/10/08_fr-FR.md
[16:16:30] Start geting global Bing Wallpaper, region=de-DE, local time is 2025-10-08 18:16:30.939209+02:00
[16:16:31] Successful get url: https://www.bing.com/th?id=OHR.OctopusCyanea_DE-DE3244013803_UHD.jpg
[16:16:31] Picture infomations saved to  global/de-DE/README.md
[16:16:31] Picture infomations saved to global/de-DE/history/2025/10/08_de-DE.md
[16:16:31] Start geting global Bing Wallpaper, region=en-CA, local time is 2025-10-08 12:16:31.074682-04:00
[16:16:31] Successful get url: https://www.bing.com/th?id=OHR.OctopusCyanea_EN-CA7864486363_UHD.jpg
[16:16:31] Picture infomations saved to  global/en-CA/README.md
[16:16:31] Picture infomations saved to global/en-CA/history/2025/10/09_en-CA.md
[16:16:31] Start geting global Bing Wallpaper, region=en-GB, local time is 2025-10-08 17:16:31.206486+01:00
[16:16:31] Successful get url: https://www.bing.com/th?id=OHR.OctopusCyanea_EN-GB5018105251_UHD.jpg
[16:16:31] Picture infomations saved to  global/en-GB/README.md
[16:16:31] Picture infomations saved to global/en-GB/history/2025/10/08_en-GB.md
[16:16:31] Start geting global Bing Wallpaper, region=it-IT, local time is 2025-10-08 18:16:31.353493+02:00
[16:16:31] Successful get url: https://www.bing.com/th?id=OHR.OctopusCyanea_IT-IT0571963002_UHD.jpg
[16:16:31] Picture infomations saved to  global/it-IT/README.md
[16:16:31] Picture infomations saved to global/it-IT/history/2025/10/08_it-IT.md
[16:16:31] Start geting global Bing Wallpaper, region=es-ES, local time is 2025-10-08 18:16:31.494073+02:00
[16:16:31] Successful get url: https://www.bing.com/th?id=OHR.OctopusCyanea_ES-ES0861664902_UHD.jpg
[16:16:31] Picture infomations saved to  global/es-ES/README.md
[16:16:31] Picture infomations saved to global/es-ES/history/2025/10/08_es-ES.md
[16:16:31] Start geting global Bing Wallpaper, region=fr-CA, local time is 2025-10-08 12:16:31.631322-04:00
[16:16:31] Successful get url: https://www.bing.com/th?id=OHR.OctopusCyanea_FR-CA5704542701_UHD.jpg
[16:16:31] Picture infomations saved to  global/fr-CA/README.md
[16:16:31] Picture infomations saved to global/fr-CA/history/2025/10/09_fr-CA.md
Program exit at 16:16:31
