
Program started at 09:33:30
Operating System Name: Linux
Operating System Version: #18~24.04.1-Ubuntu SMP Sat Jun 28 04:46:03 UTC 2025
System Architecture: ('64bit', 'ELF')
Computer Type: x86_64
Computer Name: runnervmwhb2z
Processor Type: x86_64
Python Version: 3.12.11
Python Interpreter Name: CPython
[09:33:30] Start geting CN Bing Wallpaper
[09:33:30] Successful get url: https://www.bing.com/th?id=OHR.BulgariaRocks_ZH-CN0234903972_UHD.jpg
[09:33:30] Image saved to img/background.jpg
[09:33:30] Info saved to README.md
[09:33:30] Image saved to history/2025/10/22.md
[09:33:30] Start geting global Bing Wallpaper, region=en-US, local time is 2025-10-22 05:33:30.839029-04:00
[09:33:30] Successful get url: https://www.bing.com/th?id=OHR.BulgariaRocks_EN-US3184562282_UHD.jpg
[09:33:31] Picture infomations saved to  global/en-US/README.md
[09:33:31] Picture infomations saved to global/en-US/history/2025/10/23_en-US.md
[09:33:31] Start geting global Bing Wallpaper, region=ja-JP, local time is 2025-10-22 18:33:31.046353+09:00
[09:33:31] Successful get url: https://www.bing.com/th?id=OHR.HeianDay2025_JA-JP1910457007_UHD.jpg
[09:33:31] Picture infomations saved to  global/ja-JP/README.md
[09:33:31] Picture infomations saved to global/ja-JP/history/2025/10/22_ja-JP.md
[09:33:31] Start geting global Bing Wallpaper, region=en-IN, local time is 2025-10-22 15:03:31.213860+05:30
[09:33:31] Successful get url: https://www.bing.com/th?id=OHR.BulgariaRocks_EN-IN6060043894_UHD.jpg
[09:33:31] Picture infomations saved to  global/en-IN/README.md
[09:33:31] Picture infomations saved to global/en-IN/history/2025/10/22_en-IN.md
[09:33:31] Start geting global Bing Wallpaper, region=pt-BR, local time is 2025-10-22 06:33:31.367590-03:00
[09:33:31] Successful get url: https://www.bing.com/th?id=OHR.BulgariaRocks_PT-BR2901045290_UHD.jpg
[09:33:31] Picture infomations saved to  global/pt-BR/README.md
[09:33:31] Picture infomations saved to global/pt-BR/history/2025/10/23_pt-BR.md
[09:33:31] Start geting global Bing Wallpaper, region=fr-FR, local time is 2025-10-22 11:33:31.530202+02:00
[09:33:31] Successful get url: https://www.bing.com/th?id=OHR.BulgariaRocks_FR-FR6124284800_UHD.jpg
[09:33:31] Picture infomations saved to  global/fr-FR/README.md
[09:33:31] Picture infomations saved to global/fr-FR/history/2025/10/22_fr-FR.md
[09:33:31] Start geting global Bing Wallpaper, region=de-DE, local time is 2025-10-22 11:33:31.700476+02:00
[09:33:31] Successful get url: https://www.bing.com/th?id=OHR.BulgariaRocks_DE-DE9798723831_UHD.jpg
[09:33:31] Picture infomations saved to  global/de-DE/README.md
[09:33:31] Picture infomations saved to global/de-DE/history/2025/10/22_de-DE.md
[09:33:31] Start geting global Bing Wallpaper, region=en-CA, local time is 2025-10-22 05:33:31.880686-04:00
[09:33:31] Successful get url: https://www.bing.com/th?id=OHR.BulgariaRocks_EN-CA8455831888_UHD.jpg
[09:33:32] Picture infomations saved to  global/en-CA/README.md
[09:33:32] Picture infomations saved to global/en-CA/history/2025/10/23_en-CA.md
[09:33:32] Start geting global Bing Wallpaper, region=en-GB, local time is 2025-10-22 10:33:32.044912+01:00
[09:33:32] Successful get url: https://www.bing.com/th?id=OHR.BulgariaRocks_EN-GB3300175834_UHD.jpg
[09:33:32] Picture infomations saved to  global/en-GB/README.md
[09:33:32] Picture infomations saved to global/en-GB/history/2025/10/22_en-GB.md
[09:33:32] Start geting global Bing Wallpaper, region=it-IT, local time is 2025-10-22 11:33:32.197260+02:00
[09:33:32] Successful get url: https://www.bing.com/th?id=OHR.BulgariaRocks_IT-IT4526713367_UHD.jpg
[09:33:32] Picture infomations saved to  global/it-IT/README.md
[09:33:32] Picture infomations saved to global/it-IT/history/2025/10/22_it-IT.md
[09:33:32] Start geting global Bing Wallpaper, region=es-ES, local time is 2025-10-22 11:33:32.353997+02:00
[09:33:32] Successful get url: https://www.bing.com/th?id=OHR.BulgariaRocks_ES-ES9951900468_UHD.jpg
[09:33:32] Picture infomations saved to  global/es-ES/README.md
[09:33:32] Picture infomations saved to global/es-ES/history/2025/10/22_es-ES.md
[09:33:32] Start geting global Bing Wallpaper, region=fr-CA, local time is 2025-10-22 05:33:32.518886-04:00
[09:33:32] Successful get url: https://www.bing.com/th?id=OHR.BulgariaRocks_FR-CA4764793857_UHD.jpg
[09:33:32] Picture infomations saved to  global/fr-CA/README.md
[09:33:32] Picture infomations saved to global/fr-CA/history/2025/10/23_fr-CA.md
Program exit at 09:33:32
