
Program started at 09:26:41
Operating System Name: Linux
Operating System Version: #18~24.04.1-Ubuntu SMP Sat Jun 28 04:46:03 UTC 2025
System Architecture: ('64bit', 'ELF')
Computer Type: x86_64
Computer Name: runnervmwhb2z
Processor Type: x86_64
Python Version: 3.12.11
Python Interpreter Name: CPython
[09:26:41] Start geting CN Bing Wallpaper
[09:26:41] Successful get url: https://www.bing.com/th?id=OHR.MartimoaapaFinland_ZH-CN1066271356_UHD.jpg
[09:26:41] Image saved to img/background.jpg
[09:26:41] Info saved to README.md
[09:26:41] Image saved to history/2025/10/25.md
[09:26:41] Start geting global Bing Wallpaper, region=en-US, local time is 2025-10-25 05:26:41.410941-04:00
[09:26:41] Successful get url: https://www.bing.com/th?id=OHR.MartimoaapaFinland_EN-US3685817058_UHD.jpg
[09:26:41] Picture infomations saved to  global/en-US/README.md
[09:26:41] Picture infomations saved to global/en-US/history/2025/10/26_en-US.md
[09:26:41] Start geting global Bing Wallpaper, region=ja-JP, local time is 2025-10-25 18:26:41.609953+09:00
[09:26:41] Successful get url: https://www.bing.com/th?id=OHR.MartimoaapaFinland_JA-JP4112991986_UHD.jpg
[09:26:41] Picture infomations saved to  global/ja-JP/README.md
[09:26:41] Picture infomations saved to global/ja-JP/history/2025/10/25_ja-JP.md
[09:26:41] Start geting global Bing Wallpaper, region=en-IN, local time is 2025-10-25 14:56:41.717119+05:30
[09:26:41] Successful get url: https://www.bing.com/th?id=OHR.MartimoaapaFinland_EN-IN6497772710_UHD.jpg
[09:26:41] Picture infomations saved to  global/en-IN/README.md
[09:26:41] Picture infomations saved to global/en-IN/history/2025/10/25_en-IN.md
[09:26:41] Start geting global Bing Wallpaper, region=pt-BR, local time is 2025-10-25 06:26:41.843566-03:00
[09:26:41] Successful get url: https://www.bing.com/th?id=OHR.MartimoaapaFinland_PT-BR1421304664_UHD.jpg
[09:26:41] Picture infomations saved to  global/pt-BR/README.md
[09:26:41] Picture infomations saved to global/pt-BR/history/2025/10/26_pt-BR.md
[09:26:41] Start geting global Bing Wallpaper, region=fr-FR, local time is 2025-10-25 11:26:41.958017+02:00
[09:26:42] Successful get url: https://www.bing.com/th?id=OHR.MartimoaapaFinland_FR-FR9588990995_UHD.jpg
[09:26:42] Picture infomations saved to  global/fr-FR/README.md
[09:26:42] Picture infomations saved to global/fr-FR/history/2025/10/25_fr-FR.md
[09:26:42] Start geting global Bing Wallpaper, region=de-DE, local time is 2025-10-25 11:26:42.071985+02:00
[09:26:42] Successful get url: https://www.bing.com/th?id=OHR.MartimoaapaFinland_DE-DE0136132064_UHD.jpg
[09:26:42] Picture infomations saved to  global/de-DE/README.md
[09:26:42] Picture infomations saved to global/de-DE/history/2025/10/25_de-DE.md
[09:26:42] Start geting global Bing Wallpaper, region=en-CA, local time is 2025-10-25 05:26:42.186001-04:00
[09:26:42] Successful get url: https://www.bing.com/th?id=OHR.MartimoaapaFinland_EN-CA8581468611_UHD.jpg
[09:26:42] Picture infomations saved to  global/en-CA/README.md
[09:26:42] Picture infomations saved to global/en-CA/history/2025/10/26_en-CA.md
[09:26:42] Start geting global Bing Wallpaper, region=en-GB, local time is 2025-10-25 10:26:42.292746+01:00
[09:26:42] Successful get url: https://www.bing.com/th?id=OHR.MartimoaapaFinland_EN-GB3880674254_UHD.jpg
[09:26:42] Picture infomations saved to  global/en-GB/README.md
[09:26:42] Picture infomations saved to global/en-GB/history/2025/10/25_en-GB.md
[09:26:42] Start geting global Bing Wallpaper, region=it-IT, local time is 2025-10-25 11:26:42.406738+02:00
[09:26:42] Successful get url: https://www.bing.com/th?id=OHR.MartimoaapaFinland_IT-IT0794218844_UHD.jpg
[09:26:42] Picture infomations saved to  global/it-IT/README.md
[09:26:42] Picture infomations saved to global/it-IT/history/2025/10/25_it-IT.md
[09:26:42] Start geting global Bing Wallpaper, region=es-ES, local time is 2025-10-25 11:26:42.520555+02:00
[09:26:42] Successful get url: https://www.bing.com/th?id=OHR.PaisVascoDay_ES-ES6776223688_UHD.jpg
[09:26:42] Picture infomations saved to  global/es-ES/README.md
[09:26:42] Picture infomations saved to global/es-ES/history/2025/10/25_es-ES.md
[09:26:42] Start geting global Bing Wallpaper, region=fr-CA, local time is 2025-10-25 05:26:42.632123-04:00
[09:26:42] Successful get url: https://www.bing.com/th?id=OHR.MartimoaapaFinland_FR-CA5308818561_UHD.jpg
[09:26:42] Picture infomations saved to  global/fr-CA/README.md
[09:26:42] Picture infomations saved to global/fr-CA/history/2025/10/26_fr-CA.md
Program exit at 09:26:42

Program started at 16:14:31
Operating System Name: Linux
Operating System Version: #18~24.04.1-Ubuntu SMP Sat Jun 28 04:46:03 UTC 2025
System Architecture: ('64bit', 'ELF')
Computer Type: x86_64
Computer Name: runnervmwhb2z
Processor Type: x86_64
Python Version: 3.12.11
Python Interpreter Name: CPython
[16:14:31] Start geting CN Bing Wallpaper
[16:14:31] Successful get url: https://www.bing.com/th?id=OHR.PumpkinFarm_ZH-CN1232784365_UHD.jpg
[16:14:31] Image saved to img/background.jpg
[16:14:31] Info saved to README.md
[16:14:31] Image saved to history/2025/10/26.md
[16:14:31] Start geting global Bing Wallpaper, region=en-US, local time is 2025-10-25 12:14:31.302052-04:00
[16:14:31] Successful get url: https://www.bing.com/th?id=OHR.MartimoaapaFinland_EN-US3685817058_UHD.jpg
[16:14:31] Picture infomations saved to  global/en-US/README.md
[16:14:31] Picture infomations saved to global/en-US/history/2025/10/26_en-US.md
[16:14:31] Start geting global Bing Wallpaper, region=ja-JP, local time is 2025-10-26 01:14:31.435412+09:00
[16:14:31] Successful get url: https://www.bing.com/th?id=OHR.PumpkinFarm_JA-JP4335474767_UHD.jpg
[16:14:31] Picture infomations saved to  global/ja-JP/README.md
[16:14:31] Picture infomations saved to global/ja-JP/history/2025/10/26_ja-JP.md
[16:14:31] Start geting global Bing Wallpaper, region=en-IN, local time is 2025-10-25 21:44:31.602580+05:30
[16:14:31] Successful get url: https://www.bing.com/th?id=OHR.MartimoaapaFinland_EN-IN6497772710_UHD.jpg
[16:14:31] Picture infomations saved to  global/en-IN/README.md
[16:14:31] Picture infomations saved to global/en-IN/history/2025/10/25_en-IN.md
[16:14:31] Start geting global Bing Wallpaper, region=pt-BR, local time is 2025-10-25 13:14:31.757549-03:00
[16:14:31] Successful get url: https://www.bing.com/th?id=OHR.MartimoaapaFinland_PT-BR1421304664_UHD.jpg
[16:14:31] Picture infomations saved to  global/pt-BR/README.md
[16:14:31] Picture infomations saved to global/pt-BR/history/2025/10/26_pt-BR.md
[16:14:31] Start geting global Bing Wallpaper, region=fr-FR, local time is 2025-10-25 18:14:31.878334+02:00
[16:14:31] Successful get url: https://www.bing.com/th?id=OHR.MartimoaapaFinland_FR-FR9588990995_UHD.jpg
[16:14:31] Picture infomations saved to  global/fr-FR/README.md
[16:14:31] Picture infomations saved to global/fr-FR/history/2025/10/25_fr-FR.md
[16:14:31] Start geting global Bing Wallpaper, region=de-DE, local time is 2025-10-25 18:14:31.999681+02:00
[16:14:32] Successful get url: https://www.bing.com/th?id=OHR.MartimoaapaFinland_DE-DE0136132064_UHD.jpg
[16:14:32] Picture infomations saved to  global/de-DE/README.md
[16:14:32] Picture infomations saved to global/de-DE/history/2025/10/25_de-DE.md
[16:14:32] Start geting global Bing Wallpaper, region=en-CA, local time is 2025-10-25 12:14:32.276927-04:00
[16:14:32] Successful get url: https://www.bing.com/th?id=OHR.MartimoaapaFinland_EN-CA8581468611_UHD.jpg
[16:14:32] Picture infomations saved to  global/en-CA/README.md
[16:14:32] Picture infomations saved to global/en-CA/history/2025/10/26_en-CA.md
[16:14:32] Start geting global Bing Wallpaper, region=en-GB, local time is 2025-10-25 17:14:32.402283+01:00
[16:14:32] Successful get url: https://www.bing.com/th?id=OHR.MartimoaapaFinland_EN-GB3880674254_UHD.jpg
[16:14:32] Picture infomations saved to  global/en-GB/README.md
[16:14:32] Picture infomations saved to global/en-GB/history/2025/10/25_en-GB.md
[16:14:32] Start geting global Bing Wallpaper, region=it-IT, local time is 2025-10-25 18:14:32.535682+02:00
[16:14:32] Successful get url: https://www.bing.com/th?id=OHR.MartimoaapaFinland_IT-IT0794218844_UHD.jpg
[16:14:32] Picture infomations saved to  global/it-IT/README.md
[16:14:32] Picture infomations saved to global/it-IT/history/2025/10/25_it-IT.md
[16:14:32] Start geting global Bing Wallpaper, region=es-ES, local time is 2025-10-25 18:14:32.663523+02:00
[16:14:32] Successful get url: https://www.bing.com/th?id=OHR.PaisVascoDay_ES-ES6776223688_UHD.jpg
[16:14:32] Picture infomations saved to  global/es-ES/README.md
[16:14:32] Picture infomations saved to global/es-ES/history/2025/10/25_es-ES.md
[16:14:32] Start geting global Bing Wallpaper, region=fr-CA, local time is 2025-10-25 12:14:32.825630-04:00
[16:14:32] Successful get url: https://www.bing.com/th?id=OHR.MartimoaapaFinland_FR-CA5308818561_UHD.jpg
[16:14:33] Picture infomations saved to  global/fr-CA/README.md
[16:14:33] Picture infomations saved to global/fr-CA/history/2025/10/26_fr-CA.md
Program exit at 16:14:33
