
Program started at 09:26:02
Operating System Name: Linux
Operating System Version: #18~24.04.1-Ubuntu SMP Sat Jun 28 04:46:03 UTC 2025
System Architecture: ('64bit', 'ELF')
Computer Type: x86_64
Computer Name: runnervmwhb2z
Processor Type: x86_64
Python Version: 3.12.11
Python Interpreter Name: CPython
[09:26:02] Start geting CN Bing Wallpaper
[09:26:02] Successful get url: https://www.bing.com/th?id=OHR.WoodDuckHen_ZH-CN9558916773_UHD.jpg
[09:26:02] Image saved to img/background.jpg
[09:26:02] Info saved to README.md
[09:26:02] Image saved to history/2025/10/11.md
[09:26:02] Start geting global Bing Wallpaper, region=en-US, local time is 2025-10-11 05:26:02.769042-04:00
[09:26:02] Successful get url: https://www.bing.com/th?id=OHR.WoodDuckHen_EN-US0382439406_UHD.jpg
[09:26:03] Picture infomations saved to  global/en-US/README.md
[09:26:03] Picture infomations saved to global/en-US/history/2025/10/12_en-US.md
[09:26:03] Start geting global Bing Wallpaper, region=ja-JP, local time is 2025-10-11 18:26:03.033466+09:00
[09:26:03] Successful get url: https://www.bing.com/th?id=OHR.WoodDuckHen_JA-JP7933266501_UHD.jpg
[09:26:03] Picture infomations saved to  global/ja-JP/README.md
[09:26:03] Picture infomations saved to global/ja-JP/history/2025/10/11_ja-JP.md
[09:26:03] Start geting global Bing Wallpaper, region=en-IN, local time is 2025-10-11 14:56:03.272335+05:30
[09:26:03] Successful get url: https://www.bing.com/th?id=OHR.WoodDuckHen_EN-IN0584855660_UHD.jpg
[09:26:03] Picture infomations saved to  global/en-IN/README.md
[09:26:03] Picture infomations saved to global/en-IN/history/2025/10/11_en-IN.md
[09:26:03] Start geting global Bing Wallpaper, region=pt-BR, local time is 2025-10-11 06:26:03.498793-03:00
[09:26:03] Successful get url: https://www.bing.com/th?id=OHR.WoodDuckHen_PT-BR4872632595_UHD.jpg
[09:26:03] Picture infomations saved to  global/pt-BR/README.md
[09:26:03] Picture infomations saved to global/pt-BR/history/2025/10/12_pt-BR.md
[09:26:03] Start geting global Bing Wallpaper, region=fr-FR, local time is 2025-10-11 11:26:03.747822+02:00
[09:26:03] Successful get url: https://www.bing.com/th?id=OHR.WoodDuckHen_FR-FR2128757864_UHD.jpg
[09:26:04] Picture infomations saved to  global/fr-FR/README.md
[09:26:04] Picture infomations saved to global/fr-FR/history/2025/10/11_fr-FR.md
[09:26:04] Start geting global Bing Wallpaper, region=de-DE, local time is 2025-10-11 11:26:04.112332+02:00
[09:26:04] Successful get url: https://www.bing.com/th?id=OHR.WoodDuckHen_DE-DE3532721036_UHD.jpg
[09:26:04] Picture infomations saved to  global/de-DE/README.md
[09:26:04] Picture infomations saved to global/de-DE/history/2025/10/11_de-DE.md
[09:26:04] Start geting global Bing Wallpaper, region=en-CA, local time is 2025-10-11 05:26:04.349528-04:00
[09:26:04] Successful get url: https://www.bing.com/th?id=OHR.WoodDuckHen_EN-CA8442966636_UHD.jpg
[09:26:04] Picture infomations saved to  global/en-CA/README.md
[09:26:04] Picture infomations saved to global/en-CA/history/2025/10/12_en-CA.md
[09:26:04] Start geting global Bing Wallpaper, region=en-GB, local time is 2025-10-11 10:26:04.570020+01:00
[09:26:04] Successful get url: https://www.bing.com/th?id=OHR.WoodDuckHen_EN-GB5445479640_UHD.jpg
[09:26:04] Picture infomations saved to  global/en-GB/README.md
[09:26:04] Picture infomations saved to global/en-GB/history/2025/10/11_en-GB.md
[09:26:04] Start geting global Bing Wallpaper, region=it-IT, local time is 2025-10-11 11:26:04.836062+02:00
[09:26:04] Successful get url: https://www.bing.com/th?id=OHR.LagoLagazuolo_IT-IT9428871019_UHD.jpg
[09:26:05] Picture infomations saved to  global/it-IT/README.md
[09:26:05] Picture infomations saved to global/it-IT/history/2025/10/11_it-IT.md
[09:26:05] Start geting global Bing Wallpaper, region=es-ES, local time is 2025-10-11 11:26:05.140274+02:00
[09:26:05] Successful get url: https://www.bing.com/th?id=OHR.WoodDuckHen_ES-ES1058654365_UHD.jpg
[09:26:05] Picture infomations saved to  global/es-ES/README.md
[09:26:05] Picture infomations saved to global/es-ES/history/2025/10/11_es-ES.md
[09:26:05] Start geting global Bing Wallpaper, region=fr-CA, local time is 2025-10-11 05:26:05.375556-04:00
[09:26:05] Successful get url: https://www.bing.com/th?id=OHR.WoodDuckHen_FR-CA5874866623_UHD.jpg
[09:26:05] Picture infomations saved to  global/fr-CA/README.md
[09:26:05] Picture infomations saved to global/fr-CA/history/2025/10/12_fr-CA.md
Program exit at 09:26:05
