
Program started at 09:31:30
Operating System Name: Linux
Operating System Version: #18~24.04.1-Ubuntu SMP Sat Jun 28 04:46:03 UTC 2025
System Architecture: ('64bit', 'ELF')
Computer Type: x86_64
Computer Name: runnervmwhb2z
Processor Type: x86_64
Python Version: 3.12.11
Python Interpreter Name: CPython
[09:31:30] Start geting CN Bing Wallpaper
[09:31:30] Successful get url: https://www.bing.com/th?id=OHR.PushkarFair_ZH-CN2069143641_UHD.jpg
[09:31:30] Image saved to img/background.jpg
[09:31:30] Info saved to README.md
[09:31:30] Image saved to history/2025/10/30.md
[09:31:30] Start geting global Bing Wallpaper, region=en-US, local time is 2025-10-30 05:31:30.302248-04:00
[09:31:30] Successful get url: https://www.bing.com/th?id=OHR.PushkarFair_EN-US4430814252_UHD.jpg
[09:31:30] Picture infomations saved to  global/en-US/README.md
[09:31:30] Picture infomations saved to global/en-US/history/2025/10/31_en-US.md
[09:31:30] Start geting global Bing Wallpaper, region=ja-JP, local time is 2025-10-30 18:31:30.418578+09:00
[09:31:30] Successful get url: https://www.bing.com/th?id=OHR.PushkarFair_JA-JP5237549354_UHD.jpg
[09:31:30] Picture infomations saved to  global/ja-JP/README.md
[09:31:30] Picture infomations saved to global/ja-JP/history/2025/10/30_ja-JP.md
[09:31:30] Start geting global Bing Wallpaper, region=en-IN, local time is 2025-10-30 15:01:30.526922+05:30
[09:31:30] Successful get url: https://www.bing.com/th?id=OHR.PushkarFair_EN-IN7248040171_UHD.jpg
[09:31:30] Picture infomations saved to  global/en-IN/README.md
[09:31:30] Picture infomations saved to global/en-IN/history/2025/10/30_en-IN.md
[09:31:30] Start geting global Bing Wallpaper, region=pt-BR, local time is 2025-10-30 06:31:30.653957-03:00
[09:31:30] Successful get url: https://www.bing.com/th?id=OHR.PushkarFair_PT-BR6477108877_UHD.jpg
[09:31:30] Picture infomations saved to  global/pt-BR/README.md
[09:31:30] Picture infomations saved to global/pt-BR/history/2025/10/31_pt-BR.md
[09:31:30] Start geting global Bing Wallpaper, region=fr-FR, local time is 2025-10-30 10:31:30.757109+01:00
[09:31:30] Successful get url: https://www.bing.com/th?id=OHR.PushkarFair_FR-FR0781642371_UHD.jpg
[09:31:30] Picture infomations saved to  global/fr-FR/README.md
[09:31:30] Picture infomations saved to global/fr-FR/history/2025/10/30_fr-FR.md
[09:31:30] Start geting global Bing Wallpaper, region=de-DE, local time is 2025-10-30 10:31:30.858875+01:00
[09:31:30] Successful get url: https://www.bing.com/th?id=OHR.PushkarFair_DE-DE2030410858_UHD.jpg
[09:31:30] Picture infomations saved to  global/de-DE/README.md
[09:31:30] Picture infomations saved to global/de-DE/history/2025/10/30_de-DE.md
[09:31:30] Start geting global Bing Wallpaper, region=en-CA, local time is 2025-10-30 05:31:30.987177-04:00
[09:31:31] Successful get url: https://www.bing.com/th?id=OHR.PushkarFair_EN-CA8887755695_UHD.jpg
[09:31:31] Picture infomations saved to  global/en-CA/README.md
[09:31:31] Picture infomations saved to global/en-CA/history/2025/10/31_en-CA.md
[09:31:31] Start geting global Bing Wallpaper, region=en-GB, local time is 2025-10-30 09:31:31.093728+00:00
[09:31:31] Successful get url: https://www.bing.com/th?id=OHR.PushkarFair_EN-GB3870790222_UHD.jpg
[09:31:31] Picture infomations saved to  global/en-GB/README.md
[09:31:31] Picture infomations saved to global/en-GB/history/2025/10/31_en-GB.md
[09:31:31] Start geting global Bing Wallpaper, region=it-IT, local time is 2025-10-30 10:31:31.194789+01:00
[09:31:31] Successful get url: https://www.bing.com/th?id=OHR.PushkarFair_IT-IT9959541344_UHD.jpg
[09:31:31] Picture infomations saved to  global/it-IT/README.md
[09:31:31] Picture infomations saved to global/it-IT/history/2025/10/30_it-IT.md
[09:31:31] Start geting global Bing Wallpaper, region=es-ES, local time is 2025-10-30 10:31:31.301927+01:00
[09:31:31] Successful get url: https://www.bing.com/th?id=OHR.PushkarFair_ES-ES0743477785_UHD.jpg
[09:31:31] Picture infomations saved to  global/es-ES/README.md
[09:31:31] Picture infomations saved to global/es-ES/history/2025/10/30_es-ES.md
[09:31:31] Start geting global Bing Wallpaper, region=fr-CA, local time is 2025-10-30 05:31:31.403353-04:00
[09:31:31] Successful get url: https://www.bing.com/th?id=OHR.PushkarFair_FR-CA6109143818_UHD.jpg
[09:31:31] Picture infomations saved to  global/fr-CA/README.md
[09:31:31] Picture infomations saved to global/fr-CA/history/2025/10/31_fr-CA.md
Program exit at 09:31:31
