
Program started at 09:26:09
Operating System Name: Linux
Operating System Version: #12~24.04.1-Ubuntu SMP Tue Sep  9 19:01:23 UTC 2025
System Architecture: ('64bit', 'ELF')
Computer Type: x86_64
Computer Name: runnervmzdgdc
Processor Type: x86_64
Python Version: 3.12.12
Python Interpreter Name: CPython
[09:26:09] Start geting CN Bing Wallpaper
[09:26:09] Successful get url: https://www.bing.com/th?id=OHR.AppleHarvest_ZH-CN7317228007_UHD.jpg
[09:26:09] Image saved to img/background.jpg
[09:26:09] Info saved to README.md
[09:26:09] Image saved to history/2025/10/19.md
[09:26:09] Start geting global Bing Wallpaper, region=en-US, local time is 2025-10-19 05:26:09.873589-04:00
[09:26:09] Successful get url: https://www.bing.com/th?id=OHR.AppleHarvest_EN-US2977882687_UHD.jpg
[09:26:10] Picture infomations saved to  global/en-US/README.md
[09:26:10] Picture infomations saved to global/en-US/history/2025/10/20_en-US.md
[09:26:10] Start geting global Bing Wallpaper, region=ja-JP, local time is 2025-10-19 18:26:10.050254+09:00
[09:26:10] Successful get url: https://www.bing.com/th?id=OHR.AppleHarvest_JA-JP0862857490_UHD.jpg
[09:26:10] Picture infomations saved to  global/ja-JP/README.md
[09:26:10] Picture infomations saved to global/ja-JP/history/2025/10/19_ja-JP.md
[09:26:10] Start geting global Bing Wallpaper, region=en-IN, local time is 2025-10-19 14:56:10.208756+05:30
[09:26:10] Successful get url: https://www.bing.com/th?id=OHR.AppleHarvest_EN-IN5534604736_UHD.jpg
[09:26:10] Picture infomations saved to  global/en-IN/README.md
[09:26:10] Picture infomations saved to global/en-IN/history/2025/10/19_en-IN.md
[09:26:10] Start geting global Bing Wallpaper, region=pt-BR, local time is 2025-10-19 06:26:10.360720-03:00
[09:26:10] Successful get url: https://www.bing.com/th?id=OHR.AppleHarvest_PT-BR5524058975_UHD.jpg
[09:26:10] Picture infomations saved to  global/pt-BR/README.md
[09:26:10] Picture infomations saved to global/pt-BR/history/2025/10/20_pt-BR.md
[09:26:10] Start geting global Bing Wallpaper, region=fr-FR, local time is 2025-10-19 11:26:10.525245+02:00
[09:26:10] Successful get url: https://www.bing.com/th?id=OHR.AppleHarvest_FR-FR3383399730_UHD.jpg
[09:26:10] Picture infomations saved to  global/fr-FR/README.md
[09:26:10] Picture infomations saved to global/fr-FR/history/2025/10/19_fr-FR.md
[09:26:10] Start geting global Bing Wallpaper, region=de-DE, local time is 2025-10-19 11:26:10.680738+02:00
[09:26:10] Successful get url: https://www.bing.com/th?id=OHR.AppleHarvest_DE-DE2705439483_UHD.jpg
[09:26:10] Picture infomations saved to  global/de-DE/README.md
[09:26:10] Picture infomations saved to global/de-DE/history/2025/10/19_de-DE.md
[09:26:10] Start geting global Bing Wallpaper, region=en-CA, local time is 2025-10-19 05:26:10.841925-04:00
[09:26:10] Successful get url: https://www.bing.com/th?id=OHR.AppleHarvest_EN-CA8300580215_UHD.jpg
[09:26:10] Picture infomations saved to  global/en-CA/README.md
[09:26:10] Picture infomations saved to global/en-CA/history/2025/10/20_en-CA.md
[09:26:10] Start geting global Bing Wallpaper, region=en-GB, local time is 2025-10-19 10:26:10.988746+01:00
[09:26:11] Successful get url: https://www.bing.com/th?id=OHR.AppleHarvest_EN-GB2257227722_UHD.jpg
[09:26:11] Picture infomations saved to  global/en-GB/README.md
[09:26:11] Picture infomations saved to global/en-GB/history/2025/10/19_en-GB.md
[09:26:11] Start geting global Bing Wallpaper, region=it-IT, local time is 2025-10-19 11:26:11.162345+02:00
[09:26:11] Successful get url: https://www.bing.com/th?id=OHR.AppleHarvest_IT-IT5097872134_UHD.jpg
[09:26:11] Picture infomations saved to  global/it-IT/README.md
[09:26:11] Picture infomations saved to global/it-IT/history/2025/10/19_it-IT.md
[09:26:11] Start geting global Bing Wallpaper, region=es-ES, local time is 2025-10-19 11:26:11.331805+02:00
[09:26:11] Successful get url: https://www.bing.com/th?id=OHR.JaenCathedral_ES-ES4511407655_UHD.jpg
[09:26:11] Picture infomations saved to  global/es-ES/README.md
[09:26:11] Picture infomations saved to global/es-ES/history/2025/10/19_es-ES.md
[09:26:11] Start geting global Bing Wallpaper, region=fr-CA, local time is 2025-10-19 05:26:11.478005-04:00
[09:26:11] Successful get url: https://www.bing.com/th?id=OHR.AppleHarvest_FR-CA4246985686_UHD.jpg
[09:26:11] Picture infomations saved to  global/fr-CA/README.md
[09:26:11] Picture infomations saved to global/fr-CA/history/2025/10/20_fr-CA.md
Program exit at 09:26:11
