
Program started at 09:31:15
Operating System Name: Linux
Operating System Version: #18~24.04.1-Ubuntu SMP Sat Jun 28 04:46:03 UTC 2025
System Architecture: ('64bit', 'ELF')
Computer Type: x86_64
Computer Name: runnervmwhb2z
Processor Type: x86_64
Python Version: 3.12.11
Python Interpreter Name: CPython
[09:31:15] Start geting CN Bing Wallpaper
[09:31:15] Successful get url: https://www.bing.com/th?id=OHR.FanalForest_ZH-CN2203572101_UHD.jpg
[09:31:15] Image saved to img/background.jpg
[09:31:15] Info saved to README.md
[09:31:15] Image saved to history/2025/10/29.md
[09:31:15] Start geting global Bing Wallpaper, region=en-US, local time is 2025-10-29 05:31:15.631269-04:00
[09:31:15] Successful get url: https://www.bing.com/th?id=OHR.FanalForest_EN-US4405104404_UHD.jpg
[09:31:15] Picture infomations saved to  global/en-US/README.md
[09:31:15] Picture infomations saved to global/en-US/history/2025/10/30_en-US.md
[09:31:15] Start geting global Bing Wallpaper, region=ja-JP, local time is 2025-10-29 18:31:15.788517+09:00
[09:31:15] Successful get url: https://www.bing.com/th?id=OHR.FanalForest_JA-JP5058622515_UHD.jpg
[09:31:15] Picture infomations saved to  global/ja-JP/README.md
[09:31:15] Picture infomations saved to global/ja-JP/history/2025/10/29_ja-JP.md
[09:31:15] Start geting global Bing Wallpaper, region=en-IN, local time is 2025-10-29 15:01:15.926916+05:30
[09:31:15] Successful get url: https://www.bing.com/th?id=OHR.FanalForest_EN-IN7092889318_UHD.jpg
[09:31:16] Picture infomations saved to  global/en-IN/README.md
[09:31:16] Picture infomations saved to global/en-IN/history/2025/10/29_en-IN.md
[09:31:16] Start geting global Bing Wallpaper, region=pt-BR, local time is 2025-10-29 06:31:16.059662-03:00
[09:31:16] Successful get url: https://www.bing.com/th?id=OHR.FanalForest_PT-BR7092033197_UHD.jpg
[09:31:16] Picture infomations saved to  global/pt-BR/README.md
[09:31:16] Picture infomations saved to global/pt-BR/history/2025/10/30_pt-BR.md
[09:31:16] Start geting global Bing Wallpaper, region=fr-FR, local time is 2025-10-29 10:31:16.188368+01:00
[09:31:16] Successful get url: https://www.bing.com/th?id=OHR.FanalForest_FR-FR0588492140_UHD.jpg
[09:31:16] Picture infomations saved to  global/fr-FR/README.md
[09:31:16] Picture infomations saved to global/fr-FR/history/2025/10/29_fr-FR.md
[09:31:16] Start geting global Bing Wallpaper, region=de-DE, local time is 2025-10-29 10:31:16.315198+01:00
[09:31:16] Successful get url: https://www.bing.com/th?id=OHR.FanalForest_DE-DE4508530249_UHD.jpg
[09:31:16] Picture infomations saved to  global/de-DE/README.md
[09:31:16] Picture infomations saved to global/de-DE/history/2025/10/29_de-DE.md
[09:31:16] Start geting global Bing Wallpaper, region=en-CA, local time is 2025-10-29 05:31:16.477630-04:00
[09:31:16] Successful get url: https://www.bing.com/th?id=OHR.FanalForest_EN-CA8761843503_UHD.jpg
[09:31:16] Picture infomations saved to  global/en-CA/README.md
[09:31:16] Picture infomations saved to global/en-CA/history/2025/10/30_en-CA.md
[09:31:16] Start geting global Bing Wallpaper, region=en-GB, local time is 2025-10-29 09:31:16.610700+00:00
[09:31:16] Successful get url: https://www.bing.com/th?id=OHR.FanalForest_EN-GB3845896505_UHD.jpg
[09:31:16] Picture infomations saved to  global/en-GB/README.md
[09:31:16] Picture infomations saved to global/en-GB/history/2025/10/30_en-GB.md
[09:31:16] Start geting global Bing Wallpaper, region=it-IT, local time is 2025-10-29 10:31:16.737457+01:00
[09:31:16] Successful get url: https://www.bing.com/th?id=OHR.FanalForest_IT-IT1040239574_UHD.jpg
[09:31:16] Picture infomations saved to  global/it-IT/README.md
[09:31:16] Picture infomations saved to global/it-IT/history/2025/10/29_it-IT.md
[09:31:16] Start geting global Bing Wallpaper, region=es-ES, local time is 2025-10-29 10:31:16.886811+01:00
[09:31:16] Successful get url: https://www.bing.com/th?id=OHR.FanalForest_ES-ES0574680440_UHD.jpg
[09:31:17] Picture infomations saved to  global/es-ES/README.md
[09:31:17] Picture infomations saved to global/es-ES/history/2025/10/29_es-ES.md
[09:31:17] Start geting global Bing Wallpaper, region=fr-CA, local time is 2025-10-29 05:31:17.028468-04:00
[09:31:17] Successful get url: https://www.bing.com/th?id=OHR.FanalForest_FR-CA5981677765_UHD.jpg
[09:31:17] Picture infomations saved to  global/fr-CA/README.md
[09:31:17] Picture infomations saved to global/fr-CA/history/2025/10/30_fr-CA.md
Program exit at 09:31:17
