
Program started at 09:31:26
Operating System Name: Linux
Operating System Version: #18~24.04.1-Ubuntu SMP Sat Jun 28 04:46:03 UTC 2025
System Architecture: ('64bit', 'ELF')
Computer Type: x86_64
Computer Name: runnervmwhb2z
Processor Type: x86_64
Python Version: 3.12.11
Python Interpreter Name: CPython
[09:31:26] Start geting CN Bing Wallpaper
[09:31:26] Successful get url: https://www.bing.com/th?id=OHR.TepliceRocks_ZH-CN1785316311_UHD.jpg
[09:31:27] Image saved to img/background.jpg
[09:31:27] Info saved to README.md
[09:31:27] Image saved to history/2025/10/28.md
[09:31:27] Start geting global Bing Wallpaper, region=en-US, local time is 2025-10-28 05:31:27.112831-04:00
[09:31:27] Successful get url: https://www.bing.com/th?id=OHR.TepliceRocks_EN-US4098225022_UHD.jpg
[09:31:27] Picture infomations saved to  global/en-US/README.md
[09:31:27] Picture infomations saved to global/en-US/history/2025/10/29_en-US.md
[09:31:27] Start geting global Bing Wallpaper, region=ja-JP, local time is 2025-10-28 18:31:27.244525+09:00
[09:31:27] Successful get url: https://www.bing.com/th?id=OHR.TepliceRocks_JA-JP4817805390_UHD.jpg
[09:31:27] Picture infomations saved to  global/ja-JP/README.md
[09:31:27] Picture infomations saved to global/ja-JP/history/2025/10/28_ja-JP.md
[09:31:27] Start geting global Bing Wallpaper, region=en-IN, local time is 2025-10-28 15:01:27.349025+05:30
[09:31:27] Successful get url: https://www.bing.com/th?id=OHR.TepliceRocks_EN-IN6945703275_UHD.jpg
[09:31:27] Picture infomations saved to  global/en-IN/README.md
[09:31:27] Picture infomations saved to global/en-IN/history/2025/10/28_en-IN.md
[09:31:27] Start geting global Bing Wallpaper, region=pt-BR, local time is 2025-10-28 06:31:27.455894-03:00
[09:31:27] Successful get url: https://www.bing.com/th?id=OHR.PublicServ_PT-BR4483210857_UHD.jpg
[09:31:27] Picture infomations saved to  global/pt-BR/README.md
[09:31:27] Picture infomations saved to global/pt-BR/history/2025/10/29_pt-BR.md
[09:31:27] Start geting global Bing Wallpaper, region=fr-FR, local time is 2025-10-28 10:31:27.562962+01:00
[09:31:27] Successful get url: https://www.bing.com/th?id=OHR.TepliceRocks_FR-FR0275962088_UHD.jpg
[09:31:27] Picture infomations saved to  global/fr-FR/README.md
[09:31:27] Picture infomations saved to global/fr-FR/history/2025/10/28_fr-FR.md
[09:31:27] Start geting global Bing Wallpaper, region=de-DE, local time is 2025-10-28 10:31:27.663387+01:00
[09:31:27] Successful get url: https://www.bing.com/th?id=OHR.TepliceRocks_DE-DE1966832338_UHD.jpg
[09:31:27] Picture infomations saved to  global/de-DE/README.md
[09:31:27] Picture infomations saved to global/de-DE/history/2025/10/28_de-DE.md
[09:31:27] Start geting global Bing Wallpaper, region=en-CA, local time is 2025-10-28 05:31:27.769658-04:00
[09:31:27] Successful get url: https://www.bing.com/th?id=OHR.TepliceRocks_EN-CA8722965195_UHD.jpg
[09:31:27] Picture infomations saved to  global/en-CA/README.md
[09:31:27] Picture infomations saved to global/en-CA/history/2025/10/29_en-CA.md
[09:31:27] Start geting global Bing Wallpaper, region=en-GB, local time is 2025-10-28 09:31:27.865546+00:00
[09:31:27] Successful get url: https://www.bing.com/th?id=OHR.TepliceRocks_EN-GB3818536107_UHD.jpg
[09:31:27] Picture infomations saved to  global/en-GB/README.md
[09:31:27] Picture infomations saved to global/en-GB/history/2025/10/29_en-GB.md
[09:31:27] Start geting global Bing Wallpaper, region=it-IT, local time is 2025-10-28 10:31:27.964366+01:00
[09:31:28] Successful get url: https://www.bing.com/th?id=OHR.TepliceRocks_IT-IT0944419526_UHD.jpg
[09:31:28] Picture infomations saved to  global/it-IT/README.md
[09:31:28] Picture infomations saved to global/it-IT/history/2025/10/28_it-IT.md
[09:31:28] Start geting global Bing Wallpaper, region=es-ES, local time is 2025-10-28 10:31:28.066436+01:00
[09:31:28] Successful get url: https://www.bing.com/th?id=OHR.TepliceRocks_ES-ES0482796188_UHD.jpg
[09:31:28] Picture infomations saved to  global/es-ES/README.md
[09:31:28] Picture infomations saved to global/es-ES/history/2025/10/28_es-ES.md
[09:31:28] Start geting global Bing Wallpaper, region=fr-CA, local time is 2025-10-28 05:31:28.230953-04:00
[09:31:28] Successful get url: https://www.bing.com/th?id=OHR.TepliceRocks_FR-CA5818772698_UHD.jpg
[09:31:28] Picture infomations saved to  global/fr-CA/README.md
[09:31:28] Picture infomations saved to global/fr-CA/history/2025/10/29_fr-CA.md
Program exit at 09:31:28
