
Program started at 09:31:50
Operating System Name: Linux
Operating System Version: #18~24.04.1-Ubuntu SMP Sat Jun 28 04:46:03 UTC 2025
System Architecture: ('64bit', 'ELF')
Computer Type: x86_64
Computer Name: runnervmwhb2z
Processor Type: x86_64
Python Version: 3.12.11
Python Interpreter Name: CPython
[09:31:50] Start geting CN Bing Wallpaper
[09:31:50] Successful get url: https://www.bing.com/th?id=OHR.SnowLeopard_ZH-CN6644701381_UHD.jpg
[09:31:51] Image saved to img/background.jpg
[09:31:51] Info saved to README.md
[09:31:51] Image saved to history/2025/10/23.md
[09:31:51] Start geting global Bing Wallpaper, region=en-US, local time is 2025-10-23 05:31:51.021190-04:00
[09:31:51] Successful get url: https://www.bing.com/th?id=OHR.SnowLeopard_EN-US3294064537_UHD.jpg
[09:31:51] Picture infomations saved to  global/en-US/README.md
[09:31:51] Picture infomations saved to global/en-US/history/2025/10/24_en-US.md
[09:31:51] Start geting global Bing Wallpaper, region=ja-JP, local time is 2025-10-23 18:31:51.197384+09:00
[09:31:51] Successful get url: https://www.bing.com/th?id=OHR.AomoriAutumn2025_JA-JP3668853549_UHD.jpg
[09:31:51] Picture infomations saved to  global/ja-JP/README.md
[09:31:51] Picture infomations saved to global/ja-JP/history/2025/10/23_ja-JP.md
[09:31:51] Start geting global Bing Wallpaper, region=en-IN, local time is 2025-10-23 15:01:51.412550+05:30
[09:31:51] Successful get url: https://www.bing.com/th?id=OHR.SnowLeopard_EN-IN6193206285_UHD.jpg
[09:31:51] Picture infomations saved to  global/en-IN/README.md
[09:31:51] Picture infomations saved to global/en-IN/history/2025/10/23_en-IN.md
[09:31:51] Start geting global Bing Wallpaper, region=pt-BR, local time is 2025-10-23 06:31:51.561104-03:00
[09:31:51] Successful get url: https://www.bing.com/th?id=OHR.PondCave_PT-BR4920189612_UHD.jpg
[09:31:51] Picture infomations saved to  global/pt-BR/README.md
[09:31:51] Picture infomations saved to global/pt-BR/history/2025/10/24_pt-BR.md
[09:31:51] Start geting global Bing Wallpaper, region=fr-FR, local time is 2025-10-23 11:31:51.759935+02:00
[09:31:51] Successful get url: https://www.bing.com/th?id=OHR.SnowLeopard_FR-FR6410501585_UHD.jpg
[09:31:51] Picture infomations saved to  global/fr-FR/README.md
[09:31:51] Picture infomations saved to global/fr-FR/history/2025/10/23_fr-FR.md
[09:31:51] Start geting global Bing Wallpaper, region=de-DE, local time is 2025-10-23 11:31:51.900554+02:00
[09:31:51] Successful get url: https://www.bing.com/th?id=OHR.SnowLeopard_DE-DE9074654183_UHD.jpg
[09:31:52] Picture infomations saved to  global/de-DE/README.md
[09:31:52] Picture infomations saved to global/de-DE/history/2025/10/23_de-DE.md
[09:31:52] Start geting global Bing Wallpaper, region=en-CA, local time is 2025-10-23 05:31:52.113584-04:00
[09:31:52] Successful get url: https://www.bing.com/th?id=OHR.SnowLeopard_EN-CA8504425279_UHD.jpg
[09:31:52] Picture infomations saved to  global/en-CA/README.md
[09:31:52] Picture infomations saved to global/en-CA/history/2025/10/24_en-CA.md
[09:31:52] Start geting global Bing Wallpaper, region=en-GB, local time is 2025-10-23 10:31:52.262091+01:00
[09:31:52] Successful get url: https://www.bing.com/th?id=OHR.SnowLeopard_EN-GB3426907402_UHD.jpg
[09:31:52] Picture infomations saved to  global/en-GB/README.md
[09:31:52] Picture infomations saved to global/en-GB/history/2025/10/23_en-GB.md
[09:31:52] Start geting global Bing Wallpaper, region=it-IT, local time is 2025-10-23 11:31:52.409307+02:00
[09:31:52] Successful get url: https://www.bing.com/th?id=OHR.SnowLeopard_IT-IT6712728115_UHD.jpg
[09:31:52] Picture infomations saved to  global/it-IT/README.md
[09:31:52] Picture infomations saved to global/it-IT/history/2025/10/23_it-IT.md
[09:31:52] Start geting global Bing Wallpaper, region=es-ES, local time is 2025-10-23 11:31:52.558837+02:00
[09:31:52] Successful get url: https://www.bing.com/th?id=OHR.SnowLeopard_ES-ES0046977195_UHD.jpg
[09:31:52] Picture infomations saved to  global/es-ES/README.md
[09:31:52] Picture infomations saved to global/es-ES/history/2025/10/23_es-ES.md
[09:31:52] Start geting global Bing Wallpaper, region=fr-CA, local time is 2025-10-23 05:31:52.703652-04:00
[09:31:52] Successful get url: https://www.bing.com/th?id=OHR.SnowLeopard_FR-CA4982978167_UHD.jpg
[09:31:52] Picture infomations saved to  global/fr-CA/README.md
[09:31:52] Picture infomations saved to global/fr-CA/history/2025/10/24_fr-CA.md
Program exit at 09:31:52
