
Program started at 09:28:24
Operating System Name: Linux
Operating System Version: #18~24.04.1-Ubuntu SMP Sat Jun 28 04:46:03 UTC 2025
System Architecture: ('64bit', 'ELF')
Computer Type: x86_64
Computer Name: runnervm3ublj
Processor Type: x86_64
Python Version: 3.12.11
Python Interpreter Name: CPython
[09:28:24] Start geting CN Bing Wallpaper
[09:28:24] Successful get url: https://www.bing.com/th?id=OHR.OxbowBend_ZH-CN7211791969_UHD.jpg
[09:28:24] Image saved to img/background.jpg
[09:28:24] Info saved to README.md
[09:28:24] Image saved to history/2025/10/02.md
[09:28:24] Start geting global Bing Wallpaper, region=en-US, local time is 2025-10-02 05:28:24.815161-04:00
[09:28:24] Successful get url: https://www.bing.com/th?id=OHR.OxbowBend_EN-US8471628790_UHD.jpg
[09:28:24] Picture infomations saved to  global/en-US/README.md
[09:28:24] Picture infomations saved to global/en-US/history/2025/10/03_en-US.md
[09:28:24] Start geting global Bing Wallpaper, region=ja-JP, local time is 2025-10-02 18:28:24.954016+09:00
[09:28:25] Successful get url: https://www.bing.com/th?id=OHR.OxbowBend_JA-JP6534968552_UHD.jpg
[09:28:25] Picture infomations saved to  global/ja-JP/README.md
[09:28:25] Picture infomations saved to global/ja-JP/history/2025/10/02_ja-JP.md
[09:28:25] Start geting global Bing Wallpaper, region=en-IN, local time is 2025-10-02 14:58:25.102219+05:30
[09:28:25] Successful get url: https://www.bing.com/th?id=OHR.StatueGandhi_EN-IN4485364887_UHD.jpg
[09:28:25] Picture infomations saved to  global/en-IN/README.md
[09:28:25] Picture infomations saved to global/en-IN/history/2025/10/02_en-IN.md
[09:28:25] Start geting global Bing Wallpaper, region=pt-BR, local time is 2025-10-02 06:28:25.238106-03:00
[09:28:25] Successful get url: https://www.bing.com/th?id=OHR.OxbowBend_PT-BR2338383870_UHD.jpg
[09:28:25] Picture infomations saved to  global/pt-BR/README.md
[09:28:25] Picture infomations saved to global/pt-BR/history/2025/10/03_pt-BR.md
[09:28:25] Start geting global Bing Wallpaper, region=fr-FR, local time is 2025-10-02 11:28:25.363321+02:00
[09:28:25] Successful get url: https://www.bing.com/th?id=OHR.OxbowBend_FR-FR2570017898_UHD.jpg
[09:28:25] Picture infomations saved to  global/fr-FR/README.md
[09:28:25] Picture infomations saved to global/fr-FR/history/2025/10/02_fr-FR.md
[09:28:25] Start geting global Bing Wallpaper, region=de-DE, local time is 2025-10-02 11:28:25.512509+02:00
[09:28:25] Successful get url: https://www.bing.com/th?id=OHR.OxbowBend_DE-DE1318690148_UHD.jpg
[09:28:25] Picture infomations saved to  global/de-DE/README.md
[09:28:25] Picture infomations saved to global/de-DE/history/2025/10/02_de-DE.md
[09:28:25] Start geting global Bing Wallpaper, region=en-CA, local time is 2025-10-02 05:28:25.632440-04:00
[09:28:25] Successful get url: https://www.bing.com/th?id=OHR.OxbowBend_EN-CA0110307953_UHD.jpg
[09:28:25] Picture infomations saved to  global/en-CA/README.md
[09:28:25] Picture infomations saved to global/en-CA/history/2025/10/03_en-CA.md
[09:28:25] Start geting global Bing Wallpaper, region=en-GB, local time is 2025-10-02 10:28:25.760125+01:00
[09:28:25] Successful get url: https://www.bing.com/th?id=OHR.NationalPoetryDay2025_EN-GB3464467927_UHD.jpg
[09:28:25] Picture infomations saved to  global/en-GB/README.md
[09:28:25] Picture infomations saved to global/en-GB/history/2025/10/02_en-GB.md
[09:28:25] Start geting global Bing Wallpaper, region=it-IT, local time is 2025-10-02 11:28:25.895751+02:00
[09:28:25] Successful get url: https://www.bing.com/th?id=OHR.ToscanaAutunno_IT-IT9368718519_UHD.jpg
[09:28:26] Picture infomations saved to  global/it-IT/README.md
[09:28:26] Picture infomations saved to global/it-IT/history/2025/10/02_it-IT.md
[09:28:26] Start geting global Bing Wallpaper, region=es-ES, local time is 2025-10-02 11:28:26.028608+02:00
[09:28:26] Successful get url: https://www.bing.com/th?id=OHR.OxbowBend_ES-ES2093724420_UHD.jpg
[09:28:26] Picture infomations saved to  global/es-ES/README.md
[09:28:26] Picture infomations saved to global/es-ES/history/2025/10/02_es-ES.md
[09:28:26] Start geting global Bing Wallpaper, region=fr-CA, local time is 2025-10-02 05:28:26.165108-04:00
[09:28:26] Successful get url: https://www.bing.com/th?id=OHR.OxbowBend_FR-CA6912917825_UHD.jpg
[09:28:26] Picture infomations saved to  global/fr-CA/README.md
[09:28:26] Picture infomations saved to global/fr-CA/history/2025/10/03_fr-CA.md
Program exit at 09:28:26
