
Program started at 09:34:14
Operating System Name: Linux
Operating System Version: #18~24.04.1-Ubuntu SMP Sat Jun 28 04:46:03 UTC 2025
System Architecture: ('64bit', 'ELF')
Computer Type: x86_64
Computer Name: runnervmwhb2z
Processor Type: x86_64
Python Version: 3.12.11
Python Interpreter Name: CPython
[09:34:14] Start geting CN Bing Wallpaper
[09:34:14] Successful get url: https://www.bing.com/th?id=OHR.AutumnColorY25_ZH-CN1551135398_UHD.jpg
[09:34:14] Image saved to img/background.jpg
[09:34:14] Info saved to README.md
[09:34:14] Image saved to history/2025/10/27.md
[09:34:14] Start geting global Bing Wallpaper, region=en-US, local time is 2025-10-27 05:34:14.892649-04:00
[09:34:14] Successful get url: https://www.bing.com/th?id=OHR.AfricanRaven_EN-US4057369898_UHD.jpg
[09:34:15] Picture infomations saved to  global/en-US/README.md
[09:34:15] Picture infomations saved to global/en-US/history/2025/10/28_en-US.md
[09:34:15] Start geting global Bing Wallpaper, region=ja-JP, local time is 2025-10-27 18:34:15.151428+09:00
[09:34:15] Successful get url: https://www.bing.com/th?id=OHR.AfricanRaven_JA-JP4581712736_UHD.jpg
[09:34:15] Picture infomations saved to  global/ja-JP/README.md
[09:34:15] Picture infomations saved to global/ja-JP/history/2025/10/27_ja-JP.md
[09:34:15] Start geting global Bing Wallpaper, region=en-IN, local time is 2025-10-27 15:04:15.401176+05:30
[09:34:15] Successful get url: https://www.bing.com/th?id=OHR.ChhathPuja_EN-IN6737950149_UHD.jpg
[09:34:15] Picture infomations saved to  global/en-IN/README.md
[09:34:15] Picture infomations saved to global/en-IN/history/2025/10/27_en-IN.md
[09:34:15] Start geting global Bing Wallpaper, region=pt-BR, local time is 2025-10-27 06:34:15.627062-03:00
[09:34:15] Successful get url: https://www.bing.com/th?id=OHR.AfricanRaven_PT-BR7550569316_UHD.jpg
[09:34:15] Picture infomations saved to  global/pt-BR/README.md
[09:34:15] Picture infomations saved to global/pt-BR/history/2025/10/28_pt-BR.md
[09:34:15] Start geting global Bing Wallpaper, region=fr-FR, local time is 2025-10-27 10:34:15.876843+01:00
[09:34:15] Successful get url: https://www.bing.com/th?id=OHR.ChampagneDay_FR-FR1389141387_UHD.jpg
[09:34:16] Picture infomations saved to  global/fr-FR/README.md
[09:34:16] Picture infomations saved to global/fr-FR/history/2025/10/27_fr-FR.md
[09:34:16] Start geting global Bing Wallpaper, region=de-DE, local time is 2025-10-27 10:34:16.111659+01:00
[09:34:16] Successful get url: https://www.bing.com/th?id=OHR.AfricanRaven_DE-DE9134207646_UHD.jpg
[09:34:16] Picture infomations saved to  global/de-DE/README.md
[09:34:16] Picture infomations saved to global/de-DE/history/2025/10/27_de-DE.md
[09:34:16] Start geting global Bing Wallpaper, region=en-CA, local time is 2025-10-27 05:34:16.353377-04:00
[09:34:16] Successful get url: https://www.bing.com/th?id=OHR.AfricanRaven_EN-CA8669356398_UHD.jpg
[09:34:16] Picture infomations saved to  global/en-CA/README.md
[09:34:16] Picture infomations saved to global/en-CA/history/2025/10/28_en-CA.md
[09:34:16] Start geting global Bing Wallpaper, region=en-GB, local time is 2025-10-27 09:34:16.582461+00:00
[09:34:16] Successful get url: https://www.bing.com/th?id=OHR.AfricanRaven_EN-GB3785387714_UHD.jpg
[09:34:16] Picture infomations saved to  global/en-GB/README.md
[09:34:16] Picture infomations saved to global/en-GB/history/2025/10/28_en-GB.md
[09:34:16] Start geting global Bing Wallpaper, region=it-IT, local time is 2025-10-27 10:34:16.824726+01:00
[09:34:16] Successful get url: https://www.bing.com/th?id=OHR.AfricanRaven_IT-IT9701842647_UHD.jpg
[09:34:17] Picture infomations saved to  global/it-IT/README.md
[09:34:17] Picture infomations saved to global/it-IT/history/2025/10/27_it-IT.md
[09:34:17] Start geting global Bing Wallpaper, region=es-ES, local time is 2025-10-27 10:34:17.045217+01:00
[09:34:17] Successful get url: https://www.bing.com/th?id=OHR.AfricanRaven_ES-ES0390865860_UHD.jpg
[09:34:17] Picture infomations saved to  global/es-ES/README.md
[09:34:17] Picture infomations saved to global/es-ES/history/2025/10/27_es-ES.md
[09:34:17] Start geting global Bing Wallpaper, region=fr-CA, local time is 2025-10-27 05:34:17.336468-04:00
[09:34:17] Successful get url: https://www.bing.com/th?id=OHR.AfricanRaven_FR-CA5487866311_UHD.jpg
[09:34:17] Picture infomations saved to  global/fr-CA/README.md
[09:34:17] Picture infomations saved to global/fr-CA/history/2025/10/28_fr-CA.md
Program exit at 09:34:17
