
Program started at 09:30:00
Operating System Name: Linux
Operating System Version: #18~24.04.1-Ubuntu SMP Sat Jun 28 04:46:03 UTC 2025
System Architecture: ('64bit', 'ELF')
Computer Type: x86_64
Computer Name: runnervmwhb2z
Processor Type: x86_64
Python Version: 3.12.11
Python Interpreter Name: CPython
[09:30:00] Start geting CN Bing Wallpaper
[09:30:00] Successful get url: https://www.bing.com/th?id=OHR.RidgwayAspens_ZH-CN8735375502_UHD.jpg
[09:30:01] Image saved to img/background.jpg
[09:30:01] Info saved to README.md
[09:30:01] Image saved to history/2025/10/07.md
[09:30:01] Start geting global Bing Wallpaper, region=en-US, local time is 2025-10-07 05:30:01.290838-04:00
[09:30:01] Successful get url: https://www.bing.com/th?id=OHR.RidgwayAspens_EN-US0136548884_UHD.jpg
[09:30:01] Picture infomations saved to  global/en-US/README.md
[09:30:01] Picture infomations saved to global/en-US/history/2025/10/08_en-US.md
[09:30:01] Start geting global Bing Wallpaper, region=ja-JP, local time is 2025-10-07 18:30:01.856077+09:00
[09:30:01] Successful get url: https://www.bing.com/th?id=OHR.RidgwayAspens_JA-JP7797192109_UHD.jpg
[09:30:02] Picture infomations saved to  global/ja-JP/README.md
[09:30:02] Picture infomations saved to global/ja-JP/history/2025/10/07_ja-JP.md
[09:30:02] Start geting global Bing Wallpaper, region=en-IN, local time is 2025-10-07 15:00:02.321740+05:30
[09:30:02] Successful get url: https://www.bing.com/th?id=OHR.RidgwayAspens_EN-IN9829823825_UHD.jpg
[09:30:02] Picture infomations saved to  global/en-IN/README.md
[09:30:02] Picture infomations saved to global/en-IN/history/2025/10/07_en-IN.md
[09:30:02] Start geting global Bing Wallpaper, region=pt-BR, local time is 2025-10-07 06:30:02.745350-03:00
[09:30:02] Successful get url: https://www.bing.com/th?id=OHR.SaoMiguel_PT-BR6587333283_UHD.jpg
[09:30:03] Picture infomations saved to  global/pt-BR/README.md
[09:30:03] Picture infomations saved to global/pt-BR/history/2025/10/08_pt-BR.md
[09:30:03] Start geting global Bing Wallpaper, region=fr-FR, local time is 2025-10-07 11:30:03.120777+02:00
[09:30:03] Successful get url: https://www.bing.com/th?id=OHR.CapAntibes_FR-FR2066318600_UHD.jpg
[09:30:03] Picture infomations saved to  global/fr-FR/README.md
[09:30:03] Picture infomations saved to global/fr-FR/history/2025/10/07_fr-FR.md
[09:30:03] Start geting global Bing Wallpaper, region=de-DE, local time is 2025-10-07 11:30:03.516475+02:00
[09:30:03] Successful get url: https://www.bing.com/th?id=OHR.RidgwayAspens_DE-DE7371815159_UHD.jpg
[09:30:03] Picture infomations saved to  global/de-DE/README.md
[09:30:03] Picture infomations saved to global/de-DE/history/2025/10/07_de-DE.md
[09:30:03] Start geting global Bing Wallpaper, region=en-CA, local time is 2025-10-07 05:30:03.907735-04:00
[09:30:04] Successful get url: https://www.bing.com/th?id=OHR.RidgwayAspens_EN-CA7717329977_UHD.jpg
[09:30:04] Picture infomations saved to  global/en-CA/README.md
[09:30:04] Picture infomations saved to global/en-CA/history/2025/10/08_en-CA.md
[09:30:04] Start geting global Bing Wallpaper, region=en-GB, local time is 2025-10-07 10:30:04.338090+01:00
[09:30:04] Successful get url: https://www.bing.com/th?id=OHR.RidgwayAspens_EN-GB4884464302_UHD.jpg
[09:30:04] Picture infomations saved to  global/en-GB/README.md
[09:30:04] Picture infomations saved to global/en-GB/history/2025/10/07_en-GB.md
[09:30:04] Start geting global Bing Wallpaper, region=it-IT, local time is 2025-10-07 11:30:04.718441+02:00
[09:30:04] Successful get url: https://www.bing.com/th?id=OHR.RidgwayAspens_IT-IT7479755416_UHD.jpg
[09:30:04] Picture infomations saved to  global/it-IT/README.md
[09:30:04] Picture infomations saved to global/it-IT/history/2025/10/07_it-IT.md
[09:30:04] Start geting global Bing Wallpaper, region=es-ES, local time is 2025-10-07 11:30:04.969505+02:00
[09:30:05] Successful get url: https://www.bing.com/th?id=OHR.SaranacLake_ES-ES0795608317_UHD.jpg
[09:30:05] Picture infomations saved to  global/es-ES/README.md
[09:30:05] Picture infomations saved to global/es-ES/history/2025/10/07_es-ES.md
[09:30:05] Start geting global Bing Wallpaper, region=fr-CA, local time is 2025-10-07 05:30:05.225206-04:00
[09:30:05] Successful get url: https://www.bing.com/th?id=OHR.RidgwayAspens_FR-CA5613578369_UHD.jpg
[09:30:05] Picture infomations saved to  global/fr-CA/README.md
[09:30:05] Picture infomations saved to global/fr-CA/history/2025/10/08_fr-CA.md
Program exit at 09:30:05
