
Program started at 09:25:21
Operating System Name: Linux
Operating System Version: #18~24.04.1-Ubuntu SMP Sat Jun 28 04:46:03 UTC 2025
System Architecture: ('64bit', 'ELF')
Computer Type: x86_64
Computer Name: runnervmwhb2z
Processor Type: x86_64
Python Version: 3.12.11
Python Interpreter Name: CPython
[09:25:21] Start geting CN Bing Wallpaper
[09:25:21] Successful get url: https://www.bing.com/th?id=OHR.DragonEndeavour_ZH-CN8160066040_UHD.jpg
[09:25:21] Image saved to img/background.jpg
[09:25:21] Info saved to README.md
[09:25:21] Image saved to history/2025/10/04.md
[09:25:21] Start geting global Bing Wallpaper, region=en-US, local time is 2025-10-04 05:25:21.388963-04:00
[09:25:21] Successful get url: https://www.bing.com/th?id=OHR.DragonEndeavour_EN-US9321246369_UHD.jpg
[09:25:21] Picture infomations saved to  global/en-US/README.md
[09:25:21] Picture infomations saved to global/en-US/history/2025/10/05_en-US.md
[09:25:21] Start geting global Bing Wallpaper, region=ja-JP, local time is 2025-10-04 18:25:21.563116+09:00
[09:25:21] Successful get url: https://www.bing.com/th?id=OHR.DragonEndeavour_JA-JP7626531843_UHD.jpg
[09:25:21] Picture infomations saved to  global/ja-JP/README.md
[09:25:21] Picture infomations saved to global/ja-JP/history/2025/10/04_ja-JP.md
[09:25:21] Start geting global Bing Wallpaper, region=en-IN, local time is 2025-10-04 14:55:21.715790+05:30
[09:25:21] Successful get url: https://www.bing.com/th?id=OHR.DragonEndeavour_EN-IN9334573576_UHD.jpg
[09:25:21] Picture infomations saved to  global/en-IN/README.md
[09:25:21] Picture infomations saved to global/en-IN/history/2025/10/04_en-IN.md
[09:25:21] Start geting global Bing Wallpaper, region=pt-BR, local time is 2025-10-04 06:25:21.862795-03:00
[09:25:21] Successful get url: https://www.bing.com/th?id=OHR.DragonEndeavour_PT-BR6949241146_UHD.jpg
[09:25:22] Picture infomations saved to  global/pt-BR/README.md
[09:25:22] Picture infomations saved to global/pt-BR/history/2025/10/05_pt-BR.md
[09:25:22] Start geting global Bing Wallpaper, region=fr-FR, local time is 2025-10-04 11:25:22.026623+02:00
[09:25:22] Successful get url: https://www.bing.com/th?id=OHR.CamagueHorses_FR-FR8949135937_UHD.jpg
[09:25:22] Picture infomations saved to  global/fr-FR/README.md
[09:25:22] Picture infomations saved to global/fr-FR/history/2025/10/04_fr-FR.md
[09:25:22] Start geting global Bing Wallpaper, region=de-DE, local time is 2025-10-04 11:25:22.183364+02:00
[09:25:22] Successful get url: https://www.bing.com/th?id=OHR.DragonEndeavour_DE-DE7375931305_UHD.jpg
[09:25:22] Picture infomations saved to  global/de-DE/README.md
[09:25:22] Picture infomations saved to global/de-DE/history/2025/10/04_de-DE.md
[09:25:22] Start geting global Bing Wallpaper, region=en-CA, local time is 2025-10-04 05:25:22.318908-04:00
[09:25:22] Successful get url: https://www.bing.com/th?id=OHR.InsideOutNB_EN-CA6818912564_UHD.jpg
[09:25:22] Picture infomations saved to  global/en-CA/README.md
[09:25:22] Picture infomations saved to global/en-CA/history/2025/10/05_en-CA.md
[09:25:22] Start geting global Bing Wallpaper, region=en-GB, local time is 2025-10-04 10:25:22.523335+01:00
[09:25:22] Successful get url: https://www.bing.com/th?id=OHR.DragonEndeavour_EN-GB3820575849_UHD.jpg
[09:25:22] Picture infomations saved to  global/en-GB/README.md
[09:25:22] Picture infomations saved to global/en-GB/history/2025/10/04_en-GB.md
[09:25:22] Start geting global Bing Wallpaper, region=it-IT, local time is 2025-10-04 11:25:22.715196+02:00
[09:25:22] Successful get url: https://www.bing.com/th?id=OHR.DragonEndeavour_IT-IT7184624651_UHD.jpg
[09:25:22] Picture infomations saved to  global/it-IT/README.md
[09:25:22] Picture infomations saved to global/it-IT/history/2025/10/04_it-IT.md
[09:25:22] Start geting global Bing Wallpaper, region=es-ES, local time is 2025-10-04 11:25:22.883767+02:00
[09:25:22] Successful get url: https://www.bing.com/th?id=OHR.DragonEndeavour_ES-ES0464086432_UHD.jpg
[09:25:23] Picture infomations saved to  global/es-ES/README.md
[09:25:23] Picture infomations saved to global/es-ES/history/2025/10/04_es-ES.md
[09:25:23] Start geting global Bing Wallpaper, region=fr-CA, local time is 2025-10-04 05:25:23.036663-04:00
[09:25:23] Successful get url: https://www.bing.com/th?id=OHR.InsideOutNB_FR-CA5265996893_UHD.jpg
[09:25:23] Picture infomations saved to  global/fr-CA/README.md
[09:25:23] Picture infomations saved to global/fr-CA/history/2025/10/05_fr-CA.md
Program exit at 09:25:23

Program started at 16:14:03
Operating System Name: Linux
Operating System Version: #18~24.04.1-Ubuntu SMP Sat Jun 28 04:46:03 UTC 2025
System Architecture: ('64bit', 'ELF')
Computer Type: x86_64
Computer Name: runnervmwhb2z
Processor Type: x86_64
Python Version: 3.12.11
Python Interpreter Name: CPython
[16:14:03] Start geting CN Bing Wallpaper
[16:14:03] Successful get url: https://www.bing.com/th?id=OHR.TeacherOwl_ZH-CN8289875605_UHD.jpg
[16:14:03] Image saved to img/background.jpg
[16:14:03] Info saved to README.md
[16:14:03] Image saved to history/2025/10/05.md
[16:14:03] Start geting global Bing Wallpaper, region=en-US, local time is 2025-10-04 12:14:03.309375-04:00
[16:14:03] Successful get url: https://www.bing.com/th?id=OHR.DragonEndeavour_EN-US9321246369_UHD.jpg
[16:14:03] Picture infomations saved to  global/en-US/README.md
[16:14:03] Picture infomations saved to global/en-US/history/2025/10/05_en-US.md
[16:14:03] Start geting global Bing Wallpaper, region=ja-JP, local time is 2025-10-05 01:14:03.498073+09:00
[16:14:03] Successful get url: https://www.bing.com/th?id=OHR.TeacherOwl_JA-JP7686022274_UHD.jpg
[16:14:03] Picture infomations saved to  global/ja-JP/README.md
[16:14:03] Picture infomations saved to global/ja-JP/history/2025/10/05_ja-JP.md
[16:14:03] Start geting global Bing Wallpaper, region=en-IN, local time is 2025-10-04 21:44:03.696481+05:30
[16:14:03] Successful get url: https://www.bing.com/th?id=OHR.DragonEndeavour_EN-IN9334573576_UHD.jpg
[16:14:03] Picture infomations saved to  global/en-IN/README.md
[16:14:03] Picture infomations saved to global/en-IN/history/2025/10/04_en-IN.md
[16:14:03] Start geting global Bing Wallpaper, region=pt-BR, local time is 2025-10-04 13:14:03.856877-03:00
[16:14:03] Successful get url: https://www.bing.com/th?id=OHR.DragonEndeavour_PT-BR6949241146_UHD.jpg
[16:14:04] Picture infomations saved to  global/pt-BR/README.md
[16:14:04] Picture infomations saved to global/pt-BR/history/2025/10/05_pt-BR.md
[16:14:04] Start geting global Bing Wallpaper, region=fr-FR, local time is 2025-10-04 18:14:04.011957+02:00
[16:14:04] Successful get url: https://www.bing.com/th?id=OHR.CamagueHorses_FR-FR8949135937_UHD.jpg
[16:14:04] Picture infomations saved to  global/fr-FR/README.md
[16:14:04] Picture infomations saved to global/fr-FR/history/2025/10/04_fr-FR.md
[16:14:04] Start geting global Bing Wallpaper, region=de-DE, local time is 2025-10-04 18:14:04.163210+02:00
[16:14:04] Successful get url: https://www.bing.com/th?id=OHR.DragonEndeavour_DE-DE7375931305_UHD.jpg
[16:14:04] Picture infomations saved to  global/de-DE/README.md
[16:14:04] Picture infomations saved to global/de-DE/history/2025/10/04_de-DE.md
[16:14:04] Start geting global Bing Wallpaper, region=en-CA, local time is 2025-10-04 12:14:04.323592-04:00
[16:14:04] Successful get url: https://www.bing.com/th?id=OHR.InsideOutNB_EN-CA6818912564_UHD.jpg
[16:14:04] Picture infomations saved to  global/en-CA/README.md
[16:14:04] Picture infomations saved to global/en-CA/history/2025/10/05_en-CA.md
[16:14:04] Start geting global Bing Wallpaper, region=en-GB, local time is 2025-10-04 17:14:04.470672+01:00
[16:14:04] Successful get url: https://www.bing.com/th?id=OHR.DragonEndeavour_EN-GB3820575849_UHD.jpg
[16:14:04] Picture infomations saved to  global/en-GB/README.md
[16:14:04] Picture infomations saved to global/en-GB/history/2025/10/04_en-GB.md
[16:14:04] Start geting global Bing Wallpaper, region=it-IT, local time is 2025-10-04 18:14:04.626918+02:00
[16:14:04] Successful get url: https://www.bing.com/th?id=OHR.DragonEndeavour_IT-IT7184624651_UHD.jpg
[16:14:04] Picture infomations saved to  global/it-IT/README.md
[16:14:04] Picture infomations saved to global/it-IT/history/2025/10/04_it-IT.md
[16:14:04] Start geting global Bing Wallpaper, region=es-ES, local time is 2025-10-04 18:14:04.798252+02:00
[16:14:04] Successful get url: https://www.bing.com/th?id=OHR.DragonEndeavour_ES-ES0464086432_UHD.jpg
[16:14:04] Picture infomations saved to  global/es-ES/README.md
[16:14:04] Picture infomations saved to global/es-ES/history/2025/10/04_es-ES.md
[16:14:04] Start geting global Bing Wallpaper, region=fr-CA, local time is 2025-10-04 12:14:04.951000-04:00
[16:14:05] Successful get url: https://www.bing.com/th?id=OHR.InsideOutNB_FR-CA5265996893_UHD.jpg
[16:14:05] Picture infomations saved to  global/fr-CA/README.md
[16:14:05] Picture infomations saved to global/fr-CA/history/2025/10/05_fr-CA.md
Program exit at 16:14:05
