
Program started at 09:26:32
Operating System Name: Linux
Operating System Version: #18~24.04.1-Ubuntu SMP Sat Jun 28 04:46:03 UTC 2025
System Architecture: ('64bit', 'ELF')
Computer Type: x86_64
Computer Name: runnervmwhb2z
Processor Type: x86_64
Python Version: 3.12.11
Python Interpreter Name: CPython
[09:26:33] Start geting CN Bing Wallpaper
[09:26:33] Successful get url: https://www.bing.com/th?id=OHR.PumpkinFarm_ZH-CN1232784365_UHD.jpg
[09:26:33] Image saved to img/background.jpg
[09:26:33] Info saved to README.md
[09:26:33] Image saved to history/2025/10/26.md
[09:26:33] Start geting global Bing Wallpaper, region=en-US, local time is 2025-10-26 05:26:33.330236-04:00
[09:26:33] Successful get url: https://www.bing.com/th?id=OHR.PumpkinFarm_EN-US3773448576_UHD.jpg
[09:26:33] Picture infomations saved to  global/en-US/README.md
[09:26:33] Picture infomations saved to global/en-US/history/2025/10/27_en-US.md
[09:26:33] Start geting global Bing Wallpaper, region=ja-JP, local time is 2025-10-26 18:26:33.485745+09:00
[09:26:33] Successful get url: https://www.bing.com/th?id=OHR.PumpkinFarm_JA-JP4335474767_UHD.jpg
[09:26:33] Picture infomations saved to  global/ja-JP/README.md
[09:26:33] Picture infomations saved to global/ja-JP/history/2025/10/26_ja-JP.md
[09:26:33] Start geting global Bing Wallpaper, region=en-IN, local time is 2025-10-26 14:56:33.615444+05:30
[09:26:33] Successful get url: https://www.bing.com/th?id=OHR.AfricanRaven_EN-IN6796929078_UHD.jpg
[09:26:33] Picture infomations saved to  global/en-IN/README.md
[09:26:33] Picture infomations saved to global/en-IN/history/2025/10/26_en-IN.md
[09:26:33] Start geting global Bing Wallpaper, region=pt-BR, local time is 2025-10-26 06:26:33.742704-03:00
[09:26:33] Successful get url: https://www.bing.com/th?id=OHR.PumpkinFarm_PT-BR8901400722_UHD.jpg
[09:26:33] Picture infomations saved to  global/pt-BR/README.md
[09:26:33] Picture infomations saved to global/pt-BR/history/2025/10/27_pt-BR.md
[09:26:33] Start geting global Bing Wallpaper, region=fr-FR, local time is 2025-10-26 10:26:33.870582+01:00
[09:26:33] Successful get url: https://www.bing.com/th?id=OHR.PumpkinFarm_FR-FR7536561457_UHD.jpg
[09:26:33] Picture infomations saved to  global/fr-FR/README.md
[09:26:33] Picture infomations saved to global/fr-FR/history/2025/10/26_fr-FR.md
[09:26:33] Start geting global Bing Wallpaper, region=de-DE, local time is 2025-10-26 10:26:33.992408+01:00
[09:26:34] Successful get url: https://www.bing.com/th?id=OHR.PumpkinFarm_DE-DE1674202755_UHD.jpg
[09:26:34] Picture infomations saved to  global/de-DE/README.md
[09:26:34] Picture infomations saved to global/de-DE/history/2025/10/26_de-DE.md
[09:26:34] Start geting global Bing Wallpaper, region=en-CA, local time is 2025-10-26 05:26:34.148486-04:00
[09:26:34] Successful get url: https://www.bing.com/th?id=OHR.PumpkinFarm_EN-CA8630828267_UHD.jpg
[09:26:34] Picture infomations saved to  global/en-CA/README.md
[09:26:34] Picture infomations saved to global/en-CA/history/2025/10/27_en-CA.md
[09:26:34] Start geting global Bing Wallpaper, region=en-GB, local time is 2025-10-26 09:26:34.268064+00:00
[09:26:34] Successful get url: https://www.bing.com/th?id=OHR.DSTEnds2025_EN-GB3762675856_UHD.jpg
[09:26:34] Picture infomations saved to  global/en-GB/README.md
[09:26:34] Picture infomations saved to global/en-GB/history/2025/10/27_en-GB.md
[09:26:34] Start geting global Bing Wallpaper, region=it-IT, local time is 2025-10-26 10:26:34.400186+01:00
[09:26:34] Successful get url: https://www.bing.com/th?id=OHR.ItalyClock_IT-IT0847273649_UHD.jpg
[09:26:34] Picture infomations saved to  global/it-IT/README.md
[09:26:34] Picture infomations saved to global/it-IT/history/2025/10/26_it-IT.md
[09:26:34] Start geting global Bing Wallpaper, region=es-ES, local time is 2025-10-26 10:26:34.529182+01:00
[09:26:34] Successful get url: https://www.bing.com/th?id=OHR.MartimoaapaFinland_ES-ES0251068328_UHD.jpg
[09:26:34] Picture infomations saved to  global/es-ES/README.md
[09:26:34] Picture infomations saved to global/es-ES/history/2025/10/26_es-ES.md
[09:26:34] Start geting global Bing Wallpaper, region=fr-CA, local time is 2025-10-26 05:26:34.662652-04:00
[09:26:34] Successful get url: https://www.bing.com/th?id=OHR.PumpkinFarm_FR-CA5403887507_UHD.jpg
[09:26:34] Picture infomations saved to  global/fr-CA/README.md
[09:26:34] Picture infomations saved to global/fr-CA/history/2025/10/27_fr-CA.md
Program exit at 09:26:34
