
Program started at 09:24:08
Operating System Name: Linux
Operating System Version: #23-Ubuntu SMP Mon Dec  9 16:58:58 UTC 2024
System Architecture: ('64bit', 'ELF')
Computer Type: x86_64
Computer Name: fv-az1680-246
Processor Type: x86_64
Python Version: 3.12.8
Python Interpreter Name: CPython
[09:24:08] Start geting CN Bing Wallpaper
[09:24:08] Successful get url: https://www.bing.com/th?id=OHR.AlstromPoint_ZH-CN7844819126_UHD.jpg
[09:24:08] Image saved to img/background.jpg
[09:24:08] Info saved to README.md
[09:24:08] Image saved to history/2025/02/09.md
[09:24:08] Start geting global Bing Wallpaper, region=en-US, local time is 2025-02-09 04:24:08.830581-05:00
[09:24:08] Successful get url: https://www.bing.com/th?id=OHR.AlstromPoint_EN-US6746094430_UHD.jpg
[09:24:08] Picture infomations saved to  global/en-US/README.md
[09:24:08] Picture infomations saved to global/en-US/history/2025/02/10_en-US.md
[09:24:08] Start geting global Bing Wallpaper, region=ja-JP, local time is 2025-02-09 18:24:08.934580+09:00
[09:24:09] Successful get url: https://www.bing.com/th?id=OHR.AlstromPoint_JA-JP2498220831_UHD.jpg
[09:24:09] Picture infomations saved to  global/ja-JP/README.md
[09:24:09] Picture infomations saved to global/ja-JP/history/2025/02/09_ja-JP.md
[09:24:09] Start geting global Bing Wallpaper, region=en-IN, local time is 2025-02-09 14:54:09.039569+05:30
[09:24:09] Successful get url: https://www.bing.com/th?id=OHR.AlstromPoint_EN-IN8438578560_UHD.jpg
[09:24:09] Picture infomations saved to  global/en-IN/README.md
[09:24:09] Picture infomations saved to global/en-IN/history/2025/02/09_en-IN.md
[09:24:09] Start geting global Bing Wallpaper, region=pt-BR, local time is 2025-02-09 06:24:09.157011-03:00
[09:24:09] Successful get url: https://www.bing.com/th?id=OHR.AlstromPoint_PT-BR0066857741_UHD.jpg
[09:24:09] Picture infomations saved to  global/pt-BR/README.md
[09:24:09] Picture infomations saved to global/pt-BR/history/2025/02/10_pt-BR.md
[09:24:09] Start geting global Bing Wallpaper, region=fr-FR, local time is 2025-02-09 10:24:09.251959+01:00
[09:24:09] Successful get url: https://www.bing.com/th?id=OHR.AlstromPoint_FR-FR6504478404_UHD.jpg
[09:24:09] Picture infomations saved to  global/fr-FR/README.md
[09:24:09] Picture infomations saved to global/fr-FR/history/2025/02/09_fr-FR.md
[09:24:09] Start geting global Bing Wallpaper, region=de-DE, local time is 2025-02-09 10:24:09.343228+01:00
[09:24:10] Successful get url: https://www.bing.com/th?id=OHR.LeonardoGlassCubeBadDriburg_DE-DE7335934587_UHD.jpg
[09:24:10] Picture infomations saved to  global/de-DE/README.md
[09:24:10] Picture infomations saved to global/de-DE/history/2025/02/09_de-DE.md
[09:24:10] Start geting global Bing Wallpaper, region=en-CA, local time is 2025-02-09 04:24:10.474511-05:00
[09:24:10] Successful get url: https://www.bing.com/th?id=OHR.AlstromPoint_EN-CA8518632532_UHD.jpg
[09:24:10] Picture infomations saved to  global/en-CA/README.md
[09:24:10] Picture infomations saved to global/en-CA/history/2025/02/10_en-CA.md
[09:24:10] Start geting global Bing Wallpaper, region=en-GB, local time is 2025-02-09 09:24:10.788738+00:00
[09:24:10] Successful get url: https://www.bing.com/th?id=OHR.AlstromPoint_EN-GB5387097476_UHD.jpg
[09:24:10] Picture infomations saved to  global/en-GB/README.md
[09:24:10] Picture infomations saved to global/en-GB/history/2025/02/10_en-GB.md
[09:24:10] Start geting global Bing Wallpaper, region=it-IT, local time is 2025-02-09 10:24:10.886550+01:00
[09:24:10] Successful get url: https://www.bing.com/th?id=OHR.AlstromPoint_IT-IT1127096784_UHD.jpg
[09:24:10] Picture infomations saved to  global/it-IT/README.md
[09:24:10] Picture infomations saved to global/it-IT/history/2025/02/09_it-IT.md
[09:24:10] Start geting global Bing Wallpaper, region=es-ES, local time is 2025-02-09 10:24:10.979912+01:00
[09:24:11] Successful get url: https://www.bing.com/th?id=OHR.SnowySvaneti_ES-ES9495722875_UHD.jpg
[09:24:11] Picture infomations saved to  global/es-ES/README.md
[09:24:11] Picture infomations saved to global/es-ES/history/2025/02/09_es-ES.md
[09:24:11] Start geting global Bing Wallpaper, region=fr-CA, local time is 2025-02-09 04:24:11.069556-05:00
[09:24:11] Successful get url: https://www.bing.com/th?id=OHR.AlstromPoint_FR-CA6255476346_UHD.jpg
[09:24:11] Picture infomations saved to  global/fr-CA/README.md
[09:24:11] Picture infomations saved to global/fr-CA/history/2025/02/10_fr-CA.md
Program exit at 09:24:11

Program started at 16:12:33
Operating System Name: Linux
Operating System Version: #23-Ubuntu SMP Mon Dec  9 16:58:58 UTC 2024
System Architecture: ('64bit', 'ELF')
Computer Type: x86_64
Computer Name: fv-az1288-587
Processor Type: x86_64
Python Version: 3.12.8
Python Interpreter Name: CPython
[16:12:33] Start geting CN Bing Wallpaper
[16:12:33] Successful get url: https://www.bing.com/th?id=OHR.UmbrellaDay_ZH-CN8024305066_UHD.jpg
[16:12:33] Image saved to img/background.jpg
[16:12:33] Info saved to README.md
[16:12:33] Image saved to history/2025/02/10.md
[16:12:33] Start geting global Bing Wallpaper, region=en-US, local time is 2025-02-09 11:12:33.917999-05:00
[16:12:38] Successful get url: https://www.bing.com/th?id=OHR.AlstromPoint_EN-US6746094430_UHD.jpg
[16:12:38] Picture infomations saved to  global/en-US/README.md
[16:12:38] Picture infomations saved to global/en-US/history/2025/02/10_en-US.md
[16:12:38] Start geting global Bing Wallpaper, region=ja-JP, local time is 2025-02-10 01:12:38.254199+09:00
[16:12:38] Successful get url: https://www.bing.com/th?id=OHR.UmbrellaDay_JA-JP2687142465_UHD.jpg
[16:12:38] Picture infomations saved to  global/ja-JP/README.md
[16:12:38] Picture infomations saved to global/ja-JP/history/2025/02/10_ja-JP.md
[16:12:38] Start geting global Bing Wallpaper, region=en-IN, local time is 2025-02-09 21:42:38.377841+05:30
[16:12:38] Successful get url: https://www.bing.com/th?id=OHR.AlstromPoint_EN-IN8438578560_UHD.jpg
[16:12:38] Picture infomations saved to  global/en-IN/README.md
[16:12:38] Picture infomations saved to global/en-IN/history/2025/02/09_en-IN.md
[16:12:38] Start geting global Bing Wallpaper, region=pt-BR, local time is 2025-02-09 13:12:38.475328-03:00
[16:12:38] Successful get url: https://www.bing.com/th?id=OHR.AlstromPoint_PT-BR0066857741_UHD.jpg
[16:12:38] Picture infomations saved to  global/pt-BR/README.md
[16:12:38] Picture infomations saved to global/pt-BR/history/2025/02/10_pt-BR.md
[16:12:38] Start geting global Bing Wallpaper, region=fr-FR, local time is 2025-02-09 17:12:38.576287+01:00
[16:12:42] Successful get url: https://www.bing.com/th?id=OHR.AlstromPoint_FR-FR6504478404_UHD.jpg
[16:12:42] Picture infomations saved to  global/fr-FR/README.md
[16:12:42] Picture infomations saved to global/fr-FR/history/2025/02/09_fr-FR.md
[16:12:42] Start geting global Bing Wallpaper, region=de-DE, local time is 2025-02-09 17:12:42.849803+01:00
[16:12:42] Successful get url: https://www.bing.com/th?id=OHR.LeonardoGlassCubeBadDriburg_DE-DE7335934587_UHD.jpg
[16:12:42] Picture infomations saved to  global/de-DE/README.md
[16:12:42] Picture infomations saved to global/de-DE/history/2025/02/09_de-DE.md
[16:12:42] Start geting global Bing Wallpaper, region=en-CA, local time is 2025-02-09 11:12:42.947935-05:00
[16:12:43] Successful get url: https://www.bing.com/th?id=OHR.AlstromPoint_EN-CA8518632532_UHD.jpg
[16:12:43] Picture infomations saved to  global/en-CA/README.md
[16:12:43] Picture infomations saved to global/en-CA/history/2025/02/10_en-CA.md
[16:12:43] Start geting global Bing Wallpaper, region=en-GB, local time is 2025-02-09 16:12:43.046534+00:00
[16:12:43] Successful get url: https://www.bing.com/th?id=OHR.AlstromPoint_EN-GB5387097476_UHD.jpg
[16:12:43] Picture infomations saved to  global/en-GB/README.md
[16:12:43] Picture infomations saved to global/en-GB/history/2025/02/10_en-GB.md
[16:12:43] Start geting global Bing Wallpaper, region=it-IT, local time is 2025-02-09 17:12:43.153458+01:00
[16:12:43] Successful get url: https://www.bing.com/th?id=OHR.AlstromPoint_IT-IT1127096784_UHD.jpg
[16:12:43] Picture infomations saved to  global/it-IT/README.md
[16:12:43] Picture infomations saved to global/it-IT/history/2025/02/09_it-IT.md
[16:12:43] Start geting global Bing Wallpaper, region=es-ES, local time is 2025-02-09 17:12:43.253068+01:00
[16:12:43] Successful get url: https://www.bing.com/th?id=OHR.SnowySvaneti_ES-ES9495722875_UHD.jpg
[16:12:43] Picture infomations saved to  global/es-ES/README.md
[16:12:43] Picture infomations saved to global/es-ES/history/2025/02/09_es-ES.md
[16:12:43] Start geting global Bing Wallpaper, region=fr-CA, local time is 2025-02-09 11:12:43.341023-05:00
[16:12:43] Successful get url: https://www.bing.com/th?id=OHR.AlstromPoint_FR-CA6255476346_UHD.jpg
[16:12:43] Picture infomations saved to  global/fr-CA/README.md
[16:12:43] Picture infomations saved to global/fr-CA/history/2025/02/10_fr-CA.md
Program exit at 16:12:43
