
Program started at 09:27:57
Operating System Name: Linux
Operating System Version: #25-Ubuntu SMP Wed Jan 15 20:45:09 UTC 2025
System Architecture: ('64bit', 'ELF')
Computer Type: x86_64
Computer Name: fv-az1691-811
Processor Type: x86_64
Python Version: 3.12.9
Python Interpreter Name: CPython
[09:27:57] Start geting CN Bing Wallpaper
[09:27:57] Successful get url: https://www.bing.com/th?id=OHR.CanadaDeer_ZH-CN0631345798_UHD.jpg
[09:27:58] Image saved to img/background.jpg
[09:27:58] Info saved to README.md
[09:27:58] Image saved to history/2025/02/20.md
[09:27:58] Start geting global Bing Wallpaper, region=en-US, local time is 2025-02-20 04:27:58.060748-05:00
[09:27:58] Successful get url: https://www.bing.com/th?id=OHR.AdamsYosemite_EN-US7924059397_UHD.jpg
[09:27:58] Picture infomations saved to  global/en-US/README.md
[09:27:58] Picture infomations saved to global/en-US/history/2025/02/21_en-US.md
[09:27:58] Start geting global Bing Wallpaper, region=ja-JP, local time is 2025-02-20 18:27:58.282763+09:00
[09:27:58] Successful get url: https://www.bing.com/th?id=OHR.FestungKonigsteinElbsandsteingebirge_JA-JP4771104579_UHD.jpg
[09:27:58] Picture infomations saved to  global/ja-JP/README.md
[09:27:58] Picture infomations saved to global/ja-JP/history/2025/02/20_ja-JP.md
[09:27:58] Start geting global Bing Wallpaper, region=en-IN, local time is 2025-02-20 14:57:58.403419+05:30
[09:27:58] Successful get url: https://www.bing.com/th?id=OHR.CanadaDeer_EN-IN1563872531_UHD.jpg
[09:27:58] Picture infomations saved to  global/en-IN/README.md
[09:27:58] Picture infomations saved to global/en-IN/history/2025/02/20_en-IN.md
[09:27:58] Start geting global Bing Wallpaper, region=pt-BR, local time is 2025-02-20 06:27:58.561191-03:00
[09:27:58] Successful get url: https://www.bing.com/th?id=OHR.CanadaDeer_PT-BR4320223616_UHD.jpg
[09:27:58] Picture infomations saved to  global/pt-BR/README.md
[09:27:58] Picture infomations saved to global/pt-BR/history/2025/02/21_pt-BR.md
[09:27:58] Start geting global Bing Wallpaper, region=fr-FR, local time is 2025-02-20 10:27:58.707689+01:00
[09:27:58] Successful get url: https://www.bing.com/th?id=OHR.BlueNorway_FR-FR6545553571_UHD.jpg
[09:27:58] Picture infomations saved to  global/fr-FR/README.md
[09:27:58] Picture infomations saved to global/fr-FR/history/2025/02/20_fr-FR.md
[09:27:58] Start geting global Bing Wallpaper, region=de-DE, local time is 2025-02-20 10:27:58.897068+01:00
[09:27:58] Successful get url: https://www.bing.com/th?id=OHR.CanadaDeer_DE-DE5282411972_UHD.jpg
[09:27:59] Picture infomations saved to  global/de-DE/README.md
[09:27:59] Picture infomations saved to global/de-DE/history/2025/02/20_de-DE.md
[09:27:59] Start geting global Bing Wallpaper, region=en-CA, local time is 2025-02-20 04:27:59.063283-05:00
[09:27:59] Successful get url: https://www.bing.com/th?id=OHR.CanadaDeer_EN-CA2853783794_UHD.jpg
[09:27:59] Picture infomations saved to  global/en-CA/README.md
[09:27:59] Picture infomations saved to global/en-CA/history/2025/02/21_en-CA.md
[09:27:59] Start geting global Bing Wallpaper, region=en-GB, local time is 2025-02-20 09:27:59.173051+00:00
[09:27:59] Successful get url: https://www.bing.com/th?id=OHR.CanadaDeer_EN-GB7840896375_UHD.jpg
[09:27:59] Picture infomations saved to  global/en-GB/README.md
[09:27:59] Picture infomations saved to global/en-GB/history/2025/02/21_en-GB.md
[09:27:59] Start geting global Bing Wallpaper, region=it-IT, local time is 2025-02-20 10:27:59.309969+01:00
[09:27:59] Successful get url: https://www.bing.com/th?id=OHR.CanadaDeer_IT-IT6705566058_UHD.jpg
[09:27:59] Picture infomations saved to  global/it-IT/README.md
[09:27:59] Picture infomations saved to global/it-IT/history/2025/02/20_it-IT.md
[09:27:59] Start geting global Bing Wallpaper, region=es-ES, local time is 2025-02-20 10:27:59.451989+01:00
[09:27:59] Successful get url: https://www.bing.com/th?id=OHR.CanadaDeer_ES-ES0627757323_UHD.jpg
[09:27:59] Picture infomations saved to  global/es-ES/README.md
[09:27:59] Picture infomations saved to global/es-ES/history/2025/02/20_es-ES.md
[09:27:59] Start geting global Bing Wallpaper, region=fr-CA, local time is 2025-02-20 04:27:59.544938-05:00
[09:27:59] Successful get url: https://www.bing.com/th?id=OHR.CanadaDeer_FR-CA2132440731_UHD.jpg
[09:27:59] Picture infomations saved to  global/fr-CA/README.md
[09:27:59] Picture infomations saved to global/fr-CA/history/2025/02/21_fr-CA.md
Program exit at 09:27:59
