
Program started at 09:27:18
Operating System Name: Linux
Operating System Version: #25-Ubuntu SMP Wed Jan 15 20:45:09 UTC 2025
System Architecture: ('64bit', 'ELF')
Computer Type: x86_64
Computer Name: fv-az1718-879
Processor Type: x86_64
Python Version: 3.12.9
Python Interpreter Name: CPython
[09:27:18] Start geting CN Bing Wallpaper
[09:27:19] Successful get url: https://www.bing.com/th?id=OHR.ChampakaSarasi_ZH-CN0254940579_UHD.jpg
[09:27:19] Image saved to img/background.jpg
[09:27:19] Info saved to README.md
[09:27:19] Image saved to history/2025/02/21.md
[09:27:19] Start geting global Bing Wallpaper, region=en-US, local time is 2025-02-21 04:27:19.111767-05:00
[09:27:19] Successful get url: https://www.bing.com/th?id=OHR.ChampakaSarasi_EN-US0671131929_UHD.jpg
[09:27:19] Picture infomations saved to  global/en-US/README.md
[09:27:19] Picture infomations saved to global/en-US/history/2025/02/22_en-US.md
[09:27:19] Start geting global Bing Wallpaper, region=ja-JP, local time is 2025-02-21 18:27:19.281279+09:00
[09:27:19] Successful get url: https://www.bing.com/th?id=OHR.ChampakaSarasi_JA-JP0008600806_UHD.jpg
[09:27:19] Picture infomations saved to  global/ja-JP/README.md
[09:27:19] Picture infomations saved to global/ja-JP/history/2025/02/21_ja-JP.md
[09:27:19] Start geting global Bing Wallpaper, region=en-IN, local time is 2025-02-21 14:57:19.452002+05:30
[09:27:19] Successful get url: https://www.bing.com/th?id=OHR.ChampakaSarasi_EN-IN8916628147_UHD.jpg
[09:27:19] Picture infomations saved to  global/en-IN/README.md
[09:27:19] Picture infomations saved to global/en-IN/history/2025/02/21_en-IN.md
[09:27:19] Start geting global Bing Wallpaper, region=pt-BR, local time is 2025-02-21 06:27:19.625228-03:00
[09:27:19] Successful get url: https://www.bing.com/th?id=OHR.ChampakaSarasi_PT-BR6994277285_UHD.jpg
[09:27:19] Picture infomations saved to  global/pt-BR/README.md
[09:27:19] Picture infomations saved to global/pt-BR/history/2025/02/22_pt-BR.md
[09:27:19] Start geting global Bing Wallpaper, region=fr-FR, local time is 2025-02-21 10:27:19.796385+01:00
[09:27:19] Successful get url: https://www.bing.com/th?id=OHR.MentonFestival_FR-FR5996828688_UHD.jpg
[09:27:19] Picture infomations saved to  global/fr-FR/README.md
[09:27:19] Picture infomations saved to global/fr-FR/history/2025/02/21_fr-FR.md
[09:27:19] Start geting global Bing Wallpaper, region=de-DE, local time is 2025-02-21 10:27:19.964240+01:00
[09:27:20] Successful get url: https://www.bing.com/th?id=OHR.GoldfinchSunflower_DE-DE5115131607_UHD.jpg
[09:27:20] Picture infomations saved to  global/de-DE/README.md
[09:27:20] Picture infomations saved to global/de-DE/history/2025/02/21_de-DE.md
[09:27:20] Start geting global Bing Wallpaper, region=en-CA, local time is 2025-02-21 04:27:20.149023-05:00
[09:27:20] Successful get url: https://www.bing.com/th?id=OHR.ChampakaSarasi_EN-CA6048642265_UHD.jpg
[09:27:20] Picture infomations saved to  global/en-CA/README.md
[09:27:20] Picture infomations saved to global/en-CA/history/2025/02/22_en-CA.md
[09:27:20] Start geting global Bing Wallpaper, region=en-GB, local time is 2025-02-21 09:27:20.317273+00:00
[09:27:20] Successful get url: https://www.bing.com/th?id=OHR.ChampakaSarasi_EN-GB0515103578_UHD.jpg
[09:27:20] Picture infomations saved to  global/en-GB/README.md
[09:27:20] Picture infomations saved to global/en-GB/history/2025/02/22_en-GB.md
[09:27:20] Start geting global Bing Wallpaper, region=it-IT, local time is 2025-02-21 10:27:20.484159+01:00
[09:27:20] Successful get url: https://www.bing.com/th?id=OHR.BattagliaDiPavia_IT-IT9266388577_UHD.jpg
[09:27:20] Picture infomations saved to  global/it-IT/README.md
[09:27:20] Picture infomations saved to global/it-IT/history/2025/02/21_it-IT.md
[09:27:20] Start geting global Bing Wallpaper, region=es-ES, local time is 2025-02-21 10:27:20.658665+01:00
[09:27:20] Successful get url: https://www.bing.com/th?id=OHR.ChampakaSarasi_ES-ES4842882086_UHD.jpg
[09:27:20] Picture infomations saved to  global/es-ES/README.md
[09:27:20] Picture infomations saved to global/es-ES/history/2025/02/21_es-ES.md
[09:27:20] Start geting global Bing Wallpaper, region=fr-CA, local time is 2025-02-21 04:27:20.839236-05:00
[09:27:20] Successful get url: https://www.bing.com/th?id=OHR.ChampakaSarasi_FR-CA3071619722_UHD.jpg
[09:27:20] Picture infomations saved to  global/fr-CA/README.md
[09:27:20] Picture infomations saved to global/fr-CA/history/2025/02/22_fr-CA.md
Program exit at 09:27:20

Program started at 16:14:27
Operating System Name: Linux
Operating System Version: #25-Ubuntu SMP Wed Jan 15 20:45:09 UTC 2025
System Architecture: ('64bit', 'ELF')
Computer Type: x86_64
Computer Name: fv-az1971-844
Processor Type: x86_64
Python Version: 3.12.9
Python Interpreter Name: CPython
[16:14:27] Start geting CN Bing Wallpaper
[16:14:27] Successful get url: https://www.bing.com/th?id=OHR.StLouisArch_ZH-CN0442955735_UHD.jpg
[16:14:27] Image saved to img/background.jpg
[16:14:27] Info saved to README.md
[16:14:27] Image saved to history/2025/02/22.md
[16:14:27] Start geting global Bing Wallpaper, region=en-US, local time is 2025-02-21 11:14:27.247293-05:00
[16:14:27] Successful get url: https://www.bing.com/th?id=OHR.ChampakaSarasi_EN-US0671131929_UHD.jpg
[16:14:27] Picture infomations saved to  global/en-US/README.md
[16:14:27] Picture infomations saved to global/en-US/history/2025/02/22_en-US.md
[16:14:27] Start geting global Bing Wallpaper, region=ja-JP, local time is 2025-02-22 01:14:27.459386+09:00
[16:14:27] Successful get url: https://www.bing.com/th?id=OHR.StLouisArch_JA-JP0218152600_UHD.jpg
[16:14:27] Picture infomations saved to  global/ja-JP/README.md
[16:14:27] Picture infomations saved to global/ja-JP/history/2025/02/22_ja-JP.md
[16:14:27] Start geting global Bing Wallpaper, region=en-IN, local time is 2025-02-21 21:44:27.615494+05:30
[16:14:27] Successful get url: https://www.bing.com/th?id=OHR.ChampakaSarasi_EN-IN8916628147_UHD.jpg
[16:14:27] Picture infomations saved to  global/en-IN/README.md
[16:14:27] Picture infomations saved to global/en-IN/history/2025/02/21_en-IN.md
[16:14:27] Start geting global Bing Wallpaper, region=pt-BR, local time is 2025-02-21 13:14:27.781061-03:00
[16:14:27] Successful get url: https://www.bing.com/th?id=OHR.ChampakaSarasi_PT-BR6994277285_UHD.jpg
[16:14:27] Picture infomations saved to  global/pt-BR/README.md
[16:14:27] Picture infomations saved to global/pt-BR/history/2025/02/22_pt-BR.md
[16:14:27] Start geting global Bing Wallpaper, region=fr-FR, local time is 2025-02-21 17:14:27.954197+01:00
[16:14:28] Successful get url: https://www.bing.com/th?id=OHR.MentonFestival_FR-FR5996828688_UHD.jpg
[16:14:28] Picture infomations saved to  global/fr-FR/README.md
[16:14:28] Picture infomations saved to global/fr-FR/history/2025/02/21_fr-FR.md
[16:14:28] Start geting global Bing Wallpaper, region=de-DE, local time is 2025-02-21 17:14:28.134566+01:00
[16:14:28] Successful get url: https://www.bing.com/th?id=OHR.GoldfinchSunflower_DE-DE5115131607_UHD.jpg
[16:14:28] Picture infomations saved to  global/de-DE/README.md
[16:14:28] Picture infomations saved to global/de-DE/history/2025/02/21_de-DE.md
[16:14:28] Start geting global Bing Wallpaper, region=en-CA, local time is 2025-02-21 11:14:28.313426-05:00
[16:14:28] Successful get url: https://www.bing.com/th?id=OHR.ChampakaSarasi_EN-CA6048642265_UHD.jpg
[16:14:28] Picture infomations saved to  global/en-CA/README.md
[16:14:28] Picture infomations saved to global/en-CA/history/2025/02/22_en-CA.md
[16:14:28] Start geting global Bing Wallpaper, region=en-GB, local time is 2025-02-21 16:14:28.481339+00:00
[16:14:28] Successful get url: https://www.bing.com/th?id=OHR.ChampakaSarasi_EN-GB0515103578_UHD.jpg
[16:14:28] Picture infomations saved to  global/en-GB/README.md
[16:14:28] Picture infomations saved to global/en-GB/history/2025/02/22_en-GB.md
[16:14:28] Start geting global Bing Wallpaper, region=it-IT, local time is 2025-02-21 17:14:28.648765+01:00
[16:14:28] Successful get url: https://www.bing.com/th?id=OHR.BattagliaDiPavia_IT-IT9266388577_UHD.jpg
[16:14:28] Picture infomations saved to  global/it-IT/README.md
[16:14:28] Picture infomations saved to global/it-IT/history/2025/02/21_it-IT.md
[16:14:28] Start geting global Bing Wallpaper, region=es-ES, local time is 2025-02-21 17:14:28.810785+01:00
[16:14:28] Successful get url: https://www.bing.com/th?id=OHR.ChampakaSarasi_ES-ES4842882086_UHD.jpg
[16:14:28] Picture infomations saved to  global/es-ES/README.md
[16:14:28] Picture infomations saved to global/es-ES/history/2025/02/21_es-ES.md
[16:14:28] Start geting global Bing Wallpaper, region=fr-CA, local time is 2025-02-21 11:14:28.972298-05:00
[16:14:29] Successful get url: https://www.bing.com/th?id=OHR.ChampakaSarasi_FR-CA3071619722_UHD.jpg
[16:14:29] Picture infomations saved to  global/fr-CA/README.md
[16:14:29] Picture infomations saved to global/fr-CA/history/2025/02/22_fr-CA.md
Program exit at 16:14:29
