
Program started at 09:24:13
Operating System Name: Linux
Operating System Version: #23-Ubuntu SMP Mon Dec  9 16:58:58 UTC 2024
System Architecture: ('64bit', 'ELF')
Computer Type: x86_64
Computer Name: fv-az1922-49
Processor Type: x86_64
Python Version: 3.12.8
Python Interpreter Name: CPython
[09:24:13] Start geting CN Bing Wallpaper
[09:24:13] Successful get url: https://www.bing.com/th?id=OHR.SnowySvaneti_ZH-CN7626153023_UHD.jpg
[09:24:13] Image saved to img/background.jpg
[09:24:13] Info saved to README.md
[09:24:13] Image saved to history/2025/02/08.md
[09:24:13] Start geting global Bing Wallpaper, region=en-US, local time is 2025-02-08 04:24:13.880894-05:00
[09:24:13] Successful get url: https://www.bing.com/th?id=OHR.SnowySvaneti_EN-US6546788330_UHD.jpg
[09:24:13] Picture infomations saved to  global/en-US/README.md
[09:24:13] Picture infomations saved to global/en-US/history/2025/02/09_en-US.md
[09:24:13] Start geting global Bing Wallpaper, region=ja-JP, local time is 2025-02-08 18:24:13.981894+09:00
[09:24:14] Successful get url: https://www.bing.com/th?id=OHR.SnowySvaneti_JA-JP2274619860_UHD.jpg
[09:24:14] Picture infomations saved to  global/ja-JP/README.md
[09:24:14] Picture infomations saved to global/ja-JP/history/2025/02/08_ja-JP.md
[09:24:14] Start geting global Bing Wallpaper, region=en-IN, local time is 2025-02-08 14:54:14.104340+05:30
[09:24:14] Successful get url: https://www.bing.com/th?id=OHR.SnowySvaneti_EN-IN8244607405_UHD.jpg
[09:24:14] Picture infomations saved to  global/en-IN/README.md
[09:24:14] Picture infomations saved to global/en-IN/history/2025/02/08_en-IN.md
[09:24:14] Start geting global Bing Wallpaper, region=pt-BR, local time is 2025-02-08 06:24:14.239808-03:00
[09:24:14] Successful get url: https://www.bing.com/th?id=OHR.SnowySvaneti_PT-BR2482598093_UHD.jpg
[09:24:14] Picture infomations saved to  global/pt-BR/README.md
[09:24:14] Picture infomations saved to global/pt-BR/history/2025/02/09_pt-BR.md
[09:24:14] Start geting global Bing Wallpaper, region=fr-FR, local time is 2025-02-08 10:24:14.339510+01:00
[09:24:14] Successful get url: https://www.bing.com/th?id=OHR.SnowySvaneti_FR-FR5675454162_UHD.jpg
[09:24:14] Picture infomations saved to  global/fr-FR/README.md
[09:24:14] Picture infomations saved to global/fr-FR/history/2025/02/08_fr-FR.md
[09:24:14] Start geting global Bing Wallpaper, region=de-DE, local time is 2025-02-08 10:24:14.426545+01:00
[09:24:14] Successful get url: https://www.bing.com/th?id=OHR.SnowySvaneti_DE-DE7103298381_UHD.jpg
[09:24:14] Picture infomations saved to  global/de-DE/README.md
[09:24:14] Picture infomations saved to global/de-DE/history/2025/02/08_de-DE.md
[09:24:14] Start geting global Bing Wallpaper, region=en-CA, local time is 2025-02-08 04:24:14.520270-05:00
[09:24:14] Successful get url: https://www.bing.com/th?id=OHR.SnowySvaneti_EN-CA8293251402_UHD.jpg
[09:24:14] Picture infomations saved to  global/en-CA/README.md
[09:24:14] Picture infomations saved to global/en-CA/history/2025/02/09_en-CA.md
[09:24:14] Start geting global Bing Wallpaper, region=en-GB, local time is 2025-02-08 09:24:14.609782+00:00
[09:24:14] Successful get url: https://www.bing.com/th?id=OHR.SnowySvaneti_EN-GB4839188622_UHD.jpg
[09:24:14] Picture infomations saved to  global/en-GB/README.md
[09:24:14] Picture infomations saved to global/en-GB/history/2025/02/09_en-GB.md
[09:24:14] Start geting global Bing Wallpaper, region=it-IT, local time is 2025-02-08 10:24:14.701454+01:00
[09:24:14] Successful get url: https://www.bing.com/th?id=OHR.SnowySvaneti_IT-IT0719958038_UHD.jpg
[09:24:14] Picture infomations saved to  global/it-IT/README.md
[09:24:14] Picture infomations saved to global/it-IT/history/2025/02/08_it-IT.md
[09:24:14] Start geting global Bing Wallpaper, region=es-ES, local time is 2025-02-08 10:24:14.804346+01:00
[09:24:14] Successful get url: https://www.bing.com/th?id=OHR.PremiosGoya_ES-ES9389747120_UHD.jpg
[09:24:14] Picture infomations saved to  global/es-ES/README.md
[09:24:14] Picture infomations saved to global/es-ES/history/2025/02/08_es-ES.md
[09:24:14] Start geting global Bing Wallpaper, region=fr-CA, local time is 2025-02-08 04:24:14.900272-05:00
[09:24:14] Successful get url: https://www.bing.com/th?id=OHR.SnowySvaneti_FR-CA7435205782_UHD.jpg
[09:24:15] Picture infomations saved to  global/fr-CA/README.md
[09:24:15] Picture infomations saved to global/fr-CA/history/2025/02/09_fr-CA.md
Program exit at 09:24:15
