
Program started at 09:28:22
Operating System Name: Linux
Operating System Version: #25-Ubuntu SMP Wed Jan 15 20:45:09 UTC 2025
System Architecture: ('64bit', 'ELF')
Computer Type: x86_64
Computer Name: fv-az1676-495
Processor Type: x86_64
Python Version: 3.12.9
Python Interpreter Name: CPython
[09:28:22] Start geting CN Bing Wallpaper
[09:28:22] Successful get url: https://www.bing.com/th?id=OHR.BhutanMonastery_ZH-CN2469401011_UHD.jpg
[09:28:22] Image saved to img/background.jpg
[09:28:22] Info saved to README.md
[09:28:22] Image saved to history/2025/02/28.md
[09:28:22] Start geting global Bing Wallpaper, region=en-US, local time is 2025-02-28 04:28:22.532376-05:00
[09:28:22] Successful get url: https://www.bing.com/th?id=OHR.BhutanMonastery_EN-US2804780711_UHD.jpg
[09:28:22] Picture infomations saved to  global/en-US/README.md
[09:28:22] Picture infomations saved to global/en-US/history/2025/03/01_en-US.md
[09:28:22] Start geting global Bing Wallpaper, region=ja-JP, local time is 2025-02-28 18:28:22.814929+09:00
[09:28:22] Successful get url: https://www.bing.com/th?id=OHR.BhutanMonastery_JA-JP1458270567_UHD.jpg
[09:28:23] Picture infomations saved to  global/ja-JP/README.md
[09:28:23] Picture infomations saved to global/ja-JP/history/2025/02/28_ja-JP.md
[09:28:23] Start geting global Bing Wallpaper, region=en-IN, local time is 2025-02-28 14:58:23.068066+05:30
[09:28:23] Successful get url: https://www.bing.com/th?id=OHR.BhutanMonastery_EN-IN9102034060_UHD.jpg
[09:28:23] Picture infomations saved to  global/en-IN/README.md
[09:28:23] Picture infomations saved to global/en-IN/history/2025/02/28_en-IN.md
[09:28:23] Start geting global Bing Wallpaper, region=pt-BR, local time is 2025-02-28 06:28:23.321104-03:00
[09:28:23] Successful get url: https://www.bing.com/th?id=OHR.BhutanMonastery_PT-BR9663296659_UHD.jpg
[09:28:23] Picture infomations saved to  global/pt-BR/README.md
[09:28:23] Picture infomations saved to global/pt-BR/history/2025/03/01_pt-BR.md
[09:28:23] Start geting global Bing Wallpaper, region=fr-FR, local time is 2025-02-28 10:28:23.567089+01:00
[09:28:23] Successful get url: https://www.bing.com/th?id=OHR.BhutanMonastery_FR-FR1020195060_UHD.jpg
[09:28:23] Picture infomations saved to  global/fr-FR/README.md
[09:28:23] Picture infomations saved to global/fr-FR/history/2025/02/28_fr-FR.md
[09:28:23] Start geting global Bing Wallpaper, region=de-DE, local time is 2025-02-28 10:28:23.842600+01:00
[09:28:23] Successful get url: https://www.bing.com/th?id=OHR.BhutanMonastery_DE-DE8934073002_UHD.jpg
[09:28:24] Picture infomations saved to  global/de-DE/README.md
[09:28:24] Picture infomations saved to global/de-DE/history/2025/02/28_de-DE.md
[09:28:24] Start geting global Bing Wallpaper, region=en-CA, local time is 2025-02-28 04:28:24.100744-05:00
[09:28:24] Successful get url: https://www.bing.com/th?id=OHR.NevadaBigHorns_EN-CA8281032097_UHD.jpg
[09:28:24] Picture infomations saved to  global/en-CA/README.md
[09:28:24] Picture infomations saved to global/en-CA/history/2025/03/01_en-CA.md
[09:28:24] Start geting global Bing Wallpaper, region=en-GB, local time is 2025-02-28 09:28:24.358278+00:00
[09:28:24] Successful get url: https://www.bing.com/th?id=OHR.BhutanMonastery_EN-GB2130473204_UHD.jpg
[09:28:24] Picture infomations saved to  global/en-GB/README.md
[09:28:24] Picture infomations saved to global/en-GB/history/2025/03/01_en-GB.md
[09:28:24] Start geting global Bing Wallpaper, region=it-IT, local time is 2025-02-28 10:28:24.606927+01:00
[09:28:24] Successful get url: https://www.bing.com/th?id=OHR.BhutanMonastery_IT-IT9860257157_UHD.jpg
[09:28:24] Picture infomations saved to  global/it-IT/README.md
[09:28:24] Picture infomations saved to global/it-IT/history/2025/02/28_it-IT.md
[09:28:24] Start geting global Bing Wallpaper, region=es-ES, local time is 2025-02-28 10:28:24.865733+01:00
[09:28:24] Successful get url: https://www.bing.com/th?id=OHR.AndalusianStreet_ES-ES6181340886_UHD.jpg
[09:28:25] Picture infomations saved to  global/es-ES/README.md
[09:28:25] Picture infomations saved to global/es-ES/history/2025/02/28_es-ES.md
[09:28:25] Start geting global Bing Wallpaper, region=fr-CA, local time is 2025-02-28 04:28:25.120615-05:00
[09:28:25] Successful get url: https://www.bing.com/th?id=OHR.BhutanMonastery_FR-CA0854071680_UHD.jpg
[09:28:26] Picture infomations saved to  global/fr-CA/README.md
[09:28:26] Picture infomations saved to global/fr-CA/history/2025/03/01_fr-CA.md
Program exit at 09:28:26
