
Program started at 09:27:42
Operating System Name: Linux
Operating System Version: #25-Ubuntu SMP Wed Jan 15 20:45:09 UTC 2025
System Architecture: ('64bit', 'ELF')
Computer Type: x86_64
Computer Name: fv-az1319-980
Processor Type: x86_64
Python Version: 3.12.9
Python Interpreter Name: CPython
[09:27:42] Start geting CN Bing Wallpaper
[09:27:42] Successful get url: https://www.bing.com/th?id=OHR.IceHoleOtter_ZH-CN0106321041_UHD.jpg
[09:27:42] Image saved to img/background.jpg
[09:27:42] Info saved to README.md
[09:27:42] Image saved to history/2025/02/19.md
[09:27:42] Start geting global Bing Wallpaper, region=en-US, local time is 2025-02-19 04:27:42.688172-05:00
[09:27:42] Successful get url: https://www.bing.com/th?id=OHR.IceHoleOtter_EN-US7859051687_UHD.jpg
[09:27:42] Picture infomations saved to  global/en-US/README.md
[09:27:42] Picture infomations saved to global/en-US/history/2025/02/20_en-US.md
[09:27:42] Start geting global Bing Wallpaper, region=ja-JP, local time is 2025-02-19 18:27:42.789527+09:00
[09:27:42] Successful get url: https://www.bing.com/th?id=OHR.IceHoleOtter_JA-JP4600805047_UHD.jpg
[09:27:42] Picture infomations saved to  global/ja-JP/README.md
[09:27:42] Picture infomations saved to global/ja-JP/history/2025/02/19_ja-JP.md
[09:27:42] Start geting global Bing Wallpaper, region=en-IN, local time is 2025-02-19 14:57:42.896155+05:30
[09:27:42] Successful get url: https://www.bing.com/th?id=OHR.IceHoleOtter_EN-IN0694843542_UHD.jpg
[09:27:43] Picture infomations saved to  global/en-IN/README.md
[09:27:43] Picture infomations saved to global/en-IN/history/2025/02/19_en-IN.md
[09:27:43] Start geting global Bing Wallpaper, region=pt-BR, local time is 2025-02-19 06:27:43.084228-03:00
[09:27:43] Successful get url: https://www.bing.com/th?id=OHR.IceHoleOtter_PT-BR4179764708_UHD.jpg
[09:27:43] Picture infomations saved to  global/pt-BR/README.md
[09:27:43] Picture infomations saved to global/pt-BR/history/2025/02/20_pt-BR.md
[09:27:43] Start geting global Bing Wallpaper, region=fr-FR, local time is 2025-02-19 10:27:43.248653+01:00
[09:27:43] Successful get url: https://www.bing.com/th?id=OHR.IceHoleOtter_FR-FR7480810536_UHD.jpg
[09:27:43] Picture infomations saved to  global/fr-FR/README.md
[09:27:43] Picture infomations saved to global/fr-FR/history/2025/02/19_fr-FR.md
[09:27:43] Start geting global Bing Wallpaper, region=de-DE, local time is 2025-02-19 10:27:43.412272+01:00
[09:27:43] Successful get url: https://www.bing.com/th?id=OHR.IceHoleOtter_DE-DE5011760287_UHD.jpg
[09:27:43] Picture infomations saved to  global/de-DE/README.md
[09:27:43] Picture infomations saved to global/de-DE/history/2025/02/19_de-DE.md
[09:27:43] Start geting global Bing Wallpaper, region=en-CA, local time is 2025-02-19 04:27:43.557622-05:00
[09:27:43] Successful get url: https://www.bing.com/th?id=OHR.IceHoleOtter_EN-CA2426610896_UHD.jpg
[09:27:43] Picture infomations saved to  global/en-CA/README.md
[09:27:43] Picture infomations saved to global/en-CA/history/2025/02/20_en-CA.md
[09:27:43] Start geting global Bing Wallpaper, region=en-GB, local time is 2025-02-19 09:27:43.696058+00:00
[09:27:43] Successful get url: https://www.bing.com/th?id=OHR.IceHoleOtter_EN-GB7580568123_UHD.jpg
[09:27:43] Picture infomations saved to  global/en-GB/README.md
[09:27:43] Picture infomations saved to global/en-GB/history/2025/02/20_en-GB.md
[09:27:43] Start geting global Bing Wallpaper, region=it-IT, local time is 2025-02-19 10:27:43.855301+01:00
[09:27:43] Successful get url: https://www.bing.com/th?id=OHR.YungangGrottoes_IT-IT7896461151_UHD.jpg
[09:27:43] Picture infomations saved to  global/it-IT/README.md
[09:27:43] Picture infomations saved to global/it-IT/history/2025/02/19_it-IT.md
[09:27:43] Start geting global Bing Wallpaper, region=es-ES, local time is 2025-02-19 10:27:43.971891+01:00
[09:27:44] Successful get url: https://www.bing.com/th?id=OHR.IceHoleOtter_ES-ES0502740204_UHD.jpg
[09:27:44] Picture infomations saved to  global/es-ES/README.md
[09:27:44] Picture infomations saved to global/es-ES/history/2025/02/19_es-ES.md
[09:27:44] Start geting global Bing Wallpaper, region=fr-CA, local time is 2025-02-19 04:27:44.148897-05:00
[09:27:44] Successful get url: https://www.bing.com/th?id=OHR.IceHoleOtter_FR-CA1911250698_UHD.jpg
[09:27:44] Picture infomations saved to  global/fr-CA/README.md
[09:27:44] Picture infomations saved to global/fr-CA/history/2025/02/20_fr-CA.md
Program exit at 09:27:44

Program started at 16:14:56
Operating System Name: Linux
Operating System Version: #25-Ubuntu SMP Wed Jan 15 20:45:09 UTC 2025
System Architecture: ('64bit', 'ELF')
Computer Type: x86_64
Computer Name: fv-az1934-680
Processor Type: x86_64
Python Version: 3.12.9
Python Interpreter Name: CPython
[16:14:56] Start geting CN Bing Wallpaper
[16:14:56] Successful get url: https://www.bing.com/th?id=OHR.CanadaDeer_ZH-CN0631345798_UHD.jpg
[16:14:56] Image saved to img/background.jpg
[16:14:56] Info saved to README.md
[16:14:56] Image saved to history/2025/02/20.md
[16:14:56] Start geting global Bing Wallpaper, region=en-US, local time is 2025-02-19 11:14:56.789573-05:00
[16:14:56] Successful get url: https://www.bing.com/th?id=OHR.IceHoleOtter_EN-US7859051687_UHD.jpg
[16:14:56] Picture infomations saved to  global/en-US/README.md
[16:14:56] Picture infomations saved to global/en-US/history/2025/02/20_en-US.md
[16:14:56] Start geting global Bing Wallpaper, region=ja-JP, local time is 2025-02-20 01:14:56.898605+09:00
[16:14:56] Successful get url: https://www.bing.com/th?id=OHR.FestungKonigsteinElbsandsteingebirge_JA-JP4771104579_UHD.jpg
[16:14:57] Picture infomations saved to  global/ja-JP/README.md
[16:14:57] Picture infomations saved to global/ja-JP/history/2025/02/20_ja-JP.md
[16:14:57] Start geting global Bing Wallpaper, region=en-IN, local time is 2025-02-19 21:44:57.060352+05:30
[16:14:57] Successful get url: https://www.bing.com/th?id=OHR.IceHoleOtter_EN-IN0694843542_UHD.jpg
[16:14:57] Picture infomations saved to  global/en-IN/README.md
[16:14:57] Picture infomations saved to global/en-IN/history/2025/02/19_en-IN.md
[16:14:57] Start geting global Bing Wallpaper, region=pt-BR, local time is 2025-02-19 13:14:57.174112-03:00
[16:14:57] Successful get url: https://www.bing.com/th?id=OHR.IceHoleOtter_PT-BR4179764708_UHD.jpg
[16:14:57] Picture infomations saved to  global/pt-BR/README.md
[16:14:57] Picture infomations saved to global/pt-BR/history/2025/02/20_pt-BR.md
[16:14:57] Start geting global Bing Wallpaper, region=fr-FR, local time is 2025-02-19 17:14:57.325608+01:00
[16:14:57] Successful get url: https://www.bing.com/th?id=OHR.IceHoleOtter_FR-FR7480810536_UHD.jpg
[16:14:57] Picture infomations saved to  global/fr-FR/README.md
[16:14:57] Picture infomations saved to global/fr-FR/history/2025/02/19_fr-FR.md
[16:14:57] Start geting global Bing Wallpaper, region=de-DE, local time is 2025-02-19 17:14:57.437296+01:00
[16:14:57] Successful get url: https://www.bing.com/th?id=OHR.IceHoleOtter_DE-DE5011760287_UHD.jpg
[16:14:57] Picture infomations saved to  global/de-DE/README.md
[16:14:57] Picture infomations saved to global/de-DE/history/2025/02/19_de-DE.md
[16:14:57] Start geting global Bing Wallpaper, region=en-CA, local time is 2025-02-19 11:14:57.592621-05:00
[16:14:57] Successful get url: https://www.bing.com/th?id=OHR.IceHoleOtter_EN-CA2426610896_UHD.jpg
[16:14:57] Picture infomations saved to  global/en-CA/README.md
[16:14:57] Picture infomations saved to global/en-CA/history/2025/02/20_en-CA.md
[16:14:57] Start geting global Bing Wallpaper, region=en-GB, local time is 2025-02-19 16:14:57.742379+00:00
[16:14:57] Successful get url: https://www.bing.com/th?id=OHR.IceHoleOtter_EN-GB7580568123_UHD.jpg
[16:14:57] Picture infomations saved to  global/en-GB/README.md
[16:14:57] Picture infomations saved to global/en-GB/history/2025/02/20_en-GB.md
[16:14:57] Start geting global Bing Wallpaper, region=it-IT, local time is 2025-02-19 17:14:57.889857+01:00
[16:14:57] Successful get url: https://www.bing.com/th?id=OHR.YungangGrottoes_IT-IT7896461151_UHD.jpg
[16:14:57] Picture infomations saved to  global/it-IT/README.md
[16:14:57] Picture infomations saved to global/it-IT/history/2025/02/19_it-IT.md
[16:14:57] Start geting global Bing Wallpaper, region=es-ES, local time is 2025-02-19 17:14:57.987681+01:00
[16:14:58] Successful get url: https://www.bing.com/th?id=OHR.IceHoleOtter_ES-ES0502740204_UHD.jpg
[16:14:58] Picture infomations saved to  global/es-ES/README.md
[16:14:58] Picture infomations saved to global/es-ES/history/2025/02/19_es-ES.md
[16:14:58] Start geting global Bing Wallpaper, region=fr-CA, local time is 2025-02-19 11:14:58.086533-05:00
[16:14:58] Successful get url: https://www.bing.com/th?id=OHR.IceHoleOtter_FR-CA1911250698_UHD.jpg
[16:14:58] Picture infomations saved to  global/fr-CA/README.md
[16:14:58] Picture infomations saved to global/fr-CA/history/2025/02/20_fr-CA.md
Program exit at 16:14:58
