
Program started at 09:27:59
Operating System Name: Linux
Operating System Version: #23-Ubuntu SMP Mon Dec  9 16:58:58 UTC 2024
System Architecture: ('64bit', 'ELF')
Computer Type: x86_64
Computer Name: fv-az1671-640
Processor Type: x86_64
Python Version: 3.12.8
Python Interpreter Name: CPython
[09:27:59] Start geting CN Bing Wallpaper
[09:27:59] Successful get url: https://www.bing.com/th?id=OHR.ScottishSheep_ZH-CN7122848634_UHD.jpg
[09:27:59] Image saved to img/background.jpg
[09:27:59] Info saved to README.md
[09:27:59] Image saved to history/2025/02/05.md
[09:27:59] Start geting global Bing Wallpaper, region=en-US, local time is 2025-02-05 04:27:59.756196-05:00
[09:27:59] Successful get url: https://www.bing.com/th?id=OHR.ScottishSheep_EN-US3449526052_UHD.jpg
[09:27:59] Picture infomations saved to  global/en-US/README.md
[09:27:59] Picture infomations saved to global/en-US/history/2025/02/06_en-US.md
[09:27:59] Start geting global Bing Wallpaper, region=ja-JP, local time is 2025-02-05 18:27:59.917975+09:00
[09:27:59] Successful get url: https://www.bing.com/th?id=OHR.ScottishSheep_JA-JP7061956700_UHD.jpg
[09:28:00] Picture infomations saved to  global/ja-JP/README.md
[09:28:00] Picture infomations saved to global/ja-JP/history/2025/02/05_ja-JP.md
[09:28:00] Start geting global Bing Wallpaper, region=en-IN, local time is 2025-02-05 14:58:00.029521+05:30
[09:28:00] Successful get url: https://www.bing.com/th?id=OHR.WhararikiBeach_EN-IN3664421729_UHD.jpg
[09:28:00] Picture infomations saved to  global/en-IN/README.md
[09:28:00] Picture infomations saved to global/en-IN/history/2025/02/05_en-IN.md
[09:28:00] Start geting global Bing Wallpaper, region=pt-BR, local time is 2025-02-05 06:28:00.171650-03:00
[09:28:00] Successful get url: https://www.bing.com/th?id=OHR.ScottishSheep_PT-BR7044869693_UHD.jpg
[09:28:00] Picture infomations saved to  global/pt-BR/README.md
[09:28:00] Picture infomations saved to global/pt-BR/history/2025/02/06_pt-BR.md
[09:28:00] Start geting global Bing Wallpaper, region=fr-FR, local time is 2025-02-05 10:28:00.386316+01:00
[09:28:00] Successful get url: https://www.bing.com/th?id=OHR.ScottishSheep_FR-FR6098426442_UHD.jpg
[09:28:00] Picture infomations saved to  global/fr-FR/README.md
[09:28:00] Picture infomations saved to global/fr-FR/history/2025/02/05_fr-FR.md
[09:28:00] Start geting global Bing Wallpaper, region=de-DE, local time is 2025-02-05 10:28:00.503561+01:00
[09:28:00] Successful get url: https://www.bing.com/th?id=OHR.ScottishSheep_DE-DE0235532190_UHD.jpg
[09:28:00] Picture infomations saved to  global/de-DE/README.md
[09:28:00] Picture infomations saved to global/de-DE/history/2025/02/05_de-DE.md
[09:28:00] Start geting global Bing Wallpaper, region=en-CA, local time is 2025-02-05 04:28:00.670927-05:00
[09:28:00] Successful get url: https://www.bing.com/th?id=OHR.ScottishSheep_EN-CA4202362647_UHD.jpg
[09:28:00] Picture infomations saved to  global/en-CA/README.md
[09:28:00] Picture infomations saved to global/en-CA/history/2025/02/06_en-CA.md
[09:28:00] Start geting global Bing Wallpaper, region=en-GB, local time is 2025-02-05 09:28:00.775390+00:00
[09:28:00] Successful get url: https://www.bing.com/th?id=OHR.ScottishSheep_EN-GB0591608610_UHD.jpg
[09:28:00] Picture infomations saved to  global/en-GB/README.md
[09:28:00] Picture infomations saved to global/en-GB/history/2025/02/06_en-GB.md
[09:28:00] Start geting global Bing Wallpaper, region=it-IT, local time is 2025-02-05 10:28:00.939181+01:00
[09:28:00] Successful get url: https://www.bing.com/th?id=OHR.ScottishSheep_IT-IT3106374740_UHD.jpg
[09:28:01] Picture infomations saved to  global/it-IT/README.md
[09:28:01] Picture infomations saved to global/it-IT/history/2025/02/05_it-IT.md
[09:28:01] Start geting global Bing Wallpaper, region=es-ES, local time is 2025-02-05 10:28:01.135886+01:00
[09:28:01] Successful get url: https://www.bing.com/th?id=OHR.ScottishSheep_ES-ES5976225157_UHD.jpg
[09:28:01] Picture infomations saved to  global/es-ES/README.md
[09:28:01] Picture infomations saved to global/es-ES/history/2025/02/05_es-ES.md
[09:28:01] Start geting global Bing Wallpaper, region=fr-CA, local time is 2025-02-05 04:28:01.307827-05:00
[09:28:01] Successful get url: https://www.bing.com/th?id=OHR.ScottishSheep_FR-CA7662917245_UHD.jpg
[09:28:01] Picture infomations saved to  global/fr-CA/README.md
[09:28:01] Picture infomations saved to global/fr-CA/history/2025/02/06_fr-CA.md
Program exit at 09:28:01
