
Program started at 09:27:29
Operating System Name: Linux
Operating System Version: #23-Ubuntu SMP Mon Dec  9 16:58:58 UTC 2024
System Architecture: ('64bit', 'ELF')
Computer Type: x86_64
Computer Name: fv-az1701-40
Processor Type: x86_64
Python Version: 3.12.8
Python Interpreter Name: CPython
[09:27:29] Start geting CN Bing Wallpaper
[09:27:29] Successful get url: https://www.bing.com/th?id=OHR.LanterFestival25Y_ZH-CN8547998003_UHD.jpg
[09:27:29] Image saved to img/background.jpg
[09:27:29] Info saved to README.md
[09:27:29] Image saved to history/2025/02/12.md
[09:27:29] Start geting global Bing Wallpaper, region=en-US, local time is 2025-02-12 04:27:29.874693-05:00
[09:27:29] Successful get url: https://www.bing.com/th?id=OHR.GalapagosIguana_EN-US6976814194_UHD.jpg
[09:27:29] Picture infomations saved to  global/en-US/README.md
[09:27:29] Picture infomations saved to global/en-US/history/2025/02/13_en-US.md
[09:27:29] Start geting global Bing Wallpaper, region=ja-JP, local time is 2025-02-12 18:27:29.969982+09:00
[09:27:30] Successful get url: https://www.bing.com/th?id=OHR.PolarBearSwim_JA-JP3305613182_UHD.jpg
[09:27:30] Picture infomations saved to  global/ja-JP/README.md
[09:27:30] Picture infomations saved to global/ja-JP/history/2025/02/12_ja-JP.md
[09:27:30] Start geting global Bing Wallpaper, region=en-IN, local time is 2025-02-12 14:57:30.086595+05:30
[09:27:30] Successful get url: https://www.bing.com/th?id=OHR.AshokaPillar_EN-IN9270643437_UHD.jpg
[09:27:30] Picture infomations saved to  global/en-IN/README.md
[09:27:30] Picture infomations saved to global/en-IN/history/2025/02/12_en-IN.md
[09:27:30] Start geting global Bing Wallpaper, region=pt-BR, local time is 2025-02-12 06:27:30.180692-03:00
[09:27:30] Successful get url: https://www.bing.com/th?id=OHR.GalapagosIguana_PT-BR2320828755_UHD.jpg
[09:27:30] Picture infomations saved to  global/pt-BR/README.md
[09:27:30] Picture infomations saved to global/pt-BR/history/2025/02/13_pt-BR.md
[09:27:30] Start geting global Bing Wallpaper, region=fr-FR, local time is 2025-02-12 10:27:30.292140+01:00
[09:27:30] Successful get url: https://www.bing.com/th?id=OHR.GalapagosIguana_FR-FR7185960680_UHD.jpg
[09:27:30] Picture infomations saved to  global/fr-FR/README.md
[09:27:30] Picture infomations saved to global/fr-FR/history/2025/02/12_fr-FR.md
[09:27:30] Start geting global Bing Wallpaper, region=de-DE, local time is 2025-02-12 10:27:30.390030+01:00
[09:27:30] Successful get url: https://www.bing.com/th?id=OHR.GalapagosIguana_DE-DE8148803350_UHD.jpg
[09:27:30] Picture infomations saved to  global/de-DE/README.md
[09:27:30] Picture infomations saved to global/de-DE/history/2025/02/12_de-DE.md
[09:27:30] Start geting global Bing Wallpaper, region=en-CA, local time is 2025-02-12 04:27:30.481304-05:00
[09:27:30] Successful get url: https://www.bing.com/th?id=OHR.GalapagosIguana_EN-CA9835077586_UHD.jpg
[09:27:30] Picture infomations saved to  global/en-CA/README.md
[09:27:30] Picture infomations saved to global/en-CA/history/2025/02/13_en-CA.md
[09:27:30] Start geting global Bing Wallpaper, region=en-GB, local time is 2025-02-12 09:27:30.571794+00:00
[09:27:30] Successful get url: https://www.bing.com/th?id=OHR.GalapagosIguana_EN-GB6309526875_UHD.jpg
[09:27:30] Picture infomations saved to  global/en-GB/README.md
[09:27:30] Picture infomations saved to global/en-GB/history/2025/02/13_en-GB.md
[09:27:30] Start geting global Bing Wallpaper, region=it-IT, local time is 2025-02-12 10:27:30.670779+01:00
[09:27:30] Successful get url: https://www.bing.com/th?id=OHR.GalapagosIguana_IT-IT5515786764_UHD.jpg
[09:27:30] Picture infomations saved to  global/it-IT/README.md
[09:27:30] Picture infomations saved to global/it-IT/history/2025/02/12_it-IT.md
[09:27:30] Start geting global Bing Wallpaper, region=es-ES, local time is 2025-02-12 10:27:30.780892+01:00
[09:27:30] Successful get url: https://www.bing.com/th?id=OHR.GalapagosIguana_ES-ES9781681264_UHD.jpg
[09:27:30] Picture infomations saved to  global/es-ES/README.md
[09:27:30] Picture infomations saved to global/es-ES/history/2025/02/12_es-ES.md
[09:27:30] Start geting global Bing Wallpaper, region=fr-CA, local time is 2025-02-12 04:27:30.877659-05:00
[09:27:30] Successful get url: https://www.bing.com/th?id=OHR.GalapagosIguana_FR-CA2196736682_UHD.jpg
[09:27:30] Picture infomations saved to  global/fr-CA/README.md
[09:27:30] Picture infomations saved to global/fr-CA/history/2025/02/13_fr-CA.md
Program exit at 09:27:30

Program started at 16:15:07
Operating System Name: Linux
Operating System Version: #25-Ubuntu SMP Wed Jan 15 20:45:09 UTC 2025
System Architecture: ('64bit', 'ELF')
Computer Type: x86_64
Computer Name: fv-az1944-819
Processor Type: x86_64
Python Version: 3.12.9
Python Interpreter Name: CPython
[16:15:07] Start geting CN Bing Wallpaper
[16:15:07] Successful get url: https://www.bing.com/th?id=OHR.LakeTyrrell_ZH-CN8860948292_UHD.jpg
[16:15:07] Image saved to img/background.jpg
[16:15:07] Info saved to README.md
[16:15:07] Image saved to history/2025/02/13.md
[16:15:07] Start geting global Bing Wallpaper, region=en-US, local time is 2025-02-12 11:15:07.642729-05:00
[16:15:07] Successful get url: https://www.bing.com/th?id=OHR.GalapagosIguana_EN-US6976814194_UHD.jpg
[16:15:07] Picture infomations saved to  global/en-US/README.md
[16:15:07] Picture infomations saved to global/en-US/history/2025/02/13_en-US.md
[16:15:07] Start geting global Bing Wallpaper, region=ja-JP, local time is 2025-02-13 01:15:07.790493+09:00
[16:15:07] Successful get url: https://www.bing.com/th?id=OHR.LakeTyrrell_JA-JP3510337163_UHD.jpg
[16:15:07] Picture infomations saved to  global/ja-JP/README.md
[16:15:07] Picture infomations saved to global/ja-JP/history/2025/02/13_ja-JP.md
[16:15:07] Start geting global Bing Wallpaper, region=en-IN, local time is 2025-02-12 21:45:07.919977+05:30
[16:15:07] Successful get url: https://www.bing.com/th?id=OHR.AshokaPillar_EN-IN9270643437_UHD.jpg
[16:15:08] Picture infomations saved to  global/en-IN/README.md
[16:15:08] Picture infomations saved to global/en-IN/history/2025/02/12_en-IN.md
[16:15:08] Start geting global Bing Wallpaper, region=pt-BR, local time is 2025-02-12 13:15:08.109692-03:00
[16:15:08] Successful get url: https://www.bing.com/th?id=OHR.GalapagosIguana_PT-BR2320828755_UHD.jpg
[16:15:08] Picture infomations saved to  global/pt-BR/README.md
[16:15:08] Picture infomations saved to global/pt-BR/history/2025/02/13_pt-BR.md
[16:15:08] Start geting global Bing Wallpaper, region=fr-FR, local time is 2025-02-12 17:15:08.222180+01:00
[16:15:08] Successful get url: https://www.bing.com/th?id=OHR.GalapagosIguana_FR-FR7185960680_UHD.jpg
[16:15:08] Picture infomations saved to  global/fr-FR/README.md
[16:15:08] Picture infomations saved to global/fr-FR/history/2025/02/12_fr-FR.md
[16:15:08] Start geting global Bing Wallpaper, region=de-DE, local time is 2025-02-12 17:15:08.358375+01:00
[16:15:08] Successful get url: https://www.bing.com/th?id=OHR.GalapagosIguana_DE-DE8148803350_UHD.jpg
[16:15:08] Picture infomations saved to  global/de-DE/README.md
[16:15:08] Picture infomations saved to global/de-DE/history/2025/02/12_de-DE.md
[16:15:08] Start geting global Bing Wallpaper, region=en-CA, local time is 2025-02-12 11:15:08.565064-05:00
[16:15:08] Successful get url: https://www.bing.com/th?id=OHR.GalapagosIguana_EN-CA9835077586_UHD.jpg
[16:15:08] Picture infomations saved to  global/en-CA/README.md
[16:15:08] Picture infomations saved to global/en-CA/history/2025/02/13_en-CA.md
[16:15:08] Start geting global Bing Wallpaper, region=en-GB, local time is 2025-02-12 16:15:08.771484+00:00
[16:15:08] Successful get url: https://www.bing.com/th?id=OHR.GalapagosIguana_EN-GB6309526875_UHD.jpg
[16:15:08] Picture infomations saved to  global/en-GB/README.md
[16:15:08] Picture infomations saved to global/en-GB/history/2025/02/13_en-GB.md
[16:15:08] Start geting global Bing Wallpaper, region=it-IT, local time is 2025-02-12 17:15:08.918250+01:00
[16:15:08] Successful get url: https://www.bing.com/th?id=OHR.GalapagosIguana_IT-IT5515786764_UHD.jpg
[16:15:09] Picture infomations saved to  global/it-IT/README.md
[16:15:09] Picture infomations saved to global/it-IT/history/2025/02/12_it-IT.md
[16:15:09] Start geting global Bing Wallpaper, region=es-ES, local time is 2025-02-12 17:15:09.070103+01:00
[16:15:09] Successful get url: https://www.bing.com/th?id=OHR.GalapagosIguana_ES-ES9781681264_UHD.jpg
[16:15:09] Picture infomations saved to  global/es-ES/README.md
[16:15:09] Picture infomations saved to global/es-ES/history/2025/02/12_es-ES.md
[16:15:09] Start geting global Bing Wallpaper, region=fr-CA, local time is 2025-02-12 11:15:09.228358-05:00
[16:15:09] Successful get url: https://www.bing.com/th?id=OHR.GalapagosIguana_FR-CA2196736682_UHD.jpg
[16:15:09] Picture infomations saved to  global/fr-CA/README.md
[16:15:09] Picture infomations saved to global/fr-CA/history/2025/02/13_fr-CA.md
Program exit at 16:15:09
