
Program started at 09:27:05
Operating System Name: Linux
Operating System Version: #25-Ubuntu SMP Wed Jan 15 20:45:09 UTC 2025
System Architecture: ('64bit', 'ELF')
Computer Type: x86_64
Computer Name: fv-az2020-376
Processor Type: x86_64
Python Version: 3.12.9
Python Interpreter Name: CPython
[09:27:05] Start geting CN Bing Wallpaper
[09:27:05] Successful get url: https://www.bing.com/th?id=OHR.MtFujiSunrise_ZH-CN0567499176_UHD.jpg
[09:27:05] Image saved to img/background.jpg
[09:27:05] Info saved to README.md
[09:27:05] Image saved to history/2025/02/23.md
[09:27:05] Start geting global Bing Wallpaper, region=en-US, local time is 2025-02-23 04:27:05.472901-05:00
[09:27:05] Successful get url: https://www.bing.com/th?id=OHR.MtFujiSunrise_EN-US2218385739_UHD.jpg
[09:27:05] Picture infomations saved to  global/en-US/README.md
[09:27:05] Picture infomations saved to global/en-US/history/2025/02/24_en-US.md
[09:27:05] Start geting global Bing Wallpaper, region=ja-JP, local time is 2025-02-23 18:27:05.571200+09:00
[09:27:05] Successful get url: https://www.bing.com/th?id=OHR.MtFujiSunrise_JA-JP0451320828_UHD.jpg
[09:27:05] Picture infomations saved to  global/ja-JP/README.md
[09:27:05] Picture infomations saved to global/ja-JP/history/2025/02/23_ja-JP.md
[09:27:05] Start geting global Bing Wallpaper, region=en-IN, local time is 2025-02-23 14:57:05.705059+05:30
[09:27:05] Successful get url: https://www.bing.com/th?id=OHR.MtFujiSunrise_EN-IN8980088662_UHD.jpg
[09:27:05] Picture infomations saved to  global/en-IN/README.md
[09:27:05] Picture infomations saved to global/en-IN/history/2025/02/23_en-IN.md
[09:27:05] Start geting global Bing Wallpaper, region=pt-BR, local time is 2025-02-23 06:27:05.806731-03:00
[09:27:05] Successful get url: https://www.bing.com/th?id=OHR.MtFujiSunrise_PT-BR7467420125_UHD.jpg
[09:27:05] Picture infomations saved to  global/pt-BR/README.md
[09:27:05] Picture infomations saved to global/pt-BR/history/2025/02/24_pt-BR.md
[09:27:05] Start geting global Bing Wallpaper, region=fr-FR, local time is 2025-02-23 10:27:05.936812+01:00
[09:27:05] Successful get url: https://www.bing.com/th?id=OHR.MtFujiSunrise_FR-FR3629705815_UHD.jpg
[09:27:06] Picture infomations saved to  global/fr-FR/README.md
[09:27:06] Picture infomations saved to global/fr-FR/history/2025/02/23_fr-FR.md
[09:27:06] Start geting global Bing Wallpaper, region=de-DE, local time is 2025-02-23 10:27:06.026448+01:00
[09:27:06] Successful get url: https://www.bing.com/th?id=OHR.MtFujiSunrise_DE-DE8213371470_UHD.jpg
[09:27:06] Picture infomations saved to  global/de-DE/README.md
[09:27:06] Picture infomations saved to global/de-DE/history/2025/02/23_de-DE.md
[09:27:06] Start geting global Bing Wallpaper, region=en-CA, local time is 2025-02-23 04:27:06.116719-05:00
[09:27:06] Successful get url: https://www.bing.com/th?id=OHR.MtFujiSunrise_EN-CA7120845966_UHD.jpg
[09:27:06] Picture infomations saved to  global/en-CA/README.md
[09:27:06] Picture infomations saved to global/en-CA/history/2025/02/24_en-CA.md
[09:27:06] Start geting global Bing Wallpaper, region=en-GB, local time is 2025-02-23 09:27:06.217099+00:00
[09:27:06] Successful get url: https://www.bing.com/th?id=OHR.MtFujiSunrise_EN-GB0934318884_UHD.jpg
[09:27:06] Picture infomations saved to  global/en-GB/README.md
[09:27:06] Picture infomations saved to global/en-GB/history/2025/02/24_en-GB.md
[09:27:06] Start geting global Bing Wallpaper, region=it-IT, local time is 2025-02-23 10:27:06.315337+01:00
[09:27:06] Successful get url: https://www.bing.com/th?id=OHR.MtFujiSunrise_IT-IT9440772477_UHD.jpg
[09:27:06] Picture infomations saved to  global/it-IT/README.md
[09:27:06] Picture infomations saved to global/it-IT/history/2025/02/23_it-IT.md
[09:27:06] Start geting global Bing Wallpaper, region=es-ES, local time is 2025-02-23 10:27:06.485749+01:00
[09:27:06] Successful get url: https://www.bing.com/th?id=OHR.MtFujiSunrise_ES-ES5111934664_UHD.jpg
[09:27:06] Picture infomations saved to  global/es-ES/README.md
[09:27:06] Picture infomations saved to global/es-ES/history/2025/02/23_es-ES.md
[09:27:06] Start geting global Bing Wallpaper, region=fr-CA, local time is 2025-02-23 04:27:06.588863-05:00
[09:27:06] Successful get url: https://www.bing.com/th?id=OHR.MtFujiSunrise_FR-CA7965780124_UHD.jpg
[09:27:06] Picture infomations saved to  global/fr-CA/README.md
[09:27:06] Picture infomations saved to global/fr-CA/history/2025/02/24_fr-CA.md
Program exit at 09:27:06

Program started at 16:12:41
Operating System Name: Linux
Operating System Version: #25-Ubuntu SMP Wed Jan 15 20:45:09 UTC 2025
System Architecture: ('64bit', 'ELF')
Computer Type: x86_64
Computer Name: fv-az1110-26
Processor Type: x86_64
Python Version: 3.12.9
Python Interpreter Name: CPython
[16:12:41] Start geting CN Bing Wallpaper
[16:12:41] Successful get url: https://www.bing.com/th?id=OHR.GiantCuttlefish_ZH-CN0670915878_UHD.jpg
[16:12:41] Image saved to img/background.jpg
[16:12:41] Info saved to README.md
[16:12:41] Image saved to history/2025/02/24.md
[16:12:41] Start geting global Bing Wallpaper, region=en-US, local time is 2025-02-23 11:12:41.850910-05:00
[16:12:41] Successful get url: https://www.bing.com/th?id=OHR.MtFujiSunrise_EN-US2218385739_UHD.jpg
[16:12:41] Picture infomations saved to  global/en-US/README.md
[16:12:41] Picture infomations saved to global/en-US/history/2025/02/24_en-US.md
[16:12:41] Start geting global Bing Wallpaper, region=ja-JP, local time is 2025-02-24 01:12:41.990237+09:00
[16:12:42] Successful get url: https://www.bing.com/th?id=OHR.RibbleheadViaduct_JA-JP0769503543_UHD.jpg
[16:12:42] Picture infomations saved to  global/ja-JP/README.md
[16:12:42] Picture infomations saved to global/ja-JP/history/2025/02/24_ja-JP.md
[16:12:42] Start geting global Bing Wallpaper, region=en-IN, local time is 2025-02-23 21:42:42.197218+05:30
[16:12:42] Successful get url: https://www.bing.com/th?id=OHR.MtFujiSunrise_EN-IN8980088662_UHD.jpg
[16:12:42] Picture infomations saved to  global/en-IN/README.md
[16:12:42] Picture infomations saved to global/en-IN/history/2025/02/23_en-IN.md
[16:12:42] Start geting global Bing Wallpaper, region=pt-BR, local time is 2025-02-23 13:12:42.300823-03:00
[16:12:42] Successful get url: https://www.bing.com/th?id=OHR.MtFujiSunrise_PT-BR7467420125_UHD.jpg
[16:12:42] Picture infomations saved to  global/pt-BR/README.md
[16:12:42] Picture infomations saved to global/pt-BR/history/2025/02/24_pt-BR.md
[16:12:42] Start geting global Bing Wallpaper, region=fr-FR, local time is 2025-02-23 17:12:42.411568+01:00
[16:12:42] Successful get url: https://www.bing.com/th?id=OHR.MtFujiSunrise_FR-FR3629705815_UHD.jpg
[16:12:42] Picture infomations saved to  global/fr-FR/README.md
[16:12:42] Picture infomations saved to global/fr-FR/history/2025/02/23_fr-FR.md
[16:12:42] Start geting global Bing Wallpaper, region=de-DE, local time is 2025-02-23 17:12:42.529931+01:00
[16:12:42] Successful get url: https://www.bing.com/th?id=OHR.MtFujiSunrise_DE-DE8213371470_UHD.jpg
[16:12:42] Picture infomations saved to  global/de-DE/README.md
[16:12:42] Picture infomations saved to global/de-DE/history/2025/02/23_de-DE.md
[16:12:42] Start geting global Bing Wallpaper, region=en-CA, local time is 2025-02-23 11:12:42.638585-05:00
[16:12:42] Successful get url: https://www.bing.com/th?id=OHR.MtFujiSunrise_EN-CA7120845966_UHD.jpg
[16:12:42] Picture infomations saved to  global/en-CA/README.md
[16:12:42] Picture infomations saved to global/en-CA/history/2025/02/24_en-CA.md
[16:12:42] Start geting global Bing Wallpaper, region=en-GB, local time is 2025-02-23 16:12:42.769197+00:00
[16:12:42] Successful get url: https://www.bing.com/th?id=OHR.MtFujiSunrise_EN-GB0934318884_UHD.jpg
[16:12:42] Picture infomations saved to  global/en-GB/README.md
[16:12:42] Picture infomations saved to global/en-GB/history/2025/02/24_en-GB.md
[16:12:42] Start geting global Bing Wallpaper, region=it-IT, local time is 2025-02-23 17:12:42.876872+01:00
[16:12:42] Successful get url: https://www.bing.com/th?id=OHR.MtFujiSunrise_IT-IT9440772477_UHD.jpg
[16:12:42] Picture infomations saved to  global/it-IT/README.md
[16:12:42] Picture infomations saved to global/it-IT/history/2025/02/23_it-IT.md
[16:12:42] Start geting global Bing Wallpaper, region=es-ES, local time is 2025-02-23 17:12:42.985197+01:00
[16:12:43] Successful get url: https://www.bing.com/th?id=OHR.MtFujiSunrise_ES-ES5111934664_UHD.jpg
[16:12:43] Picture infomations saved to  global/es-ES/README.md
[16:12:43] Picture infomations saved to global/es-ES/history/2025/02/23_es-ES.md
[16:12:43] Start geting global Bing Wallpaper, region=fr-CA, local time is 2025-02-23 11:12:43.095298-05:00
[16:12:43] Successful get url: https://www.bing.com/th?id=OHR.MtFujiSunrise_FR-CA7965780124_UHD.jpg
[16:12:43] Picture infomations saved to  global/fr-CA/README.md
[16:12:43] Picture infomations saved to global/fr-CA/history/2025/02/24_fr-CA.md
Program exit at 16:12:43
