
Program started at 09:24:18
Operating System Name: Linux
Operating System Version: #25-Ubuntu SMP Wed Jan 15 20:45:09 UTC 2025
System Architecture: ('64bit', 'ELF')
Computer Type: x86_64
Computer Name: fv-az1674-594
Processor Type: x86_64
Python Version: 3.12.9
Python Interpreter Name: CPython
[09:24:18] Start geting CN Bing Wallpaper
[09:24:18] Successful get url: https://www.bing.com/th?id=OHR.HumpbackMother_ZH-CN9453300759_UHD.jpg
[09:24:19] Image saved to img/background.jpg
[09:24:19] Info saved to README.md
[09:24:19] Image saved to history/2025/02/16.md
[09:24:19] Start geting global Bing Wallpaper, region=en-US, local time is 2025-02-16 04:24:19.223760-05:00
[09:24:19] Successful get url: https://www.bing.com/th?id=OHR.HumpbackMother_EN-US8033380725_UHD.jpg
[09:24:19] Picture infomations saved to  global/en-US/README.md
[09:24:19] Picture infomations saved to global/en-US/history/2025/02/17_en-US.md
[09:24:19] Start geting global Bing Wallpaper, region=ja-JP, local time is 2025-02-16 18:24:19.341355+09:00
[09:24:19] Successful get url: https://www.bing.com/th?id=OHR.HumpbackMother_JA-JP4098515390_UHD.jpg
[09:24:19] Picture infomations saved to  global/ja-JP/README.md
[09:24:19] Picture infomations saved to global/ja-JP/history/2025/02/16_ja-JP.md
[09:24:19] Start geting global Bing Wallpaper, region=en-IN, local time is 2025-02-16 14:54:19.451887+05:30
[09:24:19] Successful get url: https://www.bing.com/th?id=OHR.HumpbackMother_EN-IN0304994084_UHD.jpg
[09:24:19] Picture infomations saved to  global/en-IN/README.md
[09:24:19] Picture infomations saved to global/en-IN/history/2025/02/16_en-IN.md
[09:24:19] Start geting global Bing Wallpaper, region=pt-BR, local time is 2025-02-16 06:24:19.592049-03:00
[09:24:19] Successful get url: https://www.bing.com/th?id=OHR.HumpbackMother_PT-BR8222764895_UHD.jpg
[09:24:19] Picture infomations saved to  global/pt-BR/README.md
[09:24:19] Picture infomations saved to global/pt-BR/history/2025/02/17_pt-BR.md
[09:24:19] Start geting global Bing Wallpaper, region=fr-FR, local time is 2025-02-16 10:24:19.707792+01:00
[09:24:19] Successful get url: https://www.bing.com/th?id=OHR.HumpbackMother_FR-FR6742238424_UHD.jpg
[09:24:19] Picture infomations saved to  global/fr-FR/README.md
[09:24:19] Picture infomations saved to global/fr-FR/history/2025/02/16_fr-FR.md
[09:24:19] Start geting global Bing Wallpaper, region=de-DE, local time is 2025-02-16 10:24:19.826383+01:00
[09:24:19] Successful get url: https://www.bing.com/th?id=OHR.HumpbackMother_DE-DE2752468261_UHD.jpg
[09:24:19] Picture infomations saved to  global/de-DE/README.md
[09:24:19] Picture infomations saved to global/de-DE/history/2025/02/16_de-DE.md
[09:24:19] Start geting global Bing Wallpaper, region=en-CA, local time is 2025-02-16 04:24:19.963033-05:00
[09:24:20] Successful get url: https://www.bing.com/th?id=OHR.HumpbackMother_EN-CA1768570796_UHD.jpg
[09:24:20] Picture infomations saved to  global/en-CA/README.md
[09:24:20] Picture infomations saved to global/en-CA/history/2025/02/17_en-CA.md
[09:24:20] Start geting global Bing Wallpaper, region=en-GB, local time is 2025-02-16 09:24:20.074554+00:00
[09:24:20] Successful get url: https://www.bing.com/th?id=OHR.HumpbackMother_EN-GB6474861873_UHD.jpg
[09:24:20] Picture infomations saved to  global/en-GB/README.md
[09:24:20] Picture infomations saved to global/en-GB/history/2025/02/17_en-GB.md
[09:24:20] Start geting global Bing Wallpaper, region=it-IT, local time is 2025-02-16 10:24:20.179372+01:00
[09:24:20] Successful get url: https://www.bing.com/th?id=OHR.HumpbackMother_IT-IT2396976116_UHD.jpg
[09:24:20] Picture infomations saved to  global/it-IT/README.md
[09:24:20] Picture infomations saved to global/it-IT/history/2025/02/16_it-IT.md
[09:24:20] Start geting global Bing Wallpaper, region=es-ES, local time is 2025-02-16 10:24:20.283490+01:00
[09:24:20] Successful get url: https://www.bing.com/th?id=OHR.HumpbackMother_ES-ES0131114853_UHD.jpg
[09:24:20] Picture infomations saved to  global/es-ES/README.md
[09:24:20] Picture infomations saved to global/es-ES/history/2025/02/16_es-ES.md
[09:24:20] Start geting global Bing Wallpaper, region=fr-CA, local time is 2025-02-16 04:24:20.389818-05:00
[09:24:20] Successful get url: https://www.bing.com/th?id=OHR.HumpbackMother_FR-CA7899995357_UHD.jpg
[09:24:20] Picture infomations saved to  global/fr-CA/README.md
[09:24:20] Picture infomations saved to global/fr-CA/history/2025/02/17_fr-CA.md
Program exit at 09:24:20

Program started at 16:12:46
Operating System Name: Linux
Operating System Version: #25-Ubuntu SMP Wed Jan 15 20:45:09 UTC 2025
System Architecture: ('64bit', 'ELF')
Computer Type: x86_64
Computer Name: fv-az1279-25
Processor Type: x86_64
Python Version: 3.12.9
Python Interpreter Name: CPython
[16:12:46] Start geting CN Bing Wallpaper
[16:12:46] Successful get url: https://www.bing.com/th?id=OHR.CatalanPyrenees_ZH-CN9699602584_UHD.jpg
[16:12:46] Image saved to img/background.jpg
[16:12:46] Info saved to README.md
[16:12:46] Image saved to history/2025/02/17.md
[16:12:46] Start geting global Bing Wallpaper, region=en-US, local time is 2025-02-16 11:12:46.789447-05:00
[16:12:46] Successful get url: https://www.bing.com/th?id=OHR.HumpbackMother_EN-US8033380725_UHD.jpg
[16:12:47] Picture infomations saved to  global/en-US/README.md
[16:12:47] Picture infomations saved to global/en-US/history/2025/02/17_en-US.md
[16:12:47] Start geting global Bing Wallpaper, region=ja-JP, local time is 2025-02-17 01:12:47.147334+09:00
[16:12:47] Successful get url: https://www.bing.com/th?id=OHR.YungangGrottoes_JA-JP4266553262_UHD.jpg
[16:12:47] Picture infomations saved to  global/ja-JP/README.md
[16:12:47] Picture infomations saved to global/ja-JP/history/2025/02/17_ja-JP.md
[16:12:47] Start geting global Bing Wallpaper, region=en-IN, local time is 2025-02-16 21:42:47.438232+05:30
[16:12:47] Successful get url: https://www.bing.com/th?id=OHR.HumpbackMother_EN-IN0304994084_UHD.jpg
[16:12:47] Picture infomations saved to  global/en-IN/README.md
[16:12:47] Picture infomations saved to global/en-IN/history/2025/02/16_en-IN.md
[16:12:47] Start geting global Bing Wallpaper, region=pt-BR, local time is 2025-02-16 13:12:47.926198-03:00
[16:12:48] Successful get url: https://www.bing.com/th?id=OHR.HumpbackMother_PT-BR8222764895_UHD.jpg
[16:12:48] Picture infomations saved to  global/pt-BR/README.md
[16:12:48] Picture infomations saved to global/pt-BR/history/2025/02/17_pt-BR.md
[16:12:48] Start geting global Bing Wallpaper, region=fr-FR, local time is 2025-02-16 17:12:48.456862+01:00
[16:12:48] Successful get url: https://www.bing.com/th?id=OHR.HumpbackMother_FR-FR6742238424_UHD.jpg
[16:12:48] Picture infomations saved to  global/fr-FR/README.md
[16:12:48] Picture infomations saved to global/fr-FR/history/2025/02/16_fr-FR.md
[16:12:48] Start geting global Bing Wallpaper, region=de-DE, local time is 2025-02-16 17:12:48.723829+01:00
[16:12:48] Successful get url: https://www.bing.com/th?id=OHR.HumpbackMother_DE-DE2752468261_UHD.jpg
[16:12:49] Picture infomations saved to  global/de-DE/README.md
[16:12:49] Picture infomations saved to global/de-DE/history/2025/02/16_de-DE.md
[16:12:49] Start geting global Bing Wallpaper, region=en-CA, local time is 2025-02-16 11:12:49.889491-05:00
[16:12:49] Successful get url: https://www.bing.com/th?id=OHR.HumpbackMother_EN-CA1768570796_UHD.jpg
[16:12:50] Picture infomations saved to  global/en-CA/README.md
[16:12:50] Picture infomations saved to global/en-CA/history/2025/02/17_en-CA.md
[16:12:50] Start geting global Bing Wallpaper, region=en-GB, local time is 2025-02-16 16:12:50.388056+00:00
[16:12:50] Successful get url: https://www.bing.com/th?id=OHR.HumpbackMother_EN-GB6474861873_UHD.jpg
[16:12:50] Picture infomations saved to  global/en-GB/README.md
[16:12:50] Picture infomations saved to global/en-GB/history/2025/02/17_en-GB.md
[16:12:50] Start geting global Bing Wallpaper, region=it-IT, local time is 2025-02-16 17:12:50.686632+01:00
[16:12:50] Successful get url: https://www.bing.com/th?id=OHR.HumpbackMother_IT-IT2396976116_UHD.jpg
[16:12:50] Picture infomations saved to  global/it-IT/README.md
[16:12:50] Picture infomations saved to global/it-IT/history/2025/02/16_it-IT.md
[16:12:50] Start geting global Bing Wallpaper, region=es-ES, local time is 2025-02-16 17:12:50.972753+01:00
[16:12:51] Successful get url: https://www.bing.com/th?id=OHR.HumpbackMother_ES-ES0131114853_UHD.jpg
[16:12:51] Picture infomations saved to  global/es-ES/README.md
[16:12:51] Picture infomations saved to global/es-ES/history/2025/02/16_es-ES.md
[16:12:51] Start geting global Bing Wallpaper, region=fr-CA, local time is 2025-02-16 11:12:51.254299-05:00
[16:12:51] Successful get url: https://www.bing.com/th?id=OHR.HumpbackMother_FR-CA7899995357_UHD.jpg
[16:12:51] Picture infomations saved to  global/fr-CA/README.md
[16:12:51] Picture infomations saved to global/fr-CA/history/2025/02/17_fr-CA.md
Program exit at 16:12:51
