
Program started at 09:29:08
Operating System Name: Linux
Operating System Version: #25-Ubuntu SMP Wed Jan 15 20:45:09 UTC 2025
System Architecture: ('64bit', 'ELF')
Computer Type: x86_64
Computer Name: fv-az1911-722
Processor Type: x86_64
Python Version: 3.12.9
Python Interpreter Name: CPython
[09:29:08] Start geting CN Bing Wallpaper
[09:29:08] Successful get url: https://www.bing.com/th?id=OHR.GiantCuttlefish_ZH-CN0670915878_UHD.jpg
[09:29:08] Image saved to img/background.jpg
[09:29:08] Info saved to README.md
[09:29:08] Image saved to history/2025/02/24.md
[09:29:08] Start geting global Bing Wallpaper, region=en-US, local time is 2025-02-24 04:29:08.579433-05:00
[09:29:08] Successful get url: https://www.bing.com/th?id=OHR.GiantCuttlefish_EN-US2276053377_UHD.jpg
[09:29:08] Picture infomations saved to  global/en-US/README.md
[09:29:08] Picture infomations saved to global/en-US/history/2025/02/25_en-US.md
[09:29:08] Start geting global Bing Wallpaper, region=ja-JP, local time is 2025-02-24 18:29:08.732545+09:00
[09:29:08] Successful get url: https://www.bing.com/th?id=OHR.RibbleheadViaduct_JA-JP0769503543_UHD.jpg
[09:29:08] Picture infomations saved to  global/ja-JP/README.md
[09:29:08] Picture infomations saved to global/ja-JP/history/2025/02/24_ja-JP.md
[09:29:08] Start geting global Bing Wallpaper, region=en-IN, local time is 2025-02-24 14:59:08.908018+05:30
[09:29:08] Successful get url: https://www.bing.com/th?id=OHR.GiantCuttlefish_EN-IN9002970798_UHD.jpg
[09:29:09] Picture infomations saved to  global/en-IN/README.md
[09:29:09] Picture infomations saved to global/en-IN/history/2025/02/24_en-IN.md
[09:29:09] Start geting global Bing Wallpaper, region=pt-BR, local time is 2025-02-24 06:29:09.087065-03:00
[09:29:09] Successful get url: https://www.bing.com/th?id=OHR.GiantCuttlefish_PT-BR7956763969_UHD.jpg
[09:29:09] Picture infomations saved to  global/pt-BR/README.md
[09:29:09] Picture infomations saved to global/pt-BR/history/2025/02/25_pt-BR.md
[09:29:09] Start geting global Bing Wallpaper, region=fr-FR, local time is 2025-02-24 10:29:09.259313+01:00
[09:29:09] Successful get url: https://www.bing.com/th?id=OHR.GiantCuttlefish_FR-FR8590035625_UHD.jpg
[09:29:09] Picture infomations saved to  global/fr-FR/README.md
[09:29:09] Picture infomations saved to global/fr-FR/history/2025/02/24_fr-FR.md
[09:29:09] Start geting global Bing Wallpaper, region=de-DE, local time is 2025-02-24 10:29:09.421469+01:00
[09:29:09] Successful get url: https://www.bing.com/th?id=OHR.GiantCuttlefish_DE-DE6436813426_UHD.jpg
[09:29:09] Picture infomations saved to  global/de-DE/README.md
[09:29:09] Picture infomations saved to global/de-DE/history/2025/02/24_de-DE.md
[09:29:09] Start geting global Bing Wallpaper, region=en-CA, local time is 2025-02-24 04:29:09.577977-05:00
[09:29:09] Successful get url: https://www.bing.com/th?id=OHR.GiantCuttlefish_EN-CA7282936990_UHD.jpg
[09:29:09] Picture infomations saved to  global/en-CA/README.md
[09:29:09] Picture infomations saved to global/en-CA/history/2025/02/25_en-CA.md
[09:29:09] Start geting global Bing Wallpaper, region=en-GB, local time is 2025-02-24 09:29:09.706239+00:00
[09:29:09] Successful get url: https://www.bing.com/th?id=OHR.GiantCuttlefish_EN-GB1252194719_UHD.jpg
[09:29:09] Picture infomations saved to  global/en-GB/README.md
[09:29:09] Picture infomations saved to global/en-GB/history/2025/02/25_en-GB.md
[09:29:09] Start geting global Bing Wallpaper, region=it-IT, local time is 2025-02-24 10:29:09.838809+01:00
[09:29:09] Successful get url: https://www.bing.com/th?id=OHR.BryceHoodoos_IT-IT9552861475_UHD.jpg
[09:29:09] Picture infomations saved to  global/it-IT/README.md
[09:29:09] Picture infomations saved to global/it-IT/history/2025/02/24_it-IT.md
[09:29:09] Start geting global Bing Wallpaper, region=es-ES, local time is 2025-02-24 10:29:09.993287+01:00
[09:29:10] Successful get url: https://www.bing.com/th?id=OHR.GiantCuttlefish_ES-ES5593543587_UHD.jpg
[09:29:10] Picture infomations saved to  global/es-ES/README.md
[09:29:10] Picture infomations saved to global/es-ES/history/2025/02/24_es-ES.md
[09:29:10] Start geting global Bing Wallpaper, region=fr-CA, local time is 2025-02-24 04:29:10.122955-05:00
[09:29:10] Successful get url: https://www.bing.com/th?id=OHR.GiantCuttlefish_FR-CA8314855616_UHD.jpg
[09:29:10] Picture infomations saved to  global/fr-CA/README.md
[09:29:10] Picture infomations saved to global/fr-CA/history/2025/02/25_fr-CA.md
Program exit at 09:29:10
