
Program started at 09:27:53
Operating System Name: Linux
Operating System Version: #25-Ubuntu SMP Wed Jan 15 20:45:09 UTC 2025
System Architecture: ('64bit', 'ELF')
Computer Type: x86_64
Computer Name: fv-az1782-479
Processor Type: x86_64
Python Version: 3.12.9
Python Interpreter Name: CPython
[09:27:53] Start geting CN Bing Wallpaper
[09:27:53] Successful get url: https://www.bing.com/th?id=OHR.LakeTyrrell_ZH-CN8860948292_UHD.jpg
[09:27:53] Image saved to img/background.jpg
[09:27:53] Info saved to README.md
[09:27:53] Image saved to history/2025/02/13.md
[09:27:53] Start geting global Bing Wallpaper, region=en-US, local time is 2025-02-13 04:27:53.912012-05:00
[09:27:54] Successful get url: https://www.bing.com/th?id=OHR.LakeTyrrell_EN-US7326346900_UHD.jpg
[09:27:54] Picture infomations saved to  global/en-US/README.md
[09:27:54] Picture infomations saved to global/en-US/history/2025/02/14_en-US.md
[09:27:54] Start geting global Bing Wallpaper, region=ja-JP, local time is 2025-02-13 18:27:54.048338+09:00
[09:27:54] Successful get url: https://www.bing.com/th?id=OHR.LakeTyrrell_JA-JP3510337163_UHD.jpg
[09:27:54] Picture infomations saved to  global/ja-JP/README.md
[09:27:54] Picture infomations saved to global/ja-JP/history/2025/02/13_ja-JP.md
[09:27:54] Start geting global Bing Wallpaper, region=en-IN, local time is 2025-02-13 14:57:54.215546+05:30
[09:27:54] Successful get url: https://www.bing.com/th?id=OHR.LakeTyrrell_EN-IN9416375408_UHD.jpg
[09:27:54] Picture infomations saved to  global/en-IN/README.md
[09:27:54] Picture infomations saved to global/en-IN/history/2025/02/13_en-IN.md
[09:27:54] Start geting global Bing Wallpaper, region=pt-BR, local time is 2025-02-13 06:27:54.394612-03:00
[09:27:54] Successful get url: https://www.bing.com/th?id=OHR.LakeTyrrell_PT-BR2696993841_UHD.jpg
[09:27:54] Picture infomations saved to  global/pt-BR/README.md
[09:27:54] Picture infomations saved to global/pt-BR/history/2025/02/14_pt-BR.md
[09:27:54] Start geting global Bing Wallpaper, region=fr-FR, local time is 2025-02-13 10:27:54.541089+01:00
[09:27:54] Successful get url: https://www.bing.com/th?id=OHR.LakeTyrrell_FR-FR7385244492_UHD.jpg
[09:27:54] Picture infomations saved to  global/fr-FR/README.md
[09:27:54] Picture infomations saved to global/fr-FR/history/2025/02/13_fr-FR.md
[09:27:54] Start geting global Bing Wallpaper, region=de-DE, local time is 2025-02-13 10:27:54.698018+01:00
[09:27:54] Successful get url: https://www.bing.com/th?id=OHR.BerlinKinoZooPalast_DE-DE5942620149_UHD.jpg
[09:27:54] Picture infomations saved to  global/de-DE/README.md
[09:27:54] Picture infomations saved to global/de-DE/history/2025/02/13_de-DE.md
[09:27:54] Start geting global Bing Wallpaper, region=en-CA, local time is 2025-02-13 04:27:54.842432-05:00
[09:27:54] Successful get url: https://www.bing.com/th?id=OHR.LakeTyrrell_EN-CA0250620442_UHD.jpg
[09:27:55] Picture infomations saved to  global/en-CA/README.md
[09:27:55] Picture infomations saved to global/en-CA/history/2025/02/14_en-CA.md
[09:27:55] Start geting global Bing Wallpaper, region=en-GB, local time is 2025-02-13 09:27:55.025298+00:00
[09:27:55] Successful get url: https://www.bing.com/th?id=OHR.LakeTyrrell_EN-GB6332157230_UHD.jpg
[09:27:55] Picture infomations saved to  global/en-GB/README.md
[09:27:55] Picture infomations saved to global/en-GB/history/2025/02/14_en-GB.md
[09:27:55] Start geting global Bing Wallpaper, region=it-IT, local time is 2025-02-13 10:27:55.179986+01:00
[09:27:55] Successful get url: https://www.bing.com/th?id=OHR.LakeTyrrell_IT-IT6174481161_UHD.jpg
[09:27:55] Picture infomations saved to  global/it-IT/README.md
[09:27:55] Picture infomations saved to global/it-IT/history/2025/02/13_it-IT.md
[09:27:55] Start geting global Bing Wallpaper, region=es-ES, local time is 2025-02-13 10:27:55.329506+01:00
[09:27:55] Successful get url: https://www.bing.com/th?id=OHR.LakeTyrrell_ES-ES9869603940_UHD.jpg
[09:27:55] Picture infomations saved to  global/es-ES/README.md
[09:27:55] Picture infomations saved to global/es-ES/history/2025/02/13_es-ES.md
[09:27:55] Start geting global Bing Wallpaper, region=fr-CA, local time is 2025-02-13 04:27:55.488798-05:00
[09:27:55] Successful get url: https://www.bing.com/th?id=OHR.LakeTyrrell_FR-CA2558878475_UHD.jpg
[09:27:55] Picture infomations saved to  global/fr-CA/README.md
[09:27:55] Picture infomations saved to global/fr-CA/history/2025/02/14_fr-CA.md
Program exit at 09:27:55

Program started at 16:15:31
Operating System Name: Linux
Operating System Version: #25-Ubuntu SMP Wed Jan 15 20:45:09 UTC 2025
System Architecture: ('64bit', 'ELF')
Computer Type: x86_64
Computer Name: fv-az1316-159
Processor Type: x86_64
Python Version: 3.12.9
Python Interpreter Name: CPython
[16:15:31] Start geting CN Bing Wallpaper
[16:15:31] Successful get url: https://www.bing.com/th?id=OHR.PenguinLove_ZH-CN9124008164_UHD.jpg
[16:15:31] Image saved to img/background.jpg
[16:15:31] Info saved to README.md
[16:15:31] Image saved to history/2025/02/14.md
[16:15:31] Start geting global Bing Wallpaper, region=en-US, local time is 2025-02-13 11:15:31.454062-05:00
[16:15:31] Successful get url: https://www.bing.com/th?id=OHR.LakeTyrrell_EN-US7326346900_UHD.jpg
[16:15:31] Picture infomations saved to  global/en-US/README.md
[16:15:31] Picture infomations saved to global/en-US/history/2025/02/14_en-US.md
[16:15:31] Start geting global Bing Wallpaper, region=ja-JP, local time is 2025-02-14 01:15:31.653659+09:00
[16:15:31] Successful get url: https://www.bing.com/th?id=OHR.PenguinLove_JA-JP3730970592_UHD.jpg
[16:15:31] Picture infomations saved to  global/ja-JP/README.md
[16:15:31] Picture infomations saved to global/ja-JP/history/2025/02/14_ja-JP.md
[16:15:31] Start geting global Bing Wallpaper, region=en-IN, local time is 2025-02-13 21:45:31.837886+05:30
[16:15:31] Successful get url: https://www.bing.com/th?id=OHR.LakeTyrrell_EN-IN9416375408_UHD.jpg
[16:15:32] Picture infomations saved to  global/en-IN/README.md
[16:15:32] Picture infomations saved to global/en-IN/history/2025/02/13_en-IN.md
[16:15:32] Start geting global Bing Wallpaper, region=pt-BR, local time is 2025-02-13 13:15:32.001056-03:00
[16:15:32] Successful get url: https://www.bing.com/th?id=OHR.LakeTyrrell_PT-BR2696993841_UHD.jpg
[16:15:32] Picture infomations saved to  global/pt-BR/README.md
[16:15:32] Picture infomations saved to global/pt-BR/history/2025/02/14_pt-BR.md
[16:15:32] Start geting global Bing Wallpaper, region=fr-FR, local time is 2025-02-13 17:15:32.169831+01:00
[16:15:32] Successful get url: https://www.bing.com/th?id=OHR.LakeTyrrell_FR-FR7385244492_UHD.jpg
[16:15:32] Picture infomations saved to  global/fr-FR/README.md
[16:15:32] Picture infomations saved to global/fr-FR/history/2025/02/13_fr-FR.md
[16:15:32] Start geting global Bing Wallpaper, region=de-DE, local time is 2025-02-13 17:15:32.314527+01:00
[16:15:32] Successful get url: https://www.bing.com/th?id=OHR.BerlinKinoZooPalast_DE-DE5942620149_UHD.jpg
[16:15:32] Picture infomations saved to  global/de-DE/README.md
[16:15:32] Picture infomations saved to global/de-DE/history/2025/02/13_de-DE.md
[16:15:32] Start geting global Bing Wallpaper, region=en-CA, local time is 2025-02-13 11:15:32.461361-05:00
[16:15:32] Successful get url: https://www.bing.com/th?id=OHR.LakeTyrrell_EN-CA0250620442_UHD.jpg
[16:15:32] Picture infomations saved to  global/en-CA/README.md
[16:15:32] Picture infomations saved to global/en-CA/history/2025/02/14_en-CA.md
[16:15:32] Start geting global Bing Wallpaper, region=en-GB, local time is 2025-02-13 16:15:32.609846+00:00
[16:15:32] Successful get url: https://www.bing.com/th?id=OHR.LakeTyrrell_EN-GB6332157230_UHD.jpg
[16:15:32] Picture infomations saved to  global/en-GB/README.md
[16:15:32] Picture infomations saved to global/en-GB/history/2025/02/14_en-GB.md
[16:15:32] Start geting global Bing Wallpaper, region=it-IT, local time is 2025-02-13 17:15:32.758493+01:00
[16:15:32] Successful get url: https://www.bing.com/th?id=OHR.LakeTyrrell_IT-IT6174481161_UHD.jpg
[16:15:32] Picture infomations saved to  global/it-IT/README.md
[16:15:32] Picture infomations saved to global/it-IT/history/2025/02/13_it-IT.md
[16:15:32] Start geting global Bing Wallpaper, region=es-ES, local time is 2025-02-13 17:15:32.957983+01:00
[16:15:33] Successful get url: https://www.bing.com/th?id=OHR.LakeTyrrell_ES-ES9869603940_UHD.jpg
[16:15:33] Picture infomations saved to  global/es-ES/README.md
[16:15:33] Picture infomations saved to global/es-ES/history/2025/02/13_es-ES.md
[16:15:33] Start geting global Bing Wallpaper, region=fr-CA, local time is 2025-02-13 11:15:33.079253-05:00
[16:15:33] Successful get url: https://www.bing.com/th?id=OHR.LakeTyrrell_FR-CA2558878475_UHD.jpg
[16:15:33] Picture infomations saved to  global/fr-CA/README.md
[16:15:33] Picture infomations saved to global/fr-CA/history/2025/02/14_fr-CA.md
Program exit at 16:15:33
