
Program started at 09:28:29
Operating System Name: Linux
Operating System Version: #25-Ubuntu SMP Wed Jan 15 20:45:09 UTC 2025
System Architecture: ('64bit', 'ELF')
Computer Type: x86_64
Computer Name: fv-az1120-938
Processor Type: x86_64
Python Version: 3.12.9
Python Interpreter Name: CPython
[09:28:29] Start geting CN Bing Wallpaper
[09:28:29] Successful get url: https://www.bing.com/th?id=OHR.ArgyllStalker_ZH-CN0970395078_UHD.jpg
[09:28:29] Image saved to img/background.jpg
[09:28:29] Info saved to README.md
[09:28:29] Image saved to history/2025/02/26.md
[09:28:29] Start geting global Bing Wallpaper, region=en-US, local time is 2025-02-26 04:28:29.734533-05:00
[09:28:29] Successful get url: https://www.bing.com/th?id=OHR.ArgyllStalker_EN-US2452683665_UHD.jpg
[09:28:29] Picture infomations saved to  global/en-US/README.md
[09:28:29] Picture infomations saved to global/en-US/history/2025/02/27_en-US.md
[09:28:29] Start geting global Bing Wallpaper, region=ja-JP, local time is 2025-02-26 18:28:29.906450+09:00
[09:28:29] Successful get url: https://www.bing.com/th?id=OHR.ArgyllStalker_JA-JP1121064297_UHD.jpg
[09:28:30] Picture infomations saved to  global/ja-JP/README.md
[09:28:30] Picture infomations saved to global/ja-JP/history/2025/02/26_ja-JP.md
[09:28:30] Start geting global Bing Wallpaper, region=en-IN, local time is 2025-02-26 14:58:30.090651+05:30
[09:28:30] Successful get url: https://www.bing.com/th?id=OHR.TungnathShiva_EN-IN3198630247_UHD.jpg
[09:28:30] Picture infomations saved to  global/en-IN/README.md
[09:28:30] Picture infomations saved to global/en-IN/history/2025/02/26_en-IN.md
[09:28:30] Start geting global Bing Wallpaper, region=pt-BR, local time is 2025-02-26 06:28:30.241625-03:00
[09:28:30] Successful get url: https://www.bing.com/th?id=OHR.ArgyllStalker_PT-BR7662239404_UHD.jpg
[09:28:30] Picture infomations saved to  global/pt-BR/README.md
[09:28:30] Picture infomations saved to global/pt-BR/history/2025/02/27_pt-BR.md
[09:28:30] Start geting global Bing Wallpaper, region=fr-FR, local time is 2025-02-26 10:28:30.396617+01:00
[09:28:30] Successful get url: https://www.bing.com/th?id=OHR.ArgyllStalker_FR-FR0089551685_UHD.jpg
[09:28:30] Picture infomations saved to  global/fr-FR/README.md
[09:28:30] Picture infomations saved to global/fr-FR/history/2025/02/26_fr-FR.md
[09:28:30] Start geting global Bing Wallpaper, region=de-DE, local time is 2025-02-26 10:28:30.558110+01:00
[09:28:30] Successful get url: https://www.bing.com/th?id=OHR.ArgyllStalker_DE-DE7352876454_UHD.jpg
[09:28:30] Picture infomations saved to  global/de-DE/README.md
[09:28:30] Picture infomations saved to global/de-DE/history/2025/02/26_de-DE.md
[09:28:30] Start geting global Bing Wallpaper, region=en-CA, local time is 2025-02-26 04:28:30.721659-05:00
[09:28:30] Successful get url: https://www.bing.com/th?id=OHR.ArgyllStalker_EN-CA0781984286_UHD.jpg
[09:28:30] Picture infomations saved to  global/en-CA/README.md
[09:28:30] Picture infomations saved to global/en-CA/history/2025/02/27_en-CA.md
[09:28:30] Start geting global Bing Wallpaper, region=en-GB, local time is 2025-02-26 09:28:30.883561+00:00
[09:28:30] Successful get url: https://www.bing.com/th?id=OHR.ArgyllStalker_EN-GB9934578048_UHD.jpg
[09:28:31] Picture infomations saved to  global/en-GB/README.md
[09:28:31] Picture infomations saved to global/en-GB/history/2025/02/27_en-GB.md
[09:28:31] Start geting global Bing Wallpaper, region=it-IT, local time is 2025-02-26 10:28:31.058287+01:00
[09:28:31] Successful get url: https://www.bing.com/th?id=OHR.ArgyllStalker_IT-IT3265254164_UHD.jpg
[09:28:31] Picture infomations saved to  global/it-IT/README.md
[09:28:31] Picture infomations saved to global/it-IT/history/2025/02/26_it-IT.md
[09:28:31] Start geting global Bing Wallpaper, region=es-ES, local time is 2025-02-26 10:28:31.209599+01:00
[09:28:31] Successful get url: https://www.bing.com/th?id=OHR.ArgyllStalker_ES-ES5913378191_UHD.jpg
[09:28:31] Picture infomations saved to  global/es-ES/README.md
[09:28:31] Picture infomations saved to global/es-ES/history/2025/02/26_es-ES.md
[09:28:31] Start geting global Bing Wallpaper, region=fr-CA, local time is 2025-02-26 04:28:31.372277-05:00
[09:28:31] Successful get url: https://www.bing.com/th?id=OHR.ArgyllStalker_FR-CA9572525309_UHD.jpg
[09:28:31] Picture infomations saved to  global/fr-CA/README.md
[09:28:31] Picture infomations saved to global/fr-CA/history/2025/02/27_fr-CA.md
Program exit at 09:28:31
