
Program started at 09:25:45
Operating System Name: Linux
Operating System Version: #25-Ubuntu SMP Wed Jan 15 20:45:09 UTC 2025
System Architecture: ('64bit', 'ELF')
Computer Type: x86_64
Computer Name: fv-az1046-619
Processor Type: x86_64
Python Version: 3.12.9
Python Interpreter Name: CPython
[09:25:45] Start geting CN Bing Wallpaper
[09:25:45] Successful get url: https://www.bing.com/th?id=OHR.StLouisArch_ZH-CN0442955735_UHD.jpg
[09:25:45] Image saved to img/background.jpg
[09:25:45] Info saved to README.md
[09:25:45] Image saved to history/2025/02/22.md
[09:25:45] Start geting global Bing Wallpaper, region=en-US, local time is 2025-02-22 04:25:45.386712-05:00
[09:25:45] Successful get url: https://www.bing.com/th?id=OHR.StLouisArch_EN-US1920417205_UHD.jpg
[09:25:45] Picture infomations saved to  global/en-US/README.md
[09:25:45] Picture infomations saved to global/en-US/history/2025/02/23_en-US.md
[09:25:45] Start geting global Bing Wallpaper, region=ja-JP, local time is 2025-02-22 18:25:45.505512+09:00
[09:25:45] Successful get url: https://www.bing.com/th?id=OHR.StLouisArch_JA-JP0218152600_UHD.jpg
[09:25:45] Picture infomations saved to  global/ja-JP/README.md
[09:25:45] Picture infomations saved to global/ja-JP/history/2025/02/22_ja-JP.md
[09:25:45] Start geting global Bing Wallpaper, region=en-IN, local time is 2025-02-22 14:55:45.608965+05:30
[09:25:45] Successful get url: https://www.bing.com/th?id=OHR.StLouisArch_EN-IN8948563304_UHD.jpg
[09:25:45] Picture infomations saved to  global/en-IN/README.md
[09:25:45] Picture infomations saved to global/en-IN/history/2025/02/22_en-IN.md
[09:25:45] Start geting global Bing Wallpaper, region=pt-BR, local time is 2025-02-22 06:25:45.717697-03:00
[09:25:45] Successful get url: https://www.bing.com/th?id=OHR.PalaciodeCristalCuritiba_PT-BR6693947310_UHD.jpg
[09:25:45] Picture infomations saved to  global/pt-BR/README.md
[09:25:45] Picture infomations saved to global/pt-BR/history/2025/02/23_pt-BR.md
[09:25:45] Start geting global Bing Wallpaper, region=fr-FR, local time is 2025-02-22 10:25:45.818419+01:00
[09:25:45] Successful get url: https://www.bing.com/th?id=OHR.ChampakaSarasi_FR-FR2567169417_UHD.jpg
[09:25:45] Picture infomations saved to  global/fr-FR/README.md
[09:25:45] Picture infomations saved to global/fr-FR/history/2025/02/22_fr-FR.md
[09:25:45] Start geting global Bing Wallpaper, region=de-DE, local time is 2025-02-22 10:25:45.926939+01:00
[09:25:45] Successful get url: https://www.bing.com/th?id=OHR.StLouisArch_DE-DE5694184268_UHD.jpg
[09:25:46] Picture infomations saved to  global/de-DE/README.md
[09:25:46] Picture infomations saved to global/de-DE/history/2025/02/22_de-DE.md
[09:25:46] Start geting global Bing Wallpaper, region=en-CA, local time is 2025-02-22 04:25:46.033644-05:00
[09:25:46] Successful get url: https://www.bing.com/th?id=OHR.StLouisArch_EN-CA6246210465_UHD.jpg
[09:25:46] Picture infomations saved to  global/en-CA/README.md
[09:25:46] Picture infomations saved to global/en-CA/history/2025/02/23_en-CA.md
[09:25:46] Start geting global Bing Wallpaper, region=en-GB, local time is 2025-02-22 09:25:46.131743+00:00
[09:25:46] Successful get url: https://www.bing.com/th?id=OHR.StLouisArch_EN-GB0667383384_UHD.jpg
[09:25:46] Picture infomations saved to  global/en-GB/README.md
[09:25:46] Picture infomations saved to global/en-GB/history/2025/02/23_en-GB.md
[09:25:46] Start geting global Bing Wallpaper, region=it-IT, local time is 2025-02-22 10:25:46.235702+01:00
[09:25:46] Successful get url: https://www.bing.com/th?id=OHR.StLouisArch_IT-IT9390622803_UHD.jpg
[09:25:46] Picture infomations saved to  global/it-IT/README.md
[09:25:46] Picture infomations saved to global/it-IT/history/2025/02/22_it-IT.md
[09:25:46] Start geting global Bing Wallpaper, region=es-ES, local time is 2025-02-22 10:25:46.329904+01:00
[09:25:46] Successful get url: https://www.bing.com/th?id=OHR.SkiResortBaqueiraBeret_ES-ES4946875842_UHD.jpg
[09:25:46] Picture infomations saved to  global/es-ES/README.md
[09:25:46] Picture infomations saved to global/es-ES/history/2025/02/22_es-ES.md
[09:25:46] Start geting global Bing Wallpaper, region=fr-CA, local time is 2025-02-22 04:25:46.441762-05:00
[09:25:46] Successful get url: https://www.bing.com/th?id=OHR.StLouisArch_FR-CA3387365822_UHD.jpg
[09:25:46] Picture infomations saved to  global/fr-CA/README.md
[09:25:46] Picture infomations saved to global/fr-CA/history/2025/02/23_fr-CA.md
Program exit at 09:25:46

Program started at 16:12:23
Operating System Name: Linux
Operating System Version: #25-Ubuntu SMP Wed Jan 15 20:45:09 UTC 2025
System Architecture: ('64bit', 'ELF')
Computer Type: x86_64
Computer Name: fv-az1042-735
Processor Type: x86_64
Python Version: 3.12.9
Python Interpreter Name: CPython
[16:12:23] Start geting CN Bing Wallpaper
[16:12:23] Successful get url: https://www.bing.com/th?id=OHR.MtFujiSunrise_ZH-CN0567499176_UHD.jpg
[16:12:23] Image saved to img/background.jpg
[16:12:23] Info saved to README.md
[16:12:23] Image saved to history/2025/02/23.md
[16:12:23] Start geting global Bing Wallpaper, region=en-US, local time is 2025-02-22 11:12:23.998832-05:00
[16:12:24] Successful get url: https://www.bing.com/th?id=OHR.StLouisArch_EN-US1920417205_UHD.jpg
[16:12:24] Picture infomations saved to  global/en-US/README.md
[16:12:24] Picture infomations saved to global/en-US/history/2025/02/23_en-US.md
[16:12:24] Start geting global Bing Wallpaper, region=ja-JP, local time is 2025-02-23 01:12:24.137072+09:00
[16:12:24] Successful get url: https://www.bing.com/th?id=OHR.MtFujiSunrise_JA-JP0451320828_UHD.jpg
[16:12:24] Picture infomations saved to  global/ja-JP/README.md
[16:12:24] Picture infomations saved to global/ja-JP/history/2025/02/23_ja-JP.md
[16:12:24] Start geting global Bing Wallpaper, region=en-IN, local time is 2025-02-22 21:42:24.254819+05:30
[16:12:24] Successful get url: https://www.bing.com/th?id=OHR.StLouisArch_EN-IN8948563304_UHD.jpg
[16:12:24] Picture infomations saved to  global/en-IN/README.md
[16:12:24] Picture infomations saved to global/en-IN/history/2025/02/22_en-IN.md
[16:12:24] Start geting global Bing Wallpaper, region=pt-BR, local time is 2025-02-22 13:12:24.360374-03:00
[16:12:24] Successful get url: https://www.bing.com/th?id=OHR.PalaciodeCristalCuritiba_PT-BR6693947310_UHD.jpg
[16:12:24] Picture infomations saved to  global/pt-BR/README.md
[16:12:24] Picture infomations saved to global/pt-BR/history/2025/02/23_pt-BR.md
[16:12:24] Start geting global Bing Wallpaper, region=fr-FR, local time is 2025-02-22 17:12:24.482669+01:00
[16:12:24] Successful get url: https://www.bing.com/th?id=OHR.ChampakaSarasi_FR-FR2567169417_UHD.jpg
[16:12:24] Picture infomations saved to  global/fr-FR/README.md
[16:12:24] Picture infomations saved to global/fr-FR/history/2025/02/22_fr-FR.md
[16:12:24] Start geting global Bing Wallpaper, region=de-DE, local time is 2025-02-22 17:12:24.577442+01:00
[16:12:24] Successful get url: https://www.bing.com/th?id=OHR.StLouisArch_DE-DE5694184268_UHD.jpg
[16:12:24] Picture infomations saved to  global/de-DE/README.md
[16:12:24] Picture infomations saved to global/de-DE/history/2025/02/22_de-DE.md
[16:12:24] Start geting global Bing Wallpaper, region=en-CA, local time is 2025-02-22 11:12:24.734363-05:00
[16:12:24] Successful get url: https://www.bing.com/th?id=OHR.StLouisArch_EN-CA6246210465_UHD.jpg
[16:12:24] Picture infomations saved to  global/en-CA/README.md
[16:12:24] Picture infomations saved to global/en-CA/history/2025/02/23_en-CA.md
[16:12:24] Start geting global Bing Wallpaper, region=en-GB, local time is 2025-02-22 16:12:24.852955+00:00
[16:12:24] Successful get url: https://www.bing.com/th?id=OHR.StLouisArch_EN-GB0667383384_UHD.jpg
[16:12:24] Picture infomations saved to  global/en-GB/README.md
[16:12:24] Picture infomations saved to global/en-GB/history/2025/02/23_en-GB.md
[16:12:24] Start geting global Bing Wallpaper, region=it-IT, local time is 2025-02-22 17:12:24.963531+01:00
[16:12:25] Successful get url: https://www.bing.com/th?id=OHR.StLouisArch_IT-IT9390622803_UHD.jpg
[16:12:25] Picture infomations saved to  global/it-IT/README.md
[16:12:25] Picture infomations saved to global/it-IT/history/2025/02/22_it-IT.md
[16:12:25] Start geting global Bing Wallpaper, region=es-ES, local time is 2025-02-22 17:12:25.084134+01:00
[16:12:25] Successful get url: https://www.bing.com/th?id=OHR.SkiResortBaqueiraBeret_ES-ES4946875842_UHD.jpg
[16:12:25] Picture infomations saved to  global/es-ES/README.md
[16:12:25] Picture infomations saved to global/es-ES/history/2025/02/22_es-ES.md
[16:12:25] Start geting global Bing Wallpaper, region=fr-CA, local time is 2025-02-22 11:12:25.200650-05:00
[16:12:25] Successful get url: https://www.bing.com/th?id=OHR.StLouisArch_FR-CA3387365822_UHD.jpg
[16:12:25] Picture infomations saved to  global/fr-CA/README.md
[16:12:25] Picture infomations saved to global/fr-CA/history/2025/02/23_fr-CA.md
Program exit at 16:12:25
