
Program started at 09:27:45
Operating System Name: Linux
Operating System Version: #23-Ubuntu SMP Mon Dec  9 16:58:58 UTC 2024
System Architecture: ('64bit', 'ELF')
Computer Type: x86_64
Computer Name: fv-az1374-838
Processor Type: x86_64
Python Version: 3.12.8
Python Interpreter Name: CPython
[09:27:45] Start geting CN Bing Wallpaper
[09:27:45] Successful get url: https://www.bing.com/th?id=OHR.YungangGrottoes_ZH-CN8275054060_UHD.jpg
[09:27:46] Image saved to img/background.jpg
[09:27:46] Info saved to README.md
[09:27:46] Image saved to history/2025/02/11.md
[09:27:46] Start geting global Bing Wallpaper, region=en-US, local time is 2025-02-11 04:27:46.448262-05:00
[09:27:46] Successful get url: https://www.bing.com/th?id=OHR.YungangGrottoes_EN-US6896904893_UHD.jpg
[09:27:46] Picture infomations saved to  global/en-US/README.md
[09:27:46] Picture infomations saved to global/en-US/history/2025/02/12_en-US.md
[09:27:47] Start geting global Bing Wallpaper, region=ja-JP, local time is 2025-02-11 18:27:47.000385+09:00
[09:27:47] Successful get url: https://www.bing.com/th?id=OHR.KairakuUme2025_JA-JP3144342607_UHD.jpg
[09:27:47] Picture infomations saved to  global/ja-JP/README.md
[09:27:47] Picture infomations saved to global/ja-JP/history/2025/02/11_ja-JP.md
[09:27:47] Start geting global Bing Wallpaper, region=en-IN, local time is 2025-02-11 14:57:47.502706+05:30
[09:27:47] Successful get url: https://www.bing.com/th?id=OHR.YungangGrottoes_EN-IN8770982427_UHD.jpg
[09:27:48] Picture infomations saved to  global/en-IN/README.md
[09:27:48] Picture infomations saved to global/en-IN/history/2025/02/11_en-IN.md
[09:27:48] Start geting global Bing Wallpaper, region=pt-BR, local time is 2025-02-11 06:27:48.126989-03:00
[09:27:48] Successful get url: https://www.bing.com/th?id=OHR.YungangGrottoes_PT-BR2035290844_UHD.jpg
[09:27:48] Picture infomations saved to  global/pt-BR/README.md
[09:27:48] Picture infomations saved to global/pt-BR/history/2025/02/12_pt-BR.md
[09:27:48] Start geting global Bing Wallpaper, region=fr-FR, local time is 2025-02-11 10:27:48.645177+01:00
[09:27:48] Successful get url: https://www.bing.com/th?id=OHR.YungangGrottoes_FR-FR6982379876_UHD.jpg
[09:27:49] Picture infomations saved to  global/fr-FR/README.md
[09:27:49] Picture infomations saved to global/fr-FR/history/2025/02/11_fr-FR.md
[09:27:49] Start geting global Bing Wallpaper, region=de-DE, local time is 2025-02-11 10:27:49.202531+01:00
[09:27:49] Successful get url: https://www.bing.com/th?id=OHR.YungangGrottoes_DE-DE7812500680_UHD.jpg
[09:27:49] Picture infomations saved to  global/de-DE/README.md
[09:27:49] Picture infomations saved to global/de-DE/history/2025/02/11_de-DE.md
[09:27:49] Start geting global Bing Wallpaper, region=en-CA, local time is 2025-02-11 04:27:49.725130-05:00
[09:27:49] Successful get url: https://www.bing.com/th?id=OHR.YungangGrottoes_EN-CA9325528271_UHD.jpg
[09:27:50] Picture infomations saved to  global/en-CA/README.md
[09:27:50] Picture infomations saved to global/en-CA/history/2025/02/12_en-CA.md
[09:27:50] Start geting global Bing Wallpaper, region=en-GB, local time is 2025-02-11 09:27:50.244374+00:00
[09:27:50] Successful get url: https://www.bing.com/th?id=OHR.YungangGrottoes_EN-GB6267033764_UHD.jpg
[09:27:50] Picture infomations saved to  global/en-GB/README.md
[09:27:50] Picture infomations saved to global/en-GB/history/2025/02/12_en-GB.md
[09:27:50] Start geting global Bing Wallpaper, region=it-IT, local time is 2025-02-11 10:27:50.760993+01:00
[09:27:50] Successful get url: https://www.bing.com/th?id=OHR.PanoramaSanremoFestival_IT-IT5283578356_UHD.jpg
[09:27:51] Picture infomations saved to  global/it-IT/README.md
[09:27:51] Picture infomations saved to global/it-IT/history/2025/02/11_it-IT.md
[09:27:51] Start geting global Bing Wallpaper, region=es-ES, local time is 2025-02-11 10:27:51.300769+01:00
[09:27:51] Successful get url: https://www.bing.com/th?id=OHR.YungangGrottoes_ES-ES9694315972_UHD.jpg
[09:27:51] Picture infomations saved to  global/es-ES/README.md
[09:27:51] Picture infomations saved to global/es-ES/history/2025/02/11_es-ES.md
[09:27:51] Start geting global Bing Wallpaper, region=fr-CA, local time is 2025-02-11 04:27:51.813623-05:00
[09:27:51] Successful get url: https://www.bing.com/th?id=OHR.YungangGrottoes_FR-CA8449584215_UHD.jpg
[09:27:52] Picture infomations saved to  global/fr-CA/README.md
[09:27:52] Picture infomations saved to global/fr-CA/history/2025/02/12_fr-CA.md
Program exit at 09:27:52
