
Program started at 09:28:03
Operating System Name: Linux
Operating System Version: #23-Ubuntu SMP Mon Dec  9 16:58:58 UTC 2024
System Architecture: ('64bit', 'ELF')
Computer Type: x86_64
Computer Name: fv-az1340-635
Processor Type: x86_64
Python Version: 3.12.8
Python Interpreter Name: CPython
[09:28:03] Start geting CN Bing Wallpaper
[09:28:03] Successful get url: https://www.bing.com/th?id=OHR.BeginningofSpring25Y_ZH-CN7356156800_UHD.jpg
[09:28:03] Image saved to img/background.jpg
[09:28:03] Info saved to README.md
[09:28:03] Image saved to history/2025/02/03.md
[09:28:03] Start geting global Bing Wallpaper, region=en-US, local time is 2025-02-03 04:28:03.480464-05:00
[09:28:03] Successful get url: https://www.bing.com/th?id=OHR.RibbleheadViaduct_EN-US0244245382_UHD.jpg
[09:28:03] Picture infomations saved to  global/en-US/README.md
[09:28:03] Picture infomations saved to global/en-US/history/2025/02/04_en-US.md
[09:28:03] Start geting global Bing Wallpaper, region=ja-JP, local time is 2025-02-03 18:28:03.658923+09:00
[09:28:03] Successful get url: https://www.bing.com/th?id=OHR.Risshun2025_JA-JP6529014440_UHD.jpg
[09:28:03] Picture infomations saved to  global/ja-JP/README.md
[09:28:03] Picture infomations saved to global/ja-JP/history/2025/02/03_ja-JP.md
[09:28:03] Start geting global Bing Wallpaper, region=en-IN, local time is 2025-02-03 14:58:03.833643+05:30
[09:28:03] Successful get url: https://www.bing.com/th?id=OHR.RibbleheadViaduct_EN-IN3282548733_UHD.jpg
[09:28:03] Picture infomations saved to  global/en-IN/README.md
[09:28:03] Picture infomations saved to global/en-IN/history/2025/02/03_en-IN.md
[09:28:03] Start geting global Bing Wallpaper, region=pt-BR, local time is 2025-02-03 06:28:03.996962-03:00
[09:28:04] Successful get url: https://www.bing.com/th?id=OHR.RibbleheadViaduct_PT-BR4711325256_UHD.jpg
[09:28:04] Picture infomations saved to  global/pt-BR/README.md
[09:28:04] Picture infomations saved to global/pt-BR/history/2025/02/04_pt-BR.md
[09:28:04] Start geting global Bing Wallpaper, region=fr-FR, local time is 2025-02-03 10:28:04.178460+01:00
[09:28:04] Successful get url: https://www.bing.com/th?id=OHR.RibbleheadViaduct_FR-FR4663739053_UHD.jpg
[09:28:04] Picture infomations saved to  global/fr-FR/README.md
[09:28:04] Picture infomations saved to global/fr-FR/history/2025/02/03_fr-FR.md
[09:28:04] Start geting global Bing Wallpaper, region=de-DE, local time is 2025-02-03 10:28:04.349326+01:00
[09:28:04] Successful get url: https://www.bing.com/th?id=OHR.RibbleheadViaduct_DE-DE0601273840_UHD.jpg
[09:28:04] Picture infomations saved to  global/de-DE/README.md
[09:28:04] Picture infomations saved to global/de-DE/history/2025/02/03_de-DE.md
[09:28:04] Start geting global Bing Wallpaper, region=en-CA, local time is 2025-02-03 04:28:04.519217-05:00
[09:28:04] Successful get url: https://www.bing.com/th?id=OHR.RibbleheadViaduct_EN-CA3107714600_UHD.jpg
[09:28:04] Picture infomations saved to  global/en-CA/README.md
[09:28:04] Picture infomations saved to global/en-CA/history/2025/02/04_en-CA.md
[09:28:04] Start geting global Bing Wallpaper, region=en-GB, local time is 2025-02-03 09:28:04.705974+00:00
[09:28:04] Successful get url: https://www.bing.com/th?id=OHR.RibbleheadViaduct_EN-GB1298957029_UHD.jpg
[09:28:04] Picture infomations saved to  global/en-GB/README.md
[09:28:04] Picture infomations saved to global/en-GB/history/2025/02/04_en-GB.md
[09:28:04] Start geting global Bing Wallpaper, region=it-IT, local time is 2025-02-03 10:28:04.885322+01:00
[09:28:04] Successful get url: https://www.bing.com/th?id=OHR.RibbleheadViaduct_IT-IT3273904446_UHD.jpg
[09:28:05] Picture infomations saved to  global/it-IT/README.md
[09:28:05] Picture infomations saved to global/it-IT/history/2025/02/03_it-IT.md
[09:28:05] Start geting global Bing Wallpaper, region=es-ES, local time is 2025-02-03 10:28:05.088935+01:00
[09:28:05] Successful get url: https://www.bing.com/th?id=OHR.RibbleheadViaduct_ES-ES5419364772_UHD.jpg
[09:28:05] Picture infomations saved to  global/es-ES/README.md
[09:28:05] Picture infomations saved to global/es-ES/history/2025/02/03_es-ES.md
[09:28:05] Start geting global Bing Wallpaper, region=fr-CA, local time is 2025-02-03 04:28:05.249961-05:00
[09:28:05] Successful get url: https://www.bing.com/th?id=OHR.RibbleheadViaduct_FR-CA7176711694_UHD.jpg
[09:28:05] Picture infomations saved to  global/fr-CA/README.md
[09:28:05] Picture infomations saved to global/fr-CA/history/2025/02/04_fr-CA.md
Program exit at 09:28:05

Program started at 16:14:21
Operating System Name: Linux
Operating System Version: #23-Ubuntu SMP Mon Dec  9 16:58:58 UTC 2024
System Architecture: ('64bit', 'ELF')
Computer Type: x86_64
Computer Name: fv-az1945-823
Processor Type: x86_64
Python Version: 3.12.8
Python Interpreter Name: CPython
[16:14:21] Start geting CN Bing Wallpaper
[16:14:21] Successful get url: https://www.bing.com/th?id=OHR.GoldenBridge_ZH-CN2910740727_UHD.jpg
[16:14:21] Image saved to img/background.jpg
[16:14:21] Info saved to README.md
[16:14:21] Image saved to history/2025/02/04.md
[16:14:21] Start geting global Bing Wallpaper, region=en-US, local time is 2025-02-03 11:14:21.690670-05:00
[16:14:21] Successful get url: https://www.bing.com/th?id=OHR.RibbleheadViaduct_EN-US0244245382_UHD.jpg
[16:14:21] Picture infomations saved to  global/en-US/README.md
[16:14:21] Picture infomations saved to global/en-US/history/2025/02/04_en-US.md
[16:14:21] Start geting global Bing Wallpaper, region=ja-JP, local time is 2025-02-04 01:14:21.895888+09:00
[16:14:21] Successful get url: https://www.bing.com/th?id=OHR.YukiMatsuri2025_JA-JP6765872006_UHD.jpg
[16:14:22] Picture infomations saved to  global/ja-JP/README.md
[16:14:22] Picture infomations saved to global/ja-JP/history/2025/02/04_ja-JP.md
[16:14:22] Start geting global Bing Wallpaper, region=en-IN, local time is 2025-02-03 21:44:22.133733+05:30
[16:14:22] Successful get url: https://www.bing.com/th?id=OHR.RibbleheadViaduct_EN-IN3282548733_UHD.jpg
[16:14:22] Picture infomations saved to  global/en-IN/README.md
[16:14:22] Picture infomations saved to global/en-IN/history/2025/02/03_en-IN.md
[16:14:22] Start geting global Bing Wallpaper, region=pt-BR, local time is 2025-02-03 13:14:22.295341-03:00
[16:14:22] Successful get url: https://www.bing.com/th?id=OHR.RibbleheadViaduct_PT-BR4711325256_UHD.jpg
[16:14:22] Picture infomations saved to  global/pt-BR/README.md
[16:14:22] Picture infomations saved to global/pt-BR/history/2025/02/04_pt-BR.md
[16:14:22] Start geting global Bing Wallpaper, region=fr-FR, local time is 2025-02-03 17:14:22.466291+01:00
[16:14:22] Successful get url: https://www.bing.com/th?id=OHR.RibbleheadViaduct_FR-FR4663739053_UHD.jpg
[16:14:22] Picture infomations saved to  global/fr-FR/README.md
[16:14:22] Picture infomations saved to global/fr-FR/history/2025/02/03_fr-FR.md
[16:14:22] Start geting global Bing Wallpaper, region=de-DE, local time is 2025-02-03 17:14:22.670983+01:00
[16:14:22] Successful get url: https://www.bing.com/th?id=OHR.RibbleheadViaduct_DE-DE0601273840_UHD.jpg
[16:14:22] Picture infomations saved to  global/de-DE/README.md
[16:14:22] Picture infomations saved to global/de-DE/history/2025/02/03_de-DE.md
[16:14:22] Start geting global Bing Wallpaper, region=en-CA, local time is 2025-02-03 11:14:22.851496-05:00
[16:14:22] Successful get url: https://www.bing.com/th?id=OHR.RibbleheadViaduct_EN-CA3107714600_UHD.jpg
[16:14:23] Picture infomations saved to  global/en-CA/README.md
[16:14:23] Picture infomations saved to global/en-CA/history/2025/02/04_en-CA.md
[16:14:23] Start geting global Bing Wallpaper, region=en-GB, local time is 2025-02-03 16:14:23.019433+00:00
[16:14:23] Successful get url: https://www.bing.com/th?id=OHR.RibbleheadViaduct_EN-GB1298957029_UHD.jpg
[16:14:23] Picture infomations saved to  global/en-GB/README.md
[16:14:23] Picture infomations saved to global/en-GB/history/2025/02/04_en-GB.md
[16:14:23] Start geting global Bing Wallpaper, region=it-IT, local time is 2025-02-03 17:14:23.186469+01:00
[16:14:23] Successful get url: https://www.bing.com/th?id=OHR.RibbleheadViaduct_IT-IT3273904446_UHD.jpg
[16:14:23] Picture infomations saved to  global/it-IT/README.md
[16:14:23] Picture infomations saved to global/it-IT/history/2025/02/03_it-IT.md
[16:14:23] Start geting global Bing Wallpaper, region=es-ES, local time is 2025-02-03 17:14:23.354805+01:00
[16:14:23] Successful get url: https://www.bing.com/th?id=OHR.RibbleheadViaduct_ES-ES5419364772_UHD.jpg
[16:14:23] Picture infomations saved to  global/es-ES/README.md
[16:14:23] Picture infomations saved to global/es-ES/history/2025/02/03_es-ES.md
[16:14:23] Start geting global Bing Wallpaper, region=fr-CA, local time is 2025-02-03 11:14:23.531512-05:00
[16:14:23] Successful get url: https://www.bing.com/th?id=OHR.RibbleheadViaduct_FR-CA7176711694_UHD.jpg
[16:14:23] Picture infomations saved to  global/fr-CA/README.md
[16:14:23] Picture infomations saved to global/fr-CA/history/2025/02/04_fr-CA.md
Program exit at 16:14:23
