
Program started at 09:28:18
Operating System Name: Linux
Operating System Version: #23-Ubuntu SMP Mon Dec  9 16:58:58 UTC 2024
System Architecture: ('64bit', 'ELF')
Computer Type: x86_64
Computer Name: fv-az1696-222
Processor Type: x86_64
Python Version: 3.12.8
Python Interpreter Name: CPython
[09:28:18] Start geting CN Bing Wallpaper
[09:28:18] Successful get url: https://www.bing.com/th?id=OHR.UmbrellaDay_ZH-CN8024305066_UHD.jpg
[09:28:18] Image saved to img/background.jpg
[09:28:18] Info saved to README.md
[09:28:18] Image saved to history/2025/02/10.md
[09:28:18] Start geting global Bing Wallpaper, region=en-US, local time is 2025-02-10 04:28:18.891895-05:00
[09:28:18] Successful get url: https://www.bing.com/th?id=OHR.UmbrellaDay_EN-US6816351187_UHD.jpg
[09:28:19] Picture infomations saved to  global/en-US/README.md
[09:28:19] Picture infomations saved to global/en-US/history/2025/02/11_en-US.md
[09:28:19] Start geting global Bing Wallpaper, region=ja-JP, local time is 2025-02-10 18:28:19.526078+09:00
[09:28:19] Successful get url: https://www.bing.com/th?id=OHR.UmbrellaDay_JA-JP2687142465_UHD.jpg
[09:28:20] Picture infomations saved to  global/ja-JP/README.md
[09:28:20] Picture infomations saved to global/ja-JP/history/2025/02/10_ja-JP.md
[09:28:20] Start geting global Bing Wallpaper, region=en-IN, local time is 2025-02-10 14:58:20.214917+05:30
[09:28:20] Successful get url: https://www.bing.com/th?id=OHR.UmbrellaDay_EN-IN8605591874_UHD.jpg
[09:28:20] Picture infomations saved to  global/en-IN/README.md
[09:28:20] Picture infomations saved to global/en-IN/history/2025/02/10_en-IN.md
[09:28:20] Start geting global Bing Wallpaper, region=pt-BR, local time is 2025-02-10 06:28:20.833806-03:00
[09:28:20] Successful get url: https://www.bing.com/th?id=OHR.DiaAtletaPro_PT-BR7651032356_UHD.jpg
[09:28:21] Picture infomations saved to  global/pt-BR/README.md
[09:28:21] Picture infomations saved to global/pt-BR/history/2025/02/11_pt-BR.md
[09:28:21] Start geting global Bing Wallpaper, region=fr-FR, local time is 2025-02-10 10:28:21.602511+01:00
[09:28:21] Successful get url: https://www.bing.com/th?id=OHR.UmbrellaDay_FR-FR6755683409_UHD.jpg
[09:28:22] Picture infomations saved to  global/fr-FR/README.md
[09:28:22] Picture infomations saved to global/fr-FR/history/2025/02/10_fr-FR.md
[09:28:22] Start geting global Bing Wallpaper, region=de-DE, local time is 2025-02-10 10:28:22.349426+01:00
[09:28:22] Successful get url: https://www.bing.com/th?id=OHR.UmbrellaDay_DE-DE7581909470_UHD.jpg
[09:28:22] Picture infomations saved to  global/de-DE/README.md
[09:28:22] Picture infomations saved to global/de-DE/history/2025/02/10_de-DE.md
[09:28:22] Start geting global Bing Wallpaper, region=en-CA, local time is 2025-02-10 04:28:22.966692-05:00
[09:28:23] Successful get url: https://www.bing.com/th?id=OHR.BanffSnow25_EN-CA9095652551_UHD.jpg
[09:28:23] Picture infomations saved to  global/en-CA/README.md
[09:28:23] Picture infomations saved to global/en-CA/history/2025/02/11_en-CA.md
[09:28:23] Start geting global Bing Wallpaper, region=en-GB, local time is 2025-02-10 09:28:23.608347+00:00
[09:28:23] Successful get url: https://www.bing.com/th?id=OHR.UmbrellaDay_EN-GB6243466764_UHD.jpg
[09:28:24] Picture infomations saved to  global/en-GB/README.md
[09:28:24] Picture infomations saved to global/en-GB/history/2025/02/11_en-GB.md
[09:28:24] Start geting global Bing Wallpaper, region=it-IT, local time is 2025-02-10 10:28:24.230239+01:00
[09:28:24] Successful get url: https://www.bing.com/th?id=OHR.UmbrellaDay_IT-IT1405781799_UHD.jpg
[09:28:24] Picture infomations saved to  global/it-IT/README.md
[09:28:24] Picture infomations saved to global/it-IT/history/2025/02/10_it-IT.md
[09:28:24] Start geting global Bing Wallpaper, region=es-ES, local time is 2025-02-10 10:28:24.952409+01:00
[09:28:25] Successful get url: https://www.bing.com/th?id=OHR.UmbrellaDay_ES-ES9589999908_UHD.jpg
[09:28:25] Picture infomations saved to  global/es-ES/README.md
[09:28:25] Picture infomations saved to global/es-ES/history/2025/02/10_es-ES.md
[09:28:25] Start geting global Bing Wallpaper, region=fr-CA, local time is 2025-02-10 04:28:25.972709-05:00
[09:28:26] Successful get url: https://www.bing.com/th?id=OHR.UmbrellaDay_FR-CA7989925636_UHD.jpg
[09:28:26] Picture infomations saved to  global/fr-CA/README.md
[09:28:26] Picture infomations saved to global/fr-CA/history/2025/02/11_fr-CA.md
Program exit at 09:28:26

Program started at 16:14:53
Operating System Name: Linux
Operating System Version: #23-Ubuntu SMP Mon Dec  9 16:58:58 UTC 2024
System Architecture: ('64bit', 'ELF')
Computer Type: x86_64
Computer Name: fv-az1937-779
Processor Type: x86_64
Python Version: 3.12.8
Python Interpreter Name: CPython
[16:14:53] Start geting CN Bing Wallpaper
[16:14:53] Successful get url: https://www.bing.com/th?id=OHR.YungangGrottoes_ZH-CN8275054060_UHD.jpg
[16:14:54] Image saved to img/background.jpg
[16:14:54] Info saved to README.md
[16:14:54] Image saved to history/2025/02/11.md
[16:14:54] Start geting global Bing Wallpaper, region=en-US, local time is 2025-02-10 11:14:54.053546-05:00
[16:14:54] Successful get url: https://www.bing.com/th?id=OHR.UmbrellaDay_EN-US6816351187_UHD.jpg
[16:14:54] Picture infomations saved to  global/en-US/README.md
[16:14:54] Picture infomations saved to global/en-US/history/2025/02/11_en-US.md
[16:14:54] Start geting global Bing Wallpaper, region=ja-JP, local time is 2025-02-11 01:14:54.246854+09:00
[16:14:54] Successful get url: https://www.bing.com/th?id=OHR.KairakuUme2025_JA-JP3144342607_UHD.jpg
[16:14:54] Picture infomations saved to  global/ja-JP/README.md
[16:14:54] Picture infomations saved to global/ja-JP/history/2025/02/11_ja-JP.md
[16:14:54] Start geting global Bing Wallpaper, region=en-IN, local time is 2025-02-10 21:44:54.405168+05:30
[16:14:54] Successful get url: https://www.bing.com/th?id=OHR.UmbrellaDay_EN-IN8605591874_UHD.jpg
[16:14:54] Picture infomations saved to  global/en-IN/README.md
[16:14:54] Picture infomations saved to global/en-IN/history/2025/02/10_en-IN.md
[16:14:54] Start geting global Bing Wallpaper, region=pt-BR, local time is 2025-02-10 13:14:54.591811-03:00
[16:14:54] Successful get url: https://www.bing.com/th?id=OHR.DiaAtletaPro_PT-BR7651032356_UHD.jpg
[16:14:54] Picture infomations saved to  global/pt-BR/README.md
[16:14:54] Picture infomations saved to global/pt-BR/history/2025/02/11_pt-BR.md
[16:14:54] Start geting global Bing Wallpaper, region=fr-FR, local time is 2025-02-10 17:14:54.773288+01:00
[16:14:54] Successful get url: https://www.bing.com/th?id=OHR.UmbrellaDay_FR-FR6755683409_UHD.jpg
[16:14:54] Picture infomations saved to  global/fr-FR/README.md
[16:14:54] Picture infomations saved to global/fr-FR/history/2025/02/10_fr-FR.md
[16:14:54] Start geting global Bing Wallpaper, region=de-DE, local time is 2025-02-10 17:14:54.942188+01:00
[16:14:54] Successful get url: https://www.bing.com/th?id=OHR.UmbrellaDay_DE-DE7581909470_UHD.jpg
[16:14:55] Picture infomations saved to  global/de-DE/README.md
[16:14:55] Picture infomations saved to global/de-DE/history/2025/02/10_de-DE.md
[16:14:55] Start geting global Bing Wallpaper, region=en-CA, local time is 2025-02-10 11:14:55.095264-05:00
[16:14:55] Successful get url: https://www.bing.com/th?id=OHR.BanffSnow25_EN-CA9095652551_UHD.jpg
[16:14:55] Picture infomations saved to  global/en-CA/README.md
[16:14:55] Picture infomations saved to global/en-CA/history/2025/02/11_en-CA.md
[16:14:55] Start geting global Bing Wallpaper, region=en-GB, local time is 2025-02-10 16:14:55.247534+00:00
[16:14:55] Successful get url: https://www.bing.com/th?id=OHR.UmbrellaDay_EN-GB6243466764_UHD.jpg
[16:14:55] Picture infomations saved to  global/en-GB/README.md
[16:14:55] Picture infomations saved to global/en-GB/history/2025/02/11_en-GB.md
[16:14:55] Start geting global Bing Wallpaper, region=it-IT, local time is 2025-02-10 17:14:55.421978+01:00
[16:14:55] Successful get url: https://www.bing.com/th?id=OHR.UmbrellaDay_IT-IT1405781799_UHD.jpg
[16:14:55] Picture infomations saved to  global/it-IT/README.md
[16:14:55] Picture infomations saved to global/it-IT/history/2025/02/10_it-IT.md
[16:14:55] Start geting global Bing Wallpaper, region=es-ES, local time is 2025-02-10 17:14:55.653175+01:00
[16:14:55] Successful get url: https://www.bing.com/th?id=OHR.UmbrellaDay_ES-ES9589999908_UHD.jpg
[16:14:55] Picture infomations saved to  global/es-ES/README.md
[16:14:55] Picture infomations saved to global/es-ES/history/2025/02/10_es-ES.md
[16:14:55] Start geting global Bing Wallpaper, region=fr-CA, local time is 2025-02-10 11:14:55.810037-05:00
[16:14:55] Successful get url: https://www.bing.com/th?id=OHR.UmbrellaDay_FR-CA7989925636_UHD.jpg
[16:14:55] Picture infomations saved to  global/fr-CA/README.md
[16:14:55] Picture infomations saved to global/fr-CA/history/2025/02/11_fr-CA.md
Program exit at 16:14:55
