
Program started at 09:32:58
Operating System Name: Linux
Operating System Version: #18~24.04.1-Ubuntu SMP Sat Jun 28 04:46:03 UTC 2025
System Architecture: ('64bit', 'ELF')
Computer Type: x86_64
Computer Name: runnervmg1sw1
Processor Type: x86_64
Python Version: 3.12.12
Python Interpreter Name: CPython
[09:32:58] Start geting CN Bing Wallpaper
[09:32:59] Successful get url: https://www.bing.com/th?id=OHR.AutumnMerganser_ZH-CN1320438449_UHD.jpg
[09:32:59] Image saved to img/background.jpg
[09:32:59] Info saved to README.md
[09:32:59] Image saved to history/2025/11/18.md
[09:32:59] Start geting global Bing Wallpaper, region=en-US, local time is 2025-11-18 04:32:59.255601-05:00
[09:32:59] Successful get url: https://www.bing.com/th?id=OHR.AutumnMerganser_EN-US5860535351_UHD.jpg
[09:32:59] Picture infomations saved to  global/en-US/README.md
[09:32:59] Picture infomations saved to global/en-US/history/2025/11/19_en-US.md
[09:32:59] Start geting global Bing Wallpaper, region=ja-JP, local time is 2025-11-18 18:32:59.525906+09:00
[09:32:59] Successful get url: https://www.bing.com/th?id=OHR.AutumnMerganser_JA-JP4454078554_UHD.jpg
[09:32:59] Picture infomations saved to  global/ja-JP/README.md
[09:32:59] Picture infomations saved to global/ja-JP/history/2025/11/18_ja-JP.md
[09:32:59] Start geting global Bing Wallpaper, region=en-IN, local time is 2025-11-18 15:02:59.751387+05:30
[09:32:59] Successful get url: https://www.bing.com/th?id=OHR.AutumnMerganser_EN-IN3826172336_UHD.jpg
[09:32:59] Picture infomations saved to  global/en-IN/README.md
[09:32:59] Picture infomations saved to global/en-IN/history/2025/11/18_en-IN.md
[09:32:59] Start geting global Bing Wallpaper, region=pt-BR, local time is 2025-11-18 06:32:59.998801-03:00
[09:33:00] Successful get url: https://www.bing.com/th?id=OHR.Cataguas_PT-BR6322961600_UHD.jpg
[09:33:00] Picture infomations saved to  global/pt-BR/README.md
[09:33:00] Picture infomations saved to global/pt-BR/history/2025/11/19_pt-BR.md
[09:33:00] Start geting global Bing Wallpaper, region=fr-FR, local time is 2025-11-18 10:33:00.237633+01:00
[09:33:00] Successful get url: https://www.bing.com/th?id=OHR.AutumnMerganser_FR-FR0461657893_UHD.jpg
[09:33:00] Picture infomations saved to  global/fr-FR/README.md
[09:33:00] Picture infomations saved to global/fr-FR/history/2025/11/18_fr-FR.md
[09:33:00] Start geting global Bing Wallpaper, region=de-DE, local time is 2025-11-18 10:33:00.470380+01:00
[09:33:00] Successful get url: https://www.bing.com/th?id=OHR.AutumnMerganser_DE-DE5996938724_UHD.jpg
[09:33:00] Picture infomations saved to  global/de-DE/README.md
[09:33:00] Picture infomations saved to global/de-DE/history/2025/11/18_de-DE.md
[09:33:00] Start geting global Bing Wallpaper, region=en-CA, local time is 2025-11-18 04:33:00.728306-05:00
[09:33:00] Successful get url: https://www.bing.com/th?id=OHR.AutumnMerganser_EN-CA4410374678_UHD.jpg
[09:33:00] Picture infomations saved to  global/en-CA/README.md
[09:33:00] Picture infomations saved to global/en-CA/history/2025/11/19_en-CA.md
[09:33:00] Start geting global Bing Wallpaper, region=en-GB, local time is 2025-11-18 09:33:00.968662+00:00
[09:33:01] Successful get url: https://www.bing.com/th?id=OHR.AutumnMerganser_EN-GB3336430731_UHD.jpg
[09:33:01] Picture infomations saved to  global/en-GB/README.md
[09:33:01] Picture infomations saved to global/en-GB/history/2025/11/19_en-GB.md
[09:33:01] Start geting global Bing Wallpaper, region=it-IT, local time is 2025-11-18 10:33:01.219247+01:00
[09:33:01] Successful get url: https://www.bing.com/th?id=OHR.AutumnMerganser_IT-IT0039919280_UHD.jpg
[09:33:01] Picture infomations saved to  global/it-IT/README.md
[09:33:01] Picture infomations saved to global/it-IT/history/2025/11/18_it-IT.md
[09:33:01] Start geting global Bing Wallpaper, region=es-ES, local time is 2025-11-18 10:33:01.467758+01:00
[09:33:01] Successful get url: https://www.bing.com/th?id=OHR.AutumnMerganser_ES-ES5196368512_UHD.jpg
[09:33:01] Picture infomations saved to  global/es-ES/README.md
[09:33:01] Picture infomations saved to global/es-ES/history/2025/11/18_es-ES.md
[09:33:01] Start geting global Bing Wallpaper, region=fr-CA, local time is 2025-11-18 04:33:01.727550-05:00
[09:33:01] Successful get url: https://www.bing.com/th?id=OHR.AutumnMerganser_FR-CA9849429224_UHD.jpg
[09:33:01] Picture infomations saved to  global/fr-CA/README.md
[09:33:01] Picture infomations saved to global/fr-CA/history/2025/11/19_fr-CA.md
Program exit at 09:33:01
