
Program started at 09:35:03
Operating System Name: Linux
Operating System Version: #18~24.04.1-Ubuntu SMP Sat Jun 28 04:46:03 UTC 2025
System Architecture: ('64bit', 'ELF')
Computer Type: x86_64
Computer Name: runnervmf2e7y
Processor Type: x86_64
Python Version: 3.12.12
Python Interpreter Name: CPython
[09:35:03] Start geting CN Bing Wallpaper
[09:35:03] Successful get url: https://www.bing.com/th?id=OHR.MexicoJelly_ZH-CN5266285518_UHD.jpg
[09:35:04] Image saved to img/background.jpg
[09:35:04] Info saved to README.md
[09:35:04] Image saved to history/2025/11/03.md
[09:35:04] Start geting global Bing Wallpaper, region=en-US, local time is 2025-11-03 04:35:04.018234-05:00
[09:35:04] Successful get url: https://www.bing.com/th?id=OHR.MexicoJelly_EN-US6803524310_UHD.jpg
[09:35:04] Picture infomations saved to  global/en-US/README.md
[09:35:04] Picture infomations saved to global/en-US/history/2025/11/04_en-US.md
[09:35:04] Start geting global Bing Wallpaper, region=ja-JP, local time is 2025-11-03 18:35:04.216572+09:00
[09:35:04] Successful get url: https://www.bing.com/th?id=OHR.HinterseeWaterfall_JA-JP9416603910_UHD.jpg
[09:35:04] Picture infomations saved to  global/ja-JP/README.md
[09:35:04] Picture infomations saved to global/ja-JP/history/2025/11/03_ja-JP.md
[09:35:04] Start geting global Bing Wallpaper, region=en-IN, local time is 2025-11-03 15:05:04.368030+05:30
[09:35:04] Successful get url: https://www.bing.com/th?id=OHR.MexicoJelly_EN-IN1631723405_UHD.jpg
[09:35:04] Picture infomations saved to  global/en-IN/README.md
[09:35:04] Picture infomations saved to global/en-IN/history/2025/11/03_en-IN.md
[09:35:04] Start geting global Bing Wallpaper, region=pt-BR, local time is 2025-11-03 06:35:04.569607-03:00
[09:35:04] Successful get url: https://www.bing.com/th?id=OHR.MexicoJelly_PT-BR1868095241_UHD.jpg
[09:35:04] Picture infomations saved to  global/pt-BR/README.md
[09:35:04] Picture infomations saved to global/pt-BR/history/2025/11/04_pt-BR.md
[09:35:04] Start geting global Bing Wallpaper, region=fr-FR, local time is 2025-11-03 10:35:04.775960+01:00
[09:35:04] Successful get url: https://www.bing.com/th?id=OHR.MexicoJelly_FR-FR3982419293_UHD.jpg
[09:35:04] Picture infomations saved to  global/fr-FR/README.md
[09:35:04] Picture infomations saved to global/fr-FR/history/2025/11/03_fr-FR.md
[09:35:04] Start geting global Bing Wallpaper, region=de-DE, local time is 2025-11-03 10:35:04.939656+01:00
[09:35:05] Successful get url: https://www.bing.com/th?id=OHR.MexicoJelly_DE-DE5340526951_UHD.jpg
[09:35:05] Picture infomations saved to  global/de-DE/README.md
[09:35:05] Picture infomations saved to global/de-DE/history/2025/11/03_de-DE.md
[09:35:05] Start geting global Bing Wallpaper, region=en-CA, local time is 2025-11-03 04:35:05.182604-05:00
[09:35:05] Successful get url: https://www.bing.com/th?id=OHR.MexicoJelly_EN-CA4031651067_UHD.jpg
[09:35:05] Picture infomations saved to  global/en-CA/README.md
[09:35:05] Picture infomations saved to global/en-CA/history/2025/11/04_en-CA.md
[09:35:05] Start geting global Bing Wallpaper, region=en-GB, local time is 2025-11-03 09:35:05.381901+00:00
[09:35:05] Successful get url: https://www.bing.com/th?id=OHR.MexicoJelly_EN-GB3540800984_UHD.jpg
[09:35:05] Picture infomations saved to  global/en-GB/README.md
[09:35:05] Picture infomations saved to global/en-GB/history/2025/11/04_en-GB.md
[09:35:05] Start geting global Bing Wallpaper, region=it-IT, local time is 2025-11-03 10:35:05.611665+01:00
[09:35:05] Successful get url: https://www.bing.com/th?id=OHR.MexicoJelly_IT-IT5253292214_UHD.jpg
[09:35:05] Picture infomations saved to  global/it-IT/README.md
[09:35:05] Picture infomations saved to global/it-IT/history/2025/11/03_it-IT.md
[09:35:05] Start geting global Bing Wallpaper, region=es-ES, local time is 2025-11-03 10:35:05.825205+01:00
[09:35:05] Successful get url: https://www.bing.com/th?id=OHR.MexicoJelly_ES-ES0847480755_UHD.jpg
[09:35:05] Picture infomations saved to  global/es-ES/README.md
[09:35:05] Picture infomations saved to global/es-ES/history/2025/11/03_es-ES.md
[09:35:05] Start geting global Bing Wallpaper, region=fr-CA, local time is 2025-11-03 04:35:05.985263-05:00
[09:35:06] Successful get url: https://www.bing.com/th?id=OHR.MexicoJelly_FR-CA4822308838_UHD.jpg
[09:35:06] Picture infomations saved to  global/fr-CA/README.md
[09:35:06] Picture infomations saved to global/fr-CA/history/2025/11/04_fr-CA.md
Program exit at 09:35:06
