
Program started at 09:33:13
Operating System Name: Linux
Operating System Version: #18~24.04.1-Ubuntu SMP Sat Jun 28 04:46:03 UTC 2025
System Architecture: ('64bit', 'ELF')
Computer Type: x86_64
Computer Name: runnervmg1sw1
Processor Type: x86_64
Python Version: 3.12.12
Python Interpreter Name: CPython
[09:33:13] Start geting CN Bing Wallpaper
[09:33:13] Successful get url: https://www.bing.com/th?id=OHR.PierOfEastbourne2025_ZH-CN7178301269_UHD.jpg
[09:33:13] Image saved to img/background.jpg
[09:33:13] Info saved to README.md
[09:33:13] Image saved to history/2025/11/27.md
[09:33:13] Start geting global Bing Wallpaper, region=en-US, local time is 2025-11-27 04:33:13.402505-05:00
[09:33:13] Successful get url: https://www.bing.com/th?id=OHR.TurkeyDetail_EN-US7401521602_UHD.jpg
[09:33:13] Picture infomations saved to  global/en-US/README.md
[09:33:13] Picture infomations saved to global/en-US/history/2025/11/28_en-US.md
[09:33:13] Start geting global Bing Wallpaper, region=ja-JP, local time is 2025-11-27 18:33:13.525139+09:00
[09:33:13] Successful get url: https://www.bing.com/th?id=OHR.LeshanBuddha_JA-JP7625382649_UHD.jpg
[09:33:13] Picture infomations saved to  global/ja-JP/README.md
[09:33:13] Picture infomations saved to global/ja-JP/history/2025/11/27_ja-JP.md
[09:33:13] Start geting global Bing Wallpaper, region=en-IN, local time is 2025-11-27 15:03:13.656678+05:30
[09:33:13] Successful get url: https://www.bing.com/th?id=OHR.PierOfEastbourne2025_EN-IN5538881990_UHD.jpg
[09:33:13] Picture infomations saved to  global/en-IN/README.md
[09:33:13] Picture infomations saved to global/en-IN/history/2025/11/27_en-IN.md
[09:33:13] Start geting global Bing Wallpaper, region=pt-BR, local time is 2025-11-27 06:33:13.778067-03:00
[09:33:13] Successful get url: https://www.bing.com/th?id=OHR.PierOfEastbourne2025_PT-BR7338751404_UHD.jpg
[09:33:13] Picture infomations saved to  global/pt-BR/README.md
[09:33:13] Picture infomations saved to global/pt-BR/history/2025/11/28_pt-BR.md
[09:33:13] Start geting global Bing Wallpaper, region=fr-FR, local time is 2025-11-27 10:33:13.916591+01:00
[09:33:13] Successful get url: https://www.bing.com/th?id=OHR.PierOfEastbourne2025_FR-FR3918245967_UHD.jpg
[09:33:14] Picture infomations saved to  global/fr-FR/README.md
[09:33:14] Picture infomations saved to global/fr-FR/history/2025/11/27_fr-FR.md
[09:33:14] Start geting global Bing Wallpaper, region=de-DE, local time is 2025-11-27 10:33:14.020459+01:00
[09:33:14] Successful get url: https://www.bing.com/th?id=OHR.PierOfEastbourne2025_DE-DE6728942695_UHD.jpg
[09:33:14] Picture infomations saved to  global/de-DE/README.md
[09:33:14] Picture infomations saved to global/de-DE/history/2025/11/27_de-DE.md
[09:33:14] Start geting global Bing Wallpaper, region=en-CA, local time is 2025-11-27 04:33:14.139604-05:00
[09:33:14] Successful get url: https://www.bing.com/th?id=OHR.PierOfEastbourne2025_EN-CA6343784791_UHD.jpg
[09:33:14] Picture infomations saved to  global/en-CA/README.md
[09:33:14] Picture infomations saved to global/en-CA/history/2025/11/28_en-CA.md
[09:33:14] Start geting global Bing Wallpaper, region=en-GB, local time is 2025-11-27 09:33:14.253593+00:00
[09:33:14] Successful get url: https://www.bing.com/th?id=OHR.PierOfEastbourne2025_EN-GB4779826792_UHD.jpg
[09:33:14] Picture infomations saved to  global/en-GB/README.md
[09:33:14] Picture infomations saved to global/en-GB/history/2025/11/28_en-GB.md
[09:33:14] Start geting global Bing Wallpaper, region=it-IT, local time is 2025-11-27 10:33:14.362025+01:00
[09:33:14] Successful get url: https://www.bing.com/th?id=OHR.PierOfEastbourne2025_IT-IT4691451179_UHD.jpg
[09:33:14] Picture infomations saved to  global/it-IT/README.md
[09:33:14] Picture infomations saved to global/it-IT/history/2025/11/27_it-IT.md
[09:33:14] Start geting global Bing Wallpaper, region=es-ES, local time is 2025-11-27 10:33:14.486220+01:00
[09:33:14] Successful get url: https://www.bing.com/th?id=OHR.PierOfEastbourne2025_ES-ES1099940063_UHD.jpg
[09:33:14] Picture infomations saved to  global/es-ES/README.md
[09:33:14] Picture infomations saved to global/es-ES/history/2025/11/27_es-ES.md
[09:33:14] Start geting global Bing Wallpaper, region=fr-CA, local time is 2025-11-27 04:33:14.611107-05:00
[09:33:14] Successful get url: https://www.bing.com/th?id=OHR.PierOfEastbourne2025_FR-CA2166114855_UHD.jpg
[09:33:14] Picture infomations saved to  global/fr-CA/README.md
[09:33:14] Picture infomations saved to global/fr-CA/history/2025/11/28_fr-CA.md
Program exit at 09:33:14
