
Program started at 09:26:07
Operating System Name: Linux
Operating System Version: #18~24.04.1-Ubuntu SMP Sat Jun 28 04:46:03 UTC 2025
System Architecture: ('64bit', 'ELF')
Computer Type: x86_64
Computer Name: runnervmf2e7y
Processor Type: x86_64
Python Version: 3.12.12
Python Interpreter Name: CPython
[09:26:07] Start geting CN Bing Wallpaper
[09:26:07] Successful get url: https://www.bing.com/th?id=OHR.KyotoMaple_ZH-CN4730358356_UHD.jpg
[09:26:07] Image saved to img/background.jpg
[09:26:07] Info saved to README.md
[09:26:07] Image saved to history/2025/11/02.md
[09:26:07] Start geting global Bing Wallpaper, region=en-US, local time is 2025-11-02 04:26:07.528117-05:00
[09:26:07] Successful get url: https://www.bing.com/th?id=OHR.KyotoMaple_EN-US6732403492_UHD.jpg
[09:26:07] Picture infomations saved to  global/en-US/README.md
[09:26:07] Picture infomations saved to global/en-US/history/2025/11/03_en-US.md
[09:26:07] Start geting global Bing Wallpaper, region=ja-JP, local time is 2025-11-02 18:26:07.663543+09:00
[09:26:07] Successful get url: https://www.bing.com/th?id=OHR.KyotoMaple_JA-JP9092721776_UHD.jpg
[09:26:07] Picture infomations saved to  global/ja-JP/README.md
[09:26:07] Picture infomations saved to global/ja-JP/history/2025/11/02_ja-JP.md
[09:26:07] Start geting global Bing Wallpaper, region=en-IN, local time is 2025-11-02 14:56:07.794655+05:30
[09:26:07] Successful get url: https://www.bing.com/th?id=OHR.KyotoMaple_EN-IN1389354305_UHD.jpg
[09:26:08] Picture infomations saved to  global/en-IN/README.md
[09:26:08] Picture infomations saved to global/en-IN/history/2025/11/02_en-IN.md
[09:26:08] Start geting global Bing Wallpaper, region=pt-BR, local time is 2025-11-02 06:26:08.069148-03:00
[09:26:08] Successful get url: https://www.bing.com/th?id=OHR.KyotoMaple_PT-BR7332494643_UHD.jpg
[09:26:08] Picture infomations saved to  global/pt-BR/README.md
[09:26:08] Picture infomations saved to global/pt-BR/history/2025/11/03_pt-BR.md
[09:26:08] Start geting global Bing Wallpaper, region=fr-FR, local time is 2025-11-02 10:26:08.199339+01:00
[09:26:08] Successful get url: https://www.bing.com/th?id=OHR.KyotoMaple_FR-FR3189675625_UHD.jpg
[09:26:08] Picture infomations saved to  global/fr-FR/README.md
[09:26:08] Picture infomations saved to global/fr-FR/history/2025/11/02_fr-FR.md
[09:26:08] Start geting global Bing Wallpaper, region=de-DE, local time is 2025-11-02 10:26:08.338397+01:00
[09:26:08] Successful get url: https://www.bing.com/th?id=OHR.KyotoMaple_DE-DE4984114115_UHD.jpg
[09:26:08] Picture infomations saved to  global/de-DE/README.md
[09:26:08] Picture infomations saved to global/de-DE/history/2025/11/02_de-DE.md
[09:26:08] Start geting global Bing Wallpaper, region=en-CA, local time is 2025-11-02 04:26:08.462764-05:00
[09:26:08] Successful get url: https://www.bing.com/th?id=OHR.KyotoMaple_EN-CA3068038101_UHD.jpg
[09:26:08] Picture infomations saved to  global/en-CA/README.md
[09:26:08] Picture infomations saved to global/en-CA/history/2025/11/03_en-CA.md
[09:26:08] Start geting global Bing Wallpaper, region=en-GB, local time is 2025-11-02 09:26:08.595168+00:00
[09:26:08] Successful get url: https://www.bing.com/th?id=OHR.KyotoMaple_EN-GB3352646141_UHD.jpg
[09:26:08] Picture infomations saved to  global/en-GB/README.md
[09:26:08] Picture infomations saved to global/en-GB/history/2025/11/03_en-GB.md
[09:26:08] Start geting global Bing Wallpaper, region=it-IT, local time is 2025-11-02 10:26:08.739751+01:00
[09:26:08] Successful get url: https://www.bing.com/th?id=OHR.KyotoMaple_IT-IT4372784609_UHD.jpg
[09:26:08] Picture infomations saved to  global/it-IT/README.md
[09:26:08] Picture infomations saved to global/it-IT/history/2025/11/02_it-IT.md
[09:26:08] Start geting global Bing Wallpaper, region=es-ES, local time is 2025-11-02 10:26:08.910302+01:00
[09:26:08] Successful get url: https://www.bing.com/th?id=OHR.BisonSprings_ES-ES3027945894_UHD.jpg
[09:26:09] Picture infomations saved to  global/es-ES/README.md
[09:26:09] Picture infomations saved to global/es-ES/history/2025/11/02_es-ES.md
[09:26:09] Start geting global Bing Wallpaper, region=fr-CA, local time is 2025-11-02 04:26:09.055857-05:00
[09:26:09] Successful get url: https://www.bing.com/th?id=OHR.KyotoMaple_FR-CA4615731048_UHD.jpg
[09:26:09] Picture infomations saved to  global/fr-CA/README.md
[09:26:09] Picture infomations saved to global/fr-CA/history/2025/11/03_fr-CA.md
Program exit at 09:26:09
