
Program started at 09:27:27
Operating System Name: Linux
Operating System Version: #18~24.04.1-Ubuntu SMP Sat Jun 28 04:46:03 UTC 2025
System Architecture: ('64bit', 'ELF')
Computer Type: x86_64
Computer Name: runnervmf2e7y
Processor Type: x86_64
Python Version: 3.12.12
Python Interpreter Name: CPython
[09:27:27] Start geting CN Bing Wallpaper
[09:27:27] Successful get url: https://www.bing.com/th?id=OHR.BisonSprings_ZH-CN4419733534_UHD.jpg
[09:27:27] Image saved to img/background.jpg
[09:27:27] Info saved to README.md
[09:27:27] Image saved to history/2025/11/01.md
[09:27:27] Start geting global Bing Wallpaper, region=en-US, local time is 2025-11-01 05:27:27.431951-04:00
[09:27:27] Successful get url: https://www.bing.com/th?id=OHR.BisonSprings_EN-US6080228013_UHD.jpg
[09:27:27] Picture infomations saved to  global/en-US/README.md
[09:27:27] Picture infomations saved to global/en-US/history/2025/11/02_en-US.md
[09:27:27] Start geting global Bing Wallpaper, region=ja-JP, local time is 2025-11-01 18:27:27.594879+09:00
[09:27:27] Successful get url: https://www.bing.com/th?id=OHR.BisonSprings_JA-JP2014731306_UHD.jpg
[09:27:27] Picture infomations saved to  global/ja-JP/README.md
[09:27:27] Picture infomations saved to global/ja-JP/history/2025/11/01_ja-JP.md
[09:27:27] Start geting global Bing Wallpaper, region=en-IN, local time is 2025-11-01 14:57:27.873026+05:30
[09:27:27] Successful get url: https://www.bing.com/th?id=OHR.BisonSprings_EN-IN1200877160_UHD.jpg
[09:27:28] Picture infomations saved to  global/en-IN/README.md
[09:27:28] Picture infomations saved to global/en-IN/history/2025/11/01_en-IN.md
[09:27:28] Start geting global Bing Wallpaper, region=pt-BR, local time is 2025-11-01 06:27:28.062710-03:00
[09:27:28] Successful get url: https://www.bing.com/th?id=OHR.BisonSprings_PT-BR7966374292_UHD.jpg
[09:27:28] Picture infomations saved to  global/pt-BR/README.md
[09:27:28] Picture infomations saved to global/pt-BR/history/2025/11/02_pt-BR.md
[09:27:28] Start geting global Bing Wallpaper, region=fr-FR, local time is 2025-11-01 10:27:28.286756+01:00
[09:27:28] Successful get url: https://www.bing.com/th?id=OHR.BisonSprings_FR-FR3050146396_UHD.jpg
[09:27:28] Picture infomations saved to  global/fr-FR/README.md
[09:27:28] Picture infomations saved to global/fr-FR/history/2025/11/01_fr-FR.md
[09:27:28] Start geting global Bing Wallpaper, region=de-DE, local time is 2025-11-01 10:27:28.451540+01:00
[09:27:28] Successful get url: https://www.bing.com/th?id=OHR.BisonSprings_DE-DE1694080486_UHD.jpg
[09:27:28] Picture infomations saved to  global/de-DE/README.md
[09:27:28] Picture infomations saved to global/de-DE/history/2025/11/01_de-DE.md
[09:27:28] Start geting global Bing Wallpaper, region=en-CA, local time is 2025-11-01 05:27:28.651844-04:00
[09:27:28] Successful get url: https://www.bing.com/th?id=OHR.BisonSprings_EN-CA2849126992_UHD.jpg
[09:27:28] Picture infomations saved to  global/en-CA/README.md
[09:27:28] Picture infomations saved to global/en-CA/history/2025/11/02_en-CA.md
[09:27:28] Start geting global Bing Wallpaper, region=en-GB, local time is 2025-11-01 09:27:28.821023+00:00
[09:27:28] Successful get url: https://www.bing.com/th?id=OHR.MoncayoAutumn_EN-GB3179632918_UHD.jpg
[09:27:28] Picture infomations saved to  global/en-GB/README.md
[09:27:28] Picture infomations saved to global/en-GB/history/2025/11/02_en-GB.md
[09:27:28] Start geting global Bing Wallpaper, region=it-IT, local time is 2025-11-01 10:27:28.992575+01:00
[09:27:29] Successful get url: https://www.bing.com/th?id=OHR.BisonSprings_IT-IT4205256619_UHD.jpg
[09:27:29] Picture infomations saved to  global/it-IT/README.md
[09:27:29] Picture infomations saved to global/it-IT/history/2025/11/01_it-IT.md
[09:27:29] Start geting global Bing Wallpaper, region=es-ES, local time is 2025-11-01 10:27:29.197730+01:00
[09:27:29] Successful get url: https://www.bing.com/th?id=OHR.AutumSaints_ES-ES0641147491_UHD.jpg
[09:27:29] Picture infomations saved to  global/es-ES/README.md
[09:27:29] Picture infomations saved to global/es-ES/history/2025/11/01_es-ES.md
[09:27:29] Start geting global Bing Wallpaper, region=fr-CA, local time is 2025-11-01 05:27:29.371666-04:00
[09:27:29] Successful get url: https://www.bing.com/th?id=OHR.BisonSprings_FR-CA4358928042_UHD.jpg
[09:27:29] Picture infomations saved to  global/fr-CA/README.md
[09:27:29] Picture infomations saved to global/fr-CA/history/2025/11/02_fr-CA.md
Program exit at 09:27:29

Program started at 16:14:12
Operating System Name: Linux
Operating System Version: #18~24.04.1-Ubuntu SMP Sat Jun 28 04:46:03 UTC 2025
System Architecture: ('64bit', 'ELF')
Computer Type: x86_64
Computer Name: runnervmf2e7y
Processor Type: x86_64
Python Version: 3.12.12
Python Interpreter Name: CPython
[16:14:12] Start geting CN Bing Wallpaper
[16:14:12] Successful get url: https://www.bing.com/th?id=OHR.KyotoMaple_ZH-CN4730358356_UHD.jpg
[16:14:12] Image saved to img/background.jpg
[16:14:12] Info saved to README.md
[16:14:12] Image saved to history/2025/11/02.md
[16:14:12] Start geting global Bing Wallpaper, region=en-US, local time is 2025-11-01 12:14:12.480751-04:00
[16:14:12] Successful get url: https://www.bing.com/th?id=OHR.BisonSprings_EN-US6080228013_UHD.jpg
[16:14:12] Picture infomations saved to  global/en-US/README.md
[16:14:12] Picture infomations saved to global/en-US/history/2025/11/02_en-US.md
[16:14:12] Start geting global Bing Wallpaper, region=ja-JP, local time is 2025-11-02 01:14:12.604230+09:00
[16:14:12] Successful get url: https://www.bing.com/th?id=OHR.KyotoMaple_JA-JP9092721776_UHD.jpg
[16:14:12] Picture infomations saved to  global/ja-JP/README.md
[16:14:12] Picture infomations saved to global/ja-JP/history/2025/11/02_ja-JP.md
[16:14:12] Start geting global Bing Wallpaper, region=en-IN, local time is 2025-11-01 21:44:12.754619+05:30
[16:14:12] Successful get url: https://www.bing.com/th?id=OHR.BisonSprings_EN-IN1200877160_UHD.jpg
[16:14:12] Picture infomations saved to  global/en-IN/README.md
[16:14:12] Picture infomations saved to global/en-IN/history/2025/11/01_en-IN.md
[16:14:12] Start geting global Bing Wallpaper, region=pt-BR, local time is 2025-11-01 13:14:12.866477-03:00
[16:14:12] Successful get url: https://www.bing.com/th?id=OHR.BisonSprings_PT-BR7966374292_UHD.jpg
[16:14:12] Picture infomations saved to  global/pt-BR/README.md
[16:14:12] Picture infomations saved to global/pt-BR/history/2025/11/02_pt-BR.md
[16:14:12] Start geting global Bing Wallpaper, region=fr-FR, local time is 2025-11-01 17:14:12.975847+01:00
[16:14:13] Successful get url: https://www.bing.com/th?id=OHR.BisonSprings_FR-FR3050146396_UHD.jpg
[16:14:13] Picture infomations saved to  global/fr-FR/README.md
[16:14:13] Picture infomations saved to global/fr-FR/history/2025/11/01_fr-FR.md
[16:14:13] Start geting global Bing Wallpaper, region=de-DE, local time is 2025-11-01 17:14:13.080195+01:00
[16:14:13] Successful get url: https://www.bing.com/th?id=OHR.BisonSprings_DE-DE1694080486_UHD.jpg
[16:14:13] Picture infomations saved to  global/de-DE/README.md
[16:14:13] Picture infomations saved to global/de-DE/history/2025/11/01_de-DE.md
[16:14:13] Start geting global Bing Wallpaper, region=en-CA, local time is 2025-11-01 12:14:13.189154-04:00
[16:14:13] Successful get url: https://www.bing.com/th?id=OHR.BisonSprings_EN-CA2849126992_UHD.jpg
[16:14:13] Picture infomations saved to  global/en-CA/README.md
[16:14:13] Picture infomations saved to global/en-CA/history/2025/11/02_en-CA.md
[16:14:13] Start geting global Bing Wallpaper, region=en-GB, local time is 2025-11-01 16:14:13.287222+00:00
[16:14:13] Successful get url: https://www.bing.com/th?id=OHR.MoncayoAutumn_EN-GB3179632918_UHD.jpg
[16:14:13] Picture infomations saved to  global/en-GB/README.md
[16:14:13] Picture infomations saved to global/en-GB/history/2025/11/02_en-GB.md
[16:14:13] Start geting global Bing Wallpaper, region=it-IT, local time is 2025-11-01 17:14:13.385447+01:00
[16:14:13] Successful get url: https://www.bing.com/th?id=OHR.BisonSprings_IT-IT4205256619_UHD.jpg
[16:14:13] Picture infomations saved to  global/it-IT/README.md
[16:14:13] Picture infomations saved to global/it-IT/history/2025/11/01_it-IT.md
[16:14:13] Start geting global Bing Wallpaper, region=es-ES, local time is 2025-11-01 17:14:13.487573+01:00
[16:14:13] Successful get url: https://www.bing.com/th?id=OHR.AutumSaints_ES-ES0641147491_UHD.jpg
[16:14:13] Picture infomations saved to  global/es-ES/README.md
[16:14:13] Picture infomations saved to global/es-ES/history/2025/11/01_es-ES.md
[16:14:13] Start geting global Bing Wallpaper, region=fr-CA, local time is 2025-11-01 12:14:13.589875-04:00
[16:14:13] Successful get url: https://www.bing.com/th?id=OHR.BisonSprings_FR-CA4358928042_UHD.jpg
[16:14:13] Picture infomations saved to  global/fr-CA/README.md
[16:14:13] Picture infomations saved to global/fr-CA/history/2025/11/02_fr-CA.md
Program exit at 16:14:13
