
Program started at 09:32:47
Operating System Name: Linux
Operating System Version: #18~24.04.1-Ubuntu SMP Sat Jun 28 04:46:03 UTC 2025
System Architecture: ('64bit', 'ELF')
Computer Type: x86_64
Computer Name: runnervmw9dnm
Processor Type: x86_64
Python Version: 3.12.12
Python Interpreter Name: CPython
[09:32:48] Start geting CN Bing Wallpaper
[09:32:48] Successful get url: https://www.bing.com/th?id=OHR.ColosseumRome_ZH-CN4305271578_UHD.jpg
[09:32:48] Image saved to img/background.jpg
[09:32:48] Info saved to README.md
[09:32:48] Image saved to history/2025/11/12.md
[09:32:48] Start geting global Bing Wallpaper, region=en-US, local time is 2025-11-12 04:32:48.173825-05:00
[09:32:48] Successful get url: https://www.bing.com/th?id=OHR.ColosseumRome_EN-US6932882124_UHD.jpg
[09:32:48] Picture infomations saved to  global/en-US/README.md
[09:32:48] Picture infomations saved to global/en-US/history/2025/11/13_en-US.md
[09:32:48] Start geting global Bing Wallpaper, region=ja-JP, local time is 2025-11-12 18:32:48.308093+09:00
[09:32:48] Successful get url: https://www.bing.com/th?id=OHR.ColosseumRome_JA-JP4396797747_UHD.jpg
[09:32:48] Picture infomations saved to  global/ja-JP/README.md
[09:32:48] Picture infomations saved to global/ja-JP/history/2025/11/12_ja-JP.md
[09:32:48] Start geting global Bing Wallpaper, region=en-IN, local time is 2025-11-12 15:02:48.409483+05:30
[09:32:48] Successful get url: https://www.bing.com/th?id=OHR.ColosseumRome_EN-IN3858080583_UHD.jpg
[09:32:48] Picture infomations saved to  global/en-IN/README.md
[09:32:48] Picture infomations saved to global/en-IN/history/2025/11/12_en-IN.md
[09:32:48] Start geting global Bing Wallpaper, region=pt-BR, local time is 2025-11-12 06:32:48.510822-03:00
[09:32:48] Successful get url: https://www.bing.com/th?id=OHR.DiaPantanal_PT-BR4333976346_UHD.jpg
[09:32:48] Picture infomations saved to  global/pt-BR/README.md
[09:32:48] Picture infomations saved to global/pt-BR/history/2025/11/13_pt-BR.md
[09:32:48] Start geting global Bing Wallpaper, region=fr-FR, local time is 2025-11-12 10:32:48.611042+01:00
[09:32:48] Successful get url: https://www.bing.com/th?id=OHR.ColosseumRome_FR-FR6041377541_UHD.jpg
[09:32:48] Picture infomations saved to  global/fr-FR/README.md
[09:32:48] Picture infomations saved to global/fr-FR/history/2025/11/12_fr-FR.md
[09:32:48] Start geting global Bing Wallpaper, region=de-DE, local time is 2025-11-12 10:32:48.745136+01:00
[09:32:48] Successful get url: https://www.bing.com/th?id=OHR.ColosseumRome_DE-DE9770926344_UHD.jpg
[09:32:48] Picture infomations saved to  global/de-DE/README.md
[09:32:48] Picture infomations saved to global/de-DE/history/2025/11/12_de-DE.md
[09:32:48] Start geting global Bing Wallpaper, region=en-CA, local time is 2025-11-12 04:32:48.839003-05:00
[09:32:48] Successful get url: https://www.bing.com/th?id=OHR.ColosseumRome_EN-CA9601372901_UHD.jpg
[09:32:48] Picture infomations saved to  global/en-CA/README.md
[09:32:48] Picture infomations saved to global/en-CA/history/2025/11/13_en-CA.md
[09:32:48] Start geting global Bing Wallpaper, region=en-GB, local time is 2025-11-12 09:32:48.938380+00:00
[09:32:48] Successful get url: https://www.bing.com/th?id=OHR.ColosseumRome_EN-GB0175580100_UHD.jpg
[09:32:49] Picture infomations saved to  global/en-GB/README.md
[09:32:49] Picture infomations saved to global/en-GB/history/2025/11/13_en-GB.md
[09:32:49] Start geting global Bing Wallpaper, region=it-IT, local time is 2025-11-12 10:32:49.036545+01:00
[09:32:49] Successful get url: https://www.bing.com/th?id=OHR.ColosseumRome_IT-IT5258156974_UHD.jpg
[09:32:49] Picture infomations saved to  global/it-IT/README.md
[09:32:49] Picture infomations saved to global/it-IT/history/2025/11/12_it-IT.md
[09:32:49] Start geting global Bing Wallpaper, region=es-ES, local time is 2025-11-12 10:32:49.164887+01:00
[09:32:49] Successful get url: https://www.bing.com/th?id=OHR.ColosseumRome_ES-ES3360998875_UHD.jpg
[09:32:49] Picture infomations saved to  global/es-ES/README.md
[09:32:49] Picture infomations saved to global/es-ES/history/2025/11/12_es-ES.md
[09:32:49] Start geting global Bing Wallpaper, region=fr-CA, local time is 2025-11-12 04:32:49.279507-05:00
[09:32:49] Successful get url: https://www.bing.com/th?id=OHR.ColosseumRome_FR-CA7163136635_UHD.jpg
[09:32:49] Picture infomations saved to  global/fr-CA/README.md
[09:32:49] Picture infomations saved to global/fr-CA/history/2025/11/13_fr-CA.md
Program exit at 09:32:49
