
Program started at 09:30:49
Operating System Name: Linux
Operating System Version: #18~24.04.1-Ubuntu SMP Sat Jun 28 04:46:03 UTC 2025
System Architecture: ('64bit', 'ELF')
Computer Type: x86_64
Computer Name: runnervmf2e7y
Processor Type: x86_64
Python Version: 3.12.12
Python Interpreter Name: CPython
[09:30:49] Start geting CN Bing Wallpaper
[09:30:49] Successful get url: https://www.bing.com/th?id=OHR.WillowBear_ZH-CN3501489210_UHD.jpg
[09:30:50] Image saved to img/background.jpg
[09:30:50] Info saved to README.md
[09:30:50] Image saved to history/2025/11/07.md
[09:30:50] Start geting global Bing Wallpaper, region=en-US, local time is 2025-11-07 04:30:50.129891-05:00
[09:30:50] Successful get url: https://www.bing.com/th?id=OHR.WillowBear_EN-US6995170630_UHD.jpg
[09:30:50] Picture infomations saved to  global/en-US/README.md
[09:30:50] Picture infomations saved to global/en-US/history/2025/11/08_en-US.md
[09:30:50] Start geting global Bing Wallpaper, region=ja-JP, local time is 2025-11-07 18:30:50.443600+09:00
[09:30:50] Successful get url: https://www.bing.com/th?id=OHR.Lidong2025_JA-JP0788996940_UHD.jpg
[09:30:50] Picture infomations saved to  global/ja-JP/README.md
[09:30:50] Picture infomations saved to global/ja-JP/history/2025/11/07_ja-JP.md
[09:30:50] Start geting global Bing Wallpaper, region=en-IN, local time is 2025-11-07 15:00:50.758412+05:30
[09:30:50] Successful get url: https://www.bing.com/th?id=OHR.WillowBear_EN-IN2726159563_UHD.jpg
[09:30:51] Picture infomations saved to  global/en-IN/README.md
[09:30:51] Picture infomations saved to global/en-IN/history/2025/11/07_en-IN.md
[09:30:51] Start geting global Bing Wallpaper, region=pt-BR, local time is 2025-11-07 06:30:51.050970-03:00
[09:30:51] Successful get url: https://www.bing.com/th?id=OHR.ChurchMG_PT-BR3242997817_UHD.jpg
[09:30:51] Picture infomations saved to  global/pt-BR/README.md
[09:30:51] Picture infomations saved to global/pt-BR/history/2025/11/08_pt-BR.md
[09:30:51] Start geting global Bing Wallpaper, region=fr-FR, local time is 2025-11-07 10:30:51.360435+01:00
[09:30:51] Successful get url: https://www.bing.com/th?id=OHR.WillowBear_FR-FR5230824319_UHD.jpg
[09:30:51] Picture infomations saved to  global/fr-FR/README.md
[09:30:51] Picture infomations saved to global/fr-FR/history/2025/11/07_fr-FR.md
[09:30:51] Start geting global Bing Wallpaper, region=de-DE, local time is 2025-11-07 10:30:51.660550+01:00
[09:30:51] Successful get url: https://www.bing.com/th?id=OHR.WillowBear_DE-DE7018032776_UHD.jpg
[09:30:51] Picture infomations saved to  global/de-DE/README.md
[09:30:51] Picture infomations saved to global/de-DE/history/2025/11/07_de-DE.md
[09:30:51] Start geting global Bing Wallpaper, region=en-CA, local time is 2025-11-07 04:30:51.961782-05:00
[09:30:52] Successful get url: https://www.bing.com/th?id=OHR.WillowBear_EN-CA6004529006_UHD.jpg
[09:30:52] Picture infomations saved to  global/en-CA/README.md
[09:30:52] Picture infomations saved to global/en-CA/history/2025/11/08_en-CA.md
[09:30:52] Start geting global Bing Wallpaper, region=en-GB, local time is 2025-11-07 09:30:52.250540+00:00
[09:30:52] Successful get url: https://www.bing.com/th?id=OHR.WillowBear_EN-GB7735486202_UHD.jpg
[09:30:52] Picture infomations saved to  global/en-GB/README.md
[09:30:52] Picture infomations saved to global/en-GB/history/2025/11/08_en-GB.md
[09:30:52] Start geting global Bing Wallpaper, region=it-IT, local time is 2025-11-07 10:30:52.541554+01:00
[09:30:52] Successful get url: https://www.bing.com/th?id=OHR.WillowBear_IT-IT4740478745_UHD.jpg
[09:30:52] Picture infomations saved to  global/it-IT/README.md
[09:30:52] Picture infomations saved to global/it-IT/history/2025/11/07_it-IT.md
[09:30:52] Start geting global Bing Wallpaper, region=es-ES, local time is 2025-11-07 10:30:52.834254+01:00
[09:30:52] Successful get url: https://www.bing.com/th?id=OHR.WillowBear_ES-ES1378157368_UHD.jpg
[09:30:53] Picture infomations saved to  global/es-ES/README.md
[09:30:53] Picture infomations saved to global/es-ES/history/2025/11/07_es-ES.md
[09:30:53] Start geting global Bing Wallpaper, region=fr-CA, local time is 2025-11-07 04:30:53.121381-05:00
[09:30:53] Successful get url: https://www.bing.com/th?id=OHR.WillowBear_FR-CA5617207363_UHD.jpg
[09:30:53] Picture infomations saved to  global/fr-CA/README.md
[09:30:53] Picture infomations saved to global/fr-CA/history/2025/11/08_fr-CA.md
Program exit at 09:30:53
