
Program started at 09:27:49
Operating System Name: Linux
Operating System Version: #18~24.04.1-Ubuntu SMP Sat Jun 28 04:46:03 UTC 2025
System Architecture: ('64bit', 'ELF')
Computer Type: x86_64
Computer Name: runnervmg1sw1
Processor Type: x86_64
Python Version: 3.12.12
Python Interpreter Name: CPython
[09:27:49] Start geting CN Bing Wallpaper
[09:27:49] Successful get url: https://www.bing.com/th?id=OHR.IrohazakaAutumn_ZH-CN8146412245_UHD.jpg
[09:27:49] Image saved to img/background.jpg
[09:27:49] Info saved to README.md
[09:27:49] Image saved to history/2025/11/15.md
[09:27:49] Start geting global Bing Wallpaper, region=en-US, local time is 2025-11-15 04:27:49.502863-05:00
[09:27:49] Successful get url: https://www.bing.com/th?id=OHR.IrohazakaAutumn_EN-US9137140715_UHD.jpg
[09:27:49] Picture infomations saved to  global/en-US/README.md
[09:27:49] Picture infomations saved to global/en-US/history/2025/11/16_en-US.md
[09:27:49] Start geting global Bing Wallpaper, region=ja-JP, local time is 2025-11-15 18:27:49.848383+09:00
[09:27:49] Successful get url: https://www.bing.com/th?id=OHR.IrohazakaAutumn_JA-JP9540132956_UHD.jpg
[09:27:50] Picture infomations saved to  global/ja-JP/README.md
[09:27:50] Picture infomations saved to global/ja-JP/history/2025/11/15_ja-JP.md
[09:27:50] Start geting global Bing Wallpaper, region=en-IN, local time is 2025-11-15 14:57:50.076508+05:30
[09:27:50] Successful get url: https://www.bing.com/th?id=OHR.IrohazakaAutumn_EN-IN1196810691_UHD.jpg
[09:27:50] Picture infomations saved to  global/en-IN/README.md
[09:27:50] Picture infomations saved to global/en-IN/history/2025/11/15_en-IN.md
[09:27:50] Start geting global Bing Wallpaper, region=pt-BR, local time is 2025-11-15 06:27:50.319195-03:00
[09:27:50] Successful get url: https://www.bing.com/th?id=OHR.ProcRep_PT-BR2106067461_UHD.jpg
[09:27:50] Picture infomations saved to  global/pt-BR/README.md
[09:27:50] Picture infomations saved to global/pt-BR/history/2025/11/16_pt-BR.md
[09:27:50] Start geting global Bing Wallpaper, region=fr-FR, local time is 2025-11-15 10:27:50.557183+01:00
[09:27:50] Successful get url: https://www.bing.com/th?id=OHR.IrohazakaAutumn_FR-FR4919627765_UHD.jpg
[09:27:50] Picture infomations saved to  global/fr-FR/README.md
[09:27:50] Picture infomations saved to global/fr-FR/history/2025/11/15_fr-FR.md
[09:27:50] Start geting global Bing Wallpaper, region=de-DE, local time is 2025-11-15 10:27:50.794398+01:00
[09:27:50] Successful get url: https://www.bing.com/th?id=OHR.IrohazakaAutumn_DE-DE0981983291_UHD.jpg
[09:27:51] Picture infomations saved to  global/de-DE/README.md
[09:27:51] Picture infomations saved to global/de-DE/history/2025/11/15_de-DE.md
[09:27:51] Start geting global Bing Wallpaper, region=en-CA, local time is 2025-11-15 04:27:51.090000-05:00
[09:27:51] Successful get url: https://www.bing.com/th?id=OHR.IrohazakaAutumn_EN-CA5922054041_UHD.jpg
[09:27:51] Picture infomations saved to  global/en-CA/README.md
[09:27:51] Picture infomations saved to global/en-CA/history/2025/11/16_en-CA.md
[09:27:51] Start geting global Bing Wallpaper, region=en-GB, local time is 2025-11-15 09:27:51.338445+00:00
[09:27:51] Successful get url: https://www.bing.com/th?id=OHR.IrohazakaAutumn_EN-GB2923985391_UHD.jpg
[09:27:51] Picture infomations saved to  global/en-GB/README.md
[09:27:51] Picture infomations saved to global/en-GB/history/2025/11/16_en-GB.md
[09:27:51] Start geting global Bing Wallpaper, region=it-IT, local time is 2025-11-15 10:27:51.560398+01:00
[09:27:51] Successful get url: https://www.bing.com/th?id=OHR.IrohazakaAutumn_IT-IT9755895022_UHD.jpg
[09:27:51] Picture infomations saved to  global/it-IT/README.md
[09:27:51] Picture infomations saved to global/it-IT/history/2025/11/15_it-IT.md
[09:27:51] Start geting global Bing Wallpaper, region=es-ES, local time is 2025-11-15 10:27:51.787783+01:00
[09:27:51] Successful get url: https://www.bing.com/th?id=OHR.IrohazakaAutumn_ES-ES9784235490_UHD.jpg
[09:27:52] Picture infomations saved to  global/es-ES/README.md
[09:27:52] Picture infomations saved to global/es-ES/history/2025/11/15_es-ES.md
[09:27:52] Start geting global Bing Wallpaper, region=fr-CA, local time is 2025-11-15 04:27:52.039558-05:00
[09:27:52] Successful get url: https://www.bing.com/th?id=OHR.IrohazakaAutumn_FR-CA8149319279_UHD.jpg
[09:27:52] Picture infomations saved to  global/fr-CA/README.md
[09:27:52] Picture infomations saved to global/fr-CA/history/2025/11/16_fr-CA.md
Program exit at 09:27:52
