
Program started at 09:32:47
Operating System Name: Linux
Operating System Version: #18~24.04.1-Ubuntu SMP Sat Jun 28 04:46:03 UTC 2025
System Architecture: ('64bit', 'ELF')
Computer Type: x86_64
Computer Name: runnervmf2e7y
Processor Type: x86_64
Python Version: 3.12.12
Python Interpreter Name: CPython
[09:32:47] Start geting CN Bing Wallpaper
[09:32:47] Successful get url: https://www.bing.com/th?id=OHR.LanternsThailand_ZH-CN3419382923_UHD.jpg
[09:32:48] Image saved to img/background.jpg
[09:32:48] Info saved to README.md
[09:32:48] Image saved to history/2025/11/06.md
[09:32:48] Start geting global Bing Wallpaper, region=en-US, local time is 2025-11-06 04:32:48.100745-05:00
[09:32:48] Successful get url: https://www.bing.com/th?id=OHR.LanternsThailand_EN-US6955074347_UHD.jpg
[09:32:48] Picture infomations saved to  global/en-US/README.md
[09:32:48] Picture infomations saved to global/en-US/history/2025/11/07_en-US.md
[09:32:48] Start geting global Bing Wallpaper, region=ja-JP, local time is 2025-11-06 18:32:48.271688+09:00
[09:32:48] Successful get url: https://www.bing.com/th?id=OHR.LanternsThailand_JA-JP0402404581_UHD.jpg
[09:32:48] Picture infomations saved to  global/ja-JP/README.md
[09:32:48] Picture infomations saved to global/ja-JP/history/2025/11/06_ja-JP.md
[09:32:48] Start geting global Bing Wallpaper, region=en-IN, local time is 2025-11-06 15:02:48.453393+05:30
[09:32:48] Successful get url: https://www.bing.com/th?id=OHR.LanternsThailand_EN-IN2545477779_UHD.jpg
[09:32:48] Picture infomations saved to  global/en-IN/README.md
[09:32:48] Picture infomations saved to global/en-IN/history/2025/11/06_en-IN.md
[09:32:48] Start geting global Bing Wallpaper, region=pt-BR, local time is 2025-11-06 06:32:48.632239-03:00
[09:32:48] Successful get url: https://www.bing.com/th?id=OHR.LanternsThailand_PT-BR3447190776_UHD.jpg
[09:32:48] Picture infomations saved to  global/pt-BR/README.md
[09:32:48] Picture infomations saved to global/pt-BR/history/2025/11/07_pt-BR.md
[09:32:48] Start geting global Bing Wallpaper, region=fr-FR, local time is 2025-11-06 10:32:48.824984+01:00
[09:32:48] Successful get url: https://www.bing.com/th?id=OHR.LanternsThailand_FR-FR4768060525_UHD.jpg
[09:32:49] Picture infomations saved to  global/fr-FR/README.md
[09:32:49] Picture infomations saved to global/fr-FR/history/2025/11/06_fr-FR.md
[09:32:49] Start geting global Bing Wallpaper, region=de-DE, local time is 2025-11-06 10:32:49.000895+01:00
[09:32:49] Successful get url: https://www.bing.com/th?id=OHR.LanternsThailand_DE-DE6599353483_UHD.jpg
[09:32:49] Picture infomations saved to  global/de-DE/README.md
[09:32:49] Picture infomations saved to global/de-DE/history/2025/11/06_de-DE.md
[09:32:49] Start geting global Bing Wallpaper, region=en-CA, local time is 2025-11-06 04:32:49.180613-05:00
[09:32:49] Successful get url: https://www.bing.com/th?id=OHR.LanternsThailand_EN-CA5479422302_UHD.jpg
[09:32:49] Picture infomations saved to  global/en-CA/README.md
[09:32:49] Picture infomations saved to global/en-CA/history/2025/11/07_en-CA.md
[09:32:49] Start geting global Bing Wallpaper, region=en-GB, local time is 2025-11-06 09:32:49.344560+00:00
[09:32:49] Successful get url: https://www.bing.com/th?id=OHR.LanternsThailand_EN-GB4246511086_UHD.jpg
[09:32:49] Picture infomations saved to  global/en-GB/README.md
[09:32:49] Picture infomations saved to global/en-GB/history/2025/11/07_en-GB.md
[09:32:49] Start geting global Bing Wallpaper, region=it-IT, local time is 2025-11-06 10:32:49.514136+01:00
[09:32:49] Successful get url: https://www.bing.com/th?id=OHR.LanternsThailand_IT-IT4602897634_UHD.jpg
[09:32:49] Picture infomations saved to  global/it-IT/README.md
[09:32:49] Picture infomations saved to global/it-IT/history/2025/11/06_it-IT.md
[09:32:49] Start geting global Bing Wallpaper, region=es-ES, local time is 2025-11-06 10:32:49.680644+01:00
[09:32:49] Successful get url: https://www.bing.com/th?id=OHR.LanternsThailand_ES-ES1230113417_UHD.jpg
[09:32:49] Picture infomations saved to  global/es-ES/README.md
[09:32:49] Picture infomations saved to global/es-ES/history/2025/11/06_es-ES.md
[09:32:49] Start geting global Bing Wallpaper, region=fr-CA, local time is 2025-11-06 04:32:49.848217-05:00
[09:32:49] Successful get url: https://www.bing.com/th?id=OHR.LanternsThailand_FR-CA5464374973_UHD.jpg
[09:32:50] Picture infomations saved to  global/fr-CA/README.md
[09:32:50] Picture infomations saved to global/fr-CA/history/2025/11/07_fr-CA.md
Program exit at 09:32:50
