
Program started at 09:34:24
Operating System Name: Linux
Operating System Version: #18~24.04.1-Ubuntu SMP Sat Jun 28 04:46:03 UTC 2025
System Architecture: ('64bit', 'ELF')
Computer Type: x86_64
Computer Name: runnervmg1sw1
Processor Type: x86_64
Python Version: 3.12.12
Python Interpreter Name: CPython
[09:34:24] Start geting CN Bing Wallpaper
[09:34:24] Successful get url: https://www.bing.com/th?id=OHR.OliveGrove_ZH-CN7054006944_UHD.jpg
[09:34:24] Image saved to img/background.jpg
[09:34:24] Info saved to README.md
[09:34:24] Image saved to history/2025/11/26.md
[09:34:24] Start geting global Bing Wallpaper, region=en-US, local time is 2025-11-26 04:34:24.651397-05:00
[09:34:24] Successful get url: https://www.bing.com/th?id=OHR.OliveGrove_EN-US7076835672_UHD.jpg
[09:34:24] Picture infomations saved to  global/en-US/README.md
[09:34:24] Picture infomations saved to global/en-US/history/2025/11/27_en-US.md
[09:34:24] Start geting global Bing Wallpaper, region=ja-JP, local time is 2025-11-26 18:34:24.820151+09:00
[09:34:24] Successful get url: https://www.bing.com/th?id=OHR.TamagawaHotspring2025_JA-JP7774958074_UHD.jpg
[09:34:24] Picture infomations saved to  global/ja-JP/README.md
[09:34:24] Picture infomations saved to global/ja-JP/history/2025/11/26_ja-JP.md
[09:34:24] Start geting global Bing Wallpaper, region=en-IN, local time is 2025-11-26 15:04:24.996314+05:30
[09:34:25] Successful get url: https://www.bing.com/th?id=OHR.OliveGrove_EN-IN5370124306_UHD.jpg
[09:34:25] Picture infomations saved to  global/en-IN/README.md
[09:34:25] Picture infomations saved to global/en-IN/history/2025/11/26_en-IN.md
[09:34:25] Start geting global Bing Wallpaper, region=pt-BR, local time is 2025-11-26 06:34:25.295526-03:00
[09:34:25] Successful get url: https://www.bing.com/th?id=OHR.OliveGrove_PT-BR3341327559_UHD.jpg
[09:34:25] Picture infomations saved to  global/pt-BR/README.md
[09:34:25] Picture infomations saved to global/pt-BR/history/2025/11/27_pt-BR.md
[09:34:25] Start geting global Bing Wallpaper, region=fr-FR, local time is 2025-11-26 10:34:25.470664+01:00
[09:34:25] Successful get url: https://www.bing.com/th?id=OHR.HandmadeMarket_FR-FR3762412272_UHD.jpg
[09:34:25] Picture infomations saved to  global/fr-FR/README.md
[09:34:25] Picture infomations saved to global/fr-FR/history/2025/11/26_fr-FR.md
[09:34:25] Start geting global Bing Wallpaper, region=de-DE, local time is 2025-11-26 10:34:25.622657+01:00
[09:34:25] Successful get url: https://www.bing.com/th?id=OHR.OliveGrove_DE-DE7106057287_UHD.jpg
[09:34:25] Picture infomations saved to  global/de-DE/README.md
[09:34:25] Picture infomations saved to global/de-DE/history/2025/11/26_de-DE.md
[09:34:25] Start geting global Bing Wallpaper, region=en-CA, local time is 2025-11-26 04:34:25.787625-05:00
[09:34:25] Successful get url: https://www.bing.com/th?id=OHR.OliveGrove_EN-CA5951077027_UHD.jpg
[09:34:25] Picture infomations saved to  global/en-CA/README.md
[09:34:25] Picture infomations saved to global/en-CA/history/2025/11/27_en-CA.md
[09:34:25] Start geting global Bing Wallpaper, region=en-GB, local time is 2025-11-26 09:34:25.978500+00:00
[09:34:26] Successful get url: https://www.bing.com/th?id=OHR.OliveGrove_EN-GB4643116459_UHD.jpg
[09:34:26] Picture infomations saved to  global/en-GB/README.md
[09:34:26] Picture infomations saved to global/en-GB/history/2025/11/27_en-GB.md
[09:34:26] Start geting global Bing Wallpaper, region=it-IT, local time is 2025-11-26 10:34:26.145577+01:00
[09:34:26] Successful get url: https://www.bing.com/th?id=OHR.OliveGrove_IT-IT4529942950_UHD.jpg
[09:34:26] Picture infomations saved to  global/it-IT/README.md
[09:34:26] Picture infomations saved to global/it-IT/history/2025/11/26_it-IT.md
[09:34:26] Start geting global Bing Wallpaper, region=es-ES, local time is 2025-11-26 10:34:26.317749+01:00
[09:34:26] Successful get url: https://www.bing.com/th?id=OHR.OliveGrove_ES-ES8682630168_UHD.jpg
[09:34:26] Picture infomations saved to  global/es-ES/README.md
[09:34:26] Picture infomations saved to global/es-ES/history/2025/11/26_es-ES.md
[09:34:26] Start geting global Bing Wallpaper, region=fr-CA, local time is 2025-11-26 04:34:26.465758-05:00
[09:34:26] Successful get url: https://www.bing.com/th?id=OHR.OliveGrove_FR-CA2040413992_UHD.jpg
[09:34:26] Picture infomations saved to  global/fr-CA/README.md
[09:34:26] Picture infomations saved to global/fr-CA/history/2025/11/27_fr-CA.md
Program exit at 09:34:26

Program started at 16:17:52
Operating System Name: Linux
Operating System Version: #18~24.04.1-Ubuntu SMP Sat Jun 28 04:46:03 UTC 2025
System Architecture: ('64bit', 'ELF')
Computer Type: x86_64
Computer Name: runnervmg1sw1
Processor Type: x86_64
Python Version: 3.12.12
Python Interpreter Name: CPython
[16:17:52] Start geting CN Bing Wallpaper
[16:17:52] Successful get url: https://www.bing.com/th?id=OHR.PierOfEastbourne2025_ZH-CN7178301269_UHD.jpg
[16:17:52] Image saved to img/background.jpg
[16:17:52] Info saved to README.md
[16:17:52] Image saved to history/2025/11/27.md
[16:17:52] Start geting global Bing Wallpaper, region=en-US, local time is 2025-11-26 11:17:52.665004-05:00
[16:17:52] Successful get url: https://www.bing.com/th?id=OHR.OliveGrove_EN-US7076835672_UHD.jpg
[16:17:52] Picture infomations saved to  global/en-US/README.md
[16:17:52] Picture infomations saved to global/en-US/history/2025/11/27_en-US.md
[16:17:52] Start geting global Bing Wallpaper, region=ja-JP, local time is 2025-11-27 01:17:52.909729+09:00
[16:17:52] Successful get url: https://www.bing.com/th?id=OHR.LeshanBuddha_JA-JP7625382649_UHD.jpg
[16:17:53] Picture infomations saved to  global/ja-JP/README.md
[16:17:53] Picture infomations saved to global/ja-JP/history/2025/11/27_ja-JP.md
[16:17:53] Start geting global Bing Wallpaper, region=en-IN, local time is 2025-11-26 21:47:53.133700+05:30
[16:17:53] Successful get url: https://www.bing.com/th?id=OHR.OliveGrove_EN-IN5370124306_UHD.jpg
[16:17:53] Picture infomations saved to  global/en-IN/README.md
[16:17:53] Picture infomations saved to global/en-IN/history/2025/11/26_en-IN.md
[16:17:53] Start geting global Bing Wallpaper, region=pt-BR, local time is 2025-11-26 13:17:53.350179-03:00
[16:17:53] Successful get url: https://www.bing.com/th?id=OHR.OliveGrove_PT-BR3341327559_UHD.jpg
[16:17:53] Picture infomations saved to  global/pt-BR/README.md
[16:17:53] Picture infomations saved to global/pt-BR/history/2025/11/27_pt-BR.md
[16:17:53] Start geting global Bing Wallpaper, region=fr-FR, local time is 2025-11-26 17:17:53.561799+01:00
[16:17:53] Successful get url: https://www.bing.com/th?id=OHR.HandmadeMarket_FR-FR3762412272_UHD.jpg
[16:17:53] Picture infomations saved to  global/fr-FR/README.md
[16:17:53] Picture infomations saved to global/fr-FR/history/2025/11/26_fr-FR.md
[16:17:53] Start geting global Bing Wallpaper, region=de-DE, local time is 2025-11-26 17:17:53.809518+01:00
[16:17:53] Successful get url: https://www.bing.com/th?id=OHR.OliveGrove_DE-DE7106057287_UHD.jpg
[16:17:54] Picture infomations saved to  global/de-DE/README.md
[16:17:54] Picture infomations saved to global/de-DE/history/2025/11/26_de-DE.md
[16:17:54] Start geting global Bing Wallpaper, region=en-CA, local time is 2025-11-26 11:17:54.039589-05:00
[16:17:54] Successful get url: https://www.bing.com/th?id=OHR.OliveGrove_EN-CA5951077027_UHD.jpg
[16:17:54] Picture infomations saved to  global/en-CA/README.md
[16:17:54] Picture infomations saved to global/en-CA/history/2025/11/27_en-CA.md
[16:17:54] Start geting global Bing Wallpaper, region=en-GB, local time is 2025-11-26 16:17:54.313501+00:00
[16:17:54] Successful get url: https://www.bing.com/th?id=OHR.OliveGrove_EN-GB4643116459_UHD.jpg
[16:17:54] Picture infomations saved to  global/en-GB/README.md
[16:17:54] Picture infomations saved to global/en-GB/history/2025/11/27_en-GB.md
[16:17:54] Start geting global Bing Wallpaper, region=it-IT, local time is 2025-11-26 17:17:54.540125+01:00
[16:17:54] Successful get url: https://www.bing.com/th?id=OHR.OliveGrove_IT-IT4529942950_UHD.jpg
[16:17:54] Picture infomations saved to  global/it-IT/README.md
[16:17:54] Picture infomations saved to global/it-IT/history/2025/11/26_it-IT.md
[16:17:54] Start geting global Bing Wallpaper, region=es-ES, local time is 2025-11-26 17:17:54.759396+01:00
[16:17:54] Successful get url: https://www.bing.com/th?id=OHR.OliveGrove_ES-ES8682630168_UHD.jpg
[16:17:54] Picture infomations saved to  global/es-ES/README.md
[16:17:54] Picture infomations saved to global/es-ES/history/2025/11/26_es-ES.md
[16:17:54] Start geting global Bing Wallpaper, region=fr-CA, local time is 2025-11-26 11:17:54.970150-05:00
[16:17:55] Successful get url: https://www.bing.com/th?id=OHR.OliveGrove_FR-CA2040413992_UHD.jpg
[16:17:55] Picture infomations saved to  global/fr-CA/README.md
[16:17:55] Picture infomations saved to global/fr-CA/history/2025/11/27_fr-CA.md
Program exit at 16:17:55
