
Program started at 09:29:16
Operating System Name: Linux
Operating System Version: #18~24.04.1-Ubuntu SMP Sat Jun 28 04:46:03 UTC 2025
System Architecture: ('64bit', 'ELF')
Computer Type: x86_64
Computer Name: runnervmg1sw1
Processor Type: x86_64
Python Version: 3.12.12
Python Interpreter Name: CPython
[09:29:16] Start geting CN Bing Wallpaper
[09:29:16] Successful get url: https://www.bing.com/th?id=OHR.DeerVeluwe_ZH-CN1438758687_UHD.jpg
[09:29:16] Image saved to img/background.jpg
[09:29:16] Info saved to README.md
[09:29:16] Image saved to history/2025/11/29.md
[09:29:16] Start geting global Bing Wallpaper, region=en-US, local time is 2025-11-29 04:29:16.322669-05:00
[09:29:16] Successful get url: https://www.bing.com/th?id=OHR.DeerVeluwe_EN-US6795108723_UHD.jpg
[09:29:16] Picture infomations saved to  global/en-US/README.md
[09:29:16] Picture infomations saved to global/en-US/history/2025/11/30_en-US.md
[09:29:16] Start geting global Bing Wallpaper, region=ja-JP, local time is 2025-11-29 18:29:16.486031+09:00
[09:29:16] Successful get url: https://www.bing.com/th?id=OHR.DeerVeluwe_JA-JP4126519808_UHD.jpg
[09:29:16] Picture infomations saved to  global/ja-JP/README.md
[09:29:16] Picture infomations saved to global/ja-JP/history/2025/11/29_ja-JP.md
[09:29:16] Start geting global Bing Wallpaper, region=en-IN, local time is 2025-11-29 14:59:16.650556+05:30
[09:29:16] Successful get url: https://www.bing.com/th?id=OHR.DeerVeluwe_EN-IN0058666460_UHD.jpg
[09:29:16] Picture infomations saved to  global/en-IN/README.md
[09:29:16] Picture infomations saved to global/en-IN/history/2025/11/29_en-IN.md
[09:29:16] Start geting global Bing Wallpaper, region=pt-BR, local time is 2025-11-29 06:29:16.805525-03:00
[09:29:16] Successful get url: https://www.bing.com/th?id=OHR.DeerVeluwe_PT-BR9808049674_UHD.jpg
[09:29:16] Picture infomations saved to  global/pt-BR/README.md
[09:29:16] Picture infomations saved to global/pt-BR/history/2025/11/30_pt-BR.md
[09:29:16] Start geting global Bing Wallpaper, region=fr-FR, local time is 2025-11-29 10:29:16.954101+01:00
[09:29:17] Successful get url: https://www.bing.com/th?id=OHR.DeerVeluwe_FR-FR6754870424_UHD.jpg
[09:29:17] Picture infomations saved to  global/fr-FR/README.md
[09:29:17] Picture infomations saved to global/fr-FR/history/2025/11/29_fr-FR.md
[09:29:17] Start geting global Bing Wallpaper, region=de-DE, local time is 2025-11-29 10:29:17.106007+01:00
[09:29:17] Successful get url: https://www.bing.com/th?id=OHR.DeerVeluwe_DE-DE5044539873_UHD.jpg
[09:29:17] Picture infomations saved to  global/de-DE/README.md
[09:29:17] Picture infomations saved to global/de-DE/history/2025/11/29_de-DE.md
[09:29:17] Start geting global Bing Wallpaper, region=en-CA, local time is 2025-11-29 04:29:17.261071-05:00
[09:29:17] Successful get url: https://www.bing.com/th?id=OHR.DeerVeluwe_EN-CA0538816629_UHD.jpg
[09:29:17] Picture infomations saved to  global/en-CA/README.md
[09:29:17] Picture infomations saved to global/en-CA/history/2025/11/30_en-CA.md
[09:29:17] Start geting global Bing Wallpaper, region=en-GB, local time is 2025-11-29 09:29:17.415801+00:00
[09:29:17] Successful get url: https://www.bing.com/th?id=OHR.DeerVeluwe_EN-GB4885545035_UHD.jpg
[09:29:17] Picture infomations saved to  global/en-GB/README.md
[09:29:17] Picture infomations saved to global/en-GB/history/2025/11/30_en-GB.md
[09:29:17] Start geting global Bing Wallpaper, region=it-IT, local time is 2025-11-29 10:29:17.564323+01:00
[09:29:17] Successful get url: https://www.bing.com/th?id=OHR.DeerVeluwe_IT-IT1796855659_UHD.jpg
[09:29:17] Picture infomations saved to  global/it-IT/README.md
[09:29:17] Picture infomations saved to global/it-IT/history/2025/11/29_it-IT.md
[09:29:17] Start geting global Bing Wallpaper, region=es-ES, local time is 2025-11-29 10:29:17.714655+01:00
[09:29:17] Successful get url: https://www.bing.com/th?id=OHR.DeerVeluwe_ES-ES0975453330_UHD.jpg
[09:29:17] Picture infomations saved to  global/es-ES/README.md
[09:29:17] Picture infomations saved to global/es-ES/history/2025/11/29_es-ES.md
[09:29:17] Start geting global Bing Wallpaper, region=fr-CA, local time is 2025-11-29 04:29:17.869236-05:00
[09:29:17] Successful get url: https://www.bing.com/th?id=OHR.DeerVeluwe_FR-CA3976157259_UHD.jpg
[09:29:18] Picture infomations saved to  global/fr-CA/README.md
[09:29:18] Picture infomations saved to global/fr-CA/history/2025/11/30_fr-CA.md
Program exit at 09:29:18
