
Program started at 09:36:11
Operating System Name: Linux
Operating System Version: #18~24.04.1-Ubuntu SMP Sat Jun 28 04:46:03 UTC 2025
System Architecture: ('64bit', 'ELF')
Computer Type: x86_64
Computer Name: pkrvmq0rgcvqdmg
Processor Type: x86_64
Python Version: 3.12.11
Python Interpreter Name: CPython
[09:36:11] Start geting CN Bing Wallpaper
[09:36:11] Successful get url: https://www.bing.com/th?id=OHR.IcelandSolstice_ZH-CN6073168622_UHD.jpg
[09:36:11] Image saved to img/background.jpg
[09:36:11] Info saved to README.md
[09:36:11] Image saved to history/2025/07/18.md
[09:36:11] Start geting global Bing Wallpaper, region=en-US, local time is 2025-07-18 05:36:11.994691-04:00
[09:36:12] Successful get url: https://www.bing.com/th?id=OHR.FloridaSeashore_EN-US9038929616_UHD.jpg
[09:36:12] Picture infomations saved to  global/en-US/README.md
[09:36:12] Picture infomations saved to global/en-US/history/2025/07/19_en-US.md
[09:36:12] Start geting global Bing Wallpaper, region=ja-JP, local time is 2025-07-18 18:36:12.095224+09:00
[09:36:12] Successful get url: https://www.bing.com/th?id=OHR.DolomitiEstate_JA-JP1752445418_UHD.jpg
[09:36:12] Picture infomations saved to  global/ja-JP/README.md
[09:36:12] Picture infomations saved to global/ja-JP/history/2025/07/18_ja-JP.md
[09:36:12] Start geting global Bing Wallpaper, region=en-IN, local time is 2025-07-18 15:06:12.237682+05:30
[09:36:12] Successful get url: https://www.bing.com/th?id=OHR.BahamaBlues_EN-IN1616548748_UHD.jpg
[09:36:12] Picture infomations saved to  global/en-IN/README.md
[09:36:12] Picture infomations saved to global/en-IN/history/2025/07/18_en-IN.md
[09:36:12] Start geting global Bing Wallpaper, region=pt-BR, local time is 2025-07-18 06:36:12.346375-03:00
[09:36:12] Successful get url: https://www.bing.com/th?id=OHR.HappySunflower_PT-BR8599256131_UHD.jpg
[09:36:12] Picture infomations saved to  global/pt-BR/README.md
[09:36:12] Picture infomations saved to global/pt-BR/history/2025/07/19_pt-BR.md
[09:36:12] Start geting global Bing Wallpaper, region=fr-FR, local time is 2025-07-18 11:36:12.454625+02:00
[09:36:12] Successful get url: https://www.bing.com/th?id=OHR.YoungShark_FR-FR2342809860_UHD.jpg
[09:36:12] Picture infomations saved to  global/fr-FR/README.md
[09:36:12] Picture infomations saved to global/fr-FR/history/2025/07/18_fr-FR.md
[09:36:12] Start geting global Bing Wallpaper, region=de-DE, local time is 2025-07-18 11:36:12.620550+02:00
[09:36:12] Successful get url: https://www.bing.com/th?id=OHR.MiravetSpain_DE-DE1175039382_UHD.jpg
[09:36:12] Picture infomations saved to  global/de-DE/README.md
[09:36:12] Picture infomations saved to global/de-DE/history/2025/07/18_de-DE.md
[09:36:12] Start geting global Bing Wallpaper, region=en-CA, local time is 2025-07-18 05:36:12.696166-04:00
[09:36:12] Successful get url: https://www.bing.com/th?id=OHR.OroseiSardegna_EN-CA6517988362_UHD.jpg
[09:36:12] Picture infomations saved to  global/en-CA/README.md
[09:36:12] Picture infomations saved to global/en-CA/history/2025/07/19_en-CA.md
[09:36:12] Start geting global Bing Wallpaper, region=en-GB, local time is 2025-07-18 10:36:12.760016+01:00
[09:36:12] Successful get url: https://www.bing.com/th?id=OHR.AcroporaReef_EN-GB6231237422_UHD.jpg
[09:36:12] Picture infomations saved to  global/en-GB/README.md
[09:36:12] Picture infomations saved to global/en-GB/history/2025/07/18_en-GB.md
[09:36:12] Start geting global Bing Wallpaper, region=it-IT, local time is 2025-07-18 11:36:12.879359+02:00
[09:36:12] Successful get url: https://www.bing.com/th?id=OHR.MonaValePool_IT-IT0291843782_UHD.jpg
[09:36:12] Picture infomations saved to  global/it-IT/README.md
[09:36:12] Picture infomations saved to global/it-IT/history/2025/07/18_it-IT.md
[09:36:12] Start geting global Bing Wallpaper, region=es-ES, local time is 2025-07-18 11:36:12.967520+02:00
[09:36:13] Successful get url: https://www.bing.com/th?id=OHR.AshyWoodswallow_ES-ES2269692997_UHD.jpg
[09:36:13] Picture infomations saved to  global/es-ES/README.md
[09:36:13] Picture infomations saved to global/es-ES/history/2025/07/18_es-ES.md
[09:36:13] Start geting global Bing Wallpaper, region=fr-CA, local time is 2025-07-18 05:36:13.051762-04:00
[09:36:13] Successful get url: https://www.bing.com/th?id=OHR.MothWeek_FR-CA0504189694_UHD.jpg
[09:36:13] Picture infomations saved to  global/fr-CA/README.md
[09:36:13] Picture infomations saved to global/fr-CA/history/2025/07/19_fr-CA.md
Program exit at 09:36:13

Program started at 16:19:22
Operating System Name: Linux
Operating System Version: #18~24.04.1-Ubuntu SMP Sat Jun 28 04:46:03 UTC 2025
System Architecture: ('64bit', 'ELF')
Computer Type: x86_64
Computer Name: pkrvmq0rgcvqdmg
Processor Type: x86_64
Python Version: 3.12.11
Python Interpreter Name: CPython
[16:19:22] Start geting CN Bing Wallpaper
[16:19:22] Successful get url: https://www.bing.com/th?id=OHR.YohoNP_ZH-CN2349599497_UHD.jpg
[16:19:22] Image saved to img/background.jpg
[16:19:22] Info saved to README.md
[16:19:22] Image saved to history/2025/07/19.md
[16:19:22] Start geting global Bing Wallpaper, region=en-US, local time is 2025-07-18 12:19:22.918451-04:00
[16:19:22] Successful get url: https://www.bing.com/th?id=OHR.FloridaSeashore_EN-US9038929616_UHD.jpg
[16:19:23] Picture infomations saved to  global/en-US/README.md
[16:19:23] Picture infomations saved to global/en-US/history/2025/07/19_en-US.md
[16:19:23] Start geting global Bing Wallpaper, region=ja-JP, local time is 2025-07-19 01:19:23.016290+09:00
[16:19:23] Successful get url: https://www.bing.com/th?id=OHR.VaticanCity_JA-JP3107889250_UHD.jpg
[16:19:23] Picture infomations saved to  global/ja-JP/README.md
[16:19:23] Picture infomations saved to global/ja-JP/history/2025/07/19_ja-JP.md
[16:19:23] Start geting global Bing Wallpaper, region=en-IN, local time is 2025-07-18 21:49:23.127003+05:30
[16:19:23] Successful get url: https://www.bing.com/th?id=OHR.BahamaBlues_EN-IN1616548748_UHD.jpg
[16:19:23] Picture infomations saved to  global/en-IN/README.md
[16:19:23] Picture infomations saved to global/en-IN/history/2025/07/18_en-IN.md
[16:19:23] Start geting global Bing Wallpaper, region=pt-BR, local time is 2025-07-18 13:19:23.226053-03:00
[16:19:23] Successful get url: https://www.bing.com/th?id=OHR.HappySunflower_PT-BR8599256131_UHD.jpg
[16:19:23] Picture infomations saved to  global/pt-BR/README.md
[16:19:23] Picture infomations saved to global/pt-BR/history/2025/07/19_pt-BR.md
[16:19:23] Start geting global Bing Wallpaper, region=fr-FR, local time is 2025-07-18 18:19:23.343452+02:00
[16:19:23] Successful get url: https://www.bing.com/th?id=OHR.YoungShark_FR-FR2342809860_UHD.jpg
[16:19:23] Picture infomations saved to  global/fr-FR/README.md
[16:19:23] Picture infomations saved to global/fr-FR/history/2025/07/18_fr-FR.md
[16:19:23] Start geting global Bing Wallpaper, region=de-DE, local time is 2025-07-18 18:19:23.435851+02:00
[16:19:23] Successful get url: https://www.bing.com/th?id=OHR.MiravetSpain_DE-DE1175039382_UHD.jpg
[16:19:23] Picture infomations saved to  global/de-DE/README.md
[16:19:23] Picture infomations saved to global/de-DE/history/2025/07/18_de-DE.md
[16:19:23] Start geting global Bing Wallpaper, region=en-CA, local time is 2025-07-18 12:19:23.533327-04:00
[16:19:23] Successful get url: https://www.bing.com/th?id=OHR.OroseiSardegna_EN-CA6517988362_UHD.jpg
[16:19:23] Picture infomations saved to  global/en-CA/README.md
[16:19:23] Picture infomations saved to global/en-CA/history/2025/07/19_en-CA.md
[16:19:23] Start geting global Bing Wallpaper, region=en-GB, local time is 2025-07-18 17:19:23.627639+01:00
[16:19:23] Successful get url: https://www.bing.com/th?id=OHR.AcroporaReef_EN-GB6231237422_UHD.jpg
[16:19:23] Picture infomations saved to  global/en-GB/README.md
[16:19:23] Picture infomations saved to global/en-GB/history/2025/07/18_en-GB.md
[16:19:23] Start geting global Bing Wallpaper, region=it-IT, local time is 2025-07-18 18:19:23.777625+02:00
[16:19:23] Successful get url: https://www.bing.com/th?id=OHR.MonaValePool_IT-IT0291843782_UHD.jpg
[16:19:23] Picture infomations saved to  global/it-IT/README.md
[16:19:23] Picture infomations saved to global/it-IT/history/2025/07/18_it-IT.md
[16:19:23] Start geting global Bing Wallpaper, region=es-ES, local time is 2025-07-18 18:19:23.907709+02:00
[16:19:23] Successful get url: https://www.bing.com/th?id=OHR.AshyWoodswallow_ES-ES2269692997_UHD.jpg
[16:19:24] Picture infomations saved to  global/es-ES/README.md
[16:19:24] Picture infomations saved to global/es-ES/history/2025/07/18_es-ES.md
[16:19:24] Start geting global Bing Wallpaper, region=fr-CA, local time is 2025-07-18 12:19:24.052278-04:00
[16:19:24] Successful get url: https://www.bing.com/th?id=OHR.MothWeek_FR-CA0504189694_UHD.jpg
[16:19:24] Picture infomations saved to  global/fr-CA/README.md
[16:19:24] Picture infomations saved to global/fr-CA/history/2025/07/19_fr-CA.md
Program exit at 16:19:24
