
Program started at 09:37:40
Operating System Name: Linux
Operating System Version: #18~24.04.1-Ubuntu SMP Sat Jun 28 04:46:03 UTC 2025
System Architecture: ('64bit', 'ELF')
Computer Type: x86_64
Computer Name: pkrvmq0rgcvqdmg
Processor Type: x86_64
Python Version: 3.12.11
Python Interpreter Name: CPython
[09:37:40] Start geting CN Bing Wallpaper
[09:37:40] Successful get url: https://www.bing.com/th?id=OHR.TemplePhilae_ZH-CN1232015188_UHD.jpg
[09:37:40] Image saved to img/background.jpg
[09:37:40] Info saved to README.md
[09:37:40] Image saved to history/2025/07/16.md
[09:37:40] Start geting global Bing Wallpaper, region=en-US, local time is 2025-07-16 05:37:40.556322-04:00
[09:37:40] Successful get url: https://www.bing.com/th?id=OHR.TemplePhilae_EN-US5062419351_UHD.jpg
[09:37:40] Picture infomations saved to  global/en-US/README.md
[09:37:40] Picture infomations saved to global/en-US/history/2025/07/17_en-US.md
[09:37:40] Start geting global Bing Wallpaper, region=ja-JP, local time is 2025-07-16 18:37:40.633404+09:00
[09:37:40] Successful get url: https://www.bing.com/th?id=OHR.TemplePhilae_JA-JP1883182948_UHD.jpg
[09:37:40] Picture infomations saved to  global/ja-JP/README.md
[09:37:40] Picture infomations saved to global/ja-JP/history/2025/07/16_ja-JP.md
[09:37:40] Start geting global Bing Wallpaper, region=en-IN, local time is 2025-07-16 15:07:40.721601+05:30
[09:37:40] Successful get url: https://www.bing.com/th?id=OHR.TemplePhilae_EN-IN4820282952_UHD.jpg
[09:37:40] Picture infomations saved to  global/en-IN/README.md
[09:37:40] Picture infomations saved to global/en-IN/history/2025/07/16_en-IN.md
[09:37:40] Start geting global Bing Wallpaper, region=pt-BR, local time is 2025-07-16 06:37:40.808297-03:00
[09:37:40] Successful get url: https://www.bing.com/th?id=OHR.TemplePhilae_PT-BR9175730450_UHD.jpg
[09:37:40] Picture infomations saved to  global/pt-BR/README.md
[09:37:40] Picture infomations saved to global/pt-BR/history/2025/07/17_pt-BR.md
[09:37:40] Start geting global Bing Wallpaper, region=fr-FR, local time is 2025-07-16 11:37:40.880220+02:00
[09:37:40] Successful get url: https://www.bing.com/th?id=OHR.TemplePhilae_FR-FR2354978280_UHD.jpg
[09:37:40] Picture infomations saved to  global/fr-FR/README.md
[09:37:40] Picture infomations saved to global/fr-FR/history/2025/07/16_fr-FR.md
[09:37:40] Start geting global Bing Wallpaper, region=de-DE, local time is 2025-07-16 11:37:40.959878+02:00
[09:37:40] Successful get url: https://www.bing.com/th?id=OHR.TemplePhilae_DE-DE7883088350_UHD.jpg
[09:37:41] Picture infomations saved to  global/de-DE/README.md
[09:37:41] Picture infomations saved to global/de-DE/history/2025/07/16_de-DE.md
[09:37:41] Start geting global Bing Wallpaper, region=en-CA, local time is 2025-07-16 05:37:41.075631-04:00
[09:37:41] Successful get url: https://www.bing.com/th?id=OHR.TemplePhilae_EN-CA4518943728_UHD.jpg
[09:37:41] Picture infomations saved to  global/en-CA/README.md
[09:37:41] Picture infomations saved to global/en-CA/history/2025/07/17_en-CA.md
[09:37:41] Start geting global Bing Wallpaper, region=en-GB, local time is 2025-07-16 10:37:41.181770+01:00
[09:37:41] Successful get url: https://www.bing.com/th?id=OHR.TemplePhilae_EN-GB9547201805_UHD.jpg
[09:37:41] Picture infomations saved to  global/en-GB/README.md
[09:37:41] Picture infomations saved to global/en-GB/history/2025/07/16_en-GB.md
[09:37:41] Start geting global Bing Wallpaper, region=it-IT, local time is 2025-07-16 11:37:41.328406+02:00
[09:37:41] Successful get url: https://www.bing.com/th?id=OHR.TemplePhilae_IT-IT7785409392_UHD.jpg
[09:37:41] Picture infomations saved to  global/it-IT/README.md
[09:37:41] Picture infomations saved to global/it-IT/history/2025/07/16_it-IT.md
[09:37:41] Start geting global Bing Wallpaper, region=es-ES, local time is 2025-07-16 11:37:41.396996+02:00
[09:37:41] Successful get url: https://www.bing.com/th?id=OHR.TemplePhilae_ES-ES6627799153_UHD.jpg
[09:37:41] Picture infomations saved to  global/es-ES/README.md
[09:37:41] Picture infomations saved to global/es-ES/history/2025/07/16_es-ES.md
[09:37:41] Start geting global Bing Wallpaper, region=fr-CA, local time is 2025-07-16 05:37:41.470827-04:00
[09:37:41] Successful get url: https://www.bing.com/th?id=OHR.TemplePhilae_FR-CA9223099268_UHD.jpg
[09:37:41] Picture infomations saved to  global/fr-CA/README.md
[09:37:41] Picture infomations saved to global/fr-CA/history/2025/07/17_fr-CA.md
Program exit at 09:37:41
