
Program started at 09:39:02
Operating System Name: Linux
Operating System Version: #18~24.04.1-Ubuntu SMP Sat Jun 28 04:46:03 UTC 2025
System Architecture: ('64bit', 'ELF')
Computer Type: x86_64
Computer Name: pkrvmpptgkbjq6m
Processor Type: x86_64
Python Version: 3.12.11
Python Interpreter Name: CPython
[09:39:02] Start geting CN Bing Wallpaper
[09:39:02] Successful get url: https://www.bing.com/th?id=OHR.VaticanCity_ZH-CN3075109504_UHD.jpg
[09:39:03] Image saved to img/background.jpg
[09:39:03] Info saved to README.md
[09:39:03] Image saved to history/2025/07/23.md
[09:39:03] Start geting global Bing Wallpaper, region=en-US, local time is 2025-07-23 05:39:03.058106-04:00
[09:39:03] Successful get url: https://www.bing.com/th?id=OHR.VaticanCity_EN-US5915643866_UHD.jpg
[09:39:03] Picture infomations saved to  global/en-US/README.md
[09:39:03] Picture infomations saved to global/en-US/history/2025/07/24_en-US.md
[09:39:03] Start geting global Bing Wallpaper, region=ja-JP, local time is 2025-07-23 18:39:03.157932+09:00
[09:39:03] Successful get url: https://www.bing.com/th?id=OHR.GionFestival2025_JA-JP8597633874_UHD.jpg
[09:39:03] Picture infomations saved to  global/ja-JP/README.md
[09:39:03] Picture infomations saved to global/ja-JP/history/2025/07/23_ja-JP.md
[09:39:03] Start geting global Bing Wallpaper, region=en-IN, local time is 2025-07-23 15:09:03.253193+05:30
[09:39:03] Successful get url: https://www.bing.com/th?id=OHR.VaticanCity_EN-IN8408106347_UHD.jpg
[09:39:03] Picture infomations saved to  global/en-IN/README.md
[09:39:03] Picture infomations saved to global/en-IN/history/2025/07/23_en-IN.md
[09:39:03] Start geting global Bing Wallpaper, region=pt-BR, local time is 2025-07-23 06:39:03.464882-03:00
[09:39:03] Successful get url: https://www.bing.com/th?id=OHR.VaticanCity_PT-BR6747306784_UHD.jpg
[09:39:03] Picture infomations saved to  global/pt-BR/README.md
[09:39:03] Picture infomations saved to global/pt-BR/history/2025/07/24_pt-BR.md
[09:39:03] Start geting global Bing Wallpaper, region=fr-FR, local time is 2025-07-23 11:39:03.636150+02:00
[09:39:03] Successful get url: https://www.bing.com/th?id=OHR.VaticanCity_FR-FR5939943225_UHD.jpg
[09:39:03] Picture infomations saved to  global/fr-FR/README.md
[09:39:03] Picture infomations saved to global/fr-FR/history/2025/07/23_fr-FR.md
[09:39:03] Start geting global Bing Wallpaper, region=de-DE, local time is 2025-07-23 11:39:03.725394+02:00
[09:39:03] Successful get url: https://www.bing.com/th?id=OHR.VaticanCity_DE-DE5887283665_UHD.jpg
[09:39:03] Picture infomations saved to  global/de-DE/README.md
[09:39:03] Picture infomations saved to global/de-DE/history/2025/07/23_de-DE.md
[09:39:03] Start geting global Bing Wallpaper, region=en-CA, local time is 2025-07-23 05:39:03.832396-04:00
[09:39:03] Successful get url: https://www.bing.com/th?id=OHR.VaticanCity_EN-CA5754198361_UHD.jpg
[09:39:03] Picture infomations saved to  global/en-CA/README.md
[09:39:03] Picture infomations saved to global/en-CA/history/2025/07/24_en-CA.md
[09:39:03] Start geting global Bing Wallpaper, region=en-GB, local time is 2025-07-23 10:39:03.950278+01:00
[09:39:03] Successful get url: https://www.bing.com/th?id=OHR.VaticanCity_EN-GB1750782941_UHD.jpg
[09:39:04] Picture infomations saved to  global/en-GB/README.md
[09:39:04] Picture infomations saved to global/en-GB/history/2025/07/23_en-GB.md
[09:39:04] Start geting global Bing Wallpaper, region=it-IT, local time is 2025-07-23 11:39:04.041029+02:00
[09:39:04] Successful get url: https://www.bing.com/th?id=OHR.AlassioLiguria_IT-IT1114546774_UHD.jpg
[09:39:04] Picture infomations saved to  global/it-IT/README.md
[09:39:04] Picture infomations saved to global/it-IT/history/2025/07/23_it-IT.md
[09:39:04] Start geting global Bing Wallpaper, region=es-ES, local time is 2025-07-23 11:39:04.127608+02:00
[09:39:04] Successful get url: https://www.bing.com/th?id=OHR.VaticanCity_ES-ES7982947243_UHD.jpg
[09:39:04] Picture infomations saved to  global/es-ES/README.md
[09:39:04] Picture infomations saved to global/es-ES/history/2025/07/23_es-ES.md
[09:39:04] Start geting global Bing Wallpaper, region=fr-CA, local time is 2025-07-23 05:39:04.211083-04:00
[09:39:04] Successful get url: https://www.bing.com/th?id=OHR.VaticanCity_FR-CA7353766247_UHD.jpg
[09:39:04] Picture infomations saved to  global/fr-CA/README.md
[09:39:04] Picture infomations saved to global/fr-CA/history/2025/07/24_fr-CA.md
Program exit at 09:39:04
