
Program started at 09:31:37
Operating System Name: Linux
Operating System Version: #18~24.04.1-Ubuntu SMP Sat Jun 28 04:46:03 UTC 2025
System Architecture: ('64bit', 'ELF')
Computer Type: x86_64
Computer Name: pkrvmpptgkbjq6m
Processor Type: x86_64
Python Version: 3.12.11
Python Interpreter Name: CPython
[09:31:37] Start geting CN Bing Wallpaper
[09:31:37] Successful get url: https://www.bing.com/th?id=OHR.MangroveTwilight_ZH-CN3596666263_UHD.jpg
[09:31:37] Image saved to img/background.jpg
[09:31:37] Info saved to README.md
[09:31:37] Image saved to history/2025/07/26.md
[09:31:37] Start geting global Bing Wallpaper, region=en-US, local time is 2025-07-26 05:31:37.211491-04:00
[09:31:37] Successful get url: https://www.bing.com/th?id=OHR.MangroveTwilight_EN-US0646432423_UHD.jpg
[09:31:37] Picture infomations saved to  global/en-US/README.md
[09:31:37] Picture infomations saved to global/en-US/history/2025/07/27_en-US.md
[09:31:37] Start geting global Bing Wallpaper, region=ja-JP, local time is 2025-07-26 18:31:37.314571+09:00
[09:31:37] Successful get url: https://www.bing.com/th?id=OHR.MangroveTwilight_JA-JP9462938836_UHD.jpg
[09:31:37] Picture infomations saved to  global/ja-JP/README.md
[09:31:37] Picture infomations saved to global/ja-JP/history/2025/07/26_ja-JP.md
[09:31:37] Start geting global Bing Wallpaper, region=en-IN, local time is 2025-07-26 15:01:37.431659+05:30
[09:31:37] Successful get url: https://www.bing.com/th?id=OHR.MangroveTwilight_EN-IN7237460897_UHD.jpg
[09:31:37] Picture infomations saved to  global/en-IN/README.md
[09:31:37] Picture infomations saved to global/en-IN/history/2025/07/26_en-IN.md
[09:31:37] Start geting global Bing Wallpaper, region=pt-BR, local time is 2025-07-26 06:31:37.545999-03:00
[09:31:37] Successful get url: https://www.bing.com/th?id=OHR.MangroveTwilight_PT-BR1374948765_UHD.jpg
[09:31:37] Picture infomations saved to  global/pt-BR/README.md
[09:31:37] Picture infomations saved to global/pt-BR/history/2025/07/27_pt-BR.md
[09:31:37] Start geting global Bing Wallpaper, region=fr-FR, local time is 2025-07-26 11:31:37.706854+02:00
[09:31:37] Successful get url: https://www.bing.com/th?id=OHR.MangroveTwilight_FR-FR3644459674_UHD.jpg
[09:31:37] Picture infomations saved to  global/fr-FR/README.md
[09:31:37] Picture infomations saved to global/fr-FR/history/2025/07/26_fr-FR.md
[09:31:37] Start geting global Bing Wallpaper, region=de-DE, local time is 2025-07-26 11:31:37.795994+02:00
[09:31:37] Successful get url: https://www.bing.com/th?id=OHR.MangroveTwilight_DE-DE5475424156_UHD.jpg
[09:31:37] Picture infomations saved to  global/de-DE/README.md
[09:31:37] Picture infomations saved to global/de-DE/history/2025/07/26_de-DE.md
[09:31:37] Start geting global Bing Wallpaper, region=en-CA, local time is 2025-07-26 05:31:37.892581-04:00
[09:31:37] Successful get url: https://www.bing.com/th?id=OHR.MangroveTwilight_EN-CA3445258233_UHD.jpg
[09:31:38] Picture infomations saved to  global/en-CA/README.md
[09:31:38] Picture infomations saved to global/en-CA/history/2025/07/27_en-CA.md
[09:31:38] Start geting global Bing Wallpaper, region=en-GB, local time is 2025-07-26 10:31:38.038790+01:00
[09:31:38] Successful get url: https://www.bing.com/th?id=OHR.MangroveTwilight_EN-GB9365511986_UHD.jpg
[09:31:38] Picture infomations saved to  global/en-GB/README.md
[09:31:38] Picture infomations saved to global/en-GB/history/2025/07/26_en-GB.md
[09:31:38] Start geting global Bing Wallpaper, region=it-IT, local time is 2025-07-26 11:31:38.132922+02:00
[09:31:38] Successful get url: https://www.bing.com/th?id=OHR.MangroveTwilight_IT-IT8283933203_UHD.jpg
[09:31:38] Picture infomations saved to  global/it-IT/README.md
[09:31:38] Picture infomations saved to global/it-IT/history/2025/07/26_it-IT.md
[09:31:38] Start geting global Bing Wallpaper, region=es-ES, local time is 2025-07-26 11:31:38.285900+02:00
[09:31:38] Successful get url: https://www.bing.com/th?id=OHR.LasPalmas_ES-ES3269515440_UHD.jpg
[09:31:38] Picture infomations saved to  global/es-ES/README.md
[09:31:38] Picture infomations saved to global/es-ES/history/2025/07/26_es-ES.md
[09:31:38] Start geting global Bing Wallpaper, region=fr-CA, local time is 2025-07-26 05:31:38.507808-04:00
[09:31:38] Successful get url: https://www.bing.com/th?id=OHR.MangroveTwilight_FR-CA3446891760_UHD.jpg
[09:31:38] Picture infomations saved to  global/fr-CA/README.md
[09:31:38] Picture infomations saved to global/fr-CA/history/2025/07/27_fr-CA.md
Program exit at 09:31:38

Program started at 16:16:14
Operating System Name: Linux
Operating System Version: #18~24.04.1-Ubuntu SMP Sat Jun 28 04:46:03 UTC 2025
System Architecture: ('64bit', 'ELF')
Computer Type: x86_64
Computer Name: pkrvmpptgkbjq6m
Processor Type: x86_64
Python Version: 3.12.11
Python Interpreter Name: CPython
[16:16:14] Start geting CN Bing Wallpaper
[16:16:14] Successful get url: https://www.bing.com/th?id=OHR.BlackfinBarracuda_ZH-CN3850642551_UHD.jpg
[16:16:14] Image saved to img/background.jpg
[16:16:14] Info saved to README.md
[16:16:14] Image saved to history/2025/07/27.md
[16:16:14] Start geting global Bing Wallpaper, region=en-US, local time is 2025-07-26 12:16:14.762399-04:00
[16:16:14] Successful get url: https://www.bing.com/th?id=OHR.MangroveTwilight_EN-US0646432423_UHD.jpg
[16:16:15] Picture infomations saved to  global/en-US/README.md
[16:16:15] Picture infomations saved to global/en-US/history/2025/07/27_en-US.md
[16:16:15] Start geting global Bing Wallpaper, region=ja-JP, local time is 2025-07-27 01:16:15.094755+09:00
[16:16:15] Successful get url: https://www.bing.com/th?id=OHR.BlackfinBarracuda_JA-JP9849559763_UHD.jpg
[16:16:15] Picture infomations saved to  global/ja-JP/README.md
[16:16:15] Picture infomations saved to global/ja-JP/history/2025/07/27_ja-JP.md
[16:16:15] Start geting global Bing Wallpaper, region=en-IN, local time is 2025-07-26 21:46:15.452217+05:30
[16:16:15] Successful get url: https://www.bing.com/th?id=OHR.MangroveTwilight_EN-IN7237460897_UHD.jpg
[16:16:15] Picture infomations saved to  global/en-IN/README.md
[16:16:15] Picture infomations saved to global/en-IN/history/2025/07/26_en-IN.md
[16:16:15] Start geting global Bing Wallpaper, region=pt-BR, local time is 2025-07-26 13:16:15.803047-03:00
[16:16:15] Successful get url: https://www.bing.com/th?id=OHR.MangroveTwilight_PT-BR1374948765_UHD.jpg
[16:16:16] Picture infomations saved to  global/pt-BR/README.md
[16:16:16] Picture infomations saved to global/pt-BR/history/2025/07/27_pt-BR.md
[16:16:16] Start geting global Bing Wallpaper, region=fr-FR, local time is 2025-07-26 18:16:16.190311+02:00
[16:16:16] Successful get url: https://www.bing.com/th?id=OHR.MangroveTwilight_FR-FR3644459674_UHD.jpg
[16:16:16] Picture infomations saved to  global/fr-FR/README.md
[16:16:16] Picture infomations saved to global/fr-FR/history/2025/07/26_fr-FR.md
[16:16:16] Start geting global Bing Wallpaper, region=de-DE, local time is 2025-07-26 18:16:16.736421+02:00
[16:16:16] Successful get url: https://www.bing.com/th?id=OHR.MangroveTwilight_DE-DE5475424156_UHD.jpg
[16:16:17] Picture infomations saved to  global/de-DE/README.md
[16:16:17] Picture infomations saved to global/de-DE/history/2025/07/26_de-DE.md
[16:16:17] Start geting global Bing Wallpaper, region=en-CA, local time is 2025-07-26 12:16:17.331080-04:00
[16:16:17] Successful get url: https://www.bing.com/th?id=OHR.MangroveTwilight_EN-CA3445258233_UHD.jpg
[16:16:17] Picture infomations saved to  global/en-CA/README.md
[16:16:17] Picture infomations saved to global/en-CA/history/2025/07/27_en-CA.md
[16:16:17] Start geting global Bing Wallpaper, region=en-GB, local time is 2025-07-26 17:16:17.679915+01:00
[16:16:17] Successful get url: https://www.bing.com/th?id=OHR.MangroveTwilight_EN-GB9365511986_UHD.jpg
[16:16:18] Picture infomations saved to  global/en-GB/README.md
[16:16:18] Picture infomations saved to global/en-GB/history/2025/07/26_en-GB.md
[16:16:18] Start geting global Bing Wallpaper, region=it-IT, local time is 2025-07-26 18:16:18.032276+02:00
[16:16:18] Successful get url: https://www.bing.com/th?id=OHR.MangroveTwilight_IT-IT8283933203_UHD.jpg
[16:16:18] Picture infomations saved to  global/it-IT/README.md
[16:16:18] Picture infomations saved to global/it-IT/history/2025/07/26_it-IT.md
[16:16:18] Start geting global Bing Wallpaper, region=es-ES, local time is 2025-07-26 18:16:18.418279+02:00
[16:16:18] Successful get url: https://www.bing.com/th?id=OHR.LasPalmas_ES-ES3269515440_UHD.jpg
[16:16:18] Picture infomations saved to  global/es-ES/README.md
[16:16:18] Picture infomations saved to global/es-ES/history/2025/07/26_es-ES.md
[16:16:18] Start geting global Bing Wallpaper, region=fr-CA, local time is 2025-07-26 12:16:18.799368-04:00
[16:16:18] Successful get url: https://www.bing.com/th?id=OHR.MangroveTwilight_FR-CA3446891760_UHD.jpg
[16:16:19] Picture infomations saved to  global/fr-CA/README.md
[16:16:19] Picture infomations saved to global/fr-CA/history/2025/07/27_fr-CA.md
Program exit at 16:16:19
