
Program started at 09:32:20
Operating System Name: Linux
Operating System Version: #18~24.04.1-Ubuntu SMP Sat Jun 28 04:46:03 UTC 2025
System Architecture: ('64bit', 'ELF')
Computer Type: x86_64
Computer Name: pkrvmq0rgcvqdmg
Processor Type: x86_64
Python Version: 3.12.11
Python Interpreter Name: CPython
[09:32:20] Start geting CN Bing Wallpaper
[09:32:20] Successful get url: https://www.bing.com/th?id=OHR.BasaltColumns_ZH-CN0743036217_UHD.jpg
[09:32:20] Image saved to img/background.jpg
[09:32:20] Info saved to README.md
[09:32:20] Image saved to history/2025/07/13.md
[09:32:20] Start geting global Bing Wallpaper, region=en-US, local time is 2025-07-13 05:32:20.243028-04:00
[09:32:20] Successful get url: https://www.bing.com/th?id=OHR.BasaltColumns_EN-US4476950150_UHD.jpg
[09:32:20] Picture infomations saved to  global/en-US/README.md
[09:32:20] Picture infomations saved to global/en-US/history/2025/07/14_en-US.md
[09:32:20] Start geting global Bing Wallpaper, region=ja-JP, local time is 2025-07-13 18:32:20.374136+09:00
[09:32:20] Successful get url: https://www.bing.com/th?id=OHR.BasaltColumns_JA-JP9334958471_UHD.jpg
[09:32:20] Picture infomations saved to  global/ja-JP/README.md
[09:32:20] Picture infomations saved to global/ja-JP/history/2025/07/13_ja-JP.md
[09:32:20] Start geting global Bing Wallpaper, region=en-IN, local time is 2025-07-13 15:02:20.462518+05:30
[09:32:20] Successful get url: https://www.bing.com/th?id=OHR.BasaltColumns_EN-IN1175538920_UHD.jpg
[09:32:20] Picture infomations saved to  global/en-IN/README.md
[09:32:20] Picture infomations saved to global/en-IN/history/2025/07/13_en-IN.md
[09:32:20] Start geting global Bing Wallpaper, region=pt-BR, local time is 2025-07-13 06:32:20.537858-03:00
[09:32:20] Successful get url: https://www.bing.com/th?id=OHR.BasaltColumns_PT-BR7052531189_UHD.jpg
[09:32:20] Picture infomations saved to  global/pt-BR/README.md
[09:32:20] Picture infomations saved to global/pt-BR/history/2025/07/14_pt-BR.md
[09:32:20] Start geting global Bing Wallpaper, region=fr-FR, local time is 2025-07-13 11:32:20.605518+02:00
[09:32:20] Successful get url: https://www.bing.com/th?id=OHR.BasaltColumns_FR-FR0922377003_UHD.jpg
[09:32:20] Picture infomations saved to  global/fr-FR/README.md
[09:32:20] Picture infomations saved to global/fr-FR/history/2025/07/13_fr-FR.md
[09:32:20] Start geting global Bing Wallpaper, region=de-DE, local time is 2025-07-13 11:32:20.685344+02:00
[09:32:20] Successful get url: https://www.bing.com/th?id=OHR.BasaltColumns_DE-DE6897663571_UHD.jpg
[09:32:20] Picture infomations saved to  global/de-DE/README.md
[09:32:20] Picture infomations saved to global/de-DE/history/2025/07/13_de-DE.md
[09:32:20] Start geting global Bing Wallpaper, region=en-CA, local time is 2025-07-13 05:32:20.769887-04:00
[09:32:20] Successful get url: https://www.bing.com/th?id=OHR.BasaltColumns_EN-CA4039785638_UHD.jpg
[09:32:20] Picture infomations saved to  global/en-CA/README.md
[09:32:20] Picture infomations saved to global/en-CA/history/2025/07/14_en-CA.md
[09:32:20] Start geting global Bing Wallpaper, region=en-GB, local time is 2025-07-13 10:32:20.879896+01:00
[09:32:20] Successful get url: https://www.bing.com/th?id=OHR.BasaltColumns_EN-GB5254717473_UHD.jpg
[09:32:20] Picture infomations saved to  global/en-GB/README.md
[09:32:20] Picture infomations saved to global/en-GB/history/2025/07/13_en-GB.md
[09:32:20] Start geting global Bing Wallpaper, region=it-IT, local time is 2025-07-13 11:32:20.987957+02:00
[09:32:21] Successful get url: https://www.bing.com/th?id=OHR.BasaltColumns_IT-IT0459542026_UHD.jpg
[09:32:21] Picture infomations saved to  global/it-IT/README.md
[09:32:21] Picture infomations saved to global/it-IT/history/2025/07/13_it-IT.md
[09:32:21] Start geting global Bing Wallpaper, region=es-ES, local time is 2025-07-13 11:32:21.114705+02:00
[09:32:21] Successful get url: https://www.bing.com/th?id=OHR.BasaltColumns_ES-ES5645735099_UHD.jpg
[09:32:21] Picture infomations saved to  global/es-ES/README.md
[09:32:21] Picture infomations saved to global/es-ES/history/2025/07/13_es-ES.md
[09:32:21] Start geting global Bing Wallpaper, region=fr-CA, local time is 2025-07-13 05:32:21.222445-04:00
[09:32:21] Successful get url: https://www.bing.com/th?id=OHR.BasaltColumns_FR-CA9920967647_UHD.jpg
[09:32:21] Picture infomations saved to  global/fr-CA/README.md
[09:32:21] Picture infomations saved to global/fr-CA/history/2025/07/14_fr-CA.md
Program exit at 09:32:21
