
Program started at 09:31:05
Operating System Name: Linux
Operating System Version: #18~24.04.1-Ubuntu SMP Sat Jun 28 04:46:03 UTC 2025
System Architecture: ('64bit', 'ELF')
Computer Type: x86_64
Computer Name: pkrvmq0rgcvqdmg
Processor Type: x86_64
Python Version: 3.12.11
Python Interpreter Name: CPython
[09:31:05] Start geting CN Bing Wallpaper
[09:31:05] Successful get url: https://www.bing.com/th?id=OHR.YohoNP_ZH-CN2349599497_UHD.jpg
[09:31:05] Image saved to img/background.jpg
[09:31:05] Info saved to README.md
[09:31:05] Image saved to history/2025/07/19.md
[09:31:05] Start geting global Bing Wallpaper, region=en-US, local time is 2025-07-19 05:31:05.464817-04:00
[09:31:05] Successful get url: https://www.bing.com/th?id=OHR.MothWeek_EN-US5360572836_UHD.jpg
[09:31:05] Picture infomations saved to  global/en-US/README.md
[09:31:05] Picture infomations saved to global/en-US/history/2025/07/20_en-US.md
[09:31:05] Start geting global Bing Wallpaper, region=ja-JP, local time is 2025-07-19 18:31:05.615116+09:00
[09:31:05] Successful get url: https://www.bing.com/th?id=OHR.VaticanCity_JA-JP3107889250_UHD.jpg
[09:31:05] Picture infomations saved to  global/ja-JP/README.md
[09:31:05] Picture infomations saved to global/ja-JP/history/2025/07/19_ja-JP.md
[09:31:05] Start geting global Bing Wallpaper, region=en-IN, local time is 2025-07-19 15:01:05.807991+05:30
[09:31:05] Successful get url: https://www.bing.com/th?id=OHR.MothWeek_EN-IN7635547471_UHD.jpg
[09:31:05] Picture infomations saved to  global/en-IN/README.md
[09:31:05] Picture infomations saved to global/en-IN/history/2025/07/19_en-IN.md
[09:31:05] Start geting global Bing Wallpaper, region=pt-BR, local time is 2025-07-19 06:31:05.992450-03:00
[09:31:06] Successful get url: https://www.bing.com/th?id=OHR.NationalSoccerDay_PT-BR3956559362_UHD.jpg
[09:31:06] Picture infomations saved to  global/pt-BR/README.md
[09:31:06] Picture infomations saved to global/pt-BR/history/2025/07/20_pt-BR.md
[09:31:06] Start geting global Bing Wallpaper, region=fr-FR, local time is 2025-07-19 11:31:06.146181+02:00
[09:31:06] Successful get url: https://www.bing.com/th?id=OHR.Saumur_FR-FR4957130952_UHD.jpg
[09:31:06] Picture infomations saved to  global/fr-FR/README.md
[09:31:06] Picture infomations saved to global/fr-FR/history/2025/07/19_fr-FR.md
[09:31:06] Start geting global Bing Wallpaper, region=de-DE, local time is 2025-07-19 11:31:06.292157+02:00
[09:31:06] Successful get url: https://www.bing.com/th?id=OHR.MothWeek_DE-DE7350997027_UHD.jpg
[09:31:06] Picture infomations saved to  global/de-DE/README.md
[09:31:06] Picture infomations saved to global/de-DE/history/2025/07/19_de-DE.md
[09:31:06] Start geting global Bing Wallpaper, region=en-CA, local time is 2025-07-19 05:31:06.672342-04:00
[09:31:06] Successful get url: https://www.bing.com/th?id=OHR.SimcoeLighthouse_EN-CA4989806848_UHD.jpg
[09:31:06] Picture infomations saved to  global/en-CA/README.md
[09:31:06] Picture infomations saved to global/en-CA/history/2025/07/20_en-CA.md
[09:31:06] Start geting global Bing Wallpaper, region=en-GB, local time is 2025-07-19 10:31:06.831981+01:00
[09:31:06] Successful get url: https://www.bing.com/th?id=OHR.MothWeek_EN-GB9944593474_UHD.jpg
[09:31:06] Picture infomations saved to  global/en-GB/README.md
[09:31:06] Picture infomations saved to global/en-GB/history/2025/07/19_en-GB.md
[09:31:06] Start geting global Bing Wallpaper, region=it-IT, local time is 2025-07-19 11:31:06.983073+02:00
[09:31:07] Successful get url: https://www.bing.com/th?id=OHR.MothWeek_IT-IT2222446823_UHD.jpg
[09:31:07] Picture infomations saved to  global/it-IT/README.md
[09:31:07] Picture infomations saved to global/it-IT/history/2025/07/19_it-IT.md
[09:31:07] Start geting global Bing Wallpaper, region=es-ES, local time is 2025-07-19 11:31:07.145833+02:00
[09:31:07] Successful get url: https://www.bing.com/th?id=OHR.MothWeek_ES-ES7594362162_UHD.jpg
[09:31:07] Picture infomations saved to  global/es-ES/README.md
[09:31:07] Picture infomations saved to global/es-ES/history/2025/07/19_es-ES.md
[09:31:07] Start geting global Bing Wallpaper, region=fr-CA, local time is 2025-07-19 05:31:07.366426-04:00
[09:31:07] Successful get url: https://www.bing.com/th?id=OHR.SimcoeLighthouse_FR-CA8079606831_UHD.jpg
[09:31:07] Picture infomations saved to  global/fr-CA/README.md
[09:31:07] Picture infomations saved to global/fr-CA/history/2025/07/20_fr-CA.md
Program exit at 09:31:07

Program started at 16:15:48
Operating System Name: Linux
Operating System Version: #18~24.04.1-Ubuntu SMP Sat Jun 28 04:46:03 UTC 2025
System Architecture: ('64bit', 'ELF')
Computer Type: x86_64
Computer Name: pkrvmq0rgcvqdmg
Processor Type: x86_64
Python Version: 3.12.11
Python Interpreter Name: CPython
[16:15:48] Start geting CN Bing Wallpaper
[16:15:48] Successful get url: https://www.bing.com/th?id=OHR.BigMoon_ZH-CN2508603883_UHD.jpg
[16:15:48] Image saved to img/background.jpg
[16:15:48] Info saved to README.md
[16:15:48] Image saved to history/2025/07/20.md
[16:15:48] Start geting global Bing Wallpaper, region=en-US, local time is 2025-07-19 12:15:48.992194-04:00
[16:15:49] Successful get url: https://www.bing.com/th?id=OHR.MothWeek_EN-US5360572836_UHD.jpg
[16:15:49] Picture infomations saved to  global/en-US/README.md
[16:15:49] Picture infomations saved to global/en-US/history/2025/07/20_en-US.md
[16:15:49] Start geting global Bing Wallpaper, region=ja-JP, local time is 2025-07-20 01:15:49.096922+09:00
[16:15:49] Successful get url: https://www.bing.com/th?id=OHR.BigMoon_JA-JP3459565714_UHD.jpg
[16:15:49] Picture infomations saved to  global/ja-JP/README.md
[16:15:49] Picture infomations saved to global/ja-JP/history/2025/07/20_ja-JP.md
[16:15:49] Start geting global Bing Wallpaper, region=en-IN, local time is 2025-07-19 21:45:49.209256+05:30
[16:15:49] Successful get url: https://www.bing.com/th?id=OHR.MothWeek_EN-IN7635547471_UHD.jpg
[16:15:49] Picture infomations saved to  global/en-IN/README.md
[16:15:49] Picture infomations saved to global/en-IN/history/2025/07/19_en-IN.md
[16:15:49] Start geting global Bing Wallpaper, region=pt-BR, local time is 2025-07-19 13:15:49.318891-03:00
[16:15:49] Successful get url: https://www.bing.com/th?id=OHR.NationalSoccerDay_PT-BR3956559362_UHD.jpg
[16:15:49] Picture infomations saved to  global/pt-BR/README.md
[16:15:49] Picture infomations saved to global/pt-BR/history/2025/07/20_pt-BR.md
[16:15:49] Start geting global Bing Wallpaper, region=fr-FR, local time is 2025-07-19 18:15:49.540941+02:00
[16:15:49] Successful get url: https://www.bing.com/th?id=OHR.Saumur_FR-FR4957130952_UHD.jpg
[16:15:49] Picture infomations saved to  global/fr-FR/README.md
[16:15:49] Picture infomations saved to global/fr-FR/history/2025/07/19_fr-FR.md
[16:15:49] Start geting global Bing Wallpaper, region=de-DE, local time is 2025-07-19 18:15:49.651944+02:00
[16:15:49] Successful get url: https://www.bing.com/th?id=OHR.MothWeek_DE-DE7350997027_UHD.jpg
[16:15:49] Picture infomations saved to  global/de-DE/README.md
[16:15:49] Picture infomations saved to global/de-DE/history/2025/07/19_de-DE.md
[16:15:49] Start geting global Bing Wallpaper, region=en-CA, local time is 2025-07-19 12:15:49.761097-04:00
[16:15:49] Successful get url: https://www.bing.com/th?id=OHR.SimcoeLighthouse_EN-CA4989806848_UHD.jpg
[16:15:49] Picture infomations saved to  global/en-CA/README.md
[16:15:49] Picture infomations saved to global/en-CA/history/2025/07/20_en-CA.md
[16:15:49] Start geting global Bing Wallpaper, region=en-GB, local time is 2025-07-19 17:15:49.861388+01:00
[16:15:49] Successful get url: https://www.bing.com/th?id=OHR.MothWeek_EN-GB9944593474_UHD.jpg
[16:15:49] Picture infomations saved to  global/en-GB/README.md
[16:15:49] Picture infomations saved to global/en-GB/history/2025/07/19_en-GB.md
[16:15:49] Start geting global Bing Wallpaper, region=it-IT, local time is 2025-07-19 18:15:49.961036+02:00
[16:15:49] Successful get url: https://www.bing.com/th?id=OHR.MothWeek_IT-IT2222446823_UHD.jpg
[16:15:50] Picture infomations saved to  global/it-IT/README.md
[16:15:50] Picture infomations saved to global/it-IT/history/2025/07/19_it-IT.md
[16:15:50] Start geting global Bing Wallpaper, region=es-ES, local time is 2025-07-19 18:15:50.061138+02:00
[16:15:50] Successful get url: https://www.bing.com/th?id=OHR.MothWeek_ES-ES7594362162_UHD.jpg
[16:15:50] Picture infomations saved to  global/es-ES/README.md
[16:15:50] Picture infomations saved to global/es-ES/history/2025/07/19_es-ES.md
[16:15:50] Start geting global Bing Wallpaper, region=fr-CA, local time is 2025-07-19 12:15:50.165099-04:00
[16:15:50] Successful get url: https://www.bing.com/th?id=OHR.SimcoeLighthouse_FR-CA8079606831_UHD.jpg
[16:15:50] Picture infomations saved to  global/fr-CA/README.md
[16:15:50] Picture infomations saved to global/fr-CA/history/2025/07/20_fr-CA.md
Program exit at 16:15:50
