
Program started at 09:36:24
Operating System Name: Linux
Operating System Version: #18~24.04.1-Ubuntu SMP Sat Jun 28 04:46:03 UTC 2025
System Architecture: ('64bit', 'ELF')
Computer Type: x86_64
Computer Name: pkrvmq0rgcvqdmg
Processor Type: x86_64
Python Version: 3.12.11
Python Interpreter Name: CPython
[09:36:24] Start geting CN Bing Wallpaper
[09:36:24] Successful get url: https://www.bing.com/th?id=OHR.FranceLavender_ZH-CN1639602547_UHD.jpg
[09:36:24] Image saved to img/background.jpg
[09:36:24] Info saved to README.md
[09:36:24] Image saved to history/2025/07/17.md
[09:36:24] Start geting global Bing Wallpaper, region=en-US, local time is 2025-07-17 05:36:24.565004-04:00
[09:36:24] Successful get url: https://www.bing.com/th?id=OHR.FranceLavender_EN-US5224253118_UHD.jpg
[09:36:24] Picture infomations saved to  global/en-US/README.md
[09:36:24] Picture infomations saved to global/en-US/history/2025/07/18_en-US.md
[09:36:24] Start geting global Bing Wallpaper, region=ja-JP, local time is 2025-07-17 18:36:24.890620+09:00
[09:36:24] Successful get url: https://www.bing.com/th?id=OHR.FranceLavender_JA-JP2202328070_UHD.jpg
[09:36:25] Picture infomations saved to  global/ja-JP/README.md
[09:36:25] Picture infomations saved to global/ja-JP/history/2025/07/17_ja-JP.md
[09:36:25] Start geting global Bing Wallpaper, region=en-IN, local time is 2025-07-17 15:06:25.186318+05:30
[09:36:25] Successful get url: https://www.bing.com/th?id=OHR.FranceLavender_EN-IN6275328084_UHD.jpg
[09:36:25] Picture infomations saved to  global/en-IN/README.md
[09:36:25] Picture infomations saved to global/en-IN/history/2025/07/17_en-IN.md
[09:36:25] Start geting global Bing Wallpaper, region=pt-BR, local time is 2025-07-17 06:36:25.515318-03:00
[09:36:25] Successful get url: https://www.bing.com/th?id=OHR.FranceLavender_PT-BR8916363629_UHD.jpg
[09:36:25] Picture infomations saved to  global/pt-BR/README.md
[09:36:25] Picture infomations saved to global/pt-BR/history/2025/07/18_pt-BR.md
[09:36:25] Start geting global Bing Wallpaper, region=fr-FR, local time is 2025-07-17 11:36:25.810132+02:00
[09:36:25] Successful get url: https://www.bing.com/th?id=OHR.FranceLavender_FR-FR3750510454_UHD.jpg
[09:36:26] Picture infomations saved to  global/fr-FR/README.md
[09:36:26] Picture infomations saved to global/fr-FR/history/2025/07/17_fr-FR.md
[09:36:26] Start geting global Bing Wallpaper, region=de-DE, local time is 2025-07-17 11:36:26.100451+02:00
[09:36:26] Successful get url: https://www.bing.com/th?id=OHR.LavenderWesterhever_DE-DE4832117412_UHD.jpg
[09:36:26] Picture infomations saved to  global/de-DE/README.md
[09:36:26] Picture infomations saved to global/de-DE/history/2025/07/17_de-DE.md
[09:36:26] Start geting global Bing Wallpaper, region=en-CA, local time is 2025-07-17 05:36:26.421642-04:00
[09:36:26] Successful get url: https://www.bing.com/th?id=OHR.FranceLavender_EN-CA4651592826_UHD.jpg
[09:36:26] Picture infomations saved to  global/en-CA/README.md
[09:36:26] Picture infomations saved to global/en-CA/history/2025/07/18_en-CA.md
[09:36:26] Start geting global Bing Wallpaper, region=en-GB, local time is 2025-07-17 10:36:26.749227+01:00
[09:36:26] Successful get url: https://www.bing.com/th?id=OHR.FranceLavender_EN-GB9687234826_UHD.jpg
[09:36:27] Picture infomations saved to  global/en-GB/README.md
[09:36:27] Picture infomations saved to global/en-GB/history/2025/07/17_en-GB.md
[09:36:27] Start geting global Bing Wallpaper, region=it-IT, local time is 2025-07-17 11:36:27.051184+02:00
[09:36:27] Successful get url: https://www.bing.com/th?id=OHR.FranceLavender_IT-IT7177980672_UHD.jpg
[09:36:27] Picture infomations saved to  global/it-IT/README.md
[09:36:27] Picture infomations saved to global/it-IT/history/2025/07/17_it-IT.md
[09:36:27] Start geting global Bing Wallpaper, region=es-ES, local time is 2025-07-17 11:36:27.395509+02:00
[09:36:27] Successful get url: https://www.bing.com/th?id=OHR.PerseidasAragon_ES-ES4625376331_UHD.jpg
[09:36:27] Picture infomations saved to  global/es-ES/README.md
[09:36:27] Picture infomations saved to global/es-ES/history/2025/07/17_es-ES.md
[09:36:27] Start geting global Bing Wallpaper, region=fr-CA, local time is 2025-07-17 05:36:27.718195-04:00
[09:36:27] Successful get url: https://www.bing.com/th?id=OHR.FranceLavender_FR-CA9093212384_UHD.jpg
[09:36:28] Picture infomations saved to  global/fr-CA/README.md
[09:36:28] Picture infomations saved to global/fr-CA/history/2025/07/18_fr-CA.md
Program exit at 09:36:28

Program started at 16:18:11
Operating System Name: Linux
Operating System Version: #18~24.04.1-Ubuntu SMP Sat Jun 28 04:46:03 UTC 2025
System Architecture: ('64bit', 'ELF')
Computer Type: x86_64
Computer Name: pkrvmq0rgcvqdmg
Processor Type: x86_64
Python Version: 3.12.11
Python Interpreter Name: CPython
[16:18:11] Start geting CN Bing Wallpaper
[16:18:11] Successful get url: https://www.bing.com/th?id=OHR.IcelandSolstice_ZH-CN6073168622_UHD.jpg
[16:18:11] Image saved to img/background.jpg
[16:18:11] Info saved to README.md
[16:18:11] Image saved to history/2025/07/18.md
[16:18:11] Start geting global Bing Wallpaper, region=en-US, local time is 2025-07-17 12:18:11.735463-04:00
[16:18:11] Successful get url: https://www.bing.com/th?id=OHR.FranceLavender_EN-US5224253118_UHD.jpg
[16:18:11] Picture infomations saved to  global/en-US/README.md
[16:18:11] Picture infomations saved to global/en-US/history/2025/07/18_en-US.md
[16:18:11] Start geting global Bing Wallpaper, region=ja-JP, local time is 2025-07-18 01:18:11.830247+09:00
[16:18:11] Successful get url: https://www.bing.com/th?id=OHR.DolomitiEstate_JA-JP1752445418_UHD.jpg
[16:18:11] Picture infomations saved to  global/ja-JP/README.md
[16:18:11] Picture infomations saved to global/ja-JP/history/2025/07/18_ja-JP.md
[16:18:11] Start geting global Bing Wallpaper, region=en-IN, local time is 2025-07-17 21:48:11.929834+05:30
[16:18:11] Successful get url: https://www.bing.com/th?id=OHR.FranceLavender_EN-IN6275328084_UHD.jpg
[16:18:12] Picture infomations saved to  global/en-IN/README.md
[16:18:12] Picture infomations saved to global/en-IN/history/2025/07/17_en-IN.md
[16:18:12] Start geting global Bing Wallpaper, region=pt-BR, local time is 2025-07-17 13:18:12.026729-03:00
[16:18:12] Successful get url: https://www.bing.com/th?id=OHR.FranceLavender_PT-BR8916363629_UHD.jpg
[16:18:12] Picture infomations saved to  global/pt-BR/README.md
[16:18:12] Picture infomations saved to global/pt-BR/history/2025/07/18_pt-BR.md
[16:18:12] Start geting global Bing Wallpaper, region=fr-FR, local time is 2025-07-17 18:18:12.132705+02:00
[16:18:12] Successful get url: https://www.bing.com/th?id=OHR.FranceLavender_FR-FR3750510454_UHD.jpg
[16:18:12] Picture infomations saved to  global/fr-FR/README.md
[16:18:12] Picture infomations saved to global/fr-FR/history/2025/07/17_fr-FR.md
[16:18:12] Start geting global Bing Wallpaper, region=de-DE, local time is 2025-07-17 18:18:12.210949+02:00
[16:18:12] Successful get url: https://www.bing.com/th?id=OHR.LavenderWesterhever_DE-DE1062458785_UHD.jpg
[16:18:12] Picture infomations saved to  global/de-DE/README.md
[16:18:12] Picture infomations saved to global/de-DE/history/2025/07/17_de-DE.md
[16:18:12] Start geting global Bing Wallpaper, region=en-CA, local time is 2025-07-17 12:18:12.311926-04:00
[16:18:12] Successful get url: https://www.bing.com/th?id=OHR.FranceLavender_EN-CA4651592826_UHD.jpg
[16:18:12] Picture infomations saved to  global/en-CA/README.md
[16:18:12] Picture infomations saved to global/en-CA/history/2025/07/18_en-CA.md
[16:18:12] Start geting global Bing Wallpaper, region=en-GB, local time is 2025-07-17 17:18:12.484672+01:00
[16:18:12] Successful get url: https://www.bing.com/th?id=OHR.FranceLavender_EN-GB9687234826_UHD.jpg
[16:18:12] Picture infomations saved to  global/en-GB/README.md
[16:18:12] Picture infomations saved to global/en-GB/history/2025/07/17_en-GB.md
[16:18:12] Start geting global Bing Wallpaper, region=it-IT, local time is 2025-07-17 18:18:12.573689+02:00
[16:18:12] Successful get url: https://www.bing.com/th?id=OHR.FranceLavender_IT-IT7177980672_UHD.jpg
[16:18:12] Picture infomations saved to  global/it-IT/README.md
[16:18:12] Picture infomations saved to global/it-IT/history/2025/07/17_it-IT.md
[16:18:12] Start geting global Bing Wallpaper, region=es-ES, local time is 2025-07-17 18:18:12.669017+02:00
[16:18:12] Successful get url: https://www.bing.com/th?id=OHR.PerseidasAragon_ES-ES4625376331_UHD.jpg
[16:18:12] Picture infomations saved to  global/es-ES/README.md
[16:18:12] Picture infomations saved to global/es-ES/history/2025/07/17_es-ES.md
[16:18:12] Start geting global Bing Wallpaper, region=fr-CA, local time is 2025-07-17 12:18:12.762267-04:00
[16:18:12] Successful get url: https://www.bing.com/th?id=OHR.FranceLavender_FR-CA9093212384_UHD.jpg
[16:18:12] Picture infomations saved to  global/fr-CA/README.md
[16:18:12] Picture infomations saved to global/fr-CA/history/2025/07/18_fr-CA.md
Program exit at 16:18:12
