
Program started at 09:34:22
Operating System Name: Linux
Operating System Version: #15~24.04.1-Ubuntu SMP Thu May  1 02:52:08 UTC 2025
System Architecture: ('64bit', 'ELF')
Computer Type: x86_64
Computer Name: fv-az788-198
Processor Type: x86_64
Python Version: 3.12.11
Python Interpreter Name: CPython
[09:34:22] Start geting CN Bing Wallpaper
[09:34:22] Successful get url: https://www.bing.com/th?id=OHR.CanadaDayFogo_ZH-CN2593963748_UHD.jpg
[09:34:22] Image saved to img/background.jpg
[09:34:22] Info saved to README.md
[09:34:22] Image saved to history/2025/07/01.md
[09:34:22] Start geting global Bing Wallpaper, region=en-US, local time is 2025-07-01 05:34:22.746181-04:00
[09:34:22] Successful get url: https://www.bing.com/th?id=OHR.CanadaDayFogo_EN-US0231478181_UHD.jpg
[09:34:22] Picture infomations saved to  global/en-US/README.md
[09:34:22] Picture infomations saved to global/en-US/history/2025/07/02_en-US.md
[09:34:22] Start geting global Bing Wallpaper, region=ja-JP, local time is 2025-07-01 18:34:22.947144+09:00
[09:34:22] Successful get url: https://www.bing.com/th?id=OHR.CanadaDayFogo_JA-JP7164591765_UHD.jpg
[09:34:23] Picture infomations saved to  global/ja-JP/README.md
[09:34:23] Picture infomations saved to global/ja-JP/history/2025/07/01_ja-JP.md
[09:34:23] Start geting global Bing Wallpaper, region=en-IN, local time is 2025-07-01 15:04:23.094435+05:30
[09:34:23] Successful get url: https://www.bing.com/th?id=OHR.KeralaHouseboats_EN-IN3537088049_UHD.jpg
[09:34:23] Picture infomations saved to  global/en-IN/README.md
[09:34:23] Picture infomations saved to global/en-IN/history/2025/07/01_en-IN.md
[09:34:23] Start geting global Bing Wallpaper, region=pt-BR, local time is 2025-07-01 06:34:23.221059-03:00
[09:34:23] Successful get url: https://www.bing.com/th?id=OHR.CanadaDayFogo_PT-BR9552354869_UHD.jpg
[09:34:23] Picture infomations saved to  global/pt-BR/README.md
[09:34:23] Picture infomations saved to global/pt-BR/history/2025/07/02_pt-BR.md
[09:34:23] Start geting global Bing Wallpaper, region=fr-FR, local time is 2025-07-01 11:34:23.383182+02:00
[09:34:23] Successful get url: https://www.bing.com/th?id=OHR.ButterflyPurpleFlower_FR-FR7407948243_UHD.jpg
[09:34:23] Picture infomations saved to  global/fr-FR/README.md
[09:34:23] Picture infomations saved to global/fr-FR/history/2025/07/01_fr-FR.md
[09:34:23] Start geting global Bing Wallpaper, region=de-DE, local time is 2025-07-01 11:34:23.559010+02:00
[09:34:23] Successful get url: https://www.bing.com/th?id=OHR.CanadaDayFogo_DE-DE8180601933_UHD.jpg
[09:34:23] Picture infomations saved to  global/de-DE/README.md
[09:34:23] Picture infomations saved to global/de-DE/history/2025/07/01_de-DE.md
[09:34:23] Start geting global Bing Wallpaper, region=en-CA, local time is 2025-07-01 05:34:23.706049-04:00
[09:34:23] Successful get url: https://www.bing.com/th?id=OHR.Canada25Day_EN-CA2287928069_UHD.jpg
[09:34:23] Picture infomations saved to  global/en-CA/README.md
[09:34:23] Picture infomations saved to global/en-CA/history/2025/07/02_en-CA.md
[09:34:23] Start geting global Bing Wallpaper, region=en-GB, local time is 2025-07-01 10:34:23.823080+01:00
[09:34:23] Successful get url: https://www.bing.com/th?id=OHR.CanadaDayFogo_EN-GB1957442949_UHD.jpg
[09:34:23] Picture infomations saved to  global/en-GB/README.md
[09:34:23] Picture infomations saved to global/en-GB/history/2025/07/01_en-GB.md
[09:34:23] Start geting global Bing Wallpaper, region=it-IT, local time is 2025-07-01 11:34:23.985292+02:00
[09:34:24] Successful get url: https://www.bing.com/th?id=OHR.CanadaDayFogo_IT-IT2208843144_UHD.jpg
[09:34:24] Picture infomations saved to  global/it-IT/README.md
[09:34:24] Picture infomations saved to global/it-IT/history/2025/07/01_it-IT.md
[09:34:24] Start geting global Bing Wallpaper, region=es-ES, local time is 2025-07-01 11:34:24.149438+02:00
[09:34:24] Successful get url: https://www.bing.com/th?id=OHR.CanadaDayFogo_ES-ES1121865641_UHD.jpg
[09:34:24] Picture infomations saved to  global/es-ES/README.md
[09:34:24] Picture infomations saved to global/es-ES/history/2025/07/01_es-ES.md
[09:34:24] Start geting global Bing Wallpaper, region=fr-CA, local time is 2025-07-01 05:34:24.340204-04:00
[09:34:24] Successful get url: https://www.bing.com/th?id=OHR.CanadaDayFogo_FR-CA2667596304_UHD.jpg
[09:34:24] Picture infomations saved to  global/fr-CA/README.md
[09:34:24] Picture infomations saved to global/fr-CA/history/2025/07/02_fr-CA.md
Program exit at 09:34:24
