
Program started at 09:33:51
Operating System Name: Linux
Operating System Version: #15~24.04.1-Ubuntu SMP Thu May  1 02:52:08 UTC 2025
System Architecture: ('64bit', 'ELF')
Computer Type: x86_64
Computer Name: pkrvmfkh1xnbeme
Processor Type: x86_64
Python Version: 3.12.11
Python Interpreter Name: CPython
[09:33:51] Start geting CN Bing Wallpaper
[09:33:51] Successful get url: https://www.bing.com/th?id=OHR.SecedaPeak_ZH-CN7633793128_UHD.jpg
[09:33:51] Image saved to img/background.jpg
[09:33:51] Info saved to README.md
[09:33:51] Image saved to history/2025/07/08.md
[09:33:51] Start geting global Bing Wallpaper, region=en-US, local time is 2025-07-08 05:33:51.770496-04:00
[09:33:51] Successful get url: https://www.bing.com/th?id=OHR.SecedaPeak_EN-US0983713623_UHD.jpg
[09:33:51] Picture infomations saved to  global/en-US/README.md
[09:33:51] Picture infomations saved to global/en-US/history/2025/07/09_en-US.md
[09:33:51] Start geting global Bing Wallpaper, region=ja-JP, local time is 2025-07-08 18:33:51.893750+09:00
[09:33:51] Successful get url: https://www.bing.com/th?id=OHR.WheatFields2025_JA-JP0694604988_UHD.jpg
[09:33:52] Picture infomations saved to  global/ja-JP/README.md
[09:33:52] Picture infomations saved to global/ja-JP/history/2025/07/08_ja-JP.md
[09:33:52] Start geting global Bing Wallpaper, region=en-IN, local time is 2025-07-08 15:03:52.025415+05:30
[09:33:52] Successful get url: https://www.bing.com/th?id=OHR.SecedaPeak_EN-IN1378289926_UHD.jpg
[09:33:52] Picture infomations saved to  global/en-IN/README.md
[09:33:52] Picture infomations saved to global/en-IN/history/2025/07/08_en-IN.md
[09:33:52] Start geting global Bing Wallpaper, region=pt-BR, local time is 2025-07-08 06:33:52.138522-03:00
[09:33:52] Successful get url: https://www.bing.com/th?id=OHR.NationalScienceDay_PT-BR3314898058_UHD.jpg
[09:33:52] Picture infomations saved to  global/pt-BR/README.md
[09:33:52] Picture infomations saved to global/pt-BR/history/2025/07/09_pt-BR.md
[09:33:52] Start geting global Bing Wallpaper, region=fr-FR, local time is 2025-07-08 11:33:52.252524+02:00
[09:33:52] Successful get url: https://www.bing.com/th?id=OHR.BaieSomme_FR-FR5529600506_UHD.jpg
[09:33:52] Picture infomations saved to  global/fr-FR/README.md
[09:33:52] Picture infomations saved to global/fr-FR/history/2025/07/08_fr-FR.md
[09:33:52] Start geting global Bing Wallpaper, region=de-DE, local time is 2025-07-08 11:33:52.366753+02:00
[09:33:52] Successful get url: https://www.bing.com/th?id=OHR.SecedaPeak_DE-DE7304303596_UHD.jpg
[09:33:52] Picture infomations saved to  global/de-DE/README.md
[09:33:52] Picture infomations saved to global/de-DE/history/2025/07/08_de-DE.md
[09:33:52] Start geting global Bing Wallpaper, region=en-CA, local time is 2025-07-08 05:33:52.471588-04:00
[09:33:52] Successful get url: https://www.bing.com/th?id=OHR.SecedaPeak_EN-CA3724854798_UHD.jpg
[09:33:52] Picture infomations saved to  global/en-CA/README.md
[09:33:52] Picture infomations saved to global/en-CA/history/2025/07/09_en-CA.md
[09:33:52] Start geting global Bing Wallpaper, region=en-GB, local time is 2025-07-08 10:33:52.574584+01:00
[09:33:52] Successful get url: https://www.bing.com/th?id=OHR.SecedaPeak_EN-GB3566713834_UHD.jpg
[09:33:52] Picture infomations saved to  global/en-GB/README.md
[09:33:52] Picture infomations saved to global/en-GB/history/2025/07/08_en-GB.md
[09:33:52] Start geting global Bing Wallpaper, region=it-IT, local time is 2025-07-08 11:33:52.720983+02:00
[09:33:52] Successful get url: https://www.bing.com/th?id=OHR.SecedaPeak_IT-IT2850226603_UHD.jpg
[09:33:52] Picture infomations saved to  global/it-IT/README.md
[09:33:52] Picture infomations saved to global/it-IT/history/2025/07/08_it-IT.md
[09:33:52] Start geting global Bing Wallpaper, region=es-ES, local time is 2025-07-08 11:33:52.860537+02:00
[09:33:52] Successful get url: https://www.bing.com/th?id=OHR.SecedaPeak_ES-ES2991611419_UHD.jpg
[09:33:53] Picture infomations saved to  global/es-ES/README.md
[09:33:53] Picture infomations saved to global/es-ES/history/2025/07/08_es-ES.md
[09:33:53] Start geting global Bing Wallpaper, region=fr-CA, local time is 2025-07-08 05:33:53.050151-04:00
[09:33:53] Successful get url: https://www.bing.com/th?id=OHR.SecedaPeak_FR-CA5229717500_UHD.jpg
[09:33:53] Picture infomations saved to  global/fr-CA/README.md
[09:33:53] Picture infomations saved to global/fr-CA/history/2025/07/09_fr-CA.md
Program exit at 09:33:53

Program started at 16:17:41
Operating System Name: Linux
Operating System Version: #15~24.04.1-Ubuntu SMP Thu May  1 02:52:08 UTC 2025
System Architecture: ('64bit', 'ELF')
Computer Type: x86_64
Computer Name: pkrvmbietmlfzoi
Processor Type: x86_64
Python Version: 3.12.11
Python Interpreter Name: CPython
[16:17:41] Start geting CN Bing Wallpaper
[16:17:42] Successful get url: https://www.bing.com/th?id=OHR.ConstitucionStation_ZH-CN7962568053_UHD.jpg
[16:17:42] Image saved to img/background.jpg
[16:17:42] Info saved to README.md
[16:17:42] Image saved to history/2025/07/09.md
[16:17:42] Start geting global Bing Wallpaper, region=en-US, local time is 2025-07-08 12:17:42.127767-04:00
[16:17:42] Successful get url: https://www.bing.com/th?id=OHR.SecedaPeak_EN-US0983713623_UHD.jpg
[16:17:42] Picture infomations saved to  global/en-US/README.md
[16:17:42] Picture infomations saved to global/en-US/history/2025/07/09_en-US.md
[16:17:42] Start geting global Bing Wallpaper, region=ja-JP, local time is 2025-07-09 01:17:42.322687+09:00
[16:17:42] Successful get url: https://www.bing.com/th?id=OHR.ConstitucionStation_JA-JP9081110784_UHD.jpg
[16:17:42] Picture infomations saved to  global/ja-JP/README.md
[16:17:42] Picture infomations saved to global/ja-JP/history/2025/07/09_ja-JP.md
[16:17:42] Start geting global Bing Wallpaper, region=en-IN, local time is 2025-07-08 21:47:42.492061+05:30
[16:17:42] Successful get url: https://www.bing.com/th?id=OHR.SecedaPeak_EN-IN1378289926_UHD.jpg
[16:17:42] Picture infomations saved to  global/en-IN/README.md
[16:17:42] Picture infomations saved to global/en-IN/history/2025/07/08_en-IN.md
[16:17:42] Start geting global Bing Wallpaper, region=pt-BR, local time is 2025-07-08 13:17:42.662329-03:00
[16:17:42] Successful get url: https://www.bing.com/th?id=OHR.NationalScienceDay_PT-BR3314898058_UHD.jpg
[16:17:42] Picture infomations saved to  global/pt-BR/README.md
[16:17:42] Picture infomations saved to global/pt-BR/history/2025/07/09_pt-BR.md
[16:17:42] Start geting global Bing Wallpaper, region=fr-FR, local time is 2025-07-08 18:17:42.835376+02:00
[16:17:42] Successful get url: https://www.bing.com/th?id=OHR.BaieSomme_FR-FR5529600506_UHD.jpg
[16:17:43] Picture infomations saved to  global/fr-FR/README.md
[16:17:43] Picture infomations saved to global/fr-FR/history/2025/07/08_fr-FR.md
[16:17:43] Start geting global Bing Wallpaper, region=de-DE, local time is 2025-07-08 18:17:43.026070+02:00
[16:17:43] Successful get url: https://www.bing.com/th?id=OHR.SecedaPeak_DE-DE7304303596_UHD.jpg
[16:17:43] Picture infomations saved to  global/de-DE/README.md
[16:17:43] Picture infomations saved to global/de-DE/history/2025/07/08_de-DE.md
[16:17:43] Start geting global Bing Wallpaper, region=en-CA, local time is 2025-07-08 12:17:43.189124-04:00
[16:17:43] Successful get url: https://www.bing.com/th?id=OHR.SecedaPeak_EN-CA3724854798_UHD.jpg
[16:17:43] Picture infomations saved to  global/en-CA/README.md
[16:17:43] Picture infomations saved to global/en-CA/history/2025/07/09_en-CA.md
[16:17:43] Start geting global Bing Wallpaper, region=en-GB, local time is 2025-07-08 17:17:43.353015+01:00
[16:17:43] Successful get url: https://www.bing.com/th?id=OHR.SecedaPeak_EN-GB3566713834_UHD.jpg
[16:17:43] Picture infomations saved to  global/en-GB/README.md
[16:17:43] Picture infomations saved to global/en-GB/history/2025/07/08_en-GB.md
[16:17:43] Start geting global Bing Wallpaper, region=it-IT, local time is 2025-07-08 18:17:43.539528+02:00
[16:17:43] Successful get url: https://www.bing.com/th?id=OHR.SecedaPeak_IT-IT2850226603_UHD.jpg
[16:17:43] Picture infomations saved to  global/it-IT/README.md
[16:17:43] Picture infomations saved to global/it-IT/history/2025/07/08_it-IT.md
[16:17:43] Start geting global Bing Wallpaper, region=es-ES, local time is 2025-07-08 18:17:43.706897+02:00
[16:17:43] Successful get url: https://www.bing.com/th?id=OHR.SecedaPeak_ES-ES2991611419_UHD.jpg
[16:17:43] Picture infomations saved to  global/es-ES/README.md
[16:17:43] Picture infomations saved to global/es-ES/history/2025/07/08_es-ES.md
[16:17:43] Start geting global Bing Wallpaper, region=fr-CA, local time is 2025-07-08 12:17:43.875130-04:00
[16:17:43] Successful get url: https://www.bing.com/th?id=OHR.SecedaPeak_FR-CA5229717500_UHD.jpg
[16:17:44] Picture infomations saved to  global/fr-CA/README.md
[16:17:44] Picture infomations saved to global/fr-CA/history/2025/07/09_fr-CA.md
Program exit at 16:17:44
