
Program started at 09:34:41
Operating System Name: Linux
Operating System Version: #15~24.04.1-Ubuntu SMP Thu May  1 02:52:08 UTC 2025
System Architecture: ('64bit', 'ELF')
Computer Type: x86_64
Computer Name: fv-az2233-740
Processor Type: x86_64
Python Version: 3.12.11
Python Interpreter Name: CPython
[09:34:41] Start geting CN Bing Wallpaper
[09:34:41] Successful get url: https://www.bing.com/th?id=OHR.MaroonClownfish_ZH-CN5071934692_UHD.jpg
[09:34:41] Image saved to img/background.jpg
[09:34:41] Info saved to README.md
[09:34:41] Image saved to history/2025/07/02.md
[09:34:41] Start geting global Bing Wallpaper, region=en-US, local time is 2025-07-02 05:34:41.329972-04:00
[09:34:41] Successful get url: https://www.bing.com/th?id=OHR.MaroonClownfish_EN-US0391262783_UHD.jpg
[09:34:41] Picture infomations saved to  global/en-US/README.md
[09:34:41] Picture infomations saved to global/en-US/history/2025/07/03_en-US.md
[09:34:41] Start geting global Bing Wallpaper, region=ja-JP, local time is 2025-07-02 18:34:41.474324+09:00
[09:34:41] Successful get url: https://www.bing.com/th?id=OHR.MaroonClownfish_JA-JP7352602108_UHD.jpg
[09:34:41] Picture infomations saved to  global/ja-JP/README.md
[09:34:41] Picture infomations saved to global/ja-JP/history/2025/07/02_ja-JP.md
[09:34:41] Start geting global Bing Wallpaper, region=en-IN, local time is 2025-07-02 15:04:41.700890+05:30
[09:34:41] Successful get url: https://www.bing.com/th?id=OHR.MaroonClownfish_EN-IN6113544568_UHD.jpg
[09:34:41] Picture infomations saved to  global/en-IN/README.md
[09:34:41] Picture infomations saved to global/en-IN/history/2025/07/02_en-IN.md
[09:34:41] Start geting global Bing Wallpaper, region=pt-BR, local time is 2025-07-02 06:34:41.844709-03:00
[09:34:41] Successful get url: https://www.bing.com/th?id=OHR.MaroonClownfish_PT-BR9242833832_UHD.jpg
[09:34:42] Picture infomations saved to  global/pt-BR/README.md
[09:34:42] Picture infomations saved to global/pt-BR/history/2025/07/03_pt-BR.md
[09:34:42] Start geting global Bing Wallpaper, region=fr-FR, local time is 2025-07-02 11:34:42.050639+02:00
[09:34:42] Successful get url: https://www.bing.com/th?id=OHR.MaroonClownfish_FR-FR8871091841_UHD.jpg
[09:34:42] Picture infomations saved to  global/fr-FR/README.md
[09:34:42] Picture infomations saved to global/fr-FR/history/2025/07/02_fr-FR.md
[09:34:42] Start geting global Bing Wallpaper, region=de-DE, local time is 2025-07-02 11:34:42.197817+02:00
[09:34:42] Successful get url: https://www.bing.com/th?id=OHR.CalwMarketsquare_DE-DE9027821635_UHD.jpg
[09:34:42] Picture infomations saved to  global/de-DE/README.md
[09:34:42] Picture infomations saved to global/de-DE/history/2025/07/02_de-DE.md
[09:34:42] Start geting global Bing Wallpaper, region=en-CA, local time is 2025-07-02 05:34:42.390464-04:00
[09:34:42] Successful get url: https://www.bing.com/th?id=OHR.MaroonClownfish_EN-CA2519665800_UHD.jpg
[09:34:42] Picture infomations saved to  global/en-CA/README.md
[09:34:42] Picture infomations saved to global/en-CA/history/2025/07/03_en-CA.md
[09:34:42] Start geting global Bing Wallpaper, region=en-GB, local time is 2025-07-02 10:34:42.572221+01:00
[09:34:42] Successful get url: https://www.bing.com/th?id=OHR.MaroonClownfish_EN-GB2165136186_UHD.jpg
[09:34:42] Picture infomations saved to  global/en-GB/README.md
[09:34:42] Picture infomations saved to global/en-GB/history/2025/07/02_en-GB.md
[09:34:42] Start geting global Bing Wallpaper, region=it-IT, local time is 2025-07-02 11:34:42.718319+02:00
[09:34:42] Successful get url: https://www.bing.com/th?id=OHR.PalioDiSiena_IT-IT2319808114_UHD.jpg
[09:34:42] Picture infomations saved to  global/it-IT/README.md
[09:34:42] Picture infomations saved to global/it-IT/history/2025/07/02_it-IT.md
[09:34:42] Start geting global Bing Wallpaper, region=es-ES, local time is 2025-07-02 11:34:42.906000+02:00
[09:34:42] Successful get url: https://www.bing.com/th?id=OHR.TarragonaFireworks_ES-ES2035632810_UHD.jpg
[09:34:43] Picture infomations saved to  global/es-ES/README.md
[09:34:43] Picture infomations saved to global/es-ES/history/2025/07/02_es-ES.md
[09:34:43] Start geting global Bing Wallpaper, region=fr-CA, local time is 2025-07-02 05:34:43.093131-04:00
[09:34:43] Successful get url: https://www.bing.com/th?id=OHR.MaroonClownfish_FR-CA2812323581_UHD.jpg
[09:34:43] Picture infomations saved to  global/fr-CA/README.md
[09:34:43] Picture infomations saved to global/fr-CA/history/2025/07/03_fr-CA.md
Program exit at 09:34:43
