
Program started at 09:32:09
Operating System Name: Linux
Operating System Version: #18~24.04.1-Ubuntu SMP Sat Jun 28 04:46:03 UTC 2025
System Architecture: ('64bit', 'ELF')
Computer Type: x86_64
Computer Name: pkrvmpptgkbjq6m
Processor Type: x86_64
Python Version: 3.12.11
Python Interpreter Name: CPython
[09:32:09] Start geting CN Bing Wallpaper
[09:32:10] Successful get url: https://www.bing.com/th?id=OHR.BlackfinBarracuda_ZH-CN3850642551_UHD.jpg
[09:32:10] Image saved to img/background.jpg
[09:32:10] Info saved to README.md
[09:32:10] Image saved to history/2025/07/27.md
[09:32:10] Start geting global Bing Wallpaper, region=en-US, local time is 2025-07-27 05:32:10.127558-04:00
[09:32:10] Successful get url: https://www.bing.com/th?id=OHR.BlackfinBarracuda_EN-US1227116811_UHD.jpg
[09:32:10] Picture infomations saved to  global/en-US/README.md
[09:32:10] Picture infomations saved to global/en-US/history/2025/07/28_en-US.md
[09:32:10] Start geting global Bing Wallpaper, region=ja-JP, local time is 2025-07-27 18:32:10.234459+09:00
[09:32:10] Successful get url: https://www.bing.com/th?id=OHR.BlackfinBarracuda_JA-JP9849559763_UHD.jpg
[09:32:10] Picture infomations saved to  global/ja-JP/README.md
[09:32:10] Picture infomations saved to global/ja-JP/history/2025/07/27_ja-JP.md
[09:32:10] Start geting global Bing Wallpaper, region=en-IN, local time is 2025-07-27 15:02:10.352730+05:30
[09:32:10] Successful get url: https://www.bing.com/th?id=OHR.BlackfinBarracuda_EN-IN7426359144_UHD.jpg
[09:32:10] Picture infomations saved to  global/en-IN/README.md
[09:32:10] Picture infomations saved to global/en-IN/history/2025/07/27_en-IN.md
[09:32:10] Start geting global Bing Wallpaper, region=pt-BR, local time is 2025-07-27 06:32:10.446121-03:00
[09:32:10] Successful get url: https://www.bing.com/th?id=OHR.BlackfinBarracuda_PT-BR7423945711_UHD.jpg
[09:32:10] Picture infomations saved to  global/pt-BR/README.md
[09:32:10] Picture infomations saved to global/pt-BR/history/2025/07/28_pt-BR.md
[09:32:10] Start geting global Bing Wallpaper, region=fr-FR, local time is 2025-07-27 11:32:10.564963+02:00
[09:32:10] Successful get url: https://www.bing.com/th?id=OHR.TourFrance_FR-FR5942543577_UHD.jpg
[09:32:10] Picture infomations saved to  global/fr-FR/README.md
[09:32:10] Picture infomations saved to global/fr-FR/history/2025/07/27_fr-FR.md
[09:32:10] Start geting global Bing Wallpaper, region=de-DE, local time is 2025-07-27 11:32:10.760108+02:00
[09:32:10] Successful get url: https://www.bing.com/th?id=OHR.BlackfinBarracuda_DE-DE5710611584_UHD.jpg
[09:32:10] Picture infomations saved to  global/de-DE/README.md
[09:32:10] Picture infomations saved to global/de-DE/history/2025/07/27_de-DE.md
[09:32:10] Start geting global Bing Wallpaper, region=en-CA, local time is 2025-07-27 05:32:10.878978-04:00
[09:32:10] Successful get url: https://www.bing.com/th?id=OHR.BlackfinBarracuda_EN-CA3621644676_UHD.jpg
[09:32:10] Picture infomations saved to  global/en-CA/README.md
[09:32:10] Picture infomations saved to global/en-CA/history/2025/07/28_en-CA.md
[09:32:10] Start geting global Bing Wallpaper, region=en-GB, local time is 2025-07-27 10:32:10.980186+01:00
[09:32:11] Successful get url: https://www.bing.com/th?id=OHR.BlackfinBarracuda_EN-GB9543158920_UHD.jpg
[09:32:11] Picture infomations saved to  global/en-GB/README.md
[09:32:11] Picture infomations saved to global/en-GB/history/2025/07/27_en-GB.md
[09:32:11] Start geting global Bing Wallpaper, region=it-IT, local time is 2025-07-27 11:32:11.109616+02:00
[09:32:11] Successful get url: https://www.bing.com/th?id=OHR.CaltagironeSicilia_IT-IT1493069823_UHD.jpg
[09:32:11] Picture infomations saved to  global/it-IT/README.md
[09:32:11] Picture infomations saved to global/it-IT/history/2025/07/27_it-IT.md
[09:32:11] Start geting global Bing Wallpaper, region=es-ES, local time is 2025-07-27 11:32:11.223873+02:00
[09:32:11] Successful get url: https://www.bing.com/th?id=OHR.BlackfinBarracuda_ES-ES3397140891_UHD.jpg
[09:32:11] Picture infomations saved to  global/es-ES/README.md
[09:32:11] Picture infomations saved to global/es-ES/history/2025/07/27_es-ES.md
[09:32:11] Start geting global Bing Wallpaper, region=fr-CA, local time is 2025-07-27 05:32:11.367663-04:00
[09:32:11] Successful get url: https://www.bing.com/th?id=OHR.BlackfinBarracuda_FR-CA4757779277_UHD.jpg
[09:32:11] Picture infomations saved to  global/fr-CA/README.md
[09:32:11] Picture infomations saved to global/fr-CA/history/2025/07/28_fr-CA.md
Program exit at 09:32:11
