
Program started at 09:40:06
Operating System Name: Linux
Operating System Version: #18~24.04.1-Ubuntu SMP Sat Jun 28 04:46:03 UTC 2025
System Architecture: ('64bit', 'ELF')
Computer Type: x86_64
Computer Name: pkrvmq0rgcvqdmg
Processor Type: x86_64
Python Version: 3.12.11
Python Interpreter Name: CPython
[09:40:06] Start geting CN Bing Wallpaper
[09:40:06] Successful get url: https://www.bing.com/th?id=OHR.PerseidsPine_ZH-CN1081004815_UHD.jpg
[09:40:06] Image saved to img/background.jpg
[09:40:06] Info saved to README.md
[09:40:06] Image saved to history/2025/07/15.md
[09:40:06] Start geting global Bing Wallpaper, region=en-US, local time is 2025-07-15 05:40:06.955775-04:00
[09:40:07] Successful get url: https://www.bing.com/th?id=OHR.PerseidsPine_EN-US4826682211_UHD.jpg
[09:40:07] Picture infomations saved to  global/en-US/README.md
[09:40:07] Picture infomations saved to global/en-US/history/2025/07/16_en-US.md
[09:40:07] Start geting global Bing Wallpaper, region=ja-JP, local time is 2025-07-15 18:40:07.294358+09:00
[09:40:07] Successful get url: https://www.bing.com/th?id=OHR.PerseidsPine_JA-JP0980673364_UHD.jpg
[09:40:07] Picture infomations saved to  global/ja-JP/README.md
[09:40:07] Picture infomations saved to global/ja-JP/history/2025/07/15_ja-JP.md
[09:40:07] Start geting global Bing Wallpaper, region=en-IN, local time is 2025-07-15 15:10:07.660013+05:30
[09:40:07] Successful get url: https://www.bing.com/th?id=OHR.MuchalindaLake_EN-IN3808425098_UHD.jpg
[09:40:07] Picture infomations saved to  global/en-IN/README.md
[09:40:07] Picture infomations saved to global/en-IN/history/2025/07/15_en-IN.md
[09:40:07] Start geting global Bing Wallpaper, region=pt-BR, local time is 2025-07-15 06:40:07.863280-03:00
[09:40:07] Successful get url: https://www.bing.com/th?id=OHR.PerseidsPine_PT-BR0914394834_UHD.jpg
[09:40:08] Picture infomations saved to  global/pt-BR/README.md
[09:40:08] Picture infomations saved to global/pt-BR/history/2025/07/16_pt-BR.md
[09:40:08] Start geting global Bing Wallpaper, region=fr-FR, local time is 2025-07-15 11:40:08.194117+02:00
[09:40:08] Successful get url: https://www.bing.com/th?id=OHR.PerseidsPine_FR-FR2065918536_UHD.jpg
[09:40:08] Picture infomations saved to  global/fr-FR/README.md
[09:40:08] Picture infomations saved to global/fr-FR/history/2025/07/15_fr-FR.md
[09:40:08] Start geting global Bing Wallpaper, region=de-DE, local time is 2025-07-15 11:40:08.534103+02:00
[09:40:08] Successful get url: https://www.bing.com/th?id=OHR.PerseidsPine_DE-DE7245690852_UHD.jpg
[09:40:08] Picture infomations saved to  global/de-DE/README.md
[09:40:08] Picture infomations saved to global/de-DE/history/2025/07/15_de-DE.md
[09:40:08] Start geting global Bing Wallpaper, region=en-CA, local time is 2025-07-15 05:40:08.944089-04:00
[09:40:08] Successful get url: https://www.bing.com/th?id=OHR.PerseidsPine_EN-CA4357451689_UHD.jpg
[09:40:09] Picture infomations saved to  global/en-CA/README.md
[09:40:09] Picture infomations saved to global/en-CA/history/2025/07/16_en-CA.md
[09:40:09] Start geting global Bing Wallpaper, region=en-GB, local time is 2025-07-15 10:40:09.255014+01:00
[09:40:09] Successful get url: https://www.bing.com/th?id=OHR.PerseidsPine_EN-GB9389582617_UHD.jpg
[09:40:09] Picture infomations saved to  global/en-GB/README.md
[09:40:09] Picture infomations saved to global/en-GB/history/2025/07/15_en-GB.md
[09:40:09] Start geting global Bing Wallpaper, region=it-IT, local time is 2025-07-15 11:40:09.566896+02:00
[09:40:09] Successful get url: https://www.bing.com/th?id=OHR.PerseidsPine_IT-IT7125588777_UHD.jpg
[09:40:09] Picture infomations saved to  global/it-IT/README.md
[09:40:09] Picture infomations saved to global/it-IT/history/2025/07/15_it-IT.md
[09:40:09] Start geting global Bing Wallpaper, region=es-ES, local time is 2025-07-15 11:40:09.952557+02:00
[09:40:09] Successful get url: https://www.bing.com/th?id=OHR.FranceLavender_ES-ES8017516672_UHD.jpg
[09:40:10] Picture infomations saved to  global/es-ES/README.md
[09:40:10] Picture infomations saved to global/es-ES/history/2025/07/15_es-ES.md
[09:40:10] Start geting global Bing Wallpaper, region=fr-CA, local time is 2025-07-15 05:40:10.277965-04:00
[09:40:10] Successful get url: https://www.bing.com/th?id=OHR.PerseidsPine_FR-CA9431536579_UHD.jpg
[09:40:10] Picture infomations saved to  global/fr-CA/README.md
[09:40:10] Picture infomations saved to global/fr-CA/history/2025/07/16_fr-CA.md
Program exit at 09:40:10

Program started at 16:18:28
Operating System Name: Linux
Operating System Version: #18~24.04.1-Ubuntu SMP Sat Jun 28 04:46:03 UTC 2025
System Architecture: ('64bit', 'ELF')
Computer Type: x86_64
Computer Name: pkrvmq0rgcvqdmg
Processor Type: x86_64
Python Version: 3.12.11
Python Interpreter Name: CPython
[16:18:28] Start geting CN Bing Wallpaper
[16:18:29] Successful get url: https://www.bing.com/th?id=OHR.TemplePhilae_ZH-CN1232015188_UHD.jpg
[16:18:29] Image saved to img/background.jpg
[16:18:29] Info saved to README.md
[16:18:29] Image saved to history/2025/07/16.md
[16:18:29] Start geting global Bing Wallpaper, region=en-US, local time is 2025-07-15 12:18:29.225576-04:00
[16:18:29] Successful get url: https://www.bing.com/th?id=OHR.PerseidsPine_EN-US4826682211_UHD.jpg
[16:18:29] Picture infomations saved to  global/en-US/README.md
[16:18:29] Picture infomations saved to global/en-US/history/2025/07/16_en-US.md
[16:18:29] Start geting global Bing Wallpaper, region=ja-JP, local time is 2025-07-16 01:18:29.383285+09:00
[16:18:29] Successful get url: https://www.bing.com/th?id=OHR.TemplePhilae_JA-JP1883182948_UHD.jpg
[16:18:29] Picture infomations saved to  global/ja-JP/README.md
[16:18:29] Picture infomations saved to global/ja-JP/history/2025/07/16_ja-JP.md
[16:18:29] Start geting global Bing Wallpaper, region=en-IN, local time is 2025-07-15 21:48:29.576248+05:30
[16:18:29] Successful get url: https://www.bing.com/th?id=OHR.MuchalindaLake_EN-IN3808425098_UHD.jpg
[16:18:29] Picture infomations saved to  global/en-IN/README.md
[16:18:29] Picture infomations saved to global/en-IN/history/2025/07/15_en-IN.md
[16:18:29] Start geting global Bing Wallpaper, region=pt-BR, local time is 2025-07-15 13:18:29.799601-03:00
[16:18:29] Successful get url: https://www.bing.com/th?id=OHR.PerseidsPine_PT-BR0914394834_UHD.jpg
[16:18:30] Picture infomations saved to  global/pt-BR/README.md
[16:18:30] Picture infomations saved to global/pt-BR/history/2025/07/16_pt-BR.md
[16:18:30] Start geting global Bing Wallpaper, region=fr-FR, local time is 2025-07-15 18:18:30.008074+02:00
[16:18:30] Successful get url: https://www.bing.com/th?id=OHR.PerseidsPine_FR-FR2065918536_UHD.jpg
[16:18:30] Picture infomations saved to  global/fr-FR/README.md
[16:18:30] Picture infomations saved to global/fr-FR/history/2025/07/15_fr-FR.md
[16:18:30] Start geting global Bing Wallpaper, region=de-DE, local time is 2025-07-15 18:18:30.172989+02:00
[16:18:30] Successful get url: https://www.bing.com/th?id=OHR.PerseidsPine_DE-DE7245690852_UHD.jpg
[16:18:30] Picture infomations saved to  global/de-DE/README.md
[16:18:30] Picture infomations saved to global/de-DE/history/2025/07/15_de-DE.md
[16:18:30] Start geting global Bing Wallpaper, region=en-CA, local time is 2025-07-15 12:18:30.320194-04:00
[16:18:30] Successful get url: https://www.bing.com/th?id=OHR.PerseidsPine_EN-CA4357451689_UHD.jpg
[16:18:30] Picture infomations saved to  global/en-CA/README.md
[16:18:30] Picture infomations saved to global/en-CA/history/2025/07/16_en-CA.md
[16:18:30] Start geting global Bing Wallpaper, region=en-GB, local time is 2025-07-15 17:18:30.488381+01:00
[16:18:30] Successful get url: https://www.bing.com/th?id=OHR.PerseidsPine_EN-GB9389582617_UHD.jpg
[16:18:30] Picture infomations saved to  global/en-GB/README.md
[16:18:30] Picture infomations saved to global/en-GB/history/2025/07/15_en-GB.md
[16:18:30] Start geting global Bing Wallpaper, region=it-IT, local time is 2025-07-15 18:18:30.596695+02:00
[16:18:30] Successful get url: https://www.bing.com/th?id=OHR.PerseidsPine_IT-IT7125588777_UHD.jpg
[16:18:30] Picture infomations saved to  global/it-IT/README.md
[16:18:30] Picture infomations saved to global/it-IT/history/2025/07/15_it-IT.md
[16:18:30] Start geting global Bing Wallpaper, region=es-ES, local time is 2025-07-15 18:18:30.833676+02:00
[16:18:30] Successful get url: https://www.bing.com/th?id=OHR.FranceLavender_ES-ES8017516672_UHD.jpg
[16:18:30] Picture infomations saved to  global/es-ES/README.md
[16:18:30] Picture infomations saved to global/es-ES/history/2025/07/15_es-ES.md
[16:18:30] Start geting global Bing Wallpaper, region=fr-CA, local time is 2025-07-15 12:18:30.969525-04:00
[16:18:31] Successful get url: https://www.bing.com/th?id=OHR.PerseidsPine_FR-CA9431536579_UHD.jpg
[16:18:31] Picture infomations saved to  global/fr-CA/README.md
[16:18:31] Picture infomations saved to global/fr-CA/history/2025/07/16_fr-CA.md
Program exit at 16:18:31
