
Program started at 09:34:54
Operating System Name: Linux
Operating System Version: #15~24.04.1-Ubuntu SMP Thu May  1 02:52:08 UTC 2025
System Architecture: ('64bit', 'ELF')
Computer Type: x86_64
Computer Name: pkrvmfkh1xnbeme
Processor Type: x86_64
Python Version: 3.12.11
Python Interpreter Name: CPython
[09:34:54] Start geting CN Bing Wallpaper
[09:34:54] Successful get url: https://www.bing.com/th?id=OHR.ConstitucionStation_ZH-CN7962568053_UHD.jpg
[09:34:55] Image saved to img/background.jpg
[09:34:55] Info saved to README.md
[09:34:55] Image saved to history/2025/07/09.md
[09:34:55] Start geting global Bing Wallpaper, region=en-US, local time is 2025-07-09 05:34:55.183963-04:00
[09:34:55] Successful get url: https://www.bing.com/th?id=OHR.ConstitucionStation_EN-US1235857389_UHD.jpg
[09:34:55] Picture infomations saved to  global/en-US/README.md
[09:34:55] Picture infomations saved to global/en-US/history/2025/07/10_en-US.md
[09:34:55] Start geting global Bing Wallpaper, region=ja-JP, local time is 2025-07-09 18:34:55.542772+09:00
[09:34:55] Successful get url: https://www.bing.com/th?id=OHR.ConstitucionStation_JA-JP9081110784_UHD.jpg
[09:34:55] Picture infomations saved to  global/ja-JP/README.md
[09:34:55] Picture infomations saved to global/ja-JP/history/2025/07/09_ja-JP.md
[09:34:55] Start geting global Bing Wallpaper, region=en-IN, local time is 2025-07-09 15:04:55.890439+05:30
[09:34:55] Successful get url: https://www.bing.com/th?id=OHR.ConstitucionStation_EN-IN1557564124_UHD.jpg
[09:34:56] Picture infomations saved to  global/en-IN/README.md
[09:34:56] Picture infomations saved to global/en-IN/history/2025/07/09_en-IN.md
[09:34:56] Start geting global Bing Wallpaper, region=pt-BR, local time is 2025-07-09 06:34:56.382736-03:00
[09:34:56] Successful get url: https://www.bing.com/th?id=OHR.ConstitucionStation_PT-BR4627636298_UHD.jpg
[09:34:56] Picture infomations saved to  global/pt-BR/README.md
[09:34:56] Picture infomations saved to global/pt-BR/history/2025/07/10_pt-BR.md
[09:34:56] Start geting global Bing Wallpaper, region=fr-FR, local time is 2025-07-09 11:34:56.711027+02:00
[09:34:56] Successful get url: https://www.bing.com/th?id=OHR.ConstitucionStation_FR-FR8220857516_UHD.jpg
[09:34:57] Picture infomations saved to  global/fr-FR/README.md
[09:34:57] Picture infomations saved to global/fr-FR/history/2025/07/09_fr-FR.md
[09:34:57] Start geting global Bing Wallpaper, region=de-DE, local time is 2025-07-09 11:34:57.004961+02:00
[09:34:57] Successful get url: https://www.bing.com/th?id=OHR.ConstitucionStation_DE-DE6862611016_UHD.jpg
[09:34:57] Picture infomations saved to  global/de-DE/README.md
[09:34:57] Picture infomations saved to global/de-DE/history/2025/07/09_de-DE.md
[09:34:57] Start geting global Bing Wallpaper, region=en-CA, local time is 2025-07-09 05:34:57.749690-04:00
[09:34:57] Successful get url: https://www.bing.com/th?id=OHR.ConstitucionStation_EN-CA3916160090_UHD.jpg
[09:34:58] Picture infomations saved to  global/en-CA/README.md
[09:34:58] Picture infomations saved to global/en-CA/history/2025/07/10_en-CA.md
[09:34:58] Start geting global Bing Wallpaper, region=en-GB, local time is 2025-07-09 10:34:58.114721+01:00
[09:34:58] Successful get url: https://www.bing.com/th?id=OHR.ConstitucionStation_EN-GB3672762444_UHD.jpg
[09:34:58] Picture infomations saved to  global/en-GB/README.md
[09:34:58] Picture infomations saved to global/en-GB/history/2025/07/09_en-GB.md
[09:34:58] Start geting global Bing Wallpaper, region=it-IT, local time is 2025-07-09 11:34:58.510726+02:00
[09:34:58] Successful get url: https://www.bing.com/th?id=OHR.ConstitucionStation_IT-IT2913035611_UHD.jpg
[09:34:58] Picture infomations saved to  global/it-IT/README.md
[09:34:58] Picture infomations saved to global/it-IT/history/2025/07/09_it-IT.md
[09:34:58] Start geting global Bing Wallpaper, region=es-ES, local time is 2025-07-09 11:34:58.867557+02:00
[09:34:58] Successful get url: https://www.bing.com/th?id=OHR.ConstitucionStation_ES-ES3087797004_UHD.jpg
[09:34:59] Picture infomations saved to  global/es-ES/README.md
[09:34:59] Picture infomations saved to global/es-ES/history/2025/07/09_es-ES.md
[09:34:59] Start geting global Bing Wallpaper, region=fr-CA, local time is 2025-07-09 05:34:59.173918-04:00
[09:34:59] Successful get url: https://www.bing.com/th?id=OHR.ConstitucionStation_FR-CA5656612797_UHD.jpg
[09:34:59] Picture infomations saved to  global/fr-CA/README.md
[09:34:59] Picture infomations saved to global/fr-CA/history/2025/07/10_fr-CA.md
Program exit at 09:34:59

Program started at 16:15:08
Operating System Name: Linux
Operating System Version: #15~24.04.1-Ubuntu SMP Thu May  1 02:52:08 UTC 2025
System Architecture: ('64bit', 'ELF')
Computer Type: x86_64
Computer Name: pkrvmfkh1xnbeme
Processor Type: x86_64
Python Version: 3.12.11
Python Interpreter Name: CPython
[16:15:08] Start geting CN Bing Wallpaper
[16:15:08] Successful get url: https://www.bing.com/th?id=OHR.BahamaBlues_ZH-CN8134624828_UHD.jpg
[16:15:08] Image saved to img/background.jpg
[16:15:08] Info saved to README.md
[16:15:08] Image saved to history/2025/07/10.md
[16:15:08] Start geting global Bing Wallpaper, region=en-US, local time is 2025-07-09 12:15:08.934615-04:00
[16:15:08] Successful get url: https://www.bing.com/th?id=OHR.ConstitucionStation_EN-US1235857389_UHD.jpg
[16:15:09] Picture infomations saved to  global/en-US/README.md
[16:15:09] Picture infomations saved to global/en-US/history/2025/07/10_en-US.md
[16:15:09] Start geting global Bing Wallpaper, region=ja-JP, local time is 2025-07-10 01:15:09.052590+09:00
[16:15:09] Successful get url: https://www.bing.com/th?id=OHR.BahamaBlues_JA-JP9790462699_UHD.jpg
[16:15:09] Picture infomations saved to  global/ja-JP/README.md
[16:15:09] Picture infomations saved to global/ja-JP/history/2025/07/10_ja-JP.md
[16:15:09] Start geting global Bing Wallpaper, region=en-IN, local time is 2025-07-09 21:45:09.161413+05:30
[16:15:09] Successful get url: https://www.bing.com/th?id=OHR.ConstitucionStation_EN-IN1557564124_UHD.jpg
[16:15:09] Picture infomations saved to  global/en-IN/README.md
[16:15:09] Picture infomations saved to global/en-IN/history/2025/07/09_en-IN.md
[16:15:09] Start geting global Bing Wallpaper, region=pt-BR, local time is 2025-07-09 13:15:09.273265-03:00
[16:15:09] Successful get url: https://www.bing.com/th?id=OHR.ConstitucionStation_PT-BR4627636298_UHD.jpg
[16:15:09] Picture infomations saved to  global/pt-BR/README.md
[16:15:09] Picture infomations saved to global/pt-BR/history/2025/07/10_pt-BR.md
[16:15:09] Start geting global Bing Wallpaper, region=fr-FR, local time is 2025-07-09 18:15:09.371623+02:00
[16:15:09] Successful get url: https://www.bing.com/th?id=OHR.ConstitucionStation_FR-FR8220857516_UHD.jpg
[16:15:09] Picture infomations saved to  global/fr-FR/README.md
[16:15:09] Picture infomations saved to global/fr-FR/history/2025/07/09_fr-FR.md
[16:15:09] Start geting global Bing Wallpaper, region=de-DE, local time is 2025-07-09 18:15:09.561808+02:00
[16:15:09] Successful get url: https://www.bing.com/th?id=OHR.ConstitucionStation_DE-DE6862611016_UHD.jpg
[16:15:09] Picture infomations saved to  global/de-DE/README.md
[16:15:09] Picture infomations saved to global/de-DE/history/2025/07/09_de-DE.md
[16:15:09] Start geting global Bing Wallpaper, region=en-CA, local time is 2025-07-09 12:15:09.673516-04:00
[16:15:09] Successful get url: https://www.bing.com/th?id=OHR.ConstitucionStation_EN-CA3916160090_UHD.jpg
[16:15:09] Picture infomations saved to  global/en-CA/README.md
[16:15:09] Picture infomations saved to global/en-CA/history/2025/07/10_en-CA.md
[16:15:09] Start geting global Bing Wallpaper, region=en-GB, local time is 2025-07-09 17:15:09.771185+01:00
[16:15:09] Successful get url: https://www.bing.com/th?id=OHR.ConstitucionStation_EN-GB3672762444_UHD.jpg
[16:15:09] Picture infomations saved to  global/en-GB/README.md
[16:15:09] Picture infomations saved to global/en-GB/history/2025/07/09_en-GB.md
[16:15:09] Start geting global Bing Wallpaper, region=it-IT, local time is 2025-07-09 18:15:09.906210+02:00
[16:15:09] Successful get url: https://www.bing.com/th?id=OHR.ConstitucionStation_IT-IT2913035611_UHD.jpg
[16:15:10] Picture infomations saved to  global/it-IT/README.md
[16:15:10] Picture infomations saved to global/it-IT/history/2025/07/09_it-IT.md
[16:15:10] Start geting global Bing Wallpaper, region=es-ES, local time is 2025-07-09 18:15:10.031148+02:00
[16:15:10] Successful get url: https://www.bing.com/th?id=OHR.ConstitucionStation_ES-ES3087797004_UHD.jpg
[16:15:10] Picture infomations saved to  global/es-ES/README.md
[16:15:10] Picture infomations saved to global/es-ES/history/2025/07/09_es-ES.md
[16:15:10] Start geting global Bing Wallpaper, region=fr-CA, local time is 2025-07-09 12:15:10.150234-04:00
[16:15:10] Successful get url: https://www.bing.com/th?id=OHR.ConstitucionStation_FR-CA5656612797_UHD.jpg
[16:15:10] Picture infomations saved to  global/fr-CA/README.md
[16:15:10] Picture infomations saved to global/fr-CA/history/2025/07/10_fr-CA.md
Program exit at 16:15:10
