
Program started at 09:30:02
Operating System Name: Linux
Operating System Version: #18~24.04.1-Ubuntu SMP Sat Jun 28 04:46:03 UTC 2025
System Architecture: ('64bit', 'ELF')
Computer Type: x86_64
Computer Name: pkrvmq0rgcvqdmg
Processor Type: x86_64
Python Version: 3.12.11
Python Interpreter Name: CPython
[09:30:02] Start geting CN Bing Wallpaper
[09:30:02] Successful get url: https://www.bing.com/th?id=OHR.ThomsonGazelle_ZH-CN0413171014_UHD.jpg
[09:30:03] Image saved to img/background.jpg
[09:30:03] Info saved to README.md
[09:30:03] Image saved to history/2025/07/12.md
[09:30:03] Start geting global Bing Wallpaper, region=en-US, local time is 2025-07-12 05:30:03.069570-04:00
[09:30:03] Successful get url: https://www.bing.com/th?id=OHR.ThomsonGazelle_EN-US4354285846_UHD.jpg
[09:30:03] Picture infomations saved to  global/en-US/README.md
[09:30:03] Picture infomations saved to global/en-US/history/2025/07/13_en-US.md
[09:30:03] Start geting global Bing Wallpaper, region=ja-JP, local time is 2025-07-12 18:30:03.224213+09:00
[09:30:03] Successful get url: https://www.bing.com/th?id=OHR.ThomsonGazelle_JA-JP8883266814_UHD.jpg
[09:30:03] Picture infomations saved to  global/ja-JP/README.md
[09:30:03] Picture infomations saved to global/ja-JP/history/2025/07/12_ja-JP.md
[09:30:03] Start geting global Bing Wallpaper, region=en-IN, local time is 2025-07-12 15:00:03.379612+05:30
[09:30:03] Successful get url: https://www.bing.com/th?id=OHR.ThomsonGazelle_EN-IN8946995037_UHD.jpg
[09:30:03] Picture infomations saved to  global/en-IN/README.md
[09:30:03] Picture infomations saved to global/en-IN/history/2025/07/12_en-IN.md
[09:30:03] Start geting global Bing Wallpaper, region=pt-BR, local time is 2025-07-12 06:30:03.546259-03:00
[09:30:03] Successful get url: https://www.bing.com/th?id=OHR.ThomsonGazelle_PT-BR6496352663_UHD.jpg
[09:30:03] Picture infomations saved to  global/pt-BR/README.md
[09:30:03] Picture infomations saved to global/pt-BR/history/2025/07/13_pt-BR.md
[09:30:03] Start geting global Bing Wallpaper, region=fr-FR, local time is 2025-07-12 11:30:03.675471+02:00
[09:30:03] Successful get url: https://www.bing.com/th?id=OHR.ThomsonGazelle_FR-FR0750503899_UHD.jpg
[09:30:03] Picture infomations saved to  global/fr-FR/README.md
[09:30:03] Picture infomations saved to global/fr-FR/history/2025/07/12_fr-FR.md
[09:30:03] Start geting global Bing Wallpaper, region=de-DE, local time is 2025-07-12 11:30:03.789459+02:00
[09:30:03] Successful get url: https://www.bing.com/th?id=OHR.ThomsonGazelle_DE-DE6657498392_UHD.jpg
[09:30:03] Picture infomations saved to  global/de-DE/README.md
[09:30:03] Picture infomations saved to global/de-DE/history/2025/07/12_de-DE.md
[09:30:03] Start geting global Bing Wallpaper, region=en-CA, local time is 2025-07-12 05:30:03.993542-04:00
[09:30:04] Successful get url: https://www.bing.com/th?id=OHR.ThomsonGazelle_EN-CA9696742012_UHD.jpg
[09:30:04] Picture infomations saved to  global/en-CA/README.md
[09:30:04] Picture infomations saved to global/en-CA/history/2025/07/13_en-CA.md
[09:30:04] Start geting global Bing Wallpaper, region=en-GB, local time is 2025-07-12 10:30:04.121873+01:00
[09:30:04] Successful get url: https://www.bing.com/th?id=OHR.ThomsonGazelle_EN-GB4953743424_UHD.jpg
[09:30:04] Picture infomations saved to  global/en-GB/README.md
[09:30:04] Picture infomations saved to global/en-GB/history/2025/07/12_en-GB.md
[09:30:04] Start geting global Bing Wallpaper, region=it-IT, local time is 2025-07-12 11:30:04.271479+02:00
[09:30:04] Successful get url: https://www.bing.com/th?id=OHR.ThomsonGazelle_IT-IT0397264762_UHD.jpg
[09:30:04] Picture infomations saved to  global/it-IT/README.md
[09:30:04] Picture infomations saved to global/it-IT/history/2025/07/12_it-IT.md
[09:30:04] Start geting global Bing Wallpaper, region=es-ES, local time is 2025-07-12 11:30:04.389758+02:00
[09:30:04] Successful get url: https://www.bing.com/th?id=OHR.RibadesellaSummer_ES-ES5366585834_UHD.jpg
[09:30:04] Picture infomations saved to  global/es-ES/README.md
[09:30:04] Picture infomations saved to global/es-ES/history/2025/07/12_es-ES.md
[09:30:04] Start geting global Bing Wallpaper, region=fr-CA, local time is 2025-07-12 05:30:04.529178-04:00
[09:30:04] Successful get url: https://www.bing.com/th?id=OHR.ThomsonGazelle_FR-CA0045421525_UHD.jpg
[09:30:04] Picture infomations saved to  global/fr-CA/README.md
[09:30:04] Picture infomations saved to global/fr-CA/history/2025/07/13_fr-CA.md
Program exit at 09:30:04
