
Program started at 09:27:26
Operating System Name: Linux
Operating System Version: #16~22.04.1-Ubuntu SMP Thu Aug 15 21:31:41 UTC 2024
System Architecture: ('64bit', 'ELF')
Computer Type: x86_64
Computer Name: fv-az1210-509
Processor Type: x86_64
Python Version: 3.12.6
Python Interpreter Name: CPython
[09:27:26] Start geting CN Bing Wallpaper
[09:27:26] Successful get url: https://www.bing.com/th?id=OHR.ElbowRiver_ZH-CN9580175593_UHD.jpg
[09:27:26] Image saved to img/background.jpg
[09:27:26] Info saved to README.md
[09:27:26] Image saved to history/2024/09/19.md
[09:27:26] Start geting global Bing Wallpaper, region=en-US, local time is 2024-09-19 05:27:26.237308-04:00
[09:27:26] Successful get url: https://www.bing.com/th?id=OHR.PiratePlayground_EN-US3254868743_UHD.jpg
[09:27:26] Picture infomations saved to  global/en-US/README.md
[09:27:26] Picture infomations saved to global/en-US/history/2024/09/20_en-US.md
[09:27:26] Start geting global Bing Wallpaper, region=ja-JP, local time is 2024-09-19 18:27:26.426711+09:00
[09:27:26] Successful get url: https://www.bing.com/th?id=OHR.PiratePlayground_JA-JP8924583087_UHD.jpg
[09:27:26] Picture infomations saved to  global/ja-JP/README.md
[09:27:26] Picture infomations saved to global/ja-JP/history/2024/09/19_ja-JP.md
[09:27:26] Start geting global Bing Wallpaper, region=en-IN, local time is 2024-09-19 14:57:26.578795+05:30
[09:27:26] Successful get url: https://www.bing.com/th?id=OHR.PiratePlayground_EN-IN4927123173_UHD.jpg
[09:27:26] Picture infomations saved to  global/en-IN/README.md
[09:27:26] Picture infomations saved to global/en-IN/history/2024/09/19_en-IN.md
[09:27:26] Start geting global Bing Wallpaper, region=pt-BR, local time is 2024-09-19 06:27:26.714059-03:00
[09:27:26] Successful get url: https://www.bing.com/th?id=OHR.DiaNacionaldoTeatro_PT-BR7232325945_UHD.jpg
[09:27:26] Picture infomations saved to  global/pt-BR/README.md
[09:27:26] Picture infomations saved to global/pt-BR/history/2024/09/20_pt-BR.md
[09:27:26] Start geting global Bing Wallpaper, region=fr-FR, local time is 2024-09-19 11:27:26.858030+02:00
[09:27:26] Successful get url: https://www.bing.com/th?id=OHR.PiratePlayground_FR-FR1786944453_UHD.jpg
[09:27:27] Picture infomations saved to  global/fr-FR/README.md
[09:27:27] Picture infomations saved to global/fr-FR/history/2024/09/19_fr-FR.md
[09:27:27] Start geting global Bing Wallpaper, region=de-DE, local time is 2024-09-19 11:27:27.006933+02:00
[09:27:27] Successful get url: https://www.bing.com/th?id=OHR.PiratePlayground_DE-DE1271475836_UHD.jpg
[09:27:27] Picture infomations saved to  global/de-DE/README.md
[09:27:27] Picture infomations saved to global/de-DE/history/2024/09/19_de-DE.md
[09:27:27] Start geting global Bing Wallpaper, region=en-CA, local time is 2024-09-19 05:27:27.140011-04:00
[09:27:27] Successful get url: https://www.bing.com/th?id=OHR.PiratePlayground_EN-CA5267288064_UHD.jpg
[09:27:27] Picture infomations saved to  global/en-CA/README.md
[09:27:27] Picture infomations saved to global/en-CA/history/2024/09/20_en-CA.md
[09:27:27] Start geting global Bing Wallpaper, region=en-GB, local time is 2024-09-19 10:27:27.299081+01:00
[09:27:27] Successful get url: https://www.bing.com/th?id=OHR.PiratePlayground_EN-GB4703060204_UHD.jpg
[09:27:27] Picture infomations saved to  global/en-GB/README.md
[09:27:27] Picture infomations saved to global/en-GB/history/2024/09/19_en-GB.md
[09:27:27] Start geting global Bing Wallpaper, region=it-IT, local time is 2024-09-19 11:27:27.448610+02:00
[09:27:27] Successful get url: https://www.bing.com/th?id=OHR.PiratePlayground_IT-IT1371008895_UHD.jpg
[09:27:27] Picture infomations saved to  global/it-IT/README.md
[09:27:27] Picture infomations saved to global/it-IT/history/2024/09/19_it-IT.md
[09:27:27] Start geting global Bing Wallpaper, region=es-ES, local time is 2024-09-19 11:27:27.583156+02:00
[09:27:27] Successful get url: https://www.bing.com/th?id=OHR.PiratePlayground_ES-ES9238970412_UHD.jpg
[09:27:27] Picture infomations saved to  global/es-ES/README.md
[09:27:27] Picture infomations saved to global/es-ES/history/2024/09/19_es-ES.md
[09:27:27] Start geting global Bing Wallpaper, region=fr-CA, local time is 2024-09-19 05:27:27.715266-04:00
[09:27:27] Successful get url: https://www.bing.com/th?id=OHR.PiratePlayground_FR-CA8074747017_UHD.jpg
[09:27:27] Picture infomations saved to  global/fr-CA/README.md
[09:27:27] Picture infomations saved to global/fr-CA/history/2024/09/20_fr-CA.md
Program exit at 09:27:27
