
Program started at 09:28:33
Operating System Name: Linux
Operating System Version: #16~22.04.1-Ubuntu SMP Thu Aug 15 21:31:41 UTC 2024
System Architecture: ('64bit', 'ELF')
Computer Type: x86_64
Computer Name: fv-az1542-426
Processor Type: x86_64
Python Version: 3.12.6
Python Interpreter Name: CPython
[09:28:33] Start geting CN Bing Wallpaper
[09:28:33] Successful get url: https://www.bing.com/th?id=OHR.SkaftafellWaterfall_ZH-CN1766863001_UHD.jpg
[09:28:33] Image saved to img/background.jpg
[09:28:33] Info saved to README.md
[09:28:33] Image saved to history/2024/09/24.md
[09:28:33] Start geting global Bing Wallpaper, region=en-US, local time is 2024-09-24 05:28:33.753067-04:00
[09:28:33] Successful get url: https://www.bing.com/th?id=OHR.SkaftafellWaterfall_EN-US3934499773_UHD.jpg
[09:28:33] Picture infomations saved to  global/en-US/README.md
[09:28:33] Picture infomations saved to global/en-US/history/2024/09/25_en-US.md
[09:28:33] Start geting global Bing Wallpaper, region=ja-JP, local time is 2024-09-24 18:28:33.899160+09:00
[09:28:33] Successful get url: https://www.bing.com/th?id=OHR.SkaftafellWaterfall_JA-JP1502759780_UHD.jpg
[09:28:34] Picture infomations saved to  global/ja-JP/README.md
[09:28:34] Picture infomations saved to global/ja-JP/history/2024/09/24_ja-JP.md
[09:28:34] Start geting global Bing Wallpaper, region=en-IN, local time is 2024-09-24 14:58:34.140420+05:30
[09:28:34] Successful get url: https://www.bing.com/th?id=OHR.SkaftafellWaterfall_EN-IN1234167290_UHD.jpg
[09:28:34] Picture infomations saved to  global/en-IN/README.md
[09:28:34] Picture infomations saved to global/en-IN/history/2024/09/24_en-IN.md
[09:28:34] Start geting global Bing Wallpaper, region=pt-BR, local time is 2024-09-24 06:28:34.382698-03:00
[09:28:34] Successful get url: https://www.bing.com/th?id=OHR.SkaftafellWaterfall_PT-BR0775400551_UHD.jpg
[09:28:34] Picture infomations saved to  global/pt-BR/README.md
[09:28:34] Picture infomations saved to global/pt-BR/history/2024/09/25_pt-BR.md
[09:28:34] Start geting global Bing Wallpaper, region=fr-FR, local time is 2024-09-24 11:28:34.558895+02:00
[09:28:34] Successful get url: https://www.bing.com/th?id=OHR.SkaftafellWaterfall_FR-FR6109608745_UHD.jpg
[09:28:34] Picture infomations saved to  global/fr-FR/README.md
[09:28:34] Picture infomations saved to global/fr-FR/history/2024/09/24_fr-FR.md
[09:28:34] Start geting global Bing Wallpaper, region=de-DE, local time is 2024-09-24 11:28:34.725897+02:00
[09:28:34] Successful get url: https://www.bing.com/th?id=OHR.SkaftafellWaterfall_DE-DE5014328523_UHD.jpg
[09:28:34] Picture infomations saved to  global/de-DE/README.md
[09:28:34] Picture infomations saved to global/de-DE/history/2024/09/24_de-DE.md
[09:28:34] Start geting global Bing Wallpaper, region=en-CA, local time is 2024-09-24 05:28:34.955918-04:00
[09:28:35] Successful get url: https://www.bing.com/th?id=OHR.SkaftafellWaterfall_EN-CA0508271608_UHD.jpg
[09:28:35] Picture infomations saved to  global/en-CA/README.md
[09:28:35] Picture infomations saved to global/en-CA/history/2024/09/25_en-CA.md
[09:28:35] Start geting global Bing Wallpaper, region=en-GB, local time is 2024-09-24 10:28:35.194108+01:00
[09:28:35] Successful get url: https://www.bing.com/th?id=OHR.SkaftafellWaterfall_EN-GB1674771386_UHD.jpg
[09:28:35] Picture infomations saved to  global/en-GB/README.md
[09:28:35] Picture infomations saved to global/en-GB/history/2024/09/24_en-GB.md
[09:28:35] Start geting global Bing Wallpaper, region=it-IT, local time is 2024-09-24 11:28:35.425273+02:00
[09:28:35] Successful get url: https://www.bing.com/th?id=OHR.SkaftafellWaterfall_IT-IT8228006063_UHD.jpg
[09:28:35] Picture infomations saved to  global/it-IT/README.md
[09:28:35] Picture infomations saved to global/it-IT/history/2024/09/24_it-IT.md
[09:28:35] Start geting global Bing Wallpaper, region=es-ES, local time is 2024-09-24 11:28:35.610915+02:00
[09:28:35] Successful get url: https://www.bing.com/th?id=OHR.SkaftafellWaterfall_ES-ES6245666975_UHD.jpg
[09:28:35] Picture infomations saved to  global/es-ES/README.md
[09:28:35] Picture infomations saved to global/es-ES/history/2024/09/24_es-ES.md
[09:28:35] Start geting global Bing Wallpaper, region=fr-CA, local time is 2024-09-24 05:28:35.829339-04:00
[09:28:35] Successful get url: https://www.bing.com/th?id=OHR.SkaftafellWaterfall_FR-CA8805376620_UHD.jpg
[09:28:36] Picture infomations saved to  global/fr-CA/README.md
[09:28:36] Picture infomations saved to global/fr-CA/history/2024/09/25_fr-CA.md
Program exit at 09:28:36

Program started at 16:14:39
Operating System Name: Linux
Operating System Version: #16~22.04.1-Ubuntu SMP Thu Aug 15 21:31:41 UTC 2024
System Architecture: ('64bit', 'ELF')
Computer Type: x86_64
Computer Name: fv-az1536-937
Processor Type: x86_64
Python Version: 3.12.6
Python Interpreter Name: CPython
[16:14:39] Start geting CN Bing Wallpaper
[16:14:39] Successful get url: https://www.bing.com/th?id=OHR.GiantSequoias_ZH-CN2666897238_UHD.jpg
[16:14:39] Image saved to img/background.jpg
[16:14:39] Info saved to README.md
[16:14:39] Image saved to history/2024/09/25.md
[16:14:39] Start geting global Bing Wallpaper, region=en-US, local time is 2024-09-24 12:14:39.358517-04:00
[16:14:39] Successful get url: https://www.bing.com/th?id=OHR.SkaftafellWaterfall_EN-US3934499773_UHD.jpg
[16:14:39] Picture infomations saved to  global/en-US/README.md
[16:14:39] Picture infomations saved to global/en-US/history/2024/09/25_en-US.md
[16:14:39] Start geting global Bing Wallpaper, region=ja-JP, local time is 2024-09-25 01:14:39.531363+09:00
[16:14:39] Successful get url: https://www.bing.com/th?id=OHR.GiantSequoias_JA-JP1712203970_UHD.jpg
[16:14:39] Picture infomations saved to  global/ja-JP/README.md
[16:14:39] Picture infomations saved to global/ja-JP/history/2024/09/25_ja-JP.md
[16:14:39] Start geting global Bing Wallpaper, region=en-IN, local time is 2024-09-24 21:44:39.881830+05:30
[16:14:39] Successful get url: https://www.bing.com/th?id=OHR.SkaftafellWaterfall_EN-IN1234167290_UHD.jpg
[16:14:40] Picture infomations saved to  global/en-IN/README.md
[16:14:40] Picture infomations saved to global/en-IN/history/2024/09/24_en-IN.md
[16:14:40] Start geting global Bing Wallpaper, region=pt-BR, local time is 2024-09-24 13:14:40.061211-03:00
[16:14:40] Successful get url: https://www.bing.com/th?id=OHR.SkaftafellWaterfall_PT-BR0775400551_UHD.jpg
[16:14:40] Picture infomations saved to  global/pt-BR/README.md
[16:14:40] Picture infomations saved to global/pt-BR/history/2024/09/25_pt-BR.md
[16:14:40] Start geting global Bing Wallpaper, region=fr-FR, local time is 2024-09-24 18:14:40.253161+02:00
[16:14:40] Successful get url: https://www.bing.com/th?id=OHR.SkaftafellWaterfall_FR-FR6109608745_UHD.jpg
[16:14:40] Picture infomations saved to  global/fr-FR/README.md
[16:14:40] Picture infomations saved to global/fr-FR/history/2024/09/24_fr-FR.md
[16:14:40] Start geting global Bing Wallpaper, region=de-DE, local time is 2024-09-24 18:14:40.378516+02:00
[16:14:40] Successful get url: https://www.bing.com/th?id=OHR.SkaftafellWaterfall_DE-DE5014328523_UHD.jpg
[16:14:40] Picture infomations saved to  global/de-DE/README.md
[16:14:40] Picture infomations saved to global/de-DE/history/2024/09/24_de-DE.md
[16:14:40] Start geting global Bing Wallpaper, region=en-CA, local time is 2024-09-24 12:14:40.498839-04:00
[16:14:40] Successful get url: https://www.bing.com/th?id=OHR.SkaftafellWaterfall_EN-CA0508271608_UHD.jpg
[16:14:40] Picture infomations saved to  global/en-CA/README.md
[16:14:40] Picture infomations saved to global/en-CA/history/2024/09/25_en-CA.md
[16:14:40] Start geting global Bing Wallpaper, region=en-GB, local time is 2024-09-24 17:14:40.666859+01:00
[16:14:40] Successful get url: https://www.bing.com/th?id=OHR.SkaftafellWaterfall_EN-GB1674771386_UHD.jpg
[16:14:40] Picture infomations saved to  global/en-GB/README.md
[16:14:40] Picture infomations saved to global/en-GB/history/2024/09/24_en-GB.md
[16:14:40] Start geting global Bing Wallpaper, region=it-IT, local time is 2024-09-24 18:14:40.895910+02:00
[16:14:40] Successful get url: https://www.bing.com/th?id=OHR.SkaftafellWaterfall_IT-IT8228006063_UHD.jpg
[16:14:41] Picture infomations saved to  global/it-IT/README.md
[16:14:41] Picture infomations saved to global/it-IT/history/2024/09/24_it-IT.md
[16:14:41] Start geting global Bing Wallpaper, region=es-ES, local time is 2024-09-24 18:14:41.146392+02:00
[16:14:41] Successful get url: https://www.bing.com/th?id=OHR.SkaftafellWaterfall_ES-ES6245666975_UHD.jpg
[16:14:41] Picture infomations saved to  global/es-ES/README.md
[16:14:41] Picture infomations saved to global/es-ES/history/2024/09/24_es-ES.md
[16:14:41] Start geting global Bing Wallpaper, region=fr-CA, local time is 2024-09-24 12:14:41.569297-04:00
[16:14:41] Successful get url: https://www.bing.com/th?id=OHR.SkaftafellWaterfall_FR-CA8805376620_UHD.jpg
[16:14:41] Picture infomations saved to  global/fr-CA/README.md
[16:14:41] Picture infomations saved to global/fr-CA/history/2024/09/25_fr-CA.md
Program exit at 16:14:41
