
Program started at 09:25:10
Operating System Name: Linux
Operating System Version: #16~22.04.1-Ubuntu SMP Thu Aug 15 21:31:41 UTC 2024
System Architecture: ('64bit', 'ELF')
Computer Type: x86_64
Computer Name: fv-az1272-832
Processor Type: x86_64
Python Version: 3.12.6
Python Interpreter Name: CPython
[09:25:10] Start geting CN Bing Wallpaper
[09:25:10] Successful get url: https://www.bing.com/th?id=OHR.AutumnCumbria_ZH-CN0565958390_UHD.jpg
[09:25:11] Image saved to img/background.jpg
[09:25:11] Info saved to README.md
[09:25:11] Image saved to history/2024/09/22.md
[09:25:11] Start geting global Bing Wallpaper, region=en-US, local time is 2024-09-22 05:25:11.248180-04:00
[09:25:11] Successful get url: https://www.bing.com/th?id=OHR.AutumnCumbria_EN-US3797009731_UHD.jpg
[09:25:11] Picture infomations saved to  global/en-US/README.md
[09:25:11] Picture infomations saved to global/en-US/history/2024/09/23_en-US.md
[09:25:11] Start geting global Bing Wallpaper, region=ja-JP, local time is 2024-09-22 18:25:11.654270+09:00
[09:25:11] Successful get url: https://www.bing.com/th?id=OHR.RedSpiderlily2024_JA-JP1171609872_UHD.jpg
[09:25:12] Picture infomations saved to  global/ja-JP/README.md
[09:25:12] Picture infomations saved to global/ja-JP/history/2024/09/22_ja-JP.md
[09:25:12] Start geting global Bing Wallpaper, region=en-IN, local time is 2024-09-22 14:55:12.010536+05:30
[09:25:12] Successful get url: https://www.bing.com/th?id=OHR.BadaBagh_EN-IN0375946006_UHD.jpg
[09:25:12] Picture infomations saved to  global/en-IN/README.md
[09:25:12] Picture infomations saved to global/en-IN/history/2024/09/22_en-IN.md
[09:25:12] Start geting global Bing Wallpaper, region=pt-BR, local time is 2024-09-22 06:25:12.400308-03:00
[09:25:12] Successful get url: https://www.bing.com/th?id=OHR.Primavera_PT-BR5788355112_UHD.jpg
[09:25:12] Picture infomations saved to  global/pt-BR/README.md
[09:25:12] Picture infomations saved to global/pt-BR/history/2024/09/23_pt-BR.md
[09:25:12] Start geting global Bing Wallpaper, region=fr-FR, local time is 2024-09-22 11:25:12.778645+02:00
[09:25:12] Successful get url: https://www.bing.com/th?id=OHR.AutumnCumbria_FR-FR5040860299_UHD.jpg
[09:25:13] Picture infomations saved to  global/fr-FR/README.md
[09:25:13] Picture infomations saved to global/fr-FR/history/2024/09/22_fr-FR.md
[09:25:13] Start geting global Bing Wallpaper, region=de-DE, local time is 2024-09-22 11:25:13.165446+02:00
[09:25:13] Successful get url: https://www.bing.com/th?id=OHR.AutumnCumbria_DE-DE9036257746_UHD.jpg
[09:25:13] Picture infomations saved to  global/de-DE/README.md
[09:25:13] Picture infomations saved to global/de-DE/history/2024/09/22_de-DE.md
[09:25:13] Start geting global Bing Wallpaper, region=en-CA, local time is 2024-09-22 05:25:13.528929-04:00
[09:25:13] Successful get url: https://www.bing.com/th?id=OHR.AutumnCumbria_EN-CA9786205803_UHD.jpg
[09:25:13] Picture infomations saved to  global/en-CA/README.md
[09:25:13] Picture infomations saved to global/en-CA/history/2024/09/23_en-CA.md
[09:25:13] Start geting global Bing Wallpaper, region=en-GB, local time is 2024-09-22 10:25:13.889436+01:00
[09:25:13] Successful get url: https://www.bing.com/th?id=OHR.AutumnCumbria_EN-GB0937833138_UHD.jpg
[09:25:14] Picture infomations saved to  global/en-GB/README.md
[09:25:14] Picture infomations saved to global/en-GB/history/2024/09/22_en-GB.md
[09:25:14] Start geting global Bing Wallpaper, region=it-IT, local time is 2024-09-22 11:25:14.277422+02:00
[09:25:14] Successful get url: https://www.bing.com/th?id=OHR.AutumnCumbria_IT-IT4193827391_UHD.jpg
[09:25:14] Picture infomations saved to  global/it-IT/README.md
[09:25:14] Picture infomations saved to global/it-IT/history/2024/09/22_it-IT.md
[09:25:14] Start geting global Bing Wallpaper, region=es-ES, local time is 2024-09-22 11:25:14.631392+02:00
[09:25:14] Successful get url: https://www.bing.com/th?id=OHR.AragonAutumnLandscape_ES-ES5440172345_UHD.jpg
[09:25:15] Picture infomations saved to  global/es-ES/README.md
[09:25:15] Picture infomations saved to global/es-ES/history/2024/09/22_es-ES.md
[09:25:15] Start geting global Bing Wallpaper, region=fr-CA, local time is 2024-09-22 05:25:15.281584-04:00
[09:25:15] Successful get url: https://www.bing.com/th?id=OHR.AutumnCumbria_FR-CA8192995525_UHD.jpg
[09:25:15] Picture infomations saved to  global/fr-CA/README.md
[09:25:15] Picture infomations saved to global/fr-CA/history/2024/09/23_fr-CA.md
Program exit at 09:25:15
