
Program started at 09:28:37
Operating System Name: Linux
Operating System Version: #16~22.04.1-Ubuntu SMP Thu Aug 15 21:31:41 UTC 2024
System Architecture: ('64bit', 'ELF')
Computer Type: x86_64
Computer Name: fv-az1205-982
Processor Type: x86_64
Python Version: 3.12.6
Python Interpreter Name: CPython
[09:28:37] Start geting CN Bing Wallpaper
[09:28:37] Successful get url: https://www.bing.com/th?id=OHR.GiantSequoias_ZH-CN2666897238_UHD.jpg
[09:28:37] Image saved to img/background.jpg
[09:28:37] Info saved to README.md
[09:28:37] Image saved to history/2024/09/25.md
[09:28:37] Start geting global Bing Wallpaper, region=en-US, local time is 2024-09-25 05:28:37.192453-04:00
[09:28:37] Successful get url: https://www.bing.com/th?id=OHR.GiantSequoias_EN-US4034909984_UHD.jpg
[09:28:37] Picture infomations saved to  global/en-US/README.md
[09:28:37] Picture infomations saved to global/en-US/history/2024/09/26_en-US.md
[09:28:37] Start geting global Bing Wallpaper, region=ja-JP, local time is 2024-09-25 18:28:37.326637+09:00
[09:28:37] Successful get url: https://www.bing.com/th?id=OHR.GiantSequoias_JA-JP1712203970_UHD.jpg
[09:28:37] Picture infomations saved to  global/ja-JP/README.md
[09:28:37] Picture infomations saved to global/ja-JP/history/2024/09/25_ja-JP.md
[09:28:37] Start geting global Bing Wallpaper, region=en-IN, local time is 2024-09-25 14:58:37.491286+05:30
[09:28:37] Successful get url: https://www.bing.com/th?id=OHR.GiantSequoias_EN-IN1537226741_UHD.jpg
[09:28:37] Picture infomations saved to  global/en-IN/README.md
[09:28:37] Picture infomations saved to global/en-IN/history/2024/09/25_en-IN.md
[09:28:37] Start geting global Bing Wallpaper, region=pt-BR, local time is 2024-09-25 06:28:37.632398-03:00
[09:28:37] Successful get url: https://www.bing.com/th?id=OHR.GiantSequoias_PT-BR0989155735_UHD.jpg
[09:28:37] Picture infomations saved to  global/pt-BR/README.md
[09:28:37] Picture infomations saved to global/pt-BR/history/2024/09/26_pt-BR.md
[09:28:37] Start geting global Bing Wallpaper, region=fr-FR, local time is 2024-09-25 11:28:37.803973+02:00
[09:28:37] Successful get url: https://www.bing.com/th?id=OHR.GiantSequoias_FR-FR6286299520_UHD.jpg
[09:28:37] Picture infomations saved to  global/fr-FR/README.md
[09:28:37] Picture infomations saved to global/fr-FR/history/2024/09/25_fr-FR.md
[09:28:37] Start geting global Bing Wallpaper, region=de-DE, local time is 2024-09-25 11:28:37.958292+02:00
[09:28:38] Successful get url: https://www.bing.com/th?id=OHR.GiantSequoias_DE-DE0297473056_UHD.jpg
[09:28:38] Picture infomations saved to  global/de-DE/README.md
[09:28:38] Picture infomations saved to global/de-DE/history/2024/09/25_de-DE.md
[09:28:38] Start geting global Bing Wallpaper, region=en-CA, local time is 2024-09-25 05:28:38.169580-04:00
[09:28:38] Successful get url: https://www.bing.com/th?id=OHR.GiantSequoias_EN-CA0725943426_UHD.jpg
[09:28:38] Picture infomations saved to  global/en-CA/README.md
[09:28:38] Picture infomations saved to global/en-CA/history/2024/09/26_en-CA.md
[09:28:38] Start geting global Bing Wallpaper, region=en-GB, local time is 2024-09-25 10:28:38.325633+01:00
[09:28:38] Successful get url: https://www.bing.com/th?id=OHR.GiantSequoias_EN-GB2106477767_UHD.jpg
[09:28:38] Picture infomations saved to  global/en-GB/README.md
[09:28:38] Picture infomations saved to global/en-GB/history/2024/09/25_en-GB.md
[09:28:38] Start geting global Bing Wallpaper, region=it-IT, local time is 2024-09-25 11:28:38.491159+02:00
[09:28:38] Successful get url: https://www.bing.com/th?id=OHR.FestivalMedioevo_IT-IT1145169158_UHD.jpg
[09:28:38] Picture infomations saved to  global/it-IT/README.md
[09:28:38] Picture infomations saved to global/it-IT/history/2024/09/25_it-IT.md
[09:28:38] Start geting global Bing Wallpaper, region=es-ES, local time is 2024-09-25 11:28:38.667079+02:00
[09:28:38] Successful get url: https://www.bing.com/th?id=OHR.GiantSequoias_ES-ES6715324180_UHD.jpg
[09:28:38] Picture infomations saved to  global/es-ES/README.md
[09:28:38] Picture infomations saved to global/es-ES/history/2024/09/25_es-ES.md
[09:28:38] Start geting global Bing Wallpaper, region=fr-CA, local time is 2024-09-25 05:28:38.778690-04:00
[09:28:38] Successful get url: https://www.bing.com/th?id=OHR.GiantSequoias_FR-CA8949203799_UHD.jpg
[09:28:38] Picture infomations saved to  global/fr-CA/README.md
[09:28:38] Picture infomations saved to global/fr-CA/history/2024/09/26_fr-CA.md
Program exit at 09:28:38
