
Program started at 09:28:10
Operating System Name: Linux
Operating System Version: #26~22.04.1-Ubuntu SMP Thu Jul 11 22:33:04 UTC 2024
System Architecture: ('64bit', 'ELF')
Computer Type: x86_64
Computer Name: fv-az849-11
Processor Type: x86_64
Python Version: 3.12.5
Python Interpreter Name: CPython
[09:28:10] Start geting CN Bing Wallpaper
[09:28:10] Successful get url: https://www.bing.com/th?id=OHR.IguazuRainbow_ZH-CN6524347982_UHD.jpg
[09:28:10] Image saved to img/background.jpg
[09:28:10] Info saved to README.md
[09:28:10] Image saved to history/2024/09/09.md
[09:28:10] Start geting global Bing Wallpaper, region=en-US, local time is 2024-09-09 05:28:10.624828-04:00
[09:28:10] Successful get url: https://www.bing.com/th?id=OHR.IguazuRainbow_EN-US4361499337_UHD.jpg
[09:28:10] Picture infomations saved to  global/en-US/README.md
[09:28:10] Picture infomations saved to global/en-US/history/2024/09/10_en-US.md
[09:28:10] Start geting global Bing Wallpaper, region=ja-JP, local time is 2024-09-09 18:28:10.722571+09:00
[09:28:10] Successful get url: https://www.bing.com/th?id=OHR.IguazuRainbow_JA-JP1767821337_UHD.jpg
[09:28:10] Picture infomations saved to  global/ja-JP/README.md
[09:28:10] Picture infomations saved to global/ja-JP/history/2024/09/09_ja-JP.md
[09:28:10] Start geting global Bing Wallpaper, region=en-IN, local time is 2024-09-09 14:58:10.929708+05:30
[09:28:10] Successful get url: https://www.bing.com/th?id=OHR.IguazuRainbow_EN-IN6797774904_UHD.jpg
[09:28:11] Picture infomations saved to  global/en-IN/README.md
[09:28:11] Picture infomations saved to global/en-IN/history/2024/09/09_en-IN.md
[09:28:11] Start geting global Bing Wallpaper, region=pt-BR, local time is 2024-09-09 06:28:11.140111-03:00
[09:28:11] Successful get url: https://www.bing.com/th?id=OHR.IguazuRainbow_PT-BR7775661290_UHD.jpg
[09:28:11] Picture infomations saved to  global/pt-BR/README.md
[09:28:11] Picture infomations saved to global/pt-BR/history/2024/09/10_pt-BR.md
[09:28:11] Start geting global Bing Wallpaper, region=fr-FR, local time is 2024-09-09 11:28:11.344728+02:00
[09:28:11] Successful get url: https://www.bing.com/th?id=OHR.IguazuRainbow_FR-FR9313574193_UHD.jpg
[09:28:11] Picture infomations saved to  global/fr-FR/README.md
[09:28:11] Picture infomations saved to global/fr-FR/history/2024/09/09_fr-FR.md
[09:28:11] Start geting global Bing Wallpaper, region=de-DE, local time is 2024-09-09 11:28:11.487409+02:00
[09:28:11] Successful get url: https://www.bing.com/th?id=OHR.IguazuRainbow_DE-DE8361660628_UHD.jpg
[09:28:11] Picture infomations saved to  global/de-DE/README.md
[09:28:11] Picture infomations saved to global/de-DE/history/2024/09/09_de-DE.md
[09:28:11] Start geting global Bing Wallpaper, region=en-CA, local time is 2024-09-09 05:28:11.620350-04:00
[09:28:11] Successful get url: https://www.bing.com/th?id=OHR.IguazuRainbow_EN-CA9747611398_UHD.jpg
[09:28:11] Picture infomations saved to  global/en-CA/README.md
[09:28:11] Picture infomations saved to global/en-CA/history/2024/09/10_en-CA.md
[09:28:11] Start geting global Bing Wallpaper, region=en-GB, local time is 2024-09-09 10:28:11.755491+01:00
[09:28:11] Successful get url: https://www.bing.com/th?id=OHR.IguazuRainbow_EN-GB4381351481_UHD.jpg
[09:28:11] Picture infomations saved to  global/en-GB/README.md
[09:28:11] Picture infomations saved to global/en-GB/history/2024/09/09_en-GB.md
[09:28:11] Start geting global Bing Wallpaper, region=it-IT, local time is 2024-09-09 11:28:11.955530+02:00
[09:28:12] Successful get url: https://www.bing.com/th?id=OHR.IguazuRainbow_IT-IT4779268269_UHD.jpg
[09:28:12] Picture infomations saved to  global/it-IT/README.md
[09:28:12] Picture infomations saved to global/it-IT/history/2024/09/09_it-IT.md
[09:28:12] Start geting global Bing Wallpaper, region=es-ES, local time is 2024-09-09 11:28:12.062525+02:00
[09:28:12] Successful get url: https://www.bing.com/th?id=OHR.IguazuRainbow_ES-ES6461582669_UHD.jpg
[09:28:12] Picture infomations saved to  global/es-ES/README.md
[09:28:12] Picture infomations saved to global/es-ES/history/2024/09/09_es-ES.md
[09:28:12] Start geting global Bing Wallpaper, region=fr-CA, local time is 2024-09-09 05:28:12.177291-04:00
[09:28:12] Successful get url: https://www.bing.com/th?id=OHR.IguazuRainbow_FR-CA6693865671_UHD.jpg
[09:28:12] Picture infomations saved to  global/fr-CA/README.md
[09:28:12] Picture infomations saved to global/fr-CA/history/2024/09/10_fr-CA.md
Program exit at 09:28:12
