
Program started at 09:24:34
Operating System Name: Linux
Operating System Version: #26~22.04.1-Ubuntu SMP Thu Jul 11 22:33:04 UTC 2024
System Architecture: ('64bit', 'ELF')
Computer Type: x86_64
Computer Name: fv-az665-895
Processor Type: x86_64
Python Version: 3.12.5
Python Interpreter Name: CPython
[09:24:34] Start geting CN Bing Wallpaper
[09:24:34] Successful get url: https://www.bing.com/th?id=OHR.Canigou_ZH-CN6145410455_UHD.jpg
[09:24:34] Image saved to img/background.jpg
[09:24:34] Info saved to README.md
[09:24:34] Image saved to history/2024/09/08.md
[09:24:34] Start geting global Bing Wallpaper, region=en-US, local time is 2024-09-08 05:24:34.796436-04:00
[09:24:34] Successful get url: https://www.bing.com/th?id=OHR.StockholmLibrary_EN-US4140921886_UHD.jpg
[09:24:35] Picture infomations saved to  global/en-US/README.md
[09:24:35] Picture infomations saved to global/en-US/history/2024/09/09_en-US.md
[09:24:35] Start geting global Bing Wallpaper, region=ja-JP, local time is 2024-09-08 18:24:35.038882+09:00
[09:24:35] Successful get url: https://www.bing.com/th?id=OHR.StockholmLibrary_JA-JP1538658617_UHD.jpg
[09:24:35] Picture infomations saved to  global/ja-JP/README.md
[09:24:35] Picture infomations saved to global/ja-JP/history/2024/09/08_ja-JP.md
[09:24:35] Start geting global Bing Wallpaper, region=en-IN, local time is 2024-09-08 14:54:35.233447+05:30
[09:24:35] Successful get url: https://www.bing.com/th?id=OHR.StockholmLibrary_EN-IN6522849602_UHD.jpg
[09:24:35] Picture infomations saved to  global/en-IN/README.md
[09:24:35] Picture infomations saved to global/en-IN/history/2024/09/08_en-IN.md
[09:24:35] Start geting global Bing Wallpaper, region=pt-BR, local time is 2024-09-08 06:24:35.445739-03:00
[09:24:35] Successful get url: https://www.bing.com/th?id=OHR.StockholmLibrary_PT-BR3203792144_UHD.jpg
[09:24:35] Picture infomations saved to  global/pt-BR/README.md
[09:24:35] Picture infomations saved to global/pt-BR/history/2024/09/09_pt-BR.md
[09:24:35] Start geting global Bing Wallpaper, region=fr-FR, local time is 2024-09-08 11:24:35.650335+02:00
[09:24:35] Successful get url: https://www.bing.com/th?id=OHR.StockholmLibrary_FR-FR9141421030_UHD.jpg
[09:24:35] Picture infomations saved to  global/fr-FR/README.md
[09:24:35] Picture infomations saved to global/fr-FR/history/2024/09/08_fr-FR.md
[09:24:35] Start geting global Bing Wallpaper, region=de-DE, local time is 2024-09-08 11:24:35.848367+02:00
[09:24:35] Successful get url: https://www.bing.com/th?id=OHR.StockholmLibrary_DE-DE3864288273_UHD.jpg
[09:24:35] Picture infomations saved to  global/de-DE/README.md
[09:24:35] Picture infomations saved to global/de-DE/history/2024/09/08_de-DE.md
[09:24:35] Start geting global Bing Wallpaper, region=en-CA, local time is 2024-09-08 05:24:35.947689-04:00
[09:24:35] Successful get url: https://www.bing.com/th?id=OHR.StockholmLibrary_EN-CA2154287662_UHD.jpg
[09:24:36] Picture infomations saved to  global/en-CA/README.md
[09:24:36] Picture infomations saved to global/en-CA/history/2024/09/09_en-CA.md
[09:24:36] Start geting global Bing Wallpaper, region=en-GB, local time is 2024-09-08 10:24:36.126658+01:00
[09:24:36] Successful get url: https://www.bing.com/th?id=OHR.GreatNorthRun2024_EN-GB4101357995_UHD.jpg
[09:24:36] Picture infomations saved to  global/en-GB/README.md
[09:24:36] Picture infomations saved to global/en-GB/history/2024/09/08_en-GB.md
[09:24:36] Start geting global Bing Wallpaper, region=it-IT, local time is 2024-09-08 11:24:36.307583+02:00
[09:24:36] Successful get url: https://www.bing.com/th?id=OHR.StockholmLibrary_IT-IT4633404015_UHD.jpg
[09:24:36] Picture infomations saved to  global/it-IT/README.md
[09:24:36] Picture infomations saved to global/it-IT/history/2024/09/08_it-IT.md
[09:24:36] Start geting global Bing Wallpaper, region=es-ES, local time is 2024-09-08 11:24:36.496488+02:00
[09:24:36] Successful get url: https://www.bing.com/th?id=OHR.StockholmLibrary_ES-ES6220707521_UHD.jpg
[09:24:36] Picture infomations saved to  global/es-ES/README.md
[09:24:36] Picture infomations saved to global/es-ES/history/2024/09/08_es-ES.md
[09:24:36] Start geting global Bing Wallpaper, region=fr-CA, local time is 2024-09-08 05:24:36.600590-04:00
[09:24:36] Successful get url: https://www.bing.com/th?id=OHR.StockholmLibrary_FR-CA6494149468_UHD.jpg
[09:24:36] Picture infomations saved to  global/fr-CA/README.md
[09:24:36] Picture infomations saved to global/fr-CA/history/2024/09/09_fr-CA.md
Program exit at 09:24:36
