
Program started at 09:30:21
Operating System Name: Linux
Operating System Version: #16~22.04.1-Ubuntu SMP Thu Aug 15 21:31:41 UTC 2024
System Architecture: ('64bit', 'ELF')
Computer Type: x86_64
Computer Name: fv-az1385-724
Processor Type: x86_64
Python Version: 3.12.6
Python Interpreter Name: CPython
[09:30:21] Start geting CN Bing Wallpaper
[09:30:21] Successful get url: https://www.bing.com/th?id=OHR.OcracokeLight_ZH-CN9810840077_UHD.jpg
[09:30:21] Image saved to img/background.jpg
[09:30:21] Info saved to README.md
[09:30:21] Image saved to history/2024/09/20.md
[09:30:21] Start geting global Bing Wallpaper, region=en-US, local time is 2024-09-20 05:30:21.715578-04:00
[09:30:21] Successful get url: https://www.bing.com/th?id=OHR.OcracokeLight_EN-US3638306974_UHD.jpg
[09:30:21] Picture infomations saved to  global/en-US/README.md
[09:30:21] Picture infomations saved to global/en-US/history/2024/09/21_en-US.md
[09:30:21] Start geting global Bing Wallpaper, region=ja-JP, local time is 2024-09-20 18:30:21.826122+09:00
[09:30:21] Successful get url: https://www.bing.com/th?id=OHR.OcracokeLight_JA-JP0600038027_UHD.jpg
[09:30:21] Picture infomations saved to  global/ja-JP/README.md
[09:30:21] Picture infomations saved to global/ja-JP/history/2024/09/20_ja-JP.md
[09:30:21] Start geting global Bing Wallpaper, region=en-IN, local time is 2024-09-20 15:00:21.913748+05:30
[09:30:21] Successful get url: https://www.bing.com/th?id=OHR.OcracokeLight_EN-IN6376239162_UHD.jpg
[09:30:22] Picture infomations saved to  global/en-IN/README.md
[09:30:22] Picture infomations saved to global/en-IN/history/2024/09/20_en-IN.md
[09:30:22] Start geting global Bing Wallpaper, region=pt-BR, local time is 2024-09-20 06:30:22.009789-03:00
[09:30:22] Successful get url: https://www.bing.com/th?id=OHR.OcracokeLight_PT-BR0175808147_UHD.jpg
[09:30:22] Picture infomations saved to  global/pt-BR/README.md
[09:30:22] Picture infomations saved to global/pt-BR/history/2024/09/21_pt-BR.md
[09:30:22] Start geting global Bing Wallpaper, region=fr-FR, local time is 2024-09-20 11:30:22.089667+02:00
[09:30:22] Successful get url: https://www.bing.com/th?id=OHR.OcracokeLight_FR-FR4610560475_UHD.jpg
[09:30:22] Picture infomations saved to  global/fr-FR/README.md
[09:30:22] Picture infomations saved to global/fr-FR/history/2024/09/20_fr-FR.md
[09:30:22] Start geting global Bing Wallpaper, region=de-DE, local time is 2024-09-20 11:30:22.191555+02:00
[09:30:22] Successful get url: https://www.bing.com/th?id=OHR.OcracokeLight_DE-DE4329523097_UHD.jpg
[09:30:22] Picture infomations saved to  global/de-DE/README.md
[09:30:22] Picture infomations saved to global/de-DE/history/2024/09/20_de-DE.md
[09:30:22] Start geting global Bing Wallpaper, region=en-CA, local time is 2024-09-20 05:30:22.290492-04:00
[09:30:22] Successful get url: https://www.bing.com/th?id=OHR.OcracokeLight_EN-CA0008554628_UHD.jpg
[09:30:22] Picture infomations saved to  global/en-CA/README.md
[09:30:22] Picture infomations saved to global/en-CA/history/2024/09/21_en-CA.md
[09:30:22] Start geting global Bing Wallpaper, region=en-GB, local time is 2024-09-20 10:30:22.386566+01:00
[09:30:22] Successful get url: https://www.bing.com/th?id=OHR.OcracokeLight_EN-GB0317471752_UHD.jpg
[09:30:22] Picture infomations saved to  global/en-GB/README.md
[09:30:22] Picture infomations saved to global/en-GB/history/2024/09/20_en-GB.md
[09:30:22] Start geting global Bing Wallpaper, region=it-IT, local time is 2024-09-20 11:30:22.474057+02:00
[09:30:22] Successful get url: https://www.bing.com/th?id=OHR.OcracokeLight_IT-IT0714167310_UHD.jpg
[09:30:22] Picture infomations saved to  global/it-IT/README.md
[09:30:22] Picture infomations saved to global/it-IT/history/2024/09/20_it-IT.md
[09:30:22] Start geting global Bing Wallpaper, region=es-ES, local time is 2024-09-20 11:30:22.580502+02:00
[09:30:22] Successful get url: https://www.bing.com/th?id=OHR.OcracokeLight_ES-ES5015251723_UHD.jpg
[09:30:22] Picture infomations saved to  global/es-ES/README.md
[09:30:22] Picture infomations saved to global/es-ES/history/2024/09/20_es-ES.md
[09:30:22] Start geting global Bing Wallpaper, region=fr-CA, local time is 2024-09-20 05:30:22.674908-04:00
[09:30:22] Successful get url: https://www.bing.com/th?id=OHR.OcracokeLight_FR-CA4567567437_UHD.jpg
[09:30:22] Picture infomations saved to  global/fr-CA/README.md
[09:30:22] Picture infomations saved to global/fr-CA/history/2024/09/21_fr-CA.md
Program exit at 09:30:22
