
Program started at 09:25:19
Operating System Name: Linux
Operating System Version: #26~22.04.1-Ubuntu SMP Thu Jul 11 22:33:04 UTC 2024
System Architecture: ('64bit', 'ELF')
Computer Type: x86_64
Computer Name: fv-az1019-226
Processor Type: x86_64
Python Version: 3.12.5
Python Interpreter Name: CPython
[09:25:19] Start geting CN Bing Wallpaper
[09:25:19] Successful get url: https://www.bing.com/th?id=OHR.ThamesLondon_ZH-CN3629717426_UHD.jpg
[09:25:19] Image saved to img/background.jpg
[09:25:19] Info saved to README.md
[09:25:19] Image saved to history/2024/09/01.md
[09:25:19] Start geting global Bing Wallpaper, region=en-US, local time is 2024-09-01 05:25:19.452498-04:00
[09:25:19] Successful get url: https://www.bing.com/th?id=OHR.ThamesLondon_EN-US9385705885_UHD.jpg
[09:25:19] Picture infomations saved to  global/en-US/README.md
[09:25:19] Picture infomations saved to global/en-US/history/2024/09/02_en-US.md
[09:25:19] Start geting global Bing Wallpaper, region=ja-JP, local time is 2024-09-01 18:25:19.573683+09:00
[09:25:19] Successful get url: https://www.bing.com/th?id=OHR.ThamesLondon_JA-JP6657553394_UHD.jpg
[09:25:19] Picture infomations saved to  global/ja-JP/README.md
[09:25:19] Picture infomations saved to global/ja-JP/history/2024/09/01_ja-JP.md
[09:25:19] Start geting global Bing Wallpaper, region=en-IN, local time is 2024-09-01 14:55:19.676626+05:30
[09:25:19] Successful get url: https://www.bing.com/th?id=OHR.ThamesLondon_EN-IN2201451554_UHD.jpg
[09:25:19] Picture infomations saved to  global/en-IN/README.md
[09:25:19] Picture infomations saved to global/en-IN/history/2024/09/01_en-IN.md
[09:25:19] Start geting global Bing Wallpaper, region=pt-BR, local time is 2024-09-01 06:25:19.769059-03:00
[09:25:19] Successful get url: https://www.bing.com/th?id=OHR.ThamesLondon_PT-BR5304149458_UHD.jpg
[09:25:19] Picture infomations saved to  global/pt-BR/README.md
[09:25:19] Picture infomations saved to global/pt-BR/history/2024/09/02_pt-BR.md
[09:25:19] Start geting global Bing Wallpaper, region=fr-FR, local time is 2024-09-01 11:25:19.878007+02:00
[09:25:19] Successful get url: https://www.bing.com/th?id=OHR.ThamesLondon_FR-FR8520495131_UHD.jpg
[09:25:19] Picture infomations saved to  global/fr-FR/README.md
[09:25:19] Picture infomations saved to global/fr-FR/history/2024/09/01_fr-FR.md
[09:25:19] Start geting global Bing Wallpaper, region=de-DE, local time is 2024-09-01 11:25:19.969710+02:00
[09:25:20] Successful get url: https://www.bing.com/th?id=OHR.ThamesLondon_DE-DE0223400196_UHD.jpg
[09:25:20] Picture infomations saved to  global/de-DE/README.md
[09:25:20] Picture infomations saved to global/de-DE/history/2024/09/01_de-DE.md
[09:25:20] Start geting global Bing Wallpaper, region=en-CA, local time is 2024-09-01 05:25:20.064317-04:00
[09:25:20] Successful get url: https://www.bing.com/th?id=OHR.ThamesLondon_EN-CA7037142112_UHD.jpg
[09:25:20] Picture infomations saved to  global/en-CA/README.md
[09:25:20] Picture infomations saved to global/en-CA/history/2024/09/02_en-CA.md
[09:25:20] Start geting global Bing Wallpaper, region=en-GB, local time is 2024-09-01 10:25:20.194702+01:00
[09:25:20] Successful get url: https://www.bing.com/th?id=OHR.ThamesLondon_EN-GB5554427883_UHD.jpg
[09:25:20] Picture infomations saved to  global/en-GB/README.md
[09:25:20] Picture infomations saved to global/en-GB/history/2024/09/01_en-GB.md
[09:25:20] Start geting global Bing Wallpaper, region=it-IT, local time is 2024-09-01 11:25:20.296944+02:00
[09:25:20] Successful get url: https://www.bing.com/th?id=OHR.RegataStoricaVenezia_IT-IT2940958877_UHD.jpg
[09:25:20] Picture infomations saved to  global/it-IT/README.md
[09:25:20] Picture infomations saved to global/it-IT/history/2024/09/01_it-IT.md
[09:25:20] Start geting global Bing Wallpaper, region=es-ES, local time is 2024-09-01 11:25:20.397261+02:00
[09:25:20] Successful get url: https://www.bing.com/th?id=OHR.ThamesLondon_ES-ES4307363719_UHD.jpg
[09:25:20] Picture infomations saved to  global/es-ES/README.md
[09:25:20] Picture infomations saved to global/es-ES/history/2024/09/01_es-ES.md
[09:25:20] Start geting global Bing Wallpaper, region=fr-CA, local time is 2024-09-01 05:25:20.487705-04:00
[09:25:20] Successful get url: https://www.bing.com/th?id=OHR.ThamesLondon_FR-CA6880655442_UHD.jpg
[09:25:20] Picture infomations saved to  global/fr-CA/README.md
[09:25:20] Picture infomations saved to global/fr-CA/history/2024/09/02_fr-CA.md
Program exit at 09:25:20
