
Program started at 09:28:15
Operating System Name: Linux
Operating System Version: #16~22.04.1-Ubuntu SMP Thu Aug 15 21:31:41 UTC 2024
System Architecture: ('64bit', 'ELF')
Computer Type: x86_64
Computer Name: fv-az1766-335
Processor Type: x86_64
Python Version: 3.12.6
Python Interpreter Name: CPython
[09:28:15] Start geting CN Bing Wallpaper
[09:28:15] Successful get url: https://www.bing.com/th?id=OHR.VeniceAerial_ZH-CN4070720525_UHD.jpg
[09:28:15] Image saved to img/background.jpg
[09:28:15] Info saved to README.md
[09:28:15] Image saved to history/2024/09/27.md
[09:28:15] Start geting global Bing Wallpaper, region=en-US, local time is 2024-09-27 05:28:15.353928-04:00
[09:28:15] Successful get url: https://www.bing.com/th?id=OHR.VeniceAerial_EN-US4386837118_UHD.jpg
[09:28:15] Picture infomations saved to  global/en-US/README.md
[09:28:15] Picture infomations saved to global/en-US/history/2024/09/28_en-US.md
[09:28:15] Start geting global Bing Wallpaper, region=ja-JP, local time is 2024-09-27 18:28:15.459541+09:00
[09:28:15] Successful get url: https://www.bing.com/th?id=OHR.YokohamaBridge2024_JA-JP2381649830_UHD.jpg
[09:28:15] Picture infomations saved to  global/ja-JP/README.md
[09:28:15] Picture infomations saved to global/ja-JP/history/2024/09/27_ja-JP.md
[09:28:15] Start geting global Bing Wallpaper, region=en-IN, local time is 2024-09-27 14:58:15.584679+05:30
[09:28:15] Successful get url: https://www.bing.com/th?id=OHR.VeniceAerial_EN-IN2638261499_UHD.jpg
[09:28:15] Picture infomations saved to  global/en-IN/README.md
[09:28:15] Picture infomations saved to global/en-IN/history/2024/09/27_en-IN.md
[09:28:15] Start geting global Bing Wallpaper, region=pt-BR, local time is 2024-09-27 06:28:15.687349-03:00
[09:28:15] Successful get url: https://www.bing.com/th?id=OHR.VeniceAerial_PT-BR3049943279_UHD.jpg
[09:28:15] Picture infomations saved to  global/pt-BR/README.md
[09:28:15] Picture infomations saved to global/pt-BR/history/2024/09/28_pt-BR.md
[09:28:15] Start geting global Bing Wallpaper, region=fr-FR, local time is 2024-09-27 11:28:15.797913+02:00
[09:28:15] Successful get url: https://www.bing.com/th?id=OHR.VeniceAerial_FR-FR6953765883_UHD.jpg
[09:28:15] Picture infomations saved to  global/fr-FR/README.md
[09:28:15] Picture infomations saved to global/fr-FR/history/2024/09/27_fr-FR.md
[09:28:15] Start geting global Bing Wallpaper, region=de-DE, local time is 2024-09-27 11:28:15.919492+02:00
[09:28:15] Successful get url: https://www.bing.com/th?id=OHR.VeniceAerial_DE-DE9588219063_UHD.jpg
[09:28:16] Picture infomations saved to  global/de-DE/README.md
[09:28:16] Picture infomations saved to global/de-DE/history/2024/09/27_de-DE.md
[09:28:16] Start geting global Bing Wallpaper, region=en-CA, local time is 2024-09-27 05:28:16.022724-04:00
[09:28:16] Successful get url: https://www.bing.com/th?id=OHR.VeniceAerial_EN-CA1714828799_UHD.jpg
[09:28:16] Picture infomations saved to  global/en-CA/README.md
[09:28:16] Picture infomations saved to global/en-CA/history/2024/09/28_en-CA.md
[09:28:16] Start geting global Bing Wallpaper, region=en-GB, local time is 2024-09-27 10:28:16.116256+01:00
[09:28:16] Successful get url: https://www.bing.com/th?id=OHR.VeniceAerial_EN-GB6264202474_UHD.jpg
[09:28:16] Picture infomations saved to  global/en-GB/README.md
[09:28:16] Picture infomations saved to global/en-GB/history/2024/09/27_en-GB.md
[09:28:16] Start geting global Bing Wallpaper, region=it-IT, local time is 2024-09-27 11:28:16.210111+02:00
[09:28:16] Successful get url: https://www.bing.com/th?id=OHR.VeniceAerial_IT-IT9053737522_UHD.jpg
[09:28:16] Picture infomations saved to  global/it-IT/README.md
[09:28:16] Picture infomations saved to global/it-IT/history/2024/09/27_it-IT.md
[09:28:16] Start geting global Bing Wallpaper, region=es-ES, local time is 2024-09-27 11:28:16.311920+02:00
[09:28:16] Successful get url: https://www.bing.com/th?id=OHR.VeniceAerial_ES-ES7915043762_UHD.jpg
[09:28:16] Picture infomations saved to  global/es-ES/README.md
[09:28:16] Picture infomations saved to global/es-ES/history/2024/09/27_es-ES.md
[09:28:16] Start geting global Bing Wallpaper, region=fr-CA, local time is 2024-09-27 05:28:16.531483-04:00
[09:28:16] Successful get url: https://www.bing.com/th?id=OHR.VeniceAerial_FR-CA9399407048_UHD.jpg
[09:28:16] Picture infomations saved to  global/fr-CA/README.md
[09:28:16] Picture infomations saved to global/fr-CA/history/2024/09/28_fr-CA.md
Program exit at 09:28:16
