
Program started at 09:26:52
Operating System Name: Linux
Operating System Version: #26~22.04.1-Ubuntu SMP Thu Jul 11 22:33:04 UTC 2024
System Architecture: ('64bit', 'ELF')
Computer Type: x86_64
Computer Name: fv-az1052-128
Processor Type: x86_64
Python Version: 3.12.4
Python Interpreter Name: CPython
[09:26:52] Start geting CN Bing Wallpaper
[09:26:52] Successful get url: https://www.bing.com/th?id=OHR.TetonSunrise_ZH-CN1118823848_UHD.jpg
[09:26:52] Image saved to img/background.jpg
[09:26:52] Info saved to README.md
[09:26:52] Image saved to history/2024/08/20.md
[09:26:52] Start geting global Bing Wallpaper, region=en-US, local time is 2024-08-20 05:26:52.773870-04:00
[09:26:52] Successful get url: https://www.bing.com/th?id=OHR.TetonSunrise_EN-US0849252457_UHD.jpg
[09:26:53] Picture infomations saved to  global/en-US/README.md
[09:26:53] Picture infomations saved to global/en-US/history/2024/08/21_en-US.md
[09:26:53] Start geting global Bing Wallpaper, region=ja-JP, local time is 2024-08-20 18:26:53.220721+09:00
[09:26:53] Successful get url: https://www.bing.com/th?id=OHR.TetonSunrise_JA-JP5515131695_UHD.jpg
[09:26:53] Picture infomations saved to  global/ja-JP/README.md
[09:26:53] Picture infomations saved to global/ja-JP/history/2024/08/20_ja-JP.md
[09:26:53] Start geting global Bing Wallpaper, region=en-IN, local time is 2024-08-20 14:56:53.685274+05:30
[09:26:53] Successful get url: https://www.bing.com/th?id=OHR.TetonSunrise_EN-IN0048035143_UHD.jpg
[09:26:54] Picture infomations saved to  global/en-IN/README.md
[09:26:54] Picture infomations saved to global/en-IN/history/2024/08/20_en-IN.md
[09:26:54] Start geting global Bing Wallpaper, region=pt-BR, local time is 2024-08-20 06:26:54.381019-03:00
[09:26:54] Successful get url: https://www.bing.com/th?id=OHR.TetonSunrise_PT-BR5413477464_UHD.jpg
[09:26:54] Picture infomations saved to  global/pt-BR/README.md
[09:26:54] Picture infomations saved to global/pt-BR/history/2024/08/21_pt-BR.md
[09:26:54] Start geting global Bing Wallpaper, region=fr-FR, local time is 2024-08-20 11:26:54.777774+02:00
[09:26:54] Successful get url: https://www.bing.com/th?id=OHR.TetonSunrise_FR-FR5273170982_UHD.jpg
[09:26:55] Picture infomations saved to  global/fr-FR/README.md
[09:26:55] Picture infomations saved to global/fr-FR/history/2024/08/20_fr-FR.md
[09:26:55] Start geting global Bing Wallpaper, region=de-DE, local time is 2024-08-20 11:26:55.181191+02:00
[09:26:55] Successful get url: https://www.bing.com/th?id=OHR.TetonSunrise_DE-DE4508190035_UHD.jpg
[09:26:55] Picture infomations saved to  global/de-DE/README.md
[09:26:55] Picture infomations saved to global/de-DE/history/2024/08/20_de-DE.md
[09:26:55] Start geting global Bing Wallpaper, region=en-CA, local time is 2024-08-20 05:26:55.557311-04:00
[09:26:55] Successful get url: https://www.bing.com/th?id=OHR.TetonSunrise_EN-CA1567312627_UHD.jpg
[09:26:55] Picture infomations saved to  global/en-CA/README.md
[09:26:55] Picture infomations saved to global/en-CA/history/2024/08/21_en-CA.md
[09:26:55] Start geting global Bing Wallpaper, region=en-GB, local time is 2024-08-20 10:26:55.950000+01:00
[09:26:56] Successful get url: https://www.bing.com/th?id=OHR.TetonSunrise_EN-GB8561222784_UHD.jpg
[09:26:56] Picture infomations saved to  global/en-GB/README.md
[09:26:56] Picture infomations saved to global/en-GB/history/2024/08/20_en-GB.md
[09:26:56] Start geting global Bing Wallpaper, region=it-IT, local time is 2024-08-20 11:26:56.347691+02:00
[09:26:56] Successful get url: https://www.bing.com/th?id=OHR.TetonSunrise_IT-IT5409583917_UHD.jpg
[09:26:56] Picture infomations saved to  global/it-IT/README.md
[09:26:56] Picture infomations saved to global/it-IT/history/2024/08/20_it-IT.md
[09:26:56] Start geting global Bing Wallpaper, region=es-ES, local time is 2024-08-20 11:26:56.797506+02:00
[09:26:56] Successful get url: https://www.bing.com/th?id=OHR.TetonSunrise_ES-ES8184610803_UHD.jpg
[09:26:57] Picture infomations saved to  global/es-ES/README.md
[09:26:57] Picture infomations saved to global/es-ES/history/2024/08/20_es-ES.md
[09:26:57] Start geting global Bing Wallpaper, region=fr-CA, local time is 2024-08-20 05:26:57.177785-04:00
[09:26:57] Successful get url: https://www.bing.com/th?id=OHR.TetonSunrise_FR-CA9634398524_UHD.jpg
[09:26:57] Picture infomations saved to  global/fr-CA/README.md
[09:26:57] Picture infomations saved to global/fr-CA/history/2024/08/21_fr-CA.md
Program exit at 09:26:57

Program started at 16:12:41
Operating System Name: Linux
Operating System Version: #26~22.04.1-Ubuntu SMP Thu Jul 11 22:33:04 UTC 2024
System Architecture: ('64bit', 'ELF')
Computer Type: x86_64
Computer Name: fv-az1501-869
Processor Type: x86_64
Python Version: 3.12.4
Python Interpreter Name: CPython
[16:12:41] Start geting CN Bing Wallpaper
[16:12:41] Successful get url: https://www.bing.com/th?id=OHR.NazcaBooby_ZH-CN1534931799_UHD.jpg
[16:12:41] Image saved to img/background.jpg
[16:12:41] Info saved to README.md
[16:12:41] Image saved to history/2024/08/21.md
[16:12:41] Start geting global Bing Wallpaper, region=en-US, local time is 2024-08-20 12:12:42.000870-04:00
[16:12:42] Successful get url: https://www.bing.com/th?id=OHR.TetonSunrise_EN-US0849252457_UHD.jpg
[16:12:42] Picture infomations saved to  global/en-US/README.md
[16:12:42] Picture infomations saved to global/en-US/history/2024/08/21_en-US.md
[16:12:42] Start geting global Bing Wallpaper, region=ja-JP, local time is 2024-08-21 01:12:42.162419+09:00
[16:12:42] Successful get url: https://www.bing.com/th?id=OHR.NazcaBooby_JA-JP5706861733_UHD.jpg
[16:12:42] Picture infomations saved to  global/ja-JP/README.md
[16:12:42] Picture infomations saved to global/ja-JP/history/2024/08/21_ja-JP.md
[16:12:42] Start geting global Bing Wallpaper, region=en-IN, local time is 2024-08-20 21:42:42.331344+05:30
[16:12:42] Successful get url: https://www.bing.com/th?id=OHR.TetonSunrise_EN-IN0048035143_UHD.jpg
[16:12:42] Picture infomations saved to  global/en-IN/README.md
[16:12:42] Picture infomations saved to global/en-IN/history/2024/08/20_en-IN.md
[16:12:42] Start geting global Bing Wallpaper, region=pt-BR, local time is 2024-08-20 13:12:42.473930-03:00
[16:12:42] Successful get url: https://www.bing.com/th?id=OHR.TetonSunrise_PT-BR5413477464_UHD.jpg
[16:12:42] Picture infomations saved to  global/pt-BR/README.md
[16:12:42] Picture infomations saved to global/pt-BR/history/2024/08/21_pt-BR.md
[16:12:42] Start geting global Bing Wallpaper, region=fr-FR, local time is 2024-08-20 18:12:42.705321+02:00
[16:12:42] Successful get url: https://www.bing.com/th?id=OHR.TetonSunrise_FR-FR5273170982_UHD.jpg
[16:12:42] Picture infomations saved to  global/fr-FR/README.md
[16:12:42] Picture infomations saved to global/fr-FR/history/2024/08/20_fr-FR.md
[16:12:42] Start geting global Bing Wallpaper, region=de-DE, local time is 2024-08-20 18:12:42.865080+02:00
[16:12:42] Successful get url: https://www.bing.com/th?id=OHR.TetonSunrise_DE-DE4508190035_UHD.jpg
[16:12:43] Picture infomations saved to  global/de-DE/README.md
[16:12:43] Picture infomations saved to global/de-DE/history/2024/08/20_de-DE.md
[16:12:43] Start geting global Bing Wallpaper, region=en-CA, local time is 2024-08-20 12:12:43.019031-04:00
[16:12:43] Successful get url: https://www.bing.com/th?id=OHR.TetonSunrise_EN-CA1567312627_UHD.jpg
[16:12:43] Picture infomations saved to  global/en-CA/README.md
[16:12:43] Picture infomations saved to global/en-CA/history/2024/08/21_en-CA.md
[16:12:43] Start geting global Bing Wallpaper, region=en-GB, local time is 2024-08-20 17:12:43.224385+01:00
[16:12:43] Successful get url: https://www.bing.com/th?id=OHR.TetonSunrise_EN-GB8561222784_UHD.jpg
[16:12:43] Picture infomations saved to  global/en-GB/README.md
[16:12:43] Picture infomations saved to global/en-GB/history/2024/08/20_en-GB.md
[16:12:43] Start geting global Bing Wallpaper, region=it-IT, local time is 2024-08-20 18:12:43.374573+02:00
[16:12:43] Successful get url: https://www.bing.com/th?id=OHR.TetonSunrise_IT-IT6014287082_UHD.jpg
[16:12:43] Picture infomations saved to  global/it-IT/README.md
[16:12:43] Picture infomations saved to global/it-IT/history/2024/08/20_it-IT.md
[16:12:43] Start geting global Bing Wallpaper, region=es-ES, local time is 2024-08-20 18:12:43.567153+02:00
[16:12:43] Successful get url: https://www.bing.com/th?id=OHR.TetonSunrise_ES-ES8184610803_UHD.jpg
[16:12:43] Picture infomations saved to  global/es-ES/README.md
[16:12:43] Picture infomations saved to global/es-ES/history/2024/08/20_es-ES.md
[16:12:43] Start geting global Bing Wallpaper, region=fr-CA, local time is 2024-08-20 12:12:43.712244-04:00
[16:12:43] Successful get url: https://www.bing.com/th?id=OHR.TetonSunrise_FR-CA9634398524_UHD.jpg
[16:12:43] Picture infomations saved to  global/fr-CA/README.md
[16:12:43] Picture infomations saved to global/fr-CA/history/2024/08/21_fr-CA.md
Program exit at 16:12:43
