
Program started at 09:25:56
Operating System Name: Linux
Operating System Version: #26~22.04.1-Ubuntu SMP Thu Jul 11 22:33:04 UTC 2024
System Architecture: ('64bit', 'ELF')
Computer Type: x86_64
Computer Name: fv-az802-264
Processor Type: x86_64
Python Version: 3.12.4
Python Interpreter Name: CPython
[09:25:56] Start geting CN Bing Wallpaper
[09:25:56] Successful get url: https://www.bing.com/th?id=OHR.WatarrkaLizard_ZH-CN7974623468_UHD.jpg
[09:25:57] Image saved to img/background.jpg
[09:25:57] Info saved to README.md
[09:25:57] Image saved to history/2024/08/14.md
[09:25:57] Start geting global Bing Wallpaper, region=en-US, local time is 2024-08-14 05:25:57.103181-04:00
[09:25:57] Successful get url: https://www.bing.com/th?id=OHR.WatarrkaLizard_EN-US2106702347_UHD.jpg
[09:25:57] Picture infomations saved to  global/en-US/README.md
[09:25:57] Picture infomations saved to global/en-US/history/2024/08/15_en-US.md
[09:25:57] Start geting global Bing Wallpaper, region=ja-JP, local time is 2024-08-14 18:25:57.490475+09:00
[09:25:57] Successful get url: https://www.bing.com/th?id=OHR.JoshuaTreeNP_JA-JP9735541892_UHD.jpg
[09:25:57] Picture infomations saved to  global/ja-JP/README.md
[09:25:57] Picture infomations saved to global/ja-JP/history/2024/08/14_ja-JP.md
[09:25:57] Start geting global Bing Wallpaper, region=en-IN, local time is 2024-08-14 14:55:57.944258+05:30
[09:25:58] Successful get url: https://www.bing.com/th?id=OHR.WatarrkaLizard_EN-IN4528148622_UHD.jpg
[09:25:58] Picture infomations saved to  global/en-IN/README.md
[09:25:58] Picture infomations saved to global/en-IN/history/2024/08/14_en-IN.md
[09:25:58] Start geting global Bing Wallpaper, region=pt-BR, local time is 2024-08-14 06:25:58.337807-03:00
[09:25:58] Successful get url: https://www.bing.com/th?id=OHR.WatarrkaLizard_PT-BR4397893741_UHD.jpg
[09:25:58] Picture infomations saved to  global/pt-BR/README.md
[09:25:58] Picture infomations saved to global/pt-BR/history/2024/08/15_pt-BR.md
[09:25:58] Start geting global Bing Wallpaper, region=fr-FR, local time is 2024-08-14 11:25:58.738351+02:00
[09:25:58] Successful get url: https://www.bing.com/th?id=OHR.WatarrkaLizard_FR-FR2192982199_UHD.jpg
[09:25:59] Picture infomations saved to  global/fr-FR/README.md
[09:25:59] Picture infomations saved to global/fr-FR/history/2024/08/14_fr-FR.md
[09:25:59] Start geting global Bing Wallpaper, region=de-DE, local time is 2024-08-14 11:25:59.100505+02:00
[09:25:59] Successful get url: https://www.bing.com/th?id=OHR.WatarrkaLizard_DE-DE9933808585_UHD.jpg
[09:25:59] Picture infomations saved to  global/de-DE/README.md
[09:25:59] Picture infomations saved to global/de-DE/history/2024/08/14_de-DE.md
[09:25:59] Start geting global Bing Wallpaper, region=en-CA, local time is 2024-08-14 05:25:59.470937-04:00
[09:25:59] Successful get url: https://www.bing.com/th?id=OHR.WatarrkaLizard_EN-CA4804344545_UHD.jpg
[09:25:59] Picture infomations saved to  global/en-CA/README.md
[09:25:59] Picture infomations saved to global/en-CA/history/2024/08/15_en-CA.md
[09:25:59] Start geting global Bing Wallpaper, region=en-GB, local time is 2024-08-14 10:25:59.963686+01:00
[09:26:00] Successful get url: https://www.bing.com/th?id=OHR.WatarrkaLizard_EN-GB7369918232_UHD.jpg
[09:26:00] Picture infomations saved to  global/en-GB/README.md
[09:26:00] Picture infomations saved to global/en-GB/history/2024/08/14_en-GB.md
[09:26:00] Start geting global Bing Wallpaper, region=it-IT, local time is 2024-08-14 11:26:00.385671+02:00
[09:26:00] Successful get url: https://www.bing.com/th?id=OHR.WatarrkaLizard_IT-IT4767936784_UHD.jpg
[09:26:00] Picture infomations saved to  global/it-IT/README.md
[09:26:00] Picture infomations saved to global/it-IT/history/2024/08/14_it-IT.md
[09:26:00] Start geting global Bing Wallpaper, region=es-ES, local time is 2024-08-14 11:26:00.783514+02:00
[09:26:00] Successful get url: https://www.bing.com/th?id=OHR.WatarrkaLizard_ES-ES4079653001_UHD.jpg
[09:26:01] Picture infomations saved to  global/es-ES/README.md
[09:26:01] Picture infomations saved to global/es-ES/history/2024/08/14_es-ES.md
[09:26:01] Start geting global Bing Wallpaper, region=fr-CA, local time is 2024-08-14 05:26:01.144087-04:00
[09:26:01] Successful get url: https://www.bing.com/th?id=OHR.WatarrkaLizard_FR-CA6361686885_UHD.jpg
[09:26:01] Picture infomations saved to  global/fr-CA/README.md
[09:26:01] Picture infomations saved to global/fr-CA/history/2024/08/15_fr-CA.md
Program exit at 09:26:01
