
Program started at 09:24:29
Operating System Name: Linux
Operating System Version: #26~22.04.1-Ubuntu SMP Thu Jul 11 22:33:04 UTC 2024
System Architecture: ('64bit', 'ELF')
Computer Type: x86_64
Computer Name: fv-az1200-543
Processor Type: x86_64
Python Version: 3.12.5
Python Interpreter Name: CPython
[09:24:29] Start geting CN Bing Wallpaper
[09:24:29] Successful get url: https://www.bing.com/th?id=OHR.SwiftcurrentLake_ZH-CN1513761894_UHD.jpg
[09:24:30] Image saved to img/background.jpg
[09:24:30] Info saved to README.md
[09:24:30] Image saved to history/2024/08/25.md
[09:24:30] Start geting global Bing Wallpaper, region=en-US, local time is 2024-08-25 05:24:30.054113-04:00
[09:24:30] Successful get url: https://www.bing.com/th?id=OHR.SwiftcurrentLake_EN-US8272209593_UHD.jpg
[09:24:30] Picture infomations saved to  global/en-US/README.md
[09:24:30] Picture infomations saved to global/en-US/history/2024/08/26_en-US.md
[09:24:30] Start geting global Bing Wallpaper, region=ja-JP, local time is 2024-08-25 18:24:30.215201+09:00
[09:24:30] Successful get url: https://www.bing.com/th?id=OHR.SwiftcurrentLake_JA-JP7854639610_UHD.jpg
[09:24:30] Picture infomations saved to  global/ja-JP/README.md
[09:24:30] Picture infomations saved to global/ja-JP/history/2024/08/25_ja-JP.md
[09:24:30] Start geting global Bing Wallpaper, region=en-IN, local time is 2024-08-25 14:54:30.312827+05:30
[09:24:30] Successful get url: https://www.bing.com/th?id=OHR.GolcondaFort_EN-IN3908727493_UHD.jpg
[09:24:30] Picture infomations saved to  global/en-IN/README.md
[09:24:30] Picture infomations saved to global/en-IN/history/2024/08/25_en-IN.md
[09:24:30] Start geting global Bing Wallpaper, region=pt-BR, local time is 2024-08-25 06:24:30.469200-03:00
[09:24:30] Successful get url: https://www.bing.com/th?id=OHR.SwiftcurrentLake_PT-BR2467952516_UHD.jpg
[09:24:30] Picture infomations saved to  global/pt-BR/README.md
[09:24:30] Picture infomations saved to global/pt-BR/history/2024/08/26_pt-BR.md
[09:24:30] Start geting global Bing Wallpaper, region=fr-FR, local time is 2024-08-25 11:24:30.564596+02:00
[09:24:30] Successful get url: https://www.bing.com/th?id=OHR.TrailMontBlanc_FR-FR5602937641_UHD.jpg
[09:24:30] Picture infomations saved to  global/fr-FR/README.md
[09:24:30] Picture infomations saved to global/fr-FR/history/2024/08/25_fr-FR.md
[09:24:30] Start geting global Bing Wallpaper, region=de-DE, local time is 2024-08-25 11:24:30.663285+02:00
[09:24:30] Successful get url: https://www.bing.com/th?id=OHR.VineyardsinRemstalvalley_DE-DE8704317940_UHD.jpg
[09:24:30] Picture infomations saved to  global/de-DE/README.md
[09:24:30] Picture infomations saved to global/de-DE/history/2024/08/25_de-DE.md
[09:24:30] Start geting global Bing Wallpaper, region=en-CA, local time is 2024-08-25 05:24:30.791689-04:00
[09:24:30] Successful get url: https://www.bing.com/th?id=OHR.SwiftcurrentLake_EN-CA7830300836_UHD.jpg
[09:24:30] Picture infomations saved to  global/en-CA/README.md
[09:24:30] Picture infomations saved to global/en-CA/history/2024/08/26_en-CA.md
[09:24:30] Start geting global Bing Wallpaper, region=en-GB, local time is 2024-08-25 10:24:30.885901+01:00
[09:24:30] Successful get url: https://www.bing.com/th?id=OHR.SwiftcurrentLake_EN-GB9627605146_UHD.jpg
[09:24:30] Picture infomations saved to  global/en-GB/README.md
[09:24:30] Picture infomations saved to global/en-GB/history/2024/08/25_en-GB.md
[09:24:30] Start geting global Bing Wallpaper, region=it-IT, local time is 2024-08-25 11:24:30.975445+02:00
[09:24:31] Successful get url: https://www.bing.com/th?id=OHR.SwiftcurrentLake_IT-IT5489995070_UHD.jpg
[09:24:31] Picture infomations saved to  global/it-IT/README.md
[09:24:31] Picture infomations saved to global/it-IT/history/2024/08/25_it-IT.md
[09:24:31] Start geting global Bing Wallpaper, region=es-ES, local time is 2024-08-25 11:24:31.114479+02:00
[09:24:31] Successful get url: https://www.bing.com/th?id=OHR.VelaAmericaCupBarcelona_ES-ES7829816830_UHD.jpg
[09:24:31] Picture infomations saved to  global/es-ES/README.md
[09:24:31] Picture infomations saved to global/es-ES/history/2024/08/25_es-ES.md
[09:24:31] Start geting global Bing Wallpaper, region=fr-CA, local time is 2024-08-25 05:24:31.209001-04:00
[09:24:31] Successful get url: https://www.bing.com/th?id=OHR.SwiftcurrentLake_FR-CA5079501446_UHD.jpg
[09:24:31] Picture infomations saved to  global/fr-CA/README.md
[09:24:31] Picture infomations saved to global/fr-CA/history/2024/08/26_fr-CA.md
Program exit at 09:24:31
