
Program started at 09:23:35
Operating System Name: Linux
Operating System Version: #26~22.04.1-Ubuntu SMP Thu Jul 11 22:33:04 UTC 2024
System Architecture: ('64bit', 'ELF')
Computer Type: x86_64
Computer Name: fv-az1532-839
Processor Type: x86_64
Python Version: 3.12.4
Python Interpreter Name: CPython
[09:23:35] Start geting CN Bing Wallpaper
[09:23:35] Successful get url: https://www.bing.com/th?id=OHR.AlfanzinaLighthouse_ZH-CN9704515669_UHD.jpg
[09:23:35] Image saved to img/background.jpg
[09:23:35] Info saved to README.md
[09:23:35] Image saved to history/2024/08/17.md
[09:23:35] Start geting global Bing Wallpaper, region=en-US, local time is 2024-08-17 05:23:35.516478-04:00
[09:23:35] Successful get url: https://www.bing.com/th?id=OHR.AlfanzinaLighthouse_EN-US9545750672_UHD.jpg
[09:23:35] Picture infomations saved to  global/en-US/README.md
[09:23:35] Picture infomations saved to global/en-US/history/2024/08/18_en-US.md
[09:23:35] Start geting global Bing Wallpaper, region=ja-JP, local time is 2024-08-17 18:23:35.639426+09:00
[09:23:35] Successful get url: https://www.bing.com/th?id=OHR.AlfanzinaLighthouse_JA-JP5005128092_UHD.jpg
[09:23:35] Picture infomations saved to  global/ja-JP/README.md
[09:23:35] Picture infomations saved to global/ja-JP/history/2024/08/17_ja-JP.md
[09:23:35] Start geting global Bing Wallpaper, region=en-IN, local time is 2024-08-17 14:53:35.746381+05:30
[09:23:35] Successful get url: https://www.bing.com/th?id=OHR.AlfanzinaLighthouse_EN-IN9099733197_UHD.jpg
[09:23:35] Picture infomations saved to  global/en-IN/README.md
[09:23:35] Picture infomations saved to global/en-IN/history/2024/08/17_en-IN.md
[09:23:35] Start geting global Bing Wallpaper, region=pt-BR, local time is 2024-08-17 06:23:35.903289-03:00
[09:23:35] Successful get url: https://www.bing.com/th?id=OHR.AlfanzinaLighthouse_PT-BR6712020565_UHD.jpg
[09:23:36] Picture infomations saved to  global/pt-BR/README.md
[09:23:36] Picture infomations saved to global/pt-BR/history/2024/08/18_pt-BR.md
[09:23:36] Start geting global Bing Wallpaper, region=fr-FR, local time is 2024-08-17 11:23:36.026950+02:00
[09:23:36] Successful get url: https://www.bing.com/th?id=OHR.AlfanzinaLighthouse_FR-FR9974749595_UHD.jpg
[09:23:36] Picture infomations saved to  global/fr-FR/README.md
[09:23:36] Picture infomations saved to global/fr-FR/history/2024/08/17_fr-FR.md
[09:23:36] Start geting global Bing Wallpaper, region=de-DE, local time is 2024-08-17 11:23:36.174203+02:00
[09:23:36] Successful get url: https://www.bing.com/th?id=OHR.AlfanzinaLighthouse_DE-DE1525391215_UHD.jpg
[09:23:36] Picture infomations saved to  global/de-DE/README.md
[09:23:36] Picture infomations saved to global/de-DE/history/2024/08/17_de-DE.md
[09:23:36] Start geting global Bing Wallpaper, region=en-CA, local time is 2024-08-17 05:23:36.272288-04:00
[09:23:36] Successful get url: https://www.bing.com/th?id=OHR.AlfanzinaLighthouse_EN-CA6912914796_UHD.jpg
[09:23:36] Picture infomations saved to  global/en-CA/README.md
[09:23:36] Picture infomations saved to global/en-CA/history/2024/08/18_en-CA.md
[09:23:36] Start geting global Bing Wallpaper, region=en-GB, local time is 2024-08-17 10:23:36.395494+01:00
[09:23:36] Successful get url: https://www.bing.com/th?id=OHR.AlfanzinaLighthouse_EN-GB7045122942_UHD.jpg
[09:23:36] Picture infomations saved to  global/en-GB/README.md
[09:23:36] Picture infomations saved to global/en-GB/history/2024/08/17_en-GB.md
[09:23:36] Start geting global Bing Wallpaper, region=it-IT, local time is 2024-08-17 11:23:36.497260+02:00
[09:23:36] Successful get url: https://www.bing.com/th?id=OHR.AlfanzinaLighthouse_IT-IT5068594687_UHD.jpg
[09:23:36] Picture infomations saved to  global/it-IT/README.md
[09:23:36] Picture infomations saved to global/it-IT/history/2024/08/17_it-IT.md
[09:23:36] Start geting global Bing Wallpaper, region=es-ES, local time is 2024-08-17 11:23:36.648329+02:00
[09:23:36] Successful get url: https://www.bing.com/th?id=OHR.SemanaGrandeBilbao_ES-ES1226526692_UHD.jpg
[09:23:36] Picture infomations saved to  global/es-ES/README.md
[09:23:36] Picture infomations saved to global/es-ES/history/2024/08/17_es-ES.md
[09:23:36] Start geting global Bing Wallpaper, region=fr-CA, local time is 2024-08-17 05:23:36.800286-04:00
[09:23:36] Successful get url: https://www.bing.com/th?id=OHR.AlfanzinaLighthouse_FR-CA6758531395_UHD.jpg
[09:23:36] Picture infomations saved to  global/fr-CA/README.md
[09:23:36] Picture infomations saved to global/fr-CA/history/2024/08/18_fr-CA.md
Program exit at 09:23:36

Program started at 16:13:28
Operating System Name: Linux
Operating System Version: #26~22.04.1-Ubuntu SMP Thu Jul 11 22:33:04 UTC 2024
System Architecture: ('64bit', 'ELF')
Computer Type: x86_64
Computer Name: fv-az569-170
Processor Type: x86_64
Python Version: 3.12.4
Python Interpreter Name: CPython
[16:13:28] Start geting CN Bing Wallpaper
[16:13:28] Successful get url: https://www.bing.com/th?id=OHR.HuntingtonBeach_ZH-CN0368691951_UHD.jpg
[16:13:28] Image saved to img/background.jpg
[16:13:28] Info saved to README.md
[16:13:28] Image saved to history/2024/08/18.md
[16:13:28] Start geting global Bing Wallpaper, region=en-US, local time is 2024-08-17 12:13:28.888076-04:00
[16:13:28] Successful get url: https://www.bing.com/th?id=OHR.AlfanzinaLighthouse_EN-US9545750672_UHD.jpg
[16:13:28] Picture infomations saved to  global/en-US/README.md
[16:13:28] Picture infomations saved to global/en-US/history/2024/08/18_en-US.md
[16:13:28] Start geting global Bing Wallpaper, region=ja-JP, local time is 2024-08-18 01:13:28.993032+09:00
[16:13:29] Successful get url: https://www.bing.com/th?id=OHR.HuntingtonBeach_JA-JP5169837017_UHD.jpg
[16:13:29] Picture infomations saved to  global/ja-JP/README.md
[16:13:29] Picture infomations saved to global/ja-JP/history/2024/08/18_ja-JP.md
[16:13:29] Start geting global Bing Wallpaper, region=en-IN, local time is 2024-08-17 21:43:29.192422+05:30
[16:13:29] Successful get url: https://www.bing.com/th?id=OHR.AlfanzinaLighthouse_EN-IN9099733197_UHD.jpg
[16:13:29] Picture infomations saved to  global/en-IN/README.md
[16:13:29] Picture infomations saved to global/en-IN/history/2024/08/17_en-IN.md
[16:13:29] Start geting global Bing Wallpaper, region=pt-BR, local time is 2024-08-17 13:13:29.392114-03:00
[16:13:29] Successful get url: https://www.bing.com/th?id=OHR.AlfanzinaLighthouse_PT-BR6712020565_UHD.jpg
[16:13:29] Picture infomations saved to  global/pt-BR/README.md
[16:13:29] Picture infomations saved to global/pt-BR/history/2024/08/18_pt-BR.md
[16:13:29] Start geting global Bing Wallpaper, region=fr-FR, local time is 2024-08-17 18:13:29.554889+02:00
[16:13:29] Successful get url: https://www.bing.com/th?id=OHR.AlfanzinaLighthouse_FR-FR9974749595_UHD.jpg
[16:13:29] Picture infomations saved to  global/fr-FR/README.md
[16:13:29] Picture infomations saved to global/fr-FR/history/2024/08/17_fr-FR.md
[16:13:29] Start geting global Bing Wallpaper, region=de-DE, local time is 2024-08-17 18:13:29.651288+02:00
[16:13:29] Successful get url: https://www.bing.com/th?id=OHR.AlfanzinaLighthouse_DE-DE1525391215_UHD.jpg
[16:13:29] Picture infomations saved to  global/de-DE/README.md
[16:13:29] Picture infomations saved to global/de-DE/history/2024/08/17_de-DE.md
[16:13:29] Start geting global Bing Wallpaper, region=en-CA, local time is 2024-08-17 12:13:29.777431-04:00
[16:13:29] Successful get url: https://www.bing.com/th?id=OHR.AlfanzinaLighthouse_EN-CA6912914796_UHD.jpg
[16:13:29] Picture infomations saved to  global/en-CA/README.md
[16:13:29] Picture infomations saved to global/en-CA/history/2024/08/18_en-CA.md
[16:13:29] Start geting global Bing Wallpaper, region=en-GB, local time is 2024-08-17 17:13:29.921426+01:00
[16:13:29] Successful get url: https://www.bing.com/th?id=OHR.AlfanzinaLighthouse_EN-GB7045122942_UHD.jpg
[16:13:30] Picture infomations saved to  global/en-GB/README.md
[16:13:30] Picture infomations saved to global/en-GB/history/2024/08/17_en-GB.md
[16:13:30] Start geting global Bing Wallpaper, region=it-IT, local time is 2024-08-17 18:13:30.030839+02:00
[16:13:30] Successful get url: https://www.bing.com/th?id=OHR.AlfanzinaLighthouse_IT-IT5068594687_UHD.jpg
[16:13:30] Picture infomations saved to  global/it-IT/README.md
[16:13:30] Picture infomations saved to global/it-IT/history/2024/08/17_it-IT.md
[16:13:30] Start geting global Bing Wallpaper, region=es-ES, local time is 2024-08-17 18:13:30.180219+02:00
[16:13:30] Successful get url: https://www.bing.com/th?id=OHR.SemanaGrandeBilbao_ES-ES1226526692_UHD.jpg
[16:13:30] Picture infomations saved to  global/es-ES/README.md
[16:13:30] Picture infomations saved to global/es-ES/history/2024/08/17_es-ES.md
[16:13:30] Start geting global Bing Wallpaper, region=fr-CA, local time is 2024-08-17 12:13:30.323010-04:00
[16:13:30] Successful get url: https://www.bing.com/th?id=OHR.AlfanzinaLighthouse_FR-CA6758531395_UHD.jpg
[16:13:30] Picture infomations saved to  global/fr-CA/README.md
[16:13:30] Picture infomations saved to global/fr-CA/history/2024/08/18_fr-CA.md
Program exit at 16:13:30
