
Program started at 09:24:54
Operating System Name: Linux
Operating System Version: #26~22.04.1-Ubuntu SMP Thu Jul 11 22:33:04 UTC 2024
System Architecture: ('64bit', 'ELF')
Computer Type: x86_64
Computer Name: fv-az1114-392
Processor Type: x86_64
Python Version: 3.12.5
Python Interpreter Name: CPython
[09:24:54] Start geting CN Bing Wallpaper
[09:24:55] Successful get url: https://www.bing.com/th?id=OHR.KatahdinWoods_ZH-CN0748954905_UHD.jpg
[09:24:55] Image saved to img/background.jpg
[09:24:55] Info saved to README.md
[09:24:55] Image saved to history/2024/08/24.md
[09:24:55] Start geting global Bing Wallpaper, region=en-US, local time is 2024-08-24 05:24:55.130327-04:00
[09:24:55] Successful get url: https://www.bing.com/th?id=OHR.KatahdinWoods_EN-US8182768375_UHD.jpg
[09:24:55] Picture infomations saved to  global/en-US/README.md
[09:24:55] Picture infomations saved to global/en-US/history/2024/08/25_en-US.md
[09:24:55] Start geting global Bing Wallpaper, region=ja-JP, local time is 2024-08-24 18:24:55.371538+09:00
[09:24:55] Successful get url: https://www.bing.com/th?id=OHR.JizoFestival2024_JA-JP8040094666_UHD.jpg
[09:24:55] Picture infomations saved to  global/ja-JP/README.md
[09:24:55] Picture infomations saved to global/ja-JP/history/2024/08/24_ja-JP.md
[09:24:55] Start geting global Bing Wallpaper, region=en-IN, local time is 2024-08-24 14:54:55.504255+05:30
[09:24:55] Successful get url: https://www.bing.com/th?id=OHR.KatahdinWoods_EN-IN9245397268_UHD.jpg
[09:24:55] Picture infomations saved to  global/en-IN/README.md
[09:24:55] Picture infomations saved to global/en-IN/history/2024/08/24_en-IN.md
[09:24:55] Start geting global Bing Wallpaper, region=pt-BR, local time is 2024-08-24 06:24:55.624692-03:00
[09:24:55] Successful get url: https://www.bing.com/th?id=OHR.KatahdinWoods_PT-BR1618400732_UHD.jpg
[09:24:55] Picture infomations saved to  global/pt-BR/README.md
[09:24:55] Picture infomations saved to global/pt-BR/history/2024/08/25_pt-BR.md
[09:24:55] Start geting global Bing Wallpaper, region=fr-FR, local time is 2024-08-24 11:24:55.753954+02:00
[09:24:55] Successful get url: https://www.bing.com/th?id=OHR.KatahdinWoods_FR-FR8416030061_UHD.jpg
[09:24:55] Picture infomations saved to  global/fr-FR/README.md
[09:24:55] Picture infomations saved to global/fr-FR/history/2024/08/24_fr-FR.md
[09:24:55] Start geting global Bing Wallpaper, region=de-DE, local time is 2024-08-24 11:24:55.884973+02:00
[09:24:55] Successful get url: https://www.bing.com/th?id=OHR.MuseumsinselSpree_DE-DE8201453372_UHD.jpg
[09:24:56] Picture infomations saved to  global/de-DE/README.md
[09:24:56] Picture infomations saved to global/de-DE/history/2024/08/24_de-DE.md
[09:24:56] Start geting global Bing Wallpaper, region=en-CA, local time is 2024-08-24 05:24:56.015582-04:00
[09:24:56] Successful get url: https://www.bing.com/th?id=OHR.KatahdinWoods_EN-CA4283542343_UHD.jpg
[09:24:56] Picture infomations saved to  global/en-CA/README.md
[09:24:56] Picture infomations saved to global/en-CA/history/2024/08/25_en-CA.md
[09:24:56] Start geting global Bing Wallpaper, region=en-GB, local time is 2024-08-24 10:24:56.143478+01:00
[09:24:56] Successful get url: https://www.bing.com/th?id=OHR.NottingHillCarnival2024_EN-GB9324576606_UHD.jpg
[09:24:56] Picture infomations saved to  global/en-GB/README.md
[09:24:56] Picture infomations saved to global/en-GB/history/2024/08/24_en-GB.md
[09:24:56] Start geting global Bing Wallpaper, region=it-IT, local time is 2024-08-24 11:24:56.259275+02:00
[09:24:56] Successful get url: https://www.bing.com/th?id=OHR.KatahdinWoods_IT-IT5335389072_UHD.jpg
[09:24:56] Picture infomations saved to  global/it-IT/README.md
[09:24:56] Picture infomations saved to global/it-IT/history/2024/08/24_it-IT.md
[09:24:56] Start geting global Bing Wallpaper, region=es-ES, local time is 2024-08-24 11:24:56.393266+02:00
[09:24:56] Successful get url: https://www.bing.com/th?id=OHR.KatahdinWoods_ES-ES2494481024_UHD.jpg
[09:24:56] Picture infomations saved to  global/es-ES/README.md
[09:24:56] Picture infomations saved to global/es-ES/history/2024/08/24_es-ES.md
[09:24:56] Start geting global Bing Wallpaper, region=fr-CA, local time is 2024-08-24 05:24:56.520623-04:00
[09:24:56] Successful get url: https://www.bing.com/th?id=OHR.KatahdinWoods_FR-CA5672777513_UHD.jpg
[09:24:56] Picture infomations saved to  global/fr-CA/README.md
[09:24:56] Picture infomations saved to global/fr-CA/history/2024/08/25_fr-CA.md
Program exit at 09:24:56
