
Program started at 09:26:41
Operating System Name: Linux
Operating System Version: #26~22.04.1-Ubuntu SMP Thu Jul 11 22:33:04 UTC 2024
System Architecture: ('64bit', 'ELF')
Computer Type: x86_64
Computer Name: fv-az1242-612
Processor Type: x86_64
Python Version: 3.12.4
Python Interpreter Name: CPython
[09:26:41] Start geting CN Bing Wallpaper
[09:26:41] Successful get url: https://www.bing.com/th?id=OHR.HertfordshireLavender_ZH-CN9771886404_UHD.jpg
[09:26:41] Image saved to img/background.jpg
[09:26:41] Info saved to README.md
[09:26:41] Image saved to history/2024/08/05.md
[09:26:41] Start geting global Bing Wallpaper, region=en-US, local time is 2024-08-05 05:26:41.206134-04:00
[09:26:41] Successful get url: https://www.bing.com/th?id=OHR.HertfordshireLavender_EN-US6911884438_UHD.jpg
[09:26:41] Picture infomations saved to  global/en-US/README.md
[09:26:41] Picture infomations saved to global/en-US/history/2024/08/06_en-US.md
[09:26:41] Start geting global Bing Wallpaper, region=ja-JP, local time is 2024-08-05 18:26:41.331948+09:00
[09:26:41] Successful get url: https://www.bing.com/th?id=OHR.HertfordshireLavender_JA-JP8708116437_UHD.jpg
[09:26:41] Picture infomations saved to  global/ja-JP/README.md
[09:26:41] Picture infomations saved to global/ja-JP/history/2024/08/05_ja-JP.md
[09:26:41] Start geting global Bing Wallpaper, region=en-IN, local time is 2024-08-05 14:56:41.446796+05:30
[09:26:41] Successful get url: https://www.bing.com/th?id=OHR.HertfordshireLavender_EN-IN4194143744_UHD.jpg
[09:26:41] Picture infomations saved to  global/en-IN/README.md
[09:26:41] Picture infomations saved to global/en-IN/history/2024/08/05_en-IN.md
[09:26:41] Start geting global Bing Wallpaper, region=pt-BR, local time is 2024-08-05 06:26:41.609405-03:00
[09:26:41] Successful get url: https://www.bing.com/th?id=OHR.HertfordshireLavender_PT-BR9531166050_UHD.jpg
[09:26:41] Picture infomations saved to  global/pt-BR/README.md
[09:26:41] Picture infomations saved to global/pt-BR/history/2024/08/06_pt-BR.md
[09:26:41] Start geting global Bing Wallpaper, region=fr-FR, local time is 2024-08-05 11:26:41.704233+02:00
[09:26:41] Successful get url: https://www.bing.com/th?id=OHR.HertfordshireLavender_FR-FR4107363569_UHD.jpg
[09:26:41] Picture infomations saved to  global/fr-FR/README.md
[09:26:41] Picture infomations saved to global/fr-FR/history/2024/08/05_fr-FR.md
[09:26:41] Start geting global Bing Wallpaper, region=de-DE, local time is 2024-08-05 11:26:41.794417+02:00
[09:26:41] Successful get url: https://www.bing.com/th?id=OHR.HertfordshireLavender_DE-DE9702415169_UHD.jpg
[09:26:41] Picture infomations saved to  global/de-DE/README.md
[09:26:41] Picture infomations saved to global/de-DE/history/2024/08/05_de-DE.md
[09:26:41] Start geting global Bing Wallpaper, region=en-CA, local time is 2024-08-05 05:26:41.933527-04:00
[09:26:42] Successful get url: https://www.bing.com/th?id=OHR.HertfordshireLavender_EN-CA7120535968_UHD.jpg
[09:26:42] Picture infomations saved to  global/en-CA/README.md
[09:26:42] Picture infomations saved to global/en-CA/history/2024/08/06_en-CA.md
[09:26:42] Start geting global Bing Wallpaper, region=en-GB, local time is 2024-08-05 10:26:42.123747+01:00
[09:26:42] Successful get url: https://www.bing.com/th?id=OHR.HertfordshireLavender_EN-GB8608001356_UHD.jpg
[09:26:42] Picture infomations saved to  global/en-GB/README.md
[09:26:42] Picture infomations saved to global/en-GB/history/2024/08/05_en-GB.md
[09:26:42] Start geting global Bing Wallpaper, region=it-IT, local time is 2024-08-05 11:26:42.236327+02:00
[09:26:42] Successful get url: https://www.bing.com/th?id=OHR.HertfordshireLavender_IT-IT3555753109_UHD.jpg
[09:26:42] Picture infomations saved to  global/it-IT/README.md
[09:26:42] Picture infomations saved to global/it-IT/history/2024/08/05_it-IT.md
[09:26:42] Start geting global Bing Wallpaper, region=es-ES, local time is 2024-08-05 11:26:42.476702+02:00
[09:26:42] Successful get url: https://www.bing.com/th?id=OHR.HertfordshireLavender_ES-ES4413532305_UHD.jpg
[09:26:42] Picture infomations saved to  global/es-ES/README.md
[09:26:42] Picture infomations saved to global/es-ES/history/2024/08/05_es-ES.md
[09:26:42] Start geting global Bing Wallpaper, region=fr-CA, local time is 2024-08-05 05:26:42.639465-04:00
[09:26:42] Successful get url: https://www.bing.com/th?id=OHR.HertfordshireLavender_FR-CA7927832263_UHD.jpg
[09:26:42] Picture infomations saved to  global/fr-CA/README.md
[09:26:42] Picture infomations saved to global/fr-CA/history/2024/08/06_fr-CA.md
Program exit at 09:26:42

Program started at 16:12:58
Operating System Name: Linux
Operating System Version: #26~22.04.1-Ubuntu SMP Thu Jul 11 22:33:04 UTC 2024
System Architecture: ('64bit', 'ELF')
Computer Type: x86_64
Computer Name: fv-az1536-134
Processor Type: x86_64
Python Version: 3.12.4
Python Interpreter Name: CPython
[16:12:58] Start geting CN Bing Wallpaper
[16:12:58] Successful get url: https://www.bing.com/th?id=OHR.MolokiniHawaii_ZH-CN0375050872_UHD.jpg
[16:12:58] Image saved to img/background.jpg
[16:12:58] Info saved to README.md
[16:12:58] Image saved to history/2024/08/06.md
[16:12:58] Start geting global Bing Wallpaper, region=en-US, local time is 2024-08-05 12:12:58.688617-04:00
[16:12:58] Successful get url: https://www.bing.com/th?id=OHR.HertfordshireLavender_EN-US6911884438_UHD.jpg
[16:12:58] Picture infomations saved to  global/en-US/README.md
[16:12:58] Picture infomations saved to global/en-US/history/2024/08/06_en-US.md
[16:12:58] Start geting global Bing Wallpaper, region=ja-JP, local time is 2024-08-06 01:12:58.808793+09:00
[16:12:58] Successful get url: https://www.bing.com/th?id=OHR.SendaiTanabata2024_JA-JP8906260169_UHD.jpg
[16:12:58] Picture infomations saved to  global/ja-JP/README.md
[16:12:58] Picture infomations saved to global/ja-JP/history/2024/08/06_ja-JP.md
[16:12:58] Start geting global Bing Wallpaper, region=en-IN, local time is 2024-08-05 21:42:58.986622+05:30
[16:12:59] Successful get url: https://www.bing.com/th?id=OHR.HertfordshireLavender_EN-IN4194143744_UHD.jpg
[16:12:59] Picture infomations saved to  global/en-IN/README.md
[16:12:59] Picture infomations saved to global/en-IN/history/2024/08/05_en-IN.md
[16:12:59] Start geting global Bing Wallpaper, region=pt-BR, local time is 2024-08-05 13:12:59.102327-03:00
[16:12:59] Successful get url: https://www.bing.com/th?id=OHR.HertfordshireLavender_PT-BR9531166050_UHD.jpg
[16:12:59] Picture infomations saved to  global/pt-BR/README.md
[16:12:59] Picture infomations saved to global/pt-BR/history/2024/08/06_pt-BR.md
[16:12:59] Start geting global Bing Wallpaper, region=fr-FR, local time is 2024-08-05 18:12:59.222612+02:00
[16:12:59] Successful get url: https://www.bing.com/th?id=OHR.HertfordshireLavender_FR-FR4107363569_UHD.jpg
[16:12:59] Picture infomations saved to  global/fr-FR/README.md
[16:12:59] Picture infomations saved to global/fr-FR/history/2024/08/05_fr-FR.md
[16:12:59] Start geting global Bing Wallpaper, region=de-DE, local time is 2024-08-05 18:12:59.349818+02:00
[16:12:59] Successful get url: https://www.bing.com/th?id=OHR.HertfordshireLavender_DE-DE9702415169_UHD.jpg
[16:12:59] Picture infomations saved to  global/de-DE/README.md
[16:12:59] Picture infomations saved to global/de-DE/history/2024/08/05_de-DE.md
[16:12:59] Start geting global Bing Wallpaper, region=en-CA, local time is 2024-08-05 12:12:59.528183-04:00
[16:12:59] Successful get url: https://www.bing.com/th?id=OHR.HertfordshireLavender_EN-CA7120535968_UHD.jpg
[16:12:59] Picture infomations saved to  global/en-CA/README.md
[16:12:59] Picture infomations saved to global/en-CA/history/2024/08/06_en-CA.md
[16:12:59] Start geting global Bing Wallpaper, region=en-GB, local time is 2024-08-05 17:12:59.687218+01:00
[16:12:59] Successful get url: https://www.bing.com/th?id=OHR.HertfordshireLavender_EN-GB8608001356_UHD.jpg
[16:12:59] Picture infomations saved to  global/en-GB/README.md
[16:12:59] Picture infomations saved to global/en-GB/history/2024/08/05_en-GB.md
[16:12:59] Start geting global Bing Wallpaper, region=it-IT, local time is 2024-08-05 18:12:59.809281+02:00
[16:12:59] Successful get url: https://www.bing.com/th?id=OHR.HertfordshireLavender_IT-IT3555753109_UHD.jpg
[16:13:00] Picture infomations saved to  global/it-IT/README.md
[16:13:00] Picture infomations saved to global/it-IT/history/2024/08/05_it-IT.md
[16:13:00] Start geting global Bing Wallpaper, region=es-ES, local time is 2024-08-05 18:13:00.006882+02:00
[16:13:00] Successful get url: https://www.bing.com/th?id=OHR.HertfordshireLavender_ES-ES4413532305_UHD.jpg
[16:13:00] Picture infomations saved to  global/es-ES/README.md
[16:13:00] Picture infomations saved to global/es-ES/history/2024/08/05_es-ES.md
[16:13:00] Start geting global Bing Wallpaper, region=fr-CA, local time is 2024-08-05 12:13:00.105223-04:00
[16:13:00] Successful get url: https://www.bing.com/th?id=OHR.HertfordshireLavender_FR-CA7927832263_UHD.jpg
[16:13:00] Picture infomations saved to  global/fr-CA/README.md
[16:13:00] Picture infomations saved to global/fr-CA/history/2024/08/06_fr-CA.md
Program exit at 16:13:00
