
Program started at 09:27:09
Operating System Name: Linux
Operating System Version: #26~22.04.1-Ubuntu SMP Thu Jul 11 22:33:04 UTC 2024
System Architecture: ('64bit', 'ELF')
Computer Type: x86_64
Computer Name: fv-az1766-553
Processor Type: x86_64
Python Version: 3.12.4
Python Interpreter Name: CPython
[09:27:09] Start geting CN Bing Wallpaper
[09:27:09] Successful get url: https://www.bing.com/th?id=OHR.DugiOtokCroatia_ZH-CN7791404392_UHD.jpg
[09:27:09] Image saved to img/background.jpg
[09:27:09] Info saved to README.md
[09:27:09] Image saved to history/2024/08/13.md
[09:27:09] Start geting global Bing Wallpaper, region=en-US, local time is 2024-08-13 05:27:09.593510-04:00
[09:27:09] Successful get url: https://www.bing.com/th?id=OHR.DugiOtokCroatia_EN-US1981524043_UHD.jpg
[09:27:09] Picture infomations saved to  global/en-US/README.md
[09:27:09] Picture infomations saved to global/en-US/history/2024/08/14_en-US.md
[09:27:09] Start geting global Bing Wallpaper, region=ja-JP, local time is 2024-08-13 18:27:09.715196+09:00
[09:27:09] Successful get url: https://www.bing.com/th?id=OHR.DugiOtokCroatia_JA-JP9531782423_UHD.jpg
[09:27:09] Picture infomations saved to  global/ja-JP/README.md
[09:27:09] Picture infomations saved to global/ja-JP/history/2024/08/13_ja-JP.md
[09:27:09] Start geting global Bing Wallpaper, region=en-IN, local time is 2024-08-13 14:57:09.811069+05:30
[09:27:09] Successful get url: https://www.bing.com/th?id=OHR.DugiOtokCroatia_EN-IN7497189787_UHD.jpg
[09:27:09] Picture infomations saved to  global/en-IN/README.md
[09:27:09] Picture infomations saved to global/en-IN/history/2024/08/13_en-IN.md
[09:27:09] Start geting global Bing Wallpaper, region=pt-BR, local time is 2024-08-13 06:27:09.986167-03:00
[09:27:10] Successful get url: https://www.bing.com/th?id=OHR.DugiOtokCroatia_PT-BR3949170501_UHD.jpg
[09:27:10] Picture infomations saved to  global/pt-BR/README.md
[09:27:10] Picture infomations saved to global/pt-BR/history/2024/08/14_pt-BR.md
[09:27:10] Start geting global Bing Wallpaper, region=fr-FR, local time is 2024-08-13 11:27:10.099459+02:00
[09:27:10] Successful get url: https://www.bing.com/th?id=OHR.LorientCelticFestival_FR-FR2950316084_UHD.jpg
[09:27:10] Picture infomations saved to  global/fr-FR/README.md
[09:27:10] Picture infomations saved to global/fr-FR/history/2024/08/13_fr-FR.md
[09:27:10] Start geting global Bing Wallpaper, region=de-DE, local time is 2024-08-13 11:27:10.223761+02:00
[09:27:10] Successful get url: https://www.bing.com/th?id=OHR.DugiOtokCroatia_DE-DE7505074249_UHD.jpg
[09:27:10] Picture infomations saved to  global/de-DE/README.md
[09:27:10] Picture infomations saved to global/de-DE/history/2024/08/13_de-DE.md
[09:27:10] Start geting global Bing Wallpaper, region=en-CA, local time is 2024-08-13 05:27:10.333214-04:00
[09:27:10] Successful get url: https://www.bing.com/th?id=OHR.DugiOtokCroatia_EN-CA6561432536_UHD.jpg
[09:27:10] Picture infomations saved to  global/en-CA/README.md
[09:27:10] Picture infomations saved to global/en-CA/history/2024/08/14_en-CA.md
[09:27:10] Start geting global Bing Wallpaper, region=en-GB, local time is 2024-08-13 10:27:10.441924+01:00
[09:27:10] Successful get url: https://www.bing.com/th?id=OHR.DugiOtokCroatia_EN-GB9621673389_UHD.jpg
[09:27:10] Picture infomations saved to  global/en-GB/README.md
[09:27:10] Picture infomations saved to global/en-GB/history/2024/08/13_en-GB.md
[09:27:10] Start geting global Bing Wallpaper, region=it-IT, local time is 2024-08-13 11:27:10.540976+02:00
[09:27:10] Successful get url: https://www.bing.com/th?id=OHR.DugiOtokCroatia_IT-IT0800672865_UHD.jpg
[09:27:10] Picture infomations saved to  global/it-IT/README.md
[09:27:10] Picture infomations saved to global/it-IT/history/2024/08/13_it-IT.md
[09:27:10] Start geting global Bing Wallpaper, region=es-ES, local time is 2024-08-13 11:27:10.645396+02:00
[09:27:10] Successful get url: https://www.bing.com/th?id=OHR.DugiOtokCroatia_ES-ES3602010890_UHD.jpg
[09:27:10] Picture infomations saved to  global/es-ES/README.md
[09:27:10] Picture infomations saved to global/es-ES/history/2024/08/13_es-ES.md
[09:27:10] Start geting global Bing Wallpaper, region=fr-CA, local time is 2024-08-13 05:27:10.763063-04:00
[09:27:10] Successful get url: https://www.bing.com/th?id=OHR.DugiOtokCroatia_FR-CA6202299977_UHD.jpg
[09:27:11] Picture infomations saved to  global/fr-CA/README.md
[09:27:11] Picture infomations saved to global/fr-CA/history/2024/08/14_fr-CA.md
Program exit at 09:27:11
