
Program started at 09:26:48
Operating System Name: Linux
Operating System Version: #26~22.04.1-Ubuntu SMP Thu Jul 11 22:33:04 UTC 2024
System Architecture: ('64bit', 'ELF')
Computer Type: x86_64
Computer Name: fv-az564-423
Processor Type: x86_64
Python Version: 3.12.4
Python Interpreter Name: CPython
[09:26:48] Start geting CN Bing Wallpaper
[09:26:48] Successful get url: https://www.bing.com/th?id=OHR.IncaRuinPeru_ZH-CN5068602301_UHD.jpg
[09:26:48] Image saved to img/background.jpg
[09:26:48] Info saved to README.md
[09:26:48] Image saved to history/2024/08/09.md
[09:26:48] Start geting global Bing Wallpaper, region=en-US, local time is 2024-08-09 05:26:48.162485-04:00
[09:26:48] Successful get url: https://www.bing.com/th?id=OHR.IncaRuinPeru_EN-US1209778539_UHD.jpg
[09:26:48] Picture infomations saved to  global/en-US/README.md
[09:26:48] Picture infomations saved to global/en-US/history/2024/08/10_en-US.md
[09:26:48] Start geting global Bing Wallpaper, region=ja-JP, local time is 2024-08-09 18:26:48.285132+09:00
[09:26:48] Successful get url: https://www.bing.com/th?id=OHR.IncaRuinPeru_JA-JP8602736251_UHD.jpg
[09:26:48] Picture infomations saved to  global/ja-JP/README.md
[09:26:48] Picture infomations saved to global/ja-JP/history/2024/08/09_ja-JP.md
[09:26:48] Start geting global Bing Wallpaper, region=en-IN, local time is 2024-08-09 14:56:48.379804+05:30
[09:26:48] Successful get url: https://www.bing.com/th?id=OHR.HangCave_EN-IN5640527051_UHD.jpg
[09:26:48] Picture infomations saved to  global/en-IN/README.md
[09:26:48] Picture infomations saved to global/en-IN/history/2024/08/09_en-IN.md
[09:26:48] Start geting global Bing Wallpaper, region=pt-BR, local time is 2024-08-09 06:26:48.503254-03:00
[09:26:48] Successful get url: https://www.bing.com/th?id=OHR.IncaRuinPeru_PT-BR4364071618_UHD.jpg
[09:26:48] Picture infomations saved to  global/pt-BR/README.md
[09:26:48] Picture infomations saved to global/pt-BR/history/2024/08/10_pt-BR.md
[09:26:48] Start geting global Bing Wallpaper, region=fr-FR, local time is 2024-08-09 11:26:48.632677+02:00
[09:26:48] Successful get url: https://www.bing.com/th?id=OHR.IncaRuinPeru_FR-FR7059028916_UHD.jpg
[09:26:48] Picture infomations saved to  global/fr-FR/README.md
[09:26:48] Picture infomations saved to global/fr-FR/history/2024/08/09_fr-FR.md
[09:26:48] Start geting global Bing Wallpaper, region=de-DE, local time is 2024-08-09 11:26:48.736874+02:00
[09:26:48] Successful get url: https://www.bing.com/th?id=OHR.IncaRuinPeru_DE-DE5129172652_UHD.jpg
[09:26:48] Picture infomations saved to  global/de-DE/README.md
[09:26:48] Picture infomations saved to global/de-DE/history/2024/08/09_de-DE.md
[09:26:48] Start geting global Bing Wallpaper, region=en-CA, local time is 2024-08-09 05:26:48.822845-04:00
[09:26:48] Successful get url: https://www.bing.com/th?id=OHR.IncaRuinPeru_EN-CA5058760637_UHD.jpg
[09:26:48] Picture infomations saved to  global/en-CA/README.md
[09:26:48] Picture infomations saved to global/en-CA/history/2024/08/10_en-CA.md
[09:26:48] Start geting global Bing Wallpaper, region=en-GB, local time is 2024-08-09 10:26:48.936704+01:00
[09:26:48] Successful get url: https://www.bing.com/th?id=OHR.BristolBalloonFiesta2024_EN-GB5744730173_UHD.jpg
[09:26:49] Picture infomations saved to  global/en-GB/README.md
[09:26:49] Picture infomations saved to global/en-GB/history/2024/08/09_en-GB.md
[09:26:49] Start geting global Bing Wallpaper, region=it-IT, local time is 2024-08-09 11:26:49.048074+02:00
[09:26:49] Successful get url: https://www.bing.com/th?id=OHR.IncaRuinPeru_IT-IT3781329004_UHD.jpg
[09:26:49] Picture infomations saved to  global/it-IT/README.md
[09:26:49] Picture infomations saved to global/it-IT/history/2024/08/09_it-IT.md
[09:26:49] Start geting global Bing Wallpaper, region=es-ES, local time is 2024-08-09 11:26:49.146898+02:00
[09:26:49] Successful get url: https://www.bing.com/th?id=OHR.IncaRuinPeru_ES-ES0427536842_UHD.jpg
[09:26:49] Picture infomations saved to  global/es-ES/README.md
[09:26:49] Picture infomations saved to global/es-ES/history/2024/08/09_es-ES.md
[09:26:49] Start geting global Bing Wallpaper, region=fr-CA, local time is 2024-08-09 05:26:49.246475-04:00
[09:26:49] Successful get url: https://www.bing.com/th?id=OHR.IncaRuinPeru_FR-CA4062483772_UHD.jpg
[09:26:49] Picture infomations saved to  global/fr-CA/README.md
[09:26:49] Picture infomations saved to global/fr-CA/history/2024/08/10_fr-CA.md
Program exit at 09:26:49

Program started at 16:13:11
Operating System Name: Linux
Operating System Version: #26~22.04.1-Ubuntu SMP Thu Jul 11 22:33:04 UTC 2024
System Architecture: ('64bit', 'ELF')
Computer Type: x86_64
Computer Name: fv-az1198-74
Processor Type: x86_64
Python Version: 3.12.4
Python Interpreter Name: CPython
[16:13:11] Start geting CN Bing Wallpaper
[16:13:11] Successful get url: https://www.bing.com/th?id=OHR.JoshuaTreeNP_ZH-CN5917576674_UHD.jpg
[16:13:12] Image saved to img/background.jpg
[16:13:12] Info saved to README.md
[16:13:12] Image saved to history/2024/08/10.md
[16:13:12] Start geting global Bing Wallpaper, region=en-US, local time is 2024-08-09 12:13:12.196597-04:00
[16:13:12] Successful get url: https://www.bing.com/th?id=OHR.IncaRuinPeru_EN-US1209778539_UHD.jpg
[16:13:12] Picture infomations saved to  global/en-US/README.md
[16:13:12] Picture infomations saved to global/en-US/history/2024/08/10_en-US.md
[16:13:12] Start geting global Bing Wallpaper, region=ja-JP, local time is 2024-08-10 01:13:12.954882+09:00
[16:13:13] Successful get url: https://www.bing.com/th?id=OHR.TofinoVancouver_JA-JP8938759537_UHD.jpg
[16:13:13] Picture infomations saved to  global/ja-JP/README.md
[16:13:13] Picture infomations saved to global/ja-JP/history/2024/08/10_ja-JP.md
[16:13:13] Start geting global Bing Wallpaper, region=en-IN, local time is 2024-08-09 21:43:13.377710+05:30
[16:13:13] Successful get url: https://www.bing.com/th?id=OHR.HangCave_EN-IN5640527051_UHD.jpg
[16:13:13] Picture infomations saved to  global/en-IN/README.md
[16:13:13] Picture infomations saved to global/en-IN/history/2024/08/09_en-IN.md
[16:13:13] Start geting global Bing Wallpaper, region=pt-BR, local time is 2024-08-09 13:13:13.847521-03:00
[16:13:13] Successful get url: https://www.bing.com/th?id=OHR.IncaRuinPeru_PT-BR4364071618_UHD.jpg
[16:13:14] Picture infomations saved to  global/pt-BR/README.md
[16:13:14] Picture infomations saved to global/pt-BR/history/2024/08/10_pt-BR.md
[16:13:14] Start geting global Bing Wallpaper, region=fr-FR, local time is 2024-08-09 18:13:14.308965+02:00
[16:13:14] Successful get url: https://www.bing.com/th?id=OHR.IncaRuinPeru_FR-FR7059028916_UHD.jpg
[16:13:14] Picture infomations saved to  global/fr-FR/README.md
[16:13:14] Picture infomations saved to global/fr-FR/history/2024/08/09_fr-FR.md
[16:13:14] Start geting global Bing Wallpaper, region=de-DE, local time is 2024-08-09 18:13:14.929010+02:00
[16:13:15] Successful get url: https://www.bing.com/th?id=OHR.IncaRuinPeru_DE-DE5129172652_UHD.jpg
[16:13:15] Picture infomations saved to  global/de-DE/README.md
[16:13:15] Picture infomations saved to global/de-DE/history/2024/08/09_de-DE.md
[16:13:15] Start geting global Bing Wallpaper, region=en-CA, local time is 2024-08-09 12:13:15.497380-04:00
[16:13:16] Successful get url: https://www.bing.com/th?id=OHR.IncaRuinPeru_EN-CA5058760637_UHD.jpg
[16:13:17] Picture infomations saved to  global/en-CA/README.md
[16:13:17] Picture infomations saved to global/en-CA/history/2024/08/10_en-CA.md
[16:13:17] Start geting global Bing Wallpaper, region=en-GB, local time is 2024-08-09 17:13:17.715942+01:00
[16:13:17] Successful get url: https://www.bing.com/th?id=OHR.BristolBalloonFiesta2024_EN-GB5744730173_UHD.jpg
[16:13:18] Picture infomations saved to  global/en-GB/README.md
[16:13:18] Picture infomations saved to global/en-GB/history/2024/08/09_en-GB.md
[16:13:18] Start geting global Bing Wallpaper, region=it-IT, local time is 2024-08-09 18:13:18.097949+02:00
[16:13:18] Successful get url: https://www.bing.com/th?id=OHR.IncaRuinPeru_IT-IT3781329004_UHD.jpg
[16:13:18] Picture infomations saved to  global/it-IT/README.md
[16:13:18] Picture infomations saved to global/it-IT/history/2024/08/09_it-IT.md
[16:13:18] Start geting global Bing Wallpaper, region=es-ES, local time is 2024-08-09 18:13:18.550334+02:00
[16:13:18] Successful get url: https://www.bing.com/th?id=OHR.IncaRuinPeru_ES-ES0427536842_UHD.jpg
[16:13:18] Picture infomations saved to  global/es-ES/README.md
[16:13:18] Picture infomations saved to global/es-ES/history/2024/08/09_es-ES.md
[16:13:18] Start geting global Bing Wallpaper, region=fr-CA, local time is 2024-08-09 12:13:18.930320-04:00
[16:13:19] Successful get url: https://www.bing.com/th?id=OHR.IncaRuinPeru_FR-CA4062483772_UHD.jpg
[16:13:19] Picture infomations saved to  global/fr-CA/README.md
[16:13:19] Picture infomations saved to global/fr-CA/history/2024/08/10_fr-CA.md
Program exit at 16:13:19
