
Program started at 09:25:06
Operating System Name: Linux
Operating System Version: #26~22.04.1-Ubuntu SMP Thu Jul 11 22:33:04 UTC 2024
System Architecture: ('64bit', 'ELF')
Computer Type: x86_64
Computer Name: fv-az714-952
Processor Type: x86_64
Python Version: 3.12.5
Python Interpreter Name: CPython
[09:25:06] Start geting CN Bing Wallpaper
[09:25:06] Successful get url: https://www.bing.com/th?id=OHR.DjanetAlgeria_ZH-CN3458706695_UHD.jpg
[09:25:06] Image saved to img/background.jpg
[09:25:06] Info saved to README.md
[09:25:06] Image saved to history/2024/08/31.md
[09:25:06] Start geting global Bing Wallpaper, region=en-US, local time is 2024-08-31 05:25:06.421910-04:00
[09:25:06] Successful get url: https://www.bing.com/th?id=OHR.DjanetAlgeria_EN-US9175224323_UHD.jpg
[09:25:06] Picture infomations saved to  global/en-US/README.md
[09:25:06] Picture infomations saved to global/en-US/history/2024/09/01_en-US.md
[09:25:06] Start geting global Bing Wallpaper, region=ja-JP, local time is 2024-08-31 18:25:06.836319+09:00
[09:25:06] Successful get url: https://www.bing.com/th?id=OHR.DjanetAlgeria_JA-JP6784692273_UHD.jpg
[09:25:07] Picture infomations saved to  global/ja-JP/README.md
[09:25:07] Picture infomations saved to global/ja-JP/history/2024/08/31_ja-JP.md
[09:25:07] Start geting global Bing Wallpaper, region=en-IN, local time is 2024-08-31 14:55:07.361041+05:30
[09:25:07] Successful get url: https://www.bing.com/th?id=OHR.DjanetAlgeria_EN-IN1880956214_UHD.jpg
[09:25:07] Picture infomations saved to  global/en-IN/README.md
[09:25:07] Picture infomations saved to global/en-IN/history/2024/08/31_en-IN.md
[09:25:07] Start geting global Bing Wallpaper, region=pt-BR, local time is 2024-08-31 06:25:07.764933-03:00
[09:25:07] Successful get url: https://www.bing.com/th?id=OHR.DjanetAlgeria_PT-BR4680900903_UHD.jpg
[09:25:08] Picture infomations saved to  global/pt-BR/README.md
[09:25:08] Picture infomations saved to global/pt-BR/history/2024/09/01_pt-BR.md
[09:25:08] Start geting global Bing Wallpaper, region=fr-FR, local time is 2024-08-31 11:25:08.138942+02:00
[09:25:08] Successful get url: https://www.bing.com/th?id=OHR.DjanetAlgeria_FR-FR8225562823_UHD.jpg
[09:25:08] Picture infomations saved to  global/fr-FR/README.md
[09:25:08] Picture infomations saved to global/fr-FR/history/2024/08/31_fr-FR.md
[09:25:08] Start geting global Bing Wallpaper, region=de-DE, local time is 2024-08-31 11:25:08.727234+02:00
[09:25:08] Successful get url: https://www.bing.com/th?id=OHR.DjanetAlgeria_DE-DE9446379437_UHD.jpg
[09:25:09] Picture infomations saved to  global/de-DE/README.md
[09:25:09] Picture infomations saved to global/de-DE/history/2024/08/31_de-DE.md
[09:25:09] Start geting global Bing Wallpaper, region=en-CA, local time is 2024-08-31 05:25:09.149700-04:00
[09:25:09] Successful get url: https://www.bing.com/th?id=OHR.DjanetAlgeria_EN-CA7183702479_UHD.jpg
[09:25:09] Picture infomations saved to  global/en-CA/README.md
[09:25:09] Picture infomations saved to global/en-CA/history/2024/09/01_en-CA.md
[09:25:09] Start geting global Bing Wallpaper, region=en-GB, local time is 2024-08-31 10:25:09.766838+01:00
[09:25:09] Successful get url: https://www.bing.com/th?id=OHR.DjanetAlgeria_EN-GB4963001163_UHD.jpg
[09:25:10] Picture infomations saved to  global/en-GB/README.md
[09:25:10] Picture infomations saved to global/en-GB/history/2024/08/31_en-GB.md
[09:25:10] Start geting global Bing Wallpaper, region=it-IT, local time is 2024-08-31 11:25:10.287244+02:00
[09:25:10] Successful get url: https://www.bing.com/th?id=OHR.DjanetAlgeria_IT-IT6738833644_UHD.jpg
[09:25:10] Picture infomations saved to  global/it-IT/README.md
[09:25:10] Picture infomations saved to global/it-IT/history/2024/08/31_it-IT.md
[09:25:10] Start geting global Bing Wallpaper, region=es-ES, local time is 2024-08-31 11:25:10.908695+02:00
[09:25:10] Successful get url: https://www.bing.com/th?id=OHR.DjanetAlgeria_ES-ES4121297619_UHD.jpg
[09:25:11] Picture infomations saved to  global/es-ES/README.md
[09:25:11] Picture infomations saved to global/es-ES/history/2024/08/31_es-ES.md
[09:25:11] Start geting global Bing Wallpaper, region=fr-CA, local time is 2024-08-31 05:25:11.289154-04:00
[09:25:11] Successful get url: https://www.bing.com/th?id=OHR.DjanetAlgeria_FR-CA6148111657_UHD.jpg
[09:25:11] Picture infomations saved to  global/fr-CA/README.md
[09:25:11] Picture infomations saved to global/fr-CA/history/2024/09/01_fr-CA.md
Program exit at 09:25:11

Program started at 16:13:00
Operating System Name: Linux
Operating System Version: #26~22.04.1-Ubuntu SMP Thu Jul 11 22:33:04 UTC 2024
System Architecture: ('64bit', 'ELF')
Computer Type: x86_64
Computer Name: fv-az1040-191
Processor Type: x86_64
Python Version: 3.12.5
Python Interpreter Name: CPython
[16:13:00] Start geting CN Bing Wallpaper
[16:13:00] Successful get url: https://www.bing.com/th?id=OHR.ThamesLondon_ZH-CN3629717426_UHD.jpg
[16:13:01] Image saved to img/background.jpg
[16:13:01] Info saved to README.md
[16:13:01] Image saved to history/2024/09/01.md
[16:13:01] Start geting global Bing Wallpaper, region=en-US, local time is 2024-08-31 12:13:01.056690-04:00
[16:13:01] Successful get url: https://www.bing.com/th?id=OHR.DjanetAlgeria_EN-US9175224323_UHD.jpg
[16:13:01] Picture infomations saved to  global/en-US/README.md
[16:13:01] Picture infomations saved to global/en-US/history/2024/09/01_en-US.md
[16:13:01] Start geting global Bing Wallpaper, region=ja-JP, local time is 2024-09-01 01:13:01.191936+09:00
[16:13:01] Successful get url: https://www.bing.com/th?id=OHR.ThamesLondon_JA-JP6657553394_UHD.jpg
[16:13:01] Picture infomations saved to  global/ja-JP/README.md
[16:13:01] Picture infomations saved to global/ja-JP/history/2024/09/01_ja-JP.md
[16:13:01] Start geting global Bing Wallpaper, region=en-IN, local time is 2024-08-31 21:43:01.368933+05:30
[16:13:01] Successful get url: https://www.bing.com/th?id=OHR.DjanetAlgeria_EN-IN1880956214_UHD.jpg
[16:13:01] Picture infomations saved to  global/en-IN/README.md
[16:13:01] Picture infomations saved to global/en-IN/history/2024/08/31_en-IN.md
[16:13:01] Start geting global Bing Wallpaper, region=pt-BR, local time is 2024-08-31 13:13:01.488269-03:00
[16:13:01] Successful get url: https://www.bing.com/th?id=OHR.DjanetAlgeria_PT-BR4680900903_UHD.jpg
[16:13:01] Picture infomations saved to  global/pt-BR/README.md
[16:13:01] Picture infomations saved to global/pt-BR/history/2024/09/01_pt-BR.md
[16:13:01] Start geting global Bing Wallpaper, region=fr-FR, local time is 2024-08-31 18:13:01.610322+02:00
[16:13:01] Successful get url: https://www.bing.com/th?id=OHR.DjanetAlgeria_FR-FR8225562823_UHD.jpg
[16:13:01] Picture infomations saved to  global/fr-FR/README.md
[16:13:01] Picture infomations saved to global/fr-FR/history/2024/08/31_fr-FR.md
[16:13:01] Start geting global Bing Wallpaper, region=de-DE, local time is 2024-08-31 18:13:01.716136+02:00
[16:13:01] Successful get url: https://www.bing.com/th?id=OHR.DjanetAlgeria_DE-DE9446379437_UHD.jpg
[16:13:01] Picture infomations saved to  global/de-DE/README.md
[16:13:01] Picture infomations saved to global/de-DE/history/2024/08/31_de-DE.md
[16:13:01] Start geting global Bing Wallpaper, region=en-CA, local time is 2024-08-31 12:13:01.870075-04:00
[16:13:01] Successful get url: https://www.bing.com/th?id=OHR.DjanetAlgeria_EN-CA7183702479_UHD.jpg
[16:13:02] Picture infomations saved to  global/en-CA/README.md
[16:13:02] Picture infomations saved to global/en-CA/history/2024/09/01_en-CA.md
[16:13:02] Start geting global Bing Wallpaper, region=en-GB, local time is 2024-08-31 17:13:02.018118+01:00
[16:13:02] Successful get url: https://www.bing.com/th?id=OHR.DjanetAlgeria_EN-GB4963001163_UHD.jpg
[16:13:02] Picture infomations saved to  global/en-GB/README.md
[16:13:02] Picture infomations saved to global/en-GB/history/2024/08/31_en-GB.md
[16:13:02] Start geting global Bing Wallpaper, region=it-IT, local time is 2024-08-31 18:13:02.149587+02:00
[16:13:02] Successful get url: https://www.bing.com/th?id=OHR.DjanetAlgeria_IT-IT6738833644_UHD.jpg
[16:13:02] Picture infomations saved to  global/it-IT/README.md
[16:13:02] Picture infomations saved to global/it-IT/history/2024/08/31_it-IT.md
[16:13:02] Start geting global Bing Wallpaper, region=es-ES, local time is 2024-08-31 18:13:02.234876+02:00
[16:13:02] Successful get url: https://www.bing.com/th?id=OHR.DjanetAlgeria_ES-ES4121297619_UHD.jpg
[16:13:02] Picture infomations saved to  global/es-ES/README.md
[16:13:02] Picture infomations saved to global/es-ES/history/2024/08/31_es-ES.md
[16:13:02] Start geting global Bing Wallpaper, region=fr-CA, local time is 2024-08-31 12:13:02.342232-04:00
[16:13:02] Successful get url: https://www.bing.com/th?id=OHR.DjanetAlgeria_FR-CA6148111657_UHD.jpg
[16:13:02] Picture infomations saved to  global/fr-CA/README.md
[16:13:02] Picture infomations saved to global/fr-CA/history/2024/09/01_fr-CA.md
Program exit at 16:13:02
