
Program started at 09:26:01
Operating System Name: Linux
Operating System Version: #26~22.04.1-Ubuntu SMP Thu Jul 11 22:33:04 UTC 2024
System Architecture: ('64bit', 'ELF')
Computer Type: x86_64
Computer Name: fv-az770-191
Processor Type: x86_64
Python Version: 3.12.5
Python Interpreter Name: CPython
[09:26:01] Start geting CN Bing Wallpaper
[09:26:02] Successful get url: https://www.bing.com/th?id=OHR.PalmyraAtoll_ZH-CN1814325540_UHD.jpg
[09:26:02] Image saved to img/background.jpg
[09:26:02] Info saved to README.md
[09:26:02] Image saved to history/2024/08/26.md
[09:26:02] Start geting global Bing Wallpaper, region=en-US, local time is 2024-08-26 05:26:02.071501-04:00
[09:26:02] Successful get url: https://www.bing.com/th?id=OHR.PalmyraAtoll_EN-US8399787979_UHD.jpg
[09:26:02] Picture infomations saved to  global/en-US/README.md
[09:26:02] Picture infomations saved to global/en-US/history/2024/08/27_en-US.md
[09:26:02] Start geting global Bing Wallpaper, region=ja-JP, local time is 2024-08-26 18:26:02.230573+09:00
[09:26:02] Successful get url: https://www.bing.com/th?id=OHR.PalmyraAtoll_JA-JP7657576901_UHD.jpg
[09:26:02] Picture infomations saved to  global/ja-JP/README.md
[09:26:02] Picture infomations saved to global/ja-JP/history/2024/08/26_ja-JP.md
[09:26:02] Start geting global Bing Wallpaper, region=en-IN, local time is 2024-08-26 14:56:02.514965+05:30
[09:26:02] Successful get url: https://www.bing.com/th?id=OHR.PalmyraAtoll_EN-IN9487861231_UHD.jpg
[09:26:02] Picture infomations saved to  global/en-IN/README.md
[09:26:02] Picture infomations saved to global/en-IN/history/2024/08/26_en-IN.md
[09:26:02] Start geting global Bing Wallpaper, region=pt-BR, local time is 2024-08-26 06:26:02.630165-03:00
[09:26:02] Successful get url: https://www.bing.com/th?id=OHR.PalmyraAtoll_PT-BR3061095594_UHD.jpg
[09:26:02] Picture infomations saved to  global/pt-BR/README.md
[09:26:02] Picture infomations saved to global/pt-BR/history/2024/08/27_pt-BR.md
[09:26:02] Start geting global Bing Wallpaper, region=fr-FR, local time is 2024-08-26 11:26:02.725975+02:00
[09:26:02] Successful get url: https://www.bing.com/th?id=OHR.PalmyraAtoll_FR-FR9486167153_UHD.jpg
[09:26:02] Picture infomations saved to  global/fr-FR/README.md
[09:26:02] Picture infomations saved to global/fr-FR/history/2024/08/26_fr-FR.md
[09:26:02] Start geting global Bing Wallpaper, region=de-DE, local time is 2024-08-26 11:26:02.830105+02:00
[09:26:02] Successful get url: https://www.bing.com/th?id=OHR.PalmyraAtoll_DE-DE5676612889_UHD.jpg
[09:26:02] Picture infomations saved to  global/de-DE/README.md
[09:26:02] Picture infomations saved to global/de-DE/history/2024/08/26_de-DE.md
[09:26:02] Start geting global Bing Wallpaper, region=en-CA, local time is 2024-08-26 05:26:02.922212-04:00
[09:26:02] Successful get url: https://www.bing.com/th?id=OHR.PalmyraAtoll_EN-CA8180034537_UHD.jpg
[09:26:03] Picture infomations saved to  global/en-CA/README.md
[09:26:03] Picture infomations saved to global/en-CA/history/2024/08/27_en-CA.md
[09:26:03] Start geting global Bing Wallpaper, region=en-GB, local time is 2024-08-26 10:26:03.060955+01:00
[09:26:03] Successful get url: https://www.bing.com/th?id=OHR.PalmyraAtoll_EN-GB5731259364_UHD.jpg
[09:26:03] Picture infomations saved to  global/en-GB/README.md
[09:26:03] Picture infomations saved to global/en-GB/history/2024/08/26_en-GB.md
[09:26:03] Start geting global Bing Wallpaper, region=it-IT, local time is 2024-08-26 11:26:03.164482+02:00
[09:26:03] Successful get url: https://www.bing.com/th?id=OHR.PalmyraAtoll_IT-IT5623392573_UHD.jpg
[09:26:03] Picture infomations saved to  global/it-IT/README.md
[09:26:03] Picture infomations saved to global/it-IT/history/2024/08/26_it-IT.md
[09:26:03] Start geting global Bing Wallpaper, region=es-ES, local time is 2024-08-26 11:26:03.279787+02:00
[09:26:03] Successful get url: https://www.bing.com/th?id=OHR.PalmyraAtoll_ES-ES2724340692_UHD.jpg
[09:26:03] Picture infomations saved to  global/es-ES/README.md
[09:26:03] Picture infomations saved to global/es-ES/history/2024/08/26_es-ES.md
[09:26:03] Start geting global Bing Wallpaper, region=fr-CA, local time is 2024-08-26 05:26:03.383616-04:00
[09:26:03] Successful get url: https://www.bing.com/th?id=OHR.PalmyraAtoll_FR-CA6386990840_UHD.jpg
[09:26:03] Picture infomations saved to  global/fr-CA/README.md
[09:26:03] Picture infomations saved to global/fr-CA/history/2024/08/27_fr-CA.md
Program exit at 09:26:03
