
Program started at 09:25:05
Operating System Name: Linux
Operating System Version: #26~22.04.1-Ubuntu SMP Thu Jul 11 22:33:04 UTC 2024
System Architecture: ('64bit', 'ELF')
Computer Type: x86_64
Computer Name: fv-az775-96
Processor Type: x86_64
Python Version: 3.12.4
Python Interpreter Name: CPython
[09:25:05] Start geting CN Bing Wallpaper
[09:25:05] Successful get url: https://www.bing.com/th?id=OHR.HangCave_ZH-CN9217507365_UHD.jpg
[09:25:06] Image saved to img/background.jpg
[09:25:06] Info saved to README.md
[09:25:06] Image saved to history/2024/08/15.md
[09:25:06] Start geting global Bing Wallpaper, region=en-US, local time is 2024-08-15 05:25:06.074662-04:00
[09:25:06] Successful get url: https://www.bing.com/th?id=OHR.HangCave_EN-US9374263509_UHD.jpg
[09:25:06] Picture infomations saved to  global/en-US/README.md
[09:25:06] Picture infomations saved to global/en-US/history/2024/08/16_en-US.md
[09:25:06] Start geting global Bing Wallpaper, region=ja-JP, local time is 2024-08-15 18:25:06.218734+09:00
[09:25:06] Successful get url: https://www.bing.com/th?id=OHR.HangCave_JA-JP0202736881_UHD.jpg
[09:25:06] Picture infomations saved to  global/ja-JP/README.md
[09:25:06] Picture infomations saved to global/ja-JP/history/2024/08/15_ja-JP.md
[09:25:06] Start geting global Bing Wallpaper, region=en-IN, local time is 2024-08-15 14:55:06.366538+05:30
[09:25:06] Successful get url: https://www.bing.com/th?id=OHR.RedFortID_EN-IN8417084718_UHD.jpg
[09:25:06] Picture infomations saved to  global/en-IN/README.md
[09:25:06] Picture infomations saved to global/en-IN/history/2024/08/15_en-IN.md
[09:25:06] Start geting global Bing Wallpaper, region=pt-BR, local time is 2024-08-15 06:25:06.523158-03:00
[09:25:06] Successful get url: https://www.bing.com/th?id=OHR.HangCave_PT-BR4594901649_UHD.jpg
[09:25:06] Picture infomations saved to  global/pt-BR/README.md
[09:25:06] Picture infomations saved to global/pt-BR/history/2024/08/16_pt-BR.md
[09:25:06] Start geting global Bing Wallpaper, region=fr-FR, local time is 2024-08-15 11:25:06.666679+02:00
[09:25:06] Successful get url: https://www.bing.com/th?id=OHR.HangCave_FR-FR1926415619_UHD.jpg
[09:25:06] Picture infomations saved to  global/fr-FR/README.md
[09:25:06] Picture infomations saved to global/fr-FR/history/2024/08/15_fr-FR.md
[09:25:06] Start geting global Bing Wallpaper, region=de-DE, local time is 2024-08-15 11:25:06.788557+02:00
[09:25:06] Successful get url: https://www.bing.com/th?id=OHR.HangCave_DE-DE9528025476_UHD.jpg
[09:25:06] Picture infomations saved to  global/de-DE/README.md
[09:25:06] Picture infomations saved to global/de-DE/history/2024/08/15_de-DE.md
[09:25:06] Start geting global Bing Wallpaper, region=en-CA, local time is 2024-08-15 05:25:06.938768-04:00
[09:25:06] Successful get url: https://www.bing.com/th?id=OHR.HangCave_EN-CA7947699816_UHD.jpg
[09:25:07] Picture infomations saved to  global/en-CA/README.md
[09:25:07] Picture infomations saved to global/en-CA/history/2024/08/16_en-CA.md
[09:25:07] Start geting global Bing Wallpaper, region=en-GB, local time is 2024-08-15 10:25:07.081109+01:00
[09:25:07] Successful get url: https://www.bing.com/th?id=OHR.HangCave_EN-GB5986425507_UHD.jpg
[09:25:07] Picture infomations saved to  global/en-GB/README.md
[09:25:07] Picture infomations saved to global/en-GB/history/2024/08/15_en-GB.md
[09:25:07] Start geting global Bing Wallpaper, region=it-IT, local time is 2024-08-15 11:25:07.261432+02:00
[09:25:07] Successful get url: https://www.bing.com/th?id=OHR.Ferragosto_IT-IT4867237057_UHD.jpg
[09:25:07] Picture infomations saved to  global/it-IT/README.md
[09:25:07] Picture infomations saved to global/it-IT/history/2024/08/15_it-IT.md
[09:25:07] Start geting global Bing Wallpaper, region=es-ES, local time is 2024-08-15 11:25:07.405443+02:00
[09:25:07] Successful get url: https://www.bing.com/th?id=OHR.HangCave_ES-ES4781129979_UHD.jpg
[09:25:07] Picture infomations saved to  global/es-ES/README.md
[09:25:07] Picture infomations saved to global/es-ES/history/2024/08/15_es-ES.md
[09:25:07] Start geting global Bing Wallpaper, region=fr-CA, local time is 2024-08-15 05:25:07.543513-04:00
[09:25:07] Successful get url: https://www.bing.com/th?id=OHR.HangCave_FR-CA6512887337_UHD.jpg
[09:25:07] Picture infomations saved to  global/fr-CA/README.md
[09:25:07] Picture infomations saved to global/fr-CA/history/2024/08/16_fr-CA.md
Program exit at 09:25:07

Program started at 16:13:57
Operating System Name: Linux
Operating System Version: #26~22.04.1-Ubuntu SMP Thu Jul 11 22:33:04 UTC 2024
System Architecture: ('64bit', 'ELF')
Computer Type: x86_64
Computer Name: fv-az1426-140
Processor Type: x86_64
Python Version: 3.12.4
Python Interpreter Name: CPython
[16:13:58] Start geting CN Bing Wallpaper
[16:13:58] Successful get url: https://www.bing.com/th?id=OHR.JapanRollerCoaster_ZH-CN7954058301_UHD.jpg
[16:13:58] Image saved to img/background.jpg
[16:13:58] Info saved to README.md
[16:13:58] Image saved to history/2024/08/16.md
[16:13:58] Start geting global Bing Wallpaper, region=en-US, local time is 2024-08-15 12:13:58.335944-04:00
[16:13:58] Successful get url: https://www.bing.com/th?id=OHR.HangCave_EN-US9374263509_UHD.jpg
[16:13:58] Picture infomations saved to  global/en-US/README.md
[16:13:58] Picture infomations saved to global/en-US/history/2024/08/16_en-US.md
[16:13:58] Start geting global Bing Wallpaper, region=ja-JP, local time is 2024-08-16 01:13:58.493837+09:00
[16:13:58] Successful get url: https://www.bing.com/th?id=OHR.Gozan2024_JA-JP4841375373_UHD.jpg
[16:13:58] Picture infomations saved to  global/ja-JP/README.md
[16:13:58] Picture infomations saved to global/ja-JP/history/2024/08/16_ja-JP.md
[16:13:58] Start geting global Bing Wallpaper, region=en-IN, local time is 2024-08-15 21:43:58.696315+05:30
[16:13:58] Successful get url: https://www.bing.com/th?id=OHR.RedFortID_EN-IN8417084718_UHD.jpg
[16:13:58] Picture infomations saved to  global/en-IN/README.md
[16:13:58] Picture infomations saved to global/en-IN/history/2024/08/15_en-IN.md
[16:13:58] Start geting global Bing Wallpaper, region=pt-BR, local time is 2024-08-15 13:13:58.853200-03:00
[16:13:58] Successful get url: https://www.bing.com/th?id=OHR.HangCave_PT-BR4594901649_UHD.jpg
[16:13:58] Picture infomations saved to  global/pt-BR/README.md
[16:13:58] Picture infomations saved to global/pt-BR/history/2024/08/16_pt-BR.md
[16:13:58] Start geting global Bing Wallpaper, region=fr-FR, local time is 2024-08-15 18:13:59.000898+02:00
[16:13:59] Successful get url: https://www.bing.com/th?id=OHR.HangCave_FR-FR1926415619_UHD.jpg
[16:13:59] Picture infomations saved to  global/fr-FR/README.md
[16:13:59] Picture infomations saved to global/fr-FR/history/2024/08/15_fr-FR.md
[16:13:59] Start geting global Bing Wallpaper, region=de-DE, local time is 2024-08-15 18:13:59.126160+02:00
[16:13:59] Successful get url: https://www.bing.com/th?id=OHR.HangCave_DE-DE9528025476_UHD.jpg
[16:13:59] Picture infomations saved to  global/de-DE/README.md
[16:13:59] Picture infomations saved to global/de-DE/history/2024/08/15_de-DE.md
[16:13:59] Start geting global Bing Wallpaper, region=en-CA, local time is 2024-08-15 12:13:59.287516-04:00
[16:13:59] Successful get url: https://www.bing.com/th?id=OHR.HangCave_EN-CA7947699816_UHD.jpg
[16:13:59] Picture infomations saved to  global/en-CA/README.md
[16:13:59] Picture infomations saved to global/en-CA/history/2024/08/16_en-CA.md
[16:13:59] Start geting global Bing Wallpaper, region=en-GB, local time is 2024-08-15 17:13:59.432765+01:00
[16:13:59] Successful get url: https://www.bing.com/th?id=OHR.HangCave_EN-GB5986425507_UHD.jpg
[16:13:59] Picture infomations saved to  global/en-GB/README.md
[16:13:59] Picture infomations saved to global/en-GB/history/2024/08/15_en-GB.md
[16:13:59] Start geting global Bing Wallpaper, region=it-IT, local time is 2024-08-15 18:13:59.523328+02:00
[16:13:59] Successful get url: https://www.bing.com/th?id=OHR.Ferragosto_IT-IT4867237057_UHD.jpg
[16:13:59] Picture infomations saved to  global/it-IT/README.md
[16:13:59] Picture infomations saved to global/it-IT/history/2024/08/15_it-IT.md
[16:13:59] Start geting global Bing Wallpaper, region=es-ES, local time is 2024-08-15 18:13:59.685346+02:00
[16:13:59] Successful get url: https://www.bing.com/th?id=OHR.HangCave_ES-ES4781129979_UHD.jpg
[16:13:59] Picture infomations saved to  global/es-ES/README.md
[16:13:59] Picture infomations saved to global/es-ES/history/2024/08/15_es-ES.md
[16:13:59] Start geting global Bing Wallpaper, region=fr-CA, local time is 2024-08-15 12:13:59.787502-04:00
[16:13:59] Successful get url: https://www.bing.com/th?id=OHR.HangCave_FR-CA6512887337_UHD.jpg
[16:13:59] Picture infomations saved to  global/fr-CA/README.md
[16:13:59] Picture infomations saved to global/fr-CA/history/2024/08/16_fr-CA.md
Program exit at 16:13:59
