
Program started at 09:25:59
Operating System Name: Linux
Operating System Version: #26~22.04.1-Ubuntu SMP Thu Jul 11 22:33:04 UTC 2024
System Architecture: ('64bit', 'ELF')
Computer Type: x86_64
Computer Name: fv-az1055-45
Processor Type: x86_64
Python Version: 3.12.4
Python Interpreter Name: CPython
[09:25:59] Start geting CN Bing Wallpaper
[09:25:59] Successful get url: https://www.bing.com/th?id=OHR.TrunkBay_ZH-CN9268190655_UHD.jpg
[09:25:59] Image saved to img/background.jpg
[09:25:59] Info saved to README.md
[09:25:59] Image saved to history/2024/08/02.md
[09:25:59] Start geting global Bing Wallpaper, region=en-US, local time is 2024-08-02 05:25:59.538205-04:00
[09:25:59] Successful get url: https://www.bing.com/th?id=OHR.TrunkBay_EN-US6585719799_UHD.jpg
[09:25:59] Picture infomations saved to  global/en-US/README.md
[09:25:59] Picture infomations saved to global/en-US/history/2024/08/03_en-US.md
[09:25:59] Start geting global Bing Wallpaper, region=ja-JP, local time is 2024-08-02 18:25:59.936110+09:00
[09:26:00] Successful get url: https://www.bing.com/th?id=OHR.TrunkBay_JA-JP8109492475_UHD.jpg
[09:26:00] Picture infomations saved to  global/ja-JP/README.md
[09:26:00] Picture infomations saved to global/ja-JP/history/2024/08/02_ja-JP.md
[09:26:00] Start geting global Bing Wallpaper, region=en-IN, local time is 2024-08-02 14:56:00.310514+05:30
[09:26:00] Successful get url: https://www.bing.com/th?id=OHR.TrunkBay_EN-IN2631653470_UHD.jpg
[09:26:00] Picture infomations saved to  global/en-IN/README.md
[09:26:00] Picture infomations saved to global/en-IN/history/2024/08/02_en-IN.md
[09:26:00] Start geting global Bing Wallpaper, region=pt-BR, local time is 2024-08-02 06:26:00.853544-03:00
[09:26:00] Successful get url: https://www.bing.com/th?id=OHR.TrunkBay_PT-BR8573788345_UHD.jpg
[09:26:01] Picture infomations saved to  global/pt-BR/README.md
[09:26:01] Picture infomations saved to global/pt-BR/history/2024/08/03_pt-BR.md
[09:26:01] Start geting global Bing Wallpaper, region=fr-FR, local time is 2024-08-02 11:26:01.222574+02:00
[09:26:01] Successful get url: https://www.bing.com/th?id=OHR.TrunkBay_FR-FR3550149082_UHD.jpg
[09:26:01] Picture infomations saved to  global/fr-FR/README.md
[09:26:01] Picture infomations saved to global/fr-FR/history/2024/08/02_fr-FR.md
[09:26:01] Start geting global Bing Wallpaper, region=de-DE, local time is 2024-08-02 11:26:01.611935+02:00
[09:26:01] Successful get url: https://www.bing.com/th?id=OHR.TrunkBay_DE-DE7701117675_UHD.jpg
[09:26:01] Picture infomations saved to  global/de-DE/README.md
[09:26:01] Picture infomations saved to global/de-DE/history/2024/08/02_de-DE.md
[09:26:01] Start geting global Bing Wallpaper, region=en-CA, local time is 2024-08-02 05:26:01.972429-04:00
[09:26:02] Successful get url: https://www.bing.com/th?id=OHR.GeesefamilyBanff_EN-CA8574111296_UHD.jpg
[09:26:02] Picture infomations saved to  global/en-CA/README.md
[09:26:02] Picture infomations saved to global/en-CA/history/2024/08/03_en-CA.md
[09:26:02] Start geting global Bing Wallpaper, region=en-GB, local time is 2024-08-02 10:26:02.358282+01:00
[09:26:02] Successful get url: https://www.bing.com/th?id=OHR.TrunkBay_EN-GB8816603455_UHD.jpg
[09:26:02] Picture infomations saved to  global/en-GB/README.md
[09:26:02] Picture infomations saved to global/en-GB/history/2024/08/02_en-GB.md
[09:26:02] Start geting global Bing Wallpaper, region=it-IT, local time is 2024-08-02 11:26:02.711838+02:00
[09:26:02] Successful get url: https://www.bing.com/th?id=OHR.TrunkBay_IT-IT7046604916_UHD.jpg
[09:26:03] Picture infomations saved to  global/it-IT/README.md
[09:26:03] Picture infomations saved to global/it-IT/history/2024/08/02_it-IT.md
[09:26:03] Start geting global Bing Wallpaper, region=es-ES, local time is 2024-08-02 11:26:03.677055+02:00
[09:26:03] Successful get url: https://www.bing.com/th?id=OHR.TrunkBay_ES-ES3941681202_UHD.jpg
[09:26:04] Picture infomations saved to  global/es-ES/README.md
[09:26:04] Picture infomations saved to global/es-ES/history/2024/08/02_es-ES.md
[09:26:04] Start geting global Bing Wallpaper, region=fr-CA, local time is 2024-08-02 05:26:04.413671-04:00
[09:26:04] Successful get url: https://www.bing.com/th?id=OHR.GeesefamilyBanff_FR-CA7121100228_UHD.jpg
[09:26:04] Picture infomations saved to  global/fr-CA/README.md
[09:26:04] Picture infomations saved to global/fr-CA/history/2024/08/03_fr-CA.md
Program exit at 09:26:04
