
Program started at 09:58:56
Operating System Name: Linux
Operating System Version: #17~24.04.1-Ubuntu SMP Mon Dec  1 20:10:50 UTC 2025
System Architecture: ('64bit', 'ELF')
Computer Type: x86_64
Computer Name: runnervm0kj6c
Processor Type: x86_64
Python Version: 3.12.12
Python Interpreter Name: CPython
[09:58:56] Start geting CN Bing Wallpaper
[09:58:56] Successful get url: https://www.bing.com/th?id=OHR.PeachBloom_ZH-CN9660251274_UHD.jpg
[09:58:56] Image saved to img/background.jpg
[09:58:56] Info saved to README.md
[09:58:56] Image saved to history/2026/03/11.md
[09:58:56] Start geting global Bing Wallpaper, region=en-US, local time is 2026-03-11 05:58:56.845886-04:00
[09:58:56] Successful get url: https://www.bing.com/th?id=OHR.PeachBloom_EN-US6957157989_UHD.jpg
[09:58:56] Picture infomations saved to  global/en-US/README.md
[09:58:56] Picture infomations saved to global/en-US/history/2026/03/12_en-US.md
[09:58:56] Start geting global Bing Wallpaper, region=ja-JP, local time is 2026-03-11 18:58:56.985409+09:00
[09:58:57] Successful get url: https://www.bing.com/th?id=OHR.TohokuEarthquakeMemorial2026_JA-JP5225999611_UHD.jpg
[09:58:57] Picture infomations saved to  global/ja-JP/README.md
[09:58:57] Picture infomations saved to global/ja-JP/history/2026/03/11_ja-JP.md
[09:58:57] Start geting global Bing Wallpaper, region=en-IN, local time is 2026-03-11 15:28:57.117709+05:30
[09:58:57] Successful get url: https://www.bing.com/th?id=OHR.PeachBloom_EN-IN2443069088_UHD.jpg
[09:58:57] Picture infomations saved to  global/en-IN/README.md
[09:58:57] Picture infomations saved to global/en-IN/history/2026/03/11_en-IN.md
[09:58:57] Start geting global Bing Wallpaper, region=pt-BR, local time is 2026-03-11 06:58:57.291703-03:00
[09:58:57] Successful get url: https://www.bing.com/th?id=OHR.PeachBloom_PT-BR7415455807_UHD.jpg
[09:58:57] Picture infomations saved to  global/pt-BR/README.md
[09:58:57] Picture infomations saved to global/pt-BR/history/2026/03/12_pt-BR.md
[09:58:57] Start geting global Bing Wallpaper, region=fr-FR, local time is 2026-03-11 10:58:57.416750+01:00
[09:58:57] Successful get url: https://www.bing.com/th?id=OHR.PeachBloom_FR-FR2231285417_UHD.jpg
[09:58:57] Picture infomations saved to  global/fr-FR/README.md
[09:58:57] Picture infomations saved to global/fr-FR/history/2026/03/11_fr-FR.md
[09:58:57] Start geting global Bing Wallpaper, region=de-DE, local time is 2026-03-11 10:58:57.542656+01:00
[09:58:57] Successful get url: https://www.bing.com/th?id=OHR.PeachBloom_DE-DE6974968795_UHD.jpg
[09:58:57] Picture infomations saved to  global/de-DE/README.md
[09:58:57] Picture infomations saved to global/de-DE/history/2026/03/11_de-DE.md
[09:58:57] Start geting global Bing Wallpaper, region=en-CA, local time is 2026-03-11 05:58:57.670024-04:00
[09:58:57] Successful get url: https://www.bing.com/th?id=OHR.PeachBloom_EN-CA5288839040_UHD.jpg
[09:58:57] Picture infomations saved to  global/en-CA/README.md
[09:58:57] Picture infomations saved to global/en-CA/history/2026/03/12_en-CA.md
[09:58:57] Start geting global Bing Wallpaper, region=en-GB, local time is 2026-03-11 09:58:57.815252+00:00
[09:58:57] Successful get url: https://www.bing.com/th?id=OHR.PeachBloom_EN-GB7084568493_UHD.jpg
[09:58:57] Picture infomations saved to  global/en-GB/README.md
[09:58:57] Picture infomations saved to global/en-GB/history/2026/03/12_en-GB.md
[09:58:57] Start geting global Bing Wallpaper, region=it-IT, local time is 2026-03-11 10:58:57.934696+01:00
[09:58:58] Successful get url: https://www.bing.com/th?id=OHR.PeachBloom_IT-IT0094086704_UHD.jpg
[09:58:58] Picture infomations saved to  global/it-IT/README.md
[09:58:58] Picture infomations saved to global/it-IT/history/2026/03/11_it-IT.md
[09:58:58] Start geting global Bing Wallpaper, region=es-ES, local time is 2026-03-11 10:58:58.063815+01:00
[09:58:58] Successful get url: https://www.bing.com/th?id=OHR.PeachBloom_ES-ES2051621542_UHD.jpg
[09:58:58] Picture infomations saved to  global/es-ES/README.md
[09:58:58] Picture infomations saved to global/es-ES/history/2026/03/11_es-ES.md
[09:58:58] Start geting global Bing Wallpaper, region=fr-CA, local time is 2026-03-11 05:58:58.189320-04:00
[09:58:58] Successful get url: https://www.bing.com/th?id=OHR.PeachBloom_FR-CA6504909284_UHD.jpg
[09:58:58] Picture infomations saved to  global/fr-CA/README.md
[09:58:58] Picture infomations saved to global/fr-CA/history/2026/03/12_fr-CA.md
Program exit at 09:58:58

Program started at 16:42:33
Operating System Name: Linux
Operating System Version: #17~24.04.1-Ubuntu SMP Mon Dec  1 20:10:50 UTC 2025
System Architecture: ('64bit', 'ELF')
Computer Type: x86_64
Computer Name: runnervm0kj6c
Processor Type: x86_64
Python Version: 3.12.12
Python Interpreter Name: CPython
[16:42:33] Start geting CN Bing Wallpaper
[16:42:33] Successful get url: https://www.bing.com/th?id=OHR.SunbitternEcuador_ZH-CN9772788253_UHD.jpg
[16:42:33] Image saved to img/background.jpg
[16:42:33] Info saved to README.md
[16:42:33] Image saved to history/2026/03/12.md
[16:42:33] Start geting global Bing Wallpaper, region=en-US, local time is 2026-03-11 12:42:33.670647-04:00
[16:42:33] Successful get url: https://www.bing.com/th?id=OHR.PeachBloom_EN-US6957157989_UHD.jpg
[16:42:33] Picture infomations saved to  global/en-US/README.md
[16:42:33] Picture infomations saved to global/en-US/history/2026/03/12_en-US.md
[16:42:33] Start geting global Bing Wallpaper, region=ja-JP, local time is 2026-03-12 01:42:33.931199+09:00
[16:42:34] Successful get url: https://www.bing.com/th?id=OHR.TodaijiTempleOmizutori2026_JA-JP4273263363_UHD.jpg
[16:42:34] Picture infomations saved to  global/ja-JP/README.md
[16:42:34] Picture infomations saved to global/ja-JP/history/2026/03/12_ja-JP.md
[16:42:34] Start geting global Bing Wallpaper, region=en-IN, local time is 2026-03-11 22:12:34.277402+05:30
[16:42:34] Successful get url: https://www.bing.com/th?id=OHR.PeachBloom_EN-IN2443069088_UHD.jpg
[16:42:34] Picture infomations saved to  global/en-IN/README.md
[16:42:34] Picture infomations saved to global/en-IN/history/2026/03/11_en-IN.md
[16:42:34] Start geting global Bing Wallpaper, region=pt-BR, local time is 2026-03-11 13:42:34.489681-03:00
[16:42:34] Successful get url: https://www.bing.com/th?id=OHR.PeachBloom_PT-BR7415455807_UHD.jpg
[16:42:34] Picture infomations saved to  global/pt-BR/README.md
[16:42:34] Picture infomations saved to global/pt-BR/history/2026/03/12_pt-BR.md
[16:42:34] Start geting global Bing Wallpaper, region=fr-FR, local time is 2026-03-11 17:42:34.971164+01:00
[16:42:35] Successful get url: https://www.bing.com/th?id=OHR.PeachBloom_FR-FR2231285417_UHD.jpg
[16:42:35] Picture infomations saved to  global/fr-FR/README.md
[16:42:35] Picture infomations saved to global/fr-FR/history/2026/03/11_fr-FR.md
[16:42:35] Start geting global Bing Wallpaper, region=de-DE, local time is 2026-03-11 17:42:35.272058+01:00
[16:42:35] Successful get url: https://www.bing.com/th?id=OHR.PeachBloom_DE-DE6974968795_UHD.jpg
[16:42:35] Picture infomations saved to  global/de-DE/README.md
[16:42:35] Picture infomations saved to global/de-DE/history/2026/03/11_de-DE.md
[16:42:35] Start geting global Bing Wallpaper, region=en-CA, local time is 2026-03-11 12:42:35.532515-04:00
[16:42:35] Successful get url: https://www.bing.com/th?id=OHR.PeachBloom_EN-CA5288839040_UHD.jpg
[16:42:36] Picture infomations saved to  global/en-CA/README.md
[16:42:36] Picture infomations saved to global/en-CA/history/2026/03/12_en-CA.md
[16:42:36] Start geting global Bing Wallpaper, region=en-GB, local time is 2026-03-11 16:42:36.110400+00:00
[16:42:36] Successful get url: https://www.bing.com/th?id=OHR.PeachBloom_EN-GB7084568493_UHD.jpg
[16:42:36] Picture infomations saved to  global/en-GB/README.md
[16:42:36] Picture infomations saved to global/en-GB/history/2026/03/12_en-GB.md
[16:42:36] Start geting global Bing Wallpaper, region=it-IT, local time is 2026-03-11 17:42:36.434363+01:00
[16:42:36] Successful get url: https://www.bing.com/th?id=OHR.PeachBloom_IT-IT0094086704_UHD.jpg
[16:42:36] Picture infomations saved to  global/it-IT/README.md
[16:42:36] Picture infomations saved to global/it-IT/history/2026/03/11_it-IT.md
[16:42:36] Start geting global Bing Wallpaper, region=es-ES, local time is 2026-03-11 17:42:36.715973+01:00
[16:42:36] Successful get url: https://www.bing.com/th?id=OHR.PeachBloom_ES-ES2051621542_UHD.jpg
[16:42:37] Picture infomations saved to  global/es-ES/README.md
[16:42:37] Picture infomations saved to global/es-ES/history/2026/03/11_es-ES.md
[16:42:37] Start geting global Bing Wallpaper, region=fr-CA, local time is 2026-03-11 12:42:37.009628-04:00
[16:42:37] Successful get url: https://www.bing.com/th?id=OHR.PeachBloom_FR-CA6504909284_UHD.jpg
[16:42:37] Picture infomations saved to  global/fr-CA/README.md
[16:42:37] Picture infomations saved to global/fr-CA/history/2026/03/12_fr-CA.md
Program exit at 16:42:37
