
Program started at 10:12:48
Operating System Name: Linux
Operating System Version: #17~24.04.1-Ubuntu SMP Mon Dec  1 20:10:50 UTC 2025
System Architecture: ('64bit', 'ELF')
Computer Type: x86_64
Computer Name: runnervm0kj6c
Processor Type: x86_64
Python Version: 3.12.12
Python Interpreter Name: CPython
[10:12:48] Start geting CN Bing Wallpaper
[10:12:49] Successful get url: https://www.bing.com/th?id=OHR.PandaForest_ZH-CN0545156080_UHD.jpg
[10:12:49] Image saved to img/background.jpg
[10:12:49] Info saved to README.md
[10:12:49] Image saved to history/2026/03/16.md
[10:12:49] Start geting global Bing Wallpaper, region=en-US, local time is 2026-03-16 06:12:49.255900-04:00
[10:12:49] Successful get url: https://www.bing.com/th?id=OHR.PandaForest_EN-US7436757535_UHD.jpg
[10:12:49] Picture infomations saved to  global/en-US/README.md
[10:12:49] Picture infomations saved to global/en-US/history/2026/03/17_en-US.md
[10:12:49] Start geting global Bing Wallpaper, region=ja-JP, local time is 2026-03-16 19:12:49.575327+09:00
[10:12:49] Successful get url: https://www.bing.com/th?id=OHR.PeachBloom_JA-JP7397349456_UHD.jpg
[10:12:49] Picture infomations saved to  global/ja-JP/README.md
[10:12:49] Picture infomations saved to global/ja-JP/history/2026/03/16_ja-JP.md
[10:12:49] Start geting global Bing Wallpaper, region=en-IN, local time is 2026-03-16 15:42:49.893720+05:30
[10:12:49] Successful get url: https://www.bing.com/th?id=OHR.PandaForest_EN-IN1900855233_UHD.jpg
[10:12:50] Picture infomations saved to  global/en-IN/README.md
[10:12:50] Picture infomations saved to global/en-IN/history/2026/03/16_en-IN.md
[10:12:50] Start geting global Bing Wallpaper, region=pt-BR, local time is 2026-03-16 07:12:50.198515-03:00
[10:12:50] Successful get url: https://www.bing.com/th?id=OHR.PandaForest_PT-BR1839174805_UHD.jpg
[10:12:50] Picture infomations saved to  global/pt-BR/README.md
[10:12:50] Picture infomations saved to global/pt-BR/history/2026/03/17_pt-BR.md
[10:12:50] Start geting global Bing Wallpaper, region=fr-FR, local time is 2026-03-16 11:12:50.496261+01:00
[10:12:50] Successful get url: https://www.bing.com/th?id=OHR.PandaForest_FR-FR3318025531_UHD.jpg
[10:12:50] Picture infomations saved to  global/fr-FR/README.md
[10:12:50] Picture infomations saved to global/fr-FR/history/2026/03/16_fr-FR.md
[10:12:50] Start geting global Bing Wallpaper, region=de-DE, local time is 2026-03-16 11:12:50.827191+01:00
[10:12:50] Successful get url: https://www.bing.com/th?id=OHR.PandaForest_DE-DE0631054848_UHD.jpg
[10:12:51] Picture infomations saved to  global/de-DE/README.md
[10:12:51] Picture infomations saved to global/de-DE/history/2026/03/16_de-DE.md
[10:12:51] Start geting global Bing Wallpaper, region=en-CA, local time is 2026-03-16 06:12:51.136771-04:00
[10:12:51] Successful get url: https://www.bing.com/th?id=OHR.AuroraIsland_EN-CA8332911364_UHD.jpg
[10:12:51] Picture infomations saved to  global/en-CA/README.md
[10:12:51] Picture infomations saved to global/en-CA/history/2026/03/17_en-CA.md
[10:12:51] Start geting global Bing Wallpaper, region=en-GB, local time is 2026-03-16 10:12:51.481529+00:00
[10:12:51] Successful get url: https://www.bing.com/th?id=OHR.PandaForest_EN-GB2508441209_UHD.jpg
[10:12:51] Picture infomations saved to  global/en-GB/README.md
[10:12:51] Picture infomations saved to global/en-GB/history/2026/03/17_en-GB.md
[10:12:51] Start geting global Bing Wallpaper, region=it-IT, local time is 2026-03-16 11:12:51.782555+01:00
[10:12:51] Successful get url: https://www.bing.com/th?id=OHR.PandaForest_IT-IT6604612571_UHD.jpg
[10:12:52] Picture infomations saved to  global/it-IT/README.md
[10:12:52] Picture infomations saved to global/it-IT/history/2026/03/16_it-IT.md
[10:12:52] Start geting global Bing Wallpaper, region=es-ES, local time is 2026-03-16 11:12:52.093471+01:00
[10:12:52] Successful get url: https://www.bing.com/th?id=OHR.PandaForest_ES-ES3300051788_UHD.jpg
[10:12:52] Picture infomations saved to  global/es-ES/README.md
[10:12:52] Picture infomations saved to global/es-ES/history/2026/03/16_es-ES.md
[10:12:52] Start geting global Bing Wallpaper, region=fr-CA, local time is 2026-03-16 06:12:52.382391-04:00
[10:12:52] Successful get url: https://www.bing.com/th?id=OHR.AuroraIsland_FR-CA8140041346_UHD.jpg
[10:12:52] Picture infomations saved to  global/fr-CA/README.md
[10:12:52] Picture infomations saved to global/fr-CA/history/2026/03/17_fr-CA.md
Program exit at 10:12:52
