
Program started at 10:12:14
Operating System Name: Linux
Operating System Version: #17~24.04.1-Ubuntu SMP Mon Dec  1 20:10:50 UTC 2025
System Architecture: ('64bit', 'ELF')
Computer Type: x86_64
Computer Name: runnervm46oaq
Processor Type: x86_64
Python Version: 3.12.13
Python Interpreter Name: CPython
[10:12:14] Start geting CN Bing Wallpaper
[10:12:14] Successful get url: https://www.bing.com/th?id=OHR.SonoranStorm_ZH-CN0579792563_UHD.jpg
[10:12:14] Image saved to img/background.jpg
[10:12:14] Info saved to README.md
[10:12:14] Image saved to history/2026/03/23.md
[10:12:14] Start geting global Bing Wallpaper, region=en-US, local time is 2026-03-23 06:12:14.786350-04:00
[10:12:14] Successful get url: https://www.bing.com/th?id=OHR.SonoranStorm_EN-US5792303901_UHD.jpg
[10:12:14] Picture infomations saved to  global/en-US/README.md
[10:12:14] Picture infomations saved to global/en-US/history/2026/03/24_en-US.md
[10:12:14] Start geting global Bing Wallpaper, region=ja-JP, local time is 2026-03-23 19:12:14.924150+09:00
[10:12:14] Successful get url: https://www.bing.com/th?id=OHR.SonoranStorm_JA-JP6793978883_UHD.jpg
[10:12:15] Picture infomations saved to  global/ja-JP/README.md
[10:12:15] Picture infomations saved to global/ja-JP/history/2026/03/23_ja-JP.md
[10:12:15] Start geting global Bing Wallpaper, region=en-IN, local time is 2026-03-23 15:42:15.121166+05:30
[10:12:15] Successful get url: https://www.bing.com/th?id=OHR.SonoranStorm_EN-IN3104134842_UHD.jpg
[10:12:15] Picture infomations saved to  global/en-IN/README.md
[10:12:15] Picture infomations saved to global/en-IN/history/2026/03/23_en-IN.md
[10:12:15] Start geting global Bing Wallpaper, region=pt-BR, local time is 2026-03-23 07:12:15.255039-03:00
[10:12:15] Successful get url: https://www.bing.com/th?id=OHR.SonoranStorm_PT-BR1308043729_UHD.jpg
[10:12:15] Picture infomations saved to  global/pt-BR/README.md
[10:12:15] Picture infomations saved to global/pt-BR/history/2026/03/24_pt-BR.md
[10:12:15] Start geting global Bing Wallpaper, region=fr-FR, local time is 2026-03-23 11:12:15.473802+01:00
[10:12:15] Successful get url: https://www.bing.com/th?id=OHR.SonoranStorm_FR-FR7587104975_UHD.jpg
[10:12:15] Picture infomations saved to  global/fr-FR/README.md
[10:12:15] Picture infomations saved to global/fr-FR/history/2026/03/23_fr-FR.md
[10:12:15] Start geting global Bing Wallpaper, region=de-DE, local time is 2026-03-23 11:12:15.617883+01:00
[10:12:15] Successful get url: https://www.bing.com/th?id=OHR.SonoranStorm_DE-DE8439783088_UHD.jpg
[10:12:15] Picture infomations saved to  global/de-DE/README.md
[10:12:15] Picture infomations saved to global/de-DE/history/2026/03/23_de-DE.md
[10:12:15] Start geting global Bing Wallpaper, region=en-CA, local time is 2026-03-23 06:12:15.778578-04:00
[10:12:15] Successful get url: https://www.bing.com/th?id=OHR.SonoranStorm_EN-CA1002592145_UHD.jpg
[10:12:15] Picture infomations saved to  global/en-CA/README.md
[10:12:15] Picture infomations saved to global/en-CA/history/2026/03/24_en-CA.md
[10:12:15] Start geting global Bing Wallpaper, region=en-GB, local time is 2026-03-23 10:12:15.903950+00:00
[10:12:15] Successful get url: https://www.bing.com/th?id=OHR.SonoranStorm_EN-GB4374217480_UHD.jpg
[10:12:16] Picture infomations saved to  global/en-GB/README.md
[10:12:16] Picture infomations saved to global/en-GB/history/2026/03/24_en-GB.md
[10:12:16] Start geting global Bing Wallpaper, region=it-IT, local time is 2026-03-23 11:12:16.072837+01:00
[10:12:16] Successful get url: https://www.bing.com/th?id=OHR.SonoranStorm_IT-IT4419770010_UHD.jpg
[10:12:16] Picture infomations saved to  global/it-IT/README.md
[10:12:16] Picture infomations saved to global/it-IT/history/2026/03/23_it-IT.md
[10:12:16] Start geting global Bing Wallpaper, region=es-ES, local time is 2026-03-23 11:12:16.199765+01:00
[10:12:16] Successful get url: https://www.bing.com/th?id=OHR.SonoranStorm_ES-ES8362757569_UHD.jpg
[10:12:16] Picture infomations saved to  global/es-ES/README.md
[10:12:16] Picture infomations saved to global/es-ES/history/2026/03/23_es-ES.md
[10:12:16] Start geting global Bing Wallpaper, region=fr-CA, local time is 2026-03-23 06:12:16.311697-04:00
[10:12:16] Successful get url: https://www.bing.com/th?id=OHR.SonoranStorm_FR-CA0419131868_UHD.jpg
[10:12:16] Picture infomations saved to  global/fr-CA/README.md
[10:12:16] Picture infomations saved to global/fr-CA/history/2026/03/24_fr-CA.md
Program exit at 10:12:16

Program started at 16:51:11
Operating System Name: Linux
Operating System Version: #17~24.04.1-Ubuntu SMP Mon Dec  1 20:10:50 UTC 2025
System Architecture: ('64bit', 'ELF')
Computer Type: x86_64
Computer Name: runnervm46oaq
Processor Type: x86_64
Python Version: 3.12.13
Python Interpreter Name: CPython
[16:51:11] Start geting CN Bing Wallpaper
[16:51:12] Successful get url: https://www.bing.com/th?id=OHR.WuhanCherryBlossom_ZH-CN1031985926_UHD.jpg
[16:51:12] Image saved to img/background.jpg
[16:51:12] Info saved to README.md
[16:51:12] Image saved to history/2026/03/24.md
[16:51:12] Start geting global Bing Wallpaper, region=en-US, local time is 2026-03-23 12:51:12.708852-04:00
[16:51:12] Successful get url: https://www.bing.com/th?id=OHR.SonoranStorm_EN-US5792303901_UHD.jpg
[16:51:12] Picture infomations saved to  global/en-US/README.md
[16:51:12] Picture infomations saved to global/en-US/history/2026/03/24_en-US.md
[16:51:12] Start geting global Bing Wallpaper, region=ja-JP, local time is 2026-03-24 01:51:12.981611+09:00
[16:51:13] Successful get url: https://www.bing.com/th?id=OHR.WuhanCherryBlossom_JA-JP2678725444_UHD.jpg
[16:51:13] Picture infomations saved to  global/ja-JP/README.md
[16:51:13] Picture infomations saved to global/ja-JP/history/2026/03/24_ja-JP.md
[16:51:13] Start geting global Bing Wallpaper, region=en-IN, local time is 2026-03-23 22:21:13.367230+05:30
[16:51:13] Successful get url: https://www.bing.com/th?id=OHR.SonoranStorm_EN-IN3104134842_UHD.jpg
[16:51:13] Picture infomations saved to  global/en-IN/README.md
[16:51:13] Picture infomations saved to global/en-IN/history/2026/03/23_en-IN.md
[16:51:13] Start geting global Bing Wallpaper, region=pt-BR, local time is 2026-03-23 13:51:13.629643-03:00
[16:51:13] Successful get url: https://www.bing.com/th?id=OHR.SonoranStorm_PT-BR1308043729_UHD.jpg
[16:51:14] Picture infomations saved to  global/pt-BR/README.md
[16:51:14] Picture infomations saved to global/pt-BR/history/2026/03/24_pt-BR.md
[16:51:14] Start geting global Bing Wallpaper, region=fr-FR, local time is 2026-03-23 17:51:14.067638+01:00
[16:51:14] Successful get url: https://www.bing.com/th?id=OHR.SonoranStorm_FR-FR7587104975_UHD.jpg
[16:51:14] Picture infomations saved to  global/fr-FR/README.md
[16:51:14] Picture infomations saved to global/fr-FR/history/2026/03/23_fr-FR.md
[16:51:14] Start geting global Bing Wallpaper, region=de-DE, local time is 2026-03-23 17:51:14.465465+01:00
[16:51:14] Successful get url: https://www.bing.com/th?id=OHR.SonoranStorm_DE-DE8439783088_UHD.jpg
[16:51:14] Picture infomations saved to  global/de-DE/README.md
[16:51:14] Picture infomations saved to global/de-DE/history/2026/03/23_de-DE.md
[16:51:14] Start geting global Bing Wallpaper, region=en-CA, local time is 2026-03-23 12:51:14.825262-04:00
[16:51:14] Successful get url: https://www.bing.com/th?id=OHR.SonoranStorm_EN-CA1002592145_UHD.jpg
[16:51:15] Picture infomations saved to  global/en-CA/README.md
[16:51:15] Picture infomations saved to global/en-CA/history/2026/03/24_en-CA.md
[16:51:15] Start geting global Bing Wallpaper, region=en-GB, local time is 2026-03-23 16:51:15.131953+00:00
[16:51:15] Successful get url: https://www.bing.com/th?id=OHR.SonoranStorm_EN-GB4374217480_UHD.jpg
[16:51:15] Picture infomations saved to  global/en-GB/README.md
[16:51:15] Picture infomations saved to global/en-GB/history/2026/03/24_en-GB.md
[16:51:15] Start geting global Bing Wallpaper, region=it-IT, local time is 2026-03-23 17:51:15.597425+01:00
[16:51:15] Successful get url: https://www.bing.com/th?id=OHR.SonoranStorm_IT-IT4419770010_UHD.jpg
[16:51:15] Picture infomations saved to  global/it-IT/README.md
[16:51:15] Picture infomations saved to global/it-IT/history/2026/03/23_it-IT.md
[16:51:15] Start geting global Bing Wallpaper, region=es-ES, local time is 2026-03-23 17:51:15.998653+01:00
[16:51:16] Successful get url: https://www.bing.com/th?id=OHR.SonoranStorm_ES-ES8362757569_UHD.jpg
[16:51:16] Picture infomations saved to  global/es-ES/README.md
[16:51:16] Picture infomations saved to global/es-ES/history/2026/03/23_es-ES.md
[16:51:16] Start geting global Bing Wallpaper, region=fr-CA, local time is 2026-03-23 12:51:16.276454-04:00
[16:51:16] Successful get url: https://www.bing.com/th?id=OHR.SonoranStorm_FR-CA0419131868_UHD.jpg
[16:51:16] Picture infomations saved to  global/fr-CA/README.md
[16:51:16] Picture infomations saved to global/fr-CA/history/2026/03/24_fr-CA.md
Program exit at 16:51:16
