
Program started at 09:51:54
Operating System Name: Linux
Operating System Version: #8~24.04.1-Ubuntu SMP Mon Jan 26 18:35:40 UTC 2026
System Architecture: ('64bit', 'ELF')
Computer Type: x86_64
Computer Name: runnervmrg6be
Processor Type: x86_64
Python Version: 3.12.13
Python Interpreter Name: CPython
[09:51:54] Start geting CN Bing Wallpaper
[09:51:54] Successful get url: https://www.bing.com/th?id=OHR.CapeBuffalo_ZH-CN5591123662_UHD.jpg
[09:51:54] Image saved to img/background.jpg
[09:51:54] Info saved to README.md
[09:51:54] Image saved to history/2026/03/28.md
[09:51:54] Start geting global Bing Wallpaper, region=en-US, local time is 2026-03-28 05:51:54.736281-04:00
[09:51:54] Successful get url: https://www.bing.com/th?id=OHR.CapeBuffalo_EN-US6304011521_UHD.jpg
[09:51:54] Picture infomations saved to  global/en-US/README.md
[09:51:54] Picture infomations saved to global/en-US/history/2026/03/29_en-US.md
[09:51:54] Start geting global Bing Wallpaper, region=ja-JP, local time is 2026-03-28 18:51:54.934389+09:00
[09:51:54] Successful get url: https://www.bing.com/th?id=OHR.CapeBuffalo_JA-JP4477954927_UHD.jpg
[09:51:55] Picture infomations saved to  global/ja-JP/README.md
[09:51:55] Picture infomations saved to global/ja-JP/history/2026/03/28_ja-JP.md
[09:51:55] Start geting global Bing Wallpaper, region=en-IN, local time is 2026-03-28 15:21:55.130653+05:30
[09:51:55] Successful get url: https://www.bing.com/th?id=OHR.CapeBuffalo_EN-IN4090817745_UHD.jpg
[09:51:55] Picture infomations saved to  global/en-IN/README.md
[09:51:55] Picture infomations saved to global/en-IN/history/2026/03/28_en-IN.md
[09:51:55] Start geting global Bing Wallpaper, region=pt-BR, local time is 2026-03-28 06:51:55.364240-03:00
[09:51:55] Successful get url: https://www.bing.com/th?id=OHR.CapeBuffalo_PT-BR4918930179_UHD.jpg
[09:51:55] Picture infomations saved to  global/pt-BR/README.md
[09:51:55] Picture infomations saved to global/pt-BR/history/2026/03/29_pt-BR.md
[09:51:55] Start geting global Bing Wallpaper, region=fr-FR, local time is 2026-03-28 10:51:55.585565+01:00
[09:51:55] Successful get url: https://www.bing.com/th?id=OHR.CapeBuffalo_FR-FR8303931249_UHD.jpg
[09:51:55] Picture infomations saved to  global/fr-FR/README.md
[09:51:55] Picture infomations saved to global/fr-FR/history/2026/03/28_fr-FR.md
[09:51:55] Start geting global Bing Wallpaper, region=de-DE, local time is 2026-03-28 10:51:55.797072+01:00
[09:51:55] Successful get url: https://www.bing.com/th?id=OHR.CapeBuffalo_DE-DE9916963289_UHD.jpg
[09:51:56] Picture infomations saved to  global/de-DE/README.md
[09:51:56] Picture infomations saved to global/de-DE/history/2026/03/28_de-DE.md
[09:51:56] Start geting global Bing Wallpaper, region=en-CA, local time is 2026-03-28 05:51:56.005907-04:00
[09:51:56] Successful get url: https://www.bing.com/th?id=OHR.CapeBuffalo_EN-CA3514902846_UHD.jpg
[09:51:56] Picture infomations saved to  global/en-CA/README.md
[09:51:56] Picture infomations saved to global/en-CA/history/2026/03/29_en-CA.md
[09:51:56] Start geting global Bing Wallpaper, region=en-GB, local time is 2026-03-28 09:51:56.233727+00:00
[09:51:56] Successful get url: https://www.bing.com/th?id=OHR.CapeBuffalo_EN-GB5085555398_UHD.jpg
[09:51:56] Picture infomations saved to  global/en-GB/README.md
[09:51:56] Picture infomations saved to global/en-GB/history/2026/03/29_en-GB.md
[09:51:56] Start geting global Bing Wallpaper, region=it-IT, local time is 2026-03-28 10:51:56.427444+01:00
[09:51:56] Successful get url: https://www.bing.com/th?id=OHR.CapeBuffalo_IT-IT4967996112_UHD.jpg
[09:51:56] Picture infomations saved to  global/it-IT/README.md
[09:51:56] Picture infomations saved to global/it-IT/history/2026/03/28_it-IT.md
[09:51:56] Start geting global Bing Wallpaper, region=es-ES, local time is 2026-03-28 10:51:56.631889+01:00
[09:51:56] Successful get url: https://www.bing.com/th?id=OHR.CapeBuffalo_ES-ES1313712620_UHD.jpg
[09:51:56] Picture infomations saved to  global/es-ES/README.md
[09:51:56] Picture infomations saved to global/es-ES/history/2026/03/28_es-ES.md
[09:51:56] Start geting global Bing Wallpaper, region=fr-CA, local time is 2026-03-28 05:51:56.835020-04:00
[09:51:56] Successful get url: https://www.bing.com/th?id=OHR.CapeBuffalo_FR-CA6282464559_UHD.jpg
[09:51:57] Picture infomations saved to  global/fr-CA/README.md
[09:51:57] Picture infomations saved to global/fr-CA/history/2026/03/29_fr-CA.md
Program exit at 09:51:57
