
Program started at 09:56:17
Operating System Name: Linux
Operating System Version: #17~24.04.1-Ubuntu SMP Mon Dec  1 20:10:50 UTC 2025
System Architecture: ('64bit', 'ELF')
Computer Type: x86_64
Computer Name: runnervmnay03
Processor Type: x86_64
Python Version: 3.12.12
Python Interpreter Name: CPython
[09:56:17] Start geting CN Bing Wallpaper
[09:56:17] Successful get url: https://www.bing.com/th?id=OHR.RilaCrocuses_ZH-CN3650360951_UHD.jpg
[09:56:17] Image saved to img/background.jpg
[09:56:17] Info saved to README.md
[09:56:17] Image saved to history/2026/03/04.md
[09:56:17] Start geting global Bing Wallpaper, region=en-US, local time is 2026-03-04 04:56:17.468404-05:00
[09:56:17] Successful get url: https://www.bing.com/th?id=OHR.RilaCrocuses_EN-US3179110237_UHD.jpg
[09:56:17] Picture infomations saved to  global/en-US/README.md
[09:56:17] Picture infomations saved to global/en-US/history/2026/03/05_en-US.md
[09:56:17] Start geting global Bing Wallpaper, region=ja-JP, local time is 2026-03-04 18:56:17.711777+09:00
[09:56:17] Successful get url: https://www.bing.com/th?id=OHR.RilaCrocuses_JA-JP8929761168_UHD.jpg
[09:56:17] Picture infomations saved to  global/ja-JP/README.md
[09:56:17] Picture infomations saved to global/ja-JP/history/2026/03/04_ja-JP.md
[09:56:17] Start geting global Bing Wallpaper, region=en-IN, local time is 2026-03-04 15:26:17.859082+05:30
[09:56:17] Successful get url: https://www.bing.com/th?id=OHR.RilaCrocuses_EN-IN4128659959_UHD.jpg
[09:56:18] Picture infomations saved to  global/en-IN/README.md
[09:56:18] Picture infomations saved to global/en-IN/history/2026/03/04_en-IN.md
[09:56:18] Start geting global Bing Wallpaper, region=pt-BR, local time is 2026-03-04 06:56:18.041542-03:00
[09:56:18] Successful get url: https://www.bing.com/th?id=OHR.RilaCrocuses_PT-BR8047390781_UHD.jpg
[09:56:18] Picture infomations saved to  global/pt-BR/README.md
[09:56:18] Picture infomations saved to global/pt-BR/history/2026/03/05_pt-BR.md
[09:56:18] Start geting global Bing Wallpaper, region=fr-FR, local time is 2026-03-04 10:56:18.271920+01:00
[09:56:18] Successful get url: https://www.bing.com/th?id=OHR.RilaCrocuses_FR-FR6060996205_UHD.jpg
[09:56:18] Picture infomations saved to  global/fr-FR/README.md
[09:56:18] Picture infomations saved to global/fr-FR/history/2026/03/04_fr-FR.md
[09:56:18] Start geting global Bing Wallpaper, region=de-DE, local time is 2026-03-04 10:56:18.467642+01:00
[09:56:18] Successful get url: https://www.bing.com/th?id=OHR.RilaCrocuses_DE-DE6081650633_UHD.jpg
[09:56:18] Picture infomations saved to  global/de-DE/README.md
[09:56:18] Picture infomations saved to global/de-DE/history/2026/03/04_de-DE.md
[09:56:18] Start geting global Bing Wallpaper, region=en-CA, local time is 2026-03-04 04:56:18.685850-05:00
[09:56:18] Successful get url: https://www.bing.com/th?id=OHR.RilaCrocuses_EN-CA7286747393_UHD.jpg
[09:56:18] Picture infomations saved to  global/en-CA/README.md
[09:56:18] Picture infomations saved to global/en-CA/history/2026/03/05_en-CA.md
[09:56:18] Start geting global Bing Wallpaper, region=en-GB, local time is 2026-03-04 09:56:18.863987+00:00
[09:56:18] Successful get url: https://www.bing.com/th?id=OHR.RilaCrocuses_EN-GB6687558312_UHD.jpg
[09:56:19] Picture infomations saved to  global/en-GB/README.md
[09:56:19] Picture infomations saved to global/en-GB/history/2026/03/05_en-GB.md
[09:56:19] Start geting global Bing Wallpaper, region=it-IT, local time is 2026-03-04 10:56:19.007866+01:00
[09:56:19] Successful get url: https://www.bing.com/th?id=OHR.RilaCrocuses_IT-IT4861499603_UHD.jpg
[09:56:19] Picture infomations saved to  global/it-IT/README.md
[09:56:19] Picture infomations saved to global/it-IT/history/2026/03/04_it-IT.md
[09:56:19] Start geting global Bing Wallpaper, region=es-ES, local time is 2026-03-04 10:56:19.185786+01:00
[09:56:19] Successful get url: https://www.bing.com/th?id=OHR.RilaCrocuses_ES-ES6661275101_UHD.jpg
[09:56:19] Picture infomations saved to  global/es-ES/README.md
[09:56:19] Picture infomations saved to global/es-ES/history/2026/03/04_es-ES.md
[09:56:19] Start geting global Bing Wallpaper, region=fr-CA, local time is 2026-03-04 04:56:19.355814-05:00
[09:56:19] Successful get url: https://www.bing.com/th?id=OHR.RilaCrocuses_FR-CA5380039525_UHD.jpg
[09:56:19] Picture infomations saved to  global/fr-CA/README.md
[09:56:19] Picture infomations saved to global/fr-CA/history/2026/03/05_fr-CA.md
Program exit at 09:56:19
