
Program started at 09:56:53
Operating System Name: Linux
Operating System Version: #17~24.04.1-Ubuntu SMP Mon Dec  1 20:10:50 UTC 2025
System Architecture: ('64bit', 'ELF')
Computer Type: x86_64
Computer Name: runnervm46oaq
Processor Type: x86_64
Python Version: 3.12.13
Python Interpreter Name: CPython
[09:56:53] Start geting CN Bing Wallpaper
[09:56:54] Successful get url: https://www.bing.com/th?id=OHR.SpringEquinoxY26_ZH-CN7450181382_UHD.jpg
[09:56:54] Image saved to img/background.jpg
[09:56:54] Info saved to README.md
[09:56:54] Image saved to history/2026/03/20.md
[09:56:54] Start geting global Bing Wallpaper, region=en-US, local time is 2026-03-20 05:56:54.859423-04:00
[09:56:54] Successful get url: https://www.bing.com/th?id=OHR.SpringSnowdrops_EN-US5032204696_UHD.jpg
[09:56:55] Picture infomations saved to  global/en-US/README.md
[09:56:55] Picture infomations saved to global/en-US/history/2026/03/21_en-US.md
[09:56:55] Start geting global Bing Wallpaper, region=ja-JP, local time is 2026-03-20 18:56:55.046131+09:00
[09:56:55] Successful get url: https://www.bing.com/th?id=OHR.SpringSnowdrops_JA-JP8554533353_UHD.jpg
[09:56:55] Picture infomations saved to  global/ja-JP/README.md
[09:56:55] Picture infomations saved to global/ja-JP/history/2026/03/20_ja-JP.md
[09:56:55] Start geting global Bing Wallpaper, region=en-IN, local time is 2026-03-20 15:26:55.244747+05:30
[09:56:55] Successful get url: https://www.bing.com/th?id=OHR.SpringSnowdrops_EN-IN2545319285_UHD.jpg
[09:56:55] Picture infomations saved to  global/en-IN/README.md
[09:56:55] Picture infomations saved to global/en-IN/history/2026/03/20_en-IN.md
[09:56:55] Start geting global Bing Wallpaper, region=pt-BR, local time is 2026-03-20 06:56:55.521203-03:00
[09:56:55] Successful get url: https://www.bing.com/th?id=OHR.SpringSnowdrops_PT-BR8736805900_UHD.jpg
[09:56:55] Picture infomations saved to  global/pt-BR/README.md
[09:56:55] Picture infomations saved to global/pt-BR/history/2026/03/21_pt-BR.md
[09:56:55] Start geting global Bing Wallpaper, region=fr-FR, local time is 2026-03-20 10:56:55.702897+01:00
[09:56:55] Successful get url: https://www.bing.com/th?id=OHR.FrancophonieIf_FR-FR2314499468_UHD.jpg
[09:56:55] Picture infomations saved to  global/fr-FR/README.md
[09:56:55] Picture infomations saved to global/fr-FR/history/2026/03/20_fr-FR.md
[09:56:55] Start geting global Bing Wallpaper, region=de-DE, local time is 2026-03-20 10:56:55.880497+01:00
[09:56:55] Successful get url: https://www.bing.com/th?id=OHR.SpringSnowdrops_DE-DE7059027908_UHD.jpg
[09:56:56] Picture infomations saved to  global/de-DE/README.md
[09:56:56] Picture infomations saved to global/de-DE/history/2026/03/20_de-DE.md
[09:56:56] Start geting global Bing Wallpaper, region=en-CA, local time is 2026-03-20 05:56:56.141820-04:00
[09:56:56] Successful get url: https://www.bing.com/th?id=OHR.SpringSnowdrops_EN-CA7724863293_UHD.jpg
[09:56:56] Picture infomations saved to  global/en-CA/README.md
[09:56:56] Picture infomations saved to global/en-CA/history/2026/03/21_en-CA.md
[09:56:56] Start geting global Bing Wallpaper, region=en-GB, local time is 2026-03-20 09:56:56.442091+00:00
[09:56:56] Successful get url: https://www.bing.com/th?id=OHR.SpringSnowdrops_EN-GB6031515717_UHD.jpg
[09:56:56] Picture infomations saved to  global/en-GB/README.md
[09:56:56] Picture infomations saved to global/en-GB/history/2026/03/21_en-GB.md
[09:56:56] Start geting global Bing Wallpaper, region=it-IT, local time is 2026-03-20 10:56:56.630904+01:00
[09:56:56] Successful get url: https://www.bing.com/th?id=OHR.SpringSnowdrops_IT-IT6567861717_UHD.jpg
[09:56:56] Picture infomations saved to  global/it-IT/README.md
[09:56:56] Picture infomations saved to global/it-IT/history/2026/03/20_it-IT.md
[09:56:56] Start geting global Bing Wallpaper, region=es-ES, local time is 2026-03-20 10:56:56.792817+01:00
[09:56:56] Successful get url: https://www.bing.com/th?id=OHR.Equinox_ES-ES5576771883_UHD.jpg
[09:56:56] Picture infomations saved to  global/es-ES/README.md
[09:56:56] Picture infomations saved to global/es-ES/history/2026/03/20_es-ES.md
[09:56:56] Start geting global Bing Wallpaper, region=fr-CA, local time is 2026-03-20 05:56:56.940449-04:00
[09:56:56] Successful get url: https://www.bing.com/th?id=OHR.SpringSnowdrops_FR-CA9365261906_UHD.jpg
[09:56:57] Picture infomations saved to  global/fr-CA/README.md
[09:56:57] Picture infomations saved to global/fr-CA/history/2026/03/21_fr-CA.md
Program exit at 09:56:57
