
Program started at 10:06:55
Operating System Name: Linux
Operating System Version: #17~24.04.1-Ubuntu SMP Mon Dec  1 20:10:50 UTC 2025
System Architecture: ('64bit', 'ELF')
Computer Type: x86_64
Computer Name: runnervm46oaq
Processor Type: x86_64
Python Version: 3.12.13
Python Interpreter Name: CPython
[10:06:55] Start geting CN Bing Wallpaper
[10:06:55] Successful get url: https://www.bing.com/th?id=OHR.ManateeSpring_ZH-CN5252847120_UHD.jpg
[10:06:55] Image saved to img/background.jpg
[10:06:55] Info saved to README.md
[10:06:55] Image saved to history/2026/03/25.md
[10:06:55] Start geting global Bing Wallpaper, region=en-US, local time is 2026-03-25 06:06:55.685606-04:00
[10:06:55] Successful get url: https://www.bing.com/th?id=OHR.ManateeSpring_EN-US1203685327_UHD.jpg
[10:06:56] Picture infomations saved to  global/en-US/README.md
[10:06:56] Picture infomations saved to global/en-US/history/2026/03/26_en-US.md
[10:06:56] Start geting global Bing Wallpaper, region=ja-JP, local time is 2026-03-25 19:06:56.038060+09:00
[10:06:56] Successful get url: https://www.bing.com/th?id=OHR.ManateeSpring_JA-JP3825784405_UHD.jpg
[10:06:56] Picture infomations saved to  global/ja-JP/README.md
[10:06:56] Picture infomations saved to global/ja-JP/history/2026/03/25_ja-JP.md
[10:06:56] Start geting global Bing Wallpaper, region=en-IN, local time is 2026-03-25 15:36:56.439579+05:30
[10:06:56] Successful get url: https://www.bing.com/th?id=OHR.ManateeSpring_EN-IN3602464122_UHD.jpg
[10:06:56] Picture infomations saved to  global/en-IN/README.md
[10:06:56] Picture infomations saved to global/en-IN/history/2026/03/25_en-IN.md
[10:06:56] Start geting global Bing Wallpaper, region=pt-BR, local time is 2026-03-25 07:06:56.989051-03:00
[10:06:57] Successful get url: https://www.bing.com/th?id=OHR.ManateeSpring_PT-BR2930629898_UHD.jpg
[10:06:57] Picture infomations saved to  global/pt-BR/README.md
[10:06:57] Picture infomations saved to global/pt-BR/history/2026/03/26_pt-BR.md
[10:06:57] Start geting global Bing Wallpaper, region=fr-FR, local time is 2026-03-25 11:06:57.306407+01:00
[10:06:57] Successful get url: https://www.bing.com/th?id=OHR.ManateeSpring_FR-FR8210018340_UHD.jpg
[10:06:57] Picture infomations saved to  global/fr-FR/README.md
[10:06:57] Picture infomations saved to global/fr-FR/history/2026/03/25_fr-FR.md
[10:06:57] Start geting global Bing Wallpaper, region=de-DE, local time is 2026-03-25 11:06:57.633235+01:00
[10:06:57] Successful get url: https://www.bing.com/th?id=OHR.ManateeSpring_DE-DE1785577917_UHD.jpg
[10:06:57] Picture infomations saved to  global/de-DE/README.md
[10:06:57] Picture infomations saved to global/de-DE/history/2026/03/25_de-DE.md
[10:06:57] Start geting global Bing Wallpaper, region=en-CA, local time is 2026-03-25 06:06:57.953226-04:00
[10:06:58] Successful get url: https://www.bing.com/th?id=OHR.AlbertaSnowMts_EN-CA2560376751_UHD.jpg
[10:06:58] Picture infomations saved to  global/en-CA/README.md
[10:06:58] Picture infomations saved to global/en-CA/history/2026/03/26_en-CA.md
[10:06:58] Start geting global Bing Wallpaper, region=en-GB, local time is 2026-03-25 10:06:58.323341+00:00
[10:06:58] Successful get url: https://www.bing.com/th?id=OHR.ManateeSpring_EN-GB4677992725_UHD.jpg
[10:06:58] Picture infomations saved to  global/en-GB/README.md
[10:06:58] Picture infomations saved to global/en-GB/history/2026/03/26_en-GB.md
[10:06:58] Start geting global Bing Wallpaper, region=it-IT, local time is 2026-03-25 11:06:58.655062+01:00
[10:06:58] Successful get url: https://www.bing.com/th?id=OHR.DanteDay_IT-IT4553177654_UHD.jpg
[10:06:58] Picture infomations saved to  global/it-IT/README.md
[10:06:58] Picture infomations saved to global/it-IT/history/2026/03/25_it-IT.md
[10:06:58] Start geting global Bing Wallpaper, region=es-ES, local time is 2026-03-25 11:06:58.993780+01:00
[10:06:59] Successful get url: https://www.bing.com/th?id=OHR.ManateeSpring_ES-ES0435279848_UHD.jpg
[10:06:59] Picture infomations saved to  global/es-ES/README.md
[10:06:59] Picture infomations saved to global/es-ES/history/2026/03/25_es-ES.md
[10:06:59] Start geting global Bing Wallpaper, region=fr-CA, local time is 2026-03-25 06:06:59.323082-04:00
[10:07:00] Successful get url: https://www.bing.com/th?id=OHR.AlbertaSnowMts_FR-CA5655798971_UHD.jpg
[10:07:00] Picture infomations saved to  global/fr-CA/README.md
[10:07:00] Picture infomations saved to global/fr-CA/history/2026/03/26_fr-CA.md
Program exit at 10:07:00
