
Program started at 10:04:38
Operating System Name: Linux
Operating System Version: #8~24.04.1-Ubuntu SMP Mon Jan 26 18:35:40 UTC 2026
System Architecture: ('64bit', 'ELF')
Computer Type: x86_64
Computer Name: runnervmrg6be
Processor Type: x86_64
Python Version: 3.12.13
Python Interpreter Name: CPython
[10:04:38] Start geting CN Bing Wallpaper
[10:04:38] Successful get url: https://www.bing.com/th?id=OHR.RadioCityHall_ZH-CN5492649461_UHD.jpg
[10:04:38] Image saved to img/background.jpg
[10:04:38] Info saved to README.md
[10:04:38] Image saved to history/2026/03/27.md
[10:04:38] Start geting global Bing Wallpaper, region=en-US, local time is 2026-03-27 06:04:38.541713-04:00
[10:04:38] Successful get url: https://www.bing.com/th?id=OHR.RadioCityHall_EN-US6218301556_UHD.jpg
[10:04:38] Picture infomations saved to  global/en-US/README.md
[10:04:38] Picture infomations saved to global/en-US/history/2026/03/28_en-US.md
[10:04:38] Start geting global Bing Wallpaper, region=ja-JP, local time is 2026-03-27 19:04:38.734910+09:00
[10:04:38] Successful get url: https://www.bing.com/th?id=OHR.SakuraDay2026_JA-JP6970025028_UHD.jpg
[10:04:38] Picture infomations saved to  global/ja-JP/README.md
[10:04:38] Picture infomations saved to global/ja-JP/history/2026/03/27_ja-JP.md
[10:04:38] Start geting global Bing Wallpaper, region=en-IN, local time is 2026-03-27 15:34:38.877107+05:30
[10:04:38] Successful get url: https://www.bing.com/th?id=OHR.RadioCityHall_EN-IN3942844565_UHD.jpg
[10:04:39] Picture infomations saved to  global/en-IN/README.md
[10:04:39] Picture infomations saved to global/en-IN/history/2026/03/27_en-IN.md
[10:04:39] Start geting global Bing Wallpaper, region=pt-BR, local time is 2026-03-27 07:04:39.028905-03:00
[10:04:39] Successful get url: https://www.bing.com/th?id=OHR.RadioCityHall_PT-BR3869502799_UHD.jpg
[10:04:39] Picture infomations saved to  global/pt-BR/README.md
[10:04:39] Picture infomations saved to global/pt-BR/history/2026/03/28_pt-BR.md
[10:04:39] Start geting global Bing Wallpaper, region=fr-FR, local time is 2026-03-27 11:04:39.149161+01:00
[10:04:39] Successful get url: https://www.bing.com/th?id=OHR.RadioCityHall_FR-FR8679509496_UHD.jpg
[10:04:39] Picture infomations saved to  global/fr-FR/README.md
[10:04:39] Picture infomations saved to global/fr-FR/history/2026/03/27_fr-FR.md
[10:04:39] Start geting global Bing Wallpaper, region=de-DE, local time is 2026-03-27 11:04:39.291480+01:00
[10:04:39] Successful get url: https://www.bing.com/th?id=OHR.RadioCityHall_DE-DE9579600716_UHD.jpg
[10:04:39] Picture infomations saved to  global/de-DE/README.md
[10:04:39] Picture infomations saved to global/de-DE/history/2026/03/27_de-DE.md
[10:04:39] Start geting global Bing Wallpaper, region=en-CA, local time is 2026-03-27 06:04:39.416091-04:00
[10:04:39] Successful get url: https://www.bing.com/th?id=OHR.RadioCityHall_EN-CA3187360492_UHD.jpg
[10:04:39] Picture infomations saved to  global/en-CA/README.md
[10:04:39] Picture infomations saved to global/en-CA/history/2026/03/28_en-CA.md
[10:04:39] Start geting global Bing Wallpaper, region=en-GB, local time is 2026-03-27 10:04:39.547989+00:00
[10:04:39] Successful get url: https://www.bing.com/th?id=OHR.RadioCityHall_EN-GB4964203098_UHD.jpg
[10:04:39] Picture infomations saved to  global/en-GB/README.md
[10:04:39] Picture infomations saved to global/en-GB/history/2026/03/28_en-GB.md
[10:04:39] Start geting global Bing Wallpaper, region=it-IT, local time is 2026-03-27 11:04:39.676045+01:00
[10:04:39] Successful get url: https://www.bing.com/th?id=OHR.RadioCityHall_IT-IT8882732527_UHD.jpg
[10:04:39] Picture infomations saved to  global/it-IT/README.md
[10:04:39] Picture infomations saved to global/it-IT/history/2026/03/27_it-IT.md
[10:04:39] Start geting global Bing Wallpaper, region=es-ES, local time is 2026-03-27 11:04:39.804002+01:00
[10:04:39] Successful get url: https://www.bing.com/th?id=OHR.RadioCityHall_ES-ES3762716953_UHD.jpg
[10:04:39] Picture infomations saved to  global/es-ES/README.md
[10:04:39] Picture infomations saved to global/es-ES/history/2026/03/27_es-ES.md
[10:04:39] Start geting global Bing Wallpaper, region=fr-CA, local time is 2026-03-27 06:04:39.978056-04:00
[10:04:40] Successful get url: https://www.bing.com/th?id=OHR.RadioCityHall_FR-CA9939370830_UHD.jpg
[10:04:40] Picture infomations saved to  global/fr-CA/README.md
[10:04:40] Picture infomations saved to global/fr-CA/history/2026/03/28_fr-CA.md
Program exit at 10:04:40

Program started at 16:45:29
Operating System Name: Linux
Operating System Version: #8~24.04.1-Ubuntu SMP Mon Jan 26 18:35:40 UTC 2026
System Architecture: ('64bit', 'ELF')
Computer Type: x86_64
Computer Name: runnervmrg6be
Processor Type: x86_64
Python Version: 3.12.13
Python Interpreter Name: CPython
[16:45:29] Start geting CN Bing Wallpaper
[16:45:29] Successful get url: https://www.bing.com/th?id=OHR.CapeBuffalo_ZH-CN5591123662_UHD.jpg
[16:45:29] Image saved to img/background.jpg
[16:45:29] Info saved to README.md
[16:45:29] Image saved to history/2026/03/28.md
[16:45:29] Start geting global Bing Wallpaper, region=en-US, local time is 2026-03-27 12:45:29.815852-04:00
[16:45:29] Successful get url: https://www.bing.com/th?id=OHR.RadioCityHall_EN-US6218301556_UHD.jpg
[16:45:30] Picture infomations saved to  global/en-US/README.md
[16:45:30] Picture infomations saved to global/en-US/history/2026/03/28_en-US.md
[16:45:30] Start geting global Bing Wallpaper, region=ja-JP, local time is 2026-03-28 01:45:30.130116+09:00
[16:45:30] Successful get url: https://www.bing.com/th?id=OHR.CapeBuffalo_JA-JP4477954927_UHD.jpg
[16:45:30] Picture infomations saved to  global/ja-JP/README.md
[16:45:30] Picture infomations saved to global/ja-JP/history/2026/03/28_ja-JP.md
[16:45:30] Start geting global Bing Wallpaper, region=en-IN, local time is 2026-03-27 22:15:30.473086+05:30
[16:45:30] Successful get url: https://www.bing.com/th?id=OHR.RadioCityHall_EN-IN3942844565_UHD.jpg
[16:45:31] Picture infomations saved to  global/en-IN/README.md
[16:45:31] Picture infomations saved to global/en-IN/history/2026/03/27_en-IN.md
[16:45:31] Start geting global Bing Wallpaper, region=pt-BR, local time is 2026-03-27 13:45:31.045960-03:00
[16:45:31] Successful get url: https://www.bing.com/th?id=OHR.RadioCityHall_PT-BR3869502799_UHD.jpg
[16:45:31] Picture infomations saved to  global/pt-BR/README.md
[16:45:31] Picture infomations saved to global/pt-BR/history/2026/03/28_pt-BR.md
[16:45:31] Start geting global Bing Wallpaper, region=fr-FR, local time is 2026-03-27 17:45:31.386562+01:00
[16:45:31] Successful get url: https://www.bing.com/th?id=OHR.RadioCityHall_FR-FR8679509496_UHD.jpg
[16:45:31] Picture infomations saved to  global/fr-FR/README.md
[16:45:31] Picture infomations saved to global/fr-FR/history/2026/03/27_fr-FR.md
[16:45:31] Start geting global Bing Wallpaper, region=de-DE, local time is 2026-03-27 17:45:31.783267+01:00
[16:45:31] Successful get url: https://www.bing.com/th?id=OHR.RadioCityHall_DE-DE9579600716_UHD.jpg
[16:45:32] Picture infomations saved to  global/de-DE/README.md
[16:45:32] Picture infomations saved to global/de-DE/history/2026/03/27_de-DE.md
[16:45:32] Start geting global Bing Wallpaper, region=en-CA, local time is 2026-03-27 12:45:32.198585-04:00
[16:45:32] Successful get url: https://www.bing.com/th?id=OHR.RadioCityHall_EN-CA3187360492_UHD.jpg
[16:45:32] Picture infomations saved to  global/en-CA/README.md
[16:45:32] Picture infomations saved to global/en-CA/history/2026/03/28_en-CA.md
[16:45:32] Start geting global Bing Wallpaper, region=en-GB, local time is 2026-03-27 16:45:32.635485+00:00
[16:45:32] Successful get url: https://www.bing.com/th?id=OHR.RadioCityHall_EN-GB4964203098_UHD.jpg
[16:45:32] Picture infomations saved to  global/en-GB/README.md
[16:45:32] Picture infomations saved to global/en-GB/history/2026/03/28_en-GB.md
[16:45:32] Start geting global Bing Wallpaper, region=it-IT, local time is 2026-03-27 17:45:32.986537+01:00
[16:45:33] Successful get url: https://www.bing.com/th?id=OHR.RadioCityHall_IT-IT8882732527_UHD.jpg
[16:45:33] Picture infomations saved to  global/it-IT/README.md
[16:45:33] Picture infomations saved to global/it-IT/history/2026/03/27_it-IT.md
[16:45:33] Start geting global Bing Wallpaper, region=es-ES, local time is 2026-03-27 17:45:33.433152+01:00
[16:45:33] Successful get url: https://www.bing.com/th?id=OHR.RadioCityHall_ES-ES3762716953_UHD.jpg
[16:45:33] Picture infomations saved to  global/es-ES/README.md
[16:45:33] Picture infomations saved to global/es-ES/history/2026/03/27_es-ES.md
[16:45:33] Start geting global Bing Wallpaper, region=fr-CA, local time is 2026-03-27 12:45:33.782757-04:00
[16:45:33] Successful get url: https://www.bing.com/th?id=OHR.RadioCityHall_FR-CA9939370830_UHD.jpg
[16:45:34] Picture infomations saved to  global/fr-CA/README.md
[16:45:34] Picture infomations saved to global/fr-CA/history/2026/03/28_fr-CA.md
Program exit at 16:45:34
