
Program started at 09:46:13
Operating System Name: Linux
Operating System Version: #17~24.04.1-Ubuntu SMP Mon Dec  1 20:10:50 UTC 2025
System Architecture: ('64bit', 'ELF')
Computer Type: x86_64
Computer Name: runnervm46oaq
Processor Type: x86_64
Python Version: 3.12.13
Python Interpreter Name: CPython
[09:46:13] Start geting CN Bing Wallpaper
[09:46:13] Successful get url: https://www.bing.com/th?id=OHR.TanganyikaWater_ZH-CN4884850067_UHD.jpg
[09:46:13] Image saved to img/background.jpg
[09:46:13] Info saved to README.md
[09:46:13] Image saved to history/2026/03/22.md
[09:46:13] Start geting global Bing Wallpaper, region=en-US, local time is 2026-03-22 05:46:13.374746-04:00
[09:46:13] Successful get url: https://www.bing.com/th?id=OHR.TanganyikaWater_EN-US5685685365_UHD.jpg
[09:46:13] Picture infomations saved to  global/en-US/README.md
[09:46:13] Picture infomations saved to global/en-US/history/2026/03/23_en-US.md
[09:46:13] Start geting global Bing Wallpaper, region=ja-JP, local time is 2026-03-22 18:46:13.505077+09:00
[09:46:13] Successful get url: https://www.bing.com/th?id=OHR.TanganyikaWater_JA-JP1905215650_UHD.jpg
[09:46:13] Picture infomations saved to  global/ja-JP/README.md
[09:46:13] Picture infomations saved to global/ja-JP/history/2026/03/22_ja-JP.md
[09:46:13] Start geting global Bing Wallpaper, region=en-IN, local time is 2026-03-22 15:16:13.643732+05:30
[09:46:13] Successful get url: https://www.bing.com/th?id=OHR.TanganyikaWater_EN-IN2909463759_UHD.jpg
[09:46:13] Picture infomations saved to  global/en-IN/README.md
[09:46:13] Picture infomations saved to global/en-IN/history/2026/03/22_en-IN.md
[09:46:13] Start geting global Bing Wallpaper, region=pt-BR, local time is 2026-03-22 06:46:13.786046-03:00
[09:46:13] Successful get url: https://www.bing.com/th?id=OHR.TanganyikaWater_PT-BR0806966127_UHD.jpg
[09:46:13] Picture infomations saved to  global/pt-BR/README.md
[09:46:13] Picture infomations saved to global/pt-BR/history/2026/03/23_pt-BR.md
[09:46:13] Start geting global Bing Wallpaper, region=fr-FR, local time is 2026-03-22 10:46:13.932954+01:00
[09:46:14] Successful get url: https://www.bing.com/th?id=OHR.TanganyikaWater_FR-FR4249922863_UHD.jpg
[09:46:14] Picture infomations saved to  global/fr-FR/README.md
[09:46:14] Picture infomations saved to global/fr-FR/history/2026/03/22_fr-FR.md
[09:46:14] Start geting global Bing Wallpaper, region=de-DE, local time is 2026-03-22 10:46:14.054900+01:00
[09:46:14] Successful get url: https://www.bing.com/th?id=OHR.TanganyikaWater_DE-DE8174589395_UHD.jpg
[09:46:14] Picture infomations saved to  global/de-DE/README.md
[09:46:14] Picture infomations saved to global/de-DE/history/2026/03/22_de-DE.md
[09:46:14] Start geting global Bing Wallpaper, region=en-CA, local time is 2026-03-22 05:46:14.199006-04:00
[09:46:14] Successful get url: https://www.bing.com/th?id=OHR.TanganyikaWater_EN-CA7392363187_UHD.jpg
[09:46:14] Picture infomations saved to  global/en-CA/README.md
[09:46:14] Picture infomations saved to global/en-CA/history/2026/03/23_en-CA.md
[09:46:14] Start geting global Bing Wallpaper, region=en-GB, local time is 2026-03-22 09:46:14.321260+00:00
[09:46:14] Successful get url: https://www.bing.com/th?id=OHR.TanganyikaWater_EN-GB4227251929_UHD.jpg
[09:46:14] Picture infomations saved to  global/en-GB/README.md
[09:46:14] Picture infomations saved to global/en-GB/history/2026/03/23_en-GB.md
[09:46:14] Start geting global Bing Wallpaper, region=it-IT, local time is 2026-03-22 10:46:14.454067+01:00
[09:46:14] Successful get url: https://www.bing.com/th?id=OHR.TanganyikaWater_IT-IT3818481809_UHD.jpg
[09:46:14] Picture infomations saved to  global/it-IT/README.md
[09:46:14] Picture infomations saved to global/it-IT/history/2026/03/22_it-IT.md
[09:46:14] Start geting global Bing Wallpaper, region=es-ES, local time is 2026-03-22 10:46:14.582244+01:00
[09:46:14] Successful get url: https://www.bing.com/th?id=OHR.TanganyikaWater_ES-ES6407504319_UHD.jpg
[09:46:14] Picture infomations saved to  global/es-ES/README.md
[09:46:14] Picture infomations saved to global/es-ES/history/2026/03/22_es-ES.md
[09:46:14] Start geting global Bing Wallpaper, region=fr-CA, local time is 2026-03-22 05:46:14.710067-04:00
[09:46:14] Successful get url: https://www.bing.com/th?id=OHR.TanganyikaWater_FR-CA9720300127_UHD.jpg
[09:46:14] Picture infomations saved to  global/fr-CA/README.md
[09:46:14] Picture infomations saved to global/fr-CA/history/2026/03/23_fr-CA.md
Program exit at 09:46:14
