
Program started at 09:58:43
Operating System Name: Linux
Operating System Version: #17~24.04.1-Ubuntu SMP Mon Dec  1 20:10:50 UTC 2025
System Architecture: ('64bit', 'ELF')
Computer Type: x86_64
Computer Name: runnervm0kj6c
Processor Type: x86_64
Python Version: 3.12.12
Python Interpreter Name: CPython
[09:58:43] Start geting CN Bing Wallpaper
[09:58:44] Successful get url: https://www.bing.com/th?id=OHR.SpringIceland_ZH-CN9545282898_UHD.jpg
[09:58:44] Image saved to img/background.jpg
[09:58:44] Info saved to README.md
[09:58:44] Image saved to history/2026/03/10.md
[09:58:44] Start geting global Bing Wallpaper, region=en-US, local time is 2026-03-10 05:58:44.093710-04:00
[09:58:44] Successful get url: https://www.bing.com/th?id=OHR.SpringIceland_EN-US6846318257_UHD.jpg
[09:58:44] Picture infomations saved to  global/en-US/README.md
[09:58:44] Picture infomations saved to global/en-US/history/2026/03/11_en-US.md
[09:58:44] Start geting global Bing Wallpaper, region=ja-JP, local time is 2026-03-10 18:58:44.284595+09:00
[09:58:44] Successful get url: https://www.bing.com/th?id=OHR.SpringIceland_JA-JP4910368485_UHD.jpg
[09:58:44] Picture infomations saved to  global/ja-JP/README.md
[09:58:44] Picture infomations saved to global/ja-JP/history/2026/03/10_ja-JP.md
[09:58:44] Start geting global Bing Wallpaper, region=en-IN, local time is 2026-03-10 15:28:44.403634+05:30
[09:58:44] Successful get url: https://www.bing.com/th?id=OHR.SpringIceland_EN-IN2248255262_UHD.jpg
[09:58:44] Picture infomations saved to  global/en-IN/README.md
[09:58:44] Picture infomations saved to global/en-IN/history/2026/03/10_en-IN.md
[09:58:44] Start geting global Bing Wallpaper, region=pt-BR, local time is 2026-03-10 06:58:44.524263-03:00
[09:58:44] Successful get url: https://www.bing.com/th?id=OHR.SpringIceland_PT-BR6780313478_UHD.jpg
[09:58:44] Picture infomations saved to  global/pt-BR/README.md
[09:58:44] Picture infomations saved to global/pt-BR/history/2026/03/11_pt-BR.md
[09:58:44] Start geting global Bing Wallpaper, region=fr-FR, local time is 2026-03-10 10:58:44.651848+01:00
[09:58:44] Successful get url: https://www.bing.com/th?id=OHR.SpringIceland_FR-FR7491549781_UHD.jpg
[09:58:44] Picture infomations saved to  global/fr-FR/README.md
[09:58:44] Picture infomations saved to global/fr-FR/history/2026/03/10_fr-FR.md
[09:58:44] Start geting global Bing Wallpaper, region=de-DE, local time is 2026-03-10 10:58:44.774936+01:00
[09:58:44] Successful get url: https://www.bing.com/th?id=OHR.SpringIceland_DE-DE6750493768_UHD.jpg
[09:58:44] Picture infomations saved to  global/de-DE/README.md
[09:58:44] Picture infomations saved to global/de-DE/history/2026/03/10_de-DE.md
[09:58:44] Start geting global Bing Wallpaper, region=en-CA, local time is 2026-03-10 05:58:44.957280-04:00
[09:58:45] Successful get url: https://www.bing.com/th?id=OHR.SpringIceland_EN-CA4746064568_UHD.jpg
[09:58:45] Picture infomations saved to  global/en-CA/README.md
[09:58:45] Picture infomations saved to global/en-CA/history/2026/03/11_en-CA.md
[09:58:45] Start geting global Bing Wallpaper, region=en-GB, local time is 2026-03-10 09:58:45.087617+00:00
[09:58:45] Successful get url: https://www.bing.com/th?id=OHR.SpringIceland_EN-GB6911172002_UHD.jpg
[09:58:45] Picture infomations saved to  global/en-GB/README.md
[09:58:45] Picture infomations saved to global/en-GB/history/2026/03/11_en-GB.md
[09:58:45] Start geting global Bing Wallpaper, region=it-IT, local time is 2026-03-10 10:58:45.213062+01:00
[09:58:45] Successful get url: https://www.bing.com/th?id=OHR.SpringIceland_IT-IT6322735073_UHD.jpg
[09:58:45] Picture infomations saved to  global/it-IT/README.md
[09:58:45] Picture infomations saved to global/it-IT/history/2026/03/10_it-IT.md
[09:58:45] Start geting global Bing Wallpaper, region=es-ES, local time is 2026-03-10 10:58:45.356456+01:00
[09:58:45] Successful get url: https://www.bing.com/th?id=OHR.Zumaia_ES-ES4174062610_UHD.jpg
[09:58:45] Picture infomations saved to  global/es-ES/README.md
[09:58:45] Picture infomations saved to global/es-ES/history/2026/03/10_es-ES.md
[09:58:45] Start geting global Bing Wallpaper, region=fr-CA, local time is 2026-03-10 05:58:45.514877-04:00
[09:58:45] Successful get url: https://www.bing.com/th?id=OHR.SpringIceland_FR-CA6243669045_UHD.jpg
[09:58:45] Picture infomations saved to  global/fr-CA/README.md
[09:58:45] Picture infomations saved to global/fr-CA/history/2026/03/11_fr-CA.md
Program exit at 09:58:45
