
Program started at 09:59:44
Operating System Name: Linux
Operating System Version: #17~24.04.1-Ubuntu SMP Mon Dec  1 20:10:50 UTC 2025
System Architecture: ('64bit', 'ELF')
Computer Type: x86_64
Computer Name: runnervm0kj6c
Processor Type: x86_64
Python Version: 3.12.12
Python Interpreter Name: CPython
[09:59:44] Start geting CN Bing Wallpaper
[09:59:44] Successful get url: https://www.bing.com/th?id=OHR.GoremeTwilight_ZH-CN3731931947_UHD.jpg
[09:59:45] Image saved to img/background.jpg
[09:59:45] Info saved to README.md
[09:59:45] Image saved to history/2026/03/05.md
[09:59:45] Start geting global Bing Wallpaper, region=en-US, local time is 2026-03-05 04:59:45.008237-05:00
[09:59:45] Successful get url: https://www.bing.com/th?id=OHR.GoremeTwilight_EN-US3224835148_UHD.jpg
[09:59:45] Picture infomations saved to  global/en-US/README.md
[09:59:45] Picture infomations saved to global/en-US/history/2026/03/06_en-US.md
[09:59:45] Start geting global Bing Wallpaper, region=ja-JP, local time is 2026-03-05 18:59:45.140968+09:00
[09:59:45] Successful get url: https://www.bing.com/th?id=OHR.GoremeTwilight_JA-JP8961447363_UHD.jpg
[09:59:45] Picture infomations saved to  global/ja-JP/README.md
[09:59:45] Picture infomations saved to global/ja-JP/history/2026/03/05_ja-JP.md
[09:59:45] Start geting global Bing Wallpaper, region=en-IN, local time is 2026-03-05 15:29:45.264816+05:30
[09:59:45] Successful get url: https://www.bing.com/th?id=OHR.GoremeTwilight_EN-IN4959585189_UHD.jpg
[09:59:45] Picture infomations saved to  global/en-IN/README.md
[09:59:45] Picture infomations saved to global/en-IN/history/2026/03/05_en-IN.md
[09:59:45] Start geting global Bing Wallpaper, region=pt-BR, local time is 2026-03-05 06:59:45.386501-03:00
[09:59:45] Successful get url: https://www.bing.com/th?id=OHR.GoremeTwilight_PT-BR7913040689_UHD.jpg
[09:59:45] Picture infomations saved to  global/pt-BR/README.md
[09:59:45] Picture infomations saved to global/pt-BR/history/2026/03/06_pt-BR.md
[09:59:45] Start geting global Bing Wallpaper, region=fr-FR, local time is 2026-03-05 10:59:45.508891+01:00
[09:59:45] Successful get url: https://www.bing.com/th?id=OHR.GoremeTwilight_FR-FR6446660486_UHD.jpg
[09:59:45] Picture infomations saved to  global/fr-FR/README.md
[09:59:45] Picture infomations saved to global/fr-FR/history/2026/03/05_fr-FR.md
[09:59:45] Start geting global Bing Wallpaper, region=de-DE, local time is 2026-03-05 10:59:45.618571+01:00
[09:59:45] Successful get url: https://www.bing.com/th?id=OHR.GoremeTwilight_DE-DE6248447800_UHD.jpg
[09:59:45] Picture infomations saved to  global/de-DE/README.md
[09:59:45] Picture infomations saved to global/de-DE/history/2026/03/05_de-DE.md
[09:59:45] Start geting global Bing Wallpaper, region=en-CA, local time is 2026-03-05 04:59:45.736691-05:00
[09:59:45] Successful get url: https://www.bing.com/th?id=OHR.GoremeTwilight_EN-CA8343514373_UHD.jpg
[09:59:45] Picture infomations saved to  global/en-CA/README.md
[09:59:45] Picture infomations saved to global/en-CA/history/2026/03/06_en-CA.md
[09:59:45] Start geting global Bing Wallpaper, region=en-GB, local time is 2026-03-05 09:59:45.845278+00:00
[09:59:45] Successful get url: https://www.bing.com/th?id=OHR.GoremeTwilight_EN-GB6866115691_UHD.jpg
[09:59:45] Picture infomations saved to  global/en-GB/README.md
[09:59:45] Picture infomations saved to global/en-GB/history/2026/03/06_en-GB.md
[09:59:45] Start geting global Bing Wallpaper, region=it-IT, local time is 2026-03-05 10:59:45.955046+01:00
[09:59:45] Successful get url: https://www.bing.com/th?id=OHR.GoremeTwilight_IT-IT4720927286_UHD.jpg
[09:59:46] Picture infomations saved to  global/it-IT/README.md
[09:59:46] Picture infomations saved to global/it-IT/history/2026/03/05_it-IT.md
[09:59:46] Start geting global Bing Wallpaper, region=es-ES, local time is 2026-03-05 10:59:46.063865+01:00
[09:59:46] Successful get url: https://www.bing.com/th?id=OHR.GoremeTwilight_ES-ES6859912248_UHD.jpg
[09:59:46] Picture infomations saved to  global/es-ES/README.md
[09:59:46] Picture infomations saved to global/es-ES/history/2026/03/05_es-ES.md
[09:59:46] Start geting global Bing Wallpaper, region=fr-CA, local time is 2026-03-05 04:59:46.183560-05:00
[09:59:46] Successful get url: https://www.bing.com/th?id=OHR.GoremeTwilight_FR-CA5793400182_UHD.jpg
[09:59:46] Picture infomations saved to  global/fr-CA/README.md
[09:59:46] Picture infomations saved to global/fr-CA/history/2026/03/06_fr-CA.md
Program exit at 09:59:46
