
Program started at 10:04:31
Operating System Name: Linux
Operating System Version: #17~24.04.1-Ubuntu SMP Mon Dec  1 20:10:50 UTC 2025
System Architecture: ('64bit', 'ELF')
Computer Type: x86_64
Computer Name: runnervm0kj6c
Processor Type: x86_64
Python Version: 3.12.12
Python Interpreter Name: CPython
[10:04:31] Start geting CN Bing Wallpaper
[10:04:31] Successful get url: https://www.bing.com/th?id=OHR.NappingSeal_ZH-CN9424683964_UHD.jpg
[10:04:31] Image saved to img/background.jpg
[10:04:31] Info saved to README.md
[10:04:31] Image saved to history/2026/03/09.md
[10:04:31] Start geting global Bing Wallpaper, region=en-US, local time is 2026-03-09 06:04:31.943569-04:00
[10:04:31] Successful get url: https://www.bing.com/th?id=OHR.NappingSeal_EN-US6764325041_UHD.jpg
[10:04:32] Picture infomations saved to  global/en-US/README.md
[10:04:32] Picture infomations saved to global/en-US/history/2026/03/10_en-US.md
[10:04:32] Start geting global Bing Wallpaper, region=ja-JP, local time is 2026-03-09 19:04:32.077417+09:00
[10:04:32] Successful get url: https://www.bing.com/th?id=OHR.NappingSeal_JA-JP4638317955_UHD.jpg
[10:04:32] Picture infomations saved to  global/ja-JP/README.md
[10:04:32] Picture infomations saved to global/ja-JP/history/2026/03/09_ja-JP.md
[10:04:32] Start geting global Bing Wallpaper, region=en-IN, local time is 2026-03-09 15:34:32.196087+05:30
[10:04:32] Successful get url: https://www.bing.com/th?id=OHR.NappingSeal_EN-IN2066436514_UHD.jpg
[10:04:32] Picture infomations saved to  global/en-IN/README.md
[10:04:32] Picture infomations saved to global/en-IN/history/2026/03/09_en-IN.md
[10:04:32] Start geting global Bing Wallpaper, region=pt-BR, local time is 2026-03-09 07:04:32.307749-03:00
[10:04:32] Successful get url: https://www.bing.com/th?id=OHR.NappingSeal_PT-BR6613486097_UHD.jpg
[10:04:32] Picture infomations saved to  global/pt-BR/README.md
[10:04:32] Picture infomations saved to global/pt-BR/history/2026/03/10_pt-BR.md
[10:04:32] Start geting global Bing Wallpaper, region=fr-FR, local time is 2026-03-09 11:04:32.432081+01:00
[10:04:32] Successful get url: https://www.bing.com/th?id=OHR.NappingSeal_FR-FR1712539976_UHD.jpg
[10:04:32] Picture infomations saved to  global/fr-FR/README.md
[10:04:32] Picture infomations saved to global/fr-FR/history/2026/03/09_fr-FR.md
[10:04:32] Start geting global Bing Wallpaper, region=de-DE, local time is 2026-03-09 11:04:32.544564+01:00
[10:04:32] Successful get url: https://www.bing.com/th?id=OHR.NappingSeal_DE-DE4413060426_UHD.jpg
[10:04:32] Picture infomations saved to  global/de-DE/README.md
[10:04:32] Picture infomations saved to global/de-DE/history/2026/03/09_de-DE.md
[10:04:32] Start geting global Bing Wallpaper, region=en-CA, local time is 2026-03-09 06:04:32.660654-04:00
[10:04:32] Successful get url: https://www.bing.com/th?id=OHR.NappingSeal_EN-CA7649170923_UHD.jpg
[10:04:32] Picture infomations saved to  global/en-CA/README.md
[10:04:32] Picture infomations saved to global/en-CA/history/2026/03/10_en-CA.md
[10:04:32] Start geting global Bing Wallpaper, region=en-GB, local time is 2026-03-09 10:04:32.773562+00:00
[10:04:32] Successful get url: https://www.bing.com/th?id=OHR.NappingSeal_EN-GB6694764610_UHD.jpg
[10:04:32] Picture infomations saved to  global/en-GB/README.md
[10:04:32] Picture infomations saved to global/en-GB/history/2026/03/10_en-GB.md
[10:04:32] Start geting global Bing Wallpaper, region=it-IT, local time is 2026-03-09 11:04:32.891459+01:00
[10:04:32] Successful get url: https://www.bing.com/th?id=OHR.NappingSeal_IT-IT6211764298_UHD.jpg
[10:04:33] Picture infomations saved to  global/it-IT/README.md
[10:04:33] Picture infomations saved to global/it-IT/history/2026/03/09_it-IT.md
[10:04:33] Start geting global Bing Wallpaper, region=es-ES, local time is 2026-03-09 11:04:33.016769+01:00
[10:04:33] Successful get url: https://www.bing.com/th?id=OHR.NappingSeal_ES-ES1870560603_UHD.jpg
[10:04:33] Picture infomations saved to  global/es-ES/README.md
[10:04:33] Picture infomations saved to global/es-ES/history/2026/03/09_es-ES.md
[10:04:33] Start geting global Bing Wallpaper, region=fr-CA, local time is 2026-03-09 06:04:33.127423-04:00
[10:04:33] Successful get url: https://www.bing.com/th?id=OHR.NappingSeal_FR-CA6094353659_UHD.jpg
[10:04:33] Picture infomations saved to  global/fr-CA/README.md
[10:04:33] Picture infomations saved to global/fr-CA/history/2026/03/10_fr-CA.md
Program exit at 10:04:33

Program started at 16:50:56
Operating System Name: Linux
Operating System Version: #17~24.04.1-Ubuntu SMP Mon Dec  1 20:10:50 UTC 2025
System Architecture: ('64bit', 'ELF')
Computer Type: x86_64
Computer Name: runnervm0kj6c
Processor Type: x86_64
Python Version: 3.12.12
Python Interpreter Name: CPython
[16:50:56] Start geting CN Bing Wallpaper
[16:50:56] Successful get url: https://www.bing.com/th?id=OHR.SpringIceland_ZH-CN9545282898_UHD.jpg
[16:50:56] Image saved to img/background.jpg
[16:50:56] Info saved to README.md
[16:50:56] Image saved to history/2026/03/10.md
[16:50:56] Start geting global Bing Wallpaper, region=en-US, local time is 2026-03-09 12:50:56.713888-04:00
[16:50:56] Successful get url: https://www.bing.com/th?id=OHR.NappingSeal_EN-US6764325041_UHD.jpg
[16:50:56] Picture infomations saved to  global/en-US/README.md
[16:50:56] Picture infomations saved to global/en-US/history/2026/03/10_en-US.md
[16:50:56] Start geting global Bing Wallpaper, region=ja-JP, local time is 2026-03-10 01:50:56.863884+09:00
[16:50:56] Successful get url: https://www.bing.com/th?id=OHR.SpringIceland_JA-JP4910368485_UHD.jpg
[16:50:57] Picture infomations saved to  global/ja-JP/README.md
[16:50:57] Picture infomations saved to global/ja-JP/history/2026/03/10_ja-JP.md
[16:50:57] Start geting global Bing Wallpaper, region=en-IN, local time is 2026-03-09 22:20:57.018098+05:30
[16:50:57] Successful get url: https://www.bing.com/th?id=OHR.NappingSeal_EN-IN2066436514_UHD.jpg
[16:50:57] Picture infomations saved to  global/en-IN/README.md
[16:50:57] Picture infomations saved to global/en-IN/history/2026/03/09_en-IN.md
[16:50:57] Start geting global Bing Wallpaper, region=pt-BR, local time is 2026-03-09 13:50:57.157651-03:00
[16:50:57] Successful get url: https://www.bing.com/th?id=OHR.NappingSeal_PT-BR6613486097_UHD.jpg
[16:50:57] Picture infomations saved to  global/pt-BR/README.md
[16:50:57] Picture infomations saved to global/pt-BR/history/2026/03/10_pt-BR.md
[16:50:57] Start geting global Bing Wallpaper, region=fr-FR, local time is 2026-03-09 17:50:57.291967+01:00
[16:50:57] Successful get url: https://www.bing.com/th?id=OHR.NappingSeal_FR-FR1712539976_UHD.jpg
[16:50:57] Picture infomations saved to  global/fr-FR/README.md
[16:50:57] Picture infomations saved to global/fr-FR/history/2026/03/09_fr-FR.md
[16:50:57] Start geting global Bing Wallpaper, region=de-DE, local time is 2026-03-09 17:50:57.422730+01:00
[16:50:57] Successful get url: https://www.bing.com/th?id=OHR.NappingSeal_DE-DE4413060426_UHD.jpg
[16:50:57] Picture infomations saved to  global/de-DE/README.md
[16:50:57] Picture infomations saved to global/de-DE/history/2026/03/09_de-DE.md
[16:50:57] Start geting global Bing Wallpaper, region=en-CA, local time is 2026-03-09 12:50:57.586496-04:00
[16:50:57] Successful get url: https://www.bing.com/th?id=OHR.NappingSeal_EN-CA7649170923_UHD.jpg
[16:50:57] Picture infomations saved to  global/en-CA/README.md
[16:50:57] Picture infomations saved to global/en-CA/history/2026/03/10_en-CA.md
[16:50:57] Start geting global Bing Wallpaper, region=en-GB, local time is 2026-03-09 16:50:57.740846+00:00
[16:50:57] Successful get url: https://www.bing.com/th?id=OHR.NappingSeal_EN-GB6694764610_UHD.jpg
[16:50:57] Picture infomations saved to  global/en-GB/README.md
[16:50:57] Picture infomations saved to global/en-GB/history/2026/03/10_en-GB.md
[16:50:57] Start geting global Bing Wallpaper, region=it-IT, local time is 2026-03-09 17:50:57.879058+01:00
[16:50:57] Successful get url: https://www.bing.com/th?id=OHR.NappingSeal_IT-IT6211764298_UHD.jpg
[16:50:58] Picture infomations saved to  global/it-IT/README.md
[16:50:58] Picture infomations saved to global/it-IT/history/2026/03/09_it-IT.md
[16:50:58] Start geting global Bing Wallpaper, region=es-ES, local time is 2026-03-09 17:50:58.022279+01:00
[16:50:58] Successful get url: https://www.bing.com/th?id=OHR.NappingSeal_ES-ES1870560603_UHD.jpg
[16:50:58] Picture infomations saved to  global/es-ES/README.md
[16:50:58] Picture infomations saved to global/es-ES/history/2026/03/09_es-ES.md
[16:50:58] Start geting global Bing Wallpaper, region=fr-CA, local time is 2026-03-09 12:50:58.173942-04:00
[16:50:58] Successful get url: https://www.bing.com/th?id=OHR.NappingSeal_FR-CA6094353659_UHD.jpg
[16:50:58] Picture infomations saved to  global/fr-CA/README.md
[16:50:58] Picture infomations saved to global/fr-CA/history/2026/03/10_fr-CA.md
Program exit at 16:50:58
