
Program started at 09:48:16
Operating System Name: Linux
Operating System Version: #17~24.04.1-Ubuntu SMP Mon Dec  1 20:10:50 UTC 2025
System Architecture: ('64bit', 'ELF')
Computer Type: x86_64
Computer Name: runnervm0kj6c
Processor Type: x86_64
Python Version: 3.12.12
Python Interpreter Name: CPython
[09:48:17] Start geting CN Bing Wallpaper
[09:48:17] Successful get url: https://www.bing.com/th?id=OHR.PacificRimNP_ZH-CN0350089584_UHD.jpg
[09:48:17] Image saved to img/background.jpg
[09:48:17] Info saved to README.md
[09:48:17] Image saved to history/2026/03/15.md
[09:48:17] Start geting global Bing Wallpaper, region=en-US, local time is 2026-03-15 05:48:17.387921-04:00
[09:48:17] Successful get url: https://www.bing.com/th?id=OHR.PacificRimNP_EN-US7242831009_UHD.jpg
[09:48:17] Picture infomations saved to  global/en-US/README.md
[09:48:17] Picture infomations saved to global/en-US/history/2026/03/16_en-US.md
[09:48:17] Start geting global Bing Wallpaper, region=ja-JP, local time is 2026-03-15 18:48:17.700397+09:00
[09:48:17] Successful get url: https://www.bing.com/th?id=OHR.PacificRimNP_JA-JP9772026876_UHD.jpg
[09:48:17] Picture infomations saved to  global/ja-JP/README.md
[09:48:17] Picture infomations saved to global/ja-JP/history/2026/03/15_ja-JP.md
[09:48:17] Start geting global Bing Wallpaper, region=en-IN, local time is 2026-03-15 15:18:18.001223+05:30
[09:48:18] Successful get url: https://www.bing.com/th?id=OHR.PacificRimNP_EN-IN3208253488_UHD.jpg
[09:48:18] Picture infomations saved to  global/en-IN/README.md
[09:48:18] Picture infomations saved to global/en-IN/history/2026/03/15_en-IN.md
[09:48:18] Start geting global Bing Wallpaper, region=pt-BR, local time is 2026-03-15 06:48:18.289170-03:00
[09:48:18] Successful get url: https://www.bing.com/th?id=OHR.PacificRimNP_PT-BR1302801111_UHD.jpg
[09:48:18] Picture infomations saved to  global/pt-BR/README.md
[09:48:18] Picture infomations saved to global/pt-BR/history/2026/03/16_pt-BR.md
[09:48:18] Start geting global Bing Wallpaper, region=fr-FR, local time is 2026-03-15 10:48:18.586670+01:00
[09:48:18] Successful get url: https://www.bing.com/th?id=OHR.PacificRimNP_FR-FR6570594682_UHD.jpg
[09:48:18] Picture infomations saved to  global/fr-FR/README.md
[09:48:18] Picture infomations saved to global/fr-FR/history/2026/03/15_fr-FR.md
[09:48:18] Start geting global Bing Wallpaper, region=de-DE, local time is 2026-03-15 10:48:18.910877+01:00
[09:48:18] Successful get url: https://www.bing.com/th?id=OHR.KoenigsseeFog_DE-DE0451394349_UHD.jpg
[09:48:19] Picture infomations saved to  global/de-DE/README.md
[09:48:19] Picture infomations saved to global/de-DE/history/2026/03/15_de-DE.md
[09:48:19] Start geting global Bing Wallpaper, region=en-CA, local time is 2026-03-15 05:48:19.225639-04:00
[09:48:19] Successful get url: https://www.bing.com/th?id=OHR.PacificRimNP_EN-CA7886674430_UHD.jpg
[09:48:19] Picture infomations saved to  global/en-CA/README.md
[09:48:19] Picture infomations saved to global/en-CA/history/2026/03/16_en-CA.md
[09:48:19] Start geting global Bing Wallpaper, region=en-GB, local time is 2026-03-15 09:48:19.518351+00:00
[09:48:19] Successful get url: https://www.bing.com/th?id=OHR.MotheringSunday2026_EN-GB9211202468_UHD.jpg
[09:48:19] Picture infomations saved to  global/en-GB/README.md
[09:48:19] Picture infomations saved to global/en-GB/history/2026/03/16_en-GB.md
[09:48:19] Start geting global Bing Wallpaper, region=it-IT, local time is 2026-03-15 10:48:19.858487+01:00
[09:48:19] Successful get url: https://www.bing.com/th?id=OHR.PacificRimNP_IT-IT0253430752_UHD.jpg
[09:48:20] Picture infomations saved to  global/it-IT/README.md
[09:48:20] Picture infomations saved to global/it-IT/history/2026/03/15_it-IT.md
[09:48:20] Start geting global Bing Wallpaper, region=es-ES, local time is 2026-03-15 10:48:20.153538+01:00
[09:48:20] Successful get url: https://www.bing.com/th?id=OHR.FallasValencia_ES-ES2854700408_UHD.jpg
[09:48:20] Picture infomations saved to  global/es-ES/README.md
[09:48:20] Picture infomations saved to global/es-ES/history/2026/03/15_es-ES.md
[09:48:20] Start geting global Bing Wallpaper, region=fr-CA, local time is 2026-03-15 05:48:20.443214-04:00
[09:48:20] Successful get url: https://www.bing.com/th?id=OHR.PacificRimNP_FR-CA0003865567_UHD.jpg
[09:48:20] Picture infomations saved to  global/fr-CA/README.md
[09:48:20] Picture infomations saved to global/fr-CA/history/2026/03/16_fr-CA.md
Program exit at 09:48:20
