
Program started at 09:42:42
Operating System Name: Linux
Operating System Version: #17~24.04.1-Ubuntu SMP Mon Dec  1 20:10:50 UTC 2025
System Architecture: ('64bit', 'ELF')
Computer Type: x86_64
Computer Name: runnervm0kj6c
Processor Type: x86_64
Python Version: 3.12.12
Python Interpreter Name: CPython
[09:42:42] Start geting CN Bing Wallpaper
[09:42:42] Successful get url: https://www.bing.com/th?id=OHR.UlmClock_ZH-CN9282560066_UHD.jpg
[09:42:42] Image saved to img/background.jpg
[09:42:42] Info saved to README.md
[09:42:42] Image saved to history/2026/03/08.md
[09:42:42] Start geting global Bing Wallpaper, region=en-US, local time is 2026-03-08 05:42:42.763977-04:00
[09:42:42] Successful get url: https://www.bing.com/th?id=OHR.UlmClock_EN-US6692804943_UHD.jpg
[09:42:43] Picture infomations saved to  global/en-US/README.md
[09:42:43] Picture infomations saved to global/en-US/history/2026/03/09_en-US.md
[09:42:43] Start geting global Bing Wallpaper, region=ja-JP, local time is 2026-03-08 18:42:43.095762+09:00
[09:42:43] Successful get url: https://www.bing.com/th?id=OHR.UlmClock_JA-JP3640087811_UHD.jpg
[09:42:43] Picture infomations saved to  global/ja-JP/README.md
[09:42:43] Picture infomations saved to global/ja-JP/history/2026/03/08_ja-JP.md
[09:42:43] Start geting global Bing Wallpaper, region=en-IN, local time is 2026-03-08 15:12:43.440053+05:30
[09:42:43] Successful get url: https://www.bing.com/th?id=OHR.AkbarAgra_EN-IN0901638109_UHD.jpg
[09:42:43] Picture infomations saved to  global/en-IN/README.md
[09:42:43] Picture infomations saved to global/en-IN/history/2026/03/08_en-IN.md
[09:42:43] Start geting global Bing Wallpaper, region=pt-BR, local time is 2026-03-08 06:42:43.798252-03:00
[09:42:43] Successful get url: https://www.bing.com/th?id=OHR.UlmClock_PT-BR5948990509_UHD.jpg
[09:42:44] Picture infomations saved to  global/pt-BR/README.md
[09:42:44] Picture infomations saved to global/pt-BR/history/2026/03/09_pt-BR.md
[09:42:44] Start geting global Bing Wallpaper, region=fr-FR, local time is 2026-03-08 10:42:44.151162+01:00
[09:42:44] Successful get url: https://www.bing.com/th?id=OHR.BirdCormorant_FR-FR1361604516_UHD.jpg
[09:42:44] Picture infomations saved to  global/fr-FR/README.md
[09:42:44] Picture infomations saved to global/fr-FR/history/2026/03/08_fr-FR.md
[09:42:44] Start geting global Bing Wallpaper, region=de-DE, local time is 2026-03-08 10:42:44.528589+01:00
[09:42:44] Successful get url: https://www.bing.com/th?id=OHR.StuttgartSchlossplatz_DE-DE6255862063_UHD.jpg
[09:42:44] Picture infomations saved to  global/de-DE/README.md
[09:42:44] Picture infomations saved to global/de-DE/history/2026/03/08_de-DE.md
[09:42:44] Start geting global Bing Wallpaper, region=en-CA, local time is 2026-03-08 05:42:44.829100-04:00
[09:42:44] Successful get url: https://www.bing.com/th?id=OHR.UlmClock_EN-CA0107157724_UHD.jpg
[09:42:45] Picture infomations saved to  global/en-CA/README.md
[09:42:45] Picture infomations saved to global/en-CA/history/2026/03/09_en-CA.md
[09:42:45] Start geting global Bing Wallpaper, region=en-GB, local time is 2026-03-08 09:42:45.131445+00:00
[09:42:45] Successful get url: https://www.bing.com/th?id=OHR.PortlandBlossoms_EN-GB6516927034_UHD.jpg
[09:42:45] Picture infomations saved to  global/en-GB/README.md
[09:42:45] Picture infomations saved to global/en-GB/history/2026/03/09_en-GB.md
[09:42:45] Start geting global Bing Wallpaper, region=it-IT, local time is 2026-03-08 10:42:45.410356+01:00
[09:42:45] Successful get url: https://www.bing.com/th?id=OHR.FestaDellaDonna_IT-IT6097435290_UHD.jpg
[09:42:45] Picture infomations saved to  global/it-IT/README.md
[09:42:45] Picture infomations saved to global/it-IT/history/2026/03/08_it-IT.md
[09:42:45] Start geting global Bing Wallpaper, region=es-ES, local time is 2026-03-08 10:42:45.726510+01:00
[09:42:45] Successful get url: https://www.bing.com/th?id=OHR.UlmClock_ES-ES1689465791_UHD.jpg
[09:42:46] Picture infomations saved to  global/es-ES/README.md
[09:42:46] Picture infomations saved to global/es-ES/history/2026/03/08_es-ES.md
[09:42:46] Start geting global Bing Wallpaper, region=fr-CA, local time is 2026-03-08 05:42:46.025078-04:00
[09:42:46] Successful get url: https://www.bing.com/th?id=OHR.UlmClock_FR-CA5955039124_UHD.jpg
[09:42:46] Picture infomations saved to  global/fr-CA/README.md
[09:42:46] Picture infomations saved to global/fr-CA/history/2026/03/09_fr-CA.md
Program exit at 09:42:46
