
Program started at 09:19:40
Operating System Name: Linux
Operating System Version: #19~22.04.1-Ubuntu SMP Wed Jan 10 22:57:03 UTC 2024
System Architecture: ('64bit', 'ELF')
Computer Type: x86_64
Computer Name: fv-az885-211
Processor Type: x86_64
Python Version: 3.12.2
Python Interpreter Name: CPython
[09:19:40] Start geting CN Bing Wallpaper
[09:19:40] Successful get url: https://www.bing.com/th?id=OHR.LakeDolomites_ZH-CN2317113886_UHD.jpg
[09:19:40] Image saved to img/background.jpg
[09:19:40] Info saved to README.md
[09:19:40] Image saved to history/2024/02/17.md
[09:19:40] Start geting global Bing Wallpaper, region=en-US, local time is 2024-02-17 04:19:40.718298-05:00
[09:19:40] Successful get url: https://www.bing.com/th?id=OHR.AileyUptown_EN-US7790191198_UHD.jpg
[09:19:40] Picture infomations saved to  global/en-US/README.md
[09:19:40] Picture infomations saved to global/en-US/history/2024/02/18_en-US.md
[09:19:40] Start geting global Bing Wallpaper, region=ja-JP, local time is 2024-02-17 18:19:40.931773+09:00
[09:19:41] Successful get url: https://www.bing.com/th?id=OHR.PegadungRocks_JA-JP7689168051_UHD.jpg
[09:19:41] Picture infomations saved to  global/ja-JP/README.md
[09:19:41] Picture infomations saved to global/ja-JP/history/2024/02/17_ja-JP.md
[09:19:41] Start geting global Bing Wallpaper, region=en-IN, local time is 2024-02-17 14:49:41.143504+05:30
[09:19:41] Successful get url: https://www.bing.com/th?id=OHR.KailasTempleEllora_EN-IN9221534487_UHD.jpg
[09:19:41] Picture infomations saved to  global/en-IN/README.md
[09:19:41] Picture infomations saved to global/en-IN/history/2024/02/17_en-IN.md
[09:19:41] Start geting global Bing Wallpaper, region=pt-BR, local time is 2024-02-17 06:19:41.340394-03:00
[09:19:41] Successful get url: https://www.bing.com/th?id=OHR.LakeDolomites_PT-BR5853675668_UHD.jpg
[09:19:41] Picture infomations saved to  global/pt-BR/README.md
[09:19:41] Picture infomations saved to global/pt-BR/history/2024/02/18_pt-BR.md
[09:19:41] Start geting global Bing Wallpaper, region=fr-FR, local time is 2024-02-17 10:19:41.550612+01:00
[09:19:41] Successful get url: https://www.bing.com/th?id=OHR.BrightonBoxes_FR-FR1148207790_UHD.jpg
[09:19:41] Picture infomations saved to  global/fr-FR/README.md
[09:19:41] Picture infomations saved to global/fr-FR/history/2024/02/17_fr-FR.md
[09:19:41] Start geting global Bing Wallpaper, region=de-DE, local time is 2024-02-17 10:19:41.747750+01:00
[09:19:41] Successful get url: https://www.bing.com/th?id=OHR.LakeDolomites_DE-DE3348859489_UHD.jpg
[09:19:41] Picture infomations saved to  global/de-DE/README.md
[09:19:41] Picture infomations saved to global/de-DE/history/2024/02/17_de-DE.md
[09:19:41] Start geting global Bing Wallpaper, region=en-CA, local time is 2024-02-17 04:19:41.952144-05:00
[09:19:42] Successful get url: https://www.bing.com/th?id=OHR.HalbinselJasmund_EN-CA5327600383_UHD.jpg
[09:19:42] Picture infomations saved to  global/en-CA/README.md
[09:19:42] Picture infomations saved to global/en-CA/history/2024/02/18_en-CA.md
[09:19:42] Start geting global Bing Wallpaper, region=en-GB, local time is 2024-02-17 09:19:42.114793+00:00
[09:19:42] Successful get url: https://www.bing.com/th?id=OHR.WhitbyAbbeyJorvik_EN-GB4161898215_UHD.jpg
[09:19:42] Picture infomations saved to  global/en-GB/README.md
[09:19:42] Picture infomations saved to global/en-GB/history/2024/02/18_en-GB.md
[09:19:42] Start geting global Bing Wallpaper, region=it-IT, local time is 2024-02-17 10:19:42.309905+01:00
[09:19:42] Successful get url: https://www.bing.com/th?id=OHR.LakeDolomites_IT-IT2963188233_UHD.jpg
[09:19:42] Picture infomations saved to  global/it-IT/README.md
[09:19:42] Picture infomations saved to global/it-IT/history/2024/02/17_it-IT.md
[09:19:42] Start geting global Bing Wallpaper, region=es-ES, local time is 2024-02-17 10:19:42.506020+01:00
[09:19:42] Successful get url: https://www.bing.com/th?id=OHR.CarnavalTenerife_ES-ES6332745599_UHD.jpg
[09:19:42] Picture infomations saved to  global/es-ES/README.md
[09:19:42] Picture infomations saved to global/es-ES/history/2024/02/17_es-ES.md
[09:19:42] Start geting global Bing Wallpaper, region=fr-CA, local time is 2024-02-17 04:19:42.696545-05:00
[09:19:42] Successful get url: https://www.bing.com/th?id=OHR.HalbinselJasmund_FR-CA9499898672_UHD.jpg
[09:19:42] Picture infomations saved to  global/fr-CA/README.md
[09:19:42] Picture infomations saved to global/fr-CA/history/2024/02/18_fr-CA.md
Program exit at 09:19:42
