
Program started at 09:23:15
Operating System Name: Linux
Operating System Version: #19~22.04.1-Ubuntu SMP Wed Jan 10 22:57:03 UTC 2024
System Architecture: ('64bit', 'ELF')
Computer Type: x86_64
Computer Name: fv-az837-671
Processor Type: x86_64
Python Version: 3.12.2
Python Interpreter Name: CPython
[09:23:15] Start geting CN Bing Wallpaper
[09:23:15] Successful get url: https://www.bing.com/th?id=OHR.YosemiteFirefall_ZH-CN2236242565_UHD.jpg
[09:23:15] Image saved to img/background.jpg
[09:23:15] Info saved to README.md
[09:23:15] Image saved to history/2024/02/21.md
[09:23:15] Start geting global Bing Wallpaper, region=en-US, local time is 2024-02-21 04:23:15.676339-05:00
[09:23:15] Successful get url: https://www.bing.com/th?id=OHR.YosemiteFirefall_EN-US8169903146_UHD.jpg
[09:23:15] Picture infomations saved to  global/en-US/README.md
[09:23:15] Picture infomations saved to global/en-US/history/2024/02/22_en-US.md
[09:23:15] Start geting global Bing Wallpaper, region=ja-JP, local time is 2024-02-21 18:23:15.883249+09:00
[09:23:15] Successful get url: https://www.bing.com/th?id=OHR.YosemiteFirefall_JA-JP8953953821_UHD.jpg
[09:23:16] Picture infomations saved to  global/ja-JP/README.md
[09:23:16] Picture infomations saved to global/ja-JP/history/2024/02/21_ja-JP.md
[09:23:16] Start geting global Bing Wallpaper, region=en-IN, local time is 2024-02-21 14:53:16.090996+05:30
[09:23:16] Successful get url: https://www.bing.com/th?id=OHR.YosemiteFirefall_EN-IN2081522574_UHD.jpg
[09:23:16] Picture infomations saved to  global/en-IN/README.md
[09:23:16] Picture infomations saved to global/en-IN/history/2024/02/21_en-IN.md
[09:23:16] Start geting global Bing Wallpaper, region=pt-BR, local time is 2024-02-21 06:23:16.293216-03:00
[09:23:16] Successful get url: https://www.bing.com/th?id=OHR.YosemiteFirefall_PT-BR5614973878_UHD.jpg
[09:23:16] Picture infomations saved to  global/pt-BR/README.md
[09:23:16] Picture infomations saved to global/pt-BR/history/2024/02/22_pt-BR.md
[09:23:16] Start geting global Bing Wallpaper, region=fr-FR, local time is 2024-02-21 10:23:16.492564+01:00
[09:23:16] Successful get url: https://www.bing.com/th?id=OHR.YosemiteFirefall_FR-FR7214097906_UHD.jpg
[09:23:16] Picture infomations saved to  global/fr-FR/README.md
[09:23:16] Picture infomations saved to global/fr-FR/history/2024/02/21_fr-FR.md
[09:23:16] Start geting global Bing Wallpaper, region=de-DE, local time is 2024-02-21 10:23:16.691325+01:00
[09:23:16] Successful get url: https://www.bing.com/th?id=OHR.YosemiteFirefall_DE-DE4800433927_UHD.jpg
[09:23:16] Picture infomations saved to  global/de-DE/README.md
[09:23:16] Picture infomations saved to global/de-DE/history/2024/02/21_de-DE.md
[09:23:16] Start geting global Bing Wallpaper, region=en-CA, local time is 2024-02-21 04:23:16.890522-05:00
[09:23:16] Successful get url: https://www.bing.com/th?id=OHR.YosemiteFirefall_EN-CA1150407623_UHD.jpg
[09:23:17] Picture infomations saved to  global/en-CA/README.md
[09:23:17] Picture infomations saved to global/en-CA/history/2024/02/22_en-CA.md
[09:23:17] Start geting global Bing Wallpaper, region=en-GB, local time is 2024-02-21 09:23:17.093382+00:00
[09:23:17] Successful get url: https://www.bing.com/th?id=OHR.YosemiteFirefall_EN-GB3012383425_UHD.jpg
[09:23:17] Picture infomations saved to  global/en-GB/README.md
[09:23:17] Picture infomations saved to global/en-GB/history/2024/02/22_en-GB.md
[09:23:17] Start geting global Bing Wallpaper, region=it-IT, local time is 2024-02-21 10:23:17.266277+01:00
[09:23:17] Successful get url: https://www.bing.com/th?id=OHR.YosemiteFirefall_IT-IT1880342554_UHD.jpg
[09:23:17] Picture infomations saved to  global/it-IT/README.md
[09:23:17] Picture infomations saved to global/it-IT/history/2024/02/21_it-IT.md
[09:23:17] Start geting global Bing Wallpaper, region=es-ES, local time is 2024-02-21 10:23:17.461703+01:00
[09:23:17] Successful get url: https://www.bing.com/th?id=OHR.YosemiteFirefall_ES-ES1887496607_UHD.jpg
[09:23:17] Picture infomations saved to  global/es-ES/README.md
[09:23:17] Picture infomations saved to global/es-ES/history/2024/02/21_es-ES.md
[09:23:17] Start geting global Bing Wallpaper, region=fr-CA, local time is 2024-02-21 04:23:17.679852-05:00
[09:23:17] Successful get url: https://www.bing.com/th?id=OHR.YosemiteFirefall_FR-CA1268289009_UHD.jpg
[09:23:17] Picture infomations saved to  global/fr-CA/README.md
[09:23:17] Picture infomations saved to global/fr-CA/history/2024/02/22_fr-CA.md
Program exit at 09:23:17
