
Program started at 09:21:50
Operating System Name: Linux
Operating System Version: #15~22.04.1-Ubuntu SMP Tue Feb 13 01:15:12 UTC 2024
System Architecture: ('64bit', 'ELF')
Computer Type: x86_64
Computer Name: fv-az1432-285
Processor Type: x86_64
Python Version: 3.12.2
Python Interpreter Name: CPython
[09:21:50] Start geting CN Bing Wallpaper
[09:21:50] Successful get url: https://www.bing.com/th?id=OHR.LeapingSquirrel_ZH-CN9112090462_UHD.jpg
[09:21:50] Image saved to img/background.jpg
[09:21:50] Info saved to README.md
[09:21:50] Image saved to history/2024/02/29.md
[09:21:50] Start geting global Bing Wallpaper, region=en-US, local time is 2024-02-29 04:21:50.403566-05:00
[09:21:50] Successful get url: https://www.bing.com/th?id=OHR.LeapingSquirrel_EN-US3514581405_UHD.jpg
[09:21:50] Picture infomations saved to  global/en-US/README.md
[09:21:50] Picture infomations saved to global/en-US/history/2024/03/01_en-US.md
[09:21:50] Start geting global Bing Wallpaper, region=ja-JP, local time is 2024-02-29 18:21:50.653024+09:00
[09:21:50] Successful get url: https://www.bing.com/th?id=OHR.VermilionCliffs_JA-JP0444568228_UHD.jpg
[09:21:50] Picture infomations saved to  global/ja-JP/README.md
[09:21:50] Picture infomations saved to global/ja-JP/history/2024/02/29_ja-JP.md
[09:21:50] Start geting global Bing Wallpaper, region=en-IN, local time is 2024-02-29 14:51:50.842776+05:30
[09:21:50] Successful get url: https://www.bing.com/th?id=OHR.LeapingSquirrel_EN-IN2638979538_UHD.jpg
[09:21:51] Picture infomations saved to  global/en-IN/README.md
[09:21:51] Picture infomations saved to global/en-IN/history/2024/02/29_en-IN.md
[09:21:51] Start geting global Bing Wallpaper, region=pt-BR, local time is 2024-02-29 06:21:51.052468-03:00
[09:21:51] Successful get url: https://www.bing.com/th?id=OHR.Owlchicks_PT-BR1285033341_UHD.jpg
[09:21:51] Picture infomations saved to  global/pt-BR/README.md
[09:21:51] Picture infomations saved to global/pt-BR/history/2024/03/01_pt-BR.md
[09:21:51] Start geting global Bing Wallpaper, region=fr-FR, local time is 2024-02-29 10:21:51.279841+01:00
[09:21:51] Successful get url: https://www.bing.com/th?id=OHR.LeapingSquirrel_FR-FR3290902737_UHD.jpg
[09:21:51] Picture infomations saved to  global/fr-FR/README.md
[09:21:51] Picture infomations saved to global/fr-FR/history/2024/02/29_fr-FR.md
[09:21:51] Start geting global Bing Wallpaper, region=de-DE, local time is 2024-02-29 10:21:51.482715+01:00
[09:21:51] Successful get url: https://www.bing.com/th?id=OHR.LeapingSquirrel_DE-DE7623766811_UHD.jpg
[09:21:51] Picture infomations saved to  global/de-DE/README.md
[09:21:51] Picture infomations saved to global/de-DE/history/2024/02/29_de-DE.md
[09:21:51] Start geting global Bing Wallpaper, region=en-CA, local time is 2024-02-29 04:21:51.689566-05:00
[09:21:51] Successful get url: https://www.bing.com/th?id=OHR.LeapingSquirrel_EN-CA7454002692_UHD.jpg
[09:21:51] Picture infomations saved to  global/en-CA/README.md
[09:21:51] Picture infomations saved to global/en-CA/history/2024/03/01_en-CA.md
[09:21:51] Start geting global Bing Wallpaper, region=en-GB, local time is 2024-02-29 09:21:51.878532+00:00
[09:21:51] Successful get url: https://www.bing.com/th?id=OHR.LeapingSquirrel_EN-GB4552548404_UHD.jpg
[09:21:52] Picture infomations saved to  global/en-GB/README.md
[09:21:52] Picture infomations saved to global/en-GB/history/2024/03/01_en-GB.md
[09:21:52] Start geting global Bing Wallpaper, region=it-IT, local time is 2024-02-29 10:21:52.085058+01:00
[09:21:52] Successful get url: https://www.bing.com/th?id=OHR.LeapingSquirrel_IT-IT0733873049_UHD.jpg
[09:21:52] Picture infomations saved to  global/it-IT/README.md
[09:21:52] Picture infomations saved to global/it-IT/history/2024/02/29_it-IT.md
[09:21:52] Start geting global Bing Wallpaper, region=es-ES, local time is 2024-02-29 10:21:52.292184+01:00
[09:21:52] Successful get url: https://www.bing.com/th?id=OHR.LeapingSquirrel_ES-ES2689500178_UHD.jpg
[09:21:52] Picture infomations saved to  global/es-ES/README.md
[09:21:52] Picture infomations saved to global/es-ES/history/2024/02/29_es-ES.md
[09:21:52] Start geting global Bing Wallpaper, region=fr-CA, local time is 2024-02-29 04:21:52.490402-05:00
[09:21:52] Successful get url: https://www.bing.com/th?id=OHR.LeapingSquirrel_FR-CA0527057560_UHD.jpg
[09:21:52] Picture infomations saved to  global/fr-CA/README.md
[09:21:52] Picture infomations saved to global/fr-CA/history/2024/03/01_fr-CA.md
Program exit at 09:21:52
