
Program started at 09:21:59
Operating System Name: Linux
Operating System Version: #19~22.04.1-Ubuntu SMP Wed Jan 10 22:57:03 UTC 2024
System Architecture: ('64bit', 'ELF')
Computer Type: x86_64
Computer Name: fv-az569-221
Processor Type: x86_64
Python Version: 3.12.2
Python Interpreter Name: CPython
[09:21:59] Start geting CN Bing Wallpaper
[09:21:59] Successful get url: https://www.bing.com/th?id=OHR.CarnavalTenerife_ZH-CN1559136778_UHD.jpg
[09:21:59] Image saved to img/background.jpg
[09:21:59] Info saved to README.md
[09:21:59] Image saved to history/2024/02/19.md
[09:21:59] Start geting global Bing Wallpaper, region=en-US, local time is 2024-02-19 04:21:59.578161-05:00
[09:21:59] Successful get url: https://www.bing.com/th?id=OHR.LincolnSunset_EN-US8001542624_UHD.jpg
[09:21:59] Picture infomations saved to  global/en-US/README.md
[09:21:59] Picture infomations saved to global/en-US/history/2024/02/20_en-US.md
[09:21:59] Start geting global Bing Wallpaper, region=ja-JP, local time is 2024-02-19 18:21:59.753983+09:00
[09:21:59] Successful get url: https://www.bing.com/th?id=OHR.Ume2024_JA-JP3356449258_UHD.jpg
[09:21:59] Picture infomations saved to  global/ja-JP/README.md
[09:21:59] Picture infomations saved to global/ja-JP/history/2024/02/19_ja-JP.md
[09:21:59] Start geting global Bing Wallpaper, region=en-IN, local time is 2024-02-19 14:51:59.894588+05:30
[09:21:59] Successful get url: https://www.bing.com/th?id=OHR.CarnavalTenerife_EN-IN9126594062_UHD.jpg
[09:22:00] Picture infomations saved to  global/en-IN/README.md
[09:22:00] Picture infomations saved to global/en-IN/history/2024/02/19_en-IN.md
[09:22:00] Start geting global Bing Wallpaper, region=pt-BR, local time is 2024-02-19 06:22:00.059908-03:00
[09:22:00] Successful get url: https://www.bing.com/th?id=OHR.CarnavalTenerife_PT-BR5233903925_UHD.jpg
[09:22:00] Picture infomations saved to  global/pt-BR/README.md
[09:22:00] Picture infomations saved to global/pt-BR/history/2024/02/20_pt-BR.md
[09:22:00] Start geting global Bing Wallpaper, region=fr-FR, local time is 2024-02-19 10:22:00.225146+01:00
[09:22:00] Successful get url: https://www.bing.com/th?id=OHR.DominicaWhales_FR-FR6517933820_UHD.jpg
[09:22:00] Picture infomations saved to  global/fr-FR/README.md
[09:22:00] Picture infomations saved to global/fr-FR/history/2024/02/19_fr-FR.md
[09:22:00] Start geting global Bing Wallpaper, region=de-DE, local time is 2024-02-19 10:22:00.375477+01:00
[09:22:00] Successful get url: https://www.bing.com/th?id=OHR.CarnavalTenerife_DE-DE3563683527_UHD.jpg
[09:22:00] Picture infomations saved to  global/de-DE/README.md
[09:22:00] Picture infomations saved to global/de-DE/history/2024/02/19_de-DE.md
[09:22:00] Start geting global Bing Wallpaper, region=en-CA, local time is 2024-02-19 04:22:00.545785-05:00
[09:22:00] Successful get url: https://www.bing.com/th?id=OHR.TajoRiver_EN-CA7817370984_UHD.jpg
[09:22:00] Picture infomations saved to  global/en-CA/README.md
[09:22:00] Picture infomations saved to global/en-CA/history/2024/02/20_en-CA.md
[09:22:00] Start geting global Bing Wallpaper, region=en-GB, local time is 2024-02-19 09:22:00.704616+00:00
[09:22:00] Successful get url: https://www.bing.com/th?id=OHR.CarnavalTenerife_EN-GB7377141712_UHD.jpg
[09:22:00] Picture infomations saved to  global/en-GB/README.md
[09:22:00] Picture infomations saved to global/en-GB/history/2024/02/20_en-GB.md
[09:22:00] Start geting global Bing Wallpaper, region=it-IT, local time is 2024-02-19 10:22:00.856662+01:00
[09:22:00] Successful get url: https://www.bing.com/th?id=OHR.CarnavalTenerife_IT-IT6859565404_UHD.jpg
[09:22:01] Picture infomations saved to  global/it-IT/README.md
[09:22:01] Picture infomations saved to global/it-IT/history/2024/02/19_it-IT.md
[09:22:01] Start geting global Bing Wallpaper, region=es-ES, local time is 2024-02-19 10:22:01.008366+01:00
[09:22:01] Successful get url: https://www.bing.com/th?id=OHR.LakeDolomites_ES-ES6192174568_UHD.jpg
[09:22:01] Picture infomations saved to  global/es-ES/README.md
[09:22:01] Picture infomations saved to global/es-ES/history/2024/02/19_es-ES.md
[09:22:01] Start geting global Bing Wallpaper, region=fr-CA, local time is 2024-02-19 04:22:01.172319-05:00
[09:22:01] Successful get url: https://www.bing.com/th?id=OHR.DominicaWhales_FR-CA0090567562_UHD.jpg
[09:22:01] Picture infomations saved to  global/fr-CA/README.md
[09:22:01] Picture infomations saved to global/fr-CA/history/2024/02/20_fr-CA.md
Program exit at 09:22:01

Program started at 16:12:51
Operating System Name: Linux
Operating System Version: #19~22.04.1-Ubuntu SMP Wed Jan 10 22:57:03 UTC 2024
System Architecture: ('64bit', 'ELF')
Computer Type: x86_64
Computer Name: fv-az802-542
Processor Type: x86_64
Python Version: 3.12.2
Python Interpreter Name: CPython
[16:12:51] Start geting CN Bing Wallpaper
[16:12:51] Successful get url: https://www.bing.com/th?id=OHR.PeakDistrictNP_ZH-CN1987784653_UHD.jpg
[16:12:52] Image saved to img/background.jpg
[16:12:52] Info saved to README.md
[16:12:52] Image saved to history/2024/02/20.md
[16:12:52] Start geting global Bing Wallpaper, region=en-US, local time is 2024-02-19 11:12:52.284555-05:00
[16:12:52] Successful get url: https://www.bing.com/th?id=OHR.LincolnSunset_EN-US8001542624_UHD.jpg
[16:12:52] Picture infomations saved to  global/en-US/README.md
[16:12:52] Picture infomations saved to global/en-US/history/2024/02/20_en-US.md
[16:12:52] Start geting global Bing Wallpaper, region=ja-JP, local time is 2024-02-20 01:12:52.692463+09:00
[16:12:52] Successful get url: https://www.bing.com/th?id=OHR.PeakDistrictNP_JA-JP8773323840_UHD.jpg
[16:12:53] Picture infomations saved to  global/ja-JP/README.md
[16:12:53] Picture infomations saved to global/ja-JP/history/2024/02/20_ja-JP.md
[16:12:53] Start geting global Bing Wallpaper, region=en-IN, local time is 2024-02-19 21:42:53.110537+05:30
[16:12:53] Successful get url: https://www.bing.com/th?id=OHR.CarnavalTenerife_EN-IN9126594062_UHD.jpg
[16:12:53] Picture infomations saved to  global/en-IN/README.md
[16:12:53] Picture infomations saved to global/en-IN/history/2024/02/19_en-IN.md
[16:12:53] Start geting global Bing Wallpaper, region=pt-BR, local time is 2024-02-19 13:12:53.521340-03:00
[16:12:53] Successful get url: https://www.bing.com/th?id=OHR.CarnavalTenerife_PT-BR5233903925_UHD.jpg
[16:12:53] Picture infomations saved to  global/pt-BR/README.md
[16:12:53] Picture infomations saved to global/pt-BR/history/2024/02/20_pt-BR.md
[16:12:53] Start geting global Bing Wallpaper, region=fr-FR, local time is 2024-02-19 17:12:53.970656+01:00
[16:12:54] Successful get url: https://www.bing.com/th?id=OHR.DominicaWhales_FR-FR6517933820_UHD.jpg
[16:12:54] Picture infomations saved to  global/fr-FR/README.md
[16:12:54] Picture infomations saved to global/fr-FR/history/2024/02/19_fr-FR.md
[16:12:54] Start geting global Bing Wallpaper, region=de-DE, local time is 2024-02-19 17:12:54.382096+01:00
[16:12:54] Successful get url: https://www.bing.com/th?id=OHR.CarnavalTenerife_DE-DE3563683527_UHD.jpg
[16:12:54] Picture infomations saved to  global/de-DE/README.md
[16:12:54] Picture infomations saved to global/de-DE/history/2024/02/19_de-DE.md
[16:12:54] Start geting global Bing Wallpaper, region=en-CA, local time is 2024-02-19 11:12:54.870795-05:00
[16:12:54] Successful get url: https://www.bing.com/th?id=OHR.TajoRiver_EN-CA7817370984_UHD.jpg
[16:12:55] Picture infomations saved to  global/en-CA/README.md
[16:12:55] Picture infomations saved to global/en-CA/history/2024/02/20_en-CA.md
[16:12:55] Start geting global Bing Wallpaper, region=en-GB, local time is 2024-02-19 16:12:55.282617+00:00
[16:12:55] Successful get url: https://www.bing.com/th?id=OHR.CarnavalTenerife_EN-GB7377141712_UHD.jpg
[16:12:55] Picture infomations saved to  global/en-GB/README.md
[16:12:55] Picture infomations saved to global/en-GB/history/2024/02/20_en-GB.md
[16:12:55] Start geting global Bing Wallpaper, region=it-IT, local time is 2024-02-19 17:12:55.727085+01:00
[16:12:55] Successful get url: https://www.bing.com/th?id=OHR.CarnavalTenerife_IT-IT6859565404_UHD.jpg
[16:12:56] Picture infomations saved to  global/it-IT/README.md
[16:12:56] Picture infomations saved to global/it-IT/history/2024/02/19_it-IT.md
[16:12:56] Start geting global Bing Wallpaper, region=es-ES, local time is 2024-02-19 17:12:56.166172+01:00
[16:12:56] Successful get url: https://www.bing.com/th?id=OHR.LakeDolomites_ES-ES6192174568_UHD.jpg
[16:12:56] Picture infomations saved to  global/es-ES/README.md
[16:12:56] Picture infomations saved to global/es-ES/history/2024/02/19_es-ES.md
[16:12:56] Start geting global Bing Wallpaper, region=fr-CA, local time is 2024-02-19 11:12:56.632222-05:00
[16:12:56] Successful get url: https://www.bing.com/th?id=OHR.DominicaWhales_FR-CA0090567562_UHD.jpg
[16:12:57] Picture infomations saved to  global/fr-CA/README.md
[16:12:57] Picture infomations saved to global/fr-CA/history/2024/02/20_fr-CA.md
Program exit at 16:12:57
