
Program started at 09:21:19
Operating System Name: Linux
Operating System Version: #19~22.04.1-Ubuntu SMP Wed Jan 10 22:57:03 UTC 2024
System Architecture: ('64bit', 'ELF')
Computer Type: x86_64
Computer Name: fv-az1538-405
Processor Type: x86_64
Python Version: 3.12.2
Python Interpreter Name: CPython
[09:21:19] Start geting CN Bing Wallpaper
[09:21:19] Successful get url: https://www.bing.com/th?id=OHR.BamburghCastleUK_ZH-CN3201531782_UHD.jpg
[09:21:19] Image saved to img/background.jpg
[09:21:19] Info saved to README.md
[09:21:19] Image saved to history/2024/02/28.md
[09:21:19] Start geting global Bing Wallpaper, region=en-US, local time is 2024-02-28 04:21:19.859251-05:00
[09:21:19] Successful get url: https://www.bing.com/th?id=OHR.BamburghCastleUK_EN-US3358821704_UHD.jpg
[09:21:20] Picture infomations saved to  global/en-US/README.md
[09:21:20] Picture infomations saved to global/en-US/history/2024/02/29_en-US.md
[09:21:20] Start geting global Bing Wallpaper, region=ja-JP, local time is 2024-02-28 18:21:20.054253+09:00
[09:21:20] Successful get url: https://www.bing.com/th?id=OHR.BamburghCastleUK_JA-JP0209461050_UHD.jpg
[09:21:20] Picture infomations saved to  global/ja-JP/README.md
[09:21:20] Picture infomations saved to global/ja-JP/history/2024/02/28_ja-JP.md
[09:21:20] Start geting global Bing Wallpaper, region=en-IN, local time is 2024-02-28 14:51:20.272297+05:30
[09:21:20] Successful get url: https://www.bing.com/th?id=OHR.BamburghCastleUK_EN-IN2760491461_UHD.jpg
[09:21:20] Picture infomations saved to  global/en-IN/README.md
[09:21:20] Picture infomations saved to global/en-IN/history/2024/02/28_en-IN.md
[09:21:20] Start geting global Bing Wallpaper, region=pt-BR, local time is 2024-02-28 06:21:20.611805-03:00
[09:21:20] Successful get url: https://www.bing.com/th?id=OHR.BamburghCastleUK_PT-BR0750396632_UHD.jpg
[09:21:20] Picture infomations saved to  global/pt-BR/README.md
[09:21:20] Picture infomations saved to global/pt-BR/history/2024/02/29_pt-BR.md
[09:21:20] Start geting global Bing Wallpaper, region=fr-FR, local time is 2024-02-28 10:21:20.810044+01:00
[09:21:20] Successful get url: https://www.bing.com/th?id=OHR.BamburghCastleUK_FR-FR3136425670_UHD.jpg
[09:21:21] Picture infomations saved to  global/fr-FR/README.md
[09:21:21] Picture infomations saved to global/fr-FR/history/2024/02/28_fr-FR.md
[09:21:21] Start geting global Bing Wallpaper, region=de-DE, local time is 2024-02-28 10:21:21.003272+01:00
[09:21:21] Successful get url: https://www.bing.com/th?id=OHR.BamburghCastleUK_DE-DE7368019020_UHD.jpg
[09:21:21] Picture infomations saved to  global/de-DE/README.md
[09:21:21] Picture infomations saved to global/de-DE/history/2024/02/28_de-DE.md
[09:21:21] Start geting global Bing Wallpaper, region=en-CA, local time is 2024-02-28 04:21:21.199913-05:00
[09:21:21] Successful get url: https://www.bing.com/th?id=OHR.BamburghCastleUK_EN-CA8209720771_UHD.jpg
[09:21:21] Picture infomations saved to  global/en-CA/README.md
[09:21:21] Picture infomations saved to global/en-CA/history/2024/02/29_en-CA.md
[09:21:21] Start geting global Bing Wallpaper, region=en-GB, local time is 2024-02-28 09:21:21.394402+00:00
[09:21:21] Successful get url: https://www.bing.com/th?id=OHR.BamburghCastleUK_EN-GB3792083746_UHD.jpg
[09:21:21] Picture infomations saved to  global/en-GB/README.md
[09:21:21] Picture infomations saved to global/en-GB/history/2024/02/29_en-GB.md
[09:21:21] Start geting global Bing Wallpaper, region=it-IT, local time is 2024-02-28 10:21:21.635628+01:00
[09:21:21] Successful get url: https://www.bing.com/th?id=OHR.BamburghCastleUK_IT-IT5518925488_UHD.jpg
[09:21:21] Picture infomations saved to  global/it-IT/README.md
[09:21:21] Picture infomations saved to global/it-IT/history/2024/02/28_it-IT.md
[09:21:21] Start geting global Bing Wallpaper, region=es-ES, local time is 2024-02-28 10:21:21.829830+01:00
[09:21:21] Successful get url: https://www.bing.com/th?id=OHR.SevilleAndalusiaDay_ES-ES5223382941_UHD.jpg
[09:21:22] Picture infomations saved to  global/es-ES/README.md
[09:21:22] Picture infomations saved to global/es-ES/history/2024/02/28_es-ES.md
[09:21:22] Start geting global Bing Wallpaper, region=fr-CA, local time is 2024-02-28 04:21:22.037267-05:00
[09:21:22] Successful get url: https://www.bing.com/th?id=OHR.BamburghCastleUK_FR-CA0361606003_UHD.jpg
[09:21:22] Picture infomations saved to  global/fr-CA/README.md
[09:21:22] Picture infomations saved to global/fr-CA/history/2024/02/29_fr-CA.md
Program exit at 09:21:22

Program started at 16:11:32
Operating System Name: Linux
Operating System Version: #15~22.04.1-Ubuntu SMP Tue Feb 13 01:15:12 UTC 2024
System Architecture: ('64bit', 'ELF')
Computer Type: x86_64
Computer Name: fv-az692-297
Processor Type: x86_64
Python Version: 3.12.2
Python Interpreter Name: CPython
[16:11:32] Start geting CN Bing Wallpaper
[16:11:32] Successful get url: https://www.bing.com/th?id=OHR.LeapingSquirrel_ZH-CN9112090462_UHD.jpg
[16:11:32] Image saved to img/background.jpg
[16:11:32] Info saved to README.md
[16:11:32] Image saved to history/2024/02/29.md
[16:11:32] Start geting global Bing Wallpaper, region=en-US, local time is 2024-02-28 11:11:32.618637-05:00
[16:11:32] Successful get url: https://www.bing.com/th?id=OHR.BamburghCastleUK_EN-US3358821704_UHD.jpg
[16:11:32] Picture infomations saved to  global/en-US/README.md
[16:11:32] Picture infomations saved to global/en-US/history/2024/02/29_en-US.md
[16:11:32] Start geting global Bing Wallpaper, region=ja-JP, local time is 2024-02-29 01:11:32.769299+09:00
[16:11:32] Successful get url: https://www.bing.com/th?id=OHR.VermilionCliffs_JA-JP0444568228_UHD.jpg
[16:11:33] Picture infomations saved to  global/ja-JP/README.md
[16:11:33] Picture infomations saved to global/ja-JP/history/2024/02/29_ja-JP.md
[16:11:33] Start geting global Bing Wallpaper, region=en-IN, local time is 2024-02-28 21:41:33.046568+05:30
[16:11:33] Successful get url: https://www.bing.com/th?id=OHR.BamburghCastleUK_EN-IN2760491461_UHD.jpg
[16:11:33] Picture infomations saved to  global/en-IN/README.md
[16:11:33] Picture infomations saved to global/en-IN/history/2024/02/28_en-IN.md
[16:11:33] Start geting global Bing Wallpaper, region=pt-BR, local time is 2024-02-28 13:11:33.245782-03:00
[16:11:33] Successful get url: https://www.bing.com/th?id=OHR.BamburghCastleUK_PT-BR0750396632_UHD.jpg
[16:11:33] Picture infomations saved to  global/pt-BR/README.md
[16:11:33] Picture infomations saved to global/pt-BR/history/2024/02/29_pt-BR.md
[16:11:33] Start geting global Bing Wallpaper, region=fr-FR, local time is 2024-02-28 17:11:33.529566+01:00
[16:11:33] Successful get url: https://www.bing.com/th?id=OHR.BamburghCastleUK_FR-FR3136425670_UHD.jpg
[16:11:33] Picture infomations saved to  global/fr-FR/README.md
[16:11:33] Picture infomations saved to global/fr-FR/history/2024/02/28_fr-FR.md
[16:11:33] Start geting global Bing Wallpaper, region=de-DE, local time is 2024-02-28 17:11:33.751987+01:00
[16:11:33] Successful get url: https://www.bing.com/th?id=OHR.BamburghCastleUK_DE-DE7368019020_UHD.jpg
[16:11:33] Picture infomations saved to  global/de-DE/README.md
[16:11:33] Picture infomations saved to global/de-DE/history/2024/02/28_de-DE.md
[16:11:33] Start geting global Bing Wallpaper, region=en-CA, local time is 2024-02-28 11:11:33.925987-05:00
[16:11:33] Successful get url: https://www.bing.com/th?id=OHR.BamburghCastleUK_EN-CA8209720771_UHD.jpg
[16:11:34] Picture infomations saved to  global/en-CA/README.md
[16:11:34] Picture infomations saved to global/en-CA/history/2024/02/29_en-CA.md
[16:11:34] Start geting global Bing Wallpaper, region=en-GB, local time is 2024-02-28 16:11:34.074233+00:00
[16:11:34] Successful get url: https://www.bing.com/th?id=OHR.BamburghCastleUK_EN-GB3792083746_UHD.jpg
[16:11:34] Picture infomations saved to  global/en-GB/README.md
[16:11:34] Picture infomations saved to global/en-GB/history/2024/02/29_en-GB.md
[16:11:34] Start geting global Bing Wallpaper, region=it-IT, local time is 2024-02-28 17:11:34.338268+01:00
[16:11:34] Successful get url: https://www.bing.com/th?id=OHR.BamburghCastleUK_IT-IT5518925488_UHD.jpg
[16:11:34] Picture infomations saved to  global/it-IT/README.md
[16:11:34] Picture infomations saved to global/it-IT/history/2024/02/28_it-IT.md
[16:11:34] Start geting global Bing Wallpaper, region=es-ES, local time is 2024-02-28 17:11:34.570523+01:00
[16:11:34] Successful get url: https://www.bing.com/th?id=OHR.SevilleAndalusiaDay_ES-ES5223382941_UHD.jpg
[16:11:34] Picture infomations saved to  global/es-ES/README.md
[16:11:34] Picture infomations saved to global/es-ES/history/2024/02/28_es-ES.md
[16:11:34] Start geting global Bing Wallpaper, region=fr-CA, local time is 2024-02-28 11:11:34.823321-05:00
[16:11:34] Successful get url: https://www.bing.com/th?id=OHR.BamburghCastleUK_FR-CA0361606003_UHD.jpg
[16:11:35] Picture infomations saved to  global/fr-CA/README.md
[16:11:35] Picture infomations saved to global/fr-CA/history/2024/02/29_fr-CA.md
Program exit at 16:11:35
