
Program started at 09:20:37
Operating System Name: Linux
Operating System Version: #19~22.04.1-Ubuntu SMP Wed Jan 10 22:57:03 UTC 2024
System Architecture: ('64bit', 'ELF')
Computer Type: x86_64
Computer Name: fv-az1022-36
Processor Type: x86_64
Python Version: 3.12.1
Python Interpreter Name: CPython
[09:20:37] Start geting CN Bing Wallpaper
[09:20:37] Successful get url: https://www.bing.com/th?id=OHR.VeniceCarnival_ZH-CN4965898587_UHD.jpg
[09:20:37] Image saved to img/background.jpg
[09:20:37] Info saved to README.md
[09:20:37] Image saved to history/2024/02/03.md
[09:20:37] Start geting global Bing Wallpaper, region=en-US, local time is 2024-02-03 04:20:37.886847-05:00
[09:20:37] Successful get url: https://www.bing.com/th?id=OHR.VeniceCarnival_EN-US7857642609_UHD.jpg
[09:20:38] Picture infomations saved to  global/en-US/README.md
[09:20:38] Picture infomations saved to global/en-US/history/2024/02/04_en-US.md
[09:20:38] Start geting global Bing Wallpaper, region=ja-JP, local time is 2024-02-03 18:20:38.075768+09:00
[09:20:38] Successful get url: https://www.bing.com/th?id=OHR.Hakodate2024_JA-JP0227242180_UHD.jpg
[09:20:38] Picture infomations saved to  global/ja-JP/README.md
[09:20:38] Picture infomations saved to global/ja-JP/history/2024/02/03_ja-JP.md
[09:20:38] Start geting global Bing Wallpaper, region=en-IN, local time is 2024-02-03 14:50:38.240881+05:30
[09:20:38] Successful get url: https://www.bing.com/th?id=OHR.VeniceCarnival_EN-IN3995000071_UHD.jpg
[09:20:38] Picture infomations saved to  global/en-IN/README.md
[09:20:38] Picture infomations saved to global/en-IN/history/2024/02/03_en-IN.md
[09:20:38] Start geting global Bing Wallpaper, region=pt-BR, local time is 2024-02-03 06:20:38.425883-03:00
[09:20:38] Successful get url: https://www.bing.com/th?id=OHR.VeniceCarnival_PT-BR2721773267_UHD.jpg
[09:20:38] Picture infomations saved to  global/pt-BR/README.md
[09:20:38] Picture infomations saved to global/pt-BR/history/2024/02/04_pt-BR.md
[09:20:38] Start geting global Bing Wallpaper, region=fr-FR, local time is 2024-02-03 10:20:38.574144+01:00
[09:20:38] Successful get url: https://www.bing.com/th?id=OHR.VeniceCarnival_FR-FR7084522294_UHD.jpg
[09:20:38] Picture infomations saved to  global/fr-FR/README.md
[09:20:38] Picture infomations saved to global/fr-FR/history/2024/02/03_fr-FR.md
[09:20:38] Start geting global Bing Wallpaper, region=de-DE, local time is 2024-02-03 10:20:38.739704+01:00
[09:20:38] Successful get url: https://www.bing.com/th?id=OHR.VeniceCarnival_DE-DE9873730280_UHD.jpg
[09:20:38] Picture infomations saved to  global/de-DE/README.md
[09:20:38] Picture infomations saved to global/de-DE/history/2024/02/03_de-DE.md
[09:20:38] Start geting global Bing Wallpaper, region=en-CA, local time is 2024-02-03 04:20:38.922096-05:00
[09:20:39] Successful get url: https://www.bing.com/th?id=OHR.VeniceCarnival_EN-CA6952595952_UHD.jpg
[09:20:39] Picture infomations saved to  global/en-CA/README.md
[09:20:39] Picture infomations saved to global/en-CA/history/2024/02/04_en-CA.md
[09:20:39] Start geting global Bing Wallpaper, region=en-GB, local time is 2024-02-03 09:20:39.066055+00:00
[09:20:39] Successful get url: https://www.bing.com/th?id=OHR.VeniceCarnival_EN-GB9928247347_UHD.jpg
[09:20:39] Picture infomations saved to  global/en-GB/README.md
[09:20:39] Picture infomations saved to global/en-GB/history/2024/02/04_en-GB.md
[09:20:39] Start geting global Bing Wallpaper, region=it-IT, local time is 2024-02-03 10:20:39.268171+01:00
[09:20:39] Successful get url: https://www.bing.com/th?id=OHR.LakeTahoeRock_IT-IT1070329112_UHD.jpg
[09:20:39] Picture infomations saved to  global/it-IT/README.md
[09:20:39] Picture infomations saved to global/it-IT/history/2024/02/03_it-IT.md
[09:20:39] Start geting global Bing Wallpaper, region=es-ES, local time is 2024-02-03 10:20:39.414890+01:00
[09:20:39] Successful get url: https://www.bing.com/th?id=OHR.VeniceCarnival_ES-ES7097735024_UHD.jpg
[09:20:39] Picture infomations saved to  global/es-ES/README.md
[09:20:39] Picture infomations saved to global/es-ES/history/2024/02/03_es-ES.md
[09:20:39] Start geting global Bing Wallpaper, region=fr-CA, local time is 2024-02-03 04:20:39.564070-05:00
[09:20:39] Successful get url: https://www.bing.com/th?id=OHR.VeniceCarnival_FR-CA0730943372_UHD.jpg
[09:20:39] Picture infomations saved to  global/fr-CA/README.md
[09:20:39] Picture infomations saved to global/fr-CA/history/2024/02/04_fr-CA.md
Program exit at 09:20:39

Program started at 16:11:34
Operating System Name: Linux
Operating System Version: #19~22.04.1-Ubuntu SMP Wed Jan 10 22:57:03 UTC 2024
System Architecture: ('64bit', 'ELF')
Computer Type: x86_64
Computer Name: fv-az568-816
Processor Type: x86_64
Python Version: 3.12.1
Python Interpreter Name: CPython
[16:11:34] Start geting CN Bing Wallpaper
[16:11:34] Successful get url: https://www.bing.com/th?id=OHR.DevetashkaCave_ZH-CN5186222166_UHD.jpg
[16:11:34] Image saved to img/background.jpg
[16:11:34] Info saved to README.md
[16:11:34] Image saved to history/2024/02/04.md
[16:11:34] Start geting global Bing Wallpaper, region=en-US, local time is 2024-02-03 11:11:34.388318-05:00
[16:11:34] Successful get url: https://www.bing.com/th?id=OHR.VeniceCarnival_EN-US7857642609_UHD.jpg
[16:11:34] Picture infomations saved to  global/en-US/README.md
[16:11:34] Picture infomations saved to global/en-US/history/2024/02/04_en-US.md
[16:11:34] Start geting global Bing Wallpaper, region=ja-JP, local time is 2024-02-04 01:11:34.564005+09:00
[16:11:34] Successful get url: https://www.bing.com/th?id=OHR.Risshun2024_JA-JP0473025978_UHD.jpg
[16:11:34] Picture infomations saved to  global/ja-JP/README.md
[16:11:34] Picture infomations saved to global/ja-JP/history/2024/02/04_ja-JP.md
[16:11:34] Start geting global Bing Wallpaper, region=en-IN, local time is 2024-02-03 21:41:34.730010+05:30
[16:11:34] Successful get url: https://www.bing.com/th?id=OHR.VeniceCarnival_EN-IN3995000071_UHD.jpg
[16:11:34] Picture infomations saved to  global/en-IN/README.md
[16:11:34] Picture infomations saved to global/en-IN/history/2024/02/03_en-IN.md
[16:11:34] Start geting global Bing Wallpaper, region=pt-BR, local time is 2024-02-03 13:11:34.963924-03:00
[16:11:35] Successful get url: https://www.bing.com/th?id=OHR.VeniceCarnival_PT-BR2721773267_UHD.jpg
[16:11:35] Picture infomations saved to  global/pt-BR/README.md
[16:11:35] Picture infomations saved to global/pt-BR/history/2024/02/04_pt-BR.md
[16:11:35] Start geting global Bing Wallpaper, region=fr-FR, local time is 2024-02-03 17:11:35.121832+01:00
[16:11:35] Successful get url: https://www.bing.com/th?id=OHR.VeniceCarnival_FR-FR7084522294_UHD.jpg
[16:11:35] Picture infomations saved to  global/fr-FR/README.md
[16:11:35] Picture infomations saved to global/fr-FR/history/2024/02/03_fr-FR.md
[16:11:35] Start geting global Bing Wallpaper, region=de-DE, local time is 2024-02-03 17:11:35.286607+01:00
[16:11:35] Successful get url: https://www.bing.com/th?id=OHR.VeniceCarnival_DE-DE9873730280_UHD.jpg
[16:11:35] Picture infomations saved to  global/de-DE/README.md
[16:11:35] Picture infomations saved to global/de-DE/history/2024/02/03_de-DE.md
[16:11:35] Start geting global Bing Wallpaper, region=en-CA, local time is 2024-02-03 11:11:35.453819-05:00
[16:11:35] Successful get url: https://www.bing.com/th?id=OHR.VeniceCarnival_EN-CA6952595952_UHD.jpg
[16:11:35] Picture infomations saved to  global/en-CA/README.md
[16:11:35] Picture infomations saved to global/en-CA/history/2024/02/04_en-CA.md
[16:11:35] Start geting global Bing Wallpaper, region=en-GB, local time is 2024-02-03 16:11:35.633462+00:00
[16:11:35] Successful get url: https://www.bing.com/th?id=OHR.VeniceCarnival_EN-GB9928247347_UHD.jpg
[16:11:35] Picture infomations saved to  global/en-GB/README.md
[16:11:35] Picture infomations saved to global/en-GB/history/2024/02/04_en-GB.md
[16:11:35] Start geting global Bing Wallpaper, region=it-IT, local time is 2024-02-03 17:11:35.848868+01:00
[16:11:35] Successful get url: https://www.bing.com/th?id=OHR.LakeTahoeRock_IT-IT1070329112_UHD.jpg
[16:11:36] Picture infomations saved to  global/it-IT/README.md
[16:11:36] Picture infomations saved to global/it-IT/history/2024/02/03_it-IT.md
[16:11:36] Start geting global Bing Wallpaper, region=es-ES, local time is 2024-02-03 17:11:36.008178+01:00
[16:11:36] Successful get url: https://www.bing.com/th?id=OHR.VeniceCarnival_ES-ES7097735024_UHD.jpg
[16:11:36] Picture infomations saved to  global/es-ES/README.md
[16:11:36] Picture infomations saved to global/es-ES/history/2024/02/03_es-ES.md
[16:11:36] Start geting global Bing Wallpaper, region=fr-CA, local time is 2024-02-03 11:11:36.180963-05:00
[16:11:36] Successful get url: https://www.bing.com/th?id=OHR.VeniceCarnival_FR-CA0730943372_UHD.jpg
[16:11:36] Picture infomations saved to  global/fr-CA/README.md
[16:11:36] Picture infomations saved to global/fr-CA/history/2024/02/04_fr-CA.md
Program exit at 16:11:36
