
Program started at 09:21:11
Operating System Name: Linux
Operating System Version: #19~22.04.1-Ubuntu SMP Wed Jan 10 22:57:03 UTC 2024
System Architecture: ('64bit', 'ELF')
Computer Type: x86_64
Computer Name: fv-az692-664
Processor Type: x86_64
Python Version: 3.12.1
Python Interpreter Name: CPython
[09:21:11] Start geting CN Bing Wallpaper
[09:21:11] Successful get url: https://www.bing.com/th?id=OHR.MtHoodOregon_ZH-CN6068357532_UHD.jpg
[09:21:11] Image saved to img/background.jpg
[09:21:11] Info saved to README.md
[09:21:11] Image saved to history/2024/02/08.md
[09:21:11] Start geting global Bing Wallpaper, region=en-US, local time is 2024-02-08 04:21:11.744524-05:00
[09:21:11] Successful get url: https://www.bing.com/th?id=OHR.MtHoodOregon_EN-US8773825867_UHD.jpg
[09:21:11] Picture infomations saved to  global/en-US/README.md
[09:21:11] Picture infomations saved to global/en-US/history/2024/02/09_en-US.md
[09:21:11] Start geting global Bing Wallpaper, region=ja-JP, local time is 2024-02-08 18:21:11.919772+09:00
[09:21:11] Successful get url: https://www.bing.com/th?id=OHR.MtHoodOregon_JA-JP1952709545_UHD.jpg
[09:21:12] Picture infomations saved to  global/ja-JP/README.md
[09:21:12] Picture infomations saved to global/ja-JP/history/2024/02/08_ja-JP.md
[09:21:12] Start geting global Bing Wallpaper, region=en-IN, local time is 2024-02-08 14:51:12.123319+05:30
[09:21:12] Successful get url: https://www.bing.com/th?id=OHR.MtHoodOregon_EN-IN0378754040_UHD.jpg
[09:21:12] Picture infomations saved to  global/en-IN/README.md
[09:21:12] Picture infomations saved to global/en-IN/history/2024/02/08_en-IN.md
[09:21:12] Start geting global Bing Wallpaper, region=pt-BR, local time is 2024-02-08 06:21:12.304931-03:00
[09:21:12] Successful get url: https://www.bing.com/th?id=OHR.MtHoodOregon_PT-BR4355402757_UHD.jpg
[09:21:12] Picture infomations saved to  global/pt-BR/README.md
[09:21:12] Picture infomations saved to global/pt-BR/history/2024/02/09_pt-BR.md
[09:21:12] Start geting global Bing Wallpaper, region=fr-FR, local time is 2024-02-08 10:21:12.502701+01:00
[09:21:12] Successful get url: https://www.bing.com/th?id=OHR.MtHoodOregon_FR-FR7401351171_UHD.jpg
[09:21:12] Picture infomations saved to  global/fr-FR/README.md
[09:21:12] Picture infomations saved to global/fr-FR/history/2024/02/08_fr-FR.md
[09:21:12] Start geting global Bing Wallpaper, region=de-DE, local time is 2024-02-08 10:21:12.695208+01:00
[09:21:12] Successful get url: https://www.bing.com/th?id=OHR.MtHoodOregon_DE-DE1892795022_UHD.jpg
[09:21:12] Picture infomations saved to  global/de-DE/README.md
[09:21:12] Picture infomations saved to global/de-DE/history/2024/02/08_de-DE.md
[09:21:12] Start geting global Bing Wallpaper, region=en-CA, local time is 2024-02-08 04:21:12.882739-05:00
[09:21:12] Successful get url: https://www.bing.com/th?id=OHR.MtHoodOregon_EN-CA4458868395_UHD.jpg
[09:21:13] Picture infomations saved to  global/en-CA/README.md
[09:21:13] Picture infomations saved to global/en-CA/history/2024/02/09_en-CA.md
[09:21:13] Start geting global Bing Wallpaper, region=en-GB, local time is 2024-02-08 09:21:13.045942+00:00
[09:21:13] Successful get url: https://www.bing.com/th?id=OHR.MtHoodOregon_EN-GB3166689282_UHD.jpg
[09:21:13] Picture infomations saved to  global/en-GB/README.md
[09:21:13] Picture infomations saved to global/en-GB/history/2024/02/09_en-GB.md
[09:21:13] Start geting global Bing Wallpaper, region=it-IT, local time is 2024-02-08 10:21:13.210722+01:00
[09:21:13] Successful get url: https://www.bing.com/th?id=OHR.MtHoodOregon_IT-IT1426084840_UHD.jpg
[09:21:13] Picture infomations saved to  global/it-IT/README.md
[09:21:13] Picture infomations saved to global/it-IT/history/2024/02/08_it-IT.md
[09:21:13] Start geting global Bing Wallpaper, region=es-ES, local time is 2024-02-08 10:21:13.407896+01:00
[09:21:13] Successful get url: https://www.bing.com/th?id=OHR.MtHoodOregon_ES-ES8487119175_UHD.jpg
[09:21:13] Picture infomations saved to  global/es-ES/README.md
[09:21:13] Picture infomations saved to global/es-ES/history/2024/02/08_es-ES.md
[09:21:13] Start geting global Bing Wallpaper, region=fr-CA, local time is 2024-02-08 04:21:13.592310-05:00
[09:21:13] Successful get url: https://www.bing.com/th?id=OHR.MtHoodOregon_FR-CA1616294369_UHD.jpg
[09:21:13] Picture infomations saved to  global/fr-CA/README.md
[09:21:13] Picture infomations saved to global/fr-CA/history/2024/02/09_fr-CA.md
Program exit at 09:21:13
