
Program started at 09:21:36
Operating System Name: Linux
Operating System Version: #19~22.04.1-Ubuntu SMP Wed Jan 10 22:57:03 UTC 2024
System Architecture: ('64bit', 'ELF')
Computer Type: x86_64
Computer Name: fv-az979-770
Processor Type: x86_64
Python Version: 3.12.1
Python Interpreter Name: CPython
[09:21:36] Start geting CN Bing Wallpaper
[09:21:36] Successful get url: https://www.bing.com/th?id=OHR.LakeBledSunrise_ZH-CN5580697031_UHD.jpg
[09:21:36] Image saved to img/background.jpg
[09:21:36] Info saved to README.md
[09:21:36] Image saved to history/2024/02/05.md
[09:21:36] Start geting global Bing Wallpaper, region=en-US, local time is 2024-02-05 04:21:36.443810-05:00
[09:21:36] Successful get url: https://www.bing.com/th?id=OHR.WesternMonarchs_EN-US8386035297_UHD.jpg
[09:21:36] Picture infomations saved to  global/en-US/README.md
[09:21:36] Picture infomations saved to global/en-US/history/2024/02/06_en-US.md
[09:21:36] Start geting global Bing Wallpaper, region=ja-JP, local time is 2024-02-05 18:21:36.623587+09:00
[09:21:36] Successful get url: https://www.bing.com/th?id=OHR.TeideNational_JA-JP0929359307_UHD.jpg
[09:21:36] Picture infomations saved to  global/ja-JP/README.md
[09:21:36] Picture infomations saved to global/ja-JP/history/2024/02/05_ja-JP.md
[09:21:36] Start geting global Bing Wallpaper, region=en-IN, local time is 2024-02-05 14:51:36.875096+05:30
[09:21:36] Successful get url: https://www.bing.com/th?id=OHR.WesternMonarchs_EN-IN8519228057_UHD.jpg
[09:21:37] Picture infomations saved to  global/en-IN/README.md
[09:21:37] Picture infomations saved to global/en-IN/history/2024/02/05_en-IN.md
[09:21:37] Start geting global Bing Wallpaper, region=pt-BR, local time is 2024-02-05 06:21:37.036259-03:00
[09:21:37] Successful get url: https://www.bing.com/th?id=OHR.WesternMonarchs_PT-BR3062491558_UHD.jpg
[09:21:37] Picture infomations saved to  global/pt-BR/README.md
[09:21:37] Picture infomations saved to global/pt-BR/history/2024/02/06_pt-BR.md
[09:21:37] Start geting global Bing Wallpaper, region=fr-FR, local time is 2024-02-05 10:21:37.186173+01:00
[09:21:37] Successful get url: https://www.bing.com/th?id=OHR.WesternMonarchs_FR-FR5198463793_UHD.jpg
[09:21:37] Picture infomations saved to  global/fr-FR/README.md
[09:21:37] Picture infomations saved to global/fr-FR/history/2024/02/05_fr-FR.md
[09:21:37] Start geting global Bing Wallpaper, region=de-DE, local time is 2024-02-05 10:21:37.366354+01:00
[09:21:37] Successful get url: https://www.bing.com/th?id=OHR.MunichOperaHouse_DE-DE1491407214_UHD.jpg
[09:21:37] Picture infomations saved to  global/de-DE/README.md
[09:21:37] Picture infomations saved to global/de-DE/history/2024/02/05_de-DE.md
[09:21:37] Start geting global Bing Wallpaper, region=en-CA, local time is 2024-02-05 04:21:37.540591-05:00
[09:21:37] Successful get url: https://www.bing.com/th?id=OHR.WesternMonarchs_EN-CA8984177502_UHD.jpg
[09:21:37] Picture infomations saved to  global/en-CA/README.md
[09:21:37] Picture infomations saved to global/en-CA/history/2024/02/06_en-CA.md
[09:21:37] Start geting global Bing Wallpaper, region=en-GB, local time is 2024-02-05 09:21:37.695626+00:00
[09:21:37] Successful get url: https://www.bing.com/th?id=OHR.HawkOwl_EN-GB0033020646_UHD.jpg
[09:21:37] Picture infomations saved to  global/en-GB/README.md
[09:21:37] Picture infomations saved to global/en-GB/history/2024/02/06_en-GB.md
[09:21:37] Start geting global Bing Wallpaper, region=it-IT, local time is 2024-02-05 10:21:37.845869+01:00
[09:21:37] Successful get url: https://www.bing.com/th?id=OHR.WesternMonarchs_IT-IT2924035412_UHD.jpg
[09:21:37] Picture infomations saved to  global/it-IT/README.md
[09:21:37] Picture infomations saved to global/it-IT/history/2024/02/05_it-IT.md
[09:21:37] Start geting global Bing Wallpaper, region=es-ES, local time is 2024-02-05 10:21:37.992678+01:00
[09:21:38] Successful get url: https://www.bing.com/th?id=OHR.WesternMonarchs_ES-ES7926880512_UHD.jpg
[09:21:38] Picture infomations saved to  global/es-ES/README.md
[09:21:38] Picture infomations saved to global/es-ES/history/2024/02/05_es-ES.md
[09:21:38] Start geting global Bing Wallpaper, region=fr-CA, local time is 2024-02-05 04:21:38.139934-05:00
[09:21:38] Successful get url: https://www.bing.com/th?id=OHR.WesternMonarchs_FR-CA1142719903_UHD.jpg
[09:21:38] Picture infomations saved to  global/fr-CA/README.md
[09:21:38] Picture infomations saved to global/fr-CA/history/2024/02/06_fr-CA.md
Program exit at 09:21:38
