
Program started at 09:24:34
Operating System Name: Linux
Operating System Version: #19~22.04.1-Ubuntu SMP Wed Jan 10 22:57:03 UTC 2024
System Architecture: ('64bit', 'ELF')
Computer Type: x86_64
Computer Name: fv-az979-684
Processor Type: x86_64
Python Version: 3.12.2
Python Interpreter Name: CPython
[09:24:34] Start geting CN Bing Wallpaper
[09:24:34] Successful get url: https://www.bing.com/th?id=OHR.HippopotamusDay_ZH-CN0518367336_UHD.jpg
[09:24:34] Image saved to img/background.jpg
[09:24:34] Info saved to README.md
[09:24:34] Image saved to history/2024/02/15.md
[09:24:34] Start geting global Bing Wallpaper, region=en-US, local time is 2024-02-15 04:24:34.297069-05:00
[09:24:34] Successful get url: https://www.bing.com/th?id=OHR.HippopotamusDay_EN-US7629909300_UHD.jpg
[09:24:34] Picture infomations saved to  global/en-US/README.md
[09:24:34] Picture infomations saved to global/en-US/history/2024/02/16_en-US.md
[09:24:34] Start geting global Bing Wallpaper, region=ja-JP, local time is 2024-02-15 18:24:34.510261+09:00
[09:24:34] Successful get url: https://www.bing.com/th?id=OHR.HippopotamusDay_JA-JP7192785124_UHD.jpg
[09:24:34] Picture infomations saved to  global/ja-JP/README.md
[09:24:34] Picture infomations saved to global/ja-JP/history/2024/02/15_ja-JP.md
[09:24:34] Start geting global Bing Wallpaper, region=en-IN, local time is 2024-02-15 14:54:34.670545+05:30
[09:24:34] Successful get url: https://www.bing.com/th?id=OHR.HippopotamusDay_EN-IN0488110772_UHD.jpg
[09:24:34] Picture infomations saved to  global/en-IN/README.md
[09:24:34] Picture infomations saved to global/en-IN/history/2024/02/15_en-IN.md
[09:24:34] Start geting global Bing Wallpaper, region=pt-BR, local time is 2024-02-15 06:24:34.827932-03:00
[09:24:34] Successful get url: https://www.bing.com/th?id=OHR.HippopotamusDay_PT-BR4524933452_UHD.jpg
[09:24:35] Picture infomations saved to  global/pt-BR/README.md
[09:24:35] Picture infomations saved to global/pt-BR/history/2024/02/16_pt-BR.md
[09:24:35] Start geting global Bing Wallpaper, region=fr-FR, local time is 2024-02-15 10:24:35.010370+01:00
[09:24:35] Successful get url: https://www.bing.com/th?id=OHR.HippopotamusDay_FR-FR5524617155_UHD.jpg
[09:24:35] Picture infomations saved to  global/fr-FR/README.md
[09:24:35] Picture infomations saved to global/fr-FR/history/2024/02/15_fr-FR.md
[09:24:35] Start geting global Bing Wallpaper, region=de-DE, local time is 2024-02-15 10:24:35.177813+01:00
[09:24:35] Successful get url: https://www.bing.com/th?id=OHR.BerlinalePalast_DE-DE2536739383_UHD.jpg
[09:24:35] Picture infomations saved to  global/de-DE/README.md
[09:24:35] Picture infomations saved to global/de-DE/history/2024/02/15_de-DE.md
[09:24:35] Start geting global Bing Wallpaper, region=en-CA, local time is 2024-02-15 04:24:35.404885-05:00
[09:24:35] Successful get url: https://www.bing.com/th?id=OHR.HippopotamusDay_EN-CA3448449315_UHD.jpg
[09:24:35] Picture infomations saved to  global/en-CA/README.md
[09:24:35] Picture infomations saved to global/en-CA/history/2024/02/16_en-CA.md
[09:24:35] Start geting global Bing Wallpaper, region=en-GB, local time is 2024-02-15 09:24:35.614099+00:00
[09:24:35] Successful get url: https://www.bing.com/th?id=OHR.HippopotamusDay_EN-GB3159174291_UHD.jpg
[09:24:35] Picture infomations saved to  global/en-GB/README.md
[09:24:35] Picture infomations saved to global/en-GB/history/2024/02/16_en-GB.md
[09:24:35] Start geting global Bing Wallpaper, region=it-IT, local time is 2024-02-15 10:24:35.783349+01:00
[09:24:35] Successful get url: https://www.bing.com/th?id=OHR.HippopotamusDay_IT-IT9950254763_UHD.jpg
[09:24:35] Picture infomations saved to  global/it-IT/README.md
[09:24:35] Picture infomations saved to global/it-IT/history/2024/02/15_it-IT.md
[09:24:35] Start geting global Bing Wallpaper, region=es-ES, local time is 2024-02-15 10:24:35.930012+01:00
[09:24:36] Successful get url: https://www.bing.com/th?id=OHR.HippopotamusDay_ES-ES1187827553_UHD.jpg
[09:24:36] Picture infomations saved to  global/es-ES/README.md
[09:24:36] Picture infomations saved to global/es-ES/history/2024/02/15_es-ES.md
[09:24:36] Start geting global Bing Wallpaper, region=fr-CA, local time is 2024-02-15 04:24:36.470832-05:00
[09:24:36] Successful get url: https://www.bing.com/th?id=OHR.HippopotamusDay_FR-CA8953449236_UHD.jpg
[09:24:36] Picture infomations saved to  global/fr-CA/README.md
[09:24:36] Picture infomations saved to global/fr-CA/history/2024/02/16_fr-CA.md
Program exit at 09:24:36

Program started at 16:10:54
Operating System Name: Linux
Operating System Version: #19~22.04.1-Ubuntu SMP Wed Jan 10 22:57:03 UTC 2024
System Architecture: ('64bit', 'ELF')
Computer Type: x86_64
Computer Name: fv-az714-520
Processor Type: x86_64
Python Version: 3.12.2
Python Interpreter Name: CPython
[16:10:54] Start geting CN Bing Wallpaper
[16:10:54] Successful get url: https://www.bing.com/th?id=OHR.BackyardBird_ZH-CN0522695977_UHD.jpg
[16:10:54] Image saved to img/background.jpg
[16:10:54] Info saved to README.md
[16:10:54] Image saved to history/2024/02/16.md
[16:10:54] Start geting global Bing Wallpaper, region=en-US, local time is 2024-02-15 11:10:55.039569-05:00
[16:10:55] Successful get url: https://www.bing.com/th?id=OHR.HippopotamusDay_EN-US7629909300_UHD.jpg
[16:10:55] Picture infomations saved to  global/en-US/README.md
[16:10:55] Picture infomations saved to global/en-US/history/2024/02/16_en-US.md
[16:10:55] Start geting global Bing Wallpaper, region=ja-JP, local time is 2024-02-16 01:10:55.473298+09:00
[16:10:55] Successful get url: https://www.bing.com/th?id=OHR.BackyardBird_JA-JP7123530976_UHD.jpg
[16:10:55] Picture infomations saved to  global/ja-JP/README.md
[16:10:55] Picture infomations saved to global/ja-JP/history/2024/02/16_ja-JP.md
[16:10:55] Start geting global Bing Wallpaper, region=en-IN, local time is 2024-02-15 21:40:55.892562+05:30
[16:10:56] Successful get url: https://www.bing.com/th?id=OHR.HippopotamusDay_EN-IN0488110772_UHD.jpg
[16:10:56] Picture infomations saved to  global/en-IN/README.md
[16:10:56] Picture infomations saved to global/en-IN/history/2024/02/15_en-IN.md
[16:10:56] Start geting global Bing Wallpaper, region=pt-BR, local time is 2024-02-15 13:10:56.328221-03:00
[16:10:56] Successful get url: https://www.bing.com/th?id=OHR.HippopotamusDay_PT-BR4524933452_UHD.jpg
[16:10:56] Picture infomations saved to  global/pt-BR/README.md
[16:10:56] Picture infomations saved to global/pt-BR/history/2024/02/16_pt-BR.md
[16:10:56] Start geting global Bing Wallpaper, region=fr-FR, local time is 2024-02-15 17:10:56.756981+01:00
[16:10:56] Successful get url: https://www.bing.com/th?id=OHR.HippopotamusDay_FR-FR5524617155_UHD.jpg
[16:10:57] Picture infomations saved to  global/fr-FR/README.md
[16:10:57] Picture infomations saved to global/fr-FR/history/2024/02/15_fr-FR.md
[16:10:57] Start geting global Bing Wallpaper, region=de-DE, local time is 2024-02-15 17:10:57.202653+01:00
[16:10:57] Successful get url: https://www.bing.com/th?id=OHR.BerlinalePalast_DE-DE2536739383_UHD.jpg
[16:10:57] Picture infomations saved to  global/de-DE/README.md
[16:10:57] Picture infomations saved to global/de-DE/history/2024/02/15_de-DE.md
[16:10:57] Start geting global Bing Wallpaper, region=en-CA, local time is 2024-02-15 11:10:57.609220-05:00
[16:10:57] Successful get url: https://www.bing.com/th?id=OHR.HippopotamusDay_EN-CA3448449315_UHD.jpg
[16:10:58] Picture infomations saved to  global/en-CA/README.md
[16:10:58] Picture infomations saved to global/en-CA/history/2024/02/16_en-CA.md
[16:10:58] Start geting global Bing Wallpaper, region=en-GB, local time is 2024-02-15 16:10:58.042126+00:00
[16:10:58] Successful get url: https://www.bing.com/th?id=OHR.HippopotamusDay_EN-GB3159174291_UHD.jpg
[16:10:58] Picture infomations saved to  global/en-GB/README.md
[16:10:58] Picture infomations saved to global/en-GB/history/2024/02/16_en-GB.md
[16:10:58] Start geting global Bing Wallpaper, region=it-IT, local time is 2024-02-15 17:10:58.596745+01:00
[16:10:58] Successful get url: https://www.bing.com/th?id=OHR.HippopotamusDay_IT-IT9950254763_UHD.jpg
[16:10:58] Picture infomations saved to  global/it-IT/README.md
[16:10:58] Picture infomations saved to global/it-IT/history/2024/02/15_it-IT.md
[16:10:58] Start geting global Bing Wallpaper, region=es-ES, local time is 2024-02-15 17:10:58.985804+01:00
[16:10:59] Successful get url: https://www.bing.com/th?id=OHR.HippopotamusDay_ES-ES1187827553_UHD.jpg
[16:10:59] Picture infomations saved to  global/es-ES/README.md
[16:10:59] Picture infomations saved to global/es-ES/history/2024/02/15_es-ES.md
[16:10:59] Start geting global Bing Wallpaper, region=fr-CA, local time is 2024-02-15 11:10:59.418726-05:00
[16:10:59] Successful get url: https://www.bing.com/th?id=OHR.HippopotamusDay_FR-CA8953449236_UHD.jpg
[16:10:59] Picture infomations saved to  global/fr-CA/README.md
[16:10:59] Picture infomations saved to global/fr-CA/history/2024/02/16_fr-CA.md
Program exit at 16:10:59
