
Program started at 09:24:01
Operating System Name: Linux
Operating System Version: #19~22.04.1-Ubuntu SMP Wed Jan 10 22:57:03 UTC 2024
System Architecture: ('64bit', 'ELF')
Computer Type: x86_64
Computer Name: fv-az1016-635
Processor Type: x86_64
Python Version: 3.12.2
Python Interpreter Name: CPython
[09:24:01] Start geting CN Bing Wallpaper
[09:24:01] Successful get url: https://www.bing.com/th?id=OHR.BrightonBoxes_ZH-CN0947219018_UHD.jpg
[09:24:02] Image saved to img/background.jpg
[09:24:02] Info saved to README.md
[09:24:02] Image saved to history/2024/02/22.md
[09:24:02] Start geting global Bing Wallpaper, region=en-US, local time is 2024-02-22 04:24:02.103666-05:00
[09:24:02] Successful get url: https://www.bing.com/th?id=OHR.BrightonBoxes_EN-US7951266383_UHD.jpg
[09:24:02] Picture infomations saved to  global/en-US/README.md
[09:24:02] Picture infomations saved to global/en-US/history/2024/02/23_en-US.md
[09:24:02] Start geting global Bing Wallpaper, region=ja-JP, local time is 2024-02-22 18:24:02.366358+09:00
[09:24:02] Successful get url: https://www.bing.com/th?id=OHR.BrightonBoxes_JA-JP7289590135_UHD.jpg
[09:24:02] Picture infomations saved to  global/ja-JP/README.md
[09:24:02] Picture infomations saved to global/ja-JP/history/2024/02/22_ja-JP.md
[09:24:02] Start geting global Bing Wallpaper, region=en-IN, local time is 2024-02-22 14:54:02.562463+05:30
[09:24:02] Successful get url: https://www.bing.com/th?id=OHR.BrightonBoxes_EN-IN0857435294_UHD.jpg
[09:24:02] Picture infomations saved to  global/en-IN/README.md
[09:24:02] Picture infomations saved to global/en-IN/history/2024/02/22_en-IN.md
[09:24:02] Start geting global Bing Wallpaper, region=pt-BR, local time is 2024-02-22 06:24:02.767896-03:00
[09:24:02] Successful get url: https://www.bing.com/th?id=OHR.IguazuFalls_PT-BR6454188192_UHD.jpg
[09:24:02] Picture infomations saved to  global/pt-BR/README.md
[09:24:02] Picture infomations saved to global/pt-BR/history/2024/02/23_pt-BR.md
[09:24:02] Start geting global Bing Wallpaper, region=fr-FR, local time is 2024-02-22 10:24:02.976634+01:00
[09:24:03] Successful get url: https://www.bing.com/th?id=OHR.MontBlancChamonix_FR-FR7471811923_UHD.jpg
[09:24:03] Picture infomations saved to  global/fr-FR/README.md
[09:24:03] Picture infomations saved to global/fr-FR/history/2024/02/22_fr-FR.md
[09:24:03] Start geting global Bing Wallpaper, region=de-DE, local time is 2024-02-22 10:24:03.370918+01:00
[09:24:03] Successful get url: https://www.bing.com/th?id=OHR.FrozenSoapBubble_DE-DE1646022530_UHD.jpg
[09:24:03] Picture infomations saved to  global/de-DE/README.md
[09:24:03] Picture infomations saved to global/de-DE/history/2024/02/22_de-DE.md
[09:24:03] Start geting global Bing Wallpaper, region=en-CA, local time is 2024-02-22 04:24:03.561499-05:00
[09:24:03] Successful get url: https://www.bing.com/th?id=OHR.BrightonBoxes_EN-CA0231330528_UHD.jpg
[09:24:03] Picture infomations saved to  global/en-CA/README.md
[09:24:03] Picture infomations saved to global/en-CA/history/2024/02/23_en-CA.md
[09:24:03] Start geting global Bing Wallpaper, region=en-GB, local time is 2024-02-22 09:24:03.749987+00:00
[09:24:03] Successful get url: https://www.bing.com/th?id=OHR.BrightonBoxes_EN-GB5915440281_UHD.jpg
[09:24:03] Picture infomations saved to  global/en-GB/README.md
[09:24:03] Picture infomations saved to global/en-GB/history/2024/02/23_en-GB.md
[09:24:03] Start geting global Bing Wallpaper, region=it-IT, local time is 2024-02-22 10:24:03.944111+01:00
[09:24:04] Successful get url: https://www.bing.com/th?id=OHR.BrightonBoxes_IT-IT6630946422_UHD.jpg
[09:24:04] Picture infomations saved to  global/it-IT/README.md
[09:24:04] Picture infomations saved to global/it-IT/history/2024/02/22_it-IT.md
[09:24:04] Start geting global Bing Wallpaper, region=es-ES, local time is 2024-02-22 10:24:04.132039+01:00
[09:24:04] Successful get url: https://www.bing.com/th?id=OHR.BrightonBoxes_ES-ES5165039579_UHD.jpg
[09:24:04] Picture infomations saved to  global/es-ES/README.md
[09:24:04] Picture infomations saved to global/es-ES/history/2024/02/22_es-ES.md
[09:24:04] Start geting global Bing Wallpaper, region=fr-CA, local time is 2024-02-22 04:24:04.437606-05:00
[09:24:04] Successful get url: https://www.bing.com/th?id=OHR.BrightonBoxes_FR-CA2737885031_UHD.jpg
[09:24:04] Picture infomations saved to  global/fr-CA/README.md
[09:24:04] Picture infomations saved to global/fr-CA/history/2024/02/23_fr-CA.md
Program exit at 09:24:04

Program started at 16:11:35
Operating System Name: Linux
Operating System Version: #19~22.04.1-Ubuntu SMP Wed Jan 10 22:57:03 UTC 2024
System Architecture: ('64bit', 'ELF')
Computer Type: x86_64
Computer Name: fv-az738-284
Processor Type: x86_64
Python Version: 3.12.2
Python Interpreter Name: CPython
[16:11:35] Start geting CN Bing Wallpaper
[16:11:35] Successful get url: https://www.bing.com/th?id=OHR.HaghartsinMonastery_ZH-CN1705226096_UHD.jpg
[16:11:35] Image saved to img/background.jpg
[16:11:35] Info saved to README.md
[16:11:35] Image saved to history/2024/02/23.md
[16:11:35] Start geting global Bing Wallpaper, region=en-US, local time is 2024-02-22 11:11:35.786242-05:00
[16:11:35] Successful get url: https://www.bing.com/th?id=OHR.BrightonBoxes_EN-US7951266383_UHD.jpg
[16:11:36] Picture infomations saved to  global/en-US/README.md
[16:11:36] Picture infomations saved to global/en-US/history/2024/02/23_en-US.md
[16:11:36] Start geting global Bing Wallpaper, region=ja-JP, local time is 2024-02-23 01:11:36.022621+09:00
[16:11:36] Successful get url: https://www.bing.com/th?id=OHR.Fuji2024_JA-JP9270000739_UHD.jpg
[16:11:36] Picture infomations saved to  global/ja-JP/README.md
[16:11:36] Picture infomations saved to global/ja-JP/history/2024/02/23_ja-JP.md
[16:11:36] Start geting global Bing Wallpaper, region=en-IN, local time is 2024-02-22 21:41:36.328089+05:30
[16:11:36] Successful get url: https://www.bing.com/th?id=OHR.BrightonBoxes_EN-IN0857435294_UHD.jpg
[16:11:36] Picture infomations saved to  global/en-IN/README.md
[16:11:36] Picture infomations saved to global/en-IN/history/2024/02/22_en-IN.md
[16:11:36] Start geting global Bing Wallpaper, region=pt-BR, local time is 2024-02-22 13:11:36.538443-03:00
[16:11:36] Successful get url: https://www.bing.com/th?id=OHR.IguazuFalls_PT-BR6454188192_UHD.jpg
[16:11:36] Picture infomations saved to  global/pt-BR/README.md
[16:11:36] Picture infomations saved to global/pt-BR/history/2024/02/23_pt-BR.md
[16:11:36] Start geting global Bing Wallpaper, region=fr-FR, local time is 2024-02-22 17:11:36.740658+01:00
[16:11:36] Successful get url: https://www.bing.com/th?id=OHR.MontBlancChamonix_FR-FR7471811923_UHD.jpg
[16:11:36] Picture infomations saved to  global/fr-FR/README.md
[16:11:36] Picture infomations saved to global/fr-FR/history/2024/02/22_fr-FR.md
[16:11:36] Start geting global Bing Wallpaper, region=de-DE, local time is 2024-02-22 17:11:36.947887+01:00
[16:11:37] Successful get url: https://www.bing.com/th?id=OHR.FrozenSoapBubble_DE-DE1646022530_UHD.jpg
[16:11:37] Picture infomations saved to  global/de-DE/README.md
[16:11:37] Picture infomations saved to global/de-DE/history/2024/02/22_de-DE.md
[16:11:37] Start geting global Bing Wallpaper, region=en-CA, local time is 2024-02-22 11:11:37.155289-05:00
[16:11:37] Successful get url: https://www.bing.com/th?id=OHR.BrightonBoxes_EN-CA0231330528_UHD.jpg
[16:11:37] Picture infomations saved to  global/en-CA/README.md
[16:11:37] Picture infomations saved to global/en-CA/history/2024/02/23_en-CA.md
[16:11:37] Start geting global Bing Wallpaper, region=en-GB, local time is 2024-02-22 16:11:37.394617+00:00
[16:11:37] Successful get url: https://www.bing.com/th?id=OHR.BrightonBoxes_EN-GB5915440281_UHD.jpg
[16:11:37] Picture infomations saved to  global/en-GB/README.md
[16:11:37] Picture infomations saved to global/en-GB/history/2024/02/23_en-GB.md
[16:11:37] Start geting global Bing Wallpaper, region=it-IT, local time is 2024-02-22 17:11:37.633419+01:00
[16:11:37] Successful get url: https://www.bing.com/th?id=OHR.BrightonBoxes_IT-IT6630946422_UHD.jpg
[16:11:37] Picture infomations saved to  global/it-IT/README.md
[16:11:37] Picture infomations saved to global/it-IT/history/2024/02/22_it-IT.md
[16:11:37] Start geting global Bing Wallpaper, region=es-ES, local time is 2024-02-22 17:11:37.824466+01:00
[16:11:37] Successful get url: https://www.bing.com/th?id=OHR.BrightonBoxes_ES-ES5165039579_UHD.jpg
[16:11:38] Picture infomations saved to  global/es-ES/README.md
[16:11:38] Picture infomations saved to global/es-ES/history/2024/02/22_es-ES.md
[16:11:38] Start geting global Bing Wallpaper, region=fr-CA, local time is 2024-02-22 11:11:38.088654-05:00
[16:11:38] Successful get url: https://www.bing.com/th?id=OHR.BrightonBoxes_FR-CA2737885031_UHD.jpg
[16:11:38] Picture infomations saved to  global/fr-CA/README.md
[16:11:38] Picture infomations saved to global/fr-CA/history/2024/02/23_fr-CA.md
Program exit at 16:11:38
