
Program started at 09:21:18
Operating System Name: Linux
Operating System Version: #19~22.04.1-Ubuntu SMP Wed Jan 10 22:57:03 UTC 2024
System Architecture: ('64bit', 'ELF')
Computer Type: x86_64
Computer Name: fv-az1542-171
Processor Type: x86_64
Python Version: 3.12.1
Python Interpreter Name: CPython
[09:21:18] Start geting CN Bing Wallpaper
[09:21:18] Successful get url: https://www.bing.com/th?id=OHR.StJamesPool_ZH-CN5930624359_UHD.jpg
[09:21:19] Image saved to img/background.jpg
[09:21:19] Info saved to README.md
[09:21:19] Image saved to history/2024/02/07.md
[09:21:19] Start geting global Bing Wallpaper, region=en-US, local time is 2024-02-07 04:21:19.106117-05:00
[09:21:19] Successful get url: https://www.bing.com/th?id=OHR.StJamesPool_EN-US8700038796_UHD.jpg
[09:21:19] Picture infomations saved to  global/en-US/README.md
[09:21:19] Picture infomations saved to global/en-US/history/2024/02/08_en-US.md
[09:21:19] Start geting global Bing Wallpaper, region=ja-JP, local time is 2024-02-07 18:21:19.290997+09:00
[09:21:19] Successful get url: https://www.bing.com/th?id=OHR.GrandCanyonVerdon_JA-JP1674672705_UHD.jpg
[09:21:19] Picture infomations saved to  global/ja-JP/README.md
[09:21:19] Picture infomations saved to global/ja-JP/history/2024/02/07_ja-JP.md
[09:21:19] Start geting global Bing Wallpaper, region=en-IN, local time is 2024-02-07 14:51:19.446801+05:30
[09:21:19] Successful get url: https://www.bing.com/th?id=OHR.StJamesPool_EN-IN9666211879_UHD.jpg
[09:21:19] Picture infomations saved to  global/en-IN/README.md
[09:21:19] Picture infomations saved to global/en-IN/history/2024/02/07_en-IN.md
[09:21:19] Start geting global Bing Wallpaper, region=pt-BR, local time is 2024-02-07 06:21:19.599263-03:00
[09:21:19] Successful get url: https://www.bing.com/th?id=OHR.PovosIndigenas_PT-BR6197320294_UHD.jpg
[09:21:19] Picture infomations saved to  global/pt-BR/README.md
[09:21:19] Picture infomations saved to global/pt-BR/history/2024/02/08_pt-BR.md
[09:21:19] Start geting global Bing Wallpaper, region=fr-FR, local time is 2024-02-07 10:21:19.768643+01:00
[09:21:19] Successful get url: https://www.bing.com/th?id=OHR.StJamesPool_FR-FR6584771825_UHD.jpg
[09:21:19] Picture infomations saved to  global/fr-FR/README.md
[09:21:19] Picture infomations saved to global/fr-FR/history/2024/02/07_fr-FR.md
[09:21:19] Start geting global Bing Wallpaper, region=de-DE, local time is 2024-02-07 10:21:19.919076+01:00
[09:21:19] Successful get url: https://www.bing.com/th?id=OHR.StJamesPool_DE-DE1729086692_UHD.jpg
[09:21:20] Picture infomations saved to  global/de-DE/README.md
[09:21:20] Picture infomations saved to global/de-DE/history/2024/02/07_de-DE.md
[09:21:20] Start geting global Bing Wallpaper, region=en-CA, local time is 2024-02-07 04:21:20.085689-05:00
[09:21:20] Successful get url: https://www.bing.com/th?id=OHR.StJamesPool_EN-CA4005235851_UHD.jpg
[09:21:20] Picture infomations saved to  global/en-CA/README.md
[09:21:20] Picture infomations saved to global/en-CA/history/2024/02/08_en-CA.md
[09:21:20] Start geting global Bing Wallpaper, region=en-GB, local time is 2024-02-07 09:21:20.226449+00:00
[09:21:20] Successful get url: https://www.bing.com/th?id=OHR.StJamesPool_EN-GB2890656111_UHD.jpg
[09:21:20] Picture infomations saved to  global/en-GB/README.md
[09:21:20] Picture infomations saved to global/en-GB/history/2024/02/08_en-GB.md
[09:21:20] Start geting global Bing Wallpaper, region=it-IT, local time is 2024-02-07 10:21:20.393425+01:00
[09:21:20] Successful get url: https://www.bing.com/th?id=OHR.StJamesPool_IT-IT1919954550_UHD.jpg
[09:21:20] Picture infomations saved to  global/it-IT/README.md
[09:21:20] Picture infomations saved to global/it-IT/history/2024/02/07_it-IT.md
[09:21:20] Start geting global Bing Wallpaper, region=es-ES, local time is 2024-02-07 10:21:20.541429+01:00
[09:21:20] Successful get url: https://www.bing.com/th?id=OHR.StJamesPool_ES-ES0103959547_UHD.jpg
[09:21:20] Picture infomations saved to  global/es-ES/README.md
[09:21:20] Picture infomations saved to global/es-ES/history/2024/02/07_es-ES.md
[09:21:20] Start geting global Bing Wallpaper, region=fr-CA, local time is 2024-02-07 04:21:20.686095-05:00
[09:21:20] Successful get url: https://www.bing.com/th?id=OHR.StJamesPool_FR-CA1459733898_UHD.jpg
[09:21:20] Picture infomations saved to  global/fr-CA/README.md
[09:21:20] Picture infomations saved to global/fr-CA/history/2024/02/08_fr-CA.md
Program exit at 09:21:20
