
Program started at 09:21:51
Operating System Name: Linux
Operating System Version: #19~22.04.1-Ubuntu SMP Wed Jan 10 22:57:03 UTC 2024
System Architecture: ('64bit', 'ELF')
Computer Type: x86_64
Computer Name: fv-az523-38
Processor Type: x86_64
Python Version: 3.12.2
Python Interpreter Name: CPython
[09:21:51] Start geting CN Bing Wallpaper
[09:21:51] Successful get url: https://www.bing.com/th?id=OHR.PolarBearCubs_ZH-CN2913942257_UHD.jpg
[09:21:51] Image saved to img/background.jpg
[09:21:51] Info saved to README.md
[09:21:51] Image saved to history/2024/02/27.md
[09:21:51] Start geting global Bing Wallpaper, region=en-US, local time is 2024-02-27 04:21:51.255109-05:00
[09:21:51] Successful get url: https://www.bing.com/th?id=OHR.PolarBearCubs_EN-US3160537454_UHD.jpg
[09:21:51] Picture infomations saved to  global/en-US/README.md
[09:21:51] Picture infomations saved to global/en-US/history/2024/02/28_en-US.md
[09:21:51] Start geting global Bing Wallpaper, region=ja-JP, local time is 2024-02-27 18:21:51.461255+09:00
[09:21:51] Successful get url: https://www.bing.com/th?id=OHR.PolarBearCubs_JA-JP0012953029_UHD.jpg
[09:21:51] Picture infomations saved to  global/ja-JP/README.md
[09:21:51] Picture infomations saved to global/ja-JP/history/2024/02/27_ja-JP.md
[09:21:51] Start geting global Bing Wallpaper, region=en-IN, local time is 2024-02-27 14:51:51.682274+05:30
[09:21:51] Successful get url: https://www.bing.com/th?id=OHR.PolarBearCubs_EN-IN7268694911_UHD.jpg
[09:21:51] Picture infomations saved to  global/en-IN/README.md
[09:21:51] Picture infomations saved to global/en-IN/history/2024/02/27_en-IN.md
[09:21:51] Start geting global Bing Wallpaper, region=pt-BR, local time is 2024-02-27 06:21:51.884301-03:00
[09:21:51] Successful get url: https://www.bing.com/th?id=OHR.PolarBearCubs_PT-BR0512178061_UHD.jpg
[09:21:52] Picture infomations saved to  global/pt-BR/README.md
[09:21:52] Picture infomations saved to global/pt-BR/history/2024/02/28_pt-BR.md
[09:21:52] Start geting global Bing Wallpaper, region=fr-FR, local time is 2024-02-27 10:21:52.120302+01:00
[09:21:52] Successful get url: https://www.bing.com/th?id=OHR.PolarBearCubs_FR-FR2914859035_UHD.jpg
[09:21:52] Picture infomations saved to  global/fr-FR/README.md
[09:21:52] Picture infomations saved to global/fr-FR/history/2024/02/27_fr-FR.md
[09:21:52] Start geting global Bing Wallpaper, region=de-DE, local time is 2024-02-27 10:21:52.323268+01:00
[09:21:52] Successful get url: https://www.bing.com/th?id=OHR.PolarBearCubs_DE-DE7089509348_UHD.jpg
[09:21:52] Picture infomations saved to  global/de-DE/README.md
[09:21:52] Picture infomations saved to global/de-DE/history/2024/02/27_de-DE.md
[09:21:52] Start geting global Bing Wallpaper, region=en-CA, local time is 2024-02-27 04:21:52.541872-05:00
[09:21:52] Successful get url: https://www.bing.com/th?id=OHR.PolarBearCubs_EN-CA5276612628_UHD.jpg
[09:21:52] Picture infomations saved to  global/en-CA/README.md
[09:21:52] Picture infomations saved to global/en-CA/history/2024/02/28_en-CA.md
[09:21:52] Start geting global Bing Wallpaper, region=en-GB, local time is 2024-02-27 09:21:52.726696+00:00
[09:21:52] Successful get url: https://www.bing.com/th?id=OHR.PolarBearCubs_EN-GB3190423564_UHD.jpg
[09:21:52] Picture infomations saved to  global/en-GB/README.md
[09:21:52] Picture infomations saved to global/en-GB/history/2024/02/28_en-GB.md
[09:21:52] Start geting global Bing Wallpaper, region=it-IT, local time is 2024-02-27 10:21:52.946672+01:00
[09:21:53] Successful get url: https://www.bing.com/th?id=OHR.PolarBearCubs_IT-IT9998741209_UHD.jpg
[09:21:53] Picture infomations saved to  global/it-IT/README.md
[09:21:53] Picture infomations saved to global/it-IT/history/2024/02/27_it-IT.md
[09:21:53] Start geting global Bing Wallpaper, region=es-ES, local time is 2024-02-27 10:21:53.135238+01:00
[09:21:53] Successful get url: https://www.bing.com/th?id=OHR.PolarBearCubs_ES-ES1868103985_UHD.jpg
[09:21:53] Picture infomations saved to  global/es-ES/README.md
[09:21:53] Picture infomations saved to global/es-ES/history/2024/02/27_es-ES.md
[09:21:53] Start geting global Bing Wallpaper, region=fr-CA, local time is 2024-02-27 04:21:53.339178-05:00
[09:21:53] Successful get url: https://www.bing.com/th?id=OHR.PolarBearCubs_FR-CA0127528639_UHD.jpg
[09:21:53] Picture infomations saved to  global/fr-CA/README.md
[09:21:53] Picture infomations saved to global/fr-CA/history/2024/02/28_fr-CA.md
Program exit at 09:21:53

Program started at 16:12:21
Operating System Name: Linux
Operating System Version: #19~22.04.1-Ubuntu SMP Wed Jan 10 22:57:03 UTC 2024
System Architecture: ('64bit', 'ELF')
Computer Type: x86_64
Computer Name: fv-az1456-225
Processor Type: x86_64
Python Version: 3.12.2
Python Interpreter Name: CPython
[16:12:21] Start geting CN Bing Wallpaper
[16:12:21] Successful get url: https://www.bing.com/th?id=OHR.BamburghCastleUK_ZH-CN3201531782_UHD.jpg
[16:12:22] Image saved to img/background.jpg
[16:12:22] Info saved to README.md
[16:12:22] Image saved to history/2024/02/28.md
[16:12:22] Start geting global Bing Wallpaper, region=en-US, local time is 2024-02-27 11:12:22.072189-05:00
[16:12:22] Successful get url: https://www.bing.com/th?id=OHR.PolarBearCubs_EN-US3160537454_UHD.jpg
[16:12:22] Picture infomations saved to  global/en-US/README.md
[16:12:22] Picture infomations saved to global/en-US/history/2024/02/28_en-US.md
[16:12:22] Start geting global Bing Wallpaper, region=ja-JP, local time is 2024-02-28 01:12:22.775502+09:00
[16:12:22] Successful get url: https://www.bing.com/th?id=OHR.BamburghCastleUK_JA-JP0209461050_UHD.jpg
[16:12:23] Picture infomations saved to  global/ja-JP/README.md
[16:12:23] Picture infomations saved to global/ja-JP/history/2024/02/28_ja-JP.md
[16:12:23] Start geting global Bing Wallpaper, region=en-IN, local time is 2024-02-27 21:42:23.373395+05:30
[16:12:23] Successful get url: https://www.bing.com/th?id=OHR.PolarBearCubs_EN-IN7268694911_UHD.jpg
[16:12:24] Picture infomations saved to  global/en-IN/README.md
[16:12:24] Picture infomations saved to global/en-IN/history/2024/02/27_en-IN.md
[16:12:24] Start geting global Bing Wallpaper, region=pt-BR, local time is 2024-02-27 13:12:24.032709-03:00
[16:12:24] Successful get url: https://www.bing.com/th?id=OHR.PolarBearCubs_PT-BR0512178061_UHD.jpg
[16:12:24] Picture infomations saved to  global/pt-BR/README.md
[16:12:24] Picture infomations saved to global/pt-BR/history/2024/02/28_pt-BR.md
[16:12:24] Start geting global Bing Wallpaper, region=fr-FR, local time is 2024-02-27 17:12:24.610253+01:00
[16:12:24] Successful get url: https://www.bing.com/th?id=OHR.PolarBearCubs_FR-FR2914859035_UHD.jpg
[16:12:25] Picture infomations saved to  global/fr-FR/README.md
[16:12:25] Picture infomations saved to global/fr-FR/history/2024/02/27_fr-FR.md
[16:12:25] Start geting global Bing Wallpaper, region=de-DE, local time is 2024-02-27 17:12:25.188047+01:00
[16:12:25] Successful get url: https://www.bing.com/th?id=OHR.PolarBearCubs_DE-DE7089509348_UHD.jpg
[16:12:25] Picture infomations saved to  global/de-DE/README.md
[16:12:25] Picture infomations saved to global/de-DE/history/2024/02/27_de-DE.md
[16:12:25] Start geting global Bing Wallpaper, region=en-CA, local time is 2024-02-27 11:12:25.839896-05:00
[16:12:25] Successful get url: https://www.bing.com/th?id=OHR.PolarBearCubs_EN-CA5276612628_UHD.jpg
[16:12:26] Picture infomations saved to  global/en-CA/README.md
[16:12:26] Picture infomations saved to global/en-CA/history/2024/02/28_en-CA.md
[16:12:26] Start geting global Bing Wallpaper, region=en-GB, local time is 2024-02-27 16:12:26.449661+00:00
[16:12:26] Successful get url: https://www.bing.com/th?id=OHR.PolarBearCubs_EN-GB3190423564_UHD.jpg
[16:12:27] Picture infomations saved to  global/en-GB/README.md
[16:12:27] Picture infomations saved to global/en-GB/history/2024/02/28_en-GB.md
[16:12:27] Start geting global Bing Wallpaper, region=it-IT, local time is 2024-02-27 17:12:27.050004+01:00
[16:12:27] Successful get url: https://www.bing.com/th?id=OHR.PolarBearCubs_IT-IT9998741209_UHD.jpg
[16:12:27] Picture infomations saved to  global/it-IT/README.md
[16:12:27] Picture infomations saved to global/it-IT/history/2024/02/27_it-IT.md
[16:12:27] Start geting global Bing Wallpaper, region=es-ES, local time is 2024-02-27 17:12:27.707153+01:00
[16:12:27] Successful get url: https://www.bing.com/th?id=OHR.PolarBearCubs_ES-ES1868103985_UHD.jpg
[16:12:28] Picture infomations saved to  global/es-ES/README.md
[16:12:28] Picture infomations saved to global/es-ES/history/2024/02/27_es-ES.md
[16:12:28] Start geting global Bing Wallpaper, region=fr-CA, local time is 2024-02-27 11:12:28.282358-05:00
[16:12:28] Successful get url: https://www.bing.com/th?id=OHR.PolarBearCubs_FR-CA0127528639_UHD.jpg
[16:12:28] Picture infomations saved to  global/fr-CA/README.md
[16:12:28] Picture infomations saved to global/fr-CA/history/2024/02/28_fr-CA.md
Program exit at 16:12:28
